

================================================================
== Vivado HLS Report for 'dense_latency_ap_fixed_ap_fixed_mlp_config_0_0_0_0_0_0'
================================================================
* Date:           Mon May  2 07:17:20 2022

* Version:        2019.2 (Build 2704478 on Wed Nov 06 22:10:23 MST 2019)
* Project:        myproject_prj
* Solution:       solution1
* Product family: virtexuplus
* Target device:  xcu250-figd2104-2L-e


================================================================
== Performance Estimates
================================================================
+ Timing: 
    * Summary: 
    +--------+---------+----------+------------+
    |  Clock |  Target | Estimated| Uncertainty|
    +--------+---------+----------+------------+
    |ap_clk  | 5.00 ns | 3.833 ns |   0.62 ns  |
    +--------+---------+----------+------------+

+ Latency: 
    * Summary: 
    +---------+---------+----------+----------+-----+-----+----------+
    |  Latency (cycles) |  Latency (absolute) |  Interval | Pipeline |
    |   min   |   max   |    min   |    max   | min | max |   Type   |
    +---------+---------+----------+----------+-----+-----+----------+
    |        1|        1| 5.000 ns | 5.000 ns |    1|    1| function |
    +---------+---------+----------+----------+-----+-----+----------+

    + Detail: 
        * Instance: 
        N/A

        * Loop: 
        N/A



================================================================
== Utilization Estimates
================================================================
* Summary: 
+---------------------+---------+-------+---------+---------+------+
|         Name        | BRAM_18K| DSP48E|    FF   |   LUT   | URAM |
+---------------------+---------+-------+---------+---------+------+
|DSP                  |        -|      -|        -|        -|     -|
|Expression           |        -|    160|        0|     3668|     -|
|FIFO                 |        -|      -|        -|        -|     -|
|Instance             |        -|      -|        -|        -|     -|
|Memory               |        -|      -|        -|        -|     -|
|Multiplexer          |        -|      -|        -|       45|     -|
|Register             |        -|      -|     1991|        -|     -|
+---------------------+---------+-------+---------+---------+------+
|Total                |        0|    160|     1991|     3713|     0|
+---------------------+---------+-------+---------+---------+------+
|Available SLR        |     1344|   3072|   864000|   432000|   320|
+---------------------+---------+-------+---------+---------+------+
|Utilization SLR (%)  |        0|      5|    ~0   |    ~0   |     0|
+---------------------+---------+-------+---------+---------+------+
|Available            |     5376|  12288|  3456000|  1728000|  1280|
+---------------------+---------+-------+---------+---------+------+
|Utilization (%)      |        0|      1|    ~0   |    ~0   |     0|
+---------------------+---------+-------+---------+---------+------+

+ Detail: 
    * Instance: 
    N/A

    * DSP48E: 
    N/A

    * Memory: 
    N/A

    * FIFO: 
    N/A

    * Expression: 
    +----------------------------+----------+-------+---+----+------------+------------+
    |        Variable Name       | Operation| DSP48E| FF| LUT| Bitwidth P0| Bitwidth P1|
    +----------------------------+----------+-------+---+----+------------+------------+
    |mul_ln1118_1024_fu_395_p2   |     *    |      2|  0|  23|          35|          18|
    |mul_ln1118_1025_fu_411_p2   |     *    |      2|  0|  23|          35|          15|
    |mul_ln1118_1026_fu_397_p2   |     *    |      2|  0|  23|          35|          17|
    |mul_ln1118_1027_fu_398_p2   |     *    |      2|  0|  23|          35|          19|
    |mul_ln1118_1028_fu_418_p2   |     *    |      2|  0|  23|          35|          20|
    |mul_ln1118_1029_fu_425_p2   |     *    |      2|  0|  23|          35|          20|
    |mul_ln1118_1030_fu_401_p2   |     *    |      2|  0|  23|          35|          20|
    |mul_ln1118_1031_fu_368_p2   |     *    |      2|  0|  23|          35|          19|
    |mul_ln1118_1032_fu_376_p2   |     *    |      2|  0|  23|          35|          19|
    |mul_ln1118_1033_fu_369_p2   |     *    |      2|  0|  23|          35|          18|
    |mul_ln1118_1034_fu_351_p2   |     *    |      2|  0|  23|          35|          19|
    |mul_ln1118_1035_fu_352_p2   |     *    |      2|  0|  23|          35|          18|
    |mul_ln1118_1036_fu_408_p2   |     *    |      2|  0|  23|          35|          18|
    |mul_ln1118_1037_fu_354_p2   |     *    |      2|  0|  23|          35|          14|
    |mul_ln1118_1038_fu_382_p2   |     *    |      2|  0|  23|          35|          14|
    |mul_ln1118_1039_fu_375_p2   |     *    |      2|  0|  23|          35|          15|
    |mul_ln1118_1040_fu_384_p2   |     *    |      2|  0|  23|          35|          15|
    |mul_ln1118_1041_fu_412_p2   |     *    |      2|  0|  23|          35|          20|
    |mul_ln1118_1042_fu_391_p2   |     *    |      2|  0|  23|          35|          19|
    |mul_ln1118_1043_fu_387_p2   |     *    |      2|  0|  23|          35|          20|
    |mul_ln1118_1044_fu_361_p2   |     *    |      2|  0|  23|          35|          17|
    |mul_ln1118_1045_fu_362_p2   |     *    |      2|  0|  23|          35|          18|
    |mul_ln1118_1046_fu_366_p2   |     *    |      2|  0|  23|          35|          19|
    |mul_ln1118_1047_fu_383_p2   |     *    |      2|  0|  23|          35|          19|
    |mul_ln1118_1048_fu_377_p2   |     *    |      2|  0|  23|          35|          19|
    |mul_ln1118_1049_fu_350_p2   |     *    |      2|  0|  23|          35|          18|
    |mul_ln1118_1050_fu_386_p2   |     *    |      2|  0|  23|          35|          18|
    |mul_ln1118_1051_fu_414_p2   |     *    |      2|  0|  23|          35|          16|
    |mul_ln1118_1052_fu_415_p2   |     *    |      2|  0|  23|          35|          20|
    |mul_ln1118_1053_fu_388_p2   |     *    |      2|  0|  23|          35|          19|
    |mul_ln1118_1054_fu_390_p2   |     *    |      2|  0|  23|          35|          15|
    |mul_ln1118_1055_fu_364_p2   |     *    |      2|  0|  23|          35|          18|
    |mul_ln1118_1056_fu_365_p2   |     *    |      2|  0|  23|          35|          20|
    |mul_ln1118_1057_fu_399_p2   |     *    |      2|  0|  23|          35|          20|
    |mul_ln1118_1058_fu_367_p2   |     *    |      2|  0|  23|          35|          19|
    |mul_ln1118_1059_fu_400_p2   |     *    |      2|  0|  23|          35|          18|
    |mul_ln1118_1060_fu_396_p2   |     *    |      2|  0|  23|          35|          19|
    |mul_ln1118_1061_fu_389_p2   |     *    |      2|  0|  23|          35|          19|
    |mul_ln1118_1062_fu_371_p2   |     *    |      2|  0|  23|          35|          19|
    |mul_ln1118_1063_fu_372_p2   |     *    |      2|  0|  23|          35|          19|
    |mul_ln1118_1064_fu_417_p2   |     *    |      2|  0|  23|          35|          19|
    |mul_ln1118_1065_fu_374_p2   |     *    |      2|  0|  23|          35|          19|
    |mul_ln1118_1066_fu_348_p2   |     *    |      2|  0|  23|          35|          16|
    |mul_ln1118_1067_fu_349_p2   |     *    |      2|  0|  23|          35|          20|
    |mul_ln1118_1068_fu_404_p2   |     *    |      2|  0|  23|          35|          19|
    |mul_ln1118_1069_fu_419_p2   |     *    |      2|  0|  23|          35|          18|
    |mul_ln1118_1070_fu_394_p2   |     *    |      2|  0|  23|          35|          16|
    |mul_ln1118_1071_fu_353_p2   |     *    |      2|  0|  23|          35|          18|
    |mul_ln1118_1072_fu_381_p2   |     *    |      2|  0|  23|          35|          17|
    |mul_ln1118_1073_fu_409_p2   |     *    |      2|  0|  23|          35|          17|
    |mul_ln1118_1074_fu_410_p2   |     *    |      2|  0|  23|          35|          16|
    |mul_ln1118_1075_fu_379_p2   |     *    |      2|  0|  23|          35|          20|
    |mul_ln1118_1076_fu_423_p2   |     *    |      2|  0|  23|          35|          20|
    |mul_ln1118_1077_fu_413_p2   |     *    |      2|  0|  23|          35|          19|
    |mul_ln1118_1078_fu_427_p2   |     *    |      2|  0|  23|          35|          18|
    |mul_ln1118_1079_fu_380_p2   |     *    |      2|  0|  23|          35|          17|
    |mul_ln1118_1080_fu_416_p2   |     *    |      2|  0|  23|          35|          19|
    |mul_ln1118_1081_fu_420_p2   |     *    |      2|  0|  23|          35|          19|
    |mul_ln1118_1082_fu_378_p2   |     *    |      2|  0|  23|          35|          18|
    |mul_ln1118_1083_fu_406_p2   |     *    |      2|  0|  23|          35|          17|
    |mul_ln1118_1084_fu_393_p2   |     *    |      2|  0|  23|          35|          19|
    |mul_ln1118_1085_fu_421_p2   |     *    |      2|  0|  23|          35|          18|
    |mul_ln1118_1086_fu_360_p2   |     *    |      2|  0|  23|          35|          19|
    |mul_ln1118_1087_fu_424_p2   |     *    |      2|  0|  23|          35|          19|
    |mul_ln1118_1088_fu_370_p2   |     *    |      2|  0|  23|          35|          19|
    |mul_ln1118_1089_fu_363_p2   |     *    |      2|  0|  23|          35|          18|
    |mul_ln1118_1090_fu_426_p2   |     *    |      2|  0|  23|          35|          19|
    |mul_ln1118_1091_fu_392_p2   |     *    |      2|  0|  23|          35|          17|
    |mul_ln1118_1092_fu_385_p2   |     *    |      2|  0|  23|          35|          19|
    |mul_ln1118_1093_fu_402_p2   |     *    |      2|  0|  23|          35|          19|
    |mul_ln1118_1094_fu_403_p2   |     *    |      2|  0|  23|          35|          16|
    |mul_ln1118_1095_fu_358_p2   |     *    |      2|  0|  23|          35|          20|
    |mul_ln1118_1096_fu_405_p2   |     *    |      2|  0|  23|          35|          17|
    |mul_ln1118_1097_fu_422_p2   |     *    |      2|  0|  23|          35|          18|
    |mul_ln1118_1098_fu_407_p2   |     *    |      2|  0|  23|          35|          18|
    |mul_ln1118_1099_fu_373_p2   |     *    |      2|  0|  23|          35|          17|
    |mul_ln1118_1100_fu_355_p2   |     *    |      2|  0|  23|          35|          18|
    |mul_ln1118_1101_fu_356_p2   |     *    |      2|  0|  23|          35|          19|
    |mul_ln1118_1102_fu_357_p2   |     *    |      2|  0|  23|          35|          19|
    |mul_ln1118_fu_359_p2        |     *    |      2|  0|  23|          35|          18|
    |acc_1_V_fu_28259_p2         |     +    |      0|  0|  16|          35|          35|
    |acc_2_V_fu_28340_p2         |     +    |      0|  0|  16|          35|          35|
    |acc_3_V_fu_28400_p2         |     +    |      0|  0|  16|          35|          35|
    |acc_4_V_fu_28465_p2         |     +    |      0|  0|  16|          35|          35|
    |add_ln703_1038_fu_27861_p2  |     +    |      0|  0|  33|          33|          33|
    |add_ln703_1039_fu_28122_p2  |     +    |      0|  0|  16|          35|          35|
    |add_ln703_1040_fu_27867_p2  |     +    |      0|  0|  35|          35|          35|
    |add_ln703_1041_fu_27873_p2  |     +    |      0|  0|  35|          35|          35|
    |add_ln703_1042_fu_28128_p2  |     +    |      0|  0|  16|          35|          35|
    |add_ln703_1043_fu_28132_p2  |     +    |      0|  0|  16|          35|          35|
    |add_ln703_1044_fu_28138_p2  |     +    |      0|  0|  16|          35|          35|
    |add_ln703_1045_fu_27879_p2  |     +    |      0|  0|  34|          34|          34|
    |add_ln703_1046_fu_28147_p2  |     +    |      0|  0|  16|          35|          35|
    |add_ln703_1047_fu_27885_p2  |     +    |      0|  0|  34|          34|          34|
    |add_ln703_1048_fu_28156_p2  |     +    |      0|  0|  33|          33|          16|
    |add_ln703_1049_fu_28166_p2  |     +    |      0|  0|  34|          34|          34|
    |add_ln703_1050_fu_28176_p2  |     +    |      0|  0|  35|          35|          35|
    |add_ln703_1051_fu_28182_p2  |     +    |      0|  0|  16|          35|          35|
    |add_ln703_1052_fu_28188_p2  |     +    |      0|  0|  16|          35|          35|
    |add_ln703_1053_fu_27891_p2  |     +    |      0|  0|  35|          35|          35|
    |add_ln703_1054_fu_27897_p2  |     +    |      0|  0|  35|          35|          35|
    |add_ln703_1055_fu_28194_p2  |     +    |      0|  0|  16|          35|          35|
    |add_ln703_1056_fu_28198_p2  |     +    |      0|  0|  16|          34|          34|
    |add_ln703_1057_fu_27903_p2  |     +    |      0|  0|  33|          33|          33|
    |add_ln703_1058_fu_28207_p2  |     +    |      0|  0|  16|          34|          34|
    |add_ln703_1059_fu_28217_p2  |     +    |      0|  0|  16|          35|          35|
    |add_ln703_1060_fu_28223_p2  |     +    |      0|  0|  16|          35|          35|
    |add_ln703_1061_fu_27909_p2  |     +    |      0|  0|  33|          33|          33|
    |add_ln703_1062_fu_28232_p2  |     +    |      0|  0|  16|          35|          35|
    |add_ln703_1063_fu_28238_p2  |     +    |      0|  0|  16|          35|          35|
    |add_ln703_1064_fu_27915_p2  |     +    |      0|  0|  16|          33|          18|
    |add_ln703_1065_fu_27921_p2  |     +    |      0|  0|  16|          33|          33|
    |add_ln703_1066_fu_28247_p2  |     +    |      0|  0|  16|          35|          35|
    |add_ln703_1067_fu_28253_p2  |     +    |      0|  0|  16|          35|          35|
    |add_ln703_1069_fu_28265_p2  |     +    |      0|  0|  16|          35|          35|
    |add_ln703_1070_fu_27927_p2  |     +    |      0|  0|  33|          33|          33|
    |add_ln703_1071_fu_28274_p2  |     +    |      0|  0|  16|          35|          35|
    |add_ln703_1072_fu_27933_p2  |     +    |      0|  0|  34|          34|          34|
    |add_ln703_1073_fu_27939_p2  |     +    |      0|  0|  35|          35|          35|
    |add_ln703_1074_fu_28283_p2  |     +    |      0|  0|  16|          35|          35|
    |add_ln703_1075_fu_28288_p2  |     +    |      0|  0|  16|          35|          35|
    |add_ln703_1076_fu_27945_p2  |     +    |      0|  0|  34|          34|          34|
    |add_ln703_1077_fu_28297_p2  |     +    |      0|  0|  16|          35|          35|
    |add_ln703_1078_fu_28303_p2  |     +    |      0|  0|  16|          35|          35|
    |add_ln703_1079_fu_27951_p2  |     +    |      0|  0|  34|          34|          34|
    |add_ln703_1080_fu_28312_p2  |     +    |      0|  0|  33|          33|          19|
    |add_ln703_1081_fu_28322_p2  |     +    |      0|  0|  16|          35|          35|
    |add_ln703_1082_fu_28328_p2  |     +    |      0|  0|  16|          35|          35|
    |add_ln703_1083_fu_28334_p2  |     +    |      0|  0|  16|          35|          35|
    |add_ln703_1085_fu_27957_p2  |     +    |      0|  0|  35|          35|          35|
    |add_ln703_1086_fu_28346_p2  |     +    |      0|  0|  16|          35|          35|
    |add_ln703_1087_fu_28352_p2  |     +    |      0|  0|  16|          35|          35|
    |add_ln703_1088_fu_27963_p2  |     +    |      0|  0|  35|          35|          35|
    |add_ln703_1089_fu_27969_p2  |     +    |      0|  0|  35|          35|          35|
    |add_ln703_1090_fu_28357_p2  |     +    |      0|  0|  16|          35|          35|
    |add_ln703_1091_fu_28361_p2  |     +    |      0|  0|  16|          35|          35|
    |add_ln703_1092_fu_27975_p2  |     +    |      0|  0|  33|          33|          33|
    |add_ln703_1093_fu_28370_p2  |     +    |      0|  0|  16|          35|          35|
    |add_ln703_1094_fu_28376_p2  |     +    |      0|  0|  16|          35|          35|
    |add_ln703_1095_fu_27981_p2  |     +    |      0|  0|  34|          34|          34|
    |add_ln703_1096_fu_27987_p2  |     +    |      0|  0|  16|          34|          18|
    |add_ln703_1097_fu_27993_p2  |     +    |      0|  0|  16|          34|          34|
    |add_ln703_1098_fu_28388_p2  |     +    |      0|  0|  35|          35|          35|
    |add_ln703_1099_fu_28394_p2  |     +    |      0|  0|  16|          35|          35|
    |add_ln703_1101_fu_27999_p2  |     +    |      0|  0|  35|          35|          35|
    |add_ln703_1102_fu_28406_p2  |     +    |      0|  0|  16|          35|          35|
    |add_ln703_1103_fu_28412_p2  |     +    |      0|  0|  16|          35|          35|
    |add_ln703_1104_fu_28005_p2  |     +    |      0|  0|  35|          35|          35|
    |add_ln703_1105_fu_28011_p2  |     +    |      0|  0|  35|          35|          35|
    |add_ln703_1106_fu_28417_p2  |     +    |      0|  0|  16|          35|          35|
    |add_ln703_1107_fu_28421_p2  |     +    |      0|  0|  16|          35|          35|
    |add_ln703_1108_fu_28017_p2  |     +    |      0|  0|  35|          35|          35|
    |add_ln703_1109_fu_28427_p2  |     +    |      0|  0|  16|          35|          35|
    |add_ln703_1110_fu_28433_p2  |     +    |      0|  0|  16|          35|          35|
    |add_ln703_1111_fu_28023_p2  |     +    |      0|  0|  35|          35|          35|
    |add_ln703_1112_fu_28438_p2  |     +    |      0|  0|  34|          34|          18|
    |add_ln703_1113_fu_28448_p2  |     +    |      0|  0|  16|          35|          35|
    |add_ln703_1114_fu_28454_p2  |     +    |      0|  0|  16|          35|          35|
    |add_ln703_1115_fu_28459_p2  |     +    |      0|  0|  16|          35|          35|
    |add_ln703_fu_28113_p2       |     +    |      0|  0|  16|          35|          35|
    +----------------------------+----------+-------+---+----+------------+------------+
    |Total                       |          |    160|  0|3668|        5570|        4146|
    +----------------------------+----------+-------+---+----+------------+------------+

    * Multiplexer: 
    +-------------+----+-----------+-----+-----------+
    |     Name    | LUT| Input Size| Bits| Total Bits|
    +-------------+----+-----------+-----+-----------+
    |ap_return_0  |   9|          2|   35|         70|
    |ap_return_1  |   9|          2|   35|         70|
    |ap_return_2  |   9|          2|   35|         70|
    |ap_return_3  |   9|          2|   35|         70|
    |ap_return_4  |   9|          2|   35|         70|
    +-------------+----+-----------+-----+-----------+
    |Total        |  45|         10|  175|        350|
    +-------------+----+-----------+-----+-----------+

    * Register: 
    +---------------------------+----+----+-----+-----------+
    |            Name           | FF | LUT| Bits| Const Bits|
    +---------------------------+----+----+-----+-----------+
    |add_ln703_1038_reg_28641   |  33|   0|   33|          0|
    |add_ln703_1040_reg_28646   |  35|   0|   35|          0|
    |add_ln703_1041_reg_28651   |  35|   0|   35|          0|
    |add_ln703_1045_reg_28656   |  34|   0|   34|          0|
    |add_ln703_1047_reg_28661   |  34|   0|   34|          0|
    |add_ln703_1053_reg_28666   |  35|   0|   35|          0|
    |add_ln703_1054_reg_28671   |  35|   0|   35|          0|
    |add_ln703_1057_reg_28676   |  33|   0|   33|          0|
    |add_ln703_1061_reg_28681   |  33|   0|   33|          0|
    |add_ln703_1065_reg_28686   |  33|   0|   33|          0|
    |add_ln703_1070_reg_28691   |  33|   0|   33|          0|
    |add_ln703_1072_reg_28696   |  34|   0|   34|          0|
    |add_ln703_1073_reg_28701   |  35|   0|   35|          0|
    |add_ln703_1076_reg_28706   |  34|   0|   34|          0|
    |add_ln703_1079_reg_28711   |  34|   0|   34|          0|
    |add_ln703_1085_reg_28716   |  35|   0|   35|          0|
    |add_ln703_1088_reg_28721   |  35|   0|   35|          0|
    |add_ln703_1089_reg_28726   |  35|   0|   35|          0|
    |add_ln703_1092_reg_28731   |  33|   0|   33|          0|
    |add_ln703_1095_reg_28736   |  34|   0|   34|          0|
    |add_ln703_1097_reg_28741   |  34|   0|   34|          0|
    |add_ln703_1101_reg_28746   |  35|   0|   35|          0|
    |add_ln703_1104_reg_28751   |  35|   0|   35|          0|
    |add_ln703_1105_reg_28756   |  35|   0|   35|          0|
    |add_ln703_1108_reg_28761   |  35|   0|   35|          0|
    |add_ln703_1111_reg_28766   |  35|   0|   35|          0|
    |ap_ce_reg                  |   1|   0|    1|          0|
    |ap_return_0_int_reg        |  35|   0|   35|          0|
    |ap_return_1_int_reg        |  35|   0|   35|          0|
    |ap_return_2_int_reg        |  35|   0|   35|          0|
    |ap_return_3_int_reg        |  35|   0|   35|          0|
    |ap_return_4_int_reg        |  35|   0|   35|          0|
    |tmp_885_reg_28541          |  31|   0|   31|          0|
    |tmp_887_reg_28546          |  33|   0|   33|          0|
    |tmp_905_reg_28611          |  33|   0|   33|          0|
    |tmp_908_reg_28626          |  32|   0|   32|          0|
    |tmp_910_reg_28631          |  32|   0|   32|          0|
    |tmp_912_reg_28636          |  33|   0|   33|          0|
    |trunc_ln708_590_reg_28506  |  31|   0|   31|          0|
    |trunc_ln708_593_reg_28511  |  34|   0|   34|          0|
    |trunc_ln708_595_reg_28516  |  34|   0|   34|          0|
    |trunc_ln708_599_reg_28521  |  33|   0|   33|          0|
    |trunc_ln708_600_reg_28526  |  29|   0|   29|          0|
    |trunc_ln708_602_reg_28531  |  34|   0|   34|          0|
    |trunc_ln708_603_reg_28536  |  34|   0|   34|          0|
    |trunc_ln708_618_reg_28551  |  34|   0|   34|          0|
    |trunc_ln708_619_reg_28556  |  34|   0|   34|          0|
    |trunc_ln708_621_reg_28561  |  33|   0|   33|          0|
    |trunc_ln708_622_reg_28566  |  33|   0|   33|          0|
    |trunc_ln708_624_reg_28571  |  34|   0|   34|          0|
    |trunc_ln708_625_reg_28576  |  34|   0|   34|          0|
    |trunc_ln708_626_reg_28581  |  34|   0|   34|          0|
    |trunc_ln708_627_reg_28586  |  33|   0|   33|          0|
    |trunc_ln708_628_reg_28591  |  34|   0|   34|          0|
    |trunc_ln708_629_reg_28596  |  32|   0|   32|          0|
    |trunc_ln708_630_reg_28601  |  34|   0|   34|          0|
    |trunc_ln708_632_reg_28606  |  33|   0|   33|          0|
    |trunc_ln708_634_reg_28616  |  34|   0|   34|          0|
    |trunc_ln708_635_reg_28621  |  33|   0|   33|          0|
    |trunc_ln_reg_28501         |  32|   0|   32|          0|
    +---------------------------+----+----+-----+-----------+
    |Total                      |1991|   0| 1991|          0|
    +---------------------------+----+----+-----+-----------+



================================================================
== Interface
================================================================
* Summary: 
+----------------+-----+-----+------------+---------------------------------------------------------+--------------+
|    RTL Ports   | Dir | Bits|  Protocol  |                      Source Object                      |    C Type    |
+----------------+-----+-----+------------+---------------------------------------------------------+--------------+
|ap_clk          |  in |    1| ap_ctrl_hs | dense_latency<ap_fixed,ap_fixed,mlp_config>.0.0.0.0.0.0 | return value |
|ap_rst          |  in |    1| ap_ctrl_hs | dense_latency<ap_fixed,ap_fixed,mlp_config>.0.0.0.0.0.0 | return value |
|ap_return_0     | out |   35| ap_ctrl_hs | dense_latency<ap_fixed,ap_fixed,mlp_config>.0.0.0.0.0.0 | return value |
|ap_return_1     | out |   35| ap_ctrl_hs | dense_latency<ap_fixed,ap_fixed,mlp_config>.0.0.0.0.0.0 | return value |
|ap_return_2     | out |   35| ap_ctrl_hs | dense_latency<ap_fixed,ap_fixed,mlp_config>.0.0.0.0.0.0 | return value |
|ap_return_3     | out |   35| ap_ctrl_hs | dense_latency<ap_fixed,ap_fixed,mlp_config>.0.0.0.0.0.0 | return value |
|ap_return_4     | out |   35| ap_ctrl_hs | dense_latency<ap_fixed,ap_fixed,mlp_config>.0.0.0.0.0.0 | return value |
|ap_ce           |  in |    1| ap_ctrl_hs | dense_latency<ap_fixed,ap_fixed,mlp_config>.0.0.0.0.0.0 | return value |
|data_0_V_read   |  in |   35|   ap_none  |                      data_0_V_read                      |    scalar    |
|data_1_V_read   |  in |   35|   ap_none  |                      data_1_V_read                      |    scalar    |
|data_2_V_read   |  in |   35|   ap_none  |                      data_2_V_read                      |    scalar    |
|data_3_V_read   |  in |   35|   ap_none  |                      data_3_V_read                      |    scalar    |
|data_4_V_read   |  in |   35|   ap_none  |                      data_4_V_read                      |    scalar    |
|data_5_V_read   |  in |   35|   ap_none  |                      data_5_V_read                      |    scalar    |
|data_6_V_read   |  in |   35|   ap_none  |                      data_6_V_read                      |    scalar    |
|data_7_V_read   |  in |   35|   ap_none  |                      data_7_V_read                      |    scalar    |
|data_8_V_read   |  in |   35|   ap_none  |                      data_8_V_read                      |    scalar    |
|data_9_V_read   |  in |   35|   ap_none  |                      data_9_V_read                      |    scalar    |
|data_10_V_read  |  in |   35|   ap_none  |                      data_10_V_read                     |    scalar    |
|data_11_V_read  |  in |   35|   ap_none  |                      data_11_V_read                     |    scalar    |
|data_12_V_read  |  in |   35|   ap_none  |                      data_12_V_read                     |    scalar    |
|data_13_V_read  |  in |   35|   ap_none  |                      data_13_V_read                     |    scalar    |
|data_14_V_read  |  in |   35|   ap_none  |                      data_14_V_read                     |    scalar    |
|data_15_V_read  |  in |   35|   ap_none  |                      data_15_V_read                     |    scalar    |
+----------------+-----+-----+------------+---------------------------------------------------------+--------------+

