

================================================================
== Vivado HLS Report for 'init_exp_table_ap_fixed_16_6_5_3_0_softmax_config0_s'
================================================================
* Date:           Wed Apr 20 21:29:35 2022

* Version:        2019.2 (Build 2704478 on Wed Nov 06 22:10:23 MST 2019)
* Project:        myproject_prj
* Solution:       solution1
* Product family: virtexuplus
* Target device:  xcu250-figd2104-2L-e


================================================================
== Performance Estimates
================================================================
+ Timing: 
    * Summary: 
    +--------+---------+----------+------------+
    |  Clock |  Target | Estimated| Uncertainty|
    +--------+---------+----------+------------+
    |ap_clk  | 5.00 ns | 4.157 ns |   0.62 ns  |
    +--------+---------+----------+------------+

+ Latency: 
    * Summary: 
    +---------+---------+----------+----------+--------+--------+---------+
    |  Latency (cycles) |  Latency (absolute) |     Interval    | Pipeline|
    |   min   |   max   |    min   |    max   |   min  |   max  |   Type  |
    +---------+---------+----------+----------+--------+--------+---------+
    |   425985|   425985| 2.130 ms | 2.130 ms |  425985|  425985|   none  |
    +---------+---------+----------+----------+--------+--------+---------+

    + Detail: 
        * Instance: 
        N/A

        * Loop: 
        +----------+---------+---------+----------+-----------+-----------+-------+----------+
        |          |  Latency (cycles) | Iteration|  Initiation Interval  |  Trip |          |
        | Loop Name|   min   |   max   |  Latency |  achieved |   target  | Count | Pipelined|
        +----------+---------+---------+----------+-----------+-----------+-------+----------+
        |- Loop 1  |   425984|   425984|        13|          -|          -|  32768|    no    |
        +----------+---------+---------+----------+-----------+-----------+-------+----------+

============================================================
+ Verbose Summary: Synthesis Manager
============================================================
InlineROM: 1
ExposeGlobal: 0
============================================================
+ Verbose Summary: CDFG Model
============================================================
IsTopModel: 0
ResetActiveHigh: 1
IsCombinational: 0
IsDatapathOnly: 0
HasWiredReturn: 1
HasMFsm: 0
HasVarLatency: 1
IsPipeline: 0
IsRtlPipelined: 0
IsInstanceOverlapped: 0
IsDontTouch: 0
HasImplIP: 0
IsGatedGlobalClock: 0


============================================================
+ Verbose Summary: Schedule
============================================================
* Number of FSM states : 14
* Pipeline : 0
* Dataflow Pipeline: 0

* FSM state transitions: 
1 --> 2 
2 --> 3 
3 --> 4 
4 --> 5 
5 --> 6 
6 --> 7 
7 --> 8 
8 --> 9 
9 --> 10 
10 --> 11 
11 --> 12 
12 --> 13 
13 --> 14 
14 --> 2 

* FSM state operations: 

State 1 <SV = 0> <Delay = 0.60>
ST_1 : Operation 15 [1/1] (0.60ns)   --->   "br label %1" [firmware/nnet_utils/nnet_activation.h:234]   --->   Operation 15 'br' <Predicate = true> <Delay = 0.60>

State 2 <SV = 1> <Delay = 3.99>
ST_2 : Operation 16 [1/1] (0.00ns)   --->   "%i_assign = phi i16 [ 0, %0 ], [ %i, %_ifconv ]"   --->   Operation 16 'phi' 'i_assign' <Predicate = true> <Delay = 0.00>
ST_2 : Operation 17 [1/1] (0.67ns)   --->   "%icmp_ln234 = icmp eq i16 %i_assign, -32768" [firmware/nnet_utils/nnet_activation.h:234]   --->   Operation 17 'icmp' 'icmp_ln234' <Predicate = true> <Delay = 0.67> <Core = "Cmp">   --->   Core 25 'Cmp' <Latency = 0> <II = 1> <Delay = 0.58> <FuncUnit> <Opcode : 'icmp'> <InPorts = 2> <OutPorts = 1>
ST_2 : Operation 18 [1/1] (0.00ns)   --->   "%empty = call i32 (...)* @_ssdm_op_SpecLoopTripCount(i64 32768, i64 32768, i64 32768)"   --->   Operation 18 'speclooptripcount' 'empty' <Predicate = true> <Delay = 0.00>
ST_2 : Operation 19 [1/1] (0.60ns)   --->   "%i = add i16 %i_assign, 1" [firmware/nnet_utils/nnet_activation.h:234]   --->   Operation 19 'add' 'i' <Predicate = true> <Delay = 0.60> <Core = "AddSub">   --->   Core 14 'AddSub' <Latency = 0> <II = 1> <Delay = 0.52> <FuncUnit> <Opcode : 'add' 'sub'> <InPorts = 2> <OutPorts = 1>
ST_2 : Operation 20 [1/1] (0.00ns)   --->   "br i1 %icmp_ln234, label %2, label %_ifconv" [firmware/nnet_utils/nnet_activation.h:234]   --->   Operation 20 'br' <Predicate = true> <Delay = 0.00>
ST_2 : Operation 21 [1/1] (0.00ns)   --->   "%tmp_V_15 = shl i16 %i_assign, 1" [firmware/nnet_utils/nnet_activation.h:216->firmware/nnet_utils/nnet_activation.h:236]   --->   Operation 21 'shl' 'tmp_V_15' <Predicate = (!icmp_ln234)> <Delay = 0.00>
ST_2 : Operation 22 [1/1] (0.67ns)   --->   "%icmp_ln935 = icmp eq i16 %tmp_V_15, 0" [firmware/nnet_utils/nnet_activation.h:219->firmware/nnet_utils/nnet_activation.h:236]   --->   Operation 22 'icmp' 'icmp_ln935' <Predicate = (!icmp_ln234)> <Delay = 0.67> <Core = "Cmp">   --->   Core 25 'Cmp' <Latency = 0> <II = 1> <Delay = 0.58> <FuncUnit> <Opcode : 'icmp'> <InPorts = 2> <OutPorts = 1>
ST_2 : Operation 23 [1/1] (0.00ns)   --->   "%p_Result_44 = call i1 @_ssdm_op_BitSelect.i1.i16.i32(i16 %i_assign, i32 14)" [firmware/nnet_utils/nnet_activation.h:219->firmware/nnet_utils/nnet_activation.h:236]   --->   Operation 23 'bitselect' 'p_Result_44' <Predicate = (!icmp_ln234)> <Delay = 0.00>
ST_2 : Operation 24 [1/1] (0.60ns)   --->   "%tmp_V = sub i16 0, %tmp_V_15" [firmware/nnet_utils/nnet_activation.h:219->firmware/nnet_utils/nnet_activation.h:236]   --->   Operation 24 'sub' 'tmp_V' <Predicate = (!icmp_ln234)> <Delay = 0.60> <Core = "AddSub">   --->   Core 14 'AddSub' <Latency = 0> <II = 1> <Delay = 0.52> <FuncUnit> <Opcode : 'add' 'sub'> <InPorts = 2> <OutPorts = 1>
ST_2 : Operation 25 [1/1] (0.24ns)   --->   "%tmp_V_16 = select i1 %p_Result_44, i16 %tmp_V, i16 %tmp_V_15" [firmware/nnet_utils/nnet_activation.h:219->firmware/nnet_utils/nnet_activation.h:236]   --->   Operation 25 'select' 'tmp_V_16' <Predicate = (!icmp_ln234)> <Delay = 0.24> <Core = "Sel">   --->   Core 26 'Sel' <Latency = 0> <II = 1> <Delay = 0.24> <FuncUnit> <Opcode : 'select'> <InPorts = 3> <OutPorts = 1>
ST_2 : Operation 26 [1/1] (0.00ns)   --->   "%p_Result_s = call i16 @llvm.part.select.i16(i16 %tmp_V_16, i32 15, i32 0) nounwind" [firmware/nnet_utils/nnet_activation.h:219->firmware/nnet_utils/nnet_activation.h:236]   --->   Operation 26 'partselect' 'p_Result_s' <Predicate = (!icmp_ln234)> <Delay = 0.00>
ST_2 : Operation 27 [1/1] (0.00ns)   --->   "%p_Result_45 = call i32 @_ssdm_op_BitConcatenate.i32.i16.i16(i16 -1, i16 %p_Result_s) nounwind" [firmware/nnet_utils/nnet_activation.h:219->firmware/nnet_utils/nnet_activation.h:236]   --->   Operation 27 'bitconcatenate' 'p_Result_45' <Predicate = (!icmp_ln234)> <Delay = 0.00>
ST_2 : Operation 28 [1/1] (0.84ns)   --->   "%l = call i32 @llvm.cttz.i32(i32 %p_Result_45, i1 true) nounwind" [firmware/nnet_utils/nnet_activation.h:219->firmware/nnet_utils/nnet_activation.h:236]   --->   Operation 28 'cttz' 'l' <Predicate = (!icmp_ln234)> <Delay = 0.84> <Core = "CTTZ">   --->   Core 64 'CTTZ' <Latency = 0> <II = 1> <Delay = 0.84> <FuncUnit> <Opcode : 'cttz'> <InPorts = 1> <OutPorts = 1>
ST_2 : Operation 29 [1/1] (0.66ns)   --->   "%sub_ln944 = sub nsw i32 16, %l" [firmware/nnet_utils/nnet_activation.h:219->firmware/nnet_utils/nnet_activation.h:236]   --->   Operation 29 'sub' 'sub_ln944' <Predicate = (!icmp_ln234)> <Delay = 0.66> <Core = "AddSub">   --->   Core 14 'AddSub' <Latency = 0> <II = 1> <Delay = 0.52> <FuncUnit> <Opcode : 'add' 'sub'> <InPorts = 2> <OutPorts = 1>
ST_2 : Operation 30 [1/1] (0.00ns)   --->   "%trunc_ln944 = trunc i32 %sub_ln944 to i16" [firmware/nnet_utils/nnet_activation.h:219->firmware/nnet_utils/nnet_activation.h:236]   --->   Operation 30 'trunc' 'trunc_ln944' <Predicate = (!icmp_ln234)> <Delay = 0.00>
ST_2 : Operation 31 [1/1] (0.66ns)   --->   "%lsb_index = add nsw i32 -24, %sub_ln944" [firmware/nnet_utils/nnet_activation.h:219->firmware/nnet_utils/nnet_activation.h:236]   --->   Operation 31 'add' 'lsb_index' <Predicate = (!icmp_ln234)> <Delay = 0.66> <Core = "AddSub">   --->   Core 14 'AddSub' <Latency = 0> <II = 1> <Delay = 0.52> <FuncUnit> <Opcode : 'add' 'sub'> <InPorts = 2> <OutPorts = 1>
ST_2 : Operation 32 [1/1] (0.00ns)   --->   "%tmp_24 = call i31 @_ssdm_op_PartSelect.i31.i32.i32.i32(i32 %lsb_index, i32 1, i32 31)" [firmware/nnet_utils/nnet_activation.h:219->firmware/nnet_utils/nnet_activation.h:236]   --->   Operation 32 'partselect' 'tmp_24' <Predicate = (!icmp_ln234)> <Delay = 0.00>
ST_2 : Operation 33 [1/1] (0.84ns)   --->   "%icmp_ln947 = icmp sgt i31 %tmp_24, 0" [firmware/nnet_utils/nnet_activation.h:219->firmware/nnet_utils/nnet_activation.h:236]   --->   Operation 33 'icmp' 'icmp_ln947' <Predicate = (!icmp_ln234)> <Delay = 0.84> <Core = "Cmp">   --->   Core 25 'Cmp' <Latency = 0> <II = 1> <Delay = 0.58> <FuncUnit> <Opcode : 'icmp'> <InPorts = 2> <OutPorts = 1>
ST_2 : Operation 34 [1/1] (0.00ns)   --->   "%trunc_ln947 = trunc i32 %sub_ln944 to i5" [firmware/nnet_utils/nnet_activation.h:219->firmware/nnet_utils/nnet_activation.h:236]   --->   Operation 34 'trunc' 'trunc_ln947' <Predicate = (!icmp_ln234)> <Delay = 0.00>
ST_2 : Operation 35 [1/1] (0.34ns)   --->   "%sub_ln947 = sub i5 9, %trunc_ln947" [firmware/nnet_utils/nnet_activation.h:219->firmware/nnet_utils/nnet_activation.h:236]   --->   Operation 35 'sub' 'sub_ln947' <Predicate = (!icmp_ln234)> <Delay = 0.34> <Core = "AddSub">   --->   Core 14 'AddSub' <Latency = 0> <II = 1> <Delay = 0.52> <FuncUnit> <Opcode : 'add' 'sub'> <InPorts = 2> <OutPorts = 1>
ST_2 : Operation 36 [1/1] (0.00ns) (grouped into LUT with out node icmp_ln947_4)   --->   "%zext_ln947 = zext i5 %sub_ln947 to i16" [firmware/nnet_utils/nnet_activation.h:219->firmware/nnet_utils/nnet_activation.h:236]   --->   Operation 36 'zext' 'zext_ln947' <Predicate = (!icmp_ln234)> <Delay = 0.00>
ST_2 : Operation 37 [1/1] (0.00ns) (grouped into LUT with out node icmp_ln947_4)   --->   "%lshr_ln947 = lshr i16 -1, %zext_ln947" [firmware/nnet_utils/nnet_activation.h:219->firmware/nnet_utils/nnet_activation.h:236]   --->   Operation 37 'lshr' 'lshr_ln947' <Predicate = (!icmp_ln234)> <Delay = 0.00> <Core = "Shift">   --->   Core 28 'Shift' <Latency = 0> <II = 1> <Delay = 0.84> <FuncUnit> <Opcode : 'shl' 'lshr' 'ashr'> <InPorts = 2> <OutPorts = 1>
ST_2 : Operation 38 [1/1] (0.00ns) (grouped into LUT with out node icmp_ln947_4)   --->   "%p_Result_39 = and i16 %tmp_V_16, %lshr_ln947" [firmware/nnet_utils/nnet_activation.h:219->firmware/nnet_utils/nnet_activation.h:236]   --->   Operation 38 'and' 'p_Result_39' <Predicate = (!icmp_ln234)> <Delay = 0.00> <Core = "LogicGate">   --->   Core 27 'LogicGate' <Latency = 0> <II = 1> <Delay = 0.12> <FuncUnit> <Opcode : 'and' 'or' 'xor'> <InPorts = 2> <OutPorts = 1>
ST_2 : Operation 39 [1/1] (0.67ns) (out node of the LUT)   --->   "%icmp_ln947_4 = icmp ne i16 %p_Result_39, 0" [firmware/nnet_utils/nnet_activation.h:219->firmware/nnet_utils/nnet_activation.h:236]   --->   Operation 39 'icmp' 'icmp_ln947_4' <Predicate = (!icmp_ln234)> <Delay = 0.67> <Core = "Cmp">   --->   Core 25 'Cmp' <Latency = 0> <II = 1> <Delay = 0.58> <FuncUnit> <Opcode : 'icmp'> <InPorts = 2> <OutPorts = 1>
ST_2 : Operation 40 [1/1] (0.00ns) (grouped into LUT with out node or_ln_i)   --->   "%a = and i1 %icmp_ln947, %icmp_ln947_4" [firmware/nnet_utils/nnet_activation.h:219->firmware/nnet_utils/nnet_activation.h:236]   --->   Operation 40 'and' 'a' <Predicate = (!icmp_ln234)> <Delay = 0.00> <Core = "LogicGate">   --->   Core 27 'LogicGate' <Latency = 0> <II = 1> <Delay = 0.12> <FuncUnit> <Opcode : 'and' 'or' 'xor'> <InPorts = 2> <OutPorts = 1>
ST_2 : Operation 41 [1/1] (0.00ns) (grouped into LUT with out node or_ln_i)   --->   "%tmp_25 = call i1 @_ssdm_op_BitSelect.i1.i32.i32(i32 %lsb_index, i32 31)" [firmware/nnet_utils/nnet_activation.h:219->firmware/nnet_utils/nnet_activation.h:236]   --->   Operation 41 'bitselect' 'tmp_25' <Predicate = (!icmp_ln234)> <Delay = 0.00>
ST_2 : Operation 42 [1/1] (0.00ns) (grouped into LUT with out node or_ln_i)   --->   "%xor_ln949 = xor i1 %tmp_25, true" [firmware/nnet_utils/nnet_activation.h:219->firmware/nnet_utils/nnet_activation.h:236]   --->   Operation 42 'xor' 'xor_ln949' <Predicate = (!icmp_ln234)> <Delay = 0.00> <Core = "LogicGate">   --->   Core 27 'LogicGate' <Latency = 0> <II = 1> <Delay = 0.12> <FuncUnit> <Opcode : 'and' 'or' 'xor'> <InPorts = 2> <OutPorts = 1>
ST_2 : Operation 43 [1/1] (0.60ns)   --->   "%add_ln949 = add i16 -24, %trunc_ln944" [firmware/nnet_utils/nnet_activation.h:219->firmware/nnet_utils/nnet_activation.h:236]   --->   Operation 43 'add' 'add_ln949' <Predicate = (!icmp_ln234)> <Delay = 0.60> <Core = "AddSub">   --->   Core 14 'AddSub' <Latency = 0> <II = 1> <Delay = 0.52> <FuncUnit> <Opcode : 'add' 'sub'> <InPorts = 2> <OutPorts = 1>
ST_2 : Operation 44 [1/1] (0.00ns) (grouped into LUT with out node or_ln_i)   --->   "%p_Result_40 = call i1 @_ssdm_op_BitSelect.i1.i16.i16(i16 %tmp_V_16, i16 %add_ln949) nounwind" [firmware/nnet_utils/nnet_activation.h:219->firmware/nnet_utils/nnet_activation.h:236]   --->   Operation 44 'bitselect' 'p_Result_40' <Predicate = (!icmp_ln234)> <Delay = 0.00>
ST_2 : Operation 45 [1/1] (0.00ns) (grouped into LUT with out node or_ln_i)   --->   "%and_ln949 = and i1 %p_Result_40, %xor_ln949" [firmware/nnet_utils/nnet_activation.h:219->firmware/nnet_utils/nnet_activation.h:236]   --->   Operation 45 'and' 'and_ln949' <Predicate = (!icmp_ln234)> <Delay = 0.00> <Core = "LogicGate">   --->   Core 27 'LogicGate' <Latency = 0> <II = 1> <Delay = 0.12> <FuncUnit> <Opcode : 'and' 'or' 'xor'> <InPorts = 2> <OutPorts = 1>
ST_2 : Operation 46 [1/1] (0.00ns) (grouped into LUT with out node or_ln_i)   --->   "%or_ln949 = or i1 %and_ln949, %a" [firmware/nnet_utils/nnet_activation.h:219->firmware/nnet_utils/nnet_activation.h:236]   --->   Operation 46 'or' 'or_ln949' <Predicate = (!icmp_ln234)> <Delay = 0.00> <Core = "LogicGate">   --->   Core 27 'LogicGate' <Latency = 0> <II = 1> <Delay = 0.12> <FuncUnit> <Opcode : 'and' 'or' 'xor'> <InPorts = 2> <OutPorts = 1>
ST_2 : Operation 47 [1/1] (0.12ns) (out node of the LUT)   --->   "%or_ln_i = call i32 @_ssdm_op_BitConcatenate.i32.i31.i1(i31 0, i1 %or_ln949) nounwind" [firmware/nnet_utils/nnet_activation.h:219->firmware/nnet_utils/nnet_activation.h:236]   --->   Operation 47 'bitconcatenate' 'or_ln_i' <Predicate = (!icmp_ln234)> <Delay = 0.12>
ST_2 : Operation 48 [1/1] (0.85ns)   --->   "%icmp_ln958 = icmp sgt i32 %lsb_index, 0" [firmware/nnet_utils/nnet_activation.h:219->firmware/nnet_utils/nnet_activation.h:236]   --->   Operation 48 'icmp' 'icmp_ln958' <Predicate = (!icmp_ln234)> <Delay = 0.85> <Core = "Cmp">   --->   Core 25 'Cmp' <Latency = 0> <II = 1> <Delay = 0.58> <FuncUnit> <Opcode : 'icmp'> <InPorts = 2> <OutPorts = 1>
ST_2 : Operation 49 [1/1] (0.00ns)   --->   "%trunc_ln943 = trunc i32 %l to i8" [firmware/nnet_utils/nnet_activation.h:219->firmware/nnet_utils/nnet_activation.h:236]   --->   Operation 49 'trunc' 'trunc_ln943' <Predicate = (!icmp_ln234)> <Delay = 0.00>
ST_2 : Operation 50 [1/1] (0.00ns)   --->   "ret void" [firmware/nnet_utils/nnet_activation.h:242]   --->   Operation 50 'ret' <Predicate = (icmp_ln234)> <Delay = 0.00>

State 3 <SV = 2> <Delay = 3.09>
ST_3 : Operation 51 [1/1] (0.00ns) (grouped into LUT with out node m_18)   --->   "%m = zext i16 %tmp_V_16 to i64" [firmware/nnet_utils/nnet_activation.h:219->firmware/nnet_utils/nnet_activation.h:236]   --->   Operation 51 'zext' 'm' <Predicate = (!icmp_ln958 & !icmp_ln935)> <Delay = 0.00>
ST_3 : Operation 52 [1/1] (0.00ns) (grouped into LUT with out node m_18)   --->   "%zext_ln957_4 = zext i16 %tmp_V_16 to i32" [firmware/nnet_utils/nnet_activation.h:219->firmware/nnet_utils/nnet_activation.h:236]   --->   Operation 52 'zext' 'zext_ln957_4' <Predicate = (icmp_ln958 & !icmp_ln935)> <Delay = 0.00>
ST_3 : Operation 53 [1/1] (0.66ns)   --->   "%add_ln958 = add nsw i32 -25, %sub_ln944" [firmware/nnet_utils/nnet_activation.h:219->firmware/nnet_utils/nnet_activation.h:236]   --->   Operation 53 'add' 'add_ln958' <Predicate = (icmp_ln958 & !icmp_ln935)> <Delay = 0.66> <Core = "AddSub">   --->   Core 14 'AddSub' <Latency = 0> <II = 1> <Delay = 0.52> <FuncUnit> <Opcode : 'add' 'sub'> <InPorts = 2> <OutPorts = 1>
ST_3 : Operation 54 [1/1] (0.00ns) (grouped into LUT with out node m_18)   --->   "%lshr_ln958 = lshr i32 %zext_ln957_4, %add_ln958" [firmware/nnet_utils/nnet_activation.h:219->firmware/nnet_utils/nnet_activation.h:236]   --->   Operation 54 'lshr' 'lshr_ln958' <Predicate = (icmp_ln958 & !icmp_ln935)> <Delay = 0.00> <Core = "Shift">   --->   Core 28 'Shift' <Latency = 0> <II = 1> <Delay = 0.84> <FuncUnit> <Opcode : 'shl' 'lshr' 'ashr'> <InPorts = 2> <OutPorts = 1>
ST_3 : Operation 55 [1/1] (0.00ns) (grouped into LUT with out node m_18)   --->   "%zext_ln958 = zext i32 %lshr_ln958 to i64" [firmware/nnet_utils/nnet_activation.h:219->firmware/nnet_utils/nnet_activation.h:236]   --->   Operation 55 'zext' 'zext_ln958' <Predicate = (icmp_ln958 & !icmp_ln935)> <Delay = 0.00>
ST_3 : Operation 56 [1/1] (0.66ns)   --->   "%sub_ln958 = sub i32 25, %sub_ln944" [firmware/nnet_utils/nnet_activation.h:219->firmware/nnet_utils/nnet_activation.h:236]   --->   Operation 56 'sub' 'sub_ln958' <Predicate = (!icmp_ln958 & !icmp_ln935)> <Delay = 0.66> <Core = "AddSub">   --->   Core 14 'AddSub' <Latency = 0> <II = 1> <Delay = 0.52> <FuncUnit> <Opcode : 'add' 'sub'> <InPorts = 2> <OutPorts = 1>
ST_3 : Operation 57 [1/1] (0.00ns) (grouped into LUT with out node m_18)   --->   "%zext_ln958_4 = zext i32 %sub_ln958 to i64" [firmware/nnet_utils/nnet_activation.h:219->firmware/nnet_utils/nnet_activation.h:236]   --->   Operation 57 'zext' 'zext_ln958_4' <Predicate = (!icmp_ln958 & !icmp_ln935)> <Delay = 0.00>
ST_3 : Operation 58 [1/1] (0.00ns) (grouped into LUT with out node m_18)   --->   "%shl_ln958 = shl i64 %m, %zext_ln958_4" [firmware/nnet_utils/nnet_activation.h:219->firmware/nnet_utils/nnet_activation.h:236]   --->   Operation 58 'shl' 'shl_ln958' <Predicate = (!icmp_ln958 & !icmp_ln935)> <Delay = 0.00> <Core = "Shift">   --->   Core 28 'Shift' <Latency = 0> <II = 1> <Delay = 0.84> <FuncUnit> <Opcode : 'shl' 'lshr' 'ashr'> <InPorts = 2> <OutPorts = 1>
ST_3 : Operation 59 [1/1] (0.00ns) (grouped into LUT with out node m_18)   --->   "%m_17 = select i1 %icmp_ln958, i64 %zext_ln958, i64 %shl_ln958" [firmware/nnet_utils/nnet_activation.h:219->firmware/nnet_utils/nnet_activation.h:236]   --->   Operation 59 'select' 'm_17' <Predicate = (!icmp_ln935)> <Delay = 0.00> <Core = "Sel">   --->   Core 26 'Sel' <Latency = 0> <II = 1> <Delay = 0.24> <FuncUnit> <Opcode : 'select'> <InPorts = 3> <OutPorts = 1>
ST_3 : Operation 60 [1/1] (0.00ns) (grouped into LUT with out node m_18)   --->   "%zext_ln961 = zext i32 %or_ln_i to i64" [firmware/nnet_utils/nnet_activation.h:219->firmware/nnet_utils/nnet_activation.h:236]   --->   Operation 60 'zext' 'zext_ln961' <Predicate = (!icmp_ln935)> <Delay = 0.00>
ST_3 : Operation 61 [1/1] (1.05ns) (out node of the LUT)   --->   "%m_18 = add i64 %zext_ln961, %m_17" [firmware/nnet_utils/nnet_activation.h:219->firmware/nnet_utils/nnet_activation.h:236]   --->   Operation 61 'add' 'm_18' <Predicate = (!icmp_ln935)> <Delay = 1.05> <Core = "AddSub">   --->   Core 14 'AddSub' <Latency = 0> <II = 1> <Delay = 0.52> <FuncUnit> <Opcode : 'add' 'sub'> <InPorts = 2> <OutPorts = 1>
ST_3 : Operation 62 [1/1] (0.00ns)   --->   "%m_s = call i63 @_ssdm_op_PartSelect.i63.i64.i32.i32(i64 %m_18, i32 1, i32 63)" [firmware/nnet_utils/nnet_activation.h:219->firmware/nnet_utils/nnet_activation.h:236]   --->   Operation 62 'partselect' 'm_s' <Predicate = (!icmp_ln935)> <Delay = 0.00>
ST_3 : Operation 63 [1/1] (0.00ns)   --->   "%m_21 = zext i63 %m_s to i64" [firmware/nnet_utils/nnet_activation.h:219->firmware/nnet_utils/nnet_activation.h:236]   --->   Operation 63 'zext' 'm_21' <Predicate = (!icmp_ln935)> <Delay = 0.00>
ST_3 : Operation 64 [1/1] (0.00ns)   --->   "%tmp_26 = call i1 @_ssdm_op_BitSelect.i1.i64.i32(i64 %m_18, i32 25)" [firmware/nnet_utils/nnet_activation.h:219->firmware/nnet_utils/nnet_activation.h:236]   --->   Operation 64 'bitselect' 'tmp_26' <Predicate = (!icmp_ln935)> <Delay = 0.00>
ST_3 : Operation 65 [1/1] (0.30ns)   --->   "%select_ln964 = select i1 %tmp_26, i8 127, i8 126" [firmware/nnet_utils/nnet_activation.h:219->firmware/nnet_utils/nnet_activation.h:236]   --->   Operation 65 'select' 'select_ln964' <Predicate = (!icmp_ln935)> <Delay = 0.30> <Core = "Sel">   --->   Core 26 'Sel' <Latency = 0> <II = 1> <Delay = 0.24> <FuncUnit> <Opcode : 'select'> <InPorts = 3> <OutPorts = 1>
ST_3 : Operation 66 [1/1] (0.00ns) (grouped into TernaryAdder)   --->   "%sub_ln964 = sub i8 6, %trunc_ln943" [firmware/nnet_utils/nnet_activation.h:219->firmware/nnet_utils/nnet_activation.h:236]   --->   Operation 66 'sub' 'sub_ln964' <Predicate = (!icmp_ln935)> <Delay = 0.00> <Core = "TAddSub">   --->   Core 83 'TAddSub' <Latency = 0> <II = 1> <Delay = 0.41> <IPBlock> <Opcode : 'add' 'sub'> <InPorts = 3> <OutPorts = 1> <Sync> <CReg>
ST_3 : Operation 67 [1/1] (0.83ns) (root node of TernaryAdder)   --->   "%add_ln964 = add i8 %sub_ln964, %select_ln964" [firmware/nnet_utils/nnet_activation.h:219->firmware/nnet_utils/nnet_activation.h:236]   --->   Operation 67 'add' 'add_ln964' <Predicate = (!icmp_ln935)> <Delay = 0.83> <Core = "TAddSub">   --->   Core 83 'TAddSub' <Latency = 0> <II = 1> <Delay = 0.41> <IPBlock> <Opcode : 'add' 'sub'> <InPorts = 3> <OutPorts = 1> <Sync> <CReg>
ST_3 : Operation 68 [1/1] (0.00ns)   --->   "%tmp_1_i = call i9 @_ssdm_op_BitConcatenate.i9.i1.i8(i1 %p_Result_44, i8 %add_ln964) nounwind" [firmware/nnet_utils/nnet_activation.h:219->firmware/nnet_utils/nnet_activation.h:236]   --->   Operation 68 'bitconcatenate' 'tmp_1_i' <Predicate = (!icmp_ln935)> <Delay = 0.00>
ST_3 : Operation 69 [1/1] (0.00ns)   --->   "%p_Result_46 = call i64 @_ssdm_op_PartSet.i64.i64.i9.i32.i32(i64 %m_21, i9 %tmp_1_i, i32 23, i32 31) nounwind" [firmware/nnet_utils/nnet_activation.h:219->firmware/nnet_utils/nnet_activation.h:236]   --->   Operation 69 'partset' 'p_Result_46' <Predicate = (!icmp_ln935)> <Delay = 0.00>
ST_3 : Operation 70 [1/1] (0.00ns)   --->   "%trunc_ln738 = trunc i64 %p_Result_46 to i32" [firmware/nnet_utils/nnet_activation.h:219->firmware/nnet_utils/nnet_activation.h:236]   --->   Operation 70 'trunc' 'trunc_ln738' <Predicate = (!icmp_ln935)> <Delay = 0.00>
ST_3 : Operation 71 [1/1] (0.00ns)   --->   "%bitcast_ln739 = bitcast i32 %trunc_ln738 to float" [firmware/nnet_utils/nnet_activation.h:219->firmware/nnet_utils/nnet_activation.h:236]   --->   Operation 71 'bitcast' 'bitcast_ln739' <Predicate = (!icmp_ln935)> <Delay = 0.00>
ST_3 : Operation 72 [1/1] (0.22ns)   --->   "%x = select i1 %icmp_ln935, float 0.000000e+00, float %bitcast_ln739" [firmware/nnet_utils/nnet_activation.h:219->firmware/nnet_utils/nnet_activation.h:236]   --->   Operation 72 'select' 'x' <Predicate = true> <Delay = 0.22> <Core = "Sel">   --->   Core 26 'Sel' <Latency = 0> <II = 1> <Delay = 0.24> <FuncUnit> <Opcode : 'select'> <InPorts = 3> <OutPorts = 1>

State 4 <SV = 3> <Delay = 2.95>
ST_4 : Operation 73 [8/8] (2.95ns)   --->   "%v_assign = call float @llvm.exp.f32(float %x) nounwind" [/vol/cc/opt/Xilinx/2019.2/Vivado/2019.2/lnx64/tools/gcc/lib/gcc/x86_64-unknown-linux-gnu/4.6.3/../../../../include/c++/4.6.3/cmath:217->firmware/nnet_utils/nnet_activation.h:203->firmware/nnet_utils/nnet_activation.h:237]   --->   Operation 73 'fexp' 'v_assign' <Predicate = true> <Delay = 2.95> <Core = "FExp">   --->   Core 127 'FExp' <Latency = 7> <II = 1> <Delay = 2.95> <FuncUnit> <Opcode : 'fexp'> <InPorts = 1> <OutPorts = 1>

State 5 <SV = 4> <Delay = 2.95>
ST_5 : Operation 74 [7/8] (2.95ns)   --->   "%v_assign = call float @llvm.exp.f32(float %x) nounwind" [/vol/cc/opt/Xilinx/2019.2/Vivado/2019.2/lnx64/tools/gcc/lib/gcc/x86_64-unknown-linux-gnu/4.6.3/../../../../include/c++/4.6.3/cmath:217->firmware/nnet_utils/nnet_activation.h:203->firmware/nnet_utils/nnet_activation.h:237]   --->   Operation 74 'fexp' 'v_assign' <Predicate = true> <Delay = 2.95> <Core = "FExp">   --->   Core 127 'FExp' <Latency = 7> <II = 1> <Delay = 2.95> <FuncUnit> <Opcode : 'fexp'> <InPorts = 1> <OutPorts = 1>

State 6 <SV = 5> <Delay = 2.95>
ST_6 : Operation 75 [6/8] (2.95ns)   --->   "%v_assign = call float @llvm.exp.f32(float %x) nounwind" [/vol/cc/opt/Xilinx/2019.2/Vivado/2019.2/lnx64/tools/gcc/lib/gcc/x86_64-unknown-linux-gnu/4.6.3/../../../../include/c++/4.6.3/cmath:217->firmware/nnet_utils/nnet_activation.h:203->firmware/nnet_utils/nnet_activation.h:237]   --->   Operation 75 'fexp' 'v_assign' <Predicate = true> <Delay = 2.95> <Core = "FExp">   --->   Core 127 'FExp' <Latency = 7> <II = 1> <Delay = 2.95> <FuncUnit> <Opcode : 'fexp'> <InPorts = 1> <OutPorts = 1>

State 7 <SV = 6> <Delay = 2.95>
ST_7 : Operation 76 [5/8] (2.95ns)   --->   "%v_assign = call float @llvm.exp.f32(float %x) nounwind" [/vol/cc/opt/Xilinx/2019.2/Vivado/2019.2/lnx64/tools/gcc/lib/gcc/x86_64-unknown-linux-gnu/4.6.3/../../../../include/c++/4.6.3/cmath:217->firmware/nnet_utils/nnet_activation.h:203->firmware/nnet_utils/nnet_activation.h:237]   --->   Operation 76 'fexp' 'v_assign' <Predicate = true> <Delay = 2.95> <Core = "FExp">   --->   Core 127 'FExp' <Latency = 7> <II = 1> <Delay = 2.95> <FuncUnit> <Opcode : 'fexp'> <InPorts = 1> <OutPorts = 1>

State 8 <SV = 7> <Delay = 2.95>
ST_8 : Operation 77 [4/8] (2.95ns)   --->   "%v_assign = call float @llvm.exp.f32(float %x) nounwind" [/vol/cc/opt/Xilinx/2019.2/Vivado/2019.2/lnx64/tools/gcc/lib/gcc/x86_64-unknown-linux-gnu/4.6.3/../../../../include/c++/4.6.3/cmath:217->firmware/nnet_utils/nnet_activation.h:203->firmware/nnet_utils/nnet_activation.h:237]   --->   Operation 77 'fexp' 'v_assign' <Predicate = true> <Delay = 2.95> <Core = "FExp">   --->   Core 127 'FExp' <Latency = 7> <II = 1> <Delay = 2.95> <FuncUnit> <Opcode : 'fexp'> <InPorts = 1> <OutPorts = 1>

State 9 <SV = 8> <Delay = 2.95>
ST_9 : Operation 78 [3/8] (2.95ns)   --->   "%v_assign = call float @llvm.exp.f32(float %x) nounwind" [/vol/cc/opt/Xilinx/2019.2/Vivado/2019.2/lnx64/tools/gcc/lib/gcc/x86_64-unknown-linux-gnu/4.6.3/../../../../include/c++/4.6.3/cmath:217->firmware/nnet_utils/nnet_activation.h:203->firmware/nnet_utils/nnet_activation.h:237]   --->   Operation 78 'fexp' 'v_assign' <Predicate = true> <Delay = 2.95> <Core = "FExp">   --->   Core 127 'FExp' <Latency = 7> <II = 1> <Delay = 2.95> <FuncUnit> <Opcode : 'fexp'> <InPorts = 1> <OutPorts = 1>

State 10 <SV = 9> <Delay = 2.95>
ST_10 : Operation 79 [2/8] (2.95ns)   --->   "%v_assign = call float @llvm.exp.f32(float %x) nounwind" [/vol/cc/opt/Xilinx/2019.2/Vivado/2019.2/lnx64/tools/gcc/lib/gcc/x86_64-unknown-linux-gnu/4.6.3/../../../../include/c++/4.6.3/cmath:217->firmware/nnet_utils/nnet_activation.h:203->firmware/nnet_utils/nnet_activation.h:237]   --->   Operation 79 'fexp' 'v_assign' <Predicate = true> <Delay = 2.95> <Core = "FExp">   --->   Core 127 'FExp' <Latency = 7> <II = 1> <Delay = 2.95> <FuncUnit> <Opcode : 'fexp'> <InPorts = 1> <OutPorts = 1>

State 11 <SV = 10> <Delay = 2.95>
ST_11 : Operation 80 [1/8] (2.95ns)   --->   "%v_assign = call float @llvm.exp.f32(float %x) nounwind" [/vol/cc/opt/Xilinx/2019.2/Vivado/2019.2/lnx64/tools/gcc/lib/gcc/x86_64-unknown-linux-gnu/4.6.3/../../../../include/c++/4.6.3/cmath:217->firmware/nnet_utils/nnet_activation.h:203->firmware/nnet_utils/nnet_activation.h:237]   --->   Operation 80 'fexp' 'v_assign' <Predicate = true> <Delay = 2.95> <Core = "FExp">   --->   Core 127 'FExp' <Latency = 7> <II = 1> <Delay = 2.95> <FuncUnit> <Opcode : 'fexp'> <InPorts = 1> <OutPorts = 1>

State 12 <SV = 11> <Delay = 1.54>
ST_12 : Operation 81 [2/2] (1.54ns)   --->   "%d_assign = fpext float %v_assign to double" [firmware/nnet_utils/nnet_activation.h:237]   --->   Operation 81 'fpext' 'd_assign' <Predicate = true> <Delay = 1.54> <Core = "Float2Double">   --->   Core 114 'Float2Double' <Latency = 1> <II = 1> <Delay = 1.54> <FuncUnit> <Opcode : 'fpext'> <InPorts = 1> <OutPorts = 1>

State 13 <SV = 12> <Delay = 2.59>
ST_13 : Operation 82 [1/2] (1.54ns)   --->   "%d_assign = fpext float %v_assign to double" [firmware/nnet_utils/nnet_activation.h:237]   --->   Operation 82 'fpext' 'd_assign' <Predicate = true> <Delay = 1.54> <Core = "Float2Double">   --->   Core 114 'Float2Double' <Latency = 1> <II = 1> <Delay = 1.54> <FuncUnit> <Opcode : 'fpext'> <InPorts = 1> <OutPorts = 1>
ST_13 : Operation 83 [1/1] (0.00ns)   --->   "%ireg_V = bitcast double %d_assign to i64" [firmware/nnet_utils/nnet_activation.h:237]   --->   Operation 83 'bitcast' 'ireg_V' <Predicate = true> <Delay = 0.00>
ST_13 : Operation 84 [1/1] (0.00ns)   --->   "%trunc_ln556 = trunc i64 %ireg_V to i63" [firmware/nnet_utils/nnet_activation.h:237]   --->   Operation 84 'trunc' 'trunc_ln556' <Predicate = true> <Delay = 0.00>
ST_13 : Operation 85 [1/1] (0.00ns)   --->   "%p_Result_47 = call i1 @_ssdm_op_BitSelect.i1.i64.i32(i64 %ireg_V, i32 63)" [firmware/nnet_utils/nnet_activation.h:237]   --->   Operation 85 'bitselect' 'p_Result_47' <Predicate = true> <Delay = 0.00>
ST_13 : Operation 86 [1/1] (0.00ns)   --->   "%exp_tmp_V = call i11 @_ssdm_op_PartSelect.i11.i64.i32.i32(i64 %ireg_V, i32 52, i32 62)" [firmware/nnet_utils/nnet_activation.h:237]   --->   Operation 86 'partselect' 'exp_tmp_V' <Predicate = true> <Delay = 0.00>
ST_13 : Operation 87 [1/1] (0.00ns)   --->   "%zext_ln461 = zext i11 %exp_tmp_V to i12" [firmware/nnet_utils/nnet_activation.h:237]   --->   Operation 87 'zext' 'zext_ln461' <Predicate = true> <Delay = 0.00>
ST_13 : Operation 88 [1/1] (0.00ns)   --->   "%trunc_ln565 = trunc i64 %ireg_V to i52" [firmware/nnet_utils/nnet_activation.h:237]   --->   Operation 88 'trunc' 'trunc_ln565' <Predicate = true> <Delay = 0.00>
ST_13 : Operation 89 [1/1] (1.05ns)   --->   "%icmp_ln571 = icmp eq i63 %trunc_ln556, 0" [firmware/nnet_utils/nnet_activation.h:237]   --->   Operation 89 'icmp' 'icmp_ln571' <Predicate = true> <Delay = 1.05> <Core = "Cmp">   --->   Core 25 'Cmp' <Latency = 0> <II = 1> <Delay = 0.58> <FuncUnit> <Opcode : 'icmp'> <InPorts = 2> <OutPorts = 1>
ST_13 : Operation 90 [1/1] (0.52ns)   --->   "%F2 = sub i12 1075, %zext_ln461" [firmware/nnet_utils/nnet_activation.h:237]   --->   Operation 90 'sub' 'F2' <Predicate = true> <Delay = 0.52> <Core = "AddSub">   --->   Core 14 'AddSub' <Latency = 0> <II = 1> <Delay = 0.52> <FuncUnit> <Opcode : 'add' 'sub'> <InPorts = 2> <OutPorts = 1>

State 14 <SV = 13> <Delay = 4.15>
ST_14 : Operation 91 [1/1] (0.00ns)   --->   "%tmp = call i53 @_ssdm_op_BitConcatenate.i53.i1.i52(i1 true, i52 %trunc_ln565)" [firmware/nnet_utils/nnet_activation.h:237]   --->   Operation 91 'bitconcatenate' 'tmp' <Predicate = true> <Delay = 0.00>
ST_14 : Operation 92 [1/1] (0.00ns)   --->   "%p_Result_48 = zext i53 %tmp to i54" [firmware/nnet_utils/nnet_activation.h:237]   --->   Operation 92 'zext' 'p_Result_48' <Predicate = true> <Delay = 0.00>
ST_14 : Operation 93 [1/1] (0.74ns)   --->   "%man_V_7 = sub i54 0, %p_Result_48" [firmware/nnet_utils/nnet_activation.h:237]   --->   Operation 93 'sub' 'man_V_7' <Predicate = (p_Result_47)> <Delay = 0.74> <Core = "AddSub">   --->   Core 14 'AddSub' <Latency = 0> <II = 1> <Delay = 0.52> <FuncUnit> <Opcode : 'add' 'sub'> <InPorts = 2> <OutPorts = 1>
ST_14 : Operation 94 [1/1] (0.26ns)   --->   "%man_V_8 = select i1 %p_Result_47, i54 %man_V_7, i54 %p_Result_48" [firmware/nnet_utils/nnet_activation.h:237]   --->   Operation 94 'select' 'man_V_8' <Predicate = true> <Delay = 0.26> <Core = "Sel">   --->   Core 26 'Sel' <Latency = 0> <II = 1> <Delay = 0.24> <FuncUnit> <Opcode : 'select'> <InPorts = 3> <OutPorts = 1>
ST_14 : Operation 95 [1/1] (0.62ns)   --->   "%icmp_ln581 = icmp sgt i12 %F2, 10" [firmware/nnet_utils/nnet_activation.h:237]   --->   Operation 95 'icmp' 'icmp_ln581' <Predicate = true> <Delay = 0.62> <Core = "Cmp">   --->   Core 25 'Cmp' <Latency = 0> <II = 1> <Delay = 0.58> <FuncUnit> <Opcode : 'icmp'> <InPorts = 2> <OutPorts = 1>
ST_14 : Operation 96 [1/1] (0.52ns)   --->   "%add_ln581 = add i12 -10, %F2" [firmware/nnet_utils/nnet_activation.h:237]   --->   Operation 96 'add' 'add_ln581' <Predicate = true> <Delay = 0.52> <Core = "AddSub">   --->   Core 14 'AddSub' <Latency = 0> <II = 1> <Delay = 0.52> <FuncUnit> <Opcode : 'add' 'sub'> <InPorts = 2> <OutPorts = 1>
ST_14 : Operation 97 [1/1] (0.52ns)   --->   "%sub_ln581 = sub i12 10, %F2" [firmware/nnet_utils/nnet_activation.h:237]   --->   Operation 97 'sub' 'sub_ln581' <Predicate = true> <Delay = 0.52> <Core = "AddSub">   --->   Core 14 'AddSub' <Latency = 0> <II = 1> <Delay = 0.52> <FuncUnit> <Opcode : 'add' 'sub'> <InPorts = 2> <OutPorts = 1>
ST_14 : Operation 98 [1/1] (0.29ns)   --->   "%sh_amt = select i1 %icmp_ln581, i12 %add_ln581, i12 %sub_ln581" [firmware/nnet_utils/nnet_activation.h:237]   --->   Operation 98 'select' 'sh_amt' <Predicate = true> <Delay = 0.29> <Core = "Sel">   --->   Core 26 'Sel' <Latency = 0> <II = 1> <Delay = 0.24> <FuncUnit> <Opcode : 'select'> <InPorts = 3> <OutPorts = 1>
ST_14 : Operation 99 [1/1] (0.00ns)   --->   "%sext_ln581 = sext i12 %sh_amt to i32" [firmware/nnet_utils/nnet_activation.h:237]   --->   Operation 99 'sext' 'sext_ln581' <Predicate = true> <Delay = 0.00>
ST_14 : Operation 100 [1/1] (0.62ns)   --->   "%icmp_ln582 = icmp eq i12 %F2, 10" [firmware/nnet_utils/nnet_activation.h:237]   --->   Operation 100 'icmp' 'icmp_ln582' <Predicate = true> <Delay = 0.62> <Core = "Cmp">   --->   Core 25 'Cmp' <Latency = 0> <II = 1> <Delay = 0.58> <FuncUnit> <Opcode : 'icmp'> <InPorts = 2> <OutPorts = 1>
ST_14 : Operation 101 [1/1] (0.00ns)   --->   "%trunc_ln583 = trunc i54 %man_V_8 to i16" [firmware/nnet_utils/nnet_activation.h:237]   --->   Operation 101 'trunc' 'trunc_ln583' <Predicate = true> <Delay = 0.00>
ST_14 : Operation 102 [1/1] (0.62ns)   --->   "%icmp_ln585 = icmp ult i12 %sh_amt, 54" [firmware/nnet_utils/nnet_activation.h:237]   --->   Operation 102 'icmp' 'icmp_ln585' <Predicate = true> <Delay = 0.62> <Core = "Cmp">   --->   Core 25 'Cmp' <Latency = 0> <II = 1> <Delay = 0.58> <FuncUnit> <Opcode : 'icmp'> <InPorts = 2> <OutPorts = 1>
ST_14 : Operation 103 [1/1] (0.00ns)   --->   "%tmp_28 = call i8 @_ssdm_op_PartSelect.i8.i12.i32.i32(i12 %sh_amt, i32 4, i32 11)" [firmware/nnet_utils/nnet_activation.h:237]   --->   Operation 103 'partselect' 'tmp_28' <Predicate = true> <Delay = 0.00>
ST_14 : Operation 104 [1/1] (0.58ns)   --->   "%icmp_ln603 = icmp eq i8 %tmp_28, 0" [firmware/nnet_utils/nnet_activation.h:237]   --->   Operation 104 'icmp' 'icmp_ln603' <Predicate = true> <Delay = 0.58> <Core = "Cmp">   --->   Core 25 'Cmp' <Latency = 0> <II = 1> <Delay = 0.58> <FuncUnit> <Opcode : 'icmp'> <InPorts = 2> <OutPorts = 1>
ST_14 : Operation 105 [1/1] (0.00ns) (grouped into LUT with out node select_ln603)   --->   "%zext_ln586 = zext i32 %sext_ln581 to i54" [firmware/nnet_utils/nnet_activation.h:237]   --->   Operation 105 'zext' 'zext_ln586' <Predicate = true> <Delay = 0.00>
ST_14 : Operation 106 [1/1] (0.00ns) (grouped into LUT with out node select_ln603)   --->   "%ashr_ln586 = ashr i54 %man_V_8, %zext_ln586" [firmware/nnet_utils/nnet_activation.h:237]   --->   Operation 106 'ashr' 'ashr_ln586' <Predicate = true> <Delay = 0.00> <Core = "Shift">   --->   Core 28 'Shift' <Latency = 0> <II = 1> <Delay = 0.84> <FuncUnit> <Opcode : 'shl' 'lshr' 'ashr'> <InPorts = 2> <OutPorts = 1>
ST_14 : Operation 107 [1/1] (0.00ns) (grouped into LUT with out node select_ln603)   --->   "%trunc_ln586 = trunc i54 %ashr_ln586 to i16" [firmware/nnet_utils/nnet_activation.h:237]   --->   Operation 107 'trunc' 'trunc_ln586' <Predicate = true> <Delay = 0.00>
ST_14 : Operation 108 [1/1] (0.00ns) (grouped into LUT with out node select_ln603_10)   --->   "%bitcast_ln696 = bitcast float %v_assign to i32" [firmware/nnet_utils/nnet_activation.h:237]   --->   Operation 108 'bitcast' 'bitcast_ln696' <Predicate = true> <Delay = 0.00>
ST_14 : Operation 109 [1/1] (0.00ns) (grouped into LUT with out node select_ln603_10)   --->   "%tmp_29 = call i1 @_ssdm_op_BitSelect.i1.i32.i32(i32 %bitcast_ln696, i32 31)" [firmware/nnet_utils/nnet_activation.h:237]   --->   Operation 109 'bitselect' 'tmp_29' <Predicate = true> <Delay = 0.00>
ST_14 : Operation 110 [1/1] (0.00ns) (grouped into LUT with out node select_ln603_10)   --->   "%select_ln588 = select i1 %tmp_29, i16 -1, i16 0" [firmware/nnet_utils/nnet_activation.h:237]   --->   Operation 110 'select' 'select_ln588' <Predicate = true> <Delay = 0.00> <Core = "Sel">   --->   Core 26 'Sel' <Latency = 0> <II = 1> <Delay = 0.24> <FuncUnit> <Opcode : 'select'> <InPorts = 3> <OutPorts = 1>
ST_14 : Operation 111 [1/1] (0.00ns) (grouped into LUT with out node select_ln603)   --->   "%sext_ln581cast = trunc i32 %sext_ln581 to i16" [firmware/nnet_utils/nnet_activation.h:237]   --->   Operation 111 'trunc' 'sext_ln581cast' <Predicate = true> <Delay = 0.00>
ST_14 : Operation 112 [1/1] (0.00ns) (grouped into LUT with out node select_ln603)   --->   "%shl_ln604 = shl i16 %trunc_ln583, %sext_ln581cast" [firmware/nnet_utils/nnet_activation.h:237]   --->   Operation 112 'shl' 'shl_ln604' <Predicate = true> <Delay = 0.00> <Core = "Shift">   --->   Core 28 'Shift' <Latency = 0> <II = 1> <Delay = 0.84> <FuncUnit> <Opcode : 'shl' 'lshr' 'ashr'> <InPorts = 2> <OutPorts = 1>
ST_14 : Operation 113 [1/1] (0.00ns) (grouped into LUT with out node or_ln603_8)   --->   "%xor_ln571 = xor i1 %icmp_ln571, true" [firmware/nnet_utils/nnet_activation.h:237]   --->   Operation 113 'xor' 'xor_ln571' <Predicate = true> <Delay = 0.00> <Core = "LogicGate">   --->   Core 27 'LogicGate' <Latency = 0> <II = 1> <Delay = 0.12> <FuncUnit> <Opcode : 'and' 'or' 'xor'> <InPorts = 2> <OutPorts = 1>
ST_14 : Operation 114 [1/1] (0.00ns) (grouped into LUT with out node or_ln603_8)   --->   "%and_ln582 = and i1 %icmp_ln582, %xor_ln571" [firmware/nnet_utils/nnet_activation.h:237]   --->   Operation 114 'and' 'and_ln582' <Predicate = true> <Delay = 0.00> <Core = "LogicGate">   --->   Core 27 'LogicGate' <Latency = 0> <II = 1> <Delay = 0.12> <FuncUnit> <Opcode : 'and' 'or' 'xor'> <InPorts = 2> <OutPorts = 1>
ST_14 : Operation 115 [1/1] (0.12ns)   --->   "%or_ln582 = or i1 %icmp_ln571, %icmp_ln582" [firmware/nnet_utils/nnet_activation.h:237]   --->   Operation 115 'or' 'or_ln582' <Predicate = true> <Delay = 0.12> <Core = "LogicGate">   --->   Core 27 'LogicGate' <Latency = 0> <II = 1> <Delay = 0.12> <FuncUnit> <Opcode : 'and' 'or' 'xor'> <InPorts = 2> <OutPorts = 1>
ST_14 : Operation 116 [1/1] (0.00ns) (grouped into LUT with out node and_ln581)   --->   "%xor_ln582 = xor i1 %or_ln582, true" [firmware/nnet_utils/nnet_activation.h:237]   --->   Operation 116 'xor' 'xor_ln582' <Predicate = true> <Delay = 0.00> <Core = "LogicGate">   --->   Core 27 'LogicGate' <Latency = 0> <II = 1> <Delay = 0.12> <FuncUnit> <Opcode : 'and' 'or' 'xor'> <InPorts = 2> <OutPorts = 1>
ST_14 : Operation 117 [1/1] (0.12ns) (out node of the LUT)   --->   "%and_ln581 = and i1 %icmp_ln581, %xor_ln582" [firmware/nnet_utils/nnet_activation.h:237]   --->   Operation 117 'and' 'and_ln581' <Predicate = true> <Delay = 0.12> <Core = "LogicGate">   --->   Core 27 'LogicGate' <Latency = 0> <II = 1> <Delay = 0.12> <FuncUnit> <Opcode : 'and' 'or' 'xor'> <InPorts = 2> <OutPorts = 1>
ST_14 : Operation 118 [1/1] (0.00ns) (grouped into LUT with out node and_ln585)   --->   "%xor_ln585 = xor i1 %icmp_ln585, true" [firmware/nnet_utils/nnet_activation.h:237]   --->   Operation 118 'xor' 'xor_ln585' <Predicate = true> <Delay = 0.00> <Core = "LogicGate">   --->   Core 27 'LogicGate' <Latency = 0> <II = 1> <Delay = 0.12> <FuncUnit> <Opcode : 'and' 'or' 'xor'> <InPorts = 2> <OutPorts = 1>
ST_14 : Operation 119 [1/1] (0.12ns) (out node of the LUT)   --->   "%and_ln585 = and i1 %and_ln581, %xor_ln585" [firmware/nnet_utils/nnet_activation.h:237]   --->   Operation 119 'and' 'and_ln585' <Predicate = true> <Delay = 0.12> <Core = "LogicGate">   --->   Core 27 'LogicGate' <Latency = 0> <II = 1> <Delay = 0.12> <FuncUnit> <Opcode : 'and' 'or' 'xor'> <InPorts = 2> <OutPorts = 1>
ST_14 : Operation 120 [1/1] (0.00ns) (grouped into LUT with out node or_ln603)   --->   "%and_ln585_4 = and i1 %and_ln581, %icmp_ln585" [firmware/nnet_utils/nnet_activation.h:237]   --->   Operation 120 'and' 'and_ln585_4' <Predicate = true> <Delay = 0.00> <Core = "LogicGate">   --->   Core 27 'LogicGate' <Latency = 0> <II = 1> <Delay = 0.12> <FuncUnit> <Opcode : 'and' 'or' 'xor'> <InPorts = 2> <OutPorts = 1>
ST_14 : Operation 121 [1/1] (0.00ns) (grouped into LUT with out node and_ln603)   --->   "%or_ln581 = or i1 %or_ln582, %icmp_ln581" [firmware/nnet_utils/nnet_activation.h:237]   --->   Operation 121 'or' 'or_ln581' <Predicate = true> <Delay = 0.00> <Core = "LogicGate">   --->   Core 27 'LogicGate' <Latency = 0> <II = 1> <Delay = 0.12> <FuncUnit> <Opcode : 'and' 'or' 'xor'> <InPorts = 2> <OutPorts = 1>
ST_14 : Operation 122 [1/1] (0.00ns) (grouped into LUT with out node and_ln603)   --->   "%xor_ln581 = xor i1 %or_ln581, true" [firmware/nnet_utils/nnet_activation.h:237]   --->   Operation 122 'xor' 'xor_ln581' <Predicate = true> <Delay = 0.00> <Core = "LogicGate">   --->   Core 27 'LogicGate' <Latency = 0> <II = 1> <Delay = 0.12> <FuncUnit> <Opcode : 'and' 'or' 'xor'> <InPorts = 2> <OutPorts = 1>
ST_14 : Operation 123 [1/1] (0.12ns) (out node of the LUT)   --->   "%and_ln603 = and i1 %icmp_ln603, %xor_ln581" [firmware/nnet_utils/nnet_activation.h:237]   --->   Operation 123 'and' 'and_ln603' <Predicate = true> <Delay = 0.12> <Core = "LogicGate">   --->   Core 27 'LogicGate' <Latency = 0> <II = 1> <Delay = 0.12> <FuncUnit> <Opcode : 'and' 'or' 'xor'> <InPorts = 2> <OutPorts = 1>
ST_14 : Operation 124 [1/1] (1.12ns) (out node of the LUT)   --->   "%select_ln603 = select i1 %and_ln603, i16 %shl_ln604, i16 %trunc_ln586" [firmware/nnet_utils/nnet_activation.h:237]   --->   Operation 124 'select' 'select_ln603' <Predicate = true> <Delay = 1.12> <Core = "Sel">   --->   Core 26 'Sel' <Latency = 0> <II = 1> <Delay = 0.24> <FuncUnit> <Opcode : 'select'> <InPorts = 3> <OutPorts = 1>
ST_14 : Operation 125 [1/1] (0.12ns) (out node of the LUT)   --->   "%or_ln603 = or i1 %and_ln603, %and_ln585_4" [firmware/nnet_utils/nnet_activation.h:237]   --->   Operation 125 'or' 'or_ln603' <Predicate = true> <Delay = 0.12> <Core = "LogicGate">   --->   Core 27 'LogicGate' <Latency = 0> <II = 1> <Delay = 0.12> <FuncUnit> <Opcode : 'and' 'or' 'xor'> <InPorts = 2> <OutPorts = 1>
ST_14 : Operation 126 [1/1] (0.27ns) (out node of the LUT)   --->   "%select_ln603_10 = select i1 %and_ln585, i16 %select_ln588, i16 %trunc_ln583" [firmware/nnet_utils/nnet_activation.h:237]   --->   Operation 126 'select' 'select_ln603_10' <Predicate = true> <Delay = 0.27> <Core = "Sel">   --->   Core 26 'Sel' <Latency = 0> <II = 1> <Delay = 0.24> <FuncUnit> <Opcode : 'select'> <InPorts = 3> <OutPorts = 1>
ST_14 : Operation 127 [1/1] (0.00ns) (grouped into LUT with out node or_ln603_8)   --->   "%or_ln603_7 = or i1 %and_ln585, %and_ln582" [firmware/nnet_utils/nnet_activation.h:237]   --->   Operation 127 'or' 'or_ln603_7' <Predicate = true> <Delay = 0.00> <Core = "LogicGate">   --->   Core 27 'LogicGate' <Latency = 0> <II = 1> <Delay = 0.12> <FuncUnit> <Opcode : 'and' 'or' 'xor'> <InPorts = 2> <OutPorts = 1>
ST_14 : Operation 128 [1/1] (0.00ns) (grouped into LUT with out node exp_x_V)   --->   "%select_ln603_11 = select i1 %or_ln603, i16 %select_ln603, i16 %select_ln603_10" [firmware/nnet_utils/nnet_activation.h:237]   --->   Operation 128 'select' 'select_ln603_11' <Predicate = true> <Delay = 0.00> <Core = "Sel">   --->   Core 26 'Sel' <Latency = 0> <II = 1> <Delay = 0.24> <FuncUnit> <Opcode : 'select'> <InPorts = 3> <OutPorts = 1>
ST_14 : Operation 129 [1/1] (0.12ns) (out node of the LUT)   --->   "%or_ln603_8 = or i1 %or_ln603, %or_ln603_7" [firmware/nnet_utils/nnet_activation.h:237]   --->   Operation 129 'or' 'or_ln603_8' <Predicate = true> <Delay = 0.12> <Core = "LogicGate">   --->   Core 27 'LogicGate' <Latency = 0> <II = 1> <Delay = 0.12> <FuncUnit> <Opcode : 'and' 'or' 'xor'> <InPorts = 2> <OutPorts = 1>
ST_14 : Operation 130 [1/1] (0.24ns) (out node of the LUT)   --->   "%exp_x_V = select i1 %or_ln603_8, i16 %select_ln603_11, i16 0" [firmware/nnet_utils/nnet_activation.h:237]   --->   Operation 130 'select' 'exp_x_V' <Predicate = true> <Delay = 0.24> <Core = "Sel">   --->   Core 26 'Sel' <Latency = 0> <II = 1> <Delay = 0.24> <FuncUnit> <Opcode : 'select'> <InPorts = 3> <OutPorts = 1>
ST_14 : Operation 131 [1/1] (0.00ns)   --->   "%zext_ln238 = zext i16 %i_assign to i64" [firmware/nnet_utils/nnet_activation.h:238]   --->   Operation 131 'zext' 'zext_ln238' <Predicate = true> <Delay = 0.00>
ST_14 : Operation 132 [1/1] (0.00ns)   --->   "%table_out_V_addr = getelementptr [32768 x i16]* %table_out_V, i64 0, i64 %zext_ln238" [firmware/nnet_utils/nnet_activation.h:238]   --->   Operation 132 'getelementptr' 'table_out_V_addr' <Predicate = true> <Delay = 0.00>
ST_14 : Operation 133 [1/1] (1.15ns)   --->   "store i16 %exp_x_V, i16* %table_out_V_addr, align 2" [firmware/nnet_utils/nnet_activation.h:238]   --->   Operation 133 'store' <Predicate = true> <Delay = 1.15> <Core = "RAM">   --->   Core 37 'RAM' <Latency = 1> <II = 1> <Delay = 1.15> <Storage> <Opcode : 'load' 'store'> <Ports = 2> <Width = 16> <Depth = 32768> <RAM>
ST_14 : Operation 134 [1/1] (0.00ns)   --->   "br label %1" [firmware/nnet_utils/nnet_activation.h:234]   --->   Operation 134 'br' <Predicate = true> <Delay = 0.00>


============================================================
+ Verbose Summary: Timing violations
============================================================
Target clock period: 5ns, clock uncertainty: 0.625ns.

 <State 1>: 0.603ns
The critical path consists of the following:
	multiplexor before 'phi' operation ('i') with incoming values : ('i', firmware/nnet_utils/nnet_activation.h:234) [4]  (0.603 ns)

 <State 2>: 4ns
The critical path consists of the following:
	'phi' operation ('i') with incoming values : ('i', firmware/nnet_utils/nnet_activation.h:234) [4]  (0 ns)
	'shl' operation ('tmp.V', firmware/nnet_utils/nnet_activation.h:216->firmware/nnet_utils/nnet_activation.h:236) [10]  (0 ns)
	'sub' operation ('tmp.V', firmware/nnet_utils/nnet_activation.h:219->firmware/nnet_utils/nnet_activation.h:236) [13]  (0.608 ns)
	'select' operation ('tmp.V', firmware/nnet_utils/nnet_activation.h:219->firmware/nnet_utils/nnet_activation.h:236) [14]  (0.243 ns)
	'cttz' operation ('l', firmware/nnet_utils/nnet_activation.h:219->firmware/nnet_utils/nnet_activation.h:236) [17]  (0.84 ns)
	'sub' operation ('sub_ln944', firmware/nnet_utils/nnet_activation.h:219->firmware/nnet_utils/nnet_activation.h:236) [18]  (0.669 ns)
	'add' operation ('lsb_index', firmware/nnet_utils/nnet_activation.h:219->firmware/nnet_utils/nnet_activation.h:236) [20]  (0.669 ns)
	'icmp' operation ('icmp_ln947', firmware/nnet_utils/nnet_activation.h:219->firmware/nnet_utils/nnet_activation.h:236) [22]  (0.848 ns)
	'and' operation ('a', firmware/nnet_utils/nnet_activation.h:219->firmware/nnet_utils/nnet_activation.h:236) [29]  (0 ns)
	'or' operation ('or_ln949', firmware/nnet_utils/nnet_activation.h:219->firmware/nnet_utils/nnet_activation.h:236) [35]  (0 ns)
	blocking operation 0.122 ns on control path)

 <State 3>: 3.09ns
The critical path consists of the following:
	'add' operation ('add_ln958', firmware/nnet_utils/nnet_activation.h:219->firmware/nnet_utils/nnet_activation.h:236) [40]  (0.669 ns)
	'lshr' operation ('lshr_ln958', firmware/nnet_utils/nnet_activation.h:219->firmware/nnet_utils/nnet_activation.h:236) [41]  (0 ns)
	'select' operation ('m', firmware/nnet_utils/nnet_activation.h:219->firmware/nnet_utils/nnet_activation.h:236) [46]  (0 ns)
	'add' operation ('m', firmware/nnet_utils/nnet_activation.h:219->firmware/nnet_utils/nnet_activation.h:236) [48]  (1.05 ns)
	'select' operation ('select_ln964', firmware/nnet_utils/nnet_activation.h:219->firmware/nnet_utils/nnet_activation.h:236) [52]  (0.303 ns)
	'add' operation ('add_ln964', firmware/nnet_utils/nnet_activation.h:219->firmware/nnet_utils/nnet_activation.h:236) [55]  (0.838 ns)
	'select' operation ('x', firmware/nnet_utils/nnet_activation.h:219->firmware/nnet_utils/nnet_activation.h:236) [60]  (0.227 ns)

 <State 4>: 2.96ns
The critical path consists of the following:
	'fexp' operation ('v', /vol/cc/opt/Xilinx/2019.2/Vivado/2019.2/lnx64/tools/gcc/lib/gcc/x86_64-unknown-linux-gnu/4.6.3/../../../../include/c++/4.6.3/cmath:217->firmware/nnet_utils/nnet_activation.h:203->firmware/nnet_utils/nnet_activation.h:237) [61]  (2.96 ns)

 <State 5>: 2.96ns
The critical path consists of the following:
	'fexp' operation ('v', /vol/cc/opt/Xilinx/2019.2/Vivado/2019.2/lnx64/tools/gcc/lib/gcc/x86_64-unknown-linux-gnu/4.6.3/../../../../include/c++/4.6.3/cmath:217->firmware/nnet_utils/nnet_activation.h:203->firmware/nnet_utils/nnet_activation.h:237) [61]  (2.96 ns)

 <State 6>: 2.96ns
The critical path consists of the following:
	'fexp' operation ('v', /vol/cc/opt/Xilinx/2019.2/Vivado/2019.2/lnx64/tools/gcc/lib/gcc/x86_64-unknown-linux-gnu/4.6.3/../../../../include/c++/4.6.3/cmath:217->firmware/nnet_utils/nnet_activation.h:203->firmware/nnet_utils/nnet_activation.h:237) [61]  (2.96 ns)

 <State 7>: 2.96ns
The critical path consists of the following:
	'fexp' operation ('v', /vol/cc/opt/Xilinx/2019.2/Vivado/2019.2/lnx64/tools/gcc/lib/gcc/x86_64-unknown-linux-gnu/4.6.3/../../../../include/c++/4.6.3/cmath:217->firmware/nnet_utils/nnet_activation.h:203->firmware/nnet_utils/nnet_activation.h:237) [61]  (2.96 ns)

 <State 8>: 2.96ns
The critical path consists of the following:
	'fexp' operation ('v', /vol/cc/opt/Xilinx/2019.2/Vivado/2019.2/lnx64/tools/gcc/lib/gcc/x86_64-unknown-linux-gnu/4.6.3/../../../../include/c++/4.6.3/cmath:217->firmware/nnet_utils/nnet_activation.h:203->firmware/nnet_utils/nnet_activation.h:237) [61]  (2.96 ns)

 <State 9>: 2.96ns
The critical path consists of the following:
	'fexp' operation ('v', /vol/cc/opt/Xilinx/2019.2/Vivado/2019.2/lnx64/tools/gcc/lib/gcc/x86_64-unknown-linux-gnu/4.6.3/../../../../include/c++/4.6.3/cmath:217->firmware/nnet_utils/nnet_activation.h:203->firmware/nnet_utils/nnet_activation.h:237) [61]  (2.96 ns)

 <State 10>: 2.96ns
The critical path consists of the following:
	'fexp' operation ('v', /vol/cc/opt/Xilinx/2019.2/Vivado/2019.2/lnx64/tools/gcc/lib/gcc/x86_64-unknown-linux-gnu/4.6.3/../../../../include/c++/4.6.3/cmath:217->firmware/nnet_utils/nnet_activation.h:203->firmware/nnet_utils/nnet_activation.h:237) [61]  (2.96 ns)

 <State 11>: 2.96ns
The critical path consists of the following:
	'fexp' operation ('v', /vol/cc/opt/Xilinx/2019.2/Vivado/2019.2/lnx64/tools/gcc/lib/gcc/x86_64-unknown-linux-gnu/4.6.3/../../../../include/c++/4.6.3/cmath:217->firmware/nnet_utils/nnet_activation.h:203->firmware/nnet_utils/nnet_activation.h:237) [61]  (2.96 ns)

 <State 12>: 1.54ns
The critical path consists of the following:
	'fpext' operation ('d', firmware/nnet_utils/nnet_activation.h:237) [62]  (1.54 ns)

 <State 13>: 2.6ns
The critical path consists of the following:
	'fpext' operation ('d', firmware/nnet_utils/nnet_activation.h:237) [62]  (1.54 ns)
	'icmp' operation ('icmp_ln571', firmware/nnet_utils/nnet_activation.h:237) [73]  (1.06 ns)

 <State 14>: 4.16ns
The critical path consists of the following:
	'icmp' operation ('icmp_ln581', firmware/nnet_utils/nnet_activation.h:237) [75]  (0.629 ns)
	'select' operation ('sh_amt', firmware/nnet_utils/nnet_activation.h:237) [78]  (0.299 ns)
	'icmp' operation ('icmp_ln603', firmware/nnet_utils/nnet_activation.h:237) [84]  (0.581 ns)
	'and' operation ('and_ln603', firmware/nnet_utils/nnet_activation.h:237) [103]  (0.122 ns)
	'select' operation ('select_ln603', firmware/nnet_utils/nnet_activation.h:237) [104]  (1.13 ns)
	'select' operation ('select_ln603_11', firmware/nnet_utils/nnet_activation.h:237) [108]  (0 ns)
	'select' operation ('exp_x.V', firmware/nnet_utils/nnet_activation.h:237) [110]  (0.243 ns)
	'store' operation ('store_ln238', firmware/nnet_utils/nnet_activation.h:238) of variable 'exp_x.V', firmware/nnet_utils/nnet_activation.h:237 on array 'table_out_V' [113]  (1.16 ns)


============================================================
+ Verbose Summary: Binding
============================================================
N/A
* FSMD analyzer results:
  - Output states:
 - Input state : 
  - Chain level:
	State 1
	State 2
	State 3
	State 4
	State 5
	State 6
	State 7
	State 8
	State 9
	State 10
	State 11
	State 12
	State 13
	State 14


============================================================
+ Verbose Summary: Datapath Resource usage 
============================================================
N/A
