

================================================================
== Vivado HLS Report for 'init_invert_table_ap_fixed_sa_softmax_config0_s'
================================================================
* Date:           Wed Apr 20 21:27:35 2022

* Version:        2019.2 (Build 2704478 on Wed Nov 06 22:10:23 MST 2019)
* Project:        myproject_prj
* Solution:       solution1
* Product family: virtexuplus
* Target device:  xcu250-figd2104-2L-e


================================================================
== Performance Estimates
================================================================
+ Timing: 
    * Summary: 
    +--------+---------+----------+------------+
    |  Clock |  Target | Estimated| Uncertainty|
    +--------+---------+----------+------------+
    |ap_clk  | 5.00 ns | 4.157 ns |   0.62 ns  |
    +--------+---------+----------+------------+

+ Latency: 
    * Summary: 
    +---------+---------+----------+----------+--------+--------+---------+
    |  Latency (cycles) |  Latency (absolute) |     Interval    | Pipeline|
    |   min   |   max   |    min   |    max   |   min  |   max  |   Type  |
    +---------+---------+----------+----------+--------+--------+---------+
    |   458753|   458753| 2.294 ms | 2.294 ms |  458753|  458753|   none  |
    +---------+---------+----------+----------+--------+--------+---------+

    + Detail: 
        * Instance: 
        N/A

        * Loop: 
        +----------+---------+---------+----------+-----------+-----------+-------+----------+
        |          |  Latency (cycles) | Iteration|  Initiation Interval  |  Trip |          |
        | Loop Name|   min   |   max   |  Latency |  achieved |   target  | Count | Pipelined|
        +----------+---------+---------+----------+-----------+-----------+-------+----------+
        |- Loop 1  |   458752|   458752|        14|          -|          -|  32768|    no    |
        +----------+---------+---------+----------+-----------+-----------+-------+----------+

============================================================
+ Verbose Summary: Synthesis Manager
============================================================
InlineROM: 1
ExposeGlobal: 0
============================================================
+ Verbose Summary: CDFG Model
============================================================
IsTopModel: 0
ResetActiveHigh: 1
IsCombinational: 0
IsDatapathOnly: 0
HasWiredReturn: 1
HasMFsm: 0
HasVarLatency: 1
IsPipeline: 0
IsRtlPipelined: 0
IsInstanceOverlapped: 0
IsDontTouch: 0
HasImplIP: 0
IsGatedGlobalClock: 0


============================================================
+ Verbose Summary: Schedule
============================================================
* Number of FSM states : 15
* Pipeline : 0
* Dataflow Pipeline: 0

* FSM state transitions: 
1 --> 2 
2 --> 3 
3 --> 4 
4 --> 5 
5 --> 6 
6 --> 7 
7 --> 8 
8 --> 9 
9 --> 10 
10 --> 11 
11 --> 12 
12 --> 13 
13 --> 14 
14 --> 15 
15 --> 2 

* FSM state operations: 

State 1 <SV = 0> <Delay = 0.60>
ST_1 : Operation 16 [1/1] (0.60ns)   --->   "br label %1" [firmware/nnet_utils/nnet_activation.h:263]   --->   Operation 16 'br' <Predicate = true> <Delay = 0.60>

State 2 <SV = 1> <Delay = 3.99>
ST_2 : Operation 17 [1/1] (0.00ns)   --->   "%i_assign = phi i16 [ 0, %0 ], [ %i, %_ifconv ]"   --->   Operation 17 'phi' 'i_assign' <Predicate = true> <Delay = 0.00>
ST_2 : Operation 18 [1/1] (0.67ns)   --->   "%icmp_ln263 = icmp eq i16 %i_assign, -32768" [firmware/nnet_utils/nnet_activation.h:263]   --->   Operation 18 'icmp' 'icmp_ln263' <Predicate = true> <Delay = 0.67> <Core = "Cmp">   --->   Core 25 'Cmp' <Latency = 0> <II = 1> <Delay = 0.58> <FuncUnit> <Opcode : 'icmp'> <InPorts = 2> <OutPorts = 1>
ST_2 : Operation 19 [1/1] (0.00ns)   --->   "%empty = call i32 (...)* @_ssdm_op_SpecLoopTripCount(i64 32768, i64 32768, i64 32768)"   --->   Operation 19 'speclooptripcount' 'empty' <Predicate = true> <Delay = 0.00>
ST_2 : Operation 20 [1/1] (0.60ns)   --->   "%i = add i16 %i_assign, 1" [firmware/nnet_utils/nnet_activation.h:263]   --->   Operation 20 'add' 'i' <Predicate = true> <Delay = 0.60> <Core = "AddSub">   --->   Core 14 'AddSub' <Latency = 0> <II = 1> <Delay = 0.52> <FuncUnit> <Opcode : 'add' 'sub'> <InPorts = 2> <OutPorts = 1>
ST_2 : Operation 21 [1/1] (0.00ns)   --->   "br i1 %icmp_ln263, label %2, label %_ifconv" [firmware/nnet_utils/nnet_activation.h:263]   --->   Operation 21 'br' <Predicate = true> <Delay = 0.00>
ST_2 : Operation 22 [1/1] (0.00ns)   --->   "%tmp_V_11 = shl i16 %i_assign, 1" [firmware/nnet_utils/nnet_activation.h:216->firmware/nnet_utils/nnet_activation.h:264]   --->   Operation 22 'shl' 'tmp_V_11' <Predicate = (!icmp_ln263)> <Delay = 0.00>
ST_2 : Operation 23 [1/1] (0.67ns)   --->   "%icmp_ln935 = icmp eq i16 %tmp_V_11, 0" [firmware/nnet_utils/nnet_activation.h:219->firmware/nnet_utils/nnet_activation.h:264]   --->   Operation 23 'icmp' 'icmp_ln935' <Predicate = (!icmp_ln263)> <Delay = 0.67> <Core = "Cmp">   --->   Core 25 'Cmp' <Latency = 0> <II = 1> <Delay = 0.58> <FuncUnit> <Opcode : 'icmp'> <InPorts = 2> <OutPorts = 1>
ST_2 : Operation 24 [1/1] (0.00ns)   --->   "%p_Result_33 = call i1 @_ssdm_op_BitSelect.i1.i16.i32(i16 %i_assign, i32 14)" [firmware/nnet_utils/nnet_activation.h:219->firmware/nnet_utils/nnet_activation.h:264]   --->   Operation 24 'bitselect' 'p_Result_33' <Predicate = (!icmp_ln263)> <Delay = 0.00>
ST_2 : Operation 25 [1/1] (0.60ns)   --->   "%tmp_V = sub i16 0, %tmp_V_11" [firmware/nnet_utils/nnet_activation.h:219->firmware/nnet_utils/nnet_activation.h:264]   --->   Operation 25 'sub' 'tmp_V' <Predicate = (!icmp_ln263)> <Delay = 0.60> <Core = "AddSub">   --->   Core 14 'AddSub' <Latency = 0> <II = 1> <Delay = 0.52> <FuncUnit> <Opcode : 'add' 'sub'> <InPorts = 2> <OutPorts = 1>
ST_2 : Operation 26 [1/1] (0.24ns)   --->   "%tmp_V_12 = select i1 %p_Result_33, i16 %tmp_V, i16 %tmp_V_11" [firmware/nnet_utils/nnet_activation.h:219->firmware/nnet_utils/nnet_activation.h:264]   --->   Operation 26 'select' 'tmp_V_12' <Predicate = (!icmp_ln263)> <Delay = 0.24> <Core = "Sel">   --->   Core 26 'Sel' <Latency = 0> <II = 1> <Delay = 0.24> <FuncUnit> <Opcode : 'select'> <InPorts = 3> <OutPorts = 1>
ST_2 : Operation 27 [1/1] (0.00ns)   --->   "%p_Result_8 = call i16 @llvm.part.select.i16(i16 %tmp_V_12, i32 15, i32 0) nounwind" [firmware/nnet_utils/nnet_activation.h:219->firmware/nnet_utils/nnet_activation.h:264]   --->   Operation 27 'partselect' 'p_Result_8' <Predicate = (!icmp_ln263)> <Delay = 0.00>
ST_2 : Operation 28 [1/1] (0.00ns)   --->   "%p_Result_34 = call i32 @_ssdm_op_BitConcatenate.i32.i16.i16(i16 -1, i16 %p_Result_8) nounwind" [firmware/nnet_utils/nnet_activation.h:219->firmware/nnet_utils/nnet_activation.h:264]   --->   Operation 28 'bitconcatenate' 'p_Result_34' <Predicate = (!icmp_ln263)> <Delay = 0.00>
ST_2 : Operation 29 [1/1] (0.84ns)   --->   "%l = call i32 @llvm.cttz.i32(i32 %p_Result_34, i1 true) nounwind" [firmware/nnet_utils/nnet_activation.h:219->firmware/nnet_utils/nnet_activation.h:264]   --->   Operation 29 'cttz' 'l' <Predicate = (!icmp_ln263)> <Delay = 0.84> <Core = "CTTZ">   --->   Core 64 'CTTZ' <Latency = 0> <II = 1> <Delay = 0.84> <FuncUnit> <Opcode : 'cttz'> <InPorts = 1> <OutPorts = 1>
ST_2 : Operation 30 [1/1] (0.66ns)   --->   "%sub_ln944 = sub nsw i32 16, %l" [firmware/nnet_utils/nnet_activation.h:219->firmware/nnet_utils/nnet_activation.h:264]   --->   Operation 30 'sub' 'sub_ln944' <Predicate = (!icmp_ln263)> <Delay = 0.66> <Core = "AddSub">   --->   Core 14 'AddSub' <Latency = 0> <II = 1> <Delay = 0.52> <FuncUnit> <Opcode : 'add' 'sub'> <InPorts = 2> <OutPorts = 1>
ST_2 : Operation 31 [1/1] (0.00ns)   --->   "%trunc_ln944 = trunc i32 %sub_ln944 to i16" [firmware/nnet_utils/nnet_activation.h:219->firmware/nnet_utils/nnet_activation.h:264]   --->   Operation 31 'trunc' 'trunc_ln944' <Predicate = (!icmp_ln263)> <Delay = 0.00>
ST_2 : Operation 32 [1/1] (0.66ns)   --->   "%lsb_index = add nsw i32 -24, %sub_ln944" [firmware/nnet_utils/nnet_activation.h:219->firmware/nnet_utils/nnet_activation.h:264]   --->   Operation 32 'add' 'lsb_index' <Predicate = (!icmp_ln263)> <Delay = 0.66> <Core = "AddSub">   --->   Core 14 'AddSub' <Latency = 0> <II = 1> <Delay = 0.52> <FuncUnit> <Opcode : 'add' 'sub'> <InPorts = 2> <OutPorts = 1>
ST_2 : Operation 33 [1/1] (0.00ns)   --->   "%tmp_17 = call i31 @_ssdm_op_PartSelect.i31.i32.i32.i32(i32 %lsb_index, i32 1, i32 31)" [firmware/nnet_utils/nnet_activation.h:219->firmware/nnet_utils/nnet_activation.h:264]   --->   Operation 33 'partselect' 'tmp_17' <Predicate = (!icmp_ln263)> <Delay = 0.00>
ST_2 : Operation 34 [1/1] (0.84ns)   --->   "%icmp_ln947 = icmp sgt i31 %tmp_17, 0" [firmware/nnet_utils/nnet_activation.h:219->firmware/nnet_utils/nnet_activation.h:264]   --->   Operation 34 'icmp' 'icmp_ln947' <Predicate = (!icmp_ln263)> <Delay = 0.84> <Core = "Cmp">   --->   Core 25 'Cmp' <Latency = 0> <II = 1> <Delay = 0.58> <FuncUnit> <Opcode : 'icmp'> <InPorts = 2> <OutPorts = 1>
ST_2 : Operation 35 [1/1] (0.00ns)   --->   "%trunc_ln947 = trunc i32 %sub_ln944 to i5" [firmware/nnet_utils/nnet_activation.h:219->firmware/nnet_utils/nnet_activation.h:264]   --->   Operation 35 'trunc' 'trunc_ln947' <Predicate = (!icmp_ln263)> <Delay = 0.00>
ST_2 : Operation 36 [1/1] (0.34ns)   --->   "%sub_ln947 = sub i5 9, %trunc_ln947" [firmware/nnet_utils/nnet_activation.h:219->firmware/nnet_utils/nnet_activation.h:264]   --->   Operation 36 'sub' 'sub_ln947' <Predicate = (!icmp_ln263)> <Delay = 0.34> <Core = "AddSub">   --->   Core 14 'AddSub' <Latency = 0> <II = 1> <Delay = 0.52> <FuncUnit> <Opcode : 'add' 'sub'> <InPorts = 2> <OutPorts = 1>
ST_2 : Operation 37 [1/1] (0.00ns) (grouped into LUT with out node icmp_ln947_3)   --->   "%zext_ln947 = zext i5 %sub_ln947 to i16" [firmware/nnet_utils/nnet_activation.h:219->firmware/nnet_utils/nnet_activation.h:264]   --->   Operation 37 'zext' 'zext_ln947' <Predicate = (!icmp_ln263)> <Delay = 0.00>
ST_2 : Operation 38 [1/1] (0.00ns) (grouped into LUT with out node icmp_ln947_3)   --->   "%lshr_ln947 = lshr i16 -1, %zext_ln947" [firmware/nnet_utils/nnet_activation.h:219->firmware/nnet_utils/nnet_activation.h:264]   --->   Operation 38 'lshr' 'lshr_ln947' <Predicate = (!icmp_ln263)> <Delay = 0.00> <Core = "Shift">   --->   Core 28 'Shift' <Latency = 0> <II = 1> <Delay = 0.84> <FuncUnit> <Opcode : 'shl' 'lshr' 'ashr'> <InPorts = 2> <OutPorts = 1>
ST_2 : Operation 39 [1/1] (0.00ns) (grouped into LUT with out node icmp_ln947_3)   --->   "%p_Result_s = and i16 %tmp_V_12, %lshr_ln947" [firmware/nnet_utils/nnet_activation.h:219->firmware/nnet_utils/nnet_activation.h:264]   --->   Operation 39 'and' 'p_Result_s' <Predicate = (!icmp_ln263)> <Delay = 0.00> <Core = "LogicGate">   --->   Core 27 'LogicGate' <Latency = 0> <II = 1> <Delay = 0.12> <FuncUnit> <Opcode : 'and' 'or' 'xor'> <InPorts = 2> <OutPorts = 1>
ST_2 : Operation 40 [1/1] (0.67ns) (out node of the LUT)   --->   "%icmp_ln947_3 = icmp ne i16 %p_Result_s, 0" [firmware/nnet_utils/nnet_activation.h:219->firmware/nnet_utils/nnet_activation.h:264]   --->   Operation 40 'icmp' 'icmp_ln947_3' <Predicate = (!icmp_ln263)> <Delay = 0.67> <Core = "Cmp">   --->   Core 25 'Cmp' <Latency = 0> <II = 1> <Delay = 0.58> <FuncUnit> <Opcode : 'icmp'> <InPorts = 2> <OutPorts = 1>
ST_2 : Operation 41 [1/1] (0.00ns) (grouped into LUT with out node or_ln_i)   --->   "%a = and i1 %icmp_ln947, %icmp_ln947_3" [firmware/nnet_utils/nnet_activation.h:219->firmware/nnet_utils/nnet_activation.h:264]   --->   Operation 41 'and' 'a' <Predicate = (!icmp_ln263)> <Delay = 0.00> <Core = "LogicGate">   --->   Core 27 'LogicGate' <Latency = 0> <II = 1> <Delay = 0.12> <FuncUnit> <Opcode : 'and' 'or' 'xor'> <InPorts = 2> <OutPorts = 1>
ST_2 : Operation 42 [1/1] (0.00ns) (grouped into LUT with out node or_ln_i)   --->   "%tmp_18 = call i1 @_ssdm_op_BitSelect.i1.i32.i32(i32 %lsb_index, i32 31)" [firmware/nnet_utils/nnet_activation.h:219->firmware/nnet_utils/nnet_activation.h:264]   --->   Operation 42 'bitselect' 'tmp_18' <Predicate = (!icmp_ln263)> <Delay = 0.00>
ST_2 : Operation 43 [1/1] (0.00ns) (grouped into LUT with out node or_ln_i)   --->   "%xor_ln949 = xor i1 %tmp_18, true" [firmware/nnet_utils/nnet_activation.h:219->firmware/nnet_utils/nnet_activation.h:264]   --->   Operation 43 'xor' 'xor_ln949' <Predicate = (!icmp_ln263)> <Delay = 0.00> <Core = "LogicGate">   --->   Core 27 'LogicGate' <Latency = 0> <II = 1> <Delay = 0.12> <FuncUnit> <Opcode : 'and' 'or' 'xor'> <InPorts = 2> <OutPorts = 1>
ST_2 : Operation 44 [1/1] (0.60ns)   --->   "%add_ln949 = add i16 -24, %trunc_ln944" [firmware/nnet_utils/nnet_activation.h:219->firmware/nnet_utils/nnet_activation.h:264]   --->   Operation 44 'add' 'add_ln949' <Predicate = (!icmp_ln263)> <Delay = 0.60> <Core = "AddSub">   --->   Core 14 'AddSub' <Latency = 0> <II = 1> <Delay = 0.52> <FuncUnit> <Opcode : 'add' 'sub'> <InPorts = 2> <OutPorts = 1>
ST_2 : Operation 45 [1/1] (0.00ns) (grouped into LUT with out node or_ln_i)   --->   "%p_Result_29 = call i1 @_ssdm_op_BitSelect.i1.i16.i16(i16 %tmp_V_12, i16 %add_ln949) nounwind" [firmware/nnet_utils/nnet_activation.h:219->firmware/nnet_utils/nnet_activation.h:264]   --->   Operation 45 'bitselect' 'p_Result_29' <Predicate = (!icmp_ln263)> <Delay = 0.00>
ST_2 : Operation 46 [1/1] (0.00ns) (grouped into LUT with out node or_ln_i)   --->   "%and_ln949 = and i1 %p_Result_29, %xor_ln949" [firmware/nnet_utils/nnet_activation.h:219->firmware/nnet_utils/nnet_activation.h:264]   --->   Operation 46 'and' 'and_ln949' <Predicate = (!icmp_ln263)> <Delay = 0.00> <Core = "LogicGate">   --->   Core 27 'LogicGate' <Latency = 0> <II = 1> <Delay = 0.12> <FuncUnit> <Opcode : 'and' 'or' 'xor'> <InPorts = 2> <OutPorts = 1>
ST_2 : Operation 47 [1/1] (0.00ns) (grouped into LUT with out node or_ln_i)   --->   "%or_ln949 = or i1 %and_ln949, %a" [firmware/nnet_utils/nnet_activation.h:219->firmware/nnet_utils/nnet_activation.h:264]   --->   Operation 47 'or' 'or_ln949' <Predicate = (!icmp_ln263)> <Delay = 0.00> <Core = "LogicGate">   --->   Core 27 'LogicGate' <Latency = 0> <II = 1> <Delay = 0.12> <FuncUnit> <Opcode : 'and' 'or' 'xor'> <InPorts = 2> <OutPorts = 1>
ST_2 : Operation 48 [1/1] (0.12ns) (out node of the LUT)   --->   "%or_ln_i = call i32 @_ssdm_op_BitConcatenate.i32.i31.i1(i31 0, i1 %or_ln949) nounwind" [firmware/nnet_utils/nnet_activation.h:219->firmware/nnet_utils/nnet_activation.h:264]   --->   Operation 48 'bitconcatenate' 'or_ln_i' <Predicate = (!icmp_ln263)> <Delay = 0.12>
ST_2 : Operation 49 [1/1] (0.85ns)   --->   "%icmp_ln958 = icmp sgt i32 %lsb_index, 0" [firmware/nnet_utils/nnet_activation.h:219->firmware/nnet_utils/nnet_activation.h:264]   --->   Operation 49 'icmp' 'icmp_ln958' <Predicate = (!icmp_ln263)> <Delay = 0.85> <Core = "Cmp">   --->   Core 25 'Cmp' <Latency = 0> <II = 1> <Delay = 0.58> <FuncUnit> <Opcode : 'icmp'> <InPorts = 2> <OutPorts = 1>
ST_2 : Operation 50 [1/1] (0.00ns)   --->   "%trunc_ln943 = trunc i32 %l to i8" [firmware/nnet_utils/nnet_activation.h:219->firmware/nnet_utils/nnet_activation.h:264]   --->   Operation 50 'trunc' 'trunc_ln943' <Predicate = (!icmp_ln263)> <Delay = 0.00>
ST_2 : Operation 51 [1/1] (0.00ns)   --->   "ret void" [firmware/nnet_utils/nnet_activation.h:270]   --->   Operation 51 'ret' <Predicate = (icmp_ln263)> <Delay = 0.00>

State 3 <SV = 2> <Delay = 3.09>
ST_3 : Operation 52 [1/1] (0.00ns) (grouped into LUT with out node m_13)   --->   "%m = zext i16 %tmp_V_12 to i64" [firmware/nnet_utils/nnet_activation.h:219->firmware/nnet_utils/nnet_activation.h:264]   --->   Operation 52 'zext' 'm' <Predicate = (!icmp_ln958 & !icmp_ln935)> <Delay = 0.00>
ST_3 : Operation 53 [1/1] (0.00ns) (grouped into LUT with out node m_13)   --->   "%zext_ln957_3 = zext i16 %tmp_V_12 to i32" [firmware/nnet_utils/nnet_activation.h:219->firmware/nnet_utils/nnet_activation.h:264]   --->   Operation 53 'zext' 'zext_ln957_3' <Predicate = (icmp_ln958 & !icmp_ln935)> <Delay = 0.00>
ST_3 : Operation 54 [1/1] (0.66ns)   --->   "%add_ln958 = add nsw i32 -25, %sub_ln944" [firmware/nnet_utils/nnet_activation.h:219->firmware/nnet_utils/nnet_activation.h:264]   --->   Operation 54 'add' 'add_ln958' <Predicate = (icmp_ln958 & !icmp_ln935)> <Delay = 0.66> <Core = "AddSub">   --->   Core 14 'AddSub' <Latency = 0> <II = 1> <Delay = 0.52> <FuncUnit> <Opcode : 'add' 'sub'> <InPorts = 2> <OutPorts = 1>
ST_3 : Operation 55 [1/1] (0.00ns) (grouped into LUT with out node m_13)   --->   "%lshr_ln958 = lshr i32 %zext_ln957_3, %add_ln958" [firmware/nnet_utils/nnet_activation.h:219->firmware/nnet_utils/nnet_activation.h:264]   --->   Operation 55 'lshr' 'lshr_ln958' <Predicate = (icmp_ln958 & !icmp_ln935)> <Delay = 0.00> <Core = "Shift">   --->   Core 28 'Shift' <Latency = 0> <II = 1> <Delay = 0.84> <FuncUnit> <Opcode : 'shl' 'lshr' 'ashr'> <InPorts = 2> <OutPorts = 1>
ST_3 : Operation 56 [1/1] (0.00ns) (grouped into LUT with out node m_13)   --->   "%zext_ln958 = zext i32 %lshr_ln958 to i64" [firmware/nnet_utils/nnet_activation.h:219->firmware/nnet_utils/nnet_activation.h:264]   --->   Operation 56 'zext' 'zext_ln958' <Predicate = (icmp_ln958 & !icmp_ln935)> <Delay = 0.00>
ST_3 : Operation 57 [1/1] (0.66ns)   --->   "%sub_ln958 = sub i32 25, %sub_ln944" [firmware/nnet_utils/nnet_activation.h:219->firmware/nnet_utils/nnet_activation.h:264]   --->   Operation 57 'sub' 'sub_ln958' <Predicate = (!icmp_ln958 & !icmp_ln935)> <Delay = 0.66> <Core = "AddSub">   --->   Core 14 'AddSub' <Latency = 0> <II = 1> <Delay = 0.52> <FuncUnit> <Opcode : 'add' 'sub'> <InPorts = 2> <OutPorts = 1>
ST_3 : Operation 58 [1/1] (0.00ns) (grouped into LUT with out node m_13)   --->   "%zext_ln958_3 = zext i32 %sub_ln958 to i64" [firmware/nnet_utils/nnet_activation.h:219->firmware/nnet_utils/nnet_activation.h:264]   --->   Operation 58 'zext' 'zext_ln958_3' <Predicate = (!icmp_ln958 & !icmp_ln935)> <Delay = 0.00>
ST_3 : Operation 59 [1/1] (0.00ns) (grouped into LUT with out node m_13)   --->   "%shl_ln958 = shl i64 %m, %zext_ln958_3" [firmware/nnet_utils/nnet_activation.h:219->firmware/nnet_utils/nnet_activation.h:264]   --->   Operation 59 'shl' 'shl_ln958' <Predicate = (!icmp_ln958 & !icmp_ln935)> <Delay = 0.00> <Core = "Shift">   --->   Core 28 'Shift' <Latency = 0> <II = 1> <Delay = 0.84> <FuncUnit> <Opcode : 'shl' 'lshr' 'ashr'> <InPorts = 2> <OutPorts = 1>
ST_3 : Operation 60 [1/1] (0.00ns) (grouped into LUT with out node m_13)   --->   "%m_12 = select i1 %icmp_ln958, i64 %zext_ln958, i64 %shl_ln958" [firmware/nnet_utils/nnet_activation.h:219->firmware/nnet_utils/nnet_activation.h:264]   --->   Operation 60 'select' 'm_12' <Predicate = (!icmp_ln935)> <Delay = 0.00> <Core = "Sel">   --->   Core 26 'Sel' <Latency = 0> <II = 1> <Delay = 0.24> <FuncUnit> <Opcode : 'select'> <InPorts = 3> <OutPorts = 1>
ST_3 : Operation 61 [1/1] (0.00ns) (grouped into LUT with out node m_13)   --->   "%zext_ln961 = zext i32 %or_ln_i to i64" [firmware/nnet_utils/nnet_activation.h:219->firmware/nnet_utils/nnet_activation.h:264]   --->   Operation 61 'zext' 'zext_ln961' <Predicate = (!icmp_ln935)> <Delay = 0.00>
ST_3 : Operation 62 [1/1] (1.05ns) (out node of the LUT)   --->   "%m_13 = add i64 %zext_ln961, %m_12" [firmware/nnet_utils/nnet_activation.h:219->firmware/nnet_utils/nnet_activation.h:264]   --->   Operation 62 'add' 'm_13' <Predicate = (!icmp_ln935)> <Delay = 1.05> <Core = "AddSub">   --->   Core 14 'AddSub' <Latency = 0> <II = 1> <Delay = 0.52> <FuncUnit> <Opcode : 'add' 'sub'> <InPorts = 2> <OutPorts = 1>
ST_3 : Operation 63 [1/1] (0.00ns)   --->   "%m_s = call i63 @_ssdm_op_PartSelect.i63.i64.i32.i32(i64 %m_13, i32 1, i32 63)" [firmware/nnet_utils/nnet_activation.h:219->firmware/nnet_utils/nnet_activation.h:264]   --->   Operation 63 'partselect' 'm_s' <Predicate = (!icmp_ln935)> <Delay = 0.00>
ST_3 : Operation 64 [1/1] (0.00ns)   --->   "%m_16 = zext i63 %m_s to i64" [firmware/nnet_utils/nnet_activation.h:219->firmware/nnet_utils/nnet_activation.h:264]   --->   Operation 64 'zext' 'm_16' <Predicate = (!icmp_ln935)> <Delay = 0.00>
ST_3 : Operation 65 [1/1] (0.00ns)   --->   "%tmp_19 = call i1 @_ssdm_op_BitSelect.i1.i64.i32(i64 %m_13, i32 25)" [firmware/nnet_utils/nnet_activation.h:219->firmware/nnet_utils/nnet_activation.h:264]   --->   Operation 65 'bitselect' 'tmp_19' <Predicate = (!icmp_ln935)> <Delay = 0.00>
ST_3 : Operation 66 [1/1] (0.30ns)   --->   "%select_ln964 = select i1 %tmp_19, i8 127, i8 126" [firmware/nnet_utils/nnet_activation.h:219->firmware/nnet_utils/nnet_activation.h:264]   --->   Operation 66 'select' 'select_ln964' <Predicate = (!icmp_ln935)> <Delay = 0.30> <Core = "Sel">   --->   Core 26 'Sel' <Latency = 0> <II = 1> <Delay = 0.24> <FuncUnit> <Opcode : 'select'> <InPorts = 3> <OutPorts = 1>
ST_3 : Operation 67 [1/1] (0.00ns) (grouped into TernaryAdder)   --->   "%sub_ln964 = sub i8 6, %trunc_ln943" [firmware/nnet_utils/nnet_activation.h:219->firmware/nnet_utils/nnet_activation.h:264]   --->   Operation 67 'sub' 'sub_ln964' <Predicate = (!icmp_ln935)> <Delay = 0.00> <Core = "TAddSub">   --->   Core 83 'TAddSub' <Latency = 0> <II = 1> <Delay = 0.41> <IPBlock> <Opcode : 'add' 'sub'> <InPorts = 3> <OutPorts = 1> <Sync> <CReg>
ST_3 : Operation 68 [1/1] (0.83ns) (root node of TernaryAdder)   --->   "%add_ln964 = add i8 %sub_ln964, %select_ln964" [firmware/nnet_utils/nnet_activation.h:219->firmware/nnet_utils/nnet_activation.h:264]   --->   Operation 68 'add' 'add_ln964' <Predicate = (!icmp_ln935)> <Delay = 0.83> <Core = "TAddSub">   --->   Core 83 'TAddSub' <Latency = 0> <II = 1> <Delay = 0.41> <IPBlock> <Opcode : 'add' 'sub'> <InPorts = 3> <OutPorts = 1> <Sync> <CReg>
ST_3 : Operation 69 [1/1] (0.00ns)   --->   "%tmp_2_i = call i9 @_ssdm_op_BitConcatenate.i9.i1.i8(i1 %p_Result_33, i8 %add_ln964) nounwind" [firmware/nnet_utils/nnet_activation.h:219->firmware/nnet_utils/nnet_activation.h:264]   --->   Operation 69 'bitconcatenate' 'tmp_2_i' <Predicate = (!icmp_ln935)> <Delay = 0.00>
ST_3 : Operation 70 [1/1] (0.00ns)   --->   "%p_Result_35 = call i64 @_ssdm_op_PartSet.i64.i64.i9.i32.i32(i64 %m_16, i9 %tmp_2_i, i32 23, i32 31) nounwind" [firmware/nnet_utils/nnet_activation.h:219->firmware/nnet_utils/nnet_activation.h:264]   --->   Operation 70 'partset' 'p_Result_35' <Predicate = (!icmp_ln935)> <Delay = 0.00>
ST_3 : Operation 71 [1/1] (0.00ns)   --->   "%trunc_ln738 = trunc i64 %p_Result_35 to i32" [firmware/nnet_utils/nnet_activation.h:219->firmware/nnet_utils/nnet_activation.h:264]   --->   Operation 71 'trunc' 'trunc_ln738' <Predicate = (!icmp_ln935)> <Delay = 0.00>
ST_3 : Operation 72 [1/1] (0.00ns)   --->   "%bitcast_ln739 = bitcast i32 %trunc_ln738 to float" [firmware/nnet_utils/nnet_activation.h:219->firmware/nnet_utils/nnet_activation.h:264]   --->   Operation 72 'bitcast' 'bitcast_ln739' <Predicate = (!icmp_ln935)> <Delay = 0.00>
ST_3 : Operation 73 [1/1] (0.22ns)   --->   "%x = select i1 %icmp_ln935, float 0.000000e+00, float %bitcast_ln739" [firmware/nnet_utils/nnet_activation.h:219->firmware/nnet_utils/nnet_activation.h:264]   --->   Operation 73 'select' 'x' <Predicate = true> <Delay = 0.22> <Core = "Sel">   --->   Core 26 'Sel' <Latency = 0> <II = 1> <Delay = 0.24> <FuncUnit> <Opcode : 'select'> <InPorts = 3> <OutPorts = 1>

State 4 <SV = 3> <Delay = 3.74>
ST_4 : Operation 74 [9/9] (3.74ns)   --->   "%v_assign = fdiv float 1.000000e+00, %x" [firmware/nnet_utils/nnet_activation.h:265]   --->   Operation 74 'fdiv' 'v_assign' <Predicate = true> <Delay = 3.74> <Core = "FDiv">   --->   Core 107 'FDiv' <Latency = 8> <II = 1> <Delay = 3.74> <FuncUnit> <Opcode : 'fdiv' 'frem'> <InPorts = 2> <OutPorts = 1>

State 5 <SV = 4> <Delay = 3.74>
ST_5 : Operation 75 [8/9] (3.74ns)   --->   "%v_assign = fdiv float 1.000000e+00, %x" [firmware/nnet_utils/nnet_activation.h:265]   --->   Operation 75 'fdiv' 'v_assign' <Predicate = true> <Delay = 3.74> <Core = "FDiv">   --->   Core 107 'FDiv' <Latency = 8> <II = 1> <Delay = 3.74> <FuncUnit> <Opcode : 'fdiv' 'frem'> <InPorts = 2> <OutPorts = 1>

State 6 <SV = 5> <Delay = 3.74>
ST_6 : Operation 76 [7/9] (3.74ns)   --->   "%v_assign = fdiv float 1.000000e+00, %x" [firmware/nnet_utils/nnet_activation.h:265]   --->   Operation 76 'fdiv' 'v_assign' <Predicate = true> <Delay = 3.74> <Core = "FDiv">   --->   Core 107 'FDiv' <Latency = 8> <II = 1> <Delay = 3.74> <FuncUnit> <Opcode : 'fdiv' 'frem'> <InPorts = 2> <OutPorts = 1>

State 7 <SV = 6> <Delay = 3.74>
ST_7 : Operation 77 [6/9] (3.74ns)   --->   "%v_assign = fdiv float 1.000000e+00, %x" [firmware/nnet_utils/nnet_activation.h:265]   --->   Operation 77 'fdiv' 'v_assign' <Predicate = true> <Delay = 3.74> <Core = "FDiv">   --->   Core 107 'FDiv' <Latency = 8> <II = 1> <Delay = 3.74> <FuncUnit> <Opcode : 'fdiv' 'frem'> <InPorts = 2> <OutPorts = 1>

State 8 <SV = 7> <Delay = 3.74>
ST_8 : Operation 78 [5/9] (3.74ns)   --->   "%v_assign = fdiv float 1.000000e+00, %x" [firmware/nnet_utils/nnet_activation.h:265]   --->   Operation 78 'fdiv' 'v_assign' <Predicate = true> <Delay = 3.74> <Core = "FDiv">   --->   Core 107 'FDiv' <Latency = 8> <II = 1> <Delay = 3.74> <FuncUnit> <Opcode : 'fdiv' 'frem'> <InPorts = 2> <OutPorts = 1>

State 9 <SV = 8> <Delay = 3.74>
ST_9 : Operation 79 [4/9] (3.74ns)   --->   "%v_assign = fdiv float 1.000000e+00, %x" [firmware/nnet_utils/nnet_activation.h:265]   --->   Operation 79 'fdiv' 'v_assign' <Predicate = true> <Delay = 3.74> <Core = "FDiv">   --->   Core 107 'FDiv' <Latency = 8> <II = 1> <Delay = 3.74> <FuncUnit> <Opcode : 'fdiv' 'frem'> <InPorts = 2> <OutPorts = 1>

State 10 <SV = 9> <Delay = 3.74>
ST_10 : Operation 80 [3/9] (3.74ns)   --->   "%v_assign = fdiv float 1.000000e+00, %x" [firmware/nnet_utils/nnet_activation.h:265]   --->   Operation 80 'fdiv' 'v_assign' <Predicate = true> <Delay = 3.74> <Core = "FDiv">   --->   Core 107 'FDiv' <Latency = 8> <II = 1> <Delay = 3.74> <FuncUnit> <Opcode : 'fdiv' 'frem'> <InPorts = 2> <OutPorts = 1>

State 11 <SV = 10> <Delay = 3.74>
ST_11 : Operation 81 [2/9] (3.74ns)   --->   "%v_assign = fdiv float 1.000000e+00, %x" [firmware/nnet_utils/nnet_activation.h:265]   --->   Operation 81 'fdiv' 'v_assign' <Predicate = true> <Delay = 3.74> <Core = "FDiv">   --->   Core 107 'FDiv' <Latency = 8> <II = 1> <Delay = 3.74> <FuncUnit> <Opcode : 'fdiv' 'frem'> <InPorts = 2> <OutPorts = 1>

State 12 <SV = 11> <Delay = 3.74>
ST_12 : Operation 82 [1/9] (3.74ns)   --->   "%v_assign = fdiv float 1.000000e+00, %x" [firmware/nnet_utils/nnet_activation.h:265]   --->   Operation 82 'fdiv' 'v_assign' <Predicate = true> <Delay = 3.74> <Core = "FDiv">   --->   Core 107 'FDiv' <Latency = 8> <II = 1> <Delay = 3.74> <FuncUnit> <Opcode : 'fdiv' 'frem'> <InPorts = 2> <OutPorts = 1>

State 13 <SV = 12> <Delay = 1.54>
ST_13 : Operation 83 [2/2] (1.54ns)   --->   "%d_assign = fpext float %v_assign to double" [firmware/nnet_utils/nnet_activation.h:265]   --->   Operation 83 'fpext' 'd_assign' <Predicate = true> <Delay = 1.54> <Core = "Float2Double">   --->   Core 114 'Float2Double' <Latency = 1> <II = 1> <Delay = 1.54> <FuncUnit> <Opcode : 'fpext'> <InPorts = 1> <OutPorts = 1>

State 14 <SV = 13> <Delay = 2.59>
ST_14 : Operation 84 [1/2] (1.54ns)   --->   "%d_assign = fpext float %v_assign to double" [firmware/nnet_utils/nnet_activation.h:265]   --->   Operation 84 'fpext' 'd_assign' <Predicate = true> <Delay = 1.54> <Core = "Float2Double">   --->   Core 114 'Float2Double' <Latency = 1> <II = 1> <Delay = 1.54> <FuncUnit> <Opcode : 'fpext'> <InPorts = 1> <OutPorts = 1>
ST_14 : Operation 85 [1/1] (0.00ns)   --->   "%ireg_V = bitcast double %d_assign to i64" [firmware/nnet_utils/nnet_activation.h:265]   --->   Operation 85 'bitcast' 'ireg_V' <Predicate = true> <Delay = 0.00>
ST_14 : Operation 86 [1/1] (0.00ns)   --->   "%trunc_ln556 = trunc i64 %ireg_V to i63" [firmware/nnet_utils/nnet_activation.h:265]   --->   Operation 86 'trunc' 'trunc_ln556' <Predicate = true> <Delay = 0.00>
ST_14 : Operation 87 [1/1] (0.00ns)   --->   "%p_Result_36 = call i1 @_ssdm_op_BitSelect.i1.i64.i32(i64 %ireg_V, i32 63)" [firmware/nnet_utils/nnet_activation.h:265]   --->   Operation 87 'bitselect' 'p_Result_36' <Predicate = true> <Delay = 0.00>
ST_14 : Operation 88 [1/1] (0.00ns)   --->   "%exp_tmp_V = call i11 @_ssdm_op_PartSelect.i11.i64.i32.i32(i64 %ireg_V, i32 52, i32 62)" [firmware/nnet_utils/nnet_activation.h:265]   --->   Operation 88 'partselect' 'exp_tmp_V' <Predicate = true> <Delay = 0.00>
ST_14 : Operation 89 [1/1] (0.00ns)   --->   "%zext_ln461 = zext i11 %exp_tmp_V to i12" [firmware/nnet_utils/nnet_activation.h:265]   --->   Operation 89 'zext' 'zext_ln461' <Predicate = true> <Delay = 0.00>
ST_14 : Operation 90 [1/1] (0.00ns)   --->   "%trunc_ln565 = trunc i64 %ireg_V to i52" [firmware/nnet_utils/nnet_activation.h:265]   --->   Operation 90 'trunc' 'trunc_ln565' <Predicate = true> <Delay = 0.00>
ST_14 : Operation 91 [1/1] (1.05ns)   --->   "%icmp_ln571 = icmp eq i63 %trunc_ln556, 0" [firmware/nnet_utils/nnet_activation.h:265]   --->   Operation 91 'icmp' 'icmp_ln571' <Predicate = true> <Delay = 1.05> <Core = "Cmp">   --->   Core 25 'Cmp' <Latency = 0> <II = 1> <Delay = 0.58> <FuncUnit> <Opcode : 'icmp'> <InPorts = 2> <OutPorts = 1>
ST_14 : Operation 92 [1/1] (0.52ns)   --->   "%F2 = sub i12 1075, %zext_ln461" [firmware/nnet_utils/nnet_activation.h:265]   --->   Operation 92 'sub' 'F2' <Predicate = true> <Delay = 0.52> <Core = "AddSub">   --->   Core 14 'AddSub' <Latency = 0> <II = 1> <Delay = 0.52> <FuncUnit> <Opcode : 'add' 'sub'> <InPorts = 2> <OutPorts = 1>

State 15 <SV = 14> <Delay = 4.15>
ST_15 : Operation 93 [1/1] (0.00ns)   --->   "%tmp = call i53 @_ssdm_op_BitConcatenate.i53.i1.i52(i1 true, i52 %trunc_ln565)" [firmware/nnet_utils/nnet_activation.h:265]   --->   Operation 93 'bitconcatenate' 'tmp' <Predicate = true> <Delay = 0.00>
ST_15 : Operation 94 [1/1] (0.00ns)   --->   "%p_Result_37 = zext i53 %tmp to i54" [firmware/nnet_utils/nnet_activation.h:265]   --->   Operation 94 'zext' 'p_Result_37' <Predicate = true> <Delay = 0.00>
ST_15 : Operation 95 [1/1] (0.74ns)   --->   "%man_V_5 = sub i54 0, %p_Result_37" [firmware/nnet_utils/nnet_activation.h:265]   --->   Operation 95 'sub' 'man_V_5' <Predicate = (p_Result_36)> <Delay = 0.74> <Core = "AddSub">   --->   Core 14 'AddSub' <Latency = 0> <II = 1> <Delay = 0.52> <FuncUnit> <Opcode : 'add' 'sub'> <InPorts = 2> <OutPorts = 1>
ST_15 : Operation 96 [1/1] (0.26ns)   --->   "%man_V_6 = select i1 %p_Result_36, i54 %man_V_5, i54 %p_Result_37" [firmware/nnet_utils/nnet_activation.h:265]   --->   Operation 96 'select' 'man_V_6' <Predicate = true> <Delay = 0.26> <Core = "Sel">   --->   Core 26 'Sel' <Latency = 0> <II = 1> <Delay = 0.24> <FuncUnit> <Opcode : 'select'> <InPorts = 3> <OutPorts = 1>
ST_15 : Operation 97 [1/1] (0.62ns)   --->   "%icmp_ln581 = icmp sgt i12 %F2, 10" [firmware/nnet_utils/nnet_activation.h:265]   --->   Operation 97 'icmp' 'icmp_ln581' <Predicate = true> <Delay = 0.62> <Core = "Cmp">   --->   Core 25 'Cmp' <Latency = 0> <II = 1> <Delay = 0.58> <FuncUnit> <Opcode : 'icmp'> <InPorts = 2> <OutPorts = 1>
ST_15 : Operation 98 [1/1] (0.52ns)   --->   "%add_ln581 = add i12 -10, %F2" [firmware/nnet_utils/nnet_activation.h:265]   --->   Operation 98 'add' 'add_ln581' <Predicate = true> <Delay = 0.52> <Core = "AddSub">   --->   Core 14 'AddSub' <Latency = 0> <II = 1> <Delay = 0.52> <FuncUnit> <Opcode : 'add' 'sub'> <InPorts = 2> <OutPorts = 1>
ST_15 : Operation 99 [1/1] (0.52ns)   --->   "%sub_ln581 = sub i12 10, %F2" [firmware/nnet_utils/nnet_activation.h:265]   --->   Operation 99 'sub' 'sub_ln581' <Predicate = true> <Delay = 0.52> <Core = "AddSub">   --->   Core 14 'AddSub' <Latency = 0> <II = 1> <Delay = 0.52> <FuncUnit> <Opcode : 'add' 'sub'> <InPorts = 2> <OutPorts = 1>
ST_15 : Operation 100 [1/1] (0.29ns)   --->   "%sh_amt = select i1 %icmp_ln581, i12 %add_ln581, i12 %sub_ln581" [firmware/nnet_utils/nnet_activation.h:265]   --->   Operation 100 'select' 'sh_amt' <Predicate = true> <Delay = 0.29> <Core = "Sel">   --->   Core 26 'Sel' <Latency = 0> <II = 1> <Delay = 0.24> <FuncUnit> <Opcode : 'select'> <InPorts = 3> <OutPorts = 1>
ST_15 : Operation 101 [1/1] (0.00ns)   --->   "%sext_ln581 = sext i12 %sh_amt to i32" [firmware/nnet_utils/nnet_activation.h:265]   --->   Operation 101 'sext' 'sext_ln581' <Predicate = true> <Delay = 0.00>
ST_15 : Operation 102 [1/1] (0.62ns)   --->   "%icmp_ln582 = icmp eq i12 %F2, 10" [firmware/nnet_utils/nnet_activation.h:265]   --->   Operation 102 'icmp' 'icmp_ln582' <Predicate = true> <Delay = 0.62> <Core = "Cmp">   --->   Core 25 'Cmp' <Latency = 0> <II = 1> <Delay = 0.58> <FuncUnit> <Opcode : 'icmp'> <InPorts = 2> <OutPorts = 1>
ST_15 : Operation 103 [1/1] (0.00ns)   --->   "%trunc_ln583 = trunc i54 %man_V_6 to i16" [firmware/nnet_utils/nnet_activation.h:265]   --->   Operation 103 'trunc' 'trunc_ln583' <Predicate = true> <Delay = 0.00>
ST_15 : Operation 104 [1/1] (0.62ns)   --->   "%icmp_ln585 = icmp ult i12 %sh_amt, 54" [firmware/nnet_utils/nnet_activation.h:265]   --->   Operation 104 'icmp' 'icmp_ln585' <Predicate = true> <Delay = 0.62> <Core = "Cmp">   --->   Core 25 'Cmp' <Latency = 0> <II = 1> <Delay = 0.58> <FuncUnit> <Opcode : 'icmp'> <InPorts = 2> <OutPorts = 1>
ST_15 : Operation 105 [1/1] (0.00ns)   --->   "%tmp_21 = call i8 @_ssdm_op_PartSelect.i8.i12.i32.i32(i12 %sh_amt, i32 4, i32 11)" [firmware/nnet_utils/nnet_activation.h:265]   --->   Operation 105 'partselect' 'tmp_21' <Predicate = true> <Delay = 0.00>
ST_15 : Operation 106 [1/1] (0.58ns)   --->   "%icmp_ln603 = icmp eq i8 %tmp_21, 0" [firmware/nnet_utils/nnet_activation.h:265]   --->   Operation 106 'icmp' 'icmp_ln603' <Predicate = true> <Delay = 0.58> <Core = "Cmp">   --->   Core 25 'Cmp' <Latency = 0> <II = 1> <Delay = 0.58> <FuncUnit> <Opcode : 'icmp'> <InPorts = 2> <OutPorts = 1>
ST_15 : Operation 107 [1/1] (0.00ns) (grouped into LUT with out node select_ln603)   --->   "%zext_ln586 = zext i32 %sext_ln581 to i54" [firmware/nnet_utils/nnet_activation.h:265]   --->   Operation 107 'zext' 'zext_ln586' <Predicate = true> <Delay = 0.00>
ST_15 : Operation 108 [1/1] (0.00ns) (grouped into LUT with out node select_ln603)   --->   "%ashr_ln586 = ashr i54 %man_V_6, %zext_ln586" [firmware/nnet_utils/nnet_activation.h:265]   --->   Operation 108 'ashr' 'ashr_ln586' <Predicate = true> <Delay = 0.00> <Core = "Shift">   --->   Core 28 'Shift' <Latency = 0> <II = 1> <Delay = 0.84> <FuncUnit> <Opcode : 'shl' 'lshr' 'ashr'> <InPorts = 2> <OutPorts = 1>
ST_15 : Operation 109 [1/1] (0.00ns) (grouped into LUT with out node select_ln603)   --->   "%trunc_ln586 = trunc i54 %ashr_ln586 to i16" [firmware/nnet_utils/nnet_activation.h:265]   --->   Operation 109 'trunc' 'trunc_ln586' <Predicate = true> <Delay = 0.00>
ST_15 : Operation 110 [1/1] (0.00ns) (grouped into LUT with out node select_ln603_7)   --->   "%bitcast_ln696 = bitcast float %v_assign to i32" [firmware/nnet_utils/nnet_activation.h:265]   --->   Operation 110 'bitcast' 'bitcast_ln696' <Predicate = true> <Delay = 0.00>
ST_15 : Operation 111 [1/1] (0.00ns) (grouped into LUT with out node select_ln603_7)   --->   "%tmp_22 = call i1 @_ssdm_op_BitSelect.i1.i32.i32(i32 %bitcast_ln696, i32 31)" [firmware/nnet_utils/nnet_activation.h:265]   --->   Operation 111 'bitselect' 'tmp_22' <Predicate = true> <Delay = 0.00>
ST_15 : Operation 112 [1/1] (0.00ns) (grouped into LUT with out node select_ln603_7)   --->   "%select_ln588 = select i1 %tmp_22, i16 -1, i16 0" [firmware/nnet_utils/nnet_activation.h:265]   --->   Operation 112 'select' 'select_ln588' <Predicate = true> <Delay = 0.00> <Core = "Sel">   --->   Core 26 'Sel' <Latency = 0> <II = 1> <Delay = 0.24> <FuncUnit> <Opcode : 'select'> <InPorts = 3> <OutPorts = 1>
ST_15 : Operation 113 [1/1] (0.00ns) (grouped into LUT with out node select_ln603)   --->   "%sext_ln581cast = trunc i32 %sext_ln581 to i16" [firmware/nnet_utils/nnet_activation.h:265]   --->   Operation 113 'trunc' 'sext_ln581cast' <Predicate = true> <Delay = 0.00>
ST_15 : Operation 114 [1/1] (0.00ns) (grouped into LUT with out node select_ln603)   --->   "%shl_ln604 = shl i16 %trunc_ln583, %sext_ln581cast" [firmware/nnet_utils/nnet_activation.h:265]   --->   Operation 114 'shl' 'shl_ln604' <Predicate = true> <Delay = 0.00> <Core = "Shift">   --->   Core 28 'Shift' <Latency = 0> <II = 1> <Delay = 0.84> <FuncUnit> <Opcode : 'shl' 'lshr' 'ashr'> <InPorts = 2> <OutPorts = 1>
ST_15 : Operation 115 [1/1] (0.00ns) (grouped into LUT with out node or_ln603_6)   --->   "%xor_ln571 = xor i1 %icmp_ln571, true" [firmware/nnet_utils/nnet_activation.h:265]   --->   Operation 115 'xor' 'xor_ln571' <Predicate = true> <Delay = 0.00> <Core = "LogicGate">   --->   Core 27 'LogicGate' <Latency = 0> <II = 1> <Delay = 0.12> <FuncUnit> <Opcode : 'and' 'or' 'xor'> <InPorts = 2> <OutPorts = 1>
ST_15 : Operation 116 [1/1] (0.00ns) (grouped into LUT with out node or_ln603_6)   --->   "%and_ln582 = and i1 %icmp_ln582, %xor_ln571" [firmware/nnet_utils/nnet_activation.h:265]   --->   Operation 116 'and' 'and_ln582' <Predicate = true> <Delay = 0.00> <Core = "LogicGate">   --->   Core 27 'LogicGate' <Latency = 0> <II = 1> <Delay = 0.12> <FuncUnit> <Opcode : 'and' 'or' 'xor'> <InPorts = 2> <OutPorts = 1>
ST_15 : Operation 117 [1/1] (0.12ns)   --->   "%or_ln582 = or i1 %icmp_ln571, %icmp_ln582" [firmware/nnet_utils/nnet_activation.h:265]   --->   Operation 117 'or' 'or_ln582' <Predicate = true> <Delay = 0.12> <Core = "LogicGate">   --->   Core 27 'LogicGate' <Latency = 0> <II = 1> <Delay = 0.12> <FuncUnit> <Opcode : 'and' 'or' 'xor'> <InPorts = 2> <OutPorts = 1>
ST_15 : Operation 118 [1/1] (0.00ns) (grouped into LUT with out node and_ln581)   --->   "%xor_ln582 = xor i1 %or_ln582, true" [firmware/nnet_utils/nnet_activation.h:265]   --->   Operation 118 'xor' 'xor_ln582' <Predicate = true> <Delay = 0.00> <Core = "LogicGate">   --->   Core 27 'LogicGate' <Latency = 0> <II = 1> <Delay = 0.12> <FuncUnit> <Opcode : 'and' 'or' 'xor'> <InPorts = 2> <OutPorts = 1>
ST_15 : Operation 119 [1/1] (0.12ns) (out node of the LUT)   --->   "%and_ln581 = and i1 %icmp_ln581, %xor_ln582" [firmware/nnet_utils/nnet_activation.h:265]   --->   Operation 119 'and' 'and_ln581' <Predicate = true> <Delay = 0.12> <Core = "LogicGate">   --->   Core 27 'LogicGate' <Latency = 0> <II = 1> <Delay = 0.12> <FuncUnit> <Opcode : 'and' 'or' 'xor'> <InPorts = 2> <OutPorts = 1>
ST_15 : Operation 120 [1/1] (0.00ns) (grouped into LUT with out node and_ln585)   --->   "%xor_ln585 = xor i1 %icmp_ln585, true" [firmware/nnet_utils/nnet_activation.h:265]   --->   Operation 120 'xor' 'xor_ln585' <Predicate = true> <Delay = 0.00> <Core = "LogicGate">   --->   Core 27 'LogicGate' <Latency = 0> <II = 1> <Delay = 0.12> <FuncUnit> <Opcode : 'and' 'or' 'xor'> <InPorts = 2> <OutPorts = 1>
ST_15 : Operation 121 [1/1] (0.12ns) (out node of the LUT)   --->   "%and_ln585 = and i1 %and_ln581, %xor_ln585" [firmware/nnet_utils/nnet_activation.h:265]   --->   Operation 121 'and' 'and_ln585' <Predicate = true> <Delay = 0.12> <Core = "LogicGate">   --->   Core 27 'LogicGate' <Latency = 0> <II = 1> <Delay = 0.12> <FuncUnit> <Opcode : 'and' 'or' 'xor'> <InPorts = 2> <OutPorts = 1>
ST_15 : Operation 122 [1/1] (0.00ns) (grouped into LUT with out node or_ln603)   --->   "%and_ln585_3 = and i1 %and_ln581, %icmp_ln585" [firmware/nnet_utils/nnet_activation.h:265]   --->   Operation 122 'and' 'and_ln585_3' <Predicate = true> <Delay = 0.00> <Core = "LogicGate">   --->   Core 27 'LogicGate' <Latency = 0> <II = 1> <Delay = 0.12> <FuncUnit> <Opcode : 'and' 'or' 'xor'> <InPorts = 2> <OutPorts = 1>
ST_15 : Operation 123 [1/1] (0.00ns) (grouped into LUT with out node and_ln603)   --->   "%or_ln581 = or i1 %or_ln582, %icmp_ln581" [firmware/nnet_utils/nnet_activation.h:265]   --->   Operation 123 'or' 'or_ln581' <Predicate = true> <Delay = 0.00> <Core = "LogicGate">   --->   Core 27 'LogicGate' <Latency = 0> <II = 1> <Delay = 0.12> <FuncUnit> <Opcode : 'and' 'or' 'xor'> <InPorts = 2> <OutPorts = 1>
ST_15 : Operation 124 [1/1] (0.00ns) (grouped into LUT with out node and_ln603)   --->   "%xor_ln581 = xor i1 %or_ln581, true" [firmware/nnet_utils/nnet_activation.h:265]   --->   Operation 124 'xor' 'xor_ln581' <Predicate = true> <Delay = 0.00> <Core = "LogicGate">   --->   Core 27 'LogicGate' <Latency = 0> <II = 1> <Delay = 0.12> <FuncUnit> <Opcode : 'and' 'or' 'xor'> <InPorts = 2> <OutPorts = 1>
ST_15 : Operation 125 [1/1] (0.12ns) (out node of the LUT)   --->   "%and_ln603 = and i1 %icmp_ln603, %xor_ln581" [firmware/nnet_utils/nnet_activation.h:265]   --->   Operation 125 'and' 'and_ln603' <Predicate = true> <Delay = 0.12> <Core = "LogicGate">   --->   Core 27 'LogicGate' <Latency = 0> <II = 1> <Delay = 0.12> <FuncUnit> <Opcode : 'and' 'or' 'xor'> <InPorts = 2> <OutPorts = 1>
ST_15 : Operation 126 [1/1] (1.12ns) (out node of the LUT)   --->   "%select_ln603 = select i1 %and_ln603, i16 %shl_ln604, i16 %trunc_ln586" [firmware/nnet_utils/nnet_activation.h:265]   --->   Operation 126 'select' 'select_ln603' <Predicate = true> <Delay = 1.12> <Core = "Sel">   --->   Core 26 'Sel' <Latency = 0> <II = 1> <Delay = 0.24> <FuncUnit> <Opcode : 'select'> <InPorts = 3> <OutPorts = 1>
ST_15 : Operation 127 [1/1] (0.12ns) (out node of the LUT)   --->   "%or_ln603 = or i1 %and_ln603, %and_ln585_3" [firmware/nnet_utils/nnet_activation.h:265]   --->   Operation 127 'or' 'or_ln603' <Predicate = true> <Delay = 0.12> <Core = "LogicGate">   --->   Core 27 'LogicGate' <Latency = 0> <II = 1> <Delay = 0.12> <FuncUnit> <Opcode : 'and' 'or' 'xor'> <InPorts = 2> <OutPorts = 1>
ST_15 : Operation 128 [1/1] (0.27ns) (out node of the LUT)   --->   "%select_ln603_7 = select i1 %and_ln585, i16 %select_ln588, i16 %trunc_ln583" [firmware/nnet_utils/nnet_activation.h:265]   --->   Operation 128 'select' 'select_ln603_7' <Predicate = true> <Delay = 0.27> <Core = "Sel">   --->   Core 26 'Sel' <Latency = 0> <II = 1> <Delay = 0.24> <FuncUnit> <Opcode : 'select'> <InPorts = 3> <OutPorts = 1>
ST_15 : Operation 129 [1/1] (0.00ns) (grouped into LUT with out node or_ln603_6)   --->   "%or_ln603_5 = or i1 %and_ln585, %and_ln582" [firmware/nnet_utils/nnet_activation.h:265]   --->   Operation 129 'or' 'or_ln603_5' <Predicate = true> <Delay = 0.00> <Core = "LogicGate">   --->   Core 27 'LogicGate' <Latency = 0> <II = 1> <Delay = 0.12> <FuncUnit> <Opcode : 'and' 'or' 'xor'> <InPorts = 2> <OutPorts = 1>
ST_15 : Operation 130 [1/1] (0.00ns) (grouped into LUT with out node inv_x_V)   --->   "%select_ln603_8 = select i1 %or_ln603, i16 %select_ln603, i16 %select_ln603_7" [firmware/nnet_utils/nnet_activation.h:265]   --->   Operation 130 'select' 'select_ln603_8' <Predicate = true> <Delay = 0.00> <Core = "Sel">   --->   Core 26 'Sel' <Latency = 0> <II = 1> <Delay = 0.24> <FuncUnit> <Opcode : 'select'> <InPorts = 3> <OutPorts = 1>
ST_15 : Operation 131 [1/1] (0.12ns) (out node of the LUT)   --->   "%or_ln603_6 = or i1 %or_ln603, %or_ln603_5" [firmware/nnet_utils/nnet_activation.h:265]   --->   Operation 131 'or' 'or_ln603_6' <Predicate = true> <Delay = 0.12> <Core = "LogicGate">   --->   Core 27 'LogicGate' <Latency = 0> <II = 1> <Delay = 0.12> <FuncUnit> <Opcode : 'and' 'or' 'xor'> <InPorts = 2> <OutPorts = 1>
ST_15 : Operation 132 [1/1] (0.24ns) (out node of the LUT)   --->   "%inv_x_V = select i1 %or_ln603_6, i16 %select_ln603_8, i16 0" [firmware/nnet_utils/nnet_activation.h:265]   --->   Operation 132 'select' 'inv_x_V' <Predicate = true> <Delay = 0.24> <Core = "Sel">   --->   Core 26 'Sel' <Latency = 0> <II = 1> <Delay = 0.24> <FuncUnit> <Opcode : 'select'> <InPorts = 3> <OutPorts = 1>
ST_15 : Operation 133 [1/1] (0.00ns)   --->   "%zext_ln266 = zext i16 %i_assign to i64" [firmware/nnet_utils/nnet_activation.h:266]   --->   Operation 133 'zext' 'zext_ln266' <Predicate = true> <Delay = 0.00>
ST_15 : Operation 134 [1/1] (0.00ns)   --->   "%table_out_V_addr = getelementptr [32768 x i16]* %table_out_V, i64 0, i64 %zext_ln266" [firmware/nnet_utils/nnet_activation.h:266]   --->   Operation 134 'getelementptr' 'table_out_V_addr' <Predicate = true> <Delay = 0.00>
ST_15 : Operation 135 [1/1] (1.15ns)   --->   "store i16 %inv_x_V, i16* %table_out_V_addr, align 2" [firmware/nnet_utils/nnet_activation.h:266]   --->   Operation 135 'store' <Predicate = true> <Delay = 1.15> <Core = "RAM">   --->   Core 37 'RAM' <Latency = 1> <II = 1> <Delay = 1.15> <Storage> <Opcode : 'load' 'store'> <Ports = 2> <Width = 16> <Depth = 32768> <RAM>
ST_15 : Operation 136 [1/1] (0.00ns)   --->   "br label %1" [firmware/nnet_utils/nnet_activation.h:263]   --->   Operation 136 'br' <Predicate = true> <Delay = 0.00>


============================================================
+ Verbose Summary: Timing violations
============================================================
Target clock period: 5ns, clock uncertainty: 0.625ns.

 <State 1>: 0.603ns
The critical path consists of the following:
	multiplexor before 'phi' operation ('i') with incoming values : ('i', firmware/nnet_utils/nnet_activation.h:263) [4]  (0.603 ns)

 <State 2>: 4ns
The critical path consists of the following:
	'phi' operation ('i') with incoming values : ('i', firmware/nnet_utils/nnet_activation.h:263) [4]  (0 ns)
	'shl' operation ('tmp.V', firmware/nnet_utils/nnet_activation.h:216->firmware/nnet_utils/nnet_activation.h:264) [10]  (0 ns)
	'sub' operation ('tmp.V', firmware/nnet_utils/nnet_activation.h:219->firmware/nnet_utils/nnet_activation.h:264) [13]  (0.608 ns)
	'select' operation ('tmp.V', firmware/nnet_utils/nnet_activation.h:219->firmware/nnet_utils/nnet_activation.h:264) [14]  (0.243 ns)
	'cttz' operation ('l', firmware/nnet_utils/nnet_activation.h:219->firmware/nnet_utils/nnet_activation.h:264) [17]  (0.84 ns)
	'sub' operation ('sub_ln944', firmware/nnet_utils/nnet_activation.h:219->firmware/nnet_utils/nnet_activation.h:264) [18]  (0.669 ns)
	'add' operation ('lsb_index', firmware/nnet_utils/nnet_activation.h:219->firmware/nnet_utils/nnet_activation.h:264) [20]  (0.669 ns)
	'icmp' operation ('icmp_ln947', firmware/nnet_utils/nnet_activation.h:219->firmware/nnet_utils/nnet_activation.h:264) [22]  (0.848 ns)
	'and' operation ('a', firmware/nnet_utils/nnet_activation.h:219->firmware/nnet_utils/nnet_activation.h:264) [29]  (0 ns)
	'or' operation ('or_ln949', firmware/nnet_utils/nnet_activation.h:219->firmware/nnet_utils/nnet_activation.h:264) [35]  (0 ns)
	blocking operation 0.122 ns on control path)

 <State 3>: 3.09ns
The critical path consists of the following:
	'add' operation ('add_ln958', firmware/nnet_utils/nnet_activation.h:219->firmware/nnet_utils/nnet_activation.h:264) [40]  (0.669 ns)
	'lshr' operation ('lshr_ln958', firmware/nnet_utils/nnet_activation.h:219->firmware/nnet_utils/nnet_activation.h:264) [41]  (0 ns)
	'select' operation ('m', firmware/nnet_utils/nnet_activation.h:219->firmware/nnet_utils/nnet_activation.h:264) [46]  (0 ns)
	'add' operation ('m', firmware/nnet_utils/nnet_activation.h:219->firmware/nnet_utils/nnet_activation.h:264) [48]  (1.05 ns)
	'select' operation ('select_ln964', firmware/nnet_utils/nnet_activation.h:219->firmware/nnet_utils/nnet_activation.h:264) [52]  (0.303 ns)
	'add' operation ('add_ln964', firmware/nnet_utils/nnet_activation.h:219->firmware/nnet_utils/nnet_activation.h:264) [55]  (0.838 ns)
	'select' operation ('x', firmware/nnet_utils/nnet_activation.h:219->firmware/nnet_utils/nnet_activation.h:264) [60]  (0.227 ns)

 <State 4>: 3.75ns
The critical path consists of the following:
	'fdiv' operation ('v', firmware/nnet_utils/nnet_activation.h:265) [61]  (3.75 ns)

 <State 5>: 3.75ns
The critical path consists of the following:
	'fdiv' operation ('v', firmware/nnet_utils/nnet_activation.h:265) [61]  (3.75 ns)

 <State 6>: 3.75ns
The critical path consists of the following:
	'fdiv' operation ('v', firmware/nnet_utils/nnet_activation.h:265) [61]  (3.75 ns)

 <State 7>: 3.75ns
The critical path consists of the following:
	'fdiv' operation ('v', firmware/nnet_utils/nnet_activation.h:265) [61]  (3.75 ns)

 <State 8>: 3.75ns
The critical path consists of the following:
	'fdiv' operation ('v', firmware/nnet_utils/nnet_activation.h:265) [61]  (3.75 ns)

 <State 9>: 3.75ns
The critical path consists of the following:
	'fdiv' operation ('v', firmware/nnet_utils/nnet_activation.h:265) [61]  (3.75 ns)

 <State 10>: 3.75ns
The critical path consists of the following:
	'fdiv' operation ('v', firmware/nnet_utils/nnet_activation.h:265) [61]  (3.75 ns)

 <State 11>: 3.75ns
The critical path consists of the following:
	'fdiv' operation ('v', firmware/nnet_utils/nnet_activation.h:265) [61]  (3.75 ns)

 <State 12>: 3.75ns
The critical path consists of the following:
	'fdiv' operation ('v', firmware/nnet_utils/nnet_activation.h:265) [61]  (3.75 ns)

 <State 13>: 1.54ns
The critical path consists of the following:
	'fpext' operation ('d', firmware/nnet_utils/nnet_activation.h:265) [62]  (1.54 ns)

 <State 14>: 2.6ns
The critical path consists of the following:
	'fpext' operation ('d', firmware/nnet_utils/nnet_activation.h:265) [62]  (1.54 ns)
	'icmp' operation ('icmp_ln571', firmware/nnet_utils/nnet_activation.h:265) [73]  (1.06 ns)

 <State 15>: 4.16ns
The critical path consists of the following:
	'icmp' operation ('icmp_ln581', firmware/nnet_utils/nnet_activation.h:265) [75]  (0.629 ns)
	'select' operation ('sh_amt', firmware/nnet_utils/nnet_activation.h:265) [78]  (0.299 ns)
	'icmp' operation ('icmp_ln603', firmware/nnet_utils/nnet_activation.h:265) [84]  (0.581 ns)
	'and' operation ('and_ln603', firmware/nnet_utils/nnet_activation.h:265) [103]  (0.122 ns)
	'select' operation ('select_ln603', firmware/nnet_utils/nnet_activation.h:265) [104]  (1.13 ns)
	'select' operation ('select_ln603_8', firmware/nnet_utils/nnet_activation.h:265) [108]  (0 ns)
	'select' operation ('inv_x.V', firmware/nnet_utils/nnet_activation.h:265) [110]  (0.243 ns)
	'store' operation ('store_ln266', firmware/nnet_utils/nnet_activation.h:266) of variable 'inv_x.V', firmware/nnet_utils/nnet_activation.h:265 on array 'table_out_V' [113]  (1.16 ns)


============================================================
+ Verbose Summary: Binding
============================================================
N/A
* FSMD analyzer results:
  - Output states:
 - Input state : 
  - Chain level:
	State 1
	State 2
	State 3
	State 4
	State 5
	State 6
	State 7
	State 8
	State 9
	State 10
	State 11
	State 12
	State 13
	State 14
	State 15


============================================================
+ Verbose Summary: Datapath Resource usage 
============================================================
N/A
