

================================================================
== Vivado HLS Report for 'relu_ap_fixed_ap_fixed_16_6_5_3_0_relu_config7_s'
================================================================
* Date:           Tue Nov 23 23:12:05 2021

* Version:        2019.2 (Build 2704478 on Wed Nov 06 22:10:23 MST 2019)
* Project:        myproject_prj
* Solution:       solution1
* Product family: virtexuplus
* Target device:  xcu250-figd2104-2L-e


================================================================
== Performance Estimates
================================================================
+ Timing: 
    * Summary: 
    +--------+---------+----------+------------+
    |  Clock |  Target | Estimated| Uncertainty|
    +--------+---------+----------+------------+
    |ap_clk  | 5.00 ns | 0.969 ns |   0.62 ns  |
    +--------+---------+----------+------------+

+ Latency: 
    * Summary: 
    +---------+---------+----------+----------+-----+-----+----------+
    |  Latency (cycles) |  Latency (absolute) |  Interval | Pipeline |
    |   min   |   max   |    min   |    max   | min | max |   Type   |
    +---------+---------+----------+----------+-----+-----+----------+
    |        0|        0|   0 ns   |   0 ns   |    1|    1| function |
    +---------+---------+----------+----------+-----+-----+----------+

    + Detail: 
        * Instance: 
        N/A

        * Loop: 
        N/A

============================================================
+ Verbose Summary: Synthesis Manager
============================================================
InlineROM: 1
ExposeGlobal: 0
============================================================
+ Verbose Summary: CDFG Model
============================================================
IsTopModel: 0
ResetActiveHigh: 1
IsCombinational: 0
IsDatapathOnly: 0
HasWiredReturn: 1
HasMFsm: 2
HasVarLatency: 0
IsPipeline: 1
IsRtlPipelined: 0
IsInstanceOverlapped: 0
IsDontTouch: 0
HasImplIP: 0
IsGatedGlobalClock: 0

+ Individual pipeline summary: 
  * Pipeline-0: initiation interval (II) = 1, depth = 1


============================================================
+ Verbose Summary: Schedule
============================================================
* Number of FSM states : 1
* Pipeline : 1
  Pipeline-0 : II = 1, D = 1, States = { 1 }
* Dataflow Pipeline: 0

* FSM state transitions: 
1 --> 

* FSM state operations: 

State 1 <SV = 0> <Delay = 0.96>
ST_1 : Operation 2 [1/1] (0.00ns)   --->   "%data_31_V_read_1 = call i16 @_ssdm_op_Read.ap_auto.i16(i16 %data_31_V_read)" [firmware/nnet_utils/nnet_activation.h:69]   --->   Operation 2 'read' 'data_31_V_read_1' <Predicate = true> <Delay = 0.00>
ST_1 : Operation 3 [1/1] (0.00ns)   --->   "%data_30_V_read_1 = call i16 @_ssdm_op_Read.ap_auto.i16(i16 %data_30_V_read)" [firmware/nnet_utils/nnet_activation.h:69]   --->   Operation 3 'read' 'data_30_V_read_1' <Predicate = true> <Delay = 0.00>
ST_1 : Operation 4 [1/1] (0.00ns)   --->   "%data_29_V_read_1 = call i16 @_ssdm_op_Read.ap_auto.i16(i16 %data_29_V_read)" [firmware/nnet_utils/nnet_activation.h:69]   --->   Operation 4 'read' 'data_29_V_read_1' <Predicate = true> <Delay = 0.00>
ST_1 : Operation 5 [1/1] (0.00ns)   --->   "%data_28_V_read_1 = call i16 @_ssdm_op_Read.ap_auto.i16(i16 %data_28_V_read)" [firmware/nnet_utils/nnet_activation.h:69]   --->   Operation 5 'read' 'data_28_V_read_1' <Predicate = true> <Delay = 0.00>
ST_1 : Operation 6 [1/1] (0.00ns)   --->   "%data_27_V_read_1 = call i16 @_ssdm_op_Read.ap_auto.i16(i16 %data_27_V_read)" [firmware/nnet_utils/nnet_activation.h:69]   --->   Operation 6 'read' 'data_27_V_read_1' <Predicate = true> <Delay = 0.00>
ST_1 : Operation 7 [1/1] (0.00ns)   --->   "%data_26_V_read_1 = call i16 @_ssdm_op_Read.ap_auto.i16(i16 %data_26_V_read)" [firmware/nnet_utils/nnet_activation.h:69]   --->   Operation 7 'read' 'data_26_V_read_1' <Predicate = true> <Delay = 0.00>
ST_1 : Operation 8 [1/1] (0.00ns)   --->   "%data_25_V_read_1 = call i16 @_ssdm_op_Read.ap_auto.i16(i16 %data_25_V_read)" [firmware/nnet_utils/nnet_activation.h:69]   --->   Operation 8 'read' 'data_25_V_read_1' <Predicate = true> <Delay = 0.00>
ST_1 : Operation 9 [1/1] (0.00ns)   --->   "%data_24_V_read_1 = call i16 @_ssdm_op_Read.ap_auto.i16(i16 %data_24_V_read)" [firmware/nnet_utils/nnet_activation.h:69]   --->   Operation 9 'read' 'data_24_V_read_1' <Predicate = true> <Delay = 0.00>
ST_1 : Operation 10 [1/1] (0.00ns)   --->   "%data_23_V_read_1 = call i16 @_ssdm_op_Read.ap_auto.i16(i16 %data_23_V_read)" [firmware/nnet_utils/nnet_activation.h:69]   --->   Operation 10 'read' 'data_23_V_read_1' <Predicate = true> <Delay = 0.00>
ST_1 : Operation 11 [1/1] (0.00ns)   --->   "%data_22_V_read_1 = call i16 @_ssdm_op_Read.ap_auto.i16(i16 %data_22_V_read)" [firmware/nnet_utils/nnet_activation.h:69]   --->   Operation 11 'read' 'data_22_V_read_1' <Predicate = true> <Delay = 0.00>
ST_1 : Operation 12 [1/1] (0.00ns)   --->   "%data_21_V_read_1 = call i16 @_ssdm_op_Read.ap_auto.i16(i16 %data_21_V_read)" [firmware/nnet_utils/nnet_activation.h:69]   --->   Operation 12 'read' 'data_21_V_read_1' <Predicate = true> <Delay = 0.00>
ST_1 : Operation 13 [1/1] (0.00ns)   --->   "%data_20_V_read_1 = call i16 @_ssdm_op_Read.ap_auto.i16(i16 %data_20_V_read)" [firmware/nnet_utils/nnet_activation.h:69]   --->   Operation 13 'read' 'data_20_V_read_1' <Predicate = true> <Delay = 0.00>
ST_1 : Operation 14 [1/1] (0.00ns)   --->   "%data_19_V_read_1 = call i16 @_ssdm_op_Read.ap_auto.i16(i16 %data_19_V_read)" [firmware/nnet_utils/nnet_activation.h:69]   --->   Operation 14 'read' 'data_19_V_read_1' <Predicate = true> <Delay = 0.00>
ST_1 : Operation 15 [1/1] (0.00ns)   --->   "%data_18_V_read_1 = call i16 @_ssdm_op_Read.ap_auto.i16(i16 %data_18_V_read)" [firmware/nnet_utils/nnet_activation.h:69]   --->   Operation 15 'read' 'data_18_V_read_1' <Predicate = true> <Delay = 0.00>
ST_1 : Operation 16 [1/1] (0.00ns)   --->   "%data_17_V_read_1 = call i16 @_ssdm_op_Read.ap_auto.i16(i16 %data_17_V_read)" [firmware/nnet_utils/nnet_activation.h:69]   --->   Operation 16 'read' 'data_17_V_read_1' <Predicate = true> <Delay = 0.00>
ST_1 : Operation 17 [1/1] (0.00ns)   --->   "%data_16_V_read_1 = call i16 @_ssdm_op_Read.ap_auto.i16(i16 %data_16_V_read)" [firmware/nnet_utils/nnet_activation.h:69]   --->   Operation 17 'read' 'data_16_V_read_1' <Predicate = true> <Delay = 0.00>
ST_1 : Operation 18 [1/1] (0.00ns)   --->   "%data_15_V_read_1 = call i16 @_ssdm_op_Read.ap_auto.i16(i16 %data_15_V_read)" [firmware/nnet_utils/nnet_activation.h:69]   --->   Operation 18 'read' 'data_15_V_read_1' <Predicate = true> <Delay = 0.00>
ST_1 : Operation 19 [1/1] (0.00ns)   --->   "%data_14_V_read_1 = call i16 @_ssdm_op_Read.ap_auto.i16(i16 %data_14_V_read)" [firmware/nnet_utils/nnet_activation.h:69]   --->   Operation 19 'read' 'data_14_V_read_1' <Predicate = true> <Delay = 0.00>
ST_1 : Operation 20 [1/1] (0.00ns)   --->   "%data_13_V_read_1 = call i16 @_ssdm_op_Read.ap_auto.i16(i16 %data_13_V_read)" [firmware/nnet_utils/nnet_activation.h:69]   --->   Operation 20 'read' 'data_13_V_read_1' <Predicate = true> <Delay = 0.00>
ST_1 : Operation 21 [1/1] (0.00ns)   --->   "%data_12_V_read_1 = call i16 @_ssdm_op_Read.ap_auto.i16(i16 %data_12_V_read)" [firmware/nnet_utils/nnet_activation.h:69]   --->   Operation 21 'read' 'data_12_V_read_1' <Predicate = true> <Delay = 0.00>
ST_1 : Operation 22 [1/1] (0.00ns)   --->   "%data_11_V_read_1 = call i16 @_ssdm_op_Read.ap_auto.i16(i16 %data_11_V_read)" [firmware/nnet_utils/nnet_activation.h:69]   --->   Operation 22 'read' 'data_11_V_read_1' <Predicate = true> <Delay = 0.00>
ST_1 : Operation 23 [1/1] (0.00ns)   --->   "%data_10_V_read_1 = call i16 @_ssdm_op_Read.ap_auto.i16(i16 %data_10_V_read)" [firmware/nnet_utils/nnet_activation.h:69]   --->   Operation 23 'read' 'data_10_V_read_1' <Predicate = true> <Delay = 0.00>
ST_1 : Operation 24 [1/1] (0.00ns)   --->   "%data_9_V_read_1 = call i16 @_ssdm_op_Read.ap_auto.i16(i16 %data_9_V_read)" [firmware/nnet_utils/nnet_activation.h:69]   --->   Operation 24 'read' 'data_9_V_read_1' <Predicate = true> <Delay = 0.00>
ST_1 : Operation 25 [1/1] (0.00ns)   --->   "%data_8_V_read_1 = call i16 @_ssdm_op_Read.ap_auto.i16(i16 %data_8_V_read)" [firmware/nnet_utils/nnet_activation.h:69]   --->   Operation 25 'read' 'data_8_V_read_1' <Predicate = true> <Delay = 0.00>
ST_1 : Operation 26 [1/1] (0.00ns)   --->   "%data_7_V_read_1 = call i16 @_ssdm_op_Read.ap_auto.i16(i16 %data_7_V_read)" [firmware/nnet_utils/nnet_activation.h:69]   --->   Operation 26 'read' 'data_7_V_read_1' <Predicate = true> <Delay = 0.00>
ST_1 : Operation 27 [1/1] (0.00ns)   --->   "%data_6_V_read_1 = call i16 @_ssdm_op_Read.ap_auto.i16(i16 %data_6_V_read)" [firmware/nnet_utils/nnet_activation.h:69]   --->   Operation 27 'read' 'data_6_V_read_1' <Predicate = true> <Delay = 0.00>
ST_1 : Operation 28 [1/1] (0.00ns)   --->   "%data_5_V_read_1 = call i16 @_ssdm_op_Read.ap_auto.i16(i16 %data_5_V_read)" [firmware/nnet_utils/nnet_activation.h:69]   --->   Operation 28 'read' 'data_5_V_read_1' <Predicate = true> <Delay = 0.00>
ST_1 : Operation 29 [1/1] (0.00ns)   --->   "%data_4_V_read_2 = call i16 @_ssdm_op_Read.ap_auto.i16(i16 %data_4_V_read)" [firmware/nnet_utils/nnet_activation.h:69]   --->   Operation 29 'read' 'data_4_V_read_2' <Predicate = true> <Delay = 0.00>
ST_1 : Operation 30 [1/1] (0.00ns)   --->   "%data_3_V_read_2 = call i16 @_ssdm_op_Read.ap_auto.i16(i16 %data_3_V_read)" [firmware/nnet_utils/nnet_activation.h:69]   --->   Operation 30 'read' 'data_3_V_read_2' <Predicate = true> <Delay = 0.00>
ST_1 : Operation 31 [1/1] (0.00ns)   --->   "%data_2_V_read_2 = call i16 @_ssdm_op_Read.ap_auto.i16(i16 %data_2_V_read)" [firmware/nnet_utils/nnet_activation.h:69]   --->   Operation 31 'read' 'data_2_V_read_2' <Predicate = true> <Delay = 0.00>
ST_1 : Operation 32 [1/1] (0.00ns)   --->   "%data_1_V_read_2 = call i16 @_ssdm_op_Read.ap_auto.i16(i16 %data_1_V_read)" [firmware/nnet_utils/nnet_activation.h:69]   --->   Operation 32 'read' 'data_1_V_read_2' <Predicate = true> <Delay = 0.00>
ST_1 : Operation 33 [1/1] (0.00ns)   --->   "%data_0_V_read_2 = call i16 @_ssdm_op_Read.ap_auto.i16(i16 %data_0_V_read)" [firmware/nnet_utils/nnet_activation.h:69]   --->   Operation 33 'read' 'data_0_V_read_2' <Predicate = true> <Delay = 0.00>
ST_1 : Operation 34 [1/1] (0.00ns)   --->   "%tmp = call i32 (...)* @_ssdm_op_SpecRegionBegin([13 x i8]* @p_str23)" [firmware/nnet_utils/nnet_activation.h:71]   --->   Operation 34 'specregionbegin' 'tmp' <Predicate = true> <Delay = 0.00>
ST_1 : Operation 35 [1/1] (0.00ns)   --->   "call void (...)* @_ssdm_op_SpecPipeline(i32 -1, i32 1, i32 1, i32 0, [1 x i8]* @p_str9) nounwind" [firmware/nnet_utils/nnet_activation.h:72]   --->   Operation 35 'specpipeline' <Predicate = true> <Delay = 0.00>
ST_1 : Operation 36 [1/1] (0.00ns)   --->   "%empty = call i32 (...)* @_ssdm_op_SpecRegionEnd([13 x i8]* @p_str23, i32 %tmp)" [firmware/nnet_utils/nnet_activation.h:73]   --->   Operation 36 'specregionend' 'empty' <Predicate = true> <Delay = 0.00>
ST_1 : Operation 37 [1/1] (0.67ns)   --->   "%icmp_ln1494 = icmp sgt i16 %data_0_V_read_2, 0" [firmware/nnet_utils/nnet_activation.h:81]   --->   Operation 37 'icmp' 'icmp_ln1494' <Predicate = true> <Delay = 0.67> <Core = "Cmp">   --->   Core 25 'Cmp' <Latency = 0> <II = 1> <Delay = 0.67> <FuncUnit> <Opcode : 'icmp'> <InPorts = 2> <OutPorts = 1>
ST_1 : Operation 38 [1/1] (0.00ns)   --->   "%trunc_ln81 = trunc i16 %data_0_V_read_2 to i15" [firmware/nnet_utils/nnet_activation.h:81]   --->   Operation 38 'trunc' 'trunc_ln81' <Predicate = (icmp_ln1494)> <Delay = 0.00>
ST_1 : Operation 39 [1/1] (0.29ns)   --->   "%select_ln81 = select i1 %icmp_ln1494, i15 %trunc_ln81, i15 0" [firmware/nnet_utils/nnet_activation.h:81]   --->   Operation 39 'select' 'select_ln81' <Predicate = true> <Delay = 0.29> <Core = "Sel">   --->   Core 26 'Sel' <Latency = 0> <II = 1> <Delay = 0.29> <FuncUnit> <Opcode : 'select'> <InPorts = 3> <OutPorts = 1>
ST_1 : Operation 40 [1/1] (0.00ns)   --->   "%zext_ln81 = zext i15 %select_ln81 to i16" [firmware/nnet_utils/nnet_activation.h:81]   --->   Operation 40 'zext' 'zext_ln81' <Predicate = true> <Delay = 0.00>
ST_1 : Operation 41 [1/1] (0.67ns)   --->   "%icmp_ln1494_1 = icmp sgt i16 %data_1_V_read_2, 0" [firmware/nnet_utils/nnet_activation.h:81]   --->   Operation 41 'icmp' 'icmp_ln1494_1' <Predicate = true> <Delay = 0.67> <Core = "Cmp">   --->   Core 25 'Cmp' <Latency = 0> <II = 1> <Delay = 0.67> <FuncUnit> <Opcode : 'icmp'> <InPorts = 2> <OutPorts = 1>
ST_1 : Operation 42 [1/1] (0.00ns)   --->   "%trunc_ln81_1 = trunc i16 %data_1_V_read_2 to i15" [firmware/nnet_utils/nnet_activation.h:81]   --->   Operation 42 'trunc' 'trunc_ln81_1' <Predicate = (icmp_ln1494_1)> <Delay = 0.00>
ST_1 : Operation 43 [1/1] (0.29ns)   --->   "%select_ln81_1 = select i1 %icmp_ln1494_1, i15 %trunc_ln81_1, i15 0" [firmware/nnet_utils/nnet_activation.h:81]   --->   Operation 43 'select' 'select_ln81_1' <Predicate = true> <Delay = 0.29> <Core = "Sel">   --->   Core 26 'Sel' <Latency = 0> <II = 1> <Delay = 0.29> <FuncUnit> <Opcode : 'select'> <InPorts = 3> <OutPorts = 1>
ST_1 : Operation 44 [1/1] (0.00ns)   --->   "%zext_ln81_1 = zext i15 %select_ln81_1 to i16" [firmware/nnet_utils/nnet_activation.h:81]   --->   Operation 44 'zext' 'zext_ln81_1' <Predicate = true> <Delay = 0.00>
ST_1 : Operation 45 [1/1] (0.67ns)   --->   "%icmp_ln1494_2 = icmp sgt i16 %data_2_V_read_2, 0" [firmware/nnet_utils/nnet_activation.h:81]   --->   Operation 45 'icmp' 'icmp_ln1494_2' <Predicate = true> <Delay = 0.67> <Core = "Cmp">   --->   Core 25 'Cmp' <Latency = 0> <II = 1> <Delay = 0.67> <FuncUnit> <Opcode : 'icmp'> <InPorts = 2> <OutPorts = 1>
ST_1 : Operation 46 [1/1] (0.00ns)   --->   "%trunc_ln81_2 = trunc i16 %data_2_V_read_2 to i15" [firmware/nnet_utils/nnet_activation.h:81]   --->   Operation 46 'trunc' 'trunc_ln81_2' <Predicate = (icmp_ln1494_2)> <Delay = 0.00>
ST_1 : Operation 47 [1/1] (0.29ns)   --->   "%select_ln81_2 = select i1 %icmp_ln1494_2, i15 %trunc_ln81_2, i15 0" [firmware/nnet_utils/nnet_activation.h:81]   --->   Operation 47 'select' 'select_ln81_2' <Predicate = true> <Delay = 0.29> <Core = "Sel">   --->   Core 26 'Sel' <Latency = 0> <II = 1> <Delay = 0.29> <FuncUnit> <Opcode : 'select'> <InPorts = 3> <OutPorts = 1>
ST_1 : Operation 48 [1/1] (0.00ns)   --->   "%zext_ln81_2 = zext i15 %select_ln81_2 to i16" [firmware/nnet_utils/nnet_activation.h:81]   --->   Operation 48 'zext' 'zext_ln81_2' <Predicate = true> <Delay = 0.00>
ST_1 : Operation 49 [1/1] (0.67ns)   --->   "%icmp_ln1494_3 = icmp sgt i16 %data_3_V_read_2, 0" [firmware/nnet_utils/nnet_activation.h:81]   --->   Operation 49 'icmp' 'icmp_ln1494_3' <Predicate = true> <Delay = 0.67> <Core = "Cmp">   --->   Core 25 'Cmp' <Latency = 0> <II = 1> <Delay = 0.67> <FuncUnit> <Opcode : 'icmp'> <InPorts = 2> <OutPorts = 1>
ST_1 : Operation 50 [1/1] (0.00ns)   --->   "%trunc_ln81_3 = trunc i16 %data_3_V_read_2 to i15" [firmware/nnet_utils/nnet_activation.h:81]   --->   Operation 50 'trunc' 'trunc_ln81_3' <Predicate = (icmp_ln1494_3)> <Delay = 0.00>
ST_1 : Operation 51 [1/1] (0.29ns)   --->   "%select_ln81_3 = select i1 %icmp_ln1494_3, i15 %trunc_ln81_3, i15 0" [firmware/nnet_utils/nnet_activation.h:81]   --->   Operation 51 'select' 'select_ln81_3' <Predicate = true> <Delay = 0.29> <Core = "Sel">   --->   Core 26 'Sel' <Latency = 0> <II = 1> <Delay = 0.29> <FuncUnit> <Opcode : 'select'> <InPorts = 3> <OutPorts = 1>
ST_1 : Operation 52 [1/1] (0.00ns)   --->   "%zext_ln81_3 = zext i15 %select_ln81_3 to i16" [firmware/nnet_utils/nnet_activation.h:81]   --->   Operation 52 'zext' 'zext_ln81_3' <Predicate = true> <Delay = 0.00>
ST_1 : Operation 53 [1/1] (0.67ns)   --->   "%icmp_ln1494_4 = icmp sgt i16 %data_4_V_read_2, 0" [firmware/nnet_utils/nnet_activation.h:81]   --->   Operation 53 'icmp' 'icmp_ln1494_4' <Predicate = true> <Delay = 0.67> <Core = "Cmp">   --->   Core 25 'Cmp' <Latency = 0> <II = 1> <Delay = 0.67> <FuncUnit> <Opcode : 'icmp'> <InPorts = 2> <OutPorts = 1>
ST_1 : Operation 54 [1/1] (0.00ns)   --->   "%trunc_ln81_4 = trunc i16 %data_4_V_read_2 to i15" [firmware/nnet_utils/nnet_activation.h:81]   --->   Operation 54 'trunc' 'trunc_ln81_4' <Predicate = (icmp_ln1494_4)> <Delay = 0.00>
ST_1 : Operation 55 [1/1] (0.29ns)   --->   "%select_ln81_4 = select i1 %icmp_ln1494_4, i15 %trunc_ln81_4, i15 0" [firmware/nnet_utils/nnet_activation.h:81]   --->   Operation 55 'select' 'select_ln81_4' <Predicate = true> <Delay = 0.29> <Core = "Sel">   --->   Core 26 'Sel' <Latency = 0> <II = 1> <Delay = 0.29> <FuncUnit> <Opcode : 'select'> <InPorts = 3> <OutPorts = 1>
ST_1 : Operation 56 [1/1] (0.00ns)   --->   "%zext_ln81_4 = zext i15 %select_ln81_4 to i16" [firmware/nnet_utils/nnet_activation.h:81]   --->   Operation 56 'zext' 'zext_ln81_4' <Predicate = true> <Delay = 0.00>
ST_1 : Operation 57 [1/1] (0.67ns)   --->   "%icmp_ln1494_5 = icmp sgt i16 %data_5_V_read_1, 0" [firmware/nnet_utils/nnet_activation.h:81]   --->   Operation 57 'icmp' 'icmp_ln1494_5' <Predicate = true> <Delay = 0.67> <Core = "Cmp">   --->   Core 25 'Cmp' <Latency = 0> <II = 1> <Delay = 0.67> <FuncUnit> <Opcode : 'icmp'> <InPorts = 2> <OutPorts = 1>
ST_1 : Operation 58 [1/1] (0.00ns)   --->   "%trunc_ln81_5 = trunc i16 %data_5_V_read_1 to i15" [firmware/nnet_utils/nnet_activation.h:81]   --->   Operation 58 'trunc' 'trunc_ln81_5' <Predicate = (icmp_ln1494_5)> <Delay = 0.00>
ST_1 : Operation 59 [1/1] (0.29ns)   --->   "%select_ln81_5 = select i1 %icmp_ln1494_5, i15 %trunc_ln81_5, i15 0" [firmware/nnet_utils/nnet_activation.h:81]   --->   Operation 59 'select' 'select_ln81_5' <Predicate = true> <Delay = 0.29> <Core = "Sel">   --->   Core 26 'Sel' <Latency = 0> <II = 1> <Delay = 0.29> <FuncUnit> <Opcode : 'select'> <InPorts = 3> <OutPorts = 1>
ST_1 : Operation 60 [1/1] (0.00ns)   --->   "%zext_ln81_5 = zext i15 %select_ln81_5 to i16" [firmware/nnet_utils/nnet_activation.h:81]   --->   Operation 60 'zext' 'zext_ln81_5' <Predicate = true> <Delay = 0.00>
ST_1 : Operation 61 [1/1] (0.67ns)   --->   "%icmp_ln1494_6 = icmp sgt i16 %data_6_V_read_1, 0" [firmware/nnet_utils/nnet_activation.h:81]   --->   Operation 61 'icmp' 'icmp_ln1494_6' <Predicate = true> <Delay = 0.67> <Core = "Cmp">   --->   Core 25 'Cmp' <Latency = 0> <II = 1> <Delay = 0.67> <FuncUnit> <Opcode : 'icmp'> <InPorts = 2> <OutPorts = 1>
ST_1 : Operation 62 [1/1] (0.00ns)   --->   "%trunc_ln81_6 = trunc i16 %data_6_V_read_1 to i15" [firmware/nnet_utils/nnet_activation.h:81]   --->   Operation 62 'trunc' 'trunc_ln81_6' <Predicate = (icmp_ln1494_6)> <Delay = 0.00>
ST_1 : Operation 63 [1/1] (0.29ns)   --->   "%select_ln81_6 = select i1 %icmp_ln1494_6, i15 %trunc_ln81_6, i15 0" [firmware/nnet_utils/nnet_activation.h:81]   --->   Operation 63 'select' 'select_ln81_6' <Predicate = true> <Delay = 0.29> <Core = "Sel">   --->   Core 26 'Sel' <Latency = 0> <II = 1> <Delay = 0.29> <FuncUnit> <Opcode : 'select'> <InPorts = 3> <OutPorts = 1>
ST_1 : Operation 64 [1/1] (0.00ns)   --->   "%zext_ln81_6 = zext i15 %select_ln81_6 to i16" [firmware/nnet_utils/nnet_activation.h:81]   --->   Operation 64 'zext' 'zext_ln81_6' <Predicate = true> <Delay = 0.00>
ST_1 : Operation 65 [1/1] (0.67ns)   --->   "%icmp_ln1494_7 = icmp sgt i16 %data_7_V_read_1, 0" [firmware/nnet_utils/nnet_activation.h:81]   --->   Operation 65 'icmp' 'icmp_ln1494_7' <Predicate = true> <Delay = 0.67> <Core = "Cmp">   --->   Core 25 'Cmp' <Latency = 0> <II = 1> <Delay = 0.67> <FuncUnit> <Opcode : 'icmp'> <InPorts = 2> <OutPorts = 1>
ST_1 : Operation 66 [1/1] (0.00ns)   --->   "%trunc_ln81_7 = trunc i16 %data_7_V_read_1 to i15" [firmware/nnet_utils/nnet_activation.h:81]   --->   Operation 66 'trunc' 'trunc_ln81_7' <Predicate = (icmp_ln1494_7)> <Delay = 0.00>
ST_1 : Operation 67 [1/1] (0.29ns)   --->   "%select_ln81_7 = select i1 %icmp_ln1494_7, i15 %trunc_ln81_7, i15 0" [firmware/nnet_utils/nnet_activation.h:81]   --->   Operation 67 'select' 'select_ln81_7' <Predicate = true> <Delay = 0.29> <Core = "Sel">   --->   Core 26 'Sel' <Latency = 0> <II = 1> <Delay = 0.29> <FuncUnit> <Opcode : 'select'> <InPorts = 3> <OutPorts = 1>
ST_1 : Operation 68 [1/1] (0.00ns)   --->   "%zext_ln81_7 = zext i15 %select_ln81_7 to i16" [firmware/nnet_utils/nnet_activation.h:81]   --->   Operation 68 'zext' 'zext_ln81_7' <Predicate = true> <Delay = 0.00>
ST_1 : Operation 69 [1/1] (0.67ns)   --->   "%icmp_ln1494_8 = icmp sgt i16 %data_8_V_read_1, 0" [firmware/nnet_utils/nnet_activation.h:81]   --->   Operation 69 'icmp' 'icmp_ln1494_8' <Predicate = true> <Delay = 0.67> <Core = "Cmp">   --->   Core 25 'Cmp' <Latency = 0> <II = 1> <Delay = 0.67> <FuncUnit> <Opcode : 'icmp'> <InPorts = 2> <OutPorts = 1>
ST_1 : Operation 70 [1/1] (0.00ns)   --->   "%trunc_ln81_8 = trunc i16 %data_8_V_read_1 to i15" [firmware/nnet_utils/nnet_activation.h:81]   --->   Operation 70 'trunc' 'trunc_ln81_8' <Predicate = (icmp_ln1494_8)> <Delay = 0.00>
ST_1 : Operation 71 [1/1] (0.29ns)   --->   "%select_ln81_8 = select i1 %icmp_ln1494_8, i15 %trunc_ln81_8, i15 0" [firmware/nnet_utils/nnet_activation.h:81]   --->   Operation 71 'select' 'select_ln81_8' <Predicate = true> <Delay = 0.29> <Core = "Sel">   --->   Core 26 'Sel' <Latency = 0> <II = 1> <Delay = 0.29> <FuncUnit> <Opcode : 'select'> <InPorts = 3> <OutPorts = 1>
ST_1 : Operation 72 [1/1] (0.00ns)   --->   "%zext_ln81_8 = zext i15 %select_ln81_8 to i16" [firmware/nnet_utils/nnet_activation.h:81]   --->   Operation 72 'zext' 'zext_ln81_8' <Predicate = true> <Delay = 0.00>
ST_1 : Operation 73 [1/1] (0.67ns)   --->   "%icmp_ln1494_9 = icmp sgt i16 %data_9_V_read_1, 0" [firmware/nnet_utils/nnet_activation.h:81]   --->   Operation 73 'icmp' 'icmp_ln1494_9' <Predicate = true> <Delay = 0.67> <Core = "Cmp">   --->   Core 25 'Cmp' <Latency = 0> <II = 1> <Delay = 0.67> <FuncUnit> <Opcode : 'icmp'> <InPorts = 2> <OutPorts = 1>
ST_1 : Operation 74 [1/1] (0.00ns)   --->   "%trunc_ln81_9 = trunc i16 %data_9_V_read_1 to i15" [firmware/nnet_utils/nnet_activation.h:81]   --->   Operation 74 'trunc' 'trunc_ln81_9' <Predicate = (icmp_ln1494_9)> <Delay = 0.00>
ST_1 : Operation 75 [1/1] (0.29ns)   --->   "%select_ln81_9 = select i1 %icmp_ln1494_9, i15 %trunc_ln81_9, i15 0" [firmware/nnet_utils/nnet_activation.h:81]   --->   Operation 75 'select' 'select_ln81_9' <Predicate = true> <Delay = 0.29> <Core = "Sel">   --->   Core 26 'Sel' <Latency = 0> <II = 1> <Delay = 0.29> <FuncUnit> <Opcode : 'select'> <InPorts = 3> <OutPorts = 1>
ST_1 : Operation 76 [1/1] (0.00ns)   --->   "%zext_ln81_9 = zext i15 %select_ln81_9 to i16" [firmware/nnet_utils/nnet_activation.h:81]   --->   Operation 76 'zext' 'zext_ln81_9' <Predicate = true> <Delay = 0.00>
ST_1 : Operation 77 [1/1] (0.67ns)   --->   "%icmp_ln1494_10 = icmp sgt i16 %data_10_V_read_1, 0" [firmware/nnet_utils/nnet_activation.h:81]   --->   Operation 77 'icmp' 'icmp_ln1494_10' <Predicate = true> <Delay = 0.67> <Core = "Cmp">   --->   Core 25 'Cmp' <Latency = 0> <II = 1> <Delay = 0.67> <FuncUnit> <Opcode : 'icmp'> <InPorts = 2> <OutPorts = 1>
ST_1 : Operation 78 [1/1] (0.00ns)   --->   "%trunc_ln81_10 = trunc i16 %data_10_V_read_1 to i15" [firmware/nnet_utils/nnet_activation.h:81]   --->   Operation 78 'trunc' 'trunc_ln81_10' <Predicate = (icmp_ln1494_10)> <Delay = 0.00>
ST_1 : Operation 79 [1/1] (0.29ns)   --->   "%select_ln81_10 = select i1 %icmp_ln1494_10, i15 %trunc_ln81_10, i15 0" [firmware/nnet_utils/nnet_activation.h:81]   --->   Operation 79 'select' 'select_ln81_10' <Predicate = true> <Delay = 0.29> <Core = "Sel">   --->   Core 26 'Sel' <Latency = 0> <II = 1> <Delay = 0.29> <FuncUnit> <Opcode : 'select'> <InPorts = 3> <OutPorts = 1>
ST_1 : Operation 80 [1/1] (0.00ns)   --->   "%zext_ln81_10 = zext i15 %select_ln81_10 to i16" [firmware/nnet_utils/nnet_activation.h:81]   --->   Operation 80 'zext' 'zext_ln81_10' <Predicate = true> <Delay = 0.00>
ST_1 : Operation 81 [1/1] (0.67ns)   --->   "%icmp_ln1494_11 = icmp sgt i16 %data_11_V_read_1, 0" [firmware/nnet_utils/nnet_activation.h:81]   --->   Operation 81 'icmp' 'icmp_ln1494_11' <Predicate = true> <Delay = 0.67> <Core = "Cmp">   --->   Core 25 'Cmp' <Latency = 0> <II = 1> <Delay = 0.67> <FuncUnit> <Opcode : 'icmp'> <InPorts = 2> <OutPorts = 1>
ST_1 : Operation 82 [1/1] (0.00ns)   --->   "%trunc_ln81_11 = trunc i16 %data_11_V_read_1 to i15" [firmware/nnet_utils/nnet_activation.h:81]   --->   Operation 82 'trunc' 'trunc_ln81_11' <Predicate = (icmp_ln1494_11)> <Delay = 0.00>
ST_1 : Operation 83 [1/1] (0.29ns)   --->   "%select_ln81_11 = select i1 %icmp_ln1494_11, i15 %trunc_ln81_11, i15 0" [firmware/nnet_utils/nnet_activation.h:81]   --->   Operation 83 'select' 'select_ln81_11' <Predicate = true> <Delay = 0.29> <Core = "Sel">   --->   Core 26 'Sel' <Latency = 0> <II = 1> <Delay = 0.29> <FuncUnit> <Opcode : 'select'> <InPorts = 3> <OutPorts = 1>
ST_1 : Operation 84 [1/1] (0.00ns)   --->   "%zext_ln81_11 = zext i15 %select_ln81_11 to i16" [firmware/nnet_utils/nnet_activation.h:81]   --->   Operation 84 'zext' 'zext_ln81_11' <Predicate = true> <Delay = 0.00>
ST_1 : Operation 85 [1/1] (0.67ns)   --->   "%icmp_ln1494_12 = icmp sgt i16 %data_12_V_read_1, 0" [firmware/nnet_utils/nnet_activation.h:81]   --->   Operation 85 'icmp' 'icmp_ln1494_12' <Predicate = true> <Delay = 0.67> <Core = "Cmp">   --->   Core 25 'Cmp' <Latency = 0> <II = 1> <Delay = 0.67> <FuncUnit> <Opcode : 'icmp'> <InPorts = 2> <OutPorts = 1>
ST_1 : Operation 86 [1/1] (0.00ns)   --->   "%trunc_ln81_12 = trunc i16 %data_12_V_read_1 to i15" [firmware/nnet_utils/nnet_activation.h:81]   --->   Operation 86 'trunc' 'trunc_ln81_12' <Predicate = (icmp_ln1494_12)> <Delay = 0.00>
ST_1 : Operation 87 [1/1] (0.29ns)   --->   "%select_ln81_12 = select i1 %icmp_ln1494_12, i15 %trunc_ln81_12, i15 0" [firmware/nnet_utils/nnet_activation.h:81]   --->   Operation 87 'select' 'select_ln81_12' <Predicate = true> <Delay = 0.29> <Core = "Sel">   --->   Core 26 'Sel' <Latency = 0> <II = 1> <Delay = 0.29> <FuncUnit> <Opcode : 'select'> <InPorts = 3> <OutPorts = 1>
ST_1 : Operation 88 [1/1] (0.00ns)   --->   "%zext_ln81_12 = zext i15 %select_ln81_12 to i16" [firmware/nnet_utils/nnet_activation.h:81]   --->   Operation 88 'zext' 'zext_ln81_12' <Predicate = true> <Delay = 0.00>
ST_1 : Operation 89 [1/1] (0.67ns)   --->   "%icmp_ln1494_13 = icmp sgt i16 %data_13_V_read_1, 0" [firmware/nnet_utils/nnet_activation.h:81]   --->   Operation 89 'icmp' 'icmp_ln1494_13' <Predicate = true> <Delay = 0.67> <Core = "Cmp">   --->   Core 25 'Cmp' <Latency = 0> <II = 1> <Delay = 0.67> <FuncUnit> <Opcode : 'icmp'> <InPorts = 2> <OutPorts = 1>
ST_1 : Operation 90 [1/1] (0.00ns)   --->   "%trunc_ln81_13 = trunc i16 %data_13_V_read_1 to i15" [firmware/nnet_utils/nnet_activation.h:81]   --->   Operation 90 'trunc' 'trunc_ln81_13' <Predicate = (icmp_ln1494_13)> <Delay = 0.00>
ST_1 : Operation 91 [1/1] (0.29ns)   --->   "%select_ln81_13 = select i1 %icmp_ln1494_13, i15 %trunc_ln81_13, i15 0" [firmware/nnet_utils/nnet_activation.h:81]   --->   Operation 91 'select' 'select_ln81_13' <Predicate = true> <Delay = 0.29> <Core = "Sel">   --->   Core 26 'Sel' <Latency = 0> <II = 1> <Delay = 0.29> <FuncUnit> <Opcode : 'select'> <InPorts = 3> <OutPorts = 1>
ST_1 : Operation 92 [1/1] (0.00ns)   --->   "%zext_ln81_13 = zext i15 %select_ln81_13 to i16" [firmware/nnet_utils/nnet_activation.h:81]   --->   Operation 92 'zext' 'zext_ln81_13' <Predicate = true> <Delay = 0.00>
ST_1 : Operation 93 [1/1] (0.67ns)   --->   "%icmp_ln1494_14 = icmp sgt i16 %data_14_V_read_1, 0" [firmware/nnet_utils/nnet_activation.h:81]   --->   Operation 93 'icmp' 'icmp_ln1494_14' <Predicate = true> <Delay = 0.67> <Core = "Cmp">   --->   Core 25 'Cmp' <Latency = 0> <II = 1> <Delay = 0.67> <FuncUnit> <Opcode : 'icmp'> <InPorts = 2> <OutPorts = 1>
ST_1 : Operation 94 [1/1] (0.00ns)   --->   "%trunc_ln81_14 = trunc i16 %data_14_V_read_1 to i15" [firmware/nnet_utils/nnet_activation.h:81]   --->   Operation 94 'trunc' 'trunc_ln81_14' <Predicate = (icmp_ln1494_14)> <Delay = 0.00>
ST_1 : Operation 95 [1/1] (0.29ns)   --->   "%select_ln81_14 = select i1 %icmp_ln1494_14, i15 %trunc_ln81_14, i15 0" [firmware/nnet_utils/nnet_activation.h:81]   --->   Operation 95 'select' 'select_ln81_14' <Predicate = true> <Delay = 0.29> <Core = "Sel">   --->   Core 26 'Sel' <Latency = 0> <II = 1> <Delay = 0.29> <FuncUnit> <Opcode : 'select'> <InPorts = 3> <OutPorts = 1>
ST_1 : Operation 96 [1/1] (0.00ns)   --->   "%zext_ln81_14 = zext i15 %select_ln81_14 to i16" [firmware/nnet_utils/nnet_activation.h:81]   --->   Operation 96 'zext' 'zext_ln81_14' <Predicate = true> <Delay = 0.00>
ST_1 : Operation 97 [1/1] (0.67ns)   --->   "%icmp_ln1494_15 = icmp sgt i16 %data_15_V_read_1, 0" [firmware/nnet_utils/nnet_activation.h:81]   --->   Operation 97 'icmp' 'icmp_ln1494_15' <Predicate = true> <Delay = 0.67> <Core = "Cmp">   --->   Core 25 'Cmp' <Latency = 0> <II = 1> <Delay = 0.67> <FuncUnit> <Opcode : 'icmp'> <InPorts = 2> <OutPorts = 1>
ST_1 : Operation 98 [1/1] (0.00ns)   --->   "%trunc_ln81_15 = trunc i16 %data_15_V_read_1 to i15" [firmware/nnet_utils/nnet_activation.h:81]   --->   Operation 98 'trunc' 'trunc_ln81_15' <Predicate = (icmp_ln1494_15)> <Delay = 0.00>
ST_1 : Operation 99 [1/1] (0.29ns)   --->   "%select_ln81_15 = select i1 %icmp_ln1494_15, i15 %trunc_ln81_15, i15 0" [firmware/nnet_utils/nnet_activation.h:81]   --->   Operation 99 'select' 'select_ln81_15' <Predicate = true> <Delay = 0.29> <Core = "Sel">   --->   Core 26 'Sel' <Latency = 0> <II = 1> <Delay = 0.29> <FuncUnit> <Opcode : 'select'> <InPorts = 3> <OutPorts = 1>
ST_1 : Operation 100 [1/1] (0.00ns)   --->   "%zext_ln81_15 = zext i15 %select_ln81_15 to i16" [firmware/nnet_utils/nnet_activation.h:81]   --->   Operation 100 'zext' 'zext_ln81_15' <Predicate = true> <Delay = 0.00>
ST_1 : Operation 101 [1/1] (0.67ns)   --->   "%icmp_ln1494_16 = icmp sgt i16 %data_16_V_read_1, 0" [firmware/nnet_utils/nnet_activation.h:81]   --->   Operation 101 'icmp' 'icmp_ln1494_16' <Predicate = true> <Delay = 0.67> <Core = "Cmp">   --->   Core 25 'Cmp' <Latency = 0> <II = 1> <Delay = 0.67> <FuncUnit> <Opcode : 'icmp'> <InPorts = 2> <OutPorts = 1>
ST_1 : Operation 102 [1/1] (0.00ns)   --->   "%trunc_ln81_16 = trunc i16 %data_16_V_read_1 to i15" [firmware/nnet_utils/nnet_activation.h:81]   --->   Operation 102 'trunc' 'trunc_ln81_16' <Predicate = (icmp_ln1494_16)> <Delay = 0.00>
ST_1 : Operation 103 [1/1] (0.29ns)   --->   "%select_ln81_16 = select i1 %icmp_ln1494_16, i15 %trunc_ln81_16, i15 0" [firmware/nnet_utils/nnet_activation.h:81]   --->   Operation 103 'select' 'select_ln81_16' <Predicate = true> <Delay = 0.29> <Core = "Sel">   --->   Core 26 'Sel' <Latency = 0> <II = 1> <Delay = 0.29> <FuncUnit> <Opcode : 'select'> <InPorts = 3> <OutPorts = 1>
ST_1 : Operation 104 [1/1] (0.00ns)   --->   "%zext_ln81_16 = zext i15 %select_ln81_16 to i16" [firmware/nnet_utils/nnet_activation.h:81]   --->   Operation 104 'zext' 'zext_ln81_16' <Predicate = true> <Delay = 0.00>
ST_1 : Operation 105 [1/1] (0.67ns)   --->   "%icmp_ln1494_17 = icmp sgt i16 %data_17_V_read_1, 0" [firmware/nnet_utils/nnet_activation.h:81]   --->   Operation 105 'icmp' 'icmp_ln1494_17' <Predicate = true> <Delay = 0.67> <Core = "Cmp">   --->   Core 25 'Cmp' <Latency = 0> <II = 1> <Delay = 0.67> <FuncUnit> <Opcode : 'icmp'> <InPorts = 2> <OutPorts = 1>
ST_1 : Operation 106 [1/1] (0.00ns)   --->   "%trunc_ln81_17 = trunc i16 %data_17_V_read_1 to i15" [firmware/nnet_utils/nnet_activation.h:81]   --->   Operation 106 'trunc' 'trunc_ln81_17' <Predicate = (icmp_ln1494_17)> <Delay = 0.00>
ST_1 : Operation 107 [1/1] (0.29ns)   --->   "%select_ln81_17 = select i1 %icmp_ln1494_17, i15 %trunc_ln81_17, i15 0" [firmware/nnet_utils/nnet_activation.h:81]   --->   Operation 107 'select' 'select_ln81_17' <Predicate = true> <Delay = 0.29> <Core = "Sel">   --->   Core 26 'Sel' <Latency = 0> <II = 1> <Delay = 0.29> <FuncUnit> <Opcode : 'select'> <InPorts = 3> <OutPorts = 1>
ST_1 : Operation 108 [1/1] (0.00ns)   --->   "%zext_ln81_17 = zext i15 %select_ln81_17 to i16" [firmware/nnet_utils/nnet_activation.h:81]   --->   Operation 108 'zext' 'zext_ln81_17' <Predicate = true> <Delay = 0.00>
ST_1 : Operation 109 [1/1] (0.67ns)   --->   "%icmp_ln1494_18 = icmp sgt i16 %data_18_V_read_1, 0" [firmware/nnet_utils/nnet_activation.h:81]   --->   Operation 109 'icmp' 'icmp_ln1494_18' <Predicate = true> <Delay = 0.67> <Core = "Cmp">   --->   Core 25 'Cmp' <Latency = 0> <II = 1> <Delay = 0.67> <FuncUnit> <Opcode : 'icmp'> <InPorts = 2> <OutPorts = 1>
ST_1 : Operation 110 [1/1] (0.00ns)   --->   "%trunc_ln81_18 = trunc i16 %data_18_V_read_1 to i15" [firmware/nnet_utils/nnet_activation.h:81]   --->   Operation 110 'trunc' 'trunc_ln81_18' <Predicate = (icmp_ln1494_18)> <Delay = 0.00>
ST_1 : Operation 111 [1/1] (0.29ns)   --->   "%select_ln81_18 = select i1 %icmp_ln1494_18, i15 %trunc_ln81_18, i15 0" [firmware/nnet_utils/nnet_activation.h:81]   --->   Operation 111 'select' 'select_ln81_18' <Predicate = true> <Delay = 0.29> <Core = "Sel">   --->   Core 26 'Sel' <Latency = 0> <II = 1> <Delay = 0.29> <FuncUnit> <Opcode : 'select'> <InPorts = 3> <OutPorts = 1>
ST_1 : Operation 112 [1/1] (0.00ns)   --->   "%zext_ln81_18 = zext i15 %select_ln81_18 to i16" [firmware/nnet_utils/nnet_activation.h:81]   --->   Operation 112 'zext' 'zext_ln81_18' <Predicate = true> <Delay = 0.00>
ST_1 : Operation 113 [1/1] (0.67ns)   --->   "%icmp_ln1494_19 = icmp sgt i16 %data_19_V_read_1, 0" [firmware/nnet_utils/nnet_activation.h:81]   --->   Operation 113 'icmp' 'icmp_ln1494_19' <Predicate = true> <Delay = 0.67> <Core = "Cmp">   --->   Core 25 'Cmp' <Latency = 0> <II = 1> <Delay = 0.67> <FuncUnit> <Opcode : 'icmp'> <InPorts = 2> <OutPorts = 1>
ST_1 : Operation 114 [1/1] (0.00ns)   --->   "%trunc_ln81_19 = trunc i16 %data_19_V_read_1 to i15" [firmware/nnet_utils/nnet_activation.h:81]   --->   Operation 114 'trunc' 'trunc_ln81_19' <Predicate = (icmp_ln1494_19)> <Delay = 0.00>
ST_1 : Operation 115 [1/1] (0.29ns)   --->   "%select_ln81_19 = select i1 %icmp_ln1494_19, i15 %trunc_ln81_19, i15 0" [firmware/nnet_utils/nnet_activation.h:81]   --->   Operation 115 'select' 'select_ln81_19' <Predicate = true> <Delay = 0.29> <Core = "Sel">   --->   Core 26 'Sel' <Latency = 0> <II = 1> <Delay = 0.29> <FuncUnit> <Opcode : 'select'> <InPorts = 3> <OutPorts = 1>
ST_1 : Operation 116 [1/1] (0.00ns)   --->   "%zext_ln81_19 = zext i15 %select_ln81_19 to i16" [firmware/nnet_utils/nnet_activation.h:81]   --->   Operation 116 'zext' 'zext_ln81_19' <Predicate = true> <Delay = 0.00>
ST_1 : Operation 117 [1/1] (0.67ns)   --->   "%icmp_ln1494_20 = icmp sgt i16 %data_20_V_read_1, 0" [firmware/nnet_utils/nnet_activation.h:81]   --->   Operation 117 'icmp' 'icmp_ln1494_20' <Predicate = true> <Delay = 0.67> <Core = "Cmp">   --->   Core 25 'Cmp' <Latency = 0> <II = 1> <Delay = 0.67> <FuncUnit> <Opcode : 'icmp'> <InPorts = 2> <OutPorts = 1>
ST_1 : Operation 118 [1/1] (0.00ns)   --->   "%trunc_ln81_20 = trunc i16 %data_20_V_read_1 to i15" [firmware/nnet_utils/nnet_activation.h:81]   --->   Operation 118 'trunc' 'trunc_ln81_20' <Predicate = (icmp_ln1494_20)> <Delay = 0.00>
ST_1 : Operation 119 [1/1] (0.29ns)   --->   "%select_ln81_20 = select i1 %icmp_ln1494_20, i15 %trunc_ln81_20, i15 0" [firmware/nnet_utils/nnet_activation.h:81]   --->   Operation 119 'select' 'select_ln81_20' <Predicate = true> <Delay = 0.29> <Core = "Sel">   --->   Core 26 'Sel' <Latency = 0> <II = 1> <Delay = 0.29> <FuncUnit> <Opcode : 'select'> <InPorts = 3> <OutPorts = 1>
ST_1 : Operation 120 [1/1] (0.00ns)   --->   "%zext_ln81_20 = zext i15 %select_ln81_20 to i16" [firmware/nnet_utils/nnet_activation.h:81]   --->   Operation 120 'zext' 'zext_ln81_20' <Predicate = true> <Delay = 0.00>
ST_1 : Operation 121 [1/1] (0.67ns)   --->   "%icmp_ln1494_21 = icmp sgt i16 %data_21_V_read_1, 0" [firmware/nnet_utils/nnet_activation.h:81]   --->   Operation 121 'icmp' 'icmp_ln1494_21' <Predicate = true> <Delay = 0.67> <Core = "Cmp">   --->   Core 25 'Cmp' <Latency = 0> <II = 1> <Delay = 0.67> <FuncUnit> <Opcode : 'icmp'> <InPorts = 2> <OutPorts = 1>
ST_1 : Operation 122 [1/1] (0.00ns)   --->   "%trunc_ln81_21 = trunc i16 %data_21_V_read_1 to i15" [firmware/nnet_utils/nnet_activation.h:81]   --->   Operation 122 'trunc' 'trunc_ln81_21' <Predicate = (icmp_ln1494_21)> <Delay = 0.00>
ST_1 : Operation 123 [1/1] (0.29ns)   --->   "%select_ln81_21 = select i1 %icmp_ln1494_21, i15 %trunc_ln81_21, i15 0" [firmware/nnet_utils/nnet_activation.h:81]   --->   Operation 123 'select' 'select_ln81_21' <Predicate = true> <Delay = 0.29> <Core = "Sel">   --->   Core 26 'Sel' <Latency = 0> <II = 1> <Delay = 0.29> <FuncUnit> <Opcode : 'select'> <InPorts = 3> <OutPorts = 1>
ST_1 : Operation 124 [1/1] (0.00ns)   --->   "%zext_ln81_21 = zext i15 %select_ln81_21 to i16" [firmware/nnet_utils/nnet_activation.h:81]   --->   Operation 124 'zext' 'zext_ln81_21' <Predicate = true> <Delay = 0.00>
ST_1 : Operation 125 [1/1] (0.67ns)   --->   "%icmp_ln1494_22 = icmp sgt i16 %data_22_V_read_1, 0" [firmware/nnet_utils/nnet_activation.h:81]   --->   Operation 125 'icmp' 'icmp_ln1494_22' <Predicate = true> <Delay = 0.67> <Core = "Cmp">   --->   Core 25 'Cmp' <Latency = 0> <II = 1> <Delay = 0.67> <FuncUnit> <Opcode : 'icmp'> <InPorts = 2> <OutPorts = 1>
ST_1 : Operation 126 [1/1] (0.00ns)   --->   "%trunc_ln81_22 = trunc i16 %data_22_V_read_1 to i15" [firmware/nnet_utils/nnet_activation.h:81]   --->   Operation 126 'trunc' 'trunc_ln81_22' <Predicate = (icmp_ln1494_22)> <Delay = 0.00>
ST_1 : Operation 127 [1/1] (0.29ns)   --->   "%select_ln81_22 = select i1 %icmp_ln1494_22, i15 %trunc_ln81_22, i15 0" [firmware/nnet_utils/nnet_activation.h:81]   --->   Operation 127 'select' 'select_ln81_22' <Predicate = true> <Delay = 0.29> <Core = "Sel">   --->   Core 26 'Sel' <Latency = 0> <II = 1> <Delay = 0.29> <FuncUnit> <Opcode : 'select'> <InPorts = 3> <OutPorts = 1>
ST_1 : Operation 128 [1/1] (0.00ns)   --->   "%zext_ln81_22 = zext i15 %select_ln81_22 to i16" [firmware/nnet_utils/nnet_activation.h:81]   --->   Operation 128 'zext' 'zext_ln81_22' <Predicate = true> <Delay = 0.00>
ST_1 : Operation 129 [1/1] (0.67ns)   --->   "%icmp_ln1494_23 = icmp sgt i16 %data_23_V_read_1, 0" [firmware/nnet_utils/nnet_activation.h:81]   --->   Operation 129 'icmp' 'icmp_ln1494_23' <Predicate = true> <Delay = 0.67> <Core = "Cmp">   --->   Core 25 'Cmp' <Latency = 0> <II = 1> <Delay = 0.67> <FuncUnit> <Opcode : 'icmp'> <InPorts = 2> <OutPorts = 1>
ST_1 : Operation 130 [1/1] (0.00ns)   --->   "%trunc_ln81_23 = trunc i16 %data_23_V_read_1 to i15" [firmware/nnet_utils/nnet_activation.h:81]   --->   Operation 130 'trunc' 'trunc_ln81_23' <Predicate = (icmp_ln1494_23)> <Delay = 0.00>
ST_1 : Operation 131 [1/1] (0.29ns)   --->   "%select_ln81_23 = select i1 %icmp_ln1494_23, i15 %trunc_ln81_23, i15 0" [firmware/nnet_utils/nnet_activation.h:81]   --->   Operation 131 'select' 'select_ln81_23' <Predicate = true> <Delay = 0.29> <Core = "Sel">   --->   Core 26 'Sel' <Latency = 0> <II = 1> <Delay = 0.29> <FuncUnit> <Opcode : 'select'> <InPorts = 3> <OutPorts = 1>
ST_1 : Operation 132 [1/1] (0.00ns)   --->   "%zext_ln81_23 = zext i15 %select_ln81_23 to i16" [firmware/nnet_utils/nnet_activation.h:81]   --->   Operation 132 'zext' 'zext_ln81_23' <Predicate = true> <Delay = 0.00>
ST_1 : Operation 133 [1/1] (0.67ns)   --->   "%icmp_ln1494_24 = icmp sgt i16 %data_24_V_read_1, 0" [firmware/nnet_utils/nnet_activation.h:81]   --->   Operation 133 'icmp' 'icmp_ln1494_24' <Predicate = true> <Delay = 0.67> <Core = "Cmp">   --->   Core 25 'Cmp' <Latency = 0> <II = 1> <Delay = 0.67> <FuncUnit> <Opcode : 'icmp'> <InPorts = 2> <OutPorts = 1>
ST_1 : Operation 134 [1/1] (0.00ns)   --->   "%trunc_ln81_24 = trunc i16 %data_24_V_read_1 to i15" [firmware/nnet_utils/nnet_activation.h:81]   --->   Operation 134 'trunc' 'trunc_ln81_24' <Predicate = (icmp_ln1494_24)> <Delay = 0.00>
ST_1 : Operation 135 [1/1] (0.29ns)   --->   "%select_ln81_24 = select i1 %icmp_ln1494_24, i15 %trunc_ln81_24, i15 0" [firmware/nnet_utils/nnet_activation.h:81]   --->   Operation 135 'select' 'select_ln81_24' <Predicate = true> <Delay = 0.29> <Core = "Sel">   --->   Core 26 'Sel' <Latency = 0> <II = 1> <Delay = 0.29> <FuncUnit> <Opcode : 'select'> <InPorts = 3> <OutPorts = 1>
ST_1 : Operation 136 [1/1] (0.00ns)   --->   "%zext_ln81_24 = zext i15 %select_ln81_24 to i16" [firmware/nnet_utils/nnet_activation.h:81]   --->   Operation 136 'zext' 'zext_ln81_24' <Predicate = true> <Delay = 0.00>
ST_1 : Operation 137 [1/1] (0.67ns)   --->   "%icmp_ln1494_25 = icmp sgt i16 %data_25_V_read_1, 0" [firmware/nnet_utils/nnet_activation.h:81]   --->   Operation 137 'icmp' 'icmp_ln1494_25' <Predicate = true> <Delay = 0.67> <Core = "Cmp">   --->   Core 25 'Cmp' <Latency = 0> <II = 1> <Delay = 0.67> <FuncUnit> <Opcode : 'icmp'> <InPorts = 2> <OutPorts = 1>
ST_1 : Operation 138 [1/1] (0.00ns)   --->   "%trunc_ln81_25 = trunc i16 %data_25_V_read_1 to i15" [firmware/nnet_utils/nnet_activation.h:81]   --->   Operation 138 'trunc' 'trunc_ln81_25' <Predicate = (icmp_ln1494_25)> <Delay = 0.00>
ST_1 : Operation 139 [1/1] (0.29ns)   --->   "%select_ln81_25 = select i1 %icmp_ln1494_25, i15 %trunc_ln81_25, i15 0" [firmware/nnet_utils/nnet_activation.h:81]   --->   Operation 139 'select' 'select_ln81_25' <Predicate = true> <Delay = 0.29> <Core = "Sel">   --->   Core 26 'Sel' <Latency = 0> <II = 1> <Delay = 0.29> <FuncUnit> <Opcode : 'select'> <InPorts = 3> <OutPorts = 1>
ST_1 : Operation 140 [1/1] (0.00ns)   --->   "%zext_ln81_25 = zext i15 %select_ln81_25 to i16" [firmware/nnet_utils/nnet_activation.h:81]   --->   Operation 140 'zext' 'zext_ln81_25' <Predicate = true> <Delay = 0.00>
ST_1 : Operation 141 [1/1] (0.67ns)   --->   "%icmp_ln1494_26 = icmp sgt i16 %data_26_V_read_1, 0" [firmware/nnet_utils/nnet_activation.h:81]   --->   Operation 141 'icmp' 'icmp_ln1494_26' <Predicate = true> <Delay = 0.67> <Core = "Cmp">   --->   Core 25 'Cmp' <Latency = 0> <II = 1> <Delay = 0.67> <FuncUnit> <Opcode : 'icmp'> <InPorts = 2> <OutPorts = 1>
ST_1 : Operation 142 [1/1] (0.00ns)   --->   "%trunc_ln81_26 = trunc i16 %data_26_V_read_1 to i15" [firmware/nnet_utils/nnet_activation.h:81]   --->   Operation 142 'trunc' 'trunc_ln81_26' <Predicate = (icmp_ln1494_26)> <Delay = 0.00>
ST_1 : Operation 143 [1/1] (0.29ns)   --->   "%select_ln81_26 = select i1 %icmp_ln1494_26, i15 %trunc_ln81_26, i15 0" [firmware/nnet_utils/nnet_activation.h:81]   --->   Operation 143 'select' 'select_ln81_26' <Predicate = true> <Delay = 0.29> <Core = "Sel">   --->   Core 26 'Sel' <Latency = 0> <II = 1> <Delay = 0.29> <FuncUnit> <Opcode : 'select'> <InPorts = 3> <OutPorts = 1>
ST_1 : Operation 144 [1/1] (0.00ns)   --->   "%zext_ln81_26 = zext i15 %select_ln81_26 to i16" [firmware/nnet_utils/nnet_activation.h:81]   --->   Operation 144 'zext' 'zext_ln81_26' <Predicate = true> <Delay = 0.00>
ST_1 : Operation 145 [1/1] (0.67ns)   --->   "%icmp_ln1494_27 = icmp sgt i16 %data_27_V_read_1, 0" [firmware/nnet_utils/nnet_activation.h:81]   --->   Operation 145 'icmp' 'icmp_ln1494_27' <Predicate = true> <Delay = 0.67> <Core = "Cmp">   --->   Core 25 'Cmp' <Latency = 0> <II = 1> <Delay = 0.67> <FuncUnit> <Opcode : 'icmp'> <InPorts = 2> <OutPorts = 1>
ST_1 : Operation 146 [1/1] (0.00ns)   --->   "%trunc_ln81_27 = trunc i16 %data_27_V_read_1 to i15" [firmware/nnet_utils/nnet_activation.h:81]   --->   Operation 146 'trunc' 'trunc_ln81_27' <Predicate = (icmp_ln1494_27)> <Delay = 0.00>
ST_1 : Operation 147 [1/1] (0.29ns)   --->   "%select_ln81_27 = select i1 %icmp_ln1494_27, i15 %trunc_ln81_27, i15 0" [firmware/nnet_utils/nnet_activation.h:81]   --->   Operation 147 'select' 'select_ln81_27' <Predicate = true> <Delay = 0.29> <Core = "Sel">   --->   Core 26 'Sel' <Latency = 0> <II = 1> <Delay = 0.29> <FuncUnit> <Opcode : 'select'> <InPorts = 3> <OutPorts = 1>
ST_1 : Operation 148 [1/1] (0.00ns)   --->   "%zext_ln81_27 = zext i15 %select_ln81_27 to i16" [firmware/nnet_utils/nnet_activation.h:81]   --->   Operation 148 'zext' 'zext_ln81_27' <Predicate = true> <Delay = 0.00>
ST_1 : Operation 149 [1/1] (0.67ns)   --->   "%icmp_ln1494_28 = icmp sgt i16 %data_28_V_read_1, 0" [firmware/nnet_utils/nnet_activation.h:81]   --->   Operation 149 'icmp' 'icmp_ln1494_28' <Predicate = true> <Delay = 0.67> <Core = "Cmp">   --->   Core 25 'Cmp' <Latency = 0> <II = 1> <Delay = 0.67> <FuncUnit> <Opcode : 'icmp'> <InPorts = 2> <OutPorts = 1>
ST_1 : Operation 150 [1/1] (0.00ns)   --->   "%trunc_ln81_28 = trunc i16 %data_28_V_read_1 to i15" [firmware/nnet_utils/nnet_activation.h:81]   --->   Operation 150 'trunc' 'trunc_ln81_28' <Predicate = (icmp_ln1494_28)> <Delay = 0.00>
ST_1 : Operation 151 [1/1] (0.29ns)   --->   "%select_ln81_28 = select i1 %icmp_ln1494_28, i15 %trunc_ln81_28, i15 0" [firmware/nnet_utils/nnet_activation.h:81]   --->   Operation 151 'select' 'select_ln81_28' <Predicate = true> <Delay = 0.29> <Core = "Sel">   --->   Core 26 'Sel' <Latency = 0> <II = 1> <Delay = 0.29> <FuncUnit> <Opcode : 'select'> <InPorts = 3> <OutPorts = 1>
ST_1 : Operation 152 [1/1] (0.00ns)   --->   "%zext_ln81_28 = zext i15 %select_ln81_28 to i16" [firmware/nnet_utils/nnet_activation.h:81]   --->   Operation 152 'zext' 'zext_ln81_28' <Predicate = true> <Delay = 0.00>
ST_1 : Operation 153 [1/1] (0.67ns)   --->   "%icmp_ln1494_29 = icmp sgt i16 %data_29_V_read_1, 0" [firmware/nnet_utils/nnet_activation.h:81]   --->   Operation 153 'icmp' 'icmp_ln1494_29' <Predicate = true> <Delay = 0.67> <Core = "Cmp">   --->   Core 25 'Cmp' <Latency = 0> <II = 1> <Delay = 0.67> <FuncUnit> <Opcode : 'icmp'> <InPorts = 2> <OutPorts = 1>
ST_1 : Operation 154 [1/1] (0.00ns)   --->   "%trunc_ln81_29 = trunc i16 %data_29_V_read_1 to i15" [firmware/nnet_utils/nnet_activation.h:81]   --->   Operation 154 'trunc' 'trunc_ln81_29' <Predicate = (icmp_ln1494_29)> <Delay = 0.00>
ST_1 : Operation 155 [1/1] (0.29ns)   --->   "%select_ln81_29 = select i1 %icmp_ln1494_29, i15 %trunc_ln81_29, i15 0" [firmware/nnet_utils/nnet_activation.h:81]   --->   Operation 155 'select' 'select_ln81_29' <Predicate = true> <Delay = 0.29> <Core = "Sel">   --->   Core 26 'Sel' <Latency = 0> <II = 1> <Delay = 0.29> <FuncUnit> <Opcode : 'select'> <InPorts = 3> <OutPorts = 1>
ST_1 : Operation 156 [1/1] (0.00ns)   --->   "%zext_ln81_29 = zext i15 %select_ln81_29 to i16" [firmware/nnet_utils/nnet_activation.h:81]   --->   Operation 156 'zext' 'zext_ln81_29' <Predicate = true> <Delay = 0.00>
ST_1 : Operation 157 [1/1] (0.67ns)   --->   "%icmp_ln1494_30 = icmp sgt i16 %data_30_V_read_1, 0" [firmware/nnet_utils/nnet_activation.h:81]   --->   Operation 157 'icmp' 'icmp_ln1494_30' <Predicate = true> <Delay = 0.67> <Core = "Cmp">   --->   Core 25 'Cmp' <Latency = 0> <II = 1> <Delay = 0.67> <FuncUnit> <Opcode : 'icmp'> <InPorts = 2> <OutPorts = 1>
ST_1 : Operation 158 [1/1] (0.00ns)   --->   "%trunc_ln81_30 = trunc i16 %data_30_V_read_1 to i15" [firmware/nnet_utils/nnet_activation.h:81]   --->   Operation 158 'trunc' 'trunc_ln81_30' <Predicate = (icmp_ln1494_30)> <Delay = 0.00>
ST_1 : Operation 159 [1/1] (0.29ns)   --->   "%select_ln81_30 = select i1 %icmp_ln1494_30, i15 %trunc_ln81_30, i15 0" [firmware/nnet_utils/nnet_activation.h:81]   --->   Operation 159 'select' 'select_ln81_30' <Predicate = true> <Delay = 0.29> <Core = "Sel">   --->   Core 26 'Sel' <Latency = 0> <II = 1> <Delay = 0.29> <FuncUnit> <Opcode : 'select'> <InPorts = 3> <OutPorts = 1>
ST_1 : Operation 160 [1/1] (0.00ns)   --->   "%zext_ln81_30 = zext i15 %select_ln81_30 to i16" [firmware/nnet_utils/nnet_activation.h:81]   --->   Operation 160 'zext' 'zext_ln81_30' <Predicate = true> <Delay = 0.00>
ST_1 : Operation 161 [1/1] (0.67ns)   --->   "%icmp_ln1494_31 = icmp sgt i16 %data_31_V_read_1, 0" [firmware/nnet_utils/nnet_activation.h:81]   --->   Operation 161 'icmp' 'icmp_ln1494_31' <Predicate = true> <Delay = 0.67> <Core = "Cmp">   --->   Core 25 'Cmp' <Latency = 0> <II = 1> <Delay = 0.67> <FuncUnit> <Opcode : 'icmp'> <InPorts = 2> <OutPorts = 1>
ST_1 : Operation 162 [1/1] (0.00ns)   --->   "%trunc_ln81_31 = trunc i16 %data_31_V_read_1 to i15" [firmware/nnet_utils/nnet_activation.h:81]   --->   Operation 162 'trunc' 'trunc_ln81_31' <Predicate = (icmp_ln1494_31)> <Delay = 0.00>
ST_1 : Operation 163 [1/1] (0.29ns)   --->   "%select_ln81_31 = select i1 %icmp_ln1494_31, i15 %trunc_ln81_31, i15 0" [firmware/nnet_utils/nnet_activation.h:81]   --->   Operation 163 'select' 'select_ln81_31' <Predicate = true> <Delay = 0.29> <Core = "Sel">   --->   Core 26 'Sel' <Latency = 0> <II = 1> <Delay = 0.29> <FuncUnit> <Opcode : 'select'> <InPorts = 3> <OutPorts = 1>
ST_1 : Operation 164 [1/1] (0.00ns)   --->   "%zext_ln81_31 = zext i15 %select_ln81_31 to i16" [firmware/nnet_utils/nnet_activation.h:81]   --->   Operation 164 'zext' 'zext_ln81_31' <Predicate = true> <Delay = 0.00>
ST_1 : Operation 165 [1/1] (0.00ns)   --->   "%mrv = insertvalue { i16, i16, i16, i16, i16, i16, i16, i16, i16, i16, i16, i16, i16, i16, i16, i16, i16, i16, i16, i16, i16, i16, i16, i16, i16, i16, i16, i16, i16, i16, i16, i16 } undef, i16 %zext_ln81, 0" [firmware/nnet_utils/nnet_activation.h:84]   --->   Operation 165 'insertvalue' 'mrv' <Predicate = true> <Delay = 0.00>
ST_1 : Operation 166 [1/1] (0.00ns)   --->   "%mrv_1 = insertvalue { i16, i16, i16, i16, i16, i16, i16, i16, i16, i16, i16, i16, i16, i16, i16, i16, i16, i16, i16, i16, i16, i16, i16, i16, i16, i16, i16, i16, i16, i16, i16, i16 } %mrv, i16 %zext_ln81_1, 1" [firmware/nnet_utils/nnet_activation.h:84]   --->   Operation 166 'insertvalue' 'mrv_1' <Predicate = true> <Delay = 0.00>
ST_1 : Operation 167 [1/1] (0.00ns)   --->   "%mrv_2 = insertvalue { i16, i16, i16, i16, i16, i16, i16, i16, i16, i16, i16, i16, i16, i16, i16, i16, i16, i16, i16, i16, i16, i16, i16, i16, i16, i16, i16, i16, i16, i16, i16, i16 } %mrv_1, i16 %zext_ln81_2, 2" [firmware/nnet_utils/nnet_activation.h:84]   --->   Operation 167 'insertvalue' 'mrv_2' <Predicate = true> <Delay = 0.00>
ST_1 : Operation 168 [1/1] (0.00ns)   --->   "%mrv_3 = insertvalue { i16, i16, i16, i16, i16, i16, i16, i16, i16, i16, i16, i16, i16, i16, i16, i16, i16, i16, i16, i16, i16, i16, i16, i16, i16, i16, i16, i16, i16, i16, i16, i16 } %mrv_2, i16 %zext_ln81_3, 3" [firmware/nnet_utils/nnet_activation.h:84]   --->   Operation 168 'insertvalue' 'mrv_3' <Predicate = true> <Delay = 0.00>
ST_1 : Operation 169 [1/1] (0.00ns)   --->   "%mrv_4 = insertvalue { i16, i16, i16, i16, i16, i16, i16, i16, i16, i16, i16, i16, i16, i16, i16, i16, i16, i16, i16, i16, i16, i16, i16, i16, i16, i16, i16, i16, i16, i16, i16, i16 } %mrv_3, i16 %zext_ln81_4, 4" [firmware/nnet_utils/nnet_activation.h:84]   --->   Operation 169 'insertvalue' 'mrv_4' <Predicate = true> <Delay = 0.00>
ST_1 : Operation 170 [1/1] (0.00ns)   --->   "%mrv_5 = insertvalue { i16, i16, i16, i16, i16, i16, i16, i16, i16, i16, i16, i16, i16, i16, i16, i16, i16, i16, i16, i16, i16, i16, i16, i16, i16, i16, i16, i16, i16, i16, i16, i16 } %mrv_4, i16 %zext_ln81_5, 5" [firmware/nnet_utils/nnet_activation.h:84]   --->   Operation 170 'insertvalue' 'mrv_5' <Predicate = true> <Delay = 0.00>
ST_1 : Operation 171 [1/1] (0.00ns)   --->   "%mrv_6 = insertvalue { i16, i16, i16, i16, i16, i16, i16, i16, i16, i16, i16, i16, i16, i16, i16, i16, i16, i16, i16, i16, i16, i16, i16, i16, i16, i16, i16, i16, i16, i16, i16, i16 } %mrv_5, i16 %zext_ln81_6, 6" [firmware/nnet_utils/nnet_activation.h:84]   --->   Operation 171 'insertvalue' 'mrv_6' <Predicate = true> <Delay = 0.00>
ST_1 : Operation 172 [1/1] (0.00ns)   --->   "%mrv_7 = insertvalue { i16, i16, i16, i16, i16, i16, i16, i16, i16, i16, i16, i16, i16, i16, i16, i16, i16, i16, i16, i16, i16, i16, i16, i16, i16, i16, i16, i16, i16, i16, i16, i16 } %mrv_6, i16 %zext_ln81_7, 7" [firmware/nnet_utils/nnet_activation.h:84]   --->   Operation 172 'insertvalue' 'mrv_7' <Predicate = true> <Delay = 0.00>
ST_1 : Operation 173 [1/1] (0.00ns)   --->   "%mrv_8 = insertvalue { i16, i16, i16, i16, i16, i16, i16, i16, i16, i16, i16, i16, i16, i16, i16, i16, i16, i16, i16, i16, i16, i16, i16, i16, i16, i16, i16, i16, i16, i16, i16, i16 } %mrv_7, i16 %zext_ln81_8, 8" [firmware/nnet_utils/nnet_activation.h:84]   --->   Operation 173 'insertvalue' 'mrv_8' <Predicate = true> <Delay = 0.00>
ST_1 : Operation 174 [1/1] (0.00ns)   --->   "%mrv_9 = insertvalue { i16, i16, i16, i16, i16, i16, i16, i16, i16, i16, i16, i16, i16, i16, i16, i16, i16, i16, i16, i16, i16, i16, i16, i16, i16, i16, i16, i16, i16, i16, i16, i16 } %mrv_8, i16 %zext_ln81_9, 9" [firmware/nnet_utils/nnet_activation.h:84]   --->   Operation 174 'insertvalue' 'mrv_9' <Predicate = true> <Delay = 0.00>
ST_1 : Operation 175 [1/1] (0.00ns)   --->   "%mrv_s = insertvalue { i16, i16, i16, i16, i16, i16, i16, i16, i16, i16, i16, i16, i16, i16, i16, i16, i16, i16, i16, i16, i16, i16, i16, i16, i16, i16, i16, i16, i16, i16, i16, i16 } %mrv_9, i16 %zext_ln81_10, 10" [firmware/nnet_utils/nnet_activation.h:84]   --->   Operation 175 'insertvalue' 'mrv_s' <Predicate = true> <Delay = 0.00>
ST_1 : Operation 176 [1/1] (0.00ns)   --->   "%mrv_10 = insertvalue { i16, i16, i16, i16, i16, i16, i16, i16, i16, i16, i16, i16, i16, i16, i16, i16, i16, i16, i16, i16, i16, i16, i16, i16, i16, i16, i16, i16, i16, i16, i16, i16 } %mrv_s, i16 %zext_ln81_11, 11" [firmware/nnet_utils/nnet_activation.h:84]   --->   Operation 176 'insertvalue' 'mrv_10' <Predicate = true> <Delay = 0.00>
ST_1 : Operation 177 [1/1] (0.00ns)   --->   "%mrv_11 = insertvalue { i16, i16, i16, i16, i16, i16, i16, i16, i16, i16, i16, i16, i16, i16, i16, i16, i16, i16, i16, i16, i16, i16, i16, i16, i16, i16, i16, i16, i16, i16, i16, i16 } %mrv_10, i16 %zext_ln81_12, 12" [firmware/nnet_utils/nnet_activation.h:84]   --->   Operation 177 'insertvalue' 'mrv_11' <Predicate = true> <Delay = 0.00>
ST_1 : Operation 178 [1/1] (0.00ns)   --->   "%mrv_12 = insertvalue { i16, i16, i16, i16, i16, i16, i16, i16, i16, i16, i16, i16, i16, i16, i16, i16, i16, i16, i16, i16, i16, i16, i16, i16, i16, i16, i16, i16, i16, i16, i16, i16 } %mrv_11, i16 %zext_ln81_13, 13" [firmware/nnet_utils/nnet_activation.h:84]   --->   Operation 178 'insertvalue' 'mrv_12' <Predicate = true> <Delay = 0.00>
ST_1 : Operation 179 [1/1] (0.00ns)   --->   "%mrv_13 = insertvalue { i16, i16, i16, i16, i16, i16, i16, i16, i16, i16, i16, i16, i16, i16, i16, i16, i16, i16, i16, i16, i16, i16, i16, i16, i16, i16, i16, i16, i16, i16, i16, i16 } %mrv_12, i16 %zext_ln81_14, 14" [firmware/nnet_utils/nnet_activation.h:84]   --->   Operation 179 'insertvalue' 'mrv_13' <Predicate = true> <Delay = 0.00>
ST_1 : Operation 180 [1/1] (0.00ns)   --->   "%mrv_14 = insertvalue { i16, i16, i16, i16, i16, i16, i16, i16, i16, i16, i16, i16, i16, i16, i16, i16, i16, i16, i16, i16, i16, i16, i16, i16, i16, i16, i16, i16, i16, i16, i16, i16 } %mrv_13, i16 %zext_ln81_15, 15" [firmware/nnet_utils/nnet_activation.h:84]   --->   Operation 180 'insertvalue' 'mrv_14' <Predicate = true> <Delay = 0.00>
ST_1 : Operation 181 [1/1] (0.00ns)   --->   "%mrv_15 = insertvalue { i16, i16, i16, i16, i16, i16, i16, i16, i16, i16, i16, i16, i16, i16, i16, i16, i16, i16, i16, i16, i16, i16, i16, i16, i16, i16, i16, i16, i16, i16, i16, i16 } %mrv_14, i16 %zext_ln81_16, 16" [firmware/nnet_utils/nnet_activation.h:84]   --->   Operation 181 'insertvalue' 'mrv_15' <Predicate = true> <Delay = 0.00>
ST_1 : Operation 182 [1/1] (0.00ns)   --->   "%mrv_16 = insertvalue { i16, i16, i16, i16, i16, i16, i16, i16, i16, i16, i16, i16, i16, i16, i16, i16, i16, i16, i16, i16, i16, i16, i16, i16, i16, i16, i16, i16, i16, i16, i16, i16 } %mrv_15, i16 %zext_ln81_17, 17" [firmware/nnet_utils/nnet_activation.h:84]   --->   Operation 182 'insertvalue' 'mrv_16' <Predicate = true> <Delay = 0.00>
ST_1 : Operation 183 [1/1] (0.00ns)   --->   "%mrv_17 = insertvalue { i16, i16, i16, i16, i16, i16, i16, i16, i16, i16, i16, i16, i16, i16, i16, i16, i16, i16, i16, i16, i16, i16, i16, i16, i16, i16, i16, i16, i16, i16, i16, i16 } %mrv_16, i16 %zext_ln81_18, 18" [firmware/nnet_utils/nnet_activation.h:84]   --->   Operation 183 'insertvalue' 'mrv_17' <Predicate = true> <Delay = 0.00>
ST_1 : Operation 184 [1/1] (0.00ns)   --->   "%mrv_18 = insertvalue { i16, i16, i16, i16, i16, i16, i16, i16, i16, i16, i16, i16, i16, i16, i16, i16, i16, i16, i16, i16, i16, i16, i16, i16, i16, i16, i16, i16, i16, i16, i16, i16 } %mrv_17, i16 %zext_ln81_19, 19" [firmware/nnet_utils/nnet_activation.h:84]   --->   Operation 184 'insertvalue' 'mrv_18' <Predicate = true> <Delay = 0.00>
ST_1 : Operation 185 [1/1] (0.00ns)   --->   "%mrv_19 = insertvalue { i16, i16, i16, i16, i16, i16, i16, i16, i16, i16, i16, i16, i16, i16, i16, i16, i16, i16, i16, i16, i16, i16, i16, i16, i16, i16, i16, i16, i16, i16, i16, i16 } %mrv_18, i16 %zext_ln81_20, 20" [firmware/nnet_utils/nnet_activation.h:84]   --->   Operation 185 'insertvalue' 'mrv_19' <Predicate = true> <Delay = 0.00>
ST_1 : Operation 186 [1/1] (0.00ns)   --->   "%mrv_20 = insertvalue { i16, i16, i16, i16, i16, i16, i16, i16, i16, i16, i16, i16, i16, i16, i16, i16, i16, i16, i16, i16, i16, i16, i16, i16, i16, i16, i16, i16, i16, i16, i16, i16 } %mrv_19, i16 %zext_ln81_21, 21" [firmware/nnet_utils/nnet_activation.h:84]   --->   Operation 186 'insertvalue' 'mrv_20' <Predicate = true> <Delay = 0.00>
ST_1 : Operation 187 [1/1] (0.00ns)   --->   "%mrv_21 = insertvalue { i16, i16, i16, i16, i16, i16, i16, i16, i16, i16, i16, i16, i16, i16, i16, i16, i16, i16, i16, i16, i16, i16, i16, i16, i16, i16, i16, i16, i16, i16, i16, i16 } %mrv_20, i16 %zext_ln81_22, 22" [firmware/nnet_utils/nnet_activation.h:84]   --->   Operation 187 'insertvalue' 'mrv_21' <Predicate = true> <Delay = 0.00>
ST_1 : Operation 188 [1/1] (0.00ns)   --->   "%mrv_22 = insertvalue { i16, i16, i16, i16, i16, i16, i16, i16, i16, i16, i16, i16, i16, i16, i16, i16, i16, i16, i16, i16, i16, i16, i16, i16, i16, i16, i16, i16, i16, i16, i16, i16 } %mrv_21, i16 %zext_ln81_23, 23" [firmware/nnet_utils/nnet_activation.h:84]   --->   Operation 188 'insertvalue' 'mrv_22' <Predicate = true> <Delay = 0.00>
ST_1 : Operation 189 [1/1] (0.00ns)   --->   "%mrv_23 = insertvalue { i16, i16, i16, i16, i16, i16, i16, i16, i16, i16, i16, i16, i16, i16, i16, i16, i16, i16, i16, i16, i16, i16, i16, i16, i16, i16, i16, i16, i16, i16, i16, i16 } %mrv_22, i16 %zext_ln81_24, 24" [firmware/nnet_utils/nnet_activation.h:84]   --->   Operation 189 'insertvalue' 'mrv_23' <Predicate = true> <Delay = 0.00>
ST_1 : Operation 190 [1/1] (0.00ns)   --->   "%mrv_24 = insertvalue { i16, i16, i16, i16, i16, i16, i16, i16, i16, i16, i16, i16, i16, i16, i16, i16, i16, i16, i16, i16, i16, i16, i16, i16, i16, i16, i16, i16, i16, i16, i16, i16 } %mrv_23, i16 %zext_ln81_25, 25" [firmware/nnet_utils/nnet_activation.h:84]   --->   Operation 190 'insertvalue' 'mrv_24' <Predicate = true> <Delay = 0.00>
ST_1 : Operation 191 [1/1] (0.00ns)   --->   "%mrv_25 = insertvalue { i16, i16, i16, i16, i16, i16, i16, i16, i16, i16, i16, i16, i16, i16, i16, i16, i16, i16, i16, i16, i16, i16, i16, i16, i16, i16, i16, i16, i16, i16, i16, i16 } %mrv_24, i16 %zext_ln81_26, 26" [firmware/nnet_utils/nnet_activation.h:84]   --->   Operation 191 'insertvalue' 'mrv_25' <Predicate = true> <Delay = 0.00>
ST_1 : Operation 192 [1/1] (0.00ns)   --->   "%mrv_26 = insertvalue { i16, i16, i16, i16, i16, i16, i16, i16, i16, i16, i16, i16, i16, i16, i16, i16, i16, i16, i16, i16, i16, i16, i16, i16, i16, i16, i16, i16, i16, i16, i16, i16 } %mrv_25, i16 %zext_ln81_27, 27" [firmware/nnet_utils/nnet_activation.h:84]   --->   Operation 192 'insertvalue' 'mrv_26' <Predicate = true> <Delay = 0.00>
ST_1 : Operation 193 [1/1] (0.00ns)   --->   "%mrv_27 = insertvalue { i16, i16, i16, i16, i16, i16, i16, i16, i16, i16, i16, i16, i16, i16, i16, i16, i16, i16, i16, i16, i16, i16, i16, i16, i16, i16, i16, i16, i16, i16, i16, i16 } %mrv_26, i16 %zext_ln81_28, 28" [firmware/nnet_utils/nnet_activation.h:84]   --->   Operation 193 'insertvalue' 'mrv_27' <Predicate = true> <Delay = 0.00>
ST_1 : Operation 194 [1/1] (0.00ns)   --->   "%mrv_28 = insertvalue { i16, i16, i16, i16, i16, i16, i16, i16, i16, i16, i16, i16, i16, i16, i16, i16, i16, i16, i16, i16, i16, i16, i16, i16, i16, i16, i16, i16, i16, i16, i16, i16 } %mrv_27, i16 %zext_ln81_29, 29" [firmware/nnet_utils/nnet_activation.h:84]   --->   Operation 194 'insertvalue' 'mrv_28' <Predicate = true> <Delay = 0.00>
ST_1 : Operation 195 [1/1] (0.00ns)   --->   "%mrv_29 = insertvalue { i16, i16, i16, i16, i16, i16, i16, i16, i16, i16, i16, i16, i16, i16, i16, i16, i16, i16, i16, i16, i16, i16, i16, i16, i16, i16, i16, i16, i16, i16, i16, i16 } %mrv_28, i16 %zext_ln81_30, 30" [firmware/nnet_utils/nnet_activation.h:84]   --->   Operation 195 'insertvalue' 'mrv_29' <Predicate = true> <Delay = 0.00>
ST_1 : Operation 196 [1/1] (0.00ns)   --->   "%mrv_30 = insertvalue { i16, i16, i16, i16, i16, i16, i16, i16, i16, i16, i16, i16, i16, i16, i16, i16, i16, i16, i16, i16, i16, i16, i16, i16, i16, i16, i16, i16, i16, i16, i16, i16 } %mrv_29, i16 %zext_ln81_31, 31" [firmware/nnet_utils/nnet_activation.h:84]   --->   Operation 196 'insertvalue' 'mrv_30' <Predicate = true> <Delay = 0.00>
ST_1 : Operation 197 [1/1] (0.00ns)   --->   "ret { i16, i16, i16, i16, i16, i16, i16, i16, i16, i16, i16, i16, i16, i16, i16, i16, i16, i16, i16, i16, i16, i16, i16, i16, i16, i16, i16, i16, i16, i16, i16, i16 } %mrv_30" [firmware/nnet_utils/nnet_activation.h:84]   --->   Operation 197 'ret' <Predicate = true> <Delay = 0.00>


============================================================
+ Verbose Summary: Timing violations
============================================================
Target clock period: 5ns, clock uncertainty: 0.625ns.

 <State 1>: 0.969ns
The critical path consists of the following:
	wire read on port 'data_31_V_read' (firmware/nnet_utils/nnet_activation.h:69) [33]  (0 ns)
	'icmp' operation ('icmp_ln1494_31', firmware/nnet_utils/nnet_activation.h:81) [192]  (0.676 ns)
	'select' operation ('res[31].V', firmware/nnet_utils/nnet_activation.h:81) [194]  (0.292 ns)


============================================================
+ Verbose Summary: Binding
============================================================
N/A
* FSMD analyzer results:
  - Output states:
 - Input state : 
  - Chain level:
	State 1


============================================================
+ Verbose Summary: Datapath Resource usage 
============================================================
N/A
