

================================================================
== Vivado HLS Report for 'dense_latency_0_0_0_0_0_0_0_0_0_0_0_0_0_0_0_0_0'
================================================================
* Date:           Thu Apr 28 19:22:25 2022

* Version:        2019.2 (Build 2704478 on Wed Nov 06 22:10:23 MST 2019)
* Project:        myproject_prj
* Solution:       solution1
* Product family: virtexuplus
* Target device:  xcu250-figd2104-2L-e


================================================================
== Performance Estimates
================================================================
+ Timing: 
    * Summary: 
    +--------+---------+----------+------------+
    |  Clock |  Target | Estimated| Uncertainty|
    +--------+---------+----------+------------+
    |ap_clk  | 5.00 ns | 4.065 ns |   0.62 ns  |
    +--------+---------+----------+------------+

+ Latency: 
    * Summary: 
    +---------+---------+----------+----------+-----+-----+----------+
    |  Latency (cycles) |  Latency (absolute) |  Interval | Pipeline |
    |   min   |   max   |    min   |    max   | min | max |   Type   |
    +---------+---------+----------+----------+-----+-----+----------+
    |        1|        1| 5.000 ns | 5.000 ns |    1|    1| function |
    +---------+---------+----------+----------+-----+-----+----------+

    + Detail: 
        * Instance: 
        N/A

        * Loop: 
        N/A



================================================================
== Utilization Estimates
================================================================
* Summary: 
+---------------------+---------+-------+---------+---------+------+
|         Name        | BRAM_18K| DSP48E|    FF   |   LUT   | URAM |
+---------------------+---------+-------+---------+---------+------+
|DSP                  |        -|      -|        -|        -|     -|
|Expression           |        -|    510|        0|    13511|     -|
|FIFO                 |        -|      -|        -|        -|     -|
|Instance             |        -|      -|        -|        -|     -|
|Memory               |        -|      -|        -|        -|     -|
|Multiplexer          |        -|      -|        -|      288|     -|
|Register             |        -|      -|     7957|        -|     -|
+---------------------+---------+-------+---------+---------+------+
|Total                |        0|    510|     7957|    13799|     0|
+---------------------+---------+-------+---------+---------+------+
|Available SLR        |     1344|   3072|   864000|   432000|   320|
+---------------------+---------+-------+---------+---------+------+
|Utilization SLR (%)  |        0|     16|    ~0   |        3|     0|
+---------------------+---------+-------+---------+---------+------+
|Available            |     5376|  12288|  3456000|  1728000|  1280|
+---------------------+---------+-------+---------+---------+------+
|Utilization (%)      |        0|      4|    ~0   |    ~0   |     0|
+---------------------+---------+-------+---------+---------+------+

+ Detail: 
    * Instance: 
    N/A

    * DSP48E: 
    N/A

    * Memory: 
    N/A

    * FIFO: 
    N/A

    * Expression: 
    +-------------------------------+----------+-------+---+-----+------------+------------+
    |         Variable Name         | Operation| DSP48E| FF| LUT | Bitwidth P0| Bitwidth P1|
    +-------------------------------+----------+-------+---+-----+------------+------------+
    |mul_ln1118_1410_fu_1228_p2     |     *    |      2|  0|   23|          35|          20|
    |mul_ln1118_1411_fu_1371_p2     |     *    |      2|  0|   23|          35|          16|
    |mul_ln1118_1412_fu_1264_p2     |     *    |      2|  0|   23|          35|          15|
    |mul_ln1118_1413_fu_1231_p2     |     *    |      2|  0|   23|          35|          19|
    |mul_ln1118_1414_fu_1164_p2     |     *    |      2|  0|   23|          35|          18|
    |mul_ln1118_1415_fu_1316_p2     |     *    |      2|  0|   23|          35|          19|
    |mul_ln1118_1416_fu_1251_p2     |     *    |      2|  0|   23|          35|          20|
    |mul_ln1118_1417_fu_1252_p2     |     *    |      2|  0|   23|          35|          16|
    |mul_ln1118_1418_fu_1380_p2     |     *    |      2|  0|   23|          35|          19|
    |mul_ln1118_1419_fu_1245_p2     |     *    |      2|  0|   23|          35|          19|
    |mul_ln1118_1420_fu_1181_p2     |     *    |      2|  0|   23|          35|          19|
    |mul_ln1118_1421_fu_1224_p2     |     *    |      2|  0|   23|          35|          17|
    |mul_ln1118_1422_fu_1340_p2     |     *    |      2|  0|   23|          35|          19|
    |mul_ln1118_1423_fu_1199_p2     |     *    |      2|  0|   23|          35|          20|
    |mul_ln1118_1424_fu_1214_p2     |     *    |      2|  0|   23|          35|          19|
    |mul_ln1118_1425_fu_1343_p2     |     *    |      2|  0|   23|          35|          19|
    |mul_ln1118_1426_fu_1175_p2     |     *    |      2|  0|   23|          35|          18|
    |mul_ln1118_1427_fu_1392_p2     |     *    |      2|  0|   23|          35|          20|
    |mul_ln1118_1428_fu_1291_p2     |     *    |      2|  0|   23|          35|          19|
    |mul_ln1118_1429_fu_1225_p2     |     *    |      2|  0|   23|          35|          19|
    |mul_ln1118_1430_fu_1367_p2     |     *    |      2|  0|   23|          35|          17|
    |mul_ln1118_1431_fu_1303_p2     |     *    |      2|  0|   23|          35|          18|
    |mul_ln1118_1432_fu_1391_p2     |     *    |      2|  0|   23|          35|          19|
    |mul_ln1118_1433_fu_1218_p2     |     *    |      2|  0|   23|          35|          15|
    |mul_ln1118_1434_fu_1168_p2     |     *    |      2|  0|   23|          35|          19|
    |mul_ln1118_1435_fu_1169_p2     |     *    |      2|  0|   23|          35|          19|
    |mul_ln1118_1436_fu_1170_p2     |     *    |      2|  0|   23|          35|          18|
    |mul_ln1118_1437_fu_1171_p2     |     *    |      2|  0|   23|          35|          19|
    |mul_ln1118_1438_fu_1314_p2     |     *    |      2|  0|   23|          35|          17|
    |mul_ln1118_1439_fu_1288_p2     |     *    |      2|  0|   23|          35|          17|
    |mul_ln1118_1440_fu_1269_p2     |     *    |      2|  0|   23|          35|          17|
    |mul_ln1118_1441_fu_1310_p2     |     *    |      2|  0|   23|          35|          17|
    |mul_ln1118_1442_fu_1182_p2     |     *    |      2|  0|   23|          35|          19|
    |mul_ln1118_1443_fu_1368_p2     |     *    |      2|  0|   23|          35|          20|
    |mul_ln1118_1444_fu_1386_p2     |     *    |      2|  0|   23|          35|          18|
    |mul_ln1118_1445_fu_1297_p2     |     *    |      2|  0|   23|          35|          19|
    |mul_ln1118_1446_fu_1240_p2     |     *    |      2|  0|   23|          35|          20|
    |mul_ln1118_1447_fu_1361_p2     |     *    |      2|  0|   23|          35|          19|
    |mul_ln1118_1448_fu_1162_p2     |     *    |      2|  0|   23|          35|          19|
    |mul_ln1118_1449_fu_1283_p2     |     *    |      2|  0|   23|          35|          19|
    |mul_ln1118_1450_fu_1284_p2     |     *    |      2|  0|   23|          35|          20|
    |mul_ln1118_1451_fu_1143_p2     |     *    |      2|  0|   23|          35|          16|
    |mul_ln1118_1452_fu_1212_p2     |     *    |      2|  0|   23|          35|          19|
    |mul_ln1118_1453_fu_1166_p2     |     *    |      2|  0|   23|          35|          19|
    |mul_ln1118_1454_fu_1302_p2     |     *    |      2|  0|   23|          35|          19|
    |mul_ln1118_1455_fu_1282_p2     |     *    |      2|  0|   23|          35|          18|
    |mul_ln1118_1456_fu_1277_p2     |     *    |      2|  0|   23|          35|          20|
    |mul_ln1118_1457_fu_1156_p2     |     *    |      2|  0|   23|          35|          21|
    |mul_ln1118_1458_fu_1227_p2     |     *    |      2|  0|   23|          35|          21|
    |mul_ln1118_1459_fu_1220_p2     |     *    |      2|  0|   23|          35|          19|
    |mul_ln1118_1460_fu_1355_p2     |     *    |      2|  0|   23|          35|          18|
    |mul_ln1118_1461_fu_1163_p2     |     *    |      2|  0|   23|          35|          17|
    |mul_ln1118_1462_fu_1213_p2     |     *    |      2|  0|   23|          35|          20|
    |mul_ln1118_1463_fu_1154_p2     |     *    |      2|  0|   23|          35|          19|
    |mul_ln1118_1464_fu_1141_p2     |     *    |      2|  0|   23|          35|          20|
    |mul_ln1118_1465_fu_1257_p2     |     *    |      2|  0|   23|          35|          19|
    |mul_ln1118_1466_fu_1292_p2     |     *    |      2|  0|   23|          35|          20|
    |mul_ln1118_1467_fu_1347_p2     |     *    |      2|  0|   23|          35|          19|
    |mul_ln1118_1468_fu_1389_p2     |     *    |      2|  0|   23|          35|          20|
    |mul_ln1118_1469_fu_1146_p2     |     *    |      2|  0|   23|          35|          17|
    |mul_ln1118_1470_fu_1200_p2     |     *    |      2|  0|   23|          35|          18|
    |mul_ln1118_1471_fu_1335_p2     |     *    |      2|  0|   23|          35|          16|
    |mul_ln1118_1472_fu_1221_p2     |     *    |      2|  0|   23|          35|          21|
    |mul_ln1118_1473_fu_1157_p2     |     *    |      2|  0|   23|          35|          20|
    |mul_ln1118_1474_fu_1285_p2     |     *    |      2|  0|   23|          35|          17|
    |mul_ln1118_1475_fu_1278_p2     |     *    |      2|  0|   23|          35|          17|
    |mul_ln1118_1476_fu_1341_p2     |     *    |      2|  0|   23|          35|          18|
    |mul_ln1118_1477_fu_1322_p2     |     *    |      2|  0|   23|          35|          15|
    |mul_ln1118_1478_fu_1201_p2     |     *    |      2|  0|   23|          35|          11|
    |mul_ln1118_1479_fu_1344_p2     |     *    |      2|  0|   23|          35|          17|
    |mul_ln1118_1480_fu_1372_p2     |     *    |      2|  0|   23|          35|          19|
    |mul_ln1118_1481_fu_1139_p2     |     *    |      2|  0|   23|          35|          20|
    |mul_ln1118_1482_fu_1232_p2     |     *    |      2|  0|   23|          35|          16|
    |mul_ln1118_1483_fu_1172_p2     |     *    |      2|  0|   23|          35|          18|
    |mul_ln1118_1484_fu_1393_p2     |     *    |      2|  0|   23|          35|          20|
    |mul_ln1118_1485_fu_1215_p2     |     *    |      2|  0|   23|          35|          20|
    |mul_ln1118_1486_fu_1208_p2     |     *    |      2|  0|   23|          35|          19|
    |mul_ln1118_1487_fu_1329_p2     |     *    |      2|  0|   23|          35|          19|
    |mul_ln1118_1488_fu_1336_p2     |     *    |      2|  0|   23|          35|          18|
    |mul_ln1118_1489_fu_1279_p2     |     *    |      2|  0|   23|          35|          18|
    |mul_ln1118_1490_fu_1313_p2     |     *    |      2|  0|   23|          35|          16|
    |mul_ln1118_1491_fu_1267_p2     |     *    |      2|  0|   23|          35|          17|
    |mul_ln1118_1492_fu_1342_p2     |     *    |      2|  0|   23|          35|          18|
    |mul_ln1118_1493_fu_1323_p2     |     *    |      2|  0|   23|          35|          20|
    |mul_ln1118_1494_fu_1358_p2     |     *    |      2|  0|   23|          35|          18|
    |mul_ln1118_1495_fu_1203_p2     |     *    |      2|  0|   23|          35|          20|
    |mul_ln1118_1496_fu_1333_p2     |     *    |      2|  0|   23|          35|          19|
    |mul_ln1118_1497_fu_1373_p2     |     *    |      2|  0|   23|          35|          18|
    |mul_ln1118_1498_fu_1330_p2     |     *    |      2|  0|   23|          35|          15|
    |mul_ln1118_1499_fu_1337_p2     |     *    |      2|  0|   23|          35|          19|
    |mul_ln1118_1500_fu_1387_p2     |     *    |      2|  0|   23|          35|          19|
    |mul_ln1118_1501_fu_1138_p2     |     *    |      2|  0|   23|          35|          19|
    |mul_ln1118_1502_fu_1273_p2     |     *    |      2|  0|   23|          35|          17|
    |mul_ln1118_1503_fu_1209_p2     |     *    |      2|  0|   23|          35|          16|
    |mul_ln1118_1504_fu_1258_p2     |     *    |      2|  0|   23|          35|          20|
    |mul_ln1118_1505_fu_1185_p2     |     *    |      2|  0|   23|          35|          21|
    |mul_ln1118_1506_fu_1206_p2     |     *    |      2|  0|   23|          35|          19|
    |mul_ln1118_1507_fu_1173_p2     |     *    |      2|  0|   23|          35|          19|
    |mul_ln1118_1508_fu_1174_p2     |     *    |      2|  0|   23|          35|          16|
    |mul_ln1118_1509_fu_1324_p2     |     *    |      2|  0|   23|          35|          18|
    |mul_ln1118_1510_fu_1318_p2     |     *    |      2|  0|   23|          35|          18|
    |mul_ln1118_1511_fu_1388_p2     |     *    |      2|  0|   23|          35|          19|
    |mul_ln1118_1512_fu_1189_p2     |     *    |      2|  0|   23|          35|          19|
    |mul_ln1118_1513_fu_1381_p2     |     *    |      2|  0|   23|          35|          19|
    |mul_ln1118_1514_fu_1317_p2     |     *    |      2|  0|   23|          35|          19|
    |mul_ln1118_1515_fu_1253_p2     |     *    |      2|  0|   23|          35|          17|
    |mul_ln1118_1516_fu_1246_p2     |     *    |      2|  0|   23|          35|          21|
    |mul_ln1118_1517_fu_1196_p2     |     *    |      2|  0|   23|          35|          19|
    |mul_ln1118_1518_fu_1142_p2     |     *    |      2|  0|   23|          35|          16|
    |mul_ln1118_1519_fu_1360_p2     |     *    |      2|  0|   23|          35|          19|
    |mul_ln1118_1520_fu_1144_p2     |     *    |      2|  0|   23|          35|          15|
    |mul_ln1118_1521_fu_1145_p2     |     *    |      2|  0|   23|          35|          14|
    |mul_ln1118_1522_fu_1261_p2     |     *    |      2|  0|   23|          35|          19|
    |mul_ln1118_1523_fu_1147_p2     |     *    |      2|  0|   23|          35|          17|
    |mul_ln1118_1524_fu_1148_p2     |     *    |      2|  0|   23|          35|          14|
    |mul_ln1118_1525_fu_1304_p2     |     *    |      2|  0|   23|          35|          20|
    |mul_ln1118_1526_fu_1254_p2     |     *    |      2|  0|   23|          35|          19|
    |mul_ln1118_1527_fu_1382_p2     |     *    |      2|  0|   23|          35|          19|
    |mul_ln1118_1528_fu_1311_p2     |     *    |      2|  0|   23|          35|          19|
    |mul_ln1118_1529_fu_1247_p2     |     *    |      2|  0|   23|          35|          14|
    |mul_ln1118_1530_fu_1183_p2     |     *    |      2|  0|   23|          35|          18|
    |mul_ln1118_1531_fu_1190_p2     |     *    |      2|  0|   23|          35|          20|
    |mul_ln1118_1532_fu_1256_p2     |     *    |      2|  0|   23|          35|          17|
    |mul_ln1118_1533_fu_1352_p2     |     *    |      2|  0|   23|          35|          19|
    |mul_ln1118_1534_fu_1238_p2     |     *    |      2|  0|   23|          35|          18|
    |mul_ln1118_1535_fu_1374_p2     |     *    |      2|  0|   23|          35|          19|
    |mul_ln1118_1536_fu_1233_p2     |     *    |      2|  0|   23|          35|          17|
    |mul_ln1118_1537_fu_1376_p2     |     *    |      2|  0|   23|          35|          19|
    |mul_ln1118_1538_fu_1262_p2     |     *    |      2|  0|   23|          35|          18|
    |mul_ln1118_1539_fu_1188_p2     |     *    |      2|  0|   23|          35|          19|
    |mul_ln1118_1540_fu_1312_p2     |     *    |      2|  0|   23|          35|          17|
    |mul_ln1118_1541_fu_1248_p2     |     *    |      2|  0|   23|          35|          20|
    |mul_ln1118_1542_fu_1241_p2     |     *    |      2|  0|   23|          35|          17|
    |mul_ln1118_1543_fu_1362_p2     |     *    |      2|  0|   23|          35|          19|
    |mul_ln1118_1544_fu_1305_p2     |     *    |      2|  0|   23|          35|          18|
    |mul_ln1118_1545_fu_1184_p2     |     *    |      2|  0|   23|          35|          15|
    |mul_ln1118_1546_fu_1350_p2     |     *    |      2|  0|   23|          35|          18|
    |mul_ln1118_1547_fu_1202_p2     |     *    |      2|  0|   23|          35|          18|
    |mul_ln1118_1548_fu_1345_p2     |     *    |      2|  0|   23|          35|          16|
    |mul_ln1118_1549_fu_1346_p2     |     *    |      2|  0|   23|          35|          20|
    |mul_ln1118_1550_fu_1239_p2     |     *    |      2|  0|   23|          35|          17|
    |mul_ln1118_1551_fu_1309_p2     |     *    |      2|  0|   23|          35|          18|
    |mul_ln1118_1552_fu_1308_p2     |     *    |      2|  0|   23|          35|          20|
    |mul_ln1118_1553_fu_1180_p2     |     *    |      2|  0|   23|          35|          19|
    |mul_ln1118_1554_fu_1370_p2     |     *    |      2|  0|   23|          35|          18|
    |mul_ln1118_1555_fu_1178_p2     |     *    |      2|  0|   23|          35|          19|
    |mul_ln1118_1556_fu_1193_p2     |     *    |      2|  0|   23|          35|          18|
    |mul_ln1118_1557_fu_1242_p2     |     *    |      2|  0|   23|          35|          19|
    |mul_ln1118_1558_fu_1306_p2     |     *    |      2|  0|   23|          35|          20|
    |mul_ln1118_1559_fu_1328_p2     |     *    |      2|  0|   23|          35|          17|
    |mul_ln1118_1560_fu_1315_p2     |     *    |      2|  0|   23|          35|          18|
    |mul_ln1118_1561_fu_1161_p2     |     *    |      2|  0|   23|          35|          20|
    |mul_ln1118_1562_fu_1385_p2     |     *    |      2|  0|   23|          35|          19|
    |mul_ln1118_1563_fu_1237_p2     |     *    |      2|  0|   23|          35|          19|
    |mul_ln1118_1564_fu_1244_p2     |     *    |      2|  0|   23|          35|          15|
    |mul_ln1118_1565_fu_1320_p2     |     *    |      2|  0|   23|          35|          18|
    |mul_ln1118_1566_fu_1226_p2     |     *    |      2|  0|   23|          35|          20|
    |mul_ln1118_1567_fu_1357_p2     |     *    |      2|  0|   23|          35|          17|
    |mul_ln1118_1568_fu_1286_p2     |     *    |      2|  0|   23|          35|          19|
    |mul_ln1118_1569_fu_1222_p2     |     *    |      2|  0|   23|          35|          18|
    |mul_ln1118_1570_fu_1158_p2     |     *    |      2|  0|   23|          35|          19|
    |mul_ln1118_1571_fu_1165_p2     |     *    |      2|  0|   23|          35|          18|
    |mul_ln1118_1572_fu_1229_p2     |     *    |      2|  0|   23|          35|          18|
    |mul_ln1118_1573_fu_1259_p2     |     *    |      2|  0|   23|          35|          18|
    |mul_ln1118_1574_fu_1321_p2     |     *    |      2|  0|   23|          35|          20|
    |mul_ln1118_1575_fu_1160_p2     |     *    |      2|  0|   23|          35|          19|
    |mul_ln1118_1576_fu_1167_p2     |     *    |      2|  0|   23|          35|          18|
    |mul_ln1118_1577_fu_1331_p2     |     *    |      2|  0|   23|          35|          14|
    |mul_ln1118_1578_fu_1149_p2     |     *    |      2|  0|   23|          35|          18|
    |mul_ln1118_1579_fu_1177_p2     |     *    |      2|  0|   23|          35|          20|
    |mul_ln1118_1580_fu_1272_p2     |     *    |      2|  0|   23|          35|          15|
    |mul_ln1118_1581_fu_1280_p2     |     *    |      2|  0|   23|          35|          15|
    |mul_ln1118_1582_fu_1287_p2     |     *    |      2|  0|   23|          35|          20|
    |mul_ln1118_1583_fu_1351_p2     |     *    |      2|  0|   23|          35|          18|
    |mul_ln1118_1584_fu_1159_p2     |     *    |      2|  0|   23|          35|          16|
    |mul_ln1118_1585_fu_1223_p2     |     *    |      2|  0|   23|          35|          15|
    |mul_ln1118_1586_fu_1216_p2     |     *    |      2|  0|   23|          35|          19|
    |mul_ln1118_1587_fu_1265_p2     |     *    |      2|  0|   23|          35|          20|
    |mul_ln1118_1588_fu_1327_p2     |     *    |      2|  0|   23|          35|          20|
    |mul_ln1118_1589_fu_1301_p2     |     *    |      2|  0|   23|          35|          18|
    |mul_ln1118_1590_fu_1268_p2     |     *    |      2|  0|   23|          35|          20|
    |mul_ln1118_1591_fu_1377_p2     |     *    |      2|  0|   23|          35|          19|
    |mul_ln1118_1592_fu_1378_p2     |     *    |      2|  0|   23|          35|          19|
    |mul_ln1118_1593_fu_1359_p2     |     *    |      2|  0|   23|          35|          13|
    |mul_ln1118_1594_fu_1298_p2     |     *    |      2|  0|   23|          35|          19|
    |mul_ln1118_1595_fu_1153_p2     |     *    |      2|  0|   23|          35|          15|
    |mul_ln1118_1596_fu_1210_p2     |     *    |      2|  0|   23|          35|          16|
    |mul_ln1118_1597_fu_1338_p2     |     *    |      2|  0|   23|          35|          18|
    |mul_ln1118_1598_fu_1217_p2     |     *    |      2|  0|   23|          35|          18|
    |mul_ln1118_1599_fu_1274_p2     |     *    |      2|  0|   23|          35|          18|
    |mul_ln1118_1600_fu_1281_p2     |     *    |      2|  0|   23|          35|          19|
    |mul_ln1118_1601_fu_1230_p2     |     *    |      2|  0|   23|          35|          17|
    |mul_ln1118_1602_fu_1194_p2     |     *    |      2|  0|   23|          35|          20|
    |mul_ln1118_1603_fu_1205_p2     |     *    |      2|  0|   23|          35|          17|
    |mul_ln1118_1604_fu_1348_p2     |     *    |      2|  0|   23|          35|          20|
    |mul_ln1118_1605_fu_1349_p2     |     *    |      2|  0|   23|          35|          20|
    |mul_ln1118_1606_fu_1235_p2     |     *    |      2|  0|   23|          35|          17|
    |mul_ln1118_1607_fu_1195_p2     |     *    |      2|  0|   23|          35|          19|
    |mul_ln1118_1608_fu_1270_p2     |     *    |      2|  0|   23|          35|          17|
    |mul_ln1118_1609_fu_1204_p2     |     *    |      2|  0|   23|          35|          13|
    |mul_ln1118_1610_fu_1140_p2     |     *    |      2|  0|   23|          35|          17|
    |mul_ln1118_1611_fu_1332_p2     |     *    |      2|  0|   23|          35|          18|
    |mul_ln1118_1612_fu_1275_p2     |     *    |      2|  0|   23|          35|          15|
    |mul_ln1118_1613_fu_1339_p2     |     *    |      2|  0|   23|          35|          21|
    |mul_ln1118_1614_fu_1211_p2     |     *    |      2|  0|   23|          35|          17|
    |mul_ln1118_1615_fu_1155_p2     |     *    |      2|  0|   23|          35|          18|
    |mul_ln1118_1616_fu_1271_p2     |     *    |      2|  0|   23|          35|          18|
    |mul_ln1118_1617_fu_1219_p2     |     *    |      2|  0|   23|          35|          19|
    |mul_ln1118_1618_fu_1266_p2     |     *    |      2|  0|   23|          35|          18|
    |mul_ln1118_1619_fu_1294_p2     |     *    |      2|  0|   23|          35|          20|
    |mul_ln1118_1620_fu_1295_p2     |     *    |      2|  0|   23|          35|          18|
    |mul_ln1118_1621_fu_1363_p2     |     *    |      2|  0|   23|          35|          17|
    |mul_ln1118_1622_fu_1326_p2     |     *    |      2|  0|   23|          35|          20|
    |mul_ln1118_1623_fu_1390_p2     |     *    |      2|  0|   23|          35|          20|
    |mul_ln1118_1624_fu_1319_p2     |     *    |      2|  0|   23|          35|          17|
    |mul_ln1118_1625_fu_1255_p2     |     *    |      2|  0|   23|          35|          20|
    |mul_ln1118_1626_fu_1198_p2     |     *    |      2|  0|   23|          35|          17|
    |mul_ln1118_1627_fu_1383_p2     |     *    |      2|  0|   23|          35|          18|
    |mul_ln1118_1628_fu_1191_p2     |     *    |      2|  0|   23|          35|          18|
    |mul_ln1118_1629_fu_1289_p2     |     *    |      2|  0|   23|          35|          19|
    |mul_ln1118_1630_fu_1290_p2     |     *    |      2|  0|   23|          35|          19|
    |mul_ln1118_1631_fu_1176_p2     |     *    |      2|  0|   23|          35|          16|
    |mul_ln1118_1632_fu_1365_p2     |     *    |      2|  0|   23|          35|          17|
    |mul_ln1118_1633_fu_1366_p2     |     *    |      2|  0|   23|          35|          19|
    |mul_ln1118_1634_fu_1152_p2     |     *    |      2|  0|   23|          35|          19|
    |mul_ln1118_1635_fu_1207_p2     |     *    |      2|  0|   23|          35|          20|
    |mul_ln1118_1636_fu_1187_p2     |     *    |      2|  0|   23|          35|          16|
    |mul_ln1118_1637_fu_1356_p2     |     *    |      2|  0|   23|          35|          18|
    |mul_ln1118_1638_fu_1249_p2     |     *    |      2|  0|   23|          35|          15|
    |mul_ln1118_1639_fu_1192_p2     |     *    |      2|  0|   23|          35|          19|
    |mul_ln1118_1640_fu_1384_p2     |     *    |      2|  0|   23|          35|          17|
    |mul_ln1118_1641_fu_1299_p2     |     *    |      2|  0|   23|          35|          17|
    |mul_ln1118_1642_fu_1260_p2     |     *    |      2|  0|   23|          35|          18|
    |mul_ln1118_1643_fu_1334_p2     |     *    |      2|  0|   23|          35|          19|
    |mul_ln1118_1644_fu_1296_p2     |     *    |      2|  0|   23|          35|          18|
    |mul_ln1118_1645_fu_1263_p2     |     *    |      2|  0|   23|          35|          21|
    |mul_ln1118_1646_fu_1325_p2     |     *    |      2|  0|   23|          35|          19|
    |mul_ln1118_1647_fu_1150_p2     |     *    |      2|  0|   23|          35|          19|
    |mul_ln1118_1648_fu_1293_p2     |     *    |      2|  0|   23|          35|          20|
    |mul_ln1118_1649_fu_1179_p2     |     *    |      2|  0|   23|          35|          20|
    |mul_ln1118_1650_fu_1250_p2     |     *    |      2|  0|   23|          35|          16|
    |mul_ln1118_1651_fu_1300_p2     |     *    |      2|  0|   23|          35|          19|
    |mul_ln1118_1652_fu_1186_p2     |     *    |      2|  0|   23|          35|          17|
    |mul_ln1118_1653_fu_1364_p2     |     *    |      2|  0|   23|          35|          20|
    |mul_ln1118_1654_fu_1307_p2     |     *    |      2|  0|   23|          35|          19|
    |mul_ln1118_1655_fu_1243_p2     |     *    |      2|  0|   23|          35|          20|
    |mul_ln1118_1656_fu_1354_p2     |     *    |      2|  0|   23|          35|          17|
    |mul_ln1118_1657_fu_1375_p2     |     *    |      2|  0|   23|          35|          16|
    |mul_ln1118_1658_fu_1234_p2     |     *    |      2|  0|   23|          35|          18|
    |mul_ln1118_1659_fu_1276_p2     |     *    |      2|  0|   23|          35|          19|
    |mul_ln1118_1660_fu_1236_p2     |     *    |      2|  0|   23|          35|          18|
    |mul_ln1118_1661_fu_1379_p2     |     *    |      2|  0|   23|          35|          18|
    |mul_ln1118_1662_fu_1353_p2     |     *    |      2|  0|   23|          35|          15|
    |mul_ln1118_1663_fu_1151_p2     |     *    |      2|  0|   23|          35|          20|
    |mul_ln1118_fu_1369_p2          |     *    |      2|  0|   23|          35|          18|
    |acc_10_V_fu_269765_p2          |     +    |      0|  0|   16|          35|          35|
    |acc_11_V_fu_269829_p2          |     +    |      0|  0|   16|          35|          35|
    |acc_12_V_fu_269910_p2          |     +    |      0|  0|   16|          35|          35|
    |acc_13_V_fu_269969_p2          |     +    |      0|  0|   16|          35|          35|
    |acc_14_V_fu_270050_p2          |     +    |      0|  0|   16|          35|          35|
    |acc_15_V_fu_270117_p2          |     +    |      0|  0|   16|          35|          35|
    |acc_1_V_fu_269129_p2           |     +    |      0|  0|   16|          35|          35|
    |acc_2_V_fu_269199_p2           |     +    |      0|  0|   16|          35|          35|
    |acc_3_V_fu_269266_p2           |     +    |      0|  0|   16|          35|          35|
    |acc_4_V_fu_269350_p2           |     +    |      0|  0|   16|          35|          35|
    |acc_5_V_fu_269409_p2           |     +    |      0|  0|   16|          35|          35|
    |acc_6_V_fu_269475_p2           |     +    |      0|  0|   16|          35|          35|
    |acc_7_V_fu_269538_p2           |     +    |      0|  0|   16|          35|          35|
    |acc_8_V_fu_269623_p2           |     +    |      0|  0|   16|          35|          35|
    |acc_9_V_fu_269697_p2           |     +    |      0|  0|   16|          35|          35|
    |add_ln1118_fu_267399_p2        |     +    |      0|  0|   53|          53|          53|
    |add_ln703_1403_fu_269016_p2    |     +    |      0|  0|   16|          35|          35|
    |add_ln703_1404_fu_269022_p2    |     +    |      0|  0|   16|          35|          35|
    |add_ln703_1405_fu_269028_p2    |     +    |      0|  0|   16|          35|          35|
    |add_ln703_1406_fu_268215_p2    |     +    |      0|  0|   35|          35|          35|
    |add_ln703_1407_fu_269034_p2    |     +    |      0|  0|   16|          35|          35|
    |add_ln703_1408_fu_269039_p2    |     +    |      0|  0|   16|          35|          35|
    |add_ln703_1409_fu_268221_p2    |     +    |      0|  0|   35|          35|          35|
    |add_ln703_1410_fu_268227_p2    |     +    |      0|  0|   34|          34|          34|
    |add_ln703_1411_fu_269048_p2    |     +    |      0|  0|   16|          35|          35|
    |add_ln703_1412_fu_269053_p2    |     +    |      0|  0|   16|          35|          35|
    |add_ln703_1413_fu_268233_p2    |     +    |      0|  0|   16|          35|          20|
    |add_ln703_1414_fu_268239_p2    |     +    |      0|  0|   16|          35|          35|
    |add_ln703_1415_fu_269059_p2    |     +    |      0|  0|   16|          35|          35|
    |add_ln703_1416_fu_269064_p2    |     +    |      0|  0|   16|          35|          35|
    |add_ln703_1417_fu_269070_p2    |     +    |      0|  0|   16|          35|          35|
    |add_ln703_1418_fu_269076_p2    |     +    |      0|  0|   16|          35|          35|
    |add_ln703_1419_fu_268245_p2    |     +    |      0|  0|   35|          35|          35|
    |add_ln703_1420_fu_269082_p2    |     +    |      0|  0|   16|          35|          35|
    |add_ln703_1421_fu_268251_p2    |     +    |      0|  0|   34|          34|          34|
    |add_ln703_1422_fu_269090_p2    |     +    |      0|  0|   16|          35|          35|
    |add_ln703_1423_fu_269096_p2    |     +    |      0|  0|   16|          35|          35|
    |add_ln703_1424_fu_269102_p2    |     +    |      0|  0|   16|          35|          35|
    |add_ln703_1425_fu_268257_p2    |     +    |      0|  0|   35|          35|          35|
    |add_ln703_1426_fu_268263_p2    |     +    |      0|  0|   35|          35|          35|
    |add_ln703_1427_fu_269108_p2    |     +    |      0|  0|   16|          35|          35|
    |add_ln703_1428_fu_269112_p2    |     +    |      0|  0|   16|          35|          35|
    |add_ln703_1429_fu_268269_p2    |     +    |      0|  0|   16|          35|          18|
    |add_ln703_1430_fu_268275_p2    |     +    |      0|  0|   16|          35|          35|
    |add_ln703_1431_fu_269118_p2    |     +    |      0|  0|   16|          35|          35|
    |add_ln703_1432_fu_269123_p2    |     +    |      0|  0|   16|          35|          35|
    |add_ln703_1434_fu_268281_p2    |     +    |      0|  0|   34|          34|          34|
    |add_ln703_1435_fu_268287_p2    |     +    |      0|  0|   34|          34|          34|
    |add_ln703_1436_fu_269141_p2    |     +    |      0|  0|   35|          35|          35|
    |add_ln703_1437_fu_269147_p2    |     +    |      0|  0|   16|          35|          35|
    |add_ln703_1438_fu_268293_p2    |     +    |      0|  0|   35|          35|          35|
    |add_ln703_1439_fu_269153_p2    |     +    |      0|  0|   16|          35|          35|
    |add_ln703_1440_fu_269158_p2    |     +    |      0|  0|   16|          35|          35|
    |add_ln703_1441_fu_268299_p2    |     +    |      0|  0|   35|          35|          35|
    |add_ln703_1442_fu_268305_p2    |     +    |      0|  0|   35|          35|          35|
    |add_ln703_1443_fu_269164_p2    |     +    |      0|  0|   16|          35|          35|
    |add_ln703_1444_fu_268311_p2    |     +    |      0|  0|   33|          33|          33|
    |add_ln703_1445_fu_269171_p2    |     +    |      0|  0|   32|          32|          18|
    |add_ln703_1446_fu_269181_p2    |     +    |      0|  0|   16|          35|          35|
    |add_ln703_1447_fu_269187_p2    |     +    |      0|  0|   16|          35|          35|
    |add_ln703_1448_fu_269193_p2    |     +    |      0|  0|   16|          35|          35|
    |add_ln703_1450_fu_269205_p2    |     +    |      0|  0|   16|          35|          35|
    |add_ln703_1451_fu_268317_p2    |     +    |      0|  0|   35|          35|          35|
    |add_ln703_1452_fu_269210_p2    |     +    |      0|  0|   16|          35|          35|
    |add_ln703_1453_fu_269215_p2    |     +    |      0|  0|   16|          35|          35|
    |add_ln703_1454_fu_268323_p2    |     +    |      0|  0|   35|          35|          35|
    |add_ln703_1455_fu_269221_p2    |     +    |      0|  0|   16|          35|          35|
    |add_ln703_1456_fu_269226_p2    |     +    |      0|  0|   16|          35|          35|
    |add_ln703_1457_fu_268329_p2    |     +    |      0|  0|   33|          33|          33|
    |add_ln703_1458_fu_268335_p2    |     +    |      0|  0|   33|          33|          33|
    |add_ln703_1459_fu_269238_p2    |     +    |      0|  0|   34|          34|          34|
    |add_ln703_1460_fu_268341_p2    |     +    |      0|  0|   34|          34|          34|
    |add_ln703_1461_fu_268347_p2    |     +    |      0|  0|   16|          34|          19|
    |add_ln703_1462_fu_268353_p2    |     +    |      0|  0|   16|          34|          34|
    |add_ln703_1463_fu_269254_p2    |     +    |      0|  0|   16|          35|          35|
    |add_ln703_1464_fu_269260_p2    |     +    |      0|  0|   16|          35|          35|
    |add_ln703_1466_fu_268359_p2    |     +    |      0|  0|   34|          34|          34|
    |add_ln703_1467_fu_269275_p2    |     +    |      0|  0|   16|          35|          35|
    |add_ln703_1468_fu_269281_p2    |     +    |      0|  0|   16|          35|          35|
    |add_ln703_1469_fu_269287_p2    |     +    |      0|  0|   16|          35|          35|
    |add_ln703_1470_fu_268365_p2    |     +    |      0|  0|   35|          35|          35|
    |add_ln703_1471_fu_269293_p2    |     +    |      0|  0|   16|          35|          35|
    |add_ln703_1472_fu_269298_p2    |     +    |      0|  0|   16|          35|          35|
    |add_ln703_1473_fu_268371_p2    |     +    |      0|  0|   34|          34|          34|
    |add_ln703_1474_fu_268377_p2    |     +    |      0|  0|   35|          35|          35|
    |add_ln703_1475_fu_269307_p2    |     +    |      0|  0|   16|          35|          35|
    |add_ln703_1476_fu_269312_p2    |     +    |      0|  0|   16|          35|          35|
    |add_ln703_1477_fu_269318_p2    |     +    |      0|  0|   33|          33|          17|
    |add_ln703_1478_fu_269328_p2    |     +    |      0|  0|   34|          34|          34|
    |add_ln703_1479_fu_269338_p2    |     +    |      0|  0|   16|          35|          35|
    |add_ln703_1480_fu_269344_p2    |     +    |      0|  0|   16|          35|          35|
    |add_ln703_1482_fu_268383_p2    |     +    |      0|  0|   34|          34|          34|
    |add_ln703_1483_fu_269359_p2    |     +    |      0|  0|   16|          35|          35|
    |add_ln703_1484_fu_269365_p2    |     +    |      0|  0|   16|          35|          35|
    |add_ln703_1485_fu_269371_p2    |     +    |      0|  0|   16|          35|          35|
    |add_ln703_1486_fu_268389_p2    |     +    |      0|  0|   35|          35|          35|
    |add_ln703_1487_fu_269377_p2    |     +    |      0|  0|   16|          35|          35|
    |add_ln703_1488_fu_269382_p2    |     +    |      0|  0|   16|          35|          35|
    |add_ln703_1489_fu_268395_p2    |     +    |      0|  0|   35|          35|          35|
    |add_ln703_1490_fu_268401_p2    |     +    |      0|  0|   35|          35|          35|
    |add_ln703_1491_fu_269388_p2    |     +    |      0|  0|   16|          35|          35|
    |add_ln703_1492_fu_269392_p2    |     +    |      0|  0|   16|          35|          35|
    |add_ln703_1493_fu_268407_p2    |     +    |      0|  0|   16|          35|          18|
    |add_ln703_1494_fu_268413_p2    |     +    |      0|  0|   16|          35|          35|
    |add_ln703_1495_fu_269398_p2    |     +    |      0|  0|   16|          35|          35|
    |add_ln703_1496_fu_269403_p2    |     +    |      0|  0|   16|          35|          35|
    |add_ln703_1498_fu_269415_p2    |     +    |      0|  0|   16|          35|          35|
    |add_ln703_1499_fu_268419_p2    |     +    |      0|  0|   35|          35|          35|
    |add_ln703_1500_fu_269421_p2    |     +    |      0|  0|   16|          35|          35|
    |add_ln703_1501_fu_268425_p2    |     +    |      0|  0|   34|          34|          34|
    |add_ln703_1502_fu_268431_p2    |     +    |      0|  0|   34|          34|          34|
    |add_ln703_1503_fu_269432_p2    |     +    |      0|  0|   35|          35|          35|
    |add_ln703_1504_fu_269438_p2    |     +    |      0|  0|   16|          35|          35|
    |add_ln703_1505_fu_268437_p2    |     +    |      0|  0|   35|          35|          35|
    |add_ln703_1506_fu_268443_p2    |     +    |      0|  0|   35|          35|          35|
    |add_ln703_1507_fu_269444_p2    |     +    |      0|  0|   16|          35|          35|
    |add_ln703_1508_fu_268449_p2    |     +    |      0|  0|   34|          34|          34|
    |add_ln703_1509_fu_269451_p2    |     +    |      0|  0|   35|          35|          19|
    |add_ln703_1510_fu_269457_p2    |     +    |      0|  0|   16|          35|          35|
    |add_ln703_1511_fu_269463_p2    |     +    |      0|  0|   16|          35|          35|
    |add_ln703_1512_fu_269469_p2    |     +    |      0|  0|   16|          35|          35|
    |add_ln703_1514_fu_269481_p2    |     +    |      0|  0|   16|          35|          35|
    |add_ln703_1515_fu_268455_p2    |     +    |      0|  0|   34|          34|          34|
    |add_ln703_1516_fu_269490_p2    |     +    |      0|  0|   16|          35|          35|
    |add_ln703_1517_fu_268461_p2    |     +    |      0|  0|   34|          34|          34|
    |add_ln703_1518_fu_269499_p2    |     +    |      0|  0|   16|          35|          35|
    |add_ln703_1519_fu_269505_p2    |     +    |      0|  0|   16|          35|          35|
    |add_ln703_1520_fu_269511_p2    |     +    |      0|  0|   16|          35|          35|
    |add_ln703_1521_fu_268467_p2    |     +    |      0|  0|   35|          35|          35|
    |add_ln703_1522_fu_268473_p2    |     +    |      0|  0|   35|          35|          35|
    |add_ln703_1523_fu_269517_p2    |     +    |      0|  0|   16|          35|          35|
    |add_ln703_1524_fu_269521_p2    |     +    |      0|  0|   16|          35|          35|
    |add_ln703_1525_fu_268479_p2    |     +    |      0|  0|   16|          35|          18|
    |add_ln703_1526_fu_268485_p2    |     +    |      0|  0|   16|          35|          35|
    |add_ln703_1527_fu_269527_p2    |     +    |      0|  0|   16|          35|          35|
    |add_ln703_1528_fu_269532_p2    |     +    |      0|  0|   16|          35|          35|
    |add_ln703_1530_fu_268491_p2    |     +    |      0|  0|   33|          33|          33|
    |add_ln703_1531_fu_269547_p2    |     +    |      0|  0|   16|          35|          35|
    |add_ln703_1532_fu_269553_p2    |     +    |      0|  0|   16|          35|          35|
    |add_ln703_1533_fu_268497_p2    |     +    |      0|  0|   32|          32|          32|
    |add_ln703_1534_fu_268503_p2    |     +    |      0|  0|   32|          32|          32|
    |add_ln703_1535_fu_269565_p2    |     +    |      0|  0|   33|          33|          33|
    |add_ln703_1536_fu_269575_p2    |     +    |      0|  0|   16|          35|          35|
    |add_ln703_1537_fu_268509_p2    |     +    |      0|  0|   35|          35|          35|
    |add_ln703_1538_fu_268515_p2    |     +    |      0|  0|   34|          34|          34|
    |add_ln703_1539_fu_269584_p2    |     +    |      0|  0|   16|          35|          35|
    |add_ln703_1540_fu_269589_p2    |     +    |      0|  0|   16|          35|          35|
    |add_ln703_1541_fu_269595_p2    |     +    |      0|  0|   32|          32|          17|
    |add_ln703_1542_fu_269605_p2    |     +    |      0|  0|   35|          35|          35|
    |add_ln703_1543_fu_269611_p2    |     +    |      0|  0|   16|          35|          35|
    |add_ln703_1544_fu_269617_p2    |     +    |      0|  0|   16|          35|          35|
    |add_ln703_1546_fu_269629_p2    |     +    |      0|  0|   16|          35|          35|
    |add_ln703_1547_fu_268521_p2    |     +    |      0|  0|   34|          34|          34|
    |add_ln703_1548_fu_269638_p2    |     +    |      0|  0|   16|          35|          35|
    |add_ln703_1549_fu_268527_p2    |     +    |      0|  0|   34|          34|          34|
    |add_ln703_1550_fu_268533_p2    |     +    |      0|  0|   34|          34|          34|
    |add_ln703_1551_fu_269650_p2    |     +    |      0|  0|   35|          35|          35|
    |add_ln703_1552_fu_269656_p2    |     +    |      0|  0|   16|          35|          35|
    |add_ln703_1553_fu_268539_p2    |     +    |      0|  0|   35|          35|          35|
    |add_ln703_1554_fu_268545_p2    |     +    |      0|  0|   35|          35|          35|
    |add_ln703_1555_fu_269662_p2    |     +    |      0|  0|   16|          35|          35|
    |add_ln703_1556_fu_268551_p2    |     +    |      0|  0|   33|          33|          33|
    |add_ln703_1557_fu_269669_p2    |     +    |      0|  0|   32|          32|          16|
    |add_ln703_1558_fu_269679_p2    |     +    |      0|  0|   16|          35|          35|
    |add_ln703_1559_fu_269685_p2    |     +    |      0|  0|   16|          35|          35|
    |add_ln703_1560_fu_269691_p2    |     +    |      0|  0|   16|          35|          35|
    |add_ln703_1562_fu_268557_p2    |     +    |      0|  0|   33|          33|          33|
    |add_ln703_1563_fu_268563_p2    |     +    |      0|  0|   34|          34|          34|
    |add_ln703_1564_fu_269709_p2    |     +    |      0|  0|   35|          35|          35|
    |add_ln703_1565_fu_268569_p2    |     +    |      0|  0|   33|          33|          33|
    |add_ln703_1566_fu_269718_p2    |     +    |      0|  0|   16|          35|          35|
    |add_ln703_1567_fu_269724_p2    |     +    |      0|  0|   16|          35|          35|
    |add_ln703_1568_fu_269730_p2    |     +    |      0|  0|   16|          35|          35|
    |add_ln703_1569_fu_268575_p2    |     +    |      0|  0|   35|          35|          35|
    |add_ln703_1570_fu_268581_p2    |     +    |      0|  0|   34|          34|          34|
    |add_ln703_1571_fu_269739_p2    |     +    |      0|  0|   16|          35|          35|
    |add_ln703_1572_fu_269744_p2    |     +    |      0|  0|   16|          35|          35|
    |add_ln703_1573_fu_268587_p2    |     +    |      0|  0|   16|          33|          18|
    |add_ln703_1574_fu_268593_p2    |     +    |      0|  0|   16|          33|          33|
    |add_ln703_1575_fu_269753_p2    |     +    |      0|  0|   16|          35|          35|
    |add_ln703_1576_fu_269759_p2    |     +    |      0|  0|   16|          35|          35|
    |add_ln703_1578_fu_268599_p2    |     +    |      0|  0|   34|          34|          34|
    |add_ln703_1579_fu_268605_p2    |     +    |      0|  0|   34|          34|          34|
    |add_ln703_1580_fu_269777_p2    |     +    |      0|  0|   35|          35|          35|
    |add_ln703_1581_fu_268611_p2    |     +    |      0|  0|   32|          32|          32|
    |add_ln703_1582_fu_269786_p2    |     +    |      0|  0|   16|          34|          34|
    |add_ln703_1583_fu_269792_p2    |     +    |      0|  0|   16|          34|          34|
    |add_ln703_1584_fu_269802_p2    |     +    |      0|  0|   16|          35|          35|
    |add_ln703_1585_fu_268617_p2    |     +    |      0|  0|   35|          35|          35|
    |add_ln703_1586_fu_268623_p2    |     +    |      0|  0|   35|          35|          35|
    |add_ln703_1587_fu_269808_p2    |     +    |      0|  0|   16|          35|          35|
    |add_ln703_1588_fu_269812_p2    |     +    |      0|  0|   16|          35|          35|
    |add_ln703_1589_fu_268629_p2    |     +    |      0|  0|   16|          35|          18|
    |add_ln703_1590_fu_268635_p2    |     +    |      0|  0|   16|          35|          35|
    |add_ln703_1591_fu_269818_p2    |     +    |      0|  0|   16|          35|          35|
    |add_ln703_1592_fu_269823_p2    |     +    |      0|  0|   16|          35|          35|
    |add_ln703_1594_fu_268641_p2    |     +    |      0|  0|   33|          33|          33|
    |add_ln703_1595_fu_268647_p2    |     +    |      0|  0|   34|          34|          34|
    |add_ln703_1596_fu_269841_p2    |     +    |      0|  0|   35|          35|          35|
    |add_ln703_1597_fu_269847_p2    |     +    |      0|  0|   16|          35|          35|
    |add_ln703_1598_fu_268653_p2    |     +    |      0|  0|   35|          35|          35|
    |add_ln703_1599_fu_269853_p2    |     +    |      0|  0|   16|          35|          35|
    |add_ln703_1600_fu_269858_p2    |     +    |      0|  0|   16|          35|          35|
    |add_ln703_1601_fu_268659_p2    |     +    |      0|  0|   33|          33|          33|
    |add_ln703_1602_fu_268665_p2    |     +    |      0|  0|   35|          35|          35|
    |add_ln703_1603_fu_269867_p2    |     +    |      0|  0|   16|          35|          35|
    |add_ln703_1604_fu_269872_p2    |     +    |      0|  0|   16|          35|          35|
    |add_ln703_1605_fu_269878_p2    |     +    |      0|  0|   33|          33|          19|
    |add_ln703_1606_fu_269888_p2    |     +    |      0|  0|   34|          34|          34|
    |add_ln703_1607_fu_269898_p2    |     +    |      0|  0|   16|          35|          35|
    |add_ln703_1608_fu_269904_p2    |     +    |      0|  0|   16|          35|          35|
    |add_ln703_1610_fu_269916_p2    |     +    |      0|  0|   16|          35|          35|
    |add_ln703_1611_fu_268671_p2    |     +    |      0|  0|   35|          35|          35|
    |add_ln703_1612_fu_269921_p2    |     +    |      0|  0|   16|          35|          35|
    |add_ln703_1613_fu_268677_p2    |     +    |      0|  0|   34|          34|          34|
    |add_ln703_1614_fu_269929_p2    |     +    |      0|  0|   16|          35|          35|
    |add_ln703_1615_fu_269935_p2    |     +    |      0|  0|   16|          35|          35|
    |add_ln703_1616_fu_269941_p2    |     +    |      0|  0|   16|          35|          35|
    |add_ln703_1617_fu_268683_p2    |     +    |      0|  0|   35|          35|          35|
    |add_ln703_1618_fu_268689_p2    |     +    |      0|  0|   35|          35|          35|
    |add_ln703_1619_fu_269947_p2    |     +    |      0|  0|   16|          35|          35|
    |add_ln703_1620_fu_268695_p2    |     +    |      0|  0|   34|          34|          34|
    |add_ln703_1621_fu_268701_p2    |     +    |      0|  0|   16|          33|          19|
    |add_ln703_1622_fu_268707_p2    |     +    |      0|  0|   16|          33|          33|
    |add_ln703_1623_fu_269957_p2    |     +    |      0|  0|   35|          35|          35|
    |add_ln703_1624_fu_269963_p2    |     +    |      0|  0|   16|          35|          35|
    |add_ln703_1626_fu_269975_p2    |     +    |      0|  0|   16|          35|          35|
    |add_ln703_1627_fu_268713_p2    |     +    |      0|  0|   33|          33|          33|
    |add_ln703_1628_fu_269984_p2    |     +    |      0|  0|   16|          35|          35|
    |add_ln703_1629_fu_268719_p2    |     +    |      0|  0|   34|          34|          34|
    |add_ln703_1630_fu_268725_p2    |     +    |      0|  0|   33|          33|          33|
    |add_ln703_1631_fu_269996_p2    |     +    |      0|  0|   35|          35|          35|
    |add_ln703_1632_fu_270002_p2    |     +    |      0|  0|   16|          35|          35|
    |add_ln703_1633_fu_268731_p2    |     +    |      0|  0|   35|          35|          35|
    |add_ln703_1634_fu_268737_p2    |     +    |      0|  0|   34|          34|          34|
    |add_ln703_1635_fu_270011_p2    |     +    |      0|  0|   16|          35|          35|
    |add_ln703_1636_fu_270016_p2    |     +    |      0|  0|   16|          35|          35|
    |add_ln703_1637_fu_270022_p2    |     +    |      0|  0|   32|          32|          19|
    |add_ln703_1638_fu_270032_p2    |     +    |      0|  0|   35|          35|          35|
    |add_ln703_1639_fu_270038_p2    |     +    |      0|  0|   16|          35|          35|
    |add_ln703_1640_fu_270044_p2    |     +    |      0|  0|   16|          35|          35|
    |add_ln703_1642_fu_270056_p2    |     +    |      0|  0|   16|          35|          35|
    |add_ln703_1643_fu_268743_p2    |     +    |      0|  0|   35|          35|          35|
    |add_ln703_1644_fu_270062_p2    |     +    |      0|  0|   16|          35|          35|
    |add_ln703_1645_fu_270067_p2    |     +    |      0|  0|   16|          35|          35|
    |add_ln703_1646_fu_268749_p2    |     +    |      0|  0|   33|          33|          33|
    |add_ln703_1647_fu_270075_p2    |     +    |      0|  0|   16|          35|          35|
    |add_ln703_1648_fu_270081_p2    |     +    |      0|  0|   16|          35|          35|
    |add_ln703_1649_fu_268755_p2    |     +    |      0|  0|   35|          35|          35|
    |add_ln703_1650_fu_268761_p2    |     +    |      0|  0|   35|          35|          35|
    |add_ln703_1651_fu_270087_p2    |     +    |      0|  0|   16|          35|          35|
    |add_ln703_1652_fu_268767_p2    |     +    |      0|  0|   33|          33|          33|
    |add_ln703_1653_fu_270094_p2    |     +    |      0|  0|   35|          35|          19|
    |add_ln703_1654_fu_270099_p2    |     +    |      0|  0|   16|          35|          35|
    |add_ln703_1655_fu_270105_p2    |     +    |      0|  0|   16|          35|          35|
    |add_ln703_1656_fu_270111_p2    |     +    |      0|  0|   16|          35|          35|
    |add_ln703_fu_268209_p2         |     +    |      0|  0|   34|          34|          34|
    |acc_15_V_2_fu_270129_p3        |  select  |      0|  0|   35|           1|          35|
    |select_ln136_10_fu_270195_p3   |  select  |      0|  0|   35|           1|          35|
    |select_ln136_11_fu_270201_p3   |  select  |      0|  0|   35|           1|          35|
    |select_ln136_12_fu_270207_p3   |  select  |      0|  0|   35|           1|          35|
    |select_ln136_13_fu_270213_p3   |  select  |      0|  0|   35|           1|          35|
    |select_ln136_14_fu_270219_p3   |  select  |      0|  0|   35|           1|          35|
    |select_ln136_15_fu_270225_p3   |  select  |      0|  0|   35|           1|          35|
    |select_ln136_16_fu_270231_p3   |  select  |      0|  0|   35|           1|          35|
    |select_ln136_17_fu_270237_p3   |  select  |      0|  0|   35|           1|          35|
    |select_ln136_18_fu_270243_p3   |  select  |      0|  0|   35|           1|          35|
    |select_ln136_19_fu_270249_p3   |  select  |      0|  0|   35|           1|          35|
    |select_ln136_1_fu_270141_p3    |  select  |      0|  0|   35|           1|          35|
    |select_ln136_20_fu_270255_p3   |  select  |      0|  0|   35|           1|          35|
    |select_ln136_21_fu_270261_p3   |  select  |      0|  0|   35|           1|          35|
    |select_ln136_22_fu_270267_p3   |  select  |      0|  0|   35|           1|          35|
    |select_ln136_23_fu_270273_p3   |  select  |      0|  0|   35|           1|          35|
    |select_ln136_24_fu_270279_p3   |  select  |      0|  0|   35|           1|          35|
    |select_ln136_25_fu_270285_p3   |  select  |      0|  0|   35|           1|          35|
    |select_ln136_26_fu_270291_p3   |  select  |      0|  0|   35|           1|          35|
    |select_ln136_27_fu_270297_p3   |  select  |      0|  0|   35|           1|          35|
    |select_ln136_28_fu_270303_p3   |  select  |      0|  0|   35|           1|          35|
    |select_ln136_29_fu_270309_p3   |  select  |      0|  0|   35|           1|          35|
    |select_ln136_2_fu_270147_p3    |  select  |      0|  0|   35|           1|          35|
    |select_ln136_3_fu_270153_p3    |  select  |      0|  0|   35|           1|          35|
    |select_ln136_4_fu_270159_p3    |  select  |      0|  0|   35|           1|          35|
    |select_ln136_5_fu_270165_p3    |  select  |      0|  0|   35|           1|          35|
    |select_ln136_6_fu_270171_p3    |  select  |      0|  0|   35|           1|          35|
    |select_ln136_7_fu_270177_p3    |  select  |      0|  0|   35|           1|          35|
    |select_ln136_8_fu_270183_p3    |  select  |      0|  0|   35|           1|          35|
    |select_ln136_9_fu_270189_p3    |  select  |      0|  0|   35|           1|          35|
    |select_ln136_fu_270135_p3      |  select  |      0|  0|   35|           1|          35|
    |select_ln203_135_fu_264560_p3  |  select  |      0|  0|   35|           1|          35|
    |select_ln203_136_fu_264804_p3  |  select  |      0|  0|   35|           1|          35|
    |select_ln203_137_fu_265068_p3  |  select  |      0|  0|   35|           1|          35|
    |select_ln203_138_fu_265312_p3  |  select  |      0|  0|   35|           1|          35|
    |select_ln203_139_fu_265540_p3  |  select  |      0|  0|   35|           1|          35|
    |select_ln203_140_fu_265804_p3  |  select  |      0|  0|   35|           1|          35|
    |select_ln203_141_fu_266032_p3  |  select  |      0|  0|   35|           1|          35|
    |select_ln203_142_fu_266260_p3  |  select  |      0|  0|   35|           1|          35|
    |select_ln203_143_fu_266500_p3  |  select  |      0|  0|   35|           1|          35|
    |select_ln203_144_fu_266748_p3  |  select  |      0|  0|   35|           1|          35|
    |select_ln203_145_fu_266996_p3  |  select  |      0|  0|   35|           1|          35|
    |select_ln203_146_fu_267232_p3  |  select  |      0|  0|   35|           1|          35|
    |select_ln203_147_fu_267509_p3  |  select  |      0|  0|   35|           1|          35|
    |select_ln203_148_fu_267741_p3  |  select  |      0|  0|   35|           1|          35|
    |select_ln203_149_fu_267977_p3  |  select  |      0|  0|   35|           1|          35|
    |select_ln203_150_fu_270123_p3  |  select  |      0|  0|   35|           1|          35|
    |select_ln203_fu_264300_p3      |  select  |      0|  0|   35|           1|          35|
    +-------------------------------+----------+-------+---+-----+------------+------------+
    |Total                          |          |    510|  0|13511|       17891|       14987|
    +-------------------------------+----------+-------+---+-----+------------+------------+

    * Multiplexer: 
    +--------------+----+-----------+-----+-----------+
    |     Name     | LUT| Input Size| Bits| Total Bits|
    +--------------+----+-----------+-----+-----------+
    |ap_return_0   |   9|          2|   35|         70|
    |ap_return_1   |   9|          2|   35|         70|
    |ap_return_10  |   9|          2|   35|         70|
    |ap_return_11  |   9|          2|   35|         70|
    |ap_return_12  |   9|          2|   35|         70|
    |ap_return_13  |   9|          2|   35|         70|
    |ap_return_14  |   9|          2|   35|         70|
    |ap_return_15  |   9|          2|   35|         70|
    |ap_return_16  |   9|          2|   35|         70|
    |ap_return_17  |   9|          2|   35|         70|
    |ap_return_18  |   9|          2|   35|         70|
    |ap_return_19  |   9|          2|   35|         70|
    |ap_return_2   |   9|          2|   35|         70|
    |ap_return_20  |   9|          2|   35|         70|
    |ap_return_21  |   9|          2|   35|         70|
    |ap_return_22  |   9|          2|   35|         70|
    |ap_return_23  |   9|          2|   35|         70|
    |ap_return_24  |   9|          2|   35|         70|
    |ap_return_25  |   9|          2|   35|         70|
    |ap_return_26  |   9|          2|   35|         70|
    |ap_return_27  |   9|          2|   35|         70|
    |ap_return_28  |   9|          2|   35|         70|
    |ap_return_29  |   9|          2|   35|         70|
    |ap_return_3   |   9|          2|   35|         70|
    |ap_return_30  |   9|          2|   35|         70|
    |ap_return_31  |   9|          2|   35|         70|
    |ap_return_4   |   9|          2|   35|         70|
    |ap_return_5   |   9|          2|   35|         70|
    |ap_return_6   |   9|          2|   35|         70|
    |ap_return_7   |   9|          2|   35|         70|
    |ap_return_8   |   9|          2|   35|         70|
    |ap_return_9   |   9|          2|   35|         70|
    +--------------+----+-----------+-----+-----------+
    |Total         | 288|         64| 1120|       2240|
    +--------------+----+-----------+-----+-----------+

    * Register: 
    +------------------------------+----+----+-----+-----------+
    |             Name             | FF | LUT| Bits| Const Bits|
    +------------------------------+----+----+-----+-----------+
    |add_ln703_1406_reg_271128     |  35|   0|   35|          0|
    |add_ln703_1409_reg_271133     |  35|   0|   35|          0|
    |add_ln703_1410_reg_271138     |  34|   0|   34|          0|
    |add_ln703_1414_reg_271143     |  35|   0|   35|          0|
    |add_ln703_1419_reg_271148     |  35|   0|   35|          0|
    |add_ln703_1421_reg_271153     |  34|   0|   34|          0|
    |add_ln703_1425_reg_271158     |  35|   0|   35|          0|
    |add_ln703_1426_reg_271163     |  35|   0|   35|          0|
    |add_ln703_1430_reg_271168     |  35|   0|   35|          0|
    |add_ln703_1434_reg_271173     |  34|   0|   34|          0|
    |add_ln703_1435_reg_271178     |  34|   0|   34|          0|
    |add_ln703_1438_reg_271183     |  35|   0|   35|          0|
    |add_ln703_1441_reg_271188     |  35|   0|   35|          0|
    |add_ln703_1442_reg_271193     |  35|   0|   35|          0|
    |add_ln703_1444_reg_271198     |  33|   0|   33|          0|
    |add_ln703_1451_reg_271203     |  35|   0|   35|          0|
    |add_ln703_1454_reg_271208     |  35|   0|   35|          0|
    |add_ln703_1457_reg_271213     |  33|   0|   33|          0|
    |add_ln703_1458_reg_271218     |  33|   0|   33|          0|
    |add_ln703_1460_reg_271223     |  34|   0|   34|          0|
    |add_ln703_1462_reg_271228     |  34|   0|   34|          0|
    |add_ln703_1466_reg_271233     |  34|   0|   34|          0|
    |add_ln703_1470_reg_271238     |  35|   0|   35|          0|
    |add_ln703_1473_reg_271243     |  34|   0|   34|          0|
    |add_ln703_1474_reg_271248     |  35|   0|   35|          0|
    |add_ln703_1482_reg_271253     |  34|   0|   34|          0|
    |add_ln703_1486_reg_271258     |  35|   0|   35|          0|
    |add_ln703_1489_reg_271263     |  35|   0|   35|          0|
    |add_ln703_1490_reg_271268     |  35|   0|   35|          0|
    |add_ln703_1494_reg_271273     |  35|   0|   35|          0|
    |add_ln703_1499_reg_271278     |  35|   0|   35|          0|
    |add_ln703_1501_reg_271283     |  34|   0|   34|          0|
    |add_ln703_1502_reg_271288     |  34|   0|   34|          0|
    |add_ln703_1505_reg_271293     |  35|   0|   35|          0|
    |add_ln703_1506_reg_271298     |  35|   0|   35|          0|
    |add_ln703_1508_reg_271303     |  34|   0|   34|          0|
    |add_ln703_1515_reg_271308     |  34|   0|   34|          0|
    |add_ln703_1517_reg_271313     |  34|   0|   34|          0|
    |add_ln703_1521_reg_271318     |  35|   0|   35|          0|
    |add_ln703_1522_reg_271323     |  35|   0|   35|          0|
    |add_ln703_1526_reg_271328     |  35|   0|   35|          0|
    |add_ln703_1530_reg_271333     |  33|   0|   33|          0|
    |add_ln703_1533_reg_271338     |  32|   0|   32|          0|
    |add_ln703_1534_reg_271343     |  32|   0|   32|          0|
    |add_ln703_1537_reg_271348     |  35|   0|   35|          0|
    |add_ln703_1538_reg_271353     |  34|   0|   34|          0|
    |add_ln703_1547_reg_271358     |  34|   0|   34|          0|
    |add_ln703_1549_reg_271363     |  34|   0|   34|          0|
    |add_ln703_1550_reg_271368     |  34|   0|   34|          0|
    |add_ln703_1553_reg_271373     |  35|   0|   35|          0|
    |add_ln703_1554_reg_271378     |  35|   0|   35|          0|
    |add_ln703_1556_reg_271383     |  33|   0|   33|          0|
    |add_ln703_1562_reg_271388     |  33|   0|   33|          0|
    |add_ln703_1563_reg_271393     |  34|   0|   34|          0|
    |add_ln703_1565_reg_271398     |  33|   0|   33|          0|
    |add_ln703_1569_reg_271403     |  35|   0|   35|          0|
    |add_ln703_1570_reg_271408     |  34|   0|   34|          0|
    |add_ln703_1574_reg_271413     |  33|   0|   33|          0|
    |add_ln703_1578_reg_271418     |  34|   0|   34|          0|
    |add_ln703_1579_reg_271423     |  34|   0|   34|          0|
    |add_ln703_1581_reg_271428     |  32|   0|   32|          0|
    |add_ln703_1585_reg_271433     |  35|   0|   35|          0|
    |add_ln703_1586_reg_271438     |  35|   0|   35|          0|
    |add_ln703_1590_reg_271443     |  35|   0|   35|          0|
    |add_ln703_1594_reg_271448     |  33|   0|   33|          0|
    |add_ln703_1595_reg_271453     |  34|   0|   34|          0|
    |add_ln703_1598_reg_271458     |  35|   0|   35|          0|
    |add_ln703_1601_reg_271463     |  33|   0|   33|          0|
    |add_ln703_1602_reg_271468     |  35|   0|   35|          0|
    |add_ln703_1611_reg_271473     |  35|   0|   35|          0|
    |add_ln703_1613_reg_271478     |  34|   0|   34|          0|
    |add_ln703_1617_reg_271483     |  35|   0|   35|          0|
    |add_ln703_1618_reg_271488     |  35|   0|   35|          0|
    |add_ln703_1620_reg_271493     |  34|   0|   34|          0|
    |add_ln703_1622_reg_271498     |  33|   0|   33|          0|
    |add_ln703_1627_reg_271503     |  33|   0|   33|          0|
    |add_ln703_1629_reg_271508     |  34|   0|   34|          0|
    |add_ln703_1630_reg_271513     |  33|   0|   33|          0|
    |add_ln703_1633_reg_271518     |  35|   0|   35|          0|
    |add_ln703_1634_reg_271523     |  34|   0|   34|          0|
    |add_ln703_1643_reg_271528     |  35|   0|   35|          0|
    |add_ln703_1646_reg_271533     |  33|   0|   33|          0|
    |add_ln703_1649_reg_271538     |  35|   0|   35|          0|
    |add_ln703_1650_reg_271543     |  35|   0|   35|          0|
    |add_ln703_1652_reg_271548     |  33|   0|   33|          0|
    |add_ln703_reg_271123          |  34|   0|   34|          0|
    |ap_ce_reg                     |   1|   0|    1|          0|
    |ap_return_0_int_reg           |  35|   0|   35|          0|
    |ap_return_10_int_reg          |  35|   0|   35|          0|
    |ap_return_11_int_reg          |  35|   0|   35|          0|
    |ap_return_12_int_reg          |  35|   0|   35|          0|
    |ap_return_13_int_reg          |  35|   0|   35|          0|
    |ap_return_14_int_reg          |  35|   0|   35|          0|
    |ap_return_15_int_reg          |  35|   0|   35|          0|
    |ap_return_16_int_reg          |  35|   0|   35|          0|
    |ap_return_17_int_reg          |  35|   0|   35|          0|
    |ap_return_18_int_reg          |  35|   0|   35|          0|
    |ap_return_19_int_reg          |  35|   0|   35|          0|
    |ap_return_1_int_reg           |  35|   0|   35|          0|
    |ap_return_20_int_reg          |  35|   0|   35|          0|
    |ap_return_21_int_reg          |  35|   0|   35|          0|
    |ap_return_22_int_reg          |  35|   0|   35|          0|
    |ap_return_23_int_reg          |  35|   0|   35|          0|
    |ap_return_24_int_reg          |  35|   0|   35|          0|
    |ap_return_25_int_reg          |  35|   0|   35|          0|
    |ap_return_26_int_reg          |  35|   0|   35|          0|
    |ap_return_27_int_reg          |  35|   0|   35|          0|
    |ap_return_28_int_reg          |  35|   0|   35|          0|
    |ap_return_29_int_reg          |  35|   0|   35|          0|
    |ap_return_2_int_reg           |  35|   0|   35|          0|
    |ap_return_30_int_reg          |  35|   0|   35|          0|
    |ap_return_31_int_reg          |  35|   0|   35|          0|
    |ap_return_3_int_reg           |  35|   0|   35|          0|
    |ap_return_4_int_reg           |  35|   0|   35|          0|
    |ap_return_5_int_reg           |  35|   0|   35|          0|
    |ap_return_6_int_reg           |  35|   0|   35|          0|
    |ap_return_7_int_reg           |  35|   0|   35|          0|
    |ap_return_8_int_reg           |  35|   0|   35|          0|
    |ap_return_9_int_reg           |  35|   0|   35|          0|
    |mult_143_V_reg_270898         |  35|   0|   35|          0|
    |p_read_10_reg_270588          |  35|   0|   35|          0|
    |p_read_11_reg_270593          |  35|   0|   35|          0|
    |p_read_12_reg_270598          |  35|   0|   35|          0|
    |p_read_13_reg_270603          |  35|   0|   35|          0|
    |p_read_14_reg_270608          |  35|   0|   35|          0|
    |p_read_15_reg_270613          |  35|   0|   35|          0|
    |p_read_16_reg_270618          |  35|   0|   35|          0|
    |p_read_17_reg_270623          |  35|   0|   35|          0|
    |p_read_18_reg_270628          |  35|   0|   35|          0|
    |p_read_19_reg_270633          |  35|   0|   35|          0|
    |p_read_1_reg_270543           |  35|   0|   35|          0|
    |p_read_20_reg_270638          |  35|   0|   35|          0|
    |p_read_21_reg_270643          |  35|   0|   35|          0|
    |p_read_22_reg_270648          |  35|   0|   35|          0|
    |p_read_23_reg_270653          |  35|   0|   35|          0|
    |p_read_24_reg_270658          |  35|   0|   35|          0|
    |p_read_25_reg_270663          |  35|   0|   35|          0|
    |p_read_26_reg_270668          |  35|   0|   35|          0|
    |p_read_27_reg_270673          |  35|   0|   35|          0|
    |p_read_28_reg_270678          |  35|   0|   35|          0|
    |p_read_29_reg_270683          |  35|   0|   35|          0|
    |p_read_2_reg_270548           |  35|   0|   35|          0|
    |p_read_30_reg_270688          |  35|   0|   35|          0|
    |p_read_31_reg_270693          |  35|   0|   35|          0|
    |p_read_32_reg_270698          |  35|   0|   35|          0|
    |p_read_3_reg_270553           |  35|   0|   35|          0|
    |p_read_4_reg_270558           |  35|   0|   35|          0|
    |p_read_5_reg_270563           |  35|   0|   35|          0|
    |p_read_6_reg_270568           |  35|   0|   35|          0|
    |p_read_7_reg_270573           |  35|   0|   35|          0|
    |p_read_8_reg_270578           |  35|   0|   35|          0|
    |p_read_9_reg_270583           |  35|   0|   35|          0|
    |res_V_offset_read_reg_270507  |   1|   0|    1|          0|
    |tmp_1085_reg_270718           |  33|   0|   33|          0|
    |tmp_1108_reg_270783           |  32|   0|   32|          0|
    |tmp_1110_reg_270803           |  33|   0|   33|          0|
    |tmp_1137_reg_270938           |  31|   0|   31|          0|
    |tmp_1172_reg_271083           |  31|   0|   31|          0|
    |tmp_1174_reg_271088           |  32|   0|   32|          0|
    |tmp_1175_reg_271098           |  31|   0|   31|          0|
    |tmp_1176_reg_271103           |  31|   0|   31|          0|
    |tmp_1178_reg_271108           |  32|   0|   32|          0|
    |tmp_1180_reg_271113           |  31|   0|   31|          0|
    |trunc_ln708_66_reg_271048     |  35|   0|   35|          0|
    |trunc_ln708_724_reg_270703    |  33|   0|   33|          0|
    |trunc_ln708_728_reg_270708    |  34|   0|   34|          0|
    |trunc_ln708_729_reg_270713    |  33|   0|   33|          0|
    |trunc_ln708_731_reg_270723    |  32|   0|   32|          0|
    |trunc_ln708_750_reg_270728    |  34|   0|   34|          0|
    |trunc_ln708_751_reg_270733    |  31|   0|   31|          0|
    |trunc_ln708_752_reg_270738    |  31|   0|   31|          0|
    |trunc_ln708_753_reg_270743    |  26|   0|   26|          0|
    |trunc_ln708_754_reg_270748    |  34|   0|   34|          0|
    |trunc_ln708_755_reg_270753    |  34|   0|   34|          0|
    |trunc_ln708_756_reg_270758    |  33|   0|   33|          0|
    |trunc_ln708_757_reg_270763    |  34|   0|   34|          0|
    |trunc_ln708_758_reg_270768    |  34|   0|   34|          0|
    |trunc_ln708_759_reg_270773    |  33|   0|   33|          0|
    |trunc_ln708_76_reg_271068     |  35|   0|   35|          0|
    |trunc_ln708_772_reg_270778    |  34|   0|   34|          0|
    |trunc_ln708_774_reg_270788    |  33|   0|   33|          0|
    |trunc_ln708_776_reg_270793    |  34|   0|   34|          0|
    |trunc_ln708_777_reg_270798    |  34|   0|   34|          0|
    |trunc_ln708_778_reg_270808    |  34|   0|   34|          0|
    |trunc_ln708_779_reg_270813    |  31|   0|   31|          0|
    |trunc_ln708_780_reg_270818    |  30|   0|   30|          0|
    |trunc_ln708_781_reg_270823    |  34|   0|   34|          0|
    |trunc_ln708_782_reg_270828    |  34|   0|   34|          0|
    |trunc_ln708_783_reg_270833    |  34|   0|   34|          0|
    |trunc_ln708_784_reg_270838    |  33|   0|   33|          0|
    |trunc_ln708_785_reg_270843    |  30|   0|   30|          0|
    |trunc_ln708_786_reg_270848    |  34|   0|   34|          0|
    |trunc_ln708_787_reg_270853    |  32|   0|   32|          0|
    |trunc_ln708_788_reg_270858    |  33|   0|   33|          0|
    |trunc_ln708_789_reg_270863    |  34|   0|   34|          0|
    |trunc_ln708_790_reg_270868    |  34|   0|   34|          0|
    |trunc_ln708_791_reg_270873    |  34|   0|   34|          0|
    |trunc_ln708_792_reg_270878    |  31|   0|   31|          0|
    |trunc_ln708_793_reg_270883    |  34|   0|   34|          0|
    |trunc_ln708_794_reg_270888    |  32|   0|   32|          0|
    |trunc_ln708_795_reg_270893    |  34|   0|   34|          0|
    |trunc_ln708_796_reg_270903    |  34|   0|   34|          0|
    |trunc_ln708_799_reg_270908    |  33|   0|   33|          0|
    |trunc_ln708_800_reg_270913    |  34|   0|   34|          0|
    |trunc_ln708_802_reg_270918    |  34|   0|   34|          0|
    |trunc_ln708_806_reg_270923    |  34|   0|   34|          0|
    |trunc_ln708_811_reg_270928    |  33|   0|   33|          0|
    |trunc_ln708_812_reg_270933    |  34|   0|   34|          0|
    |trunc_ln708_814_reg_270943    |  34|   0|   34|          0|
    |trunc_ln708_815_reg_270948    |  31|   0|   31|          0|
    |trunc_ln708_816_reg_270953    |  34|   0|   34|          0|
    |trunc_ln708_817_reg_270958    |  34|   0|   34|          0|
    |trunc_ln708_818_reg_270963    |  33|   0|   33|          0|
    |trunc_ln708_819_reg_270968    |  34|   0|   34|          0|
    |trunc_ln708_820_reg_270973    |  33|   0|   33|          0|
    |trunc_ln708_821_reg_270978    |  33|   0|   33|          0|
    |trunc_ln708_822_reg_270983    |  31|   0|   31|          0|
    |trunc_ln708_824_reg_270988    |  34|   0|   34|          0|
    |trunc_ln708_825_reg_270993    |  32|   0|   32|          0|
    |trunc_ln708_827_reg_270998    |  33|   0|   33|          0|
    |trunc_ln708_829_reg_271003    |  34|   0|   34|          0|
    |trunc_ln708_830_reg_271008    |  34|   0|   34|          0|
    |trunc_ln708_831_reg_271013    |  34|   0|   34|          0|
    |trunc_ln708_832_reg_271018    |  34|   0|   34|          0|
    |trunc_ln708_833_reg_271023    |  34|   0|   34|          0|
    |trunc_ln708_834_reg_271028    |  34|   0|   34|          0|
    |trunc_ln708_835_reg_271033    |  33|   0|   33|          0|
    |trunc_ln708_836_reg_271038    |  31|   0|   31|          0|
    |trunc_ln708_837_reg_271043    |  34|   0|   34|          0|
    |trunc_ln708_838_reg_271053    |  31|   0|   31|          0|
    |trunc_ln708_839_reg_271058    |  33|   0|   33|          0|
    |trunc_ln708_840_reg_271063    |  32|   0|   32|          0|
    |trunc_ln708_841_reg_271073    |  34|   0|   34|          0|
    |trunc_ln708_842_reg_271078    |  34|   0|   34|          0|
    |trunc_ln708_845_reg_271093    |  34|   0|   34|          0|
    |trunc_ln708_94_reg_271118     |  35|   0|   35|          0|
    +------------------------------+----+----+-----+-----------+
    |Total                         |7957|   0| 7957|          0|
    +------------------------------+----+----+-----+-----------+



================================================================
== Interface
================================================================
* Summary: 
+---------------+-----+-----+------------+-------------------------------------------------+--------------+
|   RTL Ports   | Dir | Bits|  Protocol  |                  Source Object                  |    C Type    |
+---------------+-----+-----+------------+-------------------------------------------------+--------------+
|ap_clk         |  in |    1| ap_ctrl_hs | dense_latency.0.0.0.0.0.0.0.0.0.0.0.0.0.0.0.0.0 | return value |
|ap_rst         |  in |    1| ap_ctrl_hs | dense_latency.0.0.0.0.0.0.0.0.0.0.0.0.0.0.0.0.0 | return value |
|ap_return_0    | out |   35| ap_ctrl_hs | dense_latency.0.0.0.0.0.0.0.0.0.0.0.0.0.0.0.0.0 | return value |
|ap_return_1    | out |   35| ap_ctrl_hs | dense_latency.0.0.0.0.0.0.0.0.0.0.0.0.0.0.0.0.0 | return value |
|ap_return_2    | out |   35| ap_ctrl_hs | dense_latency.0.0.0.0.0.0.0.0.0.0.0.0.0.0.0.0.0 | return value |
|ap_return_3    | out |   35| ap_ctrl_hs | dense_latency.0.0.0.0.0.0.0.0.0.0.0.0.0.0.0.0.0 | return value |
|ap_return_4    | out |   35| ap_ctrl_hs | dense_latency.0.0.0.0.0.0.0.0.0.0.0.0.0.0.0.0.0 | return value |
|ap_return_5    | out |   35| ap_ctrl_hs | dense_latency.0.0.0.0.0.0.0.0.0.0.0.0.0.0.0.0.0 | return value |
|ap_return_6    | out |   35| ap_ctrl_hs | dense_latency.0.0.0.0.0.0.0.0.0.0.0.0.0.0.0.0.0 | return value |
|ap_return_7    | out |   35| ap_ctrl_hs | dense_latency.0.0.0.0.0.0.0.0.0.0.0.0.0.0.0.0.0 | return value |
|ap_return_8    | out |   35| ap_ctrl_hs | dense_latency.0.0.0.0.0.0.0.0.0.0.0.0.0.0.0.0.0 | return value |
|ap_return_9    | out |   35| ap_ctrl_hs | dense_latency.0.0.0.0.0.0.0.0.0.0.0.0.0.0.0.0.0 | return value |
|ap_return_10   | out |   35| ap_ctrl_hs | dense_latency.0.0.0.0.0.0.0.0.0.0.0.0.0.0.0.0.0 | return value |
|ap_return_11   | out |   35| ap_ctrl_hs | dense_latency.0.0.0.0.0.0.0.0.0.0.0.0.0.0.0.0.0 | return value |
|ap_return_12   | out |   35| ap_ctrl_hs | dense_latency.0.0.0.0.0.0.0.0.0.0.0.0.0.0.0.0.0 | return value |
|ap_return_13   | out |   35| ap_ctrl_hs | dense_latency.0.0.0.0.0.0.0.0.0.0.0.0.0.0.0.0.0 | return value |
|ap_return_14   | out |   35| ap_ctrl_hs | dense_latency.0.0.0.0.0.0.0.0.0.0.0.0.0.0.0.0.0 | return value |
|ap_return_15   | out |   35| ap_ctrl_hs | dense_latency.0.0.0.0.0.0.0.0.0.0.0.0.0.0.0.0.0 | return value |
|ap_return_16   | out |   35| ap_ctrl_hs | dense_latency.0.0.0.0.0.0.0.0.0.0.0.0.0.0.0.0.0 | return value |
|ap_return_17   | out |   35| ap_ctrl_hs | dense_latency.0.0.0.0.0.0.0.0.0.0.0.0.0.0.0.0.0 | return value |
|ap_return_18   | out |   35| ap_ctrl_hs | dense_latency.0.0.0.0.0.0.0.0.0.0.0.0.0.0.0.0.0 | return value |
|ap_return_19   | out |   35| ap_ctrl_hs | dense_latency.0.0.0.0.0.0.0.0.0.0.0.0.0.0.0.0.0 | return value |
|ap_return_20   | out |   35| ap_ctrl_hs | dense_latency.0.0.0.0.0.0.0.0.0.0.0.0.0.0.0.0.0 | return value |
|ap_return_21   | out |   35| ap_ctrl_hs | dense_latency.0.0.0.0.0.0.0.0.0.0.0.0.0.0.0.0.0 | return value |
|ap_return_22   | out |   35| ap_ctrl_hs | dense_latency.0.0.0.0.0.0.0.0.0.0.0.0.0.0.0.0.0 | return value |
|ap_return_23   | out |   35| ap_ctrl_hs | dense_latency.0.0.0.0.0.0.0.0.0.0.0.0.0.0.0.0.0 | return value |
|ap_return_24   | out |   35| ap_ctrl_hs | dense_latency.0.0.0.0.0.0.0.0.0.0.0.0.0.0.0.0.0 | return value |
|ap_return_25   | out |   35| ap_ctrl_hs | dense_latency.0.0.0.0.0.0.0.0.0.0.0.0.0.0.0.0.0 | return value |
|ap_return_26   | out |   35| ap_ctrl_hs | dense_latency.0.0.0.0.0.0.0.0.0.0.0.0.0.0.0.0.0 | return value |
|ap_return_27   | out |   35| ap_ctrl_hs | dense_latency.0.0.0.0.0.0.0.0.0.0.0.0.0.0.0.0.0 | return value |
|ap_return_28   | out |   35| ap_ctrl_hs | dense_latency.0.0.0.0.0.0.0.0.0.0.0.0.0.0.0.0.0 | return value |
|ap_return_29   | out |   35| ap_ctrl_hs | dense_latency.0.0.0.0.0.0.0.0.0.0.0.0.0.0.0.0.0 | return value |
|ap_return_30   | out |   35| ap_ctrl_hs | dense_latency.0.0.0.0.0.0.0.0.0.0.0.0.0.0.0.0.0 | return value |
|ap_return_31   | out |   35| ap_ctrl_hs | dense_latency.0.0.0.0.0.0.0.0.0.0.0.0.0.0.0.0.0 | return value |
|ap_ce          |  in |    1| ap_ctrl_hs | dense_latency.0.0.0.0.0.0.0.0.0.0.0.0.0.0.0.0.0 | return value |
|p_read         |  in |   35|   ap_none  |                      p_read                     |    scalar    |
|p_read1        |  in |   35|   ap_none  |                     p_read1                     |    scalar    |
|p_read2        |  in |   35|   ap_none  |                     p_read2                     |    scalar    |
|p_read3        |  in |   35|   ap_none  |                     p_read3                     |    scalar    |
|p_read4        |  in |   35|   ap_none  |                     p_read4                     |    scalar    |
|p_read5        |  in |   35|   ap_none  |                     p_read5                     |    scalar    |
|p_read6        |  in |   35|   ap_none  |                     p_read6                     |    scalar    |
|p_read7        |  in |   35|   ap_none  |                     p_read7                     |    scalar    |
|p_read8        |  in |   35|   ap_none  |                     p_read8                     |    scalar    |
|p_read9        |  in |   35|   ap_none  |                     p_read9                     |    scalar    |
|p_read10       |  in |   35|   ap_none  |                     p_read10                    |    scalar    |
|p_read11       |  in |   35|   ap_none  |                     p_read11                    |    scalar    |
|p_read12       |  in |   35|   ap_none  |                     p_read12                    |    scalar    |
|p_read13       |  in |   35|   ap_none  |                     p_read13                    |    scalar    |
|p_read14       |  in |   35|   ap_none  |                     p_read14                    |    scalar    |
|p_read15       |  in |   35|   ap_none  |                     p_read15                    |    scalar    |
|p_read16       |  in |   35|   ap_none  |                     p_read16                    |    scalar    |
|p_read17       |  in |   35|   ap_none  |                     p_read17                    |    scalar    |
|p_read18       |  in |   35|   ap_none  |                     p_read18                    |    scalar    |
|p_read19       |  in |   35|   ap_none  |                     p_read19                    |    scalar    |
|p_read20       |  in |   35|   ap_none  |                     p_read20                    |    scalar    |
|p_read21       |  in |   35|   ap_none  |                     p_read21                    |    scalar    |
|p_read22       |  in |   35|   ap_none  |                     p_read22                    |    scalar    |
|p_read23       |  in |   35|   ap_none  |                     p_read23                    |    scalar    |
|p_read24       |  in |   35|   ap_none  |                     p_read24                    |    scalar    |
|p_read25       |  in |   35|   ap_none  |                     p_read25                    |    scalar    |
|p_read26       |  in |   35|   ap_none  |                     p_read26                    |    scalar    |
|p_read27       |  in |   35|   ap_none  |                     p_read27                    |    scalar    |
|p_read28       |  in |   35|   ap_none  |                     p_read28                    |    scalar    |
|p_read29       |  in |   35|   ap_none  |                     p_read29                    |    scalar    |
|p_read30       |  in |   35|   ap_none  |                     p_read30                    |    scalar    |
|p_read31       |  in |   35|   ap_none  |                     p_read31                    |    scalar    |
|data_V_offset  |  in |    1|   ap_none  |                  data_V_offset                  |    scalar    |
|p_read32       |  in |   35|   ap_none  |                     p_read32                    |    scalar    |
|p_read33       |  in |   35|   ap_none  |                     p_read33                    |    scalar    |
|p_read34       |  in |   35|   ap_none  |                     p_read34                    |    scalar    |
|p_read35       |  in |   35|   ap_none  |                     p_read35                    |    scalar    |
|p_read36       |  in |   35|   ap_none  |                     p_read36                    |    scalar    |
|p_read37       |  in |   35|   ap_none  |                     p_read37                    |    scalar    |
|p_read38       |  in |   35|   ap_none  |                     p_read38                    |    scalar    |
|p_read39       |  in |   35|   ap_none  |                     p_read39                    |    scalar    |
|p_read40       |  in |   35|   ap_none  |                     p_read40                    |    scalar    |
|p_read41       |  in |   35|   ap_none  |                     p_read41                    |    scalar    |
|p_read42       |  in |   35|   ap_none  |                     p_read42                    |    scalar    |
|p_read43       |  in |   35|   ap_none  |                     p_read43                    |    scalar    |
|p_read44       |  in |   35|   ap_none  |                     p_read44                    |    scalar    |
|p_read45       |  in |   35|   ap_none  |                     p_read45                    |    scalar    |
|p_read46       |  in |   35|   ap_none  |                     p_read46                    |    scalar    |
|p_read47       |  in |   35|   ap_none  |                     p_read47                    |    scalar    |
|p_read48       |  in |   35|   ap_none  |                     p_read48                    |    scalar    |
|p_read49       |  in |   35|   ap_none  |                     p_read49                    |    scalar    |
|p_read50       |  in |   35|   ap_none  |                     p_read50                    |    scalar    |
|p_read51       |  in |   35|   ap_none  |                     p_read51                    |    scalar    |
|p_read52       |  in |   35|   ap_none  |                     p_read52                    |    scalar    |
|p_read53       |  in |   35|   ap_none  |                     p_read53                    |    scalar    |
|p_read54       |  in |   35|   ap_none  |                     p_read54                    |    scalar    |
|p_read55       |  in |   35|   ap_none  |                     p_read55                    |    scalar    |
|p_read56       |  in |   35|   ap_none  |                     p_read56                    |    scalar    |
|p_read57       |  in |   35|   ap_none  |                     p_read57                    |    scalar    |
|p_read58       |  in |   35|   ap_none  |                     p_read58                    |    scalar    |
|p_read59       |  in |   35|   ap_none  |                     p_read59                    |    scalar    |
|p_read60       |  in |   35|   ap_none  |                     p_read60                    |    scalar    |
|p_read61       |  in |   35|   ap_none  |                     p_read61                    |    scalar    |
|p_read62       |  in |   35|   ap_none  |                     p_read62                    |    scalar    |
|p_read63       |  in |   35|   ap_none  |                     p_read63                    |    scalar    |
|res_V_offset   |  in |    1|   ap_none  |                   res_V_offset                  |    scalar    |
+---------------+-----+-----+------------+-------------------------------------------------+--------------+

