

================================================================
== Vivado HLS Report for 'dense_latency_ap_fixed_ap_fixed_mlp_config_0_0_0_0_0_0'
================================================================
* Date:           Fri May  6 04:16:59 2022

* Version:        2019.2 (Build 2704478 on Wed Nov 06 22:10:23 MST 2019)
* Project:        myproject_prj
* Solution:       solution1
* Product family: virtexuplus
* Target device:  xcu250-figd2104-2L-e


================================================================
== Performance Estimates
================================================================
+ Timing: 
    * Summary: 
    +--------+---------+----------+------------+
    |  Clock |  Target | Estimated| Uncertainty|
    +--------+---------+----------+------------+
    |ap_clk  | 5.00 ns | 3.833 ns |   0.62 ns  |
    +--------+---------+----------+------------+

+ Latency: 
    * Summary: 
    +---------+---------+----------+----------+-----+-----+----------+
    |  Latency (cycles) |  Latency (absolute) |  Interval | Pipeline |
    |   min   |   max   |    min   |    max   | min | max |   Type   |
    +---------+---------+----------+----------+-----+-----+----------+
    |        1|        1| 5.000 ns | 5.000 ns |    1|    1| function |
    +---------+---------+----------+----------+-----+-----+----------+

    + Detail: 
        * Instance: 
        N/A

        * Loop: 
        N/A



================================================================
== Utilization Estimates
================================================================
* Summary: 
+---------------------+---------+-------+---------+---------+------+
|         Name        | BRAM_18K| DSP48E|    FF   |   LUT   | URAM |
+---------------------+---------+-------+---------+---------+------+
|DSP                  |        -|      -|        -|        -|     -|
|Expression           |        -|    160|        0|     3659|     -|
|FIFO                 |        -|      -|        -|        -|     -|
|Instance             |        -|      -|        -|        -|     -|
|Memory               |        -|      -|        -|        -|     -|
|Multiplexer          |        -|      -|        -|       45|     -|
|Register             |        -|      -|     2026|        -|     -|
+---------------------+---------+-------+---------+---------+------+
|Total                |        0|    160|     2026|     3704|     0|
+---------------------+---------+-------+---------+---------+------+
|Available SLR        |     1344|   3072|   864000|   432000|   320|
+---------------------+---------+-------+---------+---------+------+
|Utilization SLR (%)  |        0|      5|    ~0   |    ~0   |     0|
+---------------------+---------+-------+---------+---------+------+
|Available            |     5376|  12288|  3456000|  1728000|  1280|
+---------------------+---------+-------+---------+---------+------+
|Utilization (%)      |        0|      1|    ~0   |    ~0   |     0|
+---------------------+---------+-------+---------+---------+------+

+ Detail: 
    * Instance: 
    N/A

    * DSP48E: 
    N/A

    * Memory: 
    N/A

    * FIFO: 
    N/A

    * Expression: 
    +----------------------------+----------+-------+---+----+------------+------------+
    |        Variable Name       | Operation| DSP48E| FF| LUT| Bitwidth P0| Bitwidth P1|
    +----------------------------+----------+-------+---+----+------------+------------+
    |mul_ln1118_1086_fu_391_p2   |     *    |      2|  0|  23|          35|          16|
    |mul_ln1118_1087_fu_407_p2   |     *    |      2|  0|  23|          35|          19|
    |mul_ln1118_1088_fu_393_p2   |     *    |      2|  0|  23|          35|          18|
    |mul_ln1118_1089_fu_394_p2   |     *    |      2|  0|  23|          35|          19|
    |mul_ln1118_1090_fu_414_p2   |     *    |      2|  0|  23|          35|          19|
    |mul_ln1118_1091_fu_421_p2   |     *    |      2|  0|  23|          35|          19|
    |mul_ln1118_1092_fu_397_p2   |     *    |      2|  0|  23|          35|          16|
    |mul_ln1118_1093_fu_364_p2   |     *    |      2|  0|  23|          35|          19|
    |mul_ln1118_1094_fu_372_p2   |     *    |      2|  0|  23|          35|          20|
    |mul_ln1118_1095_fu_365_p2   |     *    |      2|  0|  23|          35|          17|
    |mul_ln1118_1096_fu_347_p2   |     *    |      2|  0|  23|          35|          20|
    |mul_ln1118_1097_fu_348_p2   |     *    |      2|  0|  23|          35|          17|
    |mul_ln1118_1098_fu_404_p2   |     *    |      2|  0|  23|          35|          17|
    |mul_ln1118_1099_fu_350_p2   |     *    |      2|  0|  23|          35|          18|
    |mul_ln1118_1100_fu_378_p2   |     *    |      2|  0|  23|          35|          18|
    |mul_ln1118_1101_fu_371_p2   |     *    |      2|  0|  23|          35|          19|
    |mul_ln1118_1102_fu_380_p2   |     *    |      2|  0|  23|          35|          18|
    |mul_ln1118_1103_fu_408_p2   |     *    |      2|  0|  23|          35|          18|
    |mul_ln1118_1104_fu_387_p2   |     *    |      2|  0|  23|          35|          18|
    |mul_ln1118_1105_fu_383_p2   |     *    |      2|  0|  23|          35|          19|
    |mul_ln1118_1106_fu_357_p2   |     *    |      2|  0|  23|          35|          17|
    |mul_ln1118_1107_fu_358_p2   |     *    |      2|  0|  23|          35|          18|
    |mul_ln1118_1108_fu_362_p2   |     *    |      2|  0|  23|          35|          16|
    |mul_ln1118_1109_fu_379_p2   |     *    |      2|  0|  23|          35|          19|
    |mul_ln1118_1110_fu_373_p2   |     *    |      2|  0|  23|          35|          16|
    |mul_ln1118_1111_fu_346_p2   |     *    |      2|  0|  23|          35|          19|
    |mul_ln1118_1112_fu_382_p2   |     *    |      2|  0|  23|          35|          16|
    |mul_ln1118_1113_fu_410_p2   |     *    |      2|  0|  23|          35|          20|
    |mul_ln1118_1114_fu_411_p2   |     *    |      2|  0|  23|          35|          18|
    |mul_ln1118_1115_fu_384_p2   |     *    |      2|  0|  23|          35|          18|
    |mul_ln1118_1116_fu_386_p2   |     *    |      2|  0|  23|          35|          18|
    |mul_ln1118_1117_fu_360_p2   |     *    |      2|  0|  23|          35|          20|
    |mul_ln1118_1118_fu_361_p2   |     *    |      2|  0|  23|          35|          16|
    |mul_ln1118_1119_fu_395_p2   |     *    |      2|  0|  23|          35|          18|
    |mul_ln1118_1120_fu_363_p2   |     *    |      2|  0|  23|          35|          19|
    |mul_ln1118_1121_fu_396_p2   |     *    |      2|  0|  23|          35|          17|
    |mul_ln1118_1122_fu_392_p2   |     *    |      2|  0|  23|          35|          16|
    |mul_ln1118_1123_fu_385_p2   |     *    |      2|  0|  23|          35|          17|
    |mul_ln1118_1124_fu_367_p2   |     *    |      2|  0|  23|          35|          19|
    |mul_ln1118_1125_fu_368_p2   |     *    |      2|  0|  23|          35|          17|
    |mul_ln1118_1126_fu_413_p2   |     *    |      2|  0|  23|          35|          17|
    |mul_ln1118_1127_fu_370_p2   |     *    |      2|  0|  23|          35|          20|
    |mul_ln1118_1128_fu_344_p2   |     *    |      2|  0|  23|          35|          19|
    |mul_ln1118_1129_fu_345_p2   |     *    |      2|  0|  23|          35|          19|
    |mul_ln1118_1130_fu_400_p2   |     *    |      2|  0|  23|          35|          18|
    |mul_ln1118_1131_fu_415_p2   |     *    |      2|  0|  23|          35|          18|
    |mul_ln1118_1132_fu_390_p2   |     *    |      2|  0|  23|          35|          20|
    |mul_ln1118_1133_fu_349_p2   |     *    |      2|  0|  23|          35|          18|
    |mul_ln1118_1134_fu_377_p2   |     *    |      2|  0|  23|          35|          20|
    |mul_ln1118_1135_fu_405_p2   |     *    |      2|  0|  23|          35|          20|
    |mul_ln1118_1136_fu_406_p2   |     *    |      2|  0|  23|          35|          16|
    |mul_ln1118_1137_fu_375_p2   |     *    |      2|  0|  23|          35|          16|
    |mul_ln1118_1138_fu_419_p2   |     *    |      2|  0|  23|          35|          19|
    |mul_ln1118_1139_fu_409_p2   |     *    |      2|  0|  23|          35|          20|
    |mul_ln1118_1140_fu_423_p2   |     *    |      2|  0|  23|          35|          18|
    |mul_ln1118_1141_fu_376_p2   |     *    |      2|  0|  23|          35|          20|
    |mul_ln1118_1142_fu_412_p2   |     *    |      2|  0|  23|          35|          16|
    |mul_ln1118_1143_fu_416_p2   |     *    |      2|  0|  23|          35|          18|
    |mul_ln1118_1144_fu_374_p2   |     *    |      2|  0|  23|          35|          19|
    |mul_ln1118_1145_fu_402_p2   |     *    |      2|  0|  23|          35|          19|
    |mul_ln1118_1146_fu_389_p2   |     *    |      2|  0|  23|          35|          15|
    |mul_ln1118_1147_fu_417_p2   |     *    |      2|  0|  23|          35|          17|
    |mul_ln1118_1148_fu_356_p2   |     *    |      2|  0|  23|          35|          20|
    |mul_ln1118_1149_fu_420_p2   |     *    |      2|  0|  23|          35|          19|
    |mul_ln1118_1150_fu_366_p2   |     *    |      2|  0|  23|          35|          19|
    |mul_ln1118_1151_fu_359_p2   |     *    |      2|  0|  23|          35|          16|
    |mul_ln1118_1152_fu_422_p2   |     *    |      2|  0|  23|          35|          17|
    |mul_ln1118_1153_fu_388_p2   |     *    |      2|  0|  23|          35|          20|
    |mul_ln1118_1154_fu_381_p2   |     *    |      2|  0|  23|          35|          18|
    |mul_ln1118_1155_fu_398_p2   |     *    |      2|  0|  23|          35|          18|
    |mul_ln1118_1156_fu_399_p2   |     *    |      2|  0|  23|          35|          18|
    |mul_ln1118_1157_fu_354_p2   |     *    |      2|  0|  23|          35|          19|
    |mul_ln1118_1158_fu_401_p2   |     *    |      2|  0|  23|          35|          19|
    |mul_ln1118_1159_fu_418_p2   |     *    |      2|  0|  23|          35|          20|
    |mul_ln1118_1160_fu_403_p2   |     *    |      2|  0|  23|          35|          19|
    |mul_ln1118_1161_fu_369_p2   |     *    |      2|  0|  23|          35|          18|
    |mul_ln1118_1162_fu_351_p2   |     *    |      2|  0|  23|          35|          18|
    |mul_ln1118_1163_fu_352_p2   |     *    |      2|  0|  23|          35|          18|
    |mul_ln1118_1164_fu_353_p2   |     *    |      2|  0|  23|          35|          20|
    |mul_ln1118_fu_355_p2        |     *    |      2|  0|  23|          35|          20|
    |acc_1_V_fu_28275_p2         |     +    |      0|  0|  16|          35|          35|
    |acc_2_V_fu_28356_p2         |     +    |      0|  0|  16|          35|          35|
    |acc_3_V_fu_28443_p2         |     +    |      0|  0|  16|          35|          35|
    |acc_4_V_fu_28512_p2         |     +    |      0|  0|  16|          35|          35|
    |add_ln703_1040_fu_27885_p2  |     +    |      0|  0|  34|          34|          34|
    |add_ln703_1041_fu_28137_p2  |     +    |      0|  0|  16|          35|          35|
    |add_ln703_1042_fu_27891_p2  |     +    |      0|  0|  34|          34|          34|
    |add_ln703_1043_fu_27897_p2  |     +    |      0|  0|  34|          34|          34|
    |add_ln703_1044_fu_28149_p2  |     +    |      0|  0|  16|          35|          35|
    |add_ln703_1045_fu_28155_p2  |     +    |      0|  0|  16|          35|          35|
    |add_ln703_1046_fu_27903_p2  |     +    |      0|  0|  34|          34|          34|
    |add_ln703_1047_fu_28164_p2  |     +    |      0|  0|  16|          35|          35|
    |add_ln703_1048_fu_28170_p2  |     +    |      0|  0|  16|          35|          35|
    |add_ln703_1049_fu_27909_p2  |     +    |      0|  0|  34|          34|          34|
    |add_ln703_1050_fu_28179_p2  |     +    |      0|  0|  35|          35|          18|
    |add_ln703_1051_fu_28185_p2  |     +    |      0|  0|  16|          35|          35|
    |add_ln703_1052_fu_28191_p2  |     +    |      0|  0|  16|          35|          35|
    |add_ln703_1053_fu_28197_p2  |     +    |      0|  0|  16|          35|          35|
    |add_ln703_1054_fu_28203_p2  |     +    |      0|  0|  16|          35|          35|
    |add_ln703_1055_fu_27915_p2  |     +    |      0|  0|  34|          34|          34|
    |add_ln703_1056_fu_28212_p2  |     +    |      0|  0|  16|          35|          35|
    |add_ln703_1057_fu_28218_p2  |     +    |      0|  0|  16|          35|          35|
    |add_ln703_1058_fu_27921_p2  |     +    |      0|  0|  34|          34|          34|
    |add_ln703_1059_fu_27927_p2  |     +    |      0|  0|  34|          34|          34|
    |add_ln703_1060_fu_28230_p2  |     +    |      0|  0|  16|          35|          35|
    |add_ln703_1061_fu_28236_p2  |     +    |      0|  0|  16|          35|          35|
    |add_ln703_1062_fu_27933_p2  |     +    |      0|  0|  34|          34|          34|
    |add_ln703_1063_fu_28245_p2  |     +    |      0|  0|  16|          35|          35|
    |add_ln703_1064_fu_28251_p2  |     +    |      0|  0|  16|          35|          35|
    |add_ln703_1065_fu_27939_p2  |     +    |      0|  0|  32|          32|          32|
    |add_ln703_1066_fu_27945_p2  |     +    |      0|  0|  16|          34|          18|
    |add_ln703_1067_fu_27951_p2  |     +    |      0|  0|  16|          34|          34|
    |add_ln703_1068_fu_28263_p2  |     +    |      0|  0|  35|          35|          35|
    |add_ln703_1069_fu_28269_p2  |     +    |      0|  0|  16|          35|          35|
    |add_ln703_1071_fu_28281_p2  |     +    |      0|  0|  16|          35|          35|
    |add_ln703_1072_fu_27957_p2  |     +    |      0|  0|  33|          33|          33|
    |add_ln703_1073_fu_28290_p2  |     +    |      0|  0|  16|          35|          35|
    |add_ln703_1074_fu_27963_p2  |     +    |      0|  0|  34|          34|          34|
    |add_ln703_1075_fu_27969_p2  |     +    |      0|  0|  35|          35|          35|
    |add_ln703_1076_fu_28299_p2  |     +    |      0|  0|  16|          35|          35|
    |add_ln703_1077_fu_28304_p2  |     +    |      0|  0|  16|          35|          35|
    |add_ln703_1078_fu_28310_p2  |     +    |      0|  0|  16|          35|          35|
    |add_ln703_1079_fu_27975_p2  |     +    |      0|  0|  32|          32|          32|
    |add_ln703_1080_fu_28319_p2  |     +    |      0|  0|  16|          35|          35|
    |add_ln703_1081_fu_27981_p2  |     +    |      0|  0|  33|          33|          33|
    |add_ln703_1082_fu_28328_p2  |     +    |      0|  0|  34|          34|          19|
    |add_ln703_1083_fu_28338_p2  |     +    |      0|  0|  16|          35|          35|
    |add_ln703_1084_fu_28344_p2  |     +    |      0|  0|  16|          35|          35|
    |add_ln703_1085_fu_28350_p2  |     +    |      0|  0|  16|          35|          35|
    |add_ln703_1087_fu_28362_p2  |     +    |      0|  0|  16|          35|          35|
    |add_ln703_1088_fu_27987_p2  |     +    |      0|  0|  33|          33|          33|
    |add_ln703_1089_fu_28371_p2  |     +    |      0|  0|  16|          35|          35|
    |add_ln703_1090_fu_27993_p2  |     +    |      0|  0|  35|          35|          35|
    |add_ln703_1091_fu_27999_p2  |     +    |      0|  0|  33|          33|          33|
    |add_ln703_1092_fu_28380_p2  |     +    |      0|  0|  16|          35|          35|
    |add_ln703_1093_fu_28385_p2  |     +    |      0|  0|  16|          35|          35|
    |add_ln703_1094_fu_28005_p2  |     +    |      0|  0|  34|          34|          34|
    |add_ln703_1095_fu_28394_p2  |     +    |      0|  0|  16|          35|          35|
    |add_ln703_1096_fu_28400_p2  |     +    |      0|  0|  16|          35|          35|
    |add_ln703_1097_fu_28406_p2  |     +    |      0|  0|  16|          35|          35|
    |add_ln703_1098_fu_28411_p2  |     +    |      0|  0|  33|          33|          17|
    |add_ln703_1099_fu_28421_p2  |     +    |      0|  0|  34|          34|          34|
    |add_ln703_1100_fu_28431_p2  |     +    |      0|  0|  16|          35|          35|
    |add_ln703_1101_fu_28437_p2  |     +    |      0|  0|  16|          35|          35|
    |add_ln703_1103_fu_28449_p2  |     +    |      0|  0|  16|          35|          35|
    |add_ln703_1104_fu_28011_p2  |     +    |      0|  0|  34|          34|          34|
    |add_ln703_1105_fu_28458_p2  |     +    |      0|  0|  16|          35|          35|
    |add_ln703_1106_fu_28017_p2  |     +    |      0|  0|  34|          34|          34|
    |add_ln703_1107_fu_28023_p2  |     +    |      0|  0|  35|          35|          35|
    |add_ln703_1108_fu_28467_p2  |     +    |      0|  0|  16|          35|          35|
    |add_ln703_1109_fu_28472_p2  |     +    |      0|  0|  16|          35|          35|
    |add_ln703_1110_fu_28029_p2  |     +    |      0|  0|  35|          35|          35|
    |add_ln703_1111_fu_28478_p2  |     +    |      0|  0|  16|          35|          35|
    |add_ln703_1112_fu_28484_p2  |     +    |      0|  0|  16|          35|          35|
    |add_ln703_1113_fu_28035_p2  |     +    |      0|  0|  35|          35|          35|
    |add_ln703_1114_fu_28489_p2  |     +    |      0|  0|  35|          35|          16|
    |add_ln703_1115_fu_28495_p2  |     +    |      0|  0|  16|          35|          35|
    |add_ln703_1116_fu_28501_p2  |     +    |      0|  0|  16|          35|          35|
    |add_ln703_1117_fu_28506_p2  |     +    |      0|  0|  16|          35|          35|
    |add_ln703_fu_28128_p2       |     +    |      0|  0|  16|          35|          35|
    +----------------------------+----------+-------+---+----+------------+------------+
    |Total                       |          |    160|  0|3659|        5567|        4140|
    +----------------------------+----------+-------+---+----+------------+------------+

    * Multiplexer: 
    +-------------+----+-----------+-----+-----------+
    |     Name    | LUT| Input Size| Bits| Total Bits|
    +-------------+----+-----------+-----+-----------+
    |ap_return_0  |   9|          2|   35|         70|
    |ap_return_1  |   9|          2|   35|         70|
    |ap_return_2  |   9|          2|   35|         70|
    |ap_return_3  |   9|          2|   35|         70|
    |ap_return_4  |   9|          2|   35|         70|
    +-------------+----+-----------+-----+-----------+
    |Total        |  45|         10|  175|        350|
    +-------------+----+-----------+-----+-----------+

    * Register: 
    +---------------------------+----+----+-----+-----------+
    |            Name           | FF | LUT| Bits| Const Bits|
    +---------------------------+----+----+-----+-----------+
    |add_ln703_1040_reg_28698   |  34|   0|   34|          0|
    |add_ln703_1042_reg_28703   |  34|   0|   34|          0|
    |add_ln703_1043_reg_28708   |  34|   0|   34|          0|
    |add_ln703_1046_reg_28713   |  34|   0|   34|          0|
    |add_ln703_1049_reg_28718   |  34|   0|   34|          0|
    |add_ln703_1055_reg_28723   |  34|   0|   34|          0|
    |add_ln703_1058_reg_28728   |  34|   0|   34|          0|
    |add_ln703_1059_reg_28733   |  34|   0|   34|          0|
    |add_ln703_1062_reg_28738   |  34|   0|   34|          0|
    |add_ln703_1065_reg_28743   |  32|   0|   32|          0|
    |add_ln703_1067_reg_28748   |  34|   0|   34|          0|
    |add_ln703_1072_reg_28753   |  33|   0|   33|          0|
    |add_ln703_1074_reg_28758   |  34|   0|   34|          0|
    |add_ln703_1075_reg_28763   |  35|   0|   35|          0|
    |add_ln703_1079_reg_28768   |  32|   0|   32|          0|
    |add_ln703_1081_reg_28773   |  33|   0|   33|          0|
    |add_ln703_1088_reg_28778   |  33|   0|   33|          0|
    |add_ln703_1090_reg_28783   |  35|   0|   35|          0|
    |add_ln703_1091_reg_28788   |  33|   0|   33|          0|
    |add_ln703_1094_reg_28793   |  34|   0|   34|          0|
    |add_ln703_1104_reg_28798   |  34|   0|   34|          0|
    |add_ln703_1106_reg_28803   |  34|   0|   34|          0|
    |add_ln703_1107_reg_28808   |  35|   0|   35|          0|
    |add_ln703_1110_reg_28813   |  35|   0|   35|          0|
    |add_ln703_1113_reg_28818   |  35|   0|   35|          0|
    |ap_ce_reg                  |   1|   0|    1|          0|
    |ap_return_0_int_reg        |  35|   0|   35|          0|
    |ap_return_1_int_reg        |  35|   0|   35|          0|
    |ap_return_2_int_reg        |  35|   0|   35|          0|
    |ap_return_3_int_reg        |  35|   0|   35|          0|
    |ap_return_4_int_reg        |  35|   0|   35|          0|
    |tmp_924_reg_28668          |  33|   0|   33|          0|
    |tmp_926_reg_28683          |  33|   0|   33|          0|
    |tmp_927_reg_28688          |  32|   0|   32|          0|
    |trunc_ln708_222_reg_28648  |  35|   0|   35|          0|
    |trunc_ln708_587_reg_28558  |  32|   0|   32|          0|
    |trunc_ln708_588_reg_28563  |  33|   0|   33|          0|
    |trunc_ln708_589_reg_28568  |  33|   0|   33|          0|
    |trunc_ln708_590_reg_28573  |  31|   0|   31|          0|
    |trunc_ln708_591_reg_28578  |  34|   0|   34|          0|
    |trunc_ln708_592_reg_28583  |  34|   0|   34|          0|
    |trunc_ln708_593_reg_28588  |  34|   0|   34|          0|
    |trunc_ln708_594_reg_28593  |  34|   0|   34|          0|
    |trunc_ln708_601_reg_28598  |  34|   0|   34|          0|
    |trunc_ln708_603_reg_28603  |  34|   0|   34|          0|
    |trunc_ln708_605_reg_28608  |  34|   0|   34|          0|
    |trunc_ln708_606_reg_28613  |  31|   0|   31|          0|
    |trunc_ln708_607_reg_28618  |  34|   0|   34|          0|
    |trunc_ln708_608_reg_28623  |  34|   0|   34|          0|
    |trunc_ln708_609_reg_28628  |  32|   0|   32|          0|
    |trunc_ln708_610_reg_28633  |  34|   0|   34|          0|
    |trunc_ln708_611_reg_28638  |  33|   0|   33|          0|
    |trunc_ln708_612_reg_28643  |  34|   0|   34|          0|
    |trunc_ln708_614_reg_28653  |  34|   0|   34|          0|
    |trunc_ln708_616_reg_28658  |  33|   0|   33|          0|
    |trunc_ln708_617_reg_28663  |  34|   0|   34|          0|
    |trunc_ln708_618_reg_28673  |  34|   0|   34|          0|
    |trunc_ln708_619_reg_28678  |  34|   0|   34|          0|
    |trunc_ln708_620_reg_28693  |  34|   0|   34|          0|
    |trunc_ln708_s_reg_28553    |  34|   0|   34|          0|
    |trunc_ln_reg_28548         |  34|   0|   34|          0|
    +---------------------------+----+----+-----+-----------+
    |Total                      |2026|   0| 2026|          0|
    +---------------------------+----+----+-----+-----------+



================================================================
== Interface
================================================================
* Summary: 
+----------------+-----+-----+------------+---------------------------------------------------------+--------------+
|    RTL Ports   | Dir | Bits|  Protocol  |                      Source Object                      |    C Type    |
+----------------+-----+-----+------------+---------------------------------------------------------+--------------+
|ap_clk          |  in |    1| ap_ctrl_hs | dense_latency<ap_fixed,ap_fixed,mlp_config>.0.0.0.0.0.0 | return value |
|ap_rst          |  in |    1| ap_ctrl_hs | dense_latency<ap_fixed,ap_fixed,mlp_config>.0.0.0.0.0.0 | return value |
|ap_return_0     | out |   35| ap_ctrl_hs | dense_latency<ap_fixed,ap_fixed,mlp_config>.0.0.0.0.0.0 | return value |
|ap_return_1     | out |   35| ap_ctrl_hs | dense_latency<ap_fixed,ap_fixed,mlp_config>.0.0.0.0.0.0 | return value |
|ap_return_2     | out |   35| ap_ctrl_hs | dense_latency<ap_fixed,ap_fixed,mlp_config>.0.0.0.0.0.0 | return value |
|ap_return_3     | out |   35| ap_ctrl_hs | dense_latency<ap_fixed,ap_fixed,mlp_config>.0.0.0.0.0.0 | return value |
|ap_return_4     | out |   35| ap_ctrl_hs | dense_latency<ap_fixed,ap_fixed,mlp_config>.0.0.0.0.0.0 | return value |
|ap_ce           |  in |    1| ap_ctrl_hs | dense_latency<ap_fixed,ap_fixed,mlp_config>.0.0.0.0.0.0 | return value |
|data_0_V_read   |  in |   35|   ap_none  |                      data_0_V_read                      |    scalar    |
|data_1_V_read   |  in |   35|   ap_none  |                      data_1_V_read                      |    scalar    |
|data_2_V_read   |  in |   35|   ap_none  |                      data_2_V_read                      |    scalar    |
|data_3_V_read   |  in |   35|   ap_none  |                      data_3_V_read                      |    scalar    |
|data_4_V_read   |  in |   35|   ap_none  |                      data_4_V_read                      |    scalar    |
|data_5_V_read   |  in |   35|   ap_none  |                      data_5_V_read                      |    scalar    |
|data_6_V_read   |  in |   35|   ap_none  |                      data_6_V_read                      |    scalar    |
|data_7_V_read   |  in |   35|   ap_none  |                      data_7_V_read                      |    scalar    |
|data_8_V_read   |  in |   35|   ap_none  |                      data_8_V_read                      |    scalar    |
|data_9_V_read   |  in |   35|   ap_none  |                      data_9_V_read                      |    scalar    |
|data_10_V_read  |  in |   35|   ap_none  |                      data_10_V_read                     |    scalar    |
|data_11_V_read  |  in |   35|   ap_none  |                      data_11_V_read                     |    scalar    |
|data_12_V_read  |  in |   35|   ap_none  |                      data_12_V_read                     |    scalar    |
|data_13_V_read  |  in |   35|   ap_none  |                      data_13_V_read                     |    scalar    |
|data_14_V_read  |  in |   35|   ap_none  |                      data_14_V_read                     |    scalar    |
|data_15_V_read  |  in |   35|   ap_none  |                      data_15_V_read                     |    scalar    |
+----------------+-----+-----+------------+---------------------------------------------------------+--------------+

