

================================================================
== Vivado HLS Report for 'self_attention_0_1_0_1_0_1_0_1_0_1_0_1_0_1_0_1_0'
================================================================
* Date:           Fri May  6 04:53:56 2022

* Version:        2019.2 (Build 2704478 on Wed Nov 06 22:10:23 MST 2019)
* Project:        myproject_prj
* Solution:       solution1
* Product family: virtexuplus
* Target device:  xcu250-figd2104-2L-e


================================================================
== Performance Estimates
================================================================
+ Timing: 
    * Summary: 
    +--------+---------+----------+------------+
    |  Clock |  Target | Estimated| Uncertainty|
    +--------+---------+----------+------------+
    |ap_clk  | 5.00 ns | 4.233 ns |   0.62 ns  |
    +--------+---------+----------+------------+

+ Latency: 
    * Summary: 
    +---------+---------+-----------+-----------+-----+-----+----------+
    |  Latency (cycles) |   Latency (absolute)  |  Interval | Pipeline |
    |   min   |   max   |    min    |    max    | min | max |   Type   |
    +---------+---------+-----------+-----------+-----+-----+----------+
    |        8|        8| 40.000 ns | 40.000 ns |    1|    1| function |
    +---------+---------+-----------+-----------+-----+-----+----------+

    + Detail: 
        * Instance: 
        +-------------------------------------------------------------------+--------------------------------------------------------+---------+---------+-----------+-----------+-----+-----+----------+
        |                                                                   |                                                        |  Latency (cycles) |   Latency (absolute)  |  Interval | Pipeline |
        |                              Instance                             |                         Module                         |   min   |   max   |    min    |    max    | min | max |   Type   |
        +-------------------------------------------------------------------+--------------------------------------------------------+---------+---------+-----------+-----------+-----+-----+----------+
        |grp_dense_latency_no_bias_0_2_fu_294                               |dense_latency_no_bias_0_2                               |        1|        1|  5.000 ns |  5.000 ns |    1|    1| function |
        |grp_dense_latency_no_bias_0_2_fu_330                               |dense_latency_no_bias_0_2                               |        1|        1|  5.000 ns |  5.000 ns |    1|    1| function |
        |grp_dense_latency_16_1_14_1_12_1_10_1_8_1_6_1_4_1_2_1_0_fu_366     |dense_latency_16_1_14_1_12_1_10_1_8_1_6_1_4_1_2_1_0     |        1|        1|  5.000 ns |  5.000 ns |    1|    1| function |
        |grp_dense_latency_16_1_14_1_12_1_10_1_8_1_6_1_4_1_2_1_0_fu_386     |dense_latency_16_1_14_1_12_1_10_1_8_1_6_1_4_1_2_1_0     |        1|        1|  5.000 ns |  5.000 ns |    1|    1| function |
        |grp_softmax_latency_ap_fixed_ap_fixed_sa_softmax_config0_s_fu_406  |softmax_latency_ap_fixed_ap_fixed_sa_softmax_config0_s  |        2|        2| 10.000 ns | 10.000 ns |    1|    1| function |
        |grp_softmax_latency_ap_fixed_ap_fixed_sa_softmax_config0_s_fu_416  |softmax_latency_ap_fixed_ap_fixed_sa_softmax_config0_s  |        2|        2| 10.000 ns | 10.000 ns |    1|    1| function |
        |grp_softmax_latency_ap_fixed_ap_fixed_sa_softmax_config0_s_fu_426  |softmax_latency_ap_fixed_ap_fixed_sa_softmax_config0_s  |        2|        2| 10.000 ns | 10.000 ns |    1|    1| function |
        |grp_softmax_latency_ap_fixed_ap_fixed_sa_softmax_config0_s_fu_436  |softmax_latency_ap_fixed_ap_fixed_sa_softmax_config0_s  |        2|        2| 10.000 ns | 10.000 ns |    1|    1| function |
        +-------------------------------------------------------------------+--------------------------------------------------------+---------+---------+-----------+-----------+-----+-----+----------+

        * Loop: 
        N/A



================================================================
== Utilization Estimates
================================================================
* Summary: 
+---------------------+---------+-------+---------+---------+------+
|         Name        | BRAM_18K| DSP48E|    FF   |   LUT   | URAM |
+---------------------+---------+-------+---------+---------+------+
|DSP                  |        -|      -|        -|        -|     -|
|Expression           |        -|    256|        0|    10998|     -|
|FIFO                 |        -|      -|        -|        -|     -|
|Instance             |        8|   1906|    20800|   129332|     -|
|Memory               |        -|      -|        -|        -|     -|
|Multiplexer          |        -|      -|        -|       72|     -|
|Register             |        0|      -|     8277|     1024|     -|
+---------------------+---------+-------+---------+---------+------+
|Total                |        8|   2162|    29077|   141426|     0|
+---------------------+---------+-------+---------+---------+------+
|Available SLR        |     1344|   3072|   864000|   432000|   320|
+---------------------+---------+-------+---------+---------+------+
|Utilization SLR (%)  |    ~0   |     70|        3|       32|     0|
+---------------------+---------+-------+---------+---------+------+
|Available            |     5376|  12288|  3456000|  1728000|  1280|
+---------------------+---------+-------+---------+---------+------+
|Utilization (%)      |    ~0   |     17|    ~0   |        8|     0|
+---------------------+---------+-------+---------+---------+------+

+ Detail: 
    * Instance: 
    +-------------------------------------------------------------------+--------------------------------------------------------+---------+-------+------+-------+-----+
    |                              Instance                             |                         Module                         | BRAM_18K| DSP48E|  FF  |  LUT  | URAM|
    +-------------------------------------------------------------------+--------------------------------------------------------+---------+-------+------+-------+-----+
    |grp_dense_latency_16_1_14_1_12_1_10_1_8_1_6_1_4_1_2_1_0_fu_366     |dense_latency_16_1_14_1_12_1_10_1_8_1_6_1_4_1_2_1_0     |        0|    244|  2587|  16418|    0|
    |grp_dense_latency_16_1_14_1_12_1_10_1_8_1_6_1_4_1_2_1_0_fu_386     |dense_latency_16_1_14_1_12_1_10_1_8_1_6_1_4_1_2_1_0     |        0|    244|  2587|  16418|    0|
    |grp_dense_latency_no_bias_0_2_fu_294                               |dense_latency_no_bias_0_2                               |        0|    705|  7743|  48204|    0|
    |grp_dense_latency_no_bias_0_2_fu_330                               |dense_latency_no_bias_0_2                               |        0|    705|  7743|  48204|    0|
    |grp_softmax_latency_ap_fixed_ap_fixed_sa_softmax_config0_s_fu_406  |softmax_latency_ap_fixed_ap_fixed_sa_softmax_config0_s  |        2|      2|    35|     22|    0|
    |grp_softmax_latency_ap_fixed_ap_fixed_sa_softmax_config0_s_fu_416  |softmax_latency_ap_fixed_ap_fixed_sa_softmax_config0_s  |        2|      2|    35|     22|    0|
    |grp_softmax_latency_ap_fixed_ap_fixed_sa_softmax_config0_s_fu_426  |softmax_latency_ap_fixed_ap_fixed_sa_softmax_config0_s  |        2|      2|    35|     22|    0|
    |grp_softmax_latency_ap_fixed_ap_fixed_sa_softmax_config0_s_fu_436  |softmax_latency_ap_fixed_ap_fixed_sa_softmax_config0_s  |        2|      2|    35|     22|    0|
    +-------------------------------------------------------------------+--------------------------------------------------------+---------+-------+------+-------+-----+
    |Total                                                              |                                                        |        8|   1906| 20800| 129332|    0|
    +-------------------------------------------------------------------+--------------------------------------------------------+---------+-------+------+-------+-----+

    * DSP48E: 
    N/A

    * Memory: 
    N/A

    * FIFO: 
    N/A

    * Expression: 
    +-----------------------------+----------+-------+---+-----+------------+------------+
    |        Variable Name        | Operation| DSP48E| FF| LUT | Bitwidth P0| Bitwidth P1|
    +-----------------------------+----------+-------+---+-----+------------+------------+
    |mul_ln1118_10_fu_1018_p2     |     *    |      2|  0|   45|          27|          27|
    |mul_ln1118_11_fu_1038_p2     |     *    |      2|  0|   45|          27|          27|
    |mul_ln1118_12_fu_1054_p2     |     *    |      2|  0|   45|          27|          27|
    |mul_ln1118_13_fu_1078_p2     |     *    |      2|  0|   45|          27|          27|
    |mul_ln1118_14_fu_1098_p2     |     *    |      2|  0|   45|          27|          27|
    |mul_ln1118_15_fu_1118_p2     |     *    |      2|  0|   45|          27|          27|
    |mul_ln1118_16_fu_1134_p2     |     *    |      2|  0|   45|          27|          27|
    |mul_ln1118_17_fu_1158_p2     |     *    |      2|  0|   45|          27|          27|
    |mul_ln1118_18_fu_1178_p2     |     *    |      2|  0|   45|          27|          27|
    |mul_ln1118_19_fu_1198_p2     |     *    |      2|  0|   45|          27|          27|
    |mul_ln1118_20_fu_1214_p2     |     *    |      2|  0|   45|          27|          27|
    |mul_ln1118_21_fu_1238_p2     |     *    |      2|  0|   45|          27|          27|
    |mul_ln1118_22_fu_1258_p2     |     *    |      2|  0|   45|          27|          27|
    |mul_ln1118_23_fu_1278_p2     |     *    |      2|  0|   45|          27|          27|
    |mul_ln1118_24_fu_1294_p2     |     *    |      2|  0|   45|          27|          27|
    |mul_ln1118_25_fu_1318_p2     |     *    |      2|  0|   45|          27|          27|
    |mul_ln1118_26_fu_1338_p2     |     *    |      2|  0|   45|          27|          27|
    |mul_ln1118_27_fu_1358_p2     |     *    |      2|  0|   45|          27|          27|
    |mul_ln1118_28_fu_1374_p2     |     *    |      2|  0|   45|          27|          27|
    |mul_ln1118_29_fu_1398_p2     |     *    |      2|  0|   45|          27|          27|
    |mul_ln1118_2_fu_858_p2       |     *    |      2|  0|   45|          27|          27|
    |mul_ln1118_30_fu_1418_p2     |     *    |      2|  0|   45|          27|          27|
    |mul_ln1118_31_fu_1438_p2     |     *    |      2|  0|   45|          27|          27|
    |mul_ln1118_32_fu_1454_p2     |     *    |      2|  0|   45|          27|          27|
    |mul_ln1118_33_fu_2164_p2     |     *    |      2|  0|   45|          27|          27|
    |mul_ln1118_34_fu_2207_p2     |     *    |      2|  0|   45|          27|          27|
    |mul_ln1118_35_fu_2250_p2     |     *    |      2|  0|   45|          27|          27|
    |mul_ln1118_36_fu_2290_p2     |     *    |      2|  0|   45|          27|          27|
    |mul_ln1118_37_fu_2336_p2     |     *    |      2|  0|   45|          27|          27|
    |mul_ln1118_38_fu_2379_p2     |     *    |      2|  0|   45|          27|          27|
    |mul_ln1118_39_fu_2422_p2     |     *    |      2|  0|   45|          27|          27|
    |mul_ln1118_3_fu_878_p2       |     *    |      2|  0|   45|          27|          27|
    |mul_ln1118_40_fu_2462_p2     |     *    |      2|  0|   45|          27|          27|
    |mul_ln1118_41_fu_2508_p2     |     *    |      2|  0|   45|          27|          27|
    |mul_ln1118_42_fu_2551_p2     |     *    |      2|  0|   45|          27|          27|
    |mul_ln1118_43_fu_2594_p2     |     *    |      2|  0|   45|          27|          27|
    |mul_ln1118_44_fu_2634_p2     |     *    |      2|  0|   45|          27|          27|
    |mul_ln1118_45_fu_2680_p2     |     *    |      2|  0|   45|          27|          27|
    |mul_ln1118_46_fu_2723_p2     |     *    |      2|  0|   45|          27|          27|
    |mul_ln1118_47_fu_2766_p2     |     *    |      2|  0|   45|          27|          27|
    |mul_ln1118_48_fu_2806_p2     |     *    |      2|  0|   45|          27|          27|
    |mul_ln1118_49_fu_2852_p2     |     *    |      2|  0|   45|          27|          27|
    |mul_ln1118_4_fu_894_p2       |     *    |      2|  0|   45|          27|          27|
    |mul_ln1118_50_fu_2881_p2     |     *    |      2|  0|   45|          27|          27|
    |mul_ln1118_51_fu_2910_p2     |     *    |      2|  0|   45|          27|          27|
    |mul_ln1118_52_fu_2936_p2     |     *    |      2|  0|   45|          27|          27|
    |mul_ln1118_53_fu_2968_p2     |     *    |      2|  0|   45|          27|          27|
    |mul_ln1118_54_fu_2997_p2     |     *    |      2|  0|   45|          27|          27|
    |mul_ln1118_55_fu_3026_p2     |     *    |      2|  0|   45|          27|          27|
    |mul_ln1118_56_fu_3052_p2     |     *    |      2|  0|   45|          27|          27|
    |mul_ln1118_57_fu_3084_p2     |     *    |      2|  0|   45|          27|          27|
    |mul_ln1118_58_fu_3113_p2     |     *    |      2|  0|   45|          27|          27|
    |mul_ln1118_59_fu_3142_p2     |     *    |      2|  0|   45|          27|          27|
    |mul_ln1118_5_fu_918_p2       |     *    |      2|  0|   45|          27|          27|
    |mul_ln1118_60_fu_3168_p2     |     *    |      2|  0|   45|          27|          27|
    |mul_ln1118_61_fu_3200_p2     |     *    |      2|  0|   45|          27|          27|
    |mul_ln1118_62_fu_3229_p2     |     *    |      2|  0|   45|          27|          27|
    |mul_ln1118_63_fu_3258_p2     |     *    |      2|  0|   45|          27|          27|
    |mul_ln1118_64_fu_3284_p2     |     *    |      2|  0|   45|          27|          27|
    |mul_ln1118_6_fu_938_p2       |     *    |      2|  0|   45|          27|          27|
    |mul_ln1118_7_fu_958_p2       |     *    |      2|  0|   45|          27|          27|
    |mul_ln1118_8_fu_974_p2       |     *    |      2|  0|   45|          27|          27|
    |mul_ln1118_9_fu_998_p2       |     *    |      2|  0|   45|          27|          27|
    |mul_ln1118_fu_838_p2         |     *    |      2|  0|   45|          27|          27|
    |mul_ln1192_10_fu_4313_p2     |     *    |      2|  0|   45|          27|          27|
    |mul_ln1192_11_fu_4340_p2     |     *    |      2|  0|   45|          27|          27|
    |mul_ln1192_12_fu_4367_p2     |     *    |      2|  0|   45|          27|          27|
    |mul_ln1192_13_fu_4394_p2     |     *    |      2|  0|   45|          27|          27|
    |mul_ln1192_14_fu_4421_p2     |     *    |      2|  0|   45|          27|          27|
    |mul_ln1192_15_fu_4448_p2     |     *    |      2|  0|   45|          27|          27|
    |mul_ln1192_16_fu_4484_p2     |     *    |      2|  0|   45|          27|          27|
    |mul_ln1192_17_fu_4527_p2     |     *    |      2|  0|   45|          27|          27|
    |mul_ln1192_18_fu_4570_p2     |     *    |      2|  0|   45|          27|          27|
    |mul_ln1192_19_fu_4613_p2     |     *    |      2|  0|   45|          27|          27|
    |mul_ln1192_1_fu_4067_p2      |     *    |      2|  0|   45|          27|          27|
    |mul_ln1192_20_fu_4656_p2     |     *    |      2|  0|   45|          27|          27|
    |mul_ln1192_21_fu_4699_p2     |     *    |      2|  0|   45|          27|          27|
    |mul_ln1192_22_fu_4742_p2     |     *    |      2|  0|   45|          27|          27|
    |mul_ln1192_23_fu_4785_p2     |     *    |      2|  0|   45|          27|          27|
    |mul_ln1192_24_fu_4831_p2     |     *    |      2|  0|   45|          27|          27|
    |mul_ln1192_25_fu_4874_p2     |     *    |      2|  0|   45|          27|          27|
    |mul_ln1192_26_fu_4917_p2     |     *    |      2|  0|   45|          27|          27|
    |mul_ln1192_27_fu_4960_p2     |     *    |      2|  0|   45|          27|          27|
    |mul_ln1192_28_fu_5003_p2     |     *    |      2|  0|   45|          27|          27|
    |mul_ln1192_29_fu_5046_p2     |     *    |      2|  0|   45|          27|          27|
    |mul_ln1192_2_fu_4094_p2      |     *    |      2|  0|   45|          27|          27|
    |mul_ln1192_30_fu_5089_p2     |     *    |      2|  0|   45|          27|          27|
    |mul_ln1192_31_fu_5132_p2     |     *    |      2|  0|   45|          27|          27|
    |mul_ln1192_32_fu_5169_p2     |     *    |      2|  0|   45|          27|          27|
    |mul_ln1192_33_fu_5193_p2     |     *    |      2|  0|   45|          27|          27|
    |mul_ln1192_34_fu_5217_p2     |     *    |      2|  0|   45|          27|          27|
    |mul_ln1192_35_fu_5241_p2     |     *    |      2|  0|   45|          27|          27|
    |mul_ln1192_36_fu_5265_p2     |     *    |      2|  0|   45|          27|          27|
    |mul_ln1192_37_fu_5289_p2     |     *    |      2|  0|   45|          27|          27|
    |mul_ln1192_38_fu_5313_p2     |     *    |      2|  0|   45|          27|          27|
    |mul_ln1192_39_fu_5337_p2     |     *    |      2|  0|   45|          27|          27|
    |mul_ln1192_3_fu_4121_p2      |     *    |      2|  0|   45|          27|          27|
    |mul_ln1192_40_fu_5364_p2     |     *    |      2|  0|   45|          27|          27|
    |mul_ln1192_41_fu_5388_p2     |     *    |      2|  0|   45|          27|          27|
    |mul_ln1192_42_fu_5412_p2     |     *    |      2|  0|   45|          27|          27|
    |mul_ln1192_43_fu_5436_p2     |     *    |      2|  0|   45|          27|          27|
    |mul_ln1192_44_fu_5460_p2     |     *    |      2|  0|   45|          27|          27|
    |mul_ln1192_45_fu_5484_p2     |     *    |      2|  0|   45|          27|          27|
    |mul_ln1192_46_fu_5508_p2     |     *    |      2|  0|   45|          27|          27|
    |mul_ln1192_47_fu_5532_p2     |     *    |      2|  0|   45|          27|          27|
    |mul_ln1192_48_fu_5565_p2     |     *    |      2|  0|   45|          27|          27|
    |mul_ln1192_49_fu_5605_p2     |     *    |      2|  0|   45|          27|          27|
    |mul_ln1192_4_fu_4148_p2      |     *    |      2|  0|   45|          27|          27|
    |mul_ln1192_50_fu_5645_p2     |     *    |      2|  0|   45|          27|          27|
    |mul_ln1192_51_fu_5685_p2     |     *    |      2|  0|   45|          27|          27|
    |mul_ln1192_52_fu_5725_p2     |     *    |      2|  0|   45|          27|          27|
    |mul_ln1192_53_fu_5765_p2     |     *    |      2|  0|   45|          27|          27|
    |mul_ln1192_54_fu_5805_p2     |     *    |      2|  0|   45|          27|          27|
    |mul_ln1192_55_fu_5845_p2     |     *    |      2|  0|   45|          27|          27|
    |mul_ln1192_56_fu_5888_p2     |     *    |      2|  0|   45|          27|          27|
    |mul_ln1192_57_fu_5928_p2     |     *    |      2|  0|   45|          27|          27|
    |mul_ln1192_58_fu_5968_p2     |     *    |      2|  0|   45|          27|          27|
    |mul_ln1192_59_fu_6008_p2     |     *    |      2|  0|   45|          27|          27|
    |mul_ln1192_5_fu_4175_p2      |     *    |      2|  0|   45|          27|          27|
    |mul_ln1192_60_fu_6048_p2     |     *    |      2|  0|   45|          27|          27|
    |mul_ln1192_61_fu_6088_p2     |     *    |      2|  0|   45|          27|          27|
    |mul_ln1192_62_fu_6128_p2     |     *    |      2|  0|   45|          27|          27|
    |mul_ln1192_63_fu_6168_p2     |     *    |      2|  0|   45|          27|          27|
    |mul_ln1192_6_fu_4202_p2      |     *    |      2|  0|   45|          27|          27|
    |mul_ln1192_7_fu_4229_p2      |     *    |      2|  0|   45|          27|          27|
    |mul_ln1192_8_fu_4259_p2      |     *    |      2|  0|   45|          27|          27|
    |mul_ln1192_9_fu_4286_p2      |     *    |      2|  0|   45|          27|          27|
    |mul_ln1192_fu_4040_p2        |     *    |      2|  0|   45|          27|          27|
    |add_ln1192_100_fu_5271_p2    |     +    |      0|  0|   39|          39|          39|
    |add_ln1192_101_fu_5295_p2    |     +    |      0|  0|   39|          39|          39|
    |add_ln1192_102_fu_5319_p2    |     +    |      0|  0|   39|          39|          39|
    |add_ln1192_103_fu_5343_p2    |     +    |      0|  0|   39|          39|          39|
    |add_ln1192_104_fu_5370_p2    |     +    |      0|  0|   39|          39|          39|
    |add_ln1192_105_fu_5394_p2    |     +    |      0|  0|   39|          39|          39|
    |add_ln1192_106_fu_5418_p2    |     +    |      0|  0|   39|          39|          39|
    |add_ln1192_107_fu_5442_p2    |     +    |      0|  0|   39|          39|          39|
    |add_ln1192_108_fu_5466_p2    |     +    |      0|  0|   39|          39|          39|
    |add_ln1192_109_fu_5490_p2    |     +    |      0|  0|   39|          39|          39|
    |add_ln1192_10_fu_1670_p2     |     +    |      0|  0|   39|          39|          39|
    |add_ln1192_110_fu_5514_p2    |     +    |      0|  0|   39|          39|          39|
    |add_ln1192_111_fu_5538_p2    |     +    |      0|  0|   39|          39|          39|
    |add_ln1192_112_fu_5571_p2    |     +    |      0|  0|   39|          39|          39|
    |add_ln1192_113_fu_5611_p2    |     +    |      0|  0|   39|          39|          39|
    |add_ln1192_114_fu_5651_p2    |     +    |      0|  0|   39|          39|          39|
    |add_ln1192_115_fu_5691_p2    |     +    |      0|  0|   39|          39|          39|
    |add_ln1192_116_fu_5731_p2    |     +    |      0|  0|   39|          39|          39|
    |add_ln1192_117_fu_5771_p2    |     +    |      0|  0|   39|          39|          39|
    |add_ln1192_118_fu_5811_p2    |     +    |      0|  0|   39|          39|          39|
    |add_ln1192_119_fu_5851_p2    |     +    |      0|  0|   39|          39|          39|
    |add_ln1192_11_fu_1693_p2     |     +    |      0|  0|   39|          39|          39|
    |add_ln1192_120_fu_5894_p2    |     +    |      0|  0|   39|          39|          39|
    |add_ln1192_121_fu_5934_p2    |     +    |      0|  0|   39|          39|          39|
    |add_ln1192_122_fu_5974_p2    |     +    |      0|  0|   39|          39|          39|
    |add_ln1192_123_fu_6014_p2    |     +    |      0|  0|   39|          39|          39|
    |add_ln1192_124_fu_6054_p2    |     +    |      0|  0|   39|          39|          39|
    |add_ln1192_125_fu_6094_p2    |     +    |      0|  0|   39|          39|          39|
    |add_ln1192_126_fu_6134_p2    |     +    |      0|  0|   39|          39|          39|
    |add_ln1192_127_fu_6174_p2    |     +    |      0|  0|   39|          39|          39|
    |add_ln1192_128_fu_3447_p2    |     +    |      0|  0|   30|          30|          30|
    |add_ln1192_129_fu_3509_p2    |     +    |      0|  0|   30|          30|          30|
    |add_ln1192_12_fu_1716_p2     |     +    |      0|  0|   39|          39|          39|
    |add_ln1192_130_fu_3571_p2    |     +    |      0|  0|   30|          30|          30|
    |add_ln1192_131_fu_3633_p2    |     +    |      0|  0|   30|          30|          30|
    |add_ln1192_132_fu_3695_p2    |     +    |      0|  0|   30|          30|          30|
    |add_ln1192_133_fu_3757_p2    |     +    |      0|  0|   30|          30|          30|
    |add_ln1192_134_fu_3819_p2    |     +    |      0|  0|   30|          30|          30|
    |add_ln1192_135_fu_3881_p2    |     +    |      0|  0|   30|          30|          30|
    |add_ln1192_13_fu_1739_p2     |     +    |      0|  0|   39|          39|          39|
    |add_ln1192_14_fu_1762_p2     |     +    |      0|  0|   39|          39|          39|
    |add_ln1192_15_fu_1785_p2     |     +    |      0|  0|   39|          39|          39|
    |add_ln1192_16_fu_1808_p2     |     +    |      0|  0|   39|          39|          39|
    |add_ln1192_17_fu_1831_p2     |     +    |      0|  0|   39|          39|          39|
    |add_ln1192_18_fu_1854_p2     |     +    |      0|  0|   39|          39|          39|
    |add_ln1192_19_fu_1877_p2     |     +    |      0|  0|   39|          39|          39|
    |add_ln1192_1_fu_1499_p2      |     +    |      0|  0|   39|          39|          39|
    |add_ln1192_20_fu_1900_p2     |     +    |      0|  0|   39|          39|          39|
    |add_ln1192_21_fu_1923_p2     |     +    |      0|  0|   39|          39|          39|
    |add_ln1192_22_fu_1946_p2     |     +    |      0|  0|   39|          39|          39|
    |add_ln1192_23_fu_1969_p2     |     +    |      0|  0|   39|          39|          39|
    |add_ln1192_24_fu_1992_p2     |     +    |      0|  0|   39|          39|          39|
    |add_ln1192_25_fu_2015_p2     |     +    |      0|  0|   39|          39|          39|
    |add_ln1192_26_fu_2038_p2     |     +    |      0|  0|   39|          39|          39|
    |add_ln1192_27_fu_2061_p2     |     +    |      0|  0|   39|          39|          39|
    |add_ln1192_28_fu_2084_p2     |     +    |      0|  0|   39|          39|          39|
    |add_ln1192_29_fu_2107_p2     |     +    |      0|  0|   39|          39|          39|
    |add_ln1192_2_fu_1516_p2      |     +    |      0|  0|   39|          39|          39|
    |add_ln1192_30_fu_2130_p2     |     +    |      0|  0|   39|          39|          39|
    |add_ln1192_31_fu_2153_p2     |     +    |      0|  0|   39|          39|          39|
    |add_ln1192_32_fu_2198_p2     |     +    |      0|  0|   39|          39|          39|
    |add_ln1192_33_fu_2241_p2     |     +    |      0|  0|   39|          39|          39|
    |add_ln1192_34_fu_2284_p2     |     +    |      0|  0|   39|          39|          39|
    |add_ln1192_35_fu_2324_p2     |     +    |      0|  0|   39|          39|          39|
    |add_ln1192_36_fu_2370_p2     |     +    |      0|  0|   39|          39|          39|
    |add_ln1192_37_fu_2413_p2     |     +    |      0|  0|   39|          39|          39|
    |add_ln1192_38_fu_2456_p2     |     +    |      0|  0|   39|          39|          39|
    |add_ln1192_39_fu_2496_p2     |     +    |      0|  0|   39|          39|          39|
    |add_ln1192_3_fu_1533_p2      |     +    |      0|  0|   39|          39|          39|
    |add_ln1192_40_fu_2542_p2     |     +    |      0|  0|   39|          39|          39|
    |add_ln1192_41_fu_2585_p2     |     +    |      0|  0|   39|          39|          39|
    |add_ln1192_42_fu_2628_p2     |     +    |      0|  0|   39|          39|          39|
    |add_ln1192_43_fu_2668_p2     |     +    |      0|  0|   39|          39|          39|
    |add_ln1192_44_fu_2714_p2     |     +    |      0|  0|   39|          39|          39|
    |add_ln1192_45_fu_2757_p2     |     +    |      0|  0|   39|          39|          39|
    |add_ln1192_46_fu_2800_p2     |     +    |      0|  0|   39|          39|          39|
    |add_ln1192_47_fu_2840_p2     |     +    |      0|  0|   39|          39|          39|
    |add_ln1192_48_fu_3317_p2     |     +    |      0|  0|   39|          39|          39|
    |add_ln1192_49_fu_3329_p2     |     +    |      0|  0|   39|          39|          39|
    |add_ln1192_4_fu_1550_p2      |     +    |      0|  0|   39|          39|          39|
    |add_ln1192_50_fu_3341_p2     |     +    |      0|  0|   39|          39|          39|
    |add_ln1192_51_fu_3353_p2     |     +    |      0|  0|   39|          39|          39|
    |add_ln1192_52_fu_3365_p2     |     +    |      0|  0|   39|          39|          39|
    |add_ln1192_53_fu_3377_p2     |     +    |      0|  0|   39|          39|          39|
    |add_ln1192_54_fu_3389_p2     |     +    |      0|  0|   39|          39|          39|
    |add_ln1192_55_fu_3401_p2     |     +    |      0|  0|   39|          39|          39|
    |add_ln1192_56_fu_3442_p2     |     +    |      0|  0|   39|          39|          39|
    |add_ln1192_57_fu_3504_p2     |     +    |      0|  0|   39|          39|          39|
    |add_ln1192_58_fu_3566_p2     |     +    |      0|  0|   39|          39|          39|
    |add_ln1192_59_fu_3628_p2     |     +    |      0|  0|   39|          39|          39|
    |add_ln1192_5_fu_1567_p2      |     +    |      0|  0|   39|          39|          39|
    |add_ln1192_60_fu_3690_p2     |     +    |      0|  0|   39|          39|          39|
    |add_ln1192_61_fu_3752_p2     |     +    |      0|  0|   39|          39|          39|
    |add_ln1192_62_fu_3814_p2     |     +    |      0|  0|   39|          39|          39|
    |add_ln1192_63_fu_3876_p2     |     +    |      0|  0|   39|          39|          39|
    |add_ln1192_64_fu_4046_p2     |     +    |      0|  0|   39|          39|          39|
    |add_ln1192_65_fu_4073_p2     |     +    |      0|  0|   39|          39|          39|
    |add_ln1192_66_fu_4100_p2     |     +    |      0|  0|   39|          39|          39|
    |add_ln1192_67_fu_4127_p2     |     +    |      0|  0|   39|          39|          39|
    |add_ln1192_68_fu_4154_p2     |     +    |      0|  0|   39|          39|          39|
    |add_ln1192_69_fu_4181_p2     |     +    |      0|  0|   39|          39|          39|
    |add_ln1192_6_fu_1584_p2      |     +    |      0|  0|   39|          39|          39|
    |add_ln1192_70_fu_4208_p2     |     +    |      0|  0|   39|          39|          39|
    |add_ln1192_71_fu_4235_p2     |     +    |      0|  0|   39|          39|          39|
    |add_ln1192_72_fu_4265_p2     |     +    |      0|  0|   39|          39|          39|
    |add_ln1192_73_fu_4292_p2     |     +    |      0|  0|   39|          39|          39|
    |add_ln1192_74_fu_4319_p2     |     +    |      0|  0|   39|          39|          39|
    |add_ln1192_75_fu_4346_p2     |     +    |      0|  0|   39|          39|          39|
    |add_ln1192_76_fu_4373_p2     |     +    |      0|  0|   39|          39|          39|
    |add_ln1192_77_fu_4400_p2     |     +    |      0|  0|   39|          39|          39|
    |add_ln1192_78_fu_4427_p2     |     +    |      0|  0|   39|          39|          39|
    |add_ln1192_79_fu_4454_p2     |     +    |      0|  0|   39|          39|          39|
    |add_ln1192_7_fu_1601_p2      |     +    |      0|  0|   39|          39|          39|
    |add_ln1192_80_fu_4490_p2     |     +    |      0|  0|   39|          39|          39|
    |add_ln1192_81_fu_4533_p2     |     +    |      0|  0|   39|          39|          39|
    |add_ln1192_82_fu_4576_p2     |     +    |      0|  0|   39|          39|          39|
    |add_ln1192_83_fu_4619_p2     |     +    |      0|  0|   39|          39|          39|
    |add_ln1192_84_fu_4662_p2     |     +    |      0|  0|   39|          39|          39|
    |add_ln1192_85_fu_4705_p2     |     +    |      0|  0|   39|          39|          39|
    |add_ln1192_86_fu_4748_p2     |     +    |      0|  0|   39|          39|          39|
    |add_ln1192_87_fu_4791_p2     |     +    |      0|  0|   39|          39|          39|
    |add_ln1192_88_fu_4837_p2     |     +    |      0|  0|   39|          39|          39|
    |add_ln1192_89_fu_4880_p2     |     +    |      0|  0|   39|          39|          39|
    |add_ln1192_8_fu_1624_p2      |     +    |      0|  0|   39|          39|          39|
    |add_ln1192_90_fu_4923_p2     |     +    |      0|  0|   39|          39|          39|
    |add_ln1192_91_fu_4966_p2     |     +    |      0|  0|   39|          39|          39|
    |add_ln1192_92_fu_5009_p2     |     +    |      0|  0|   39|          39|          39|
    |add_ln1192_93_fu_5052_p2     |     +    |      0|  0|   39|          39|          39|
    |add_ln1192_94_fu_5095_p2     |     +    |      0|  0|   39|          39|          39|
    |add_ln1192_95_fu_5138_p2     |     +    |      0|  0|   39|          39|          39|
    |add_ln1192_96_fu_5175_p2     |     +    |      0|  0|   39|          39|          39|
    |add_ln1192_97_fu_5199_p2     |     +    |      0|  0|   39|          39|          39|
    |add_ln1192_98_fu_5223_p2     |     +    |      0|  0|   39|          39|          39|
    |add_ln1192_99_fu_5247_p2     |     +    |      0|  0|   39|          39|          39|
    |add_ln1192_9_fu_1647_p2      |     +    |      0|  0|   39|          39|          39|
    |add_ln1192_fu_1482_p2        |     +    |      0|  0|   39|          39|          39|
    |ap_block_pp0_stage0_11001    |    and   |      0|  0|    2|           1|           1|
    |ap_block_pp0_stage0_subdone  |    or    |      0|  0|    2|           1|           1|
    |ap_enable_pp0                |    xor   |      0|  0|    2|           1|           2|
    +-----------------------------+----------+-------+---+-----+------------+------------+
    |Total                        |          |    256|  0|10998|        8691|        8692|
    +-----------------------------+----------+-------+---+-----+------------+------------+

    * Multiplexer: 
    +--------------------------------------+----+-----------+-----+-----------+
    |                 Name                 | LUT| Input Size| Bits| Total Bits|
    +--------------------------------------+----+-----------+-----+-----------+
    |ap_sig_allocacmp_energy_V_0_0_0_load  |   9|          2|   27|         54|
    |ap_sig_allocacmp_energy_V_0_0_1_load  |   9|          2|   27|         54|
    |ap_sig_allocacmp_energy_V_0_1_0_load  |   9|          2|   27|         54|
    |ap_sig_allocacmp_energy_V_0_1_1_load  |   9|          2|   27|         54|
    |ap_sig_allocacmp_energy_V_1_0_0_load  |   9|          2|   27|         54|
    |ap_sig_allocacmp_energy_V_1_0_1_load  |   9|          2|   27|         54|
    |ap_sig_allocacmp_energy_V_1_1_0_load  |   9|          2|   27|         54|
    |ap_sig_allocacmp_energy_V_1_1_1_load  |   9|          2|   27|         54|
    +--------------------------------------+----+-----------+-----+-----------+
    |Total                                 |  72|         16|  216|        432|
    +--------------------------------------+----+-----------+-----+-----------+

    * Register: 
    +--------------------------------------------------------------------------------+----+----+-----+-----------+
    |                                      Name                                      | FF | LUT| Bits| Const Bits|
    +--------------------------------------------------------------------------------+----+----+-----+-----------+
    |ap_CS_fsm                                                                       |   1|   0|    1|          0|
    |ap_enable_reg_pp0_iter1                                                         |   1|   0|    1|          0|
    |ap_enable_reg_pp0_iter2                                                         |   1|   0|    1|          0|
    |ap_enable_reg_pp0_iter3                                                         |   1|   0|    1|          0|
    |ap_enable_reg_pp0_iter4                                                         |   1|   0|    1|          0|
    |ap_enable_reg_pp0_iter5                                                         |   1|   0|    1|          0|
    |ap_enable_reg_pp0_iter6                                                         |   1|   0|    1|          0|
    |ap_enable_reg_pp0_iter7                                                         |   1|   0|    1|          0|
    |ap_enable_reg_pp0_iter8                                                         |   1|   0|    1|          0|
    |attention_0_0_1_reg_7347                                                        |  27|   0|   27|          0|
    |attention_0_1_1_reg_7357                                                        |  27|   0|   27|          0|
    |attention_0_1_reg_7352                                                          |  27|   0|   27|          0|
    |attention_1_0_1_reg_7367                                                        |  27|   0|   27|          0|
    |attention_1_1_1_reg_7377                                                        |  27|   0|   27|          0|
    |attention_1_1_reg_7372                                                          |  27|   0|   27|          0|
    |attention_1_reg_7362                                                            |  27|   0|   27|          0|
    |attention_reg_7342                                                              |  27|   0|   27|          0|
    |energy_V_0_0_0                                                                  |  27|   0|   27|          0|
    |energy_V_0_0_1                                                                  |  27|   0|   27|          0|
    |energy_V_0_1_0                                                                  |  27|   0|   27|          0|
    |energy_V_0_1_1                                                                  |  27|   0|   27|          0|
    |energy_V_1_0_0                                                                  |  27|   0|   27|          0|
    |energy_V_1_0_1                                                                  |  27|   0|   27|          0|
    |energy_V_1_1_0                                                                  |  27|   0|   27|          0|
    |energy_V_1_1_1                                                                  |  27|   0|   27|          0|
    |grp_softmax_latency_ap_fixed_ap_fixed_sa_softmax_config0_s_fu_406_ap_start_reg  |   1|   0|    1|          0|
    |grp_softmax_latency_ap_fixed_ap_fixed_sa_softmax_config0_s_fu_416_ap_start_reg  |   1|   0|    1|          0|
    |grp_softmax_latency_ap_fixed_ap_fixed_sa_softmax_config0_s_fu_426_ap_start_reg  |   1|   0|    1|          0|
    |grp_softmax_latency_ap_fixed_ap_fixed_sa_softmax_config0_s_fu_436_ap_start_reg  |   1|   0|    1|          0|
    |qkv_out_el_0_11_reg_6722                                                        |  27|   0|   27|          0|
    |qkv_out_el_0_12_reg_6727                                                        |  27|   0|   27|          0|
    |qkv_out_el_0_13_reg_6732                                                        |  27|   0|   27|          0|
    |qkv_out_el_0_14_reg_6737                                                        |  27|   0|   27|          0|
    |qkv_out_el_0_19_reg_6782                                                        |  27|   0|   27|          0|
    |qkv_out_el_0_20_reg_6787                                                        |  27|   0|   27|          0|
    |qkv_out_el_0_21_reg_6792                                                        |  27|   0|   27|          0|
    |qkv_out_el_0_22_reg_6797                                                        |  27|   0|   27|          0|
    |qkv_out_el_0_27_reg_6802                                                        |  27|   0|   27|          0|
    |qkv_out_el_0_28_reg_6807                                                        |  27|   0|   27|          0|
    |qkv_out_el_0_29_reg_6812                                                        |  27|   0|   27|          0|
    |qkv_out_el_0_30_reg_6817                                                        |  27|   0|   27|          0|
    |qkv_out_el_0_4_reg_6702                                                         |  27|   0|   27|          0|
    |qkv_out_el_0_5_reg_6707                                                         |  27|   0|   27|          0|
    |qkv_out_el_0_6_reg_6712                                                         |  27|   0|   27|          0|
    |qkv_out_el_0_7_reg_6717                                                         |  27|   0|   27|          0|
    |qkv_out_el_1_11_reg_6882                                                        |  27|   0|   27|          0|
    |qkv_out_el_1_12_reg_6887                                                        |  27|   0|   27|          0|
    |qkv_out_el_1_13_reg_6892                                                        |  27|   0|   27|          0|
    |qkv_out_el_1_14_reg_6897                                                        |  27|   0|   27|          0|
    |qkv_out_el_1_19_reg_6942                                                        |  27|   0|   27|          0|
    |qkv_out_el_1_20_reg_6947                                                        |  27|   0|   27|          0|
    |qkv_out_el_1_21_reg_6952                                                        |  27|   0|   27|          0|
    |qkv_out_el_1_22_reg_6957                                                        |  27|   0|   27|          0|
    |qkv_out_el_1_27_reg_6962                                                        |  27|   0|   27|          0|
    |qkv_out_el_1_28_reg_6967                                                        |  27|   0|   27|          0|
    |qkv_out_el_1_29_reg_6972                                                        |  27|   0|   27|          0|
    |qkv_out_el_1_30_reg_6977                                                        |  27|   0|   27|          0|
    |qkv_out_el_1_4_reg_6862                                                         |  27|   0|   27|          0|
    |qkv_out_el_1_5_reg_6867                                                         |  27|   0|   27|          0|
    |qkv_out_el_1_6_reg_6872                                                         |  27|   0|   27|          0|
    |qkv_out_el_1_7_reg_6877                                                         |  27|   0|   27|          0|
    |scaled_attention_reshaped_V_0_0                                                 |  27|   0|   27|          0|
    |scaled_attention_reshaped_V_0_1                                                 |  27|   0|   27|          0|
    |scaled_attention_reshaped_V_0_10                                                |  27|   0|   27|          0|
    |scaled_attention_reshaped_V_0_11                                                |  27|   0|   27|          0|
    |scaled_attention_reshaped_V_0_12                                                |  27|   0|   27|          0|
    |scaled_attention_reshaped_V_0_13                                                |  27|   0|   27|          0|
    |scaled_attention_reshaped_V_0_14                                                |  27|   0|   27|          0|
    |scaled_attention_reshaped_V_0_15                                                |  27|   0|   27|          0|
    |scaled_attention_reshaped_V_0_2                                                 |  27|   0|   27|          0|
    |scaled_attention_reshaped_V_0_3                                                 |  27|   0|   27|          0|
    |scaled_attention_reshaped_V_0_4                                                 |  27|   0|   27|          0|
    |scaled_attention_reshaped_V_0_5                                                 |  27|   0|   27|          0|
    |scaled_attention_reshaped_V_0_6                                                 |  27|   0|   27|          0|
    |scaled_attention_reshaped_V_0_7                                                 |  27|   0|   27|          0|
    |scaled_attention_reshaped_V_0_8                                                 |  27|   0|   27|          0|
    |scaled_attention_reshaped_V_0_9                                                 |  27|   0|   27|          0|
    |scaled_attention_reshaped_V_1_0                                                 |  27|   0|   27|          0|
    |scaled_attention_reshaped_V_1_1                                                 |  27|   0|   27|          0|
    |scaled_attention_reshaped_V_1_10                                                |  27|   0|   27|          0|
    |scaled_attention_reshaped_V_1_11                                                |  27|   0|   27|          0|
    |scaled_attention_reshaped_V_1_12                                                |  27|   0|   27|          0|
    |scaled_attention_reshaped_V_1_13                                                |  27|   0|   27|          0|
    |scaled_attention_reshaped_V_1_14                                                |  27|   0|   27|          0|
    |scaled_attention_reshaped_V_1_15                                                |  27|   0|   27|          0|
    |scaled_attention_reshaped_V_1_2                                                 |  27|   0|   27|          0|
    |scaled_attention_reshaped_V_1_3                                                 |  27|   0|   27|          0|
    |scaled_attention_reshaped_V_1_4                                                 |  27|   0|   27|          0|
    |scaled_attention_reshaped_V_1_5                                                 |  27|   0|   27|          0|
    |scaled_attention_reshaped_V_1_6                                                 |  27|   0|   27|          0|
    |scaled_attention_reshaped_V_1_7                                                 |  27|   0|   27|          0|
    |scaled_attention_reshaped_V_1_8                                                 |  27|   0|   27|          0|
    |scaled_attention_reshaped_V_1_9                                                 |  27|   0|   27|          0|
    |tmp_39_reg_7182                                                                 |  27|   0|   27|          0|
    |tmp_40_reg_7192                                                                 |  27|   0|   27|          0|
    |tmp_41_reg_7202                                                                 |  27|   0|   27|          0|
    |tmp_42_reg_7212                                                                 |  27|   0|   27|          0|
    |tmp_43_reg_7222                                                                 |  27|   0|   27|          0|
    |tmp_44_reg_7232                                                                 |  27|   0|   27|          0|
    |tmp_45_reg_7242                                                                 |  27|   0|   27|          0|
    |tmp_46_reg_7252                                                                 |  27|   0|   27|          0|
    |trunc_ln1192_10_reg_7077                                                        |  39|   0|   39|          0|
    |trunc_ln1192_11_reg_7082                                                        |  39|   0|   39|          0|
    |trunc_ln1192_12_reg_7087                                                        |  39|   0|   39|          0|
    |trunc_ln1192_13_reg_7092                                                        |  39|   0|   39|          0|
    |trunc_ln1192_14_reg_7097                                                        |  39|   0|   39|          0|
    |trunc_ln1192_15_reg_7102                                                        |  39|   0|   39|          0|
    |trunc_ln1192_16_reg_7107                                                        |  39|   0|   39|          0|
    |trunc_ln1192_17_reg_7112                                                        |  39|   0|   39|          0|
    |trunc_ln1192_18_reg_7117                                                        |  39|   0|   39|          0|
    |trunc_ln1192_19_reg_7122                                                        |  39|   0|   39|          0|
    |trunc_ln1192_1_reg_7027                                                         |  39|   0|   39|          0|
    |trunc_ln1192_20_reg_7127                                                        |  39|   0|   39|          0|
    |trunc_ln1192_21_reg_7132                                                        |  39|   0|   39|          0|
    |trunc_ln1192_22_reg_7137                                                        |  39|   0|   39|          0|
    |trunc_ln1192_23_reg_7142                                                        |  39|   0|   39|          0|
    |trunc_ln1192_24_reg_7147                                                        |  39|   0|   39|          0|
    |trunc_ln1192_25_reg_7152                                                        |  39|   0|   39|          0|
    |trunc_ln1192_26_reg_7157                                                        |  39|   0|   39|          0|
    |trunc_ln1192_27_reg_7162                                                        |  39|   0|   39|          0|
    |trunc_ln1192_28_reg_7167                                                        |  39|   0|   39|          0|
    |trunc_ln1192_29_reg_7172                                                        |  39|   0|   39|          0|
    |trunc_ln1192_2_reg_7032                                                         |  39|   0|   39|          0|
    |trunc_ln1192_30_reg_7177                                                        |  39|   0|   39|          0|
    |trunc_ln1192_3_reg_7037                                                         |  39|   0|   39|          0|
    |trunc_ln1192_47_reg_7187                                                        |  39|   0|   39|          0|
    |trunc_ln1192_48_reg_7197                                                        |  39|   0|   39|          0|
    |trunc_ln1192_49_reg_7207                                                        |  39|   0|   39|          0|
    |trunc_ln1192_4_reg_7042                                                         |  39|   0|   39|          0|
    |trunc_ln1192_50_reg_7217                                                        |  39|   0|   39|          0|
    |trunc_ln1192_51_reg_7227                                                        |  39|   0|   39|          0|
    |trunc_ln1192_52_reg_7237                                                        |  39|   0|   39|          0|
    |trunc_ln1192_53_reg_7247                                                        |  39|   0|   39|          0|
    |trunc_ln1192_54_reg_7257                                                        |  39|   0|   39|          0|
    |trunc_ln1192_55_reg_7262                                                        |  39|   0|   39|          0|
    |trunc_ln1192_56_reg_7267                                                        |  30|   0|   30|          0|
    |trunc_ln1192_58_reg_7272                                                        |  39|   0|   39|          0|
    |trunc_ln1192_59_reg_7277                                                        |  30|   0|   30|          0|
    |trunc_ln1192_5_reg_7047                                                         |  39|   0|   39|          0|
    |trunc_ln1192_61_reg_7282                                                        |  39|   0|   39|          0|
    |trunc_ln1192_62_reg_7287                                                        |  30|   0|   30|          0|
    |trunc_ln1192_64_reg_7292                                                        |  39|   0|   39|          0|
    |trunc_ln1192_65_reg_7297                                                        |  30|   0|   30|          0|
    |trunc_ln1192_67_reg_7302                                                        |  39|   0|   39|          0|
    |trunc_ln1192_68_reg_7307                                                        |  30|   0|   30|          0|
    |trunc_ln1192_6_reg_7052                                                         |  39|   0|   39|          0|
    |trunc_ln1192_70_reg_7312                                                        |  39|   0|   39|          0|
    |trunc_ln1192_71_reg_7317                                                        |  30|   0|   30|          0|
    |trunc_ln1192_73_reg_7322                                                        |  39|   0|   39|          0|
    |trunc_ln1192_74_reg_7327                                                        |  30|   0|   30|          0|
    |trunc_ln1192_76_reg_7332                                                        |  39|   0|   39|          0|
    |trunc_ln1192_77_reg_7337                                                        |  30|   0|   30|          0|
    |trunc_ln1192_7_reg_7057                                                         |  39|   0|   39|          0|
    |trunc_ln1192_8_reg_7062                                                         |  39|   0|   39|          0|
    |trunc_ln1192_9_reg_7067                                                         |  39|   0|   39|          0|
    |trunc_ln1192_s_reg_7072                                                         |  39|   0|   39|          0|
    |trunc_ln708_10_reg_7432                                                         |  27|   0|   27|          0|
    |trunc_ln708_11_reg_7437                                                         |  27|   0|   27|          0|
    |trunc_ln708_12_reg_7442                                                         |  27|   0|   27|          0|
    |trunc_ln708_13_reg_7447                                                         |  27|   0|   27|          0|
    |trunc_ln708_14_reg_7452                                                         |  27|   0|   27|          0|
    |trunc_ln708_15_reg_7457                                                         |  27|   0|   27|          0|
    |trunc_ln708_16_reg_7462                                                         |  27|   0|   27|          0|
    |trunc_ln708_17_reg_7467                                                         |  27|   0|   27|          0|
    |trunc_ln708_18_reg_7472                                                         |  27|   0|   27|          0|
    |trunc_ln708_19_reg_7477                                                         |  27|   0|   27|          0|
    |trunc_ln708_1_reg_7387                                                          |  27|   0|   27|          0|
    |trunc_ln708_20_reg_7482                                                         |  27|   0|   27|          0|
    |trunc_ln708_21_reg_7487                                                         |  27|   0|   27|          0|
    |trunc_ln708_22_reg_7492                                                         |  27|   0|   27|          0|
    |trunc_ln708_23_reg_7497                                                         |  27|   0|   27|          0|
    |trunc_ln708_24_reg_7502                                                         |  27|   0|   27|          0|
    |trunc_ln708_25_reg_7507                                                         |  27|   0|   27|          0|
    |trunc_ln708_26_reg_7512                                                         |  27|   0|   27|          0|
    |trunc_ln708_27_reg_7517                                                         |  27|   0|   27|          0|
    |trunc_ln708_28_reg_7522                                                         |  27|   0|   27|          0|
    |trunc_ln708_29_reg_7527                                                         |  27|   0|   27|          0|
    |trunc_ln708_2_reg_7392                                                          |  27|   0|   27|          0|
    |trunc_ln708_30_reg_7532                                                         |  27|   0|   27|          0|
    |trunc_ln708_31_reg_7537                                                         |  27|   0|   27|          0|
    |trunc_ln708_3_reg_7397                                                          |  27|   0|   27|          0|
    |trunc_ln708_4_reg_7402                                                          |  27|   0|   27|          0|
    |trunc_ln708_5_reg_7407                                                          |  27|   0|   27|          0|
    |trunc_ln708_6_reg_7412                                                          |  27|   0|   27|          0|
    |trunc_ln708_7_reg_7417                                                          |  27|   0|   27|          0|
    |trunc_ln708_8_reg_7422                                                          |  27|   0|   27|          0|
    |trunc_ln708_9_reg_7427                                                          |  27|   0|   27|          0|
    |trunc_ln708_s_reg_7382                                                          |  27|   0|   27|          0|
    |trunc_ln_reg_7022                                                               |  39|   0|   39|          0|
    |values_0_0_V_reg_6742                                                           |  27|   0|   27|          0|
    |values_0_10_V_reg_6767                                                          |  27|   0|   27|          0|
    |values_0_11_V_reg_6847                                                          |  27|   0|   27|          0|
    |values_0_12_V_reg_6772                                                          |  27|   0|   27|          0|
    |values_0_13_V_reg_6852                                                          |  27|   0|   27|          0|
    |values_0_14_V_reg_6777                                                          |  27|   0|   27|          0|
    |values_0_15_V_reg_6857                                                          |  27|   0|   27|          0|
    |values_0_1_V_reg_6822                                                           |  27|   0|   27|          0|
    |values_0_2_V_reg_6747                                                           |  27|   0|   27|          0|
    |values_0_3_V_reg_6827                                                           |  27|   0|   27|          0|
    |values_0_4_V_reg_6752                                                           |  27|   0|   27|          0|
    |values_0_5_V_reg_6832                                                           |  27|   0|   27|          0|
    |values_0_6_V_reg_6757                                                           |  27|   0|   27|          0|
    |values_0_7_V_reg_6837                                                           |  27|   0|   27|          0|
    |values_0_8_V_reg_6762                                                           |  27|   0|   27|          0|
    |values_0_9_V_reg_6842                                                           |  27|   0|   27|          0|
    |values_1_0_V_reg_6902                                                           |  27|   0|   27|          0|
    |values_1_10_V_reg_6927                                                          |  27|   0|   27|          0|
    |values_1_11_V_reg_7007                                                          |  27|   0|   27|          0|
    |values_1_12_V_reg_6932                                                          |  27|   0|   27|          0|
    |values_1_13_V_reg_7012                                                          |  27|   0|   27|          0|
    |values_1_14_V_reg_6937                                                          |  27|   0|   27|          0|
    |values_1_15_V_reg_7017                                                          |  27|   0|   27|          0|
    |values_1_1_V_reg_6982                                                           |  27|   0|   27|          0|
    |values_1_2_V_reg_6907                                                           |  27|   0|   27|          0|
    |values_1_3_V_reg_6987                                                           |  27|   0|   27|          0|
    |values_1_4_V_reg_6912                                                           |  27|   0|   27|          0|
    |values_1_5_V_reg_6992                                                           |  27|   0|   27|          0|
    |values_1_6_V_reg_6917                                                           |  27|   0|   27|          0|
    |values_1_7_V_reg_6997                                                           |  27|   0|   27|          0|
    |values_1_8_V_reg_6922                                                           |  27|   0|   27|          0|
    |values_1_9_V_reg_7002                                                           |  27|   0|   27|          0|
    |values_0_0_V_reg_6742                                                           |  64|  32|   27|          0|
    |values_0_10_V_reg_6767                                                          |  64|  32|   27|          0|
    |values_0_11_V_reg_6847                                                          |  64|  32|   27|          0|
    |values_0_12_V_reg_6772                                                          |  64|  32|   27|          0|
    |values_0_13_V_reg_6852                                                          |  64|  32|   27|          0|
    |values_0_14_V_reg_6777                                                          |  64|  32|   27|          0|
    |values_0_15_V_reg_6857                                                          |  64|  32|   27|          0|
    |values_0_1_V_reg_6822                                                           |  64|  32|   27|          0|
    |values_0_2_V_reg_6747                                                           |  64|  32|   27|          0|
    |values_0_3_V_reg_6827                                                           |  64|  32|   27|          0|
    |values_0_4_V_reg_6752                                                           |  64|  32|   27|          0|
    |values_0_5_V_reg_6832                                                           |  64|  32|   27|          0|
    |values_0_6_V_reg_6757                                                           |  64|  32|   27|          0|
    |values_0_7_V_reg_6837                                                           |  64|  32|   27|          0|
    |values_0_8_V_reg_6762                                                           |  64|  32|   27|          0|
    |values_0_9_V_reg_6842                                                           |  64|  32|   27|          0|
    |values_1_0_V_reg_6902                                                           |  64|  32|   27|          0|
    |values_1_10_V_reg_6927                                                          |  64|  32|   27|          0|
    |values_1_11_V_reg_7007                                                          |  64|  32|   27|          0|
    |values_1_12_V_reg_6932                                                          |  64|  32|   27|          0|
    |values_1_13_V_reg_7012                                                          |  64|  32|   27|          0|
    |values_1_14_V_reg_6937                                                          |  64|  32|   27|          0|
    |values_1_15_V_reg_7017                                                          |  64|  32|   27|          0|
    |values_1_1_V_reg_6982                                                           |  64|  32|   27|          0|
    |values_1_2_V_reg_6907                                                           |  64|  32|   27|          0|
    |values_1_3_V_reg_6987                                                           |  64|  32|   27|          0|
    |values_1_4_V_reg_6912                                                           |  64|  32|   27|          0|
    |values_1_5_V_reg_6992                                                           |  64|  32|   27|          0|
    |values_1_6_V_reg_6917                                                           |  64|  32|   27|          0|
    |values_1_7_V_reg_6997                                                           |  64|  32|   27|          0|
    |values_1_8_V_reg_6922                                                           |  64|  32|   27|          0|
    |values_1_9_V_reg_7002                                                           |  64|  32|   27|          0|
    +--------------------------------------------------------------------------------+----+----+-----+-----------+
    |Total                                                                           |8277|1024| 7093|          0|
    +--------------------------------------------------------------------------------+----+----+-----+-----------+



================================================================
== Interface
================================================================
* Summary: 
+--------------+-----+-----+------------+--------------------------------------------------+--------------+
|   RTL Ports  | Dir | Bits|  Protocol  |                   Source Object                  |    C Type    |
+--------------+-----+-----+------------+--------------------------------------------------+--------------+
|ap_clk        |  in |    1| ap_ctrl_hs | self_attention.0.1.0.1.0.1.0.1.0.1.0.1.0.1.0.1.0 | return value |
|ap_rst        |  in |    1| ap_ctrl_hs | self_attention.0.1.0.1.0.1.0.1.0.1.0.1.0.1.0.1.0 | return value |
|ap_start      |  in |    1| ap_ctrl_hs | self_attention.0.1.0.1.0.1.0.1.0.1.0.1.0.1.0.1.0 | return value |
|ap_done       | out |    1| ap_ctrl_hs | self_attention.0.1.0.1.0.1.0.1.0.1.0.1.0.1.0.1.0 | return value |
|ap_idle       | out |    1| ap_ctrl_hs | self_attention.0.1.0.1.0.1.0.1.0.1.0.1.0.1.0.1.0 | return value |
|ap_ready      | out |    1| ap_ctrl_hs | self_attention.0.1.0.1.0.1.0.1.0.1.0.1.0.1.0.1.0 | return value |
|ap_ce         |  in |    1| ap_ctrl_hs | self_attention.0.1.0.1.0.1.0.1.0.1.0.1.0.1.0.1.0 | return value |
|ap_return_0   | out |   27| ap_ctrl_hs | self_attention.0.1.0.1.0.1.0.1.0.1.0.1.0.1.0.1.0 | return value |
|ap_return_1   | out |   27| ap_ctrl_hs | self_attention.0.1.0.1.0.1.0.1.0.1.0.1.0.1.0.1.0 | return value |
|ap_return_2   | out |   27| ap_ctrl_hs | self_attention.0.1.0.1.0.1.0.1.0.1.0.1.0.1.0.1.0 | return value |
|ap_return_3   | out |   27| ap_ctrl_hs | self_attention.0.1.0.1.0.1.0.1.0.1.0.1.0.1.0.1.0 | return value |
|ap_return_4   | out |   27| ap_ctrl_hs | self_attention.0.1.0.1.0.1.0.1.0.1.0.1.0.1.0.1.0 | return value |
|ap_return_5   | out |   27| ap_ctrl_hs | self_attention.0.1.0.1.0.1.0.1.0.1.0.1.0.1.0.1.0 | return value |
|ap_return_6   | out |   27| ap_ctrl_hs | self_attention.0.1.0.1.0.1.0.1.0.1.0.1.0.1.0.1.0 | return value |
|ap_return_7   | out |   27| ap_ctrl_hs | self_attention.0.1.0.1.0.1.0.1.0.1.0.1.0.1.0.1.0 | return value |
|ap_return_8   | out |   27| ap_ctrl_hs | self_attention.0.1.0.1.0.1.0.1.0.1.0.1.0.1.0.1.0 | return value |
|ap_return_9   | out |   27| ap_ctrl_hs | self_attention.0.1.0.1.0.1.0.1.0.1.0.1.0.1.0.1.0 | return value |
|ap_return_10  | out |   27| ap_ctrl_hs | self_attention.0.1.0.1.0.1.0.1.0.1.0.1.0.1.0.1.0 | return value |
|ap_return_11  | out |   27| ap_ctrl_hs | self_attention.0.1.0.1.0.1.0.1.0.1.0.1.0.1.0.1.0 | return value |
|ap_return_12  | out |   27| ap_ctrl_hs | self_attention.0.1.0.1.0.1.0.1.0.1.0.1.0.1.0.1.0 | return value |
|ap_return_13  | out |   27| ap_ctrl_hs | self_attention.0.1.0.1.0.1.0.1.0.1.0.1.0.1.0.1.0 | return value |
|ap_return_14  | out |   27| ap_ctrl_hs | self_attention.0.1.0.1.0.1.0.1.0.1.0.1.0.1.0.1.0 | return value |
|ap_return_15  | out |   27| ap_ctrl_hs | self_attention.0.1.0.1.0.1.0.1.0.1.0.1.0.1.0.1.0 | return value |
|ap_return_16  | out |   27| ap_ctrl_hs | self_attention.0.1.0.1.0.1.0.1.0.1.0.1.0.1.0.1.0 | return value |
|ap_return_17  | out |   27| ap_ctrl_hs | self_attention.0.1.0.1.0.1.0.1.0.1.0.1.0.1.0.1.0 | return value |
|ap_return_18  | out |   27| ap_ctrl_hs | self_attention.0.1.0.1.0.1.0.1.0.1.0.1.0.1.0.1.0 | return value |
|ap_return_19  | out |   27| ap_ctrl_hs | self_attention.0.1.0.1.0.1.0.1.0.1.0.1.0.1.0.1.0 | return value |
|ap_return_20  | out |   27| ap_ctrl_hs | self_attention.0.1.0.1.0.1.0.1.0.1.0.1.0.1.0.1.0 | return value |
|ap_return_21  | out |   27| ap_ctrl_hs | self_attention.0.1.0.1.0.1.0.1.0.1.0.1.0.1.0.1.0 | return value |
|ap_return_22  | out |   27| ap_ctrl_hs | self_attention.0.1.0.1.0.1.0.1.0.1.0.1.0.1.0.1.0 | return value |
|ap_return_23  | out |   27| ap_ctrl_hs | self_attention.0.1.0.1.0.1.0.1.0.1.0.1.0.1.0.1.0 | return value |
|ap_return_24  | out |   27| ap_ctrl_hs | self_attention.0.1.0.1.0.1.0.1.0.1.0.1.0.1.0.1.0 | return value |
|ap_return_25  | out |   27| ap_ctrl_hs | self_attention.0.1.0.1.0.1.0.1.0.1.0.1.0.1.0.1.0 | return value |
|ap_return_26  | out |   27| ap_ctrl_hs | self_attention.0.1.0.1.0.1.0.1.0.1.0.1.0.1.0.1.0 | return value |
|ap_return_27  | out |   27| ap_ctrl_hs | self_attention.0.1.0.1.0.1.0.1.0.1.0.1.0.1.0.1.0 | return value |
|ap_return_28  | out |   27| ap_ctrl_hs | self_attention.0.1.0.1.0.1.0.1.0.1.0.1.0.1.0.1.0 | return value |
|ap_return_29  | out |   27| ap_ctrl_hs | self_attention.0.1.0.1.0.1.0.1.0.1.0.1.0.1.0.1.0 | return value |
|ap_return_30  | out |   27| ap_ctrl_hs | self_attention.0.1.0.1.0.1.0.1.0.1.0.1.0.1.0.1.0 | return value |
|ap_return_31  | out |   27| ap_ctrl_hs | self_attention.0.1.0.1.0.1.0.1.0.1.0.1.0.1.0.1.0 | return value |
|p_read        |  in |   27|   ap_none  |                      p_read                      |    scalar    |
|p_read1       |  in |   27|   ap_none  |                      p_read1                     |    scalar    |
|p_read2       |  in |   27|   ap_none  |                      p_read2                     |    scalar    |
|p_read3       |  in |   27|   ap_none  |                      p_read3                     |    scalar    |
|p_read4       |  in |   27|   ap_none  |                      p_read4                     |    scalar    |
|p_read5       |  in |   27|   ap_none  |                      p_read5                     |    scalar    |
|p_read6       |  in |   27|   ap_none  |                      p_read6                     |    scalar    |
|p_read7       |  in |   27|   ap_none  |                      p_read7                     |    scalar    |
|p_read8       |  in |   27|   ap_none  |                      p_read8                     |    scalar    |
|p_read9       |  in |   27|   ap_none  |                      p_read9                     |    scalar    |
|p_read10      |  in |   27|   ap_none  |                     p_read10                     |    scalar    |
|p_read11      |  in |   27|   ap_none  |                     p_read11                     |    scalar    |
|p_read12      |  in |   27|   ap_none  |                     p_read12                     |    scalar    |
|p_read13      |  in |   27|   ap_none  |                     p_read13                     |    scalar    |
|p_read14      |  in |   27|   ap_none  |                     p_read14                     |    scalar    |
|p_read15      |  in |   27|   ap_none  |                     p_read15                     |    scalar    |
+--------------+-----+-----+------------+--------------------------------------------------+--------------+

