-0.62085 -0.960205 -6.79199 -6.40796 -2.5415 
3.521 0.755127 -1.56543 -1.46338 4.91211 
-1.01782 -0.533203 -6.11768 -5.90698 -2.99561 
-1.88379 -2.25415 -2.28467 -3.42041 -0.495117 
-2.37476 -2.44702 -1.7063 -3.37769 -0.499268 
-1.37012 -1.28613 -3.83887 -4.10815 -0.835693 
1.8501 -0.177979 -5.5813 -5.39502 -0.51001 
-0.935791 -2.42065 -4.177 -4.34546 -0.709961 
2.25854 -0.101807 -4.98779 -4.74756 0.281006 
1.90015 0.0231934 -5.50977 -5.38013 -0.503906 
-0.45459 -1.4436 -6.16333 -6.26196 -2.06494 
-0.908447 -1.14917 -5.82373 -5.83691 -1.2832 
-0.928223 -0.613281 -6.01343 -5.65332 -2.81396 
-0.920166 -3.20142 -6.44849 -6.56152 0.866211 
-0.738037 -0.77832 -6.38354 -6.2356 -2.78589 
-0.379883 -2.12476 -6.29761 -6.21948 -1.63208 
-0.73999 -0.928467 -6.16089 -5.54224 -2.0835 
-0.497314 -1.16235 -7.50806 -8.1792 -2.50854 
-0.289307 -1.7146 -7.08154 -6.56543 -2.64722 
-0.842773 -1.78271 -4.51196 -4.90088 -0.953857 
-1.15576 -1.33447 -4.10156 -4.52637 -0.922852 
-0.689453 -0.906494 -6.22949 -5.69434 -2.38843 
-1.95459 -2.50586 -2.62183 -4.08301 -0.370605 
-0.329346 -2.83154 -5.94653 -6.49683 1.08008 
-1.76953 -2.48389 -2.21875 -3.39063 -0.501709 
-0.998535 -1.21118 -5.5166 -5.61523 -1.11597 
-0.471191 -1.57813 -5.81714 -5.94434 -1.80298 
-1.26636 -2.68115 -3.55054 -4.41699 -0.493164 
1.854 0.0141602 -5.5918 -5.41895 -0.534912 
-1.7312 -1.73193 -2.43774 -3.25488 -0.650146 
-1.70313 -3.71973 -6.3479 -6.64185 -0.231689 
-1.06543 -0.496338 -6.72095 -6.45264 -3.06226 
-0.581055 -2.78394 -5.40405 -5.71631 -0.990234 
-1.6355 -2.65332 -2.67383 -4.18286 -0.428223 
-0.481445 -1.83887 -6.21631 -6.0813 -1.51245 
0.361084 -1.94971 -4.66162 -5.28418 2.26245 
-1.72974 -2.88867 -4.64355 -4.33423 -0.29248 
-1.7085 -3.2644 -5.40869 -4.91968 -0.259277 
-0.45874 -1.28687 -7.39209 -7.30908 -2.39526 
-0.634521 -1.67896 -5.0896 -5.19116 -1.29614 
-1.88086 -2.55054 -2.60669 -4.28076 -0.379395 
-1.40332 -1.78174 -3.54932 -3.66602 -0.62793 
-0.606201 -1.10645 -6.89185 -6.85376 -2.09082 
-0.583984 -3.20313 -6.65698 -6.5542 0.898193 
-1.27295 -3.6123 -5.92432 -6.23657 -0.369873 
-1.72437 -3.37769 -5.28369 -5.74341 -0.246094 
1.81445 -0.394043 -5.63599 -5.43091 -0.358643 
-0.279541 -2.13745 -6.89478 -6.7876 -2.06445 
-1.10303 -0.523193 -5.84106 -5.61792 -2.65039 
-1.33179 -2.03125 -3.63672 -4.48242 -0.563965 
-1.24854 -3.64355 -6.56689 -7.88306 -0.374756 
-1.19629 -2.88232 -3.52051 -4.15454 -0.512207 
-0.463867 -2.14624 -5.71777 -4.75952 -1.40625 
-0.90625 -1.59473 -4.68311 -4.89673 -0.973145 
-1.49976 -2.5354 -2.98242 -4.30957 -0.453857 
-1.35498 -2.30298 -3.2334 -3.87305 -0.538574 
-0.733887 -2.72192 -5.11963 -5.48218 -0.805664 
-0.995361 -2.39648 -4.1272 -4.82861 -0.661865 
-2.53125 -2.88623 -2.03833 -3.75317 -0.337402 
-0.530762 -2.92236 -5.62036 -5.77783 -1.04077 
-0.808105 -1.77417 -4.92822 -5.15723 -0.987549 
-0.698242 -2.13477 -4.96802 -5.36841 -0.981445 
-0.540771 -1.03174 -7.1582 -7.08813 -2.77393 
-0.815186 -2.87646 -5.68506 -6.3606 1.07446 
-0.644043 -1.48853 -5.45166 -5.82007 -1.4104 
0.50708 -1.94897 -5.02686 -5.68335 1.61719 
1.39282 -1.27783 -6.07666 -5.50513 -0.804688 
-0.711182 -1.01587 -6.68213 -6.13257 -1.92236 
-1.30347 -2.96875 -3.14893 -4.30835 -0.474854 
-1.47632 -3.28052 -4.81445 -4.4707 -0.331787 
-1.18579 -1.27612 -3.30981 -3.12476 -1.08643 
-0.648926 -2.85645 -6.79248 -6.73535 -0.866455 
-1.55176 -3.73022 -6.45337 -6.30713 -0.27124 
-0.908936 -2.30371 -3.97437 -4.54199 -0.755615 
-0.556152 -2.22583 -5.66943 -5.89185 -1.1543 
-1.03735 -3.06592 -5.56177 -7.15015 -0.517578 
-0.337402 -2.39551 -6.6272 -6.7168 -1.64185 
1.44067 -0.48584 -3.72607 -4.47656 2.83813 
-0.756104 -1.79663 -5.48145 -5.40283 -1.02759 
-1.28223 -1.31812 -3.35059 -4.04028 -0.901855 
-0.54126 -1.50635 -6.45703 -6.5332 -1.6311 
-1.02637 -1.29224 -5.84814 -6.25073 -1.0105 
2.14819 0.360107 -5.21533 -5.09741 -0.200195 
-0.95166 -2.7478 -4.91992 -5.25 -0.617432 
-0.293213 -1.78223 -7.37256 -7.31982 -2.43286 
-0.616455 -1.79102 -4.67456 -4.93774 -1.28052 
-1.40063 -1.896 -2.75317 -3.66748 -0.660889 
-0.801514 -1.20874 -5.77661 -5.74707 -1.39331 
-0.433594 -1.31104 -6.75903 -6.3186 -2.52051 
-0.461914 -2.87817 -6.22388 -6.2666 -1.1687 
-0.858154 -3.27759 -6.16675 -6.95068 -0.620117 
-0.815186 -0.865234 -6.08716 -6.14868 -2.00488 
-1 -1.99683 -4.05884 -4.60596 -0.75415 
-1.71118 -4.04248 -6.71924 -6.51147 1.77222 
-1.13672 -0.960205 -4.4834 -4.87769 -1.26953 
-1.16455 -0.470215 -6.72534 -6.30127 -2.8042 
-1.21387 -3.77783 -6.44946 -7.22729 -0.387207 
0.783691 0.28418 -7.00903 -6.85327 -2.15796 
-1.01343 -1.73169 -4.21582 -4.3772 -0.834473 
-1.17627 -1.10205 -4.42432 -3.73096 -1.12256 
