

================================================================
== Vivado HLS Report for 'dense_latency_ap_fixed_ap_fixed_mlp_config_0_0_0_0_0_0'
================================================================
* Date:           Fri May  6 04:55:15 2022

* Version:        2019.2 (Build 2704478 on Wed Nov 06 22:10:23 MST 2019)
* Project:        myproject_prj
* Solution:       solution1
* Product family: virtexuplus
* Target device:  xcu250-figd2104-2L-e


================================================================
== Performance Estimates
================================================================
+ Timing: 
    * Summary: 
    +--------+---------+----------+------------+
    |  Clock |  Target | Estimated| Uncertainty|
    +--------+---------+----------+------------+
    |ap_clk  | 5.00 ns | 4.233 ns |   0.62 ns  |
    +--------+---------+----------+------------+

+ Latency: 
    * Summary: 
    +---------+---------+----------+----------+-----+-----+----------+
    |  Latency (cycles) |  Latency (absolute) |  Interval | Pipeline |
    |   min   |   max   |    min   |    max   | min | max |   Type   |
    +---------+---------+----------+----------+-----+-----+----------+
    |        1|        1| 5.000 ns | 5.000 ns |    1|    1| function |
    +---------+---------+----------+----------+-----+-----+----------+

    + Detail: 
        * Instance: 
        N/A

        * Loop: 
        N/A



================================================================
== Utilization Estimates
================================================================
* Summary: 
+---------------------+---------+-------+---------+---------+------+
|         Name        | BRAM_18K| DSP48E|    FF   |   LUT   | URAM |
+---------------------+---------+-------+---------+---------+------+
|DSP                  |        -|      -|        -|        -|     -|
|Expression           |        -|     75|        0|     5116|     -|
|FIFO                 |        -|      -|        -|        -|     -|
|Instance             |        -|      -|        -|        -|     -|
|Memory               |        -|      -|        -|        -|     -|
|Multiplexer          |        -|      -|        -|       45|     -|
|Register             |        -|      -|      863|        -|     -|
+---------------------+---------+-------+---------+---------+------+
|Total                |        0|     75|      863|     5161|     0|
+---------------------+---------+-------+---------+---------+------+
|Available SLR        |     1344|   3072|   864000|   432000|   320|
+---------------------+---------+-------+---------+---------+------+
|Utilization SLR (%)  |        0|      2|    ~0   |        1|     0|
+---------------------+---------+-------+---------+---------+------+
|Available            |     5376|  12288|  3456000|  1728000|  1280|
+---------------------+---------+-------+---------+---------+------+
|Utilization (%)      |        0|   ~0  |    ~0   |    ~0   |     0|
+---------------------+---------+-------+---------+---------+------+

+ Detail: 
    * Instance: 
    N/A

    * DSP48E: 
    N/A

    * Memory: 
    N/A

    * FIFO: 
    N/A

    * Expression: 
    +----------------------------+----------+-------+---+----+------------+------------+
    |        Variable Name       | Operation| DSP48E| FF| LUT| Bitwidth P0| Bitwidth P1|
    +----------------------------+----------+-------+---+----+------------+------------+
    |mul_ln1118_1004_fu_440_p2   |     *    |      1|  0|  45|          27|           8|
    |mul_ln1118_1005_fu_398_p2   |     *    |      1|  0|  45|          27|          11|
    |mul_ln1118_1006_fu_428_p2   |     *    |      1|  0|  45|          27|          10|
    |mul_ln1118_1007_fu_403_p2   |     *    |      1|  0|  45|          27|          11|
    |mul_ln1118_1008_fu_375_p2   |     *    |      1|  0|  45|          27|          11|
    |mul_ln1118_1009_fu_434_p2   |     *    |      1|  0|  45|          27|          11|
    |mul_ln1118_1010_fu_400_p2   |     *    |      1|  0|  45|          27|           8|
    |mul_ln1118_1011_fu_436_p2   |     *    |      1|  0|  45|          27|          11|
    |mul_ln1118_1012_fu_385_p2   |     *    |      1|  0|  45|          27|          12|
    |mul_ln1118_1013_fu_412_p2   |     *    |      1|  0|  45|          27|           9|
    |mul_ln1118_1014_fu_387_p2   |     *    |      1|  0|  45|          27|          12|
    |mul_ln1118_1015_fu_432_p2   |     *    |      1|  0|  45|          27|           9|
    |mul_ln1118_1016_fu_371_p2   |     *    |      1|  0|  45|          27|           9|
    |mul_ln1118_1017_fu_393_p2   |     *    |      1|  0|  45|          27|          10|
    |mul_ln1118_1018_fu_397_p2   |     *    |      1|  0|  45|          27|          10|
    |mul_ln1118_1019_fu_395_p2   |     *    |      1|  0|  45|          27|          11|
    |mul_ln1118_1020_fu_417_p2   |     *    |      1|  0|  45|          27|          10|
    |mul_ln1118_1021_fu_430_p2   |     *    |      1|  0|  45|          27|          10|
    |mul_ln1118_1022_fu_388_p2   |     *    |      1|  0|  45|          27|          10|
    |mul_ln1118_1023_fu_382_p2   |     *    |      1|  0|  45|          27|          11|
    |mul_ln1118_1024_fu_380_p2   |     *    |      1|  0|  45|          27|           9|
    |mul_ln1118_1025_fu_384_p2   |     *    |      1|  0|  45|          27|          10|
    |mul_ln1118_1026_fu_405_p2   |     *    |      1|  0|  45|          27|           8|
    |mul_ln1118_1027_fu_439_p2   |     *    |      1|  0|  45|          27|          11|
    |mul_ln1118_1028_fu_422_p2   |     *    |      1|  0|  45|          27|           8|
    |mul_ln1118_1029_fu_394_p2   |     *    |      1|  0|  45|          27|          11|
    |mul_ln1118_1030_fu_366_p2   |     *    |      1|  0|  45|          27|           8|
    |mul_ln1118_1031_fu_418_p2   |     *    |      1|  0|  45|          27|          12|
    |mul_ln1118_1032_fu_376_p2   |     *    |      1|  0|  45|          27|          10|
    |mul_ln1118_1033_fu_372_p2   |     *    |      1|  0|  45|          27|          10|
    |mul_ln1118_1034_fu_431_p2   |     *    |      1|  0|  45|          27|          10|
    |mul_ln1118_1035_fu_377_p2   |     *    |      1|  0|  45|          27|          12|
    |mul_ln1118_1036_fu_378_p2   |     *    |      1|  0|  45|          27|           8|
    |mul_ln1118_1037_fu_370_p2   |     *    |      1|  0|  45|          27|          10|
    |mul_ln1118_1038_fu_423_p2   |     *    |      1|  0|  45|          27|          11|
    |mul_ln1118_1039_fu_362_p2   |     *    |      1|  0|  45|          27|           9|
    |mul_ln1118_1040_fu_414_p2   |     *    |      1|  0|  45|          27|           8|
    |mul_ln1118_1041_fu_389_p2   |     *    |      1|  0|  45|          27|          11|
    |mul_ln1118_1042_fu_429_p2   |     *    |      1|  0|  45|          27|           9|
    |mul_ln1118_1043_fu_425_p2   |     *    |      1|  0|  45|          27|          12|
    |mul_ln1118_1044_fu_421_p2   |     *    |      1|  0|  45|          27|          11|
    |mul_ln1118_1045_fu_367_p2   |     *    |      1|  0|  45|          27|          11|
    |mul_ln1118_1046_fu_426_p2   |     *    |      1|  0|  45|          27|          10|
    |mul_ln1118_1047_fu_407_p2   |     *    |      1|  0|  45|          27|          10|
    |mul_ln1118_1048_fu_381_p2   |     *    |      1|  0|  45|          27|          12|
    |mul_ln1118_1049_fu_415_p2   |     *    |      1|  0|  45|          27|          10|
    |mul_ln1118_1050_fu_404_p2   |     *    |      1|  0|  45|          27|          12|
    |mul_ln1118_1051_fu_437_p2   |     *    |      1|  0|  45|          27|          12|
    |mul_ln1118_1052_fu_438_p2   |     *    |      1|  0|  45|          27|           8|
    |mul_ln1118_1053_fu_413_p2   |     *    |      1|  0|  45|          27|          11|
    |mul_ln1118_1054_fu_401_p2   |     *    |      1|  0|  45|          27|          12|
    |mul_ln1118_1055_fu_424_p2   |     *    |      1|  0|  45|          27|          10|
    |mul_ln1118_1056_fu_396_p2   |     *    |      1|  0|  45|          27|          12|
    |mul_ln1118_1057_fu_368_p2   |     *    |      1|  0|  45|          27|           8|
    |mul_ln1118_1058_fu_369_p2   |     *    |      1|  0|  45|          27|          10|
    |mul_ln1118_1059_fu_441_p2   |     *    |      1|  0|  45|          27|          11|
    |mul_ln1118_1060_fu_399_p2   |     *    |      1|  0|  45|          27|          11|
    |mul_ln1118_1061_fu_386_p2   |     *    |      1|  0|  45|          27|           7|
    |mul_ln1118_1062_fu_379_p2   |     *    |      1|  0|  45|          27|           9|
    |mul_ln1118_1063_fu_409_p2   |     *    |      1|  0|  45|          27|          11|
    |mul_ln1118_1064_fu_390_p2   |     *    |      1|  0|  45|          27|          11|
    |mul_ln1118_1065_fu_363_p2   |     *    |      1|  0|  45|          27|           8|
    |mul_ln1118_1066_fu_416_p2   |     *    |      1|  0|  45|          27|           9|
    |mul_ln1118_1067_fu_419_p2   |     *    |      1|  0|  45|          27|          12|
    |mul_ln1118_1068_fu_391_p2   |     *    |      1|  0|  45|          27|          10|
    |mul_ln1118_1069_fu_392_p2   |     *    |      1|  0|  45|          27|          10|
    |mul_ln1118_1070_fu_433_p2   |     *    |      1|  0|  45|          27|          10|
    |mul_ln1118_1071_fu_410_p2   |     *    |      1|  0|  45|          27|          11|
    |mul_ln1118_1072_fu_427_p2   |     *    |      1|  0|  45|          27|          11|
    |mul_ln1118_1073_fu_373_p2   |     *    |      1|  0|  45|          27|          12|
    |mul_ln1118_1074_fu_406_p2   |     *    |      1|  0|  45|          27|          10|
    |mul_ln1118_1075_fu_435_p2   |     *    |      1|  0|  45|          27|          10|
    |mul_ln1118_1076_fu_374_p2   |     *    |      1|  0|  45|          27|          10|
    |mul_ln1118_1077_fu_408_p2   |     *    |      1|  0|  45|          27|          12|
    |mul_ln1118_fu_364_p2        |     *    |      1|  0|  45|          27|          12|
    |acc_1_V_fu_26839_p2         |     +    |      0|  0|  16|          27|          27|
    |acc_2_V_fu_26862_p2         |     +    |      0|  0|  16|          27|          27|
    |acc_3_V_fu_26892_p2         |     +    |      0|  0|  16|          27|          27|
    |acc_4_V_fu_26911_p2         |     +    |      0|  0|  16|          27|          27|
    |add_ln1118_15_fu_26791_p2   |     +    |      0|  0|  39|          39|          39|
    |add_ln1118_16_fu_26325_p2   |     +    |      0|  0|  38|          38|          38|
    |add_ln1118_fu_25924_p2      |     +    |      0|  0|  35|          35|          35|
    |add_ln703_1040_fu_26403_p2  |     +    |      0|  0|  27|          27|          27|
    |add_ln703_1041_fu_26409_p2  |     +    |      0|  0|  16|          27|          27|
    |add_ln703_1042_fu_26415_p2  |     +    |      0|  0|  16|          27|          27|
    |add_ln703_1043_fu_26421_p2  |     +    |      0|  0|  27|          27|          27|
    |add_ln703_1044_fu_26427_p2  |     +    |      0|  0|  16|          27|          27|
    |add_ln703_1045_fu_26807_p2  |     +    |      0|  0|  16|          27|          27|
    |add_ln703_1046_fu_26433_p2  |     +    |      0|  0|  27|          27|          27|
    |add_ln703_1047_fu_26439_p2  |     +    |      0|  0|  27|          27|          27|
    |add_ln703_1048_fu_26811_p2  |     +    |      0|  0|  16|          27|          27|
    |add_ln703_1049_fu_26445_p2  |     +    |      0|  0|  16|          27|          27|
    |add_ln703_1050_fu_26451_p2  |     +    |      0|  0|  16|          27|          10|
    |add_ln703_1051_fu_26457_p2  |     +    |      0|  0|  16|          27|          27|
    |add_ln703_1052_fu_26463_p2  |     +    |      0|  0|  16|          27|          27|
    |add_ln703_1053_fu_26815_p2  |     +    |      0|  0|  16|          27|          27|
    |add_ln703_1054_fu_26820_p2  |     +    |      0|  0|  16|          27|          27|
    |add_ln703_1055_fu_26469_p2  |     +    |      0|  0|  16|          27|          27|
    |add_ln703_1056_fu_26475_p2  |     +    |      0|  0|  27|          27|          27|
    |add_ln703_1057_fu_26481_p2  |     +    |      0|  0|  16|          27|          27|
    |add_ln703_1058_fu_26487_p2  |     +    |      0|  0|  16|          27|          27|
    |add_ln703_1059_fu_26493_p2  |     +    |      0|  0|  27|          27|          27|
    |add_ln703_1060_fu_26499_p2  |     +    |      0|  0|  16|          27|          27|
    |add_ln703_1061_fu_26826_p2  |     +    |      0|  0|  16|          27|          27|
    |add_ln703_1062_fu_26505_p2  |     +    |      0|  0|  27|          27|          27|
    |add_ln703_1063_fu_26511_p2  |     +    |      0|  0|  27|          27|          27|
    |add_ln703_1064_fu_26830_p2  |     +    |      0|  0|  16|          27|          27|
    |add_ln703_1065_fu_26517_p2  |     +    |      0|  0|  24|          24|          24|
    |add_ln703_1066_fu_26527_p2  |     +    |      0|  0|  27|          27|          10|
    |add_ln703_1067_fu_26533_p2  |     +    |      0|  0|  16|          27|          27|
    |add_ln703_1068_fu_26539_p2  |     +    |      0|  0|  16|          27|          27|
    |add_ln703_1069_fu_26834_p2  |     +    |      0|  0|  16|          27|          27|
    |add_ln703_1071_fu_26545_p2  |     +    |      0|  0|  16|          27|          27|
    |add_ln703_1072_fu_26551_p2  |     +    |      0|  0|  26|          26|          26|
    |add_ln703_1073_fu_26561_p2  |     +    |      0|  0|  16|          27|          27|
    |add_ln703_1074_fu_26567_p2  |     +    |      0|  0|  16|          27|          27|
    |add_ln703_1075_fu_26573_p2  |     +    |      0|  0|  27|          27|          27|
    |add_ln703_1076_fu_26579_p2  |     +    |      0|  0|  16|          27|          27|
    |add_ln703_1077_fu_26845_p2  |     +    |      0|  0|  16|          27|          27|
    |add_ln703_1078_fu_26585_p2  |     +    |      0|  0|  27|          27|          27|
    |add_ln703_1079_fu_26591_p2  |     +    |      0|  0|  25|          25|          25|
    |add_ln703_1080_fu_26852_p2  |     +    |      0|  0|  16|          27|          27|
    |add_ln703_1081_fu_26597_p2  |     +    |      0|  0|  26|          26|          26|
    |add_ln703_1082_fu_26607_p2  |     +    |      0|  0|  27|          27|          11|
    |add_ln703_1083_fu_26613_p2  |     +    |      0|  0|  16|          27|          27|
    |add_ln703_1084_fu_26619_p2  |     +    |      0|  0|  16|          27|          27|
    |add_ln703_1085_fu_26857_p2  |     +    |      0|  0|  16|          27|          27|
    |add_ln703_1087_fu_26625_p2  |     +    |      0|  0|  16|          27|          27|
    |add_ln703_1088_fu_26631_p2  |     +    |      0|  0|  26|          26|          26|
    |add_ln703_1089_fu_26641_p2  |     +    |      0|  0|  16|          27|          27|
    |add_ln703_1090_fu_26647_p2  |     +    |      0|  0|  16|          27|          27|
    |add_ln703_1091_fu_26653_p2  |     +    |      0|  0|  26|          26|          26|
    |add_ln703_1092_fu_26663_p2  |     +    |      0|  0|  16|          27|          27|
    |add_ln703_1093_fu_26868_p2  |     +    |      0|  0|  16|          27|          27|
    |add_ln703_1094_fu_26669_p2  |     +    |      0|  0|  27|          27|          27|
    |add_ln703_1095_fu_26675_p2  |     +    |      0|  0|  27|          27|          27|
    |add_ln703_1096_fu_26872_p2  |     +    |      0|  0|  16|          27|          27|
    |add_ln703_1097_fu_26876_p2  |     +    |      0|  0|  16|          27|          27|
    |add_ln703_1098_fu_26681_p2  |     +    |      0|  0|  26|          26|           9|
    |add_ln703_1099_fu_26691_p2  |     +    |      0|  0|  27|          27|          27|
    |add_ln703_1100_fu_26881_p2  |     +    |      0|  0|  16|          27|          27|
    |add_ln703_1101_fu_26886_p2  |     +    |      0|  0|  16|          27|          27|
    |add_ln703_1103_fu_26697_p2  |     +    |      0|  0|  16|          27|          27|
    |add_ln703_1104_fu_26703_p2  |     +    |      0|  0|  27|          27|          27|
    |add_ln703_1105_fu_26709_p2  |     +    |      0|  0|  16|          27|          27|
    |add_ln703_1106_fu_26715_p2  |     +    |      0|  0|  16|          27|          27|
    |add_ln703_1107_fu_26721_p2  |     +    |      0|  0|  27|          27|          27|
    |add_ln703_1108_fu_26727_p2  |     +    |      0|  0|  16|          27|          27|
    |add_ln703_1109_fu_26898_p2  |     +    |      0|  0|  16|          27|          27|
    |add_ln703_1110_fu_26733_p2  |     +    |      0|  0|  27|          27|          27|
    |add_ln703_1111_fu_26739_p2  |     +    |      0|  0|  27|          27|          27|
    |add_ln703_1112_fu_26902_p2  |     +    |      0|  0|  16|          27|          27|
    |add_ln703_1113_fu_26745_p2  |     +    |      0|  0|  16|          27|          27|
    |add_ln703_1114_fu_26751_p2  |     +    |      0|  0|  16|          27|           8|
    |add_ln703_1115_fu_26757_p2  |     +    |      0|  0|  16|          27|          27|
    |add_ln703_1116_fu_26763_p2  |     +    |      0|  0|  16|          27|          27|
    |add_ln703_1117_fu_26906_p2  |     +    |      0|  0|  16|          27|          27|
    |add_ln703_fu_26397_p2       |     +    |      0|  0|  16|          27|          27|
    |sub_ln1118_75_fu_25721_p2   |     -    |      0|  0|  36|          36|          36|
    |sub_ln1118_fu_25651_p2      |     -    |      0|  0|  37|          37|          37|
    +----------------------------+----------+-------+---+----+------------+------------+
    |Total                       |          |     75|  0|5116|        4360|        3016|
    +----------------------------+----------+-------+---+----+------------+------------+

    * Multiplexer: 
    +-------------+----+-----------+-----+-----------+
    |     Name    | LUT| Input Size| Bits| Total Bits|
    +-------------+----+-----------+-----+-----------+
    |ap_return_0  |   9|          2|   27|         54|
    |ap_return_1  |   9|          2|   27|         54|
    |ap_return_2  |   9|          2|   27|         54|
    |ap_return_3  |   9|          2|   27|         54|
    |ap_return_4  |   9|          2|   27|         54|
    +-------------+----+-----------+-----+-----------+
    |Total        |  45|         10|  135|        270|
    +-------------+----+-----------+-----+-----------+

    * Register: 
    +----------------------------+----+----+-----+-----------+
    |            Name            | FF | LUT| Bits| Const Bits|
    +----------------------------+----+----+-----+-----------+
    |add_ln703_1041_reg_26958    |  27|   0|   27|          0|
    |add_ln703_1044_reg_26963    |  27|   0|   27|          0|
    |add_ln703_1046_reg_26968    |  27|   0|   27|          0|
    |add_ln703_1047_reg_26973    |  27|   0|   27|          0|
    |add_ln703_1052_reg_26978    |  27|   0|   27|          0|
    |add_ln703_1057_reg_26983    |  27|   0|   27|          0|
    |add_ln703_1060_reg_26988    |  27|   0|   27|          0|
    |add_ln703_1062_reg_26993    |  27|   0|   27|          0|
    |add_ln703_1063_reg_26998    |  27|   0|   27|          0|
    |add_ln703_1068_reg_27003    |  27|   0|   27|          0|
    |add_ln703_1073_reg_27008    |  27|   0|   27|          0|
    |add_ln703_1076_reg_27013    |  27|   0|   27|          0|
    |add_ln703_1078_reg_27018    |  27|   0|   27|          0|
    |add_ln703_1079_reg_27023    |  25|   0|   25|          0|
    |add_ln703_1084_reg_27028    |  27|   0|   27|          0|
    |add_ln703_1089_reg_27033    |  27|   0|   27|          0|
    |add_ln703_1092_reg_27038    |  27|   0|   27|          0|
    |add_ln703_1094_reg_27043    |  27|   0|   27|          0|
    |add_ln703_1095_reg_27048    |  27|   0|   27|          0|
    |add_ln703_1099_reg_27053    |  27|   0|   27|          0|
    |add_ln703_1105_reg_27058    |  27|   0|   27|          0|
    |add_ln703_1108_reg_27063    |  27|   0|   27|          0|
    |add_ln703_1110_reg_27068    |  27|   0|   27|          0|
    |add_ln703_1111_reg_27073    |  27|   0|   27|          0|
    |add_ln703_1116_reg_27078    |  27|   0|   27|          0|
    |ap_ce_reg                   |   1|   0|    1|          0|
    |ap_return_0_int_reg         |  27|   0|   27|          0|
    |ap_return_1_int_reg         |  27|   0|   27|          0|
    |ap_return_2_int_reg         |  27|   0|   27|          0|
    |ap_return_3_int_reg         |  27|   0|   27|          0|
    |ap_return_4_int_reg         |  27|   0|   27|          0|
    |data_12_V_read13_reg_26947  |  27|   0|   27|          0|
    |trunc_ln708_229_reg_26953   |  27|   0|   27|          0|
    +----------------------------+----+----+-----+-----------+
    |Total                       | 863|   0|  863|          0|
    +----------------------------+----+----+-----+-----------+



================================================================
== Interface
================================================================
* Summary: 
+----------------+-----+-----+------------+---------------------------------------------------------+--------------+
|    RTL Ports   | Dir | Bits|  Protocol  |                      Source Object                      |    C Type    |
+----------------+-----+-----+------------+---------------------------------------------------------+--------------+
|ap_clk          |  in |    1| ap_ctrl_hs | dense_latency<ap_fixed,ap_fixed,mlp_config>.0.0.0.0.0.0 | return value |
|ap_rst          |  in |    1| ap_ctrl_hs | dense_latency<ap_fixed,ap_fixed,mlp_config>.0.0.0.0.0.0 | return value |
|ap_return_0     | out |   27| ap_ctrl_hs | dense_latency<ap_fixed,ap_fixed,mlp_config>.0.0.0.0.0.0 | return value |
|ap_return_1     | out |   27| ap_ctrl_hs | dense_latency<ap_fixed,ap_fixed,mlp_config>.0.0.0.0.0.0 | return value |
|ap_return_2     | out |   27| ap_ctrl_hs | dense_latency<ap_fixed,ap_fixed,mlp_config>.0.0.0.0.0.0 | return value |
|ap_return_3     | out |   27| ap_ctrl_hs | dense_latency<ap_fixed,ap_fixed,mlp_config>.0.0.0.0.0.0 | return value |
|ap_return_4     | out |   27| ap_ctrl_hs | dense_latency<ap_fixed,ap_fixed,mlp_config>.0.0.0.0.0.0 | return value |
|ap_ce           |  in |    1| ap_ctrl_hs | dense_latency<ap_fixed,ap_fixed,mlp_config>.0.0.0.0.0.0 | return value |
|data_0_V_read   |  in |   27|   ap_none  |                      data_0_V_read                      |    scalar    |
|data_1_V_read   |  in |   27|   ap_none  |                      data_1_V_read                      |    scalar    |
|data_2_V_read   |  in |   27|   ap_none  |                      data_2_V_read                      |    scalar    |
|data_3_V_read   |  in |   27|   ap_none  |                      data_3_V_read                      |    scalar    |
|data_4_V_read   |  in |   27|   ap_none  |                      data_4_V_read                      |    scalar    |
|data_5_V_read   |  in |   27|   ap_none  |                      data_5_V_read                      |    scalar    |
|data_6_V_read   |  in |   27|   ap_none  |                      data_6_V_read                      |    scalar    |
|data_7_V_read   |  in |   27|   ap_none  |                      data_7_V_read                      |    scalar    |
|data_8_V_read   |  in |   27|   ap_none  |                      data_8_V_read                      |    scalar    |
|data_9_V_read   |  in |   27|   ap_none  |                      data_9_V_read                      |    scalar    |
|data_10_V_read  |  in |   27|   ap_none  |                      data_10_V_read                     |    scalar    |
|data_11_V_read  |  in |   27|   ap_none  |                      data_11_V_read                     |    scalar    |
|data_12_V_read  |  in |   27|   ap_none  |                      data_12_V_read                     |    scalar    |
|data_13_V_read  |  in |   27|   ap_none  |                      data_13_V_read                     |    scalar    |
|data_14_V_read  |  in |   27|   ap_none  |                      data_14_V_read                     |    scalar    |
|data_15_V_read  |  in |   27|   ap_none  |                      data_15_V_read                     |    scalar    |
+----------------+-----+-----+------------+---------------------------------------------------------+--------------+

