0.754492998123169 0.7590490579605103
0.7531169652938843 0.757588803768158
0.7517973184585571 0.7565829157829285
0.7505286931991577 0.7551733255386353
0.749220609664917 0.7540444135665894
0.7480587959289551 0.7531462907791138
0.7468138337135315 0.7517083287239075
0.7455984354019165 0.7505834698677063
0.7444285154342651 0.7493349313735962
0.7432605028152466 0.748131513595581
0.742185652256012 0.7471145987510681
0.7411460280418396 0.745914876461029
0.7399552464485168 0.7447155714035034
0.7389087677001953 0.7439881563186646
0.7379292249679565 0.7428597807884216
0.7368699908256531 0.7416983842849731
0.7358643412590027 0.7408066391944885
0.734915018081665 0.7397362589836121
0.7339763045310974 0.7391190528869629
0.7330052256584167 0.7380737662315369
0.7321779727935791 0.7371240258216858
0.7312898635864258 0.736291229724884
0.7303529381752014 0.7356651425361633
0.7295541763305664 0.7346639037132263
0.7287537455558777 0.733841598033905
0.7280048131942749 0.7332484722137451
0.7272117137908936 0.7324029207229614
0.7264814376831055 0.7321057319641113
0.7258026599884033 0.7308407425880432
0.7251657247543335 0.7301428914070129
