

================================================================
== Vivado HLS Report for 'relu_ap_fixed_ap_fixed_35_15_5_3_0_sigmoid_config0_s'
================================================================
* Date:           Thu Apr 28 01:49:14 2022

* Version:        2019.2 (Build 2704478 on Wed Nov 06 22:10:23 MST 2019)
* Project:        myproject_prj
* Solution:       solution1
* Product family: virtexuplus
* Target device:  xcu250-figd2104-2L-e


================================================================
== Performance Estimates
================================================================
+ Timing: 
    * Summary: 
    +--------+---------+----------+------------+
    |  Clock |  Target | Estimated| Uncertainty|
    +--------+---------+----------+------------+
    |ap_clk  | 5.00 ns | 1.618 ns |   0.62 ns  |
    +--------+---------+----------+------------+

+ Latency: 
    * Summary: 
    +---------+---------+----------+----------+-----+-----+----------+
    |  Latency (cycles) |  Latency (absolute) |  Interval | Pipeline |
    |   min   |   max   |    min   |    max   | min | max |   Type   |
    +---------+---------+----------+----------+-----+-----+----------+
    |        0|        0|   0 ns   |   0 ns   |    1|    1| function |
    +---------+---------+----------+----------+-----+-----+----------+

    + Detail: 
        * Instance: 
        N/A

        * Loop: 
        N/A



================================================================
== Utilization Estimates
================================================================
* Summary: 
+---------------------+---------+-------+---------+---------+------+
|         Name        | BRAM_18K| DSP48E|    FF   |   LUT   | URAM |
+---------------------+---------+-------+---------+---------+------+
|DSP                  |        -|      -|        -|        -|     -|
|Expression           |        -|      -|        0|     2560|     -|
|FIFO                 |        -|      -|        -|        -|     -|
|Instance             |        -|      -|        -|        -|     -|
|Memory               |        -|      -|        -|        -|     -|
|Multiplexer          |        -|      -|        -|        -|     -|
|Register             |        -|      -|        -|        -|     -|
+---------------------+---------+-------+---------+---------+------+
|Total                |        0|      0|        0|     2560|     0|
+---------------------+---------+-------+---------+---------+------+
|Available SLR        |     1344|   3072|   864000|   432000|   320|
+---------------------+---------+-------+---------+---------+------+
|Utilization SLR (%)  |        0|      0|        0|    ~0   |     0|
+---------------------+---------+-------+---------+---------+------+
|Available            |     5376|  12288|  3456000|  1728000|  1280|
+---------------------+---------+-------+---------+---------+------+
|Utilization (%)      |        0|      0|        0|    ~0   |     0|
+---------------------+---------+-------+---------+---------+------+

+ Detail: 
    * Instance: 
    N/A

    * DSP48E: 
    N/A

    * Memory: 
    N/A

    * FIFO: 
    N/A

    * Expression: 
    +----------------------------+----------+-------+---+----+------------+------------+
    |        Variable Name       | Operation| DSP48E| FF| LUT| Bitwidth P0| Bitwidth P1|
    +----------------------------+----------+-------+---+----+------------+------------+
    |icmp_ln1494_10_fu_866_p2    |   icmp   |      0|  0|  21|          35|           1|
    |icmp_ln1494_11_fu_896_p2    |   icmp   |      0|  0|  21|          35|           1|
    |icmp_ln1494_12_fu_926_p2    |   icmp   |      0|  0|  21|          35|           1|
    |icmp_ln1494_13_fu_956_p2    |   icmp   |      0|  0|  21|          35|           1|
    |icmp_ln1494_14_fu_986_p2    |   icmp   |      0|  0|  21|          35|           1|
    |icmp_ln1494_15_fu_1016_p2   |   icmp   |      0|  0|  21|          35|           1|
    |icmp_ln1494_1_fu_596_p2     |   icmp   |      0|  0|  21|          35|           1|
    |icmp_ln1494_2_fu_626_p2     |   icmp   |      0|  0|  21|          35|           1|
    |icmp_ln1494_3_fu_656_p2     |   icmp   |      0|  0|  21|          35|           1|
    |icmp_ln1494_4_fu_686_p2     |   icmp   |      0|  0|  21|          35|           1|
    |icmp_ln1494_5_fu_716_p2     |   icmp   |      0|  0|  21|          35|           1|
    |icmp_ln1494_6_fu_746_p2     |   icmp   |      0|  0|  21|          35|           1|
    |icmp_ln1494_7_fu_776_p2     |   icmp   |      0|  0|  21|          35|           1|
    |icmp_ln1494_8_fu_806_p2     |   icmp   |      0|  0|  21|          35|           1|
    |icmp_ln1494_9_fu_836_p2     |   icmp   |      0|  0|  21|          35|           1|
    |icmp_ln1494_fu_566_p2       |   icmp   |      0|  0|  21|          35|           1|
    |select_ln203_51_fu_584_p3   |  select  |      0|  0|  35|           1|          35|
    |select_ln203_52_fu_614_p3   |  select  |      0|  0|  35|           1|          35|
    |select_ln203_53_fu_644_p3   |  select  |      0|  0|  35|           1|          35|
    |select_ln203_54_fu_674_p3   |  select  |      0|  0|  35|           1|          35|
    |select_ln203_55_fu_704_p3   |  select  |      0|  0|  35|           1|          35|
    |select_ln203_56_fu_734_p3   |  select  |      0|  0|  35|           1|          35|
    |select_ln203_57_fu_764_p3   |  select  |      0|  0|  35|           1|          35|
    |select_ln203_58_fu_794_p3   |  select  |      0|  0|  35|           1|          35|
    |select_ln203_59_fu_824_p3   |  select  |      0|  0|  35|           1|          35|
    |select_ln203_60_fu_854_p3   |  select  |      0|  0|  35|           1|          35|
    |select_ln203_61_fu_884_p3   |  select  |      0|  0|  35|           1|          35|
    |select_ln203_62_fu_914_p3   |  select  |      0|  0|  35|           1|          35|
    |select_ln203_63_fu_944_p3   |  select  |      0|  0|  35|           1|          35|
    |select_ln203_64_fu_974_p3   |  select  |      0|  0|  35|           1|          35|
    |select_ln203_65_fu_1004_p3  |  select  |      0|  0|  35|           1|          35|
    |select_ln203_66_fu_1034_p3  |  select  |      0|  0|  35|           1|          35|
    |select_ln203_67_fu_1042_p3  |  select  |      0|  0|  35|           1|          35|
    |select_ln203_fu_554_p3      |  select  |      0|  0|  35|           1|          35|
    |select_ln85_32_fu_602_p3    |  select  |      0|  0|  34|           1|          34|
    |select_ln85_33_fu_632_p3    |  select  |      0|  0|  34|           1|          34|
    |select_ln85_34_fu_662_p3    |  select  |      0|  0|  34|           1|          34|
    |select_ln85_35_fu_692_p3    |  select  |      0|  0|  34|           1|          34|
    |select_ln85_36_fu_722_p3    |  select  |      0|  0|  34|           1|          34|
    |select_ln85_37_fu_752_p3    |  select  |      0|  0|  34|           1|          34|
    |select_ln85_38_fu_782_p3    |  select  |      0|  0|  34|           1|          34|
    |select_ln85_39_fu_812_p3    |  select  |      0|  0|  34|           1|          34|
    |select_ln85_40_fu_842_p3    |  select  |      0|  0|  34|           1|          34|
    |select_ln85_41_fu_872_p3    |  select  |      0|  0|  34|           1|          34|
    |select_ln85_42_fu_902_p3    |  select  |      0|  0|  34|           1|          34|
    |select_ln85_43_fu_932_p3    |  select  |      0|  0|  34|           1|          34|
    |select_ln85_44_fu_962_p3    |  select  |      0|  0|  34|           1|          34|
    |select_ln85_45_fu_992_p3    |  select  |      0|  0|  34|           1|          34|
    |select_ln85_46_fu_1022_p3   |  select  |      0|  0|  34|           1|          34|
    |select_ln85_fu_572_p3       |  select  |      0|  0|  34|           1|          34|
    |select_ln88_62_fu_1058_p3   |  select  |      0|  0|  35|           1|          35|
    |select_ln88_63_fu_1066_p3   |  select  |      0|  0|  35|           1|          35|
    |select_ln88_64_fu_1074_p3   |  select  |      0|  0|  35|           1|          35|
    |select_ln88_65_fu_1082_p3   |  select  |      0|  0|  35|           1|          35|
    |select_ln88_66_fu_1090_p3   |  select  |      0|  0|  35|           1|          35|
    |select_ln88_67_fu_1098_p3   |  select  |      0|  0|  35|           1|          35|
    |select_ln88_68_fu_1106_p3   |  select  |      0|  0|  35|           1|          35|
    |select_ln88_69_fu_1114_p3   |  select  |      0|  0|  35|           1|          35|
    |select_ln88_70_fu_1122_p3   |  select  |      0|  0|  35|           1|          35|
    |select_ln88_71_fu_1130_p3   |  select  |      0|  0|  35|           1|          35|
    |select_ln88_72_fu_1138_p3   |  select  |      0|  0|  35|           1|          35|
    |select_ln88_73_fu_1146_p3   |  select  |      0|  0|  35|           1|          35|
    |select_ln88_74_fu_1154_p3   |  select  |      0|  0|  35|           1|          35|
    |select_ln88_75_fu_1162_p3   |  select  |      0|  0|  35|           1|          35|
    |select_ln88_76_fu_1170_p3   |  select  |      0|  0|  35|           1|          35|
    |select_ln88_77_fu_1178_p3   |  select  |      0|  0|  35|           1|          35|
    |select_ln88_78_fu_1186_p3   |  select  |      0|  0|  35|           1|          35|
    |select_ln88_79_fu_1194_p3   |  select  |      0|  0|  35|           1|          35|
    |select_ln88_80_fu_1202_p3   |  select  |      0|  0|  35|           1|          35|
    |select_ln88_81_fu_1210_p3   |  select  |      0|  0|  35|           1|          35|
    |select_ln88_82_fu_1218_p3   |  select  |      0|  0|  35|           1|          35|
    |select_ln88_83_fu_1226_p3   |  select  |      0|  0|  35|           1|          35|
    |select_ln88_84_fu_1234_p3   |  select  |      0|  0|  35|           1|          35|
    |select_ln88_85_fu_1242_p3   |  select  |      0|  0|  35|           1|          35|
    |select_ln88_86_fu_1250_p3   |  select  |      0|  0|  35|           1|          35|
    |select_ln88_87_fu_1258_p3   |  select  |      0|  0|  35|           1|          35|
    |select_ln88_88_fu_1266_p3   |  select  |      0|  0|  35|           1|          35|
    |select_ln88_89_fu_1274_p3   |  select  |      0|  0|  35|           1|          35|
    |select_ln88_90_fu_1282_p3   |  select  |      0|  0|  35|           1|          35|
    |select_ln88_fu_1050_p3      |  select  |      0|  0|  35|           1|          35|
    +----------------------------+----------+-------+---+----+------------+------------+
    |Total                       |          |      0|  0|2560|         624|        2240|
    +----------------------------+----------+-------+---+----+------------+------------+

    * Multiplexer: 
    N/A

    * Register: 
    N/A



================================================================
== Interface
================================================================
* Summary: 
+------------------+-----+-----+------------+------------------------------------------------------+--------------+
|     RTL Ports    | Dir | Bits|  Protocol  |                     Source Object                    |    C Type    |
+------------------+-----+-----+------------+------------------------------------------------------+--------------+
|ap_ready          | out |    1| ap_ctrl_hs | relu<ap_fixed,ap_fixed<35,15,5,3,0>,sigmoid_config0> | return value |
|ap_return_0       | out |   35| ap_ctrl_hs | relu<ap_fixed,ap_fixed<35,15,5,3,0>,sigmoid_config0> | return value |
|ap_return_1       | out |   35| ap_ctrl_hs | relu<ap_fixed,ap_fixed<35,15,5,3,0>,sigmoid_config0> | return value |
|ap_return_2       | out |   35| ap_ctrl_hs | relu<ap_fixed,ap_fixed<35,15,5,3,0>,sigmoid_config0> | return value |
|ap_return_3       | out |   35| ap_ctrl_hs | relu<ap_fixed,ap_fixed<35,15,5,3,0>,sigmoid_config0> | return value |
|ap_return_4       | out |   35| ap_ctrl_hs | relu<ap_fixed,ap_fixed<35,15,5,3,0>,sigmoid_config0> | return value |
|ap_return_5       | out |   35| ap_ctrl_hs | relu<ap_fixed,ap_fixed<35,15,5,3,0>,sigmoid_config0> | return value |
|ap_return_6       | out |   35| ap_ctrl_hs | relu<ap_fixed,ap_fixed<35,15,5,3,0>,sigmoid_config0> | return value |
|ap_return_7       | out |   35| ap_ctrl_hs | relu<ap_fixed,ap_fixed<35,15,5,3,0>,sigmoid_config0> | return value |
|ap_return_8       | out |   35| ap_ctrl_hs | relu<ap_fixed,ap_fixed<35,15,5,3,0>,sigmoid_config0> | return value |
|ap_return_9       | out |   35| ap_ctrl_hs | relu<ap_fixed,ap_fixed<35,15,5,3,0>,sigmoid_config0> | return value |
|ap_return_10      | out |   35| ap_ctrl_hs | relu<ap_fixed,ap_fixed<35,15,5,3,0>,sigmoid_config0> | return value |
|ap_return_11      | out |   35| ap_ctrl_hs | relu<ap_fixed,ap_fixed<35,15,5,3,0>,sigmoid_config0> | return value |
|ap_return_12      | out |   35| ap_ctrl_hs | relu<ap_fixed,ap_fixed<35,15,5,3,0>,sigmoid_config0> | return value |
|ap_return_13      | out |   35| ap_ctrl_hs | relu<ap_fixed,ap_fixed<35,15,5,3,0>,sigmoid_config0> | return value |
|ap_return_14      | out |   35| ap_ctrl_hs | relu<ap_fixed,ap_fixed<35,15,5,3,0>,sigmoid_config0> | return value |
|ap_return_15      | out |   35| ap_ctrl_hs | relu<ap_fixed,ap_fixed<35,15,5,3,0>,sigmoid_config0> | return value |
|ap_return_16      | out |   35| ap_ctrl_hs | relu<ap_fixed,ap_fixed<35,15,5,3,0>,sigmoid_config0> | return value |
|ap_return_17      | out |   35| ap_ctrl_hs | relu<ap_fixed,ap_fixed<35,15,5,3,0>,sigmoid_config0> | return value |
|ap_return_18      | out |   35| ap_ctrl_hs | relu<ap_fixed,ap_fixed<35,15,5,3,0>,sigmoid_config0> | return value |
|ap_return_19      | out |   35| ap_ctrl_hs | relu<ap_fixed,ap_fixed<35,15,5,3,0>,sigmoid_config0> | return value |
|ap_return_20      | out |   35| ap_ctrl_hs | relu<ap_fixed,ap_fixed<35,15,5,3,0>,sigmoid_config0> | return value |
|ap_return_21      | out |   35| ap_ctrl_hs | relu<ap_fixed,ap_fixed<35,15,5,3,0>,sigmoid_config0> | return value |
|ap_return_22      | out |   35| ap_ctrl_hs | relu<ap_fixed,ap_fixed<35,15,5,3,0>,sigmoid_config0> | return value |
|ap_return_23      | out |   35| ap_ctrl_hs | relu<ap_fixed,ap_fixed<35,15,5,3,0>,sigmoid_config0> | return value |
|ap_return_24      | out |   35| ap_ctrl_hs | relu<ap_fixed,ap_fixed<35,15,5,3,0>,sigmoid_config0> | return value |
|ap_return_25      | out |   35| ap_ctrl_hs | relu<ap_fixed,ap_fixed<35,15,5,3,0>,sigmoid_config0> | return value |
|ap_return_26      | out |   35| ap_ctrl_hs | relu<ap_fixed,ap_fixed<35,15,5,3,0>,sigmoid_config0> | return value |
|ap_return_27      | out |   35| ap_ctrl_hs | relu<ap_fixed,ap_fixed<35,15,5,3,0>,sigmoid_config0> | return value |
|ap_return_28      | out |   35| ap_ctrl_hs | relu<ap_fixed,ap_fixed<35,15,5,3,0>,sigmoid_config0> | return value |
|ap_return_29      | out |   35| ap_ctrl_hs | relu<ap_fixed,ap_fixed<35,15,5,3,0>,sigmoid_config0> | return value |
|ap_return_30      | out |   35| ap_ctrl_hs | relu<ap_fixed,ap_fixed<35,15,5,3,0>,sigmoid_config0> | return value |
|ap_return_31      | out |   35| ap_ctrl_hs | relu<ap_fixed,ap_fixed<35,15,5,3,0>,sigmoid_config0> | return value |
|data_0_0_V_read   |  in |   35|   ap_none  |                    data_0_0_V_read                   |    scalar    |
|data_0_1_V_read   |  in |   35|   ap_none  |                    data_0_1_V_read                   |    scalar    |
|data_1_0_V_read   |  in |   35|   ap_none  |                    data_1_0_V_read                   |    scalar    |
|data_1_1_V_read   |  in |   35|   ap_none  |                    data_1_1_V_read                   |    scalar    |
|data_2_0_V_read   |  in |   35|   ap_none  |                    data_2_0_V_read                   |    scalar    |
|data_2_1_V_read   |  in |   35|   ap_none  |                    data_2_1_V_read                   |    scalar    |
|data_3_0_V_read   |  in |   35|   ap_none  |                    data_3_0_V_read                   |    scalar    |
|data_3_1_V_read   |  in |   35|   ap_none  |                    data_3_1_V_read                   |    scalar    |
|data_4_0_V_read   |  in |   35|   ap_none  |                    data_4_0_V_read                   |    scalar    |
|data_4_1_V_read   |  in |   35|   ap_none  |                    data_4_1_V_read                   |    scalar    |
|data_5_0_V_read   |  in |   35|   ap_none  |                    data_5_0_V_read                   |    scalar    |
|data_5_1_V_read   |  in |   35|   ap_none  |                    data_5_1_V_read                   |    scalar    |
|data_6_0_V_read   |  in |   35|   ap_none  |                    data_6_0_V_read                   |    scalar    |
|data_6_1_V_read   |  in |   35|   ap_none  |                    data_6_1_V_read                   |    scalar    |
|data_7_0_V_read   |  in |   35|   ap_none  |                    data_7_0_V_read                   |    scalar    |
|data_7_1_V_read   |  in |   35|   ap_none  |                    data_7_1_V_read                   |    scalar    |
|data_8_0_V_read   |  in |   35|   ap_none  |                    data_8_0_V_read                   |    scalar    |
|data_8_1_V_read   |  in |   35|   ap_none  |                    data_8_1_V_read                   |    scalar    |
|data_9_0_V_read   |  in |   35|   ap_none  |                    data_9_0_V_read                   |    scalar    |
|data_9_1_V_read   |  in |   35|   ap_none  |                    data_9_1_V_read                   |    scalar    |
|data_10_0_V_read  |  in |   35|   ap_none  |                   data_10_0_V_read                   |    scalar    |
|data_10_1_V_read  |  in |   35|   ap_none  |                   data_10_1_V_read                   |    scalar    |
|data_11_0_V_read  |  in |   35|   ap_none  |                   data_11_0_V_read                   |    scalar    |
|data_11_1_V_read  |  in |   35|   ap_none  |                   data_11_1_V_read                   |    scalar    |
|data_12_0_V_read  |  in |   35|   ap_none  |                   data_12_0_V_read                   |    scalar    |
|data_12_1_V_read  |  in |   35|   ap_none  |                   data_12_1_V_read                   |    scalar    |
|data_13_0_V_read  |  in |   35|   ap_none  |                   data_13_0_V_read                   |    scalar    |
|data_13_1_V_read  |  in |   35|   ap_none  |                   data_13_1_V_read                   |    scalar    |
|data_14_0_V_read  |  in |   35|   ap_none  |                   data_14_0_V_read                   |    scalar    |
|data_14_1_V_read  |  in |   35|   ap_none  |                   data_14_1_V_read                   |    scalar    |
|data_15_0_V_read  |  in |   35|   ap_none  |                   data_15_0_V_read                   |    scalar    |
|data_15_1_V_read  |  in |   35|   ap_none  |                   data_15_1_V_read                   |    scalar    |
|data_V_offset     |  in |    1|   ap_none  |                     data_V_offset                    |    scalar    |
|res_0_0_V_read    |  in |   35|   ap_none  |                    res_0_0_V_read                    |    scalar    |
|res_0_1_V_read    |  in |   35|   ap_none  |                    res_0_1_V_read                    |    scalar    |
|res_1_0_V_read    |  in |   35|   ap_none  |                    res_1_0_V_read                    |    scalar    |
|res_1_1_V_read    |  in |   35|   ap_none  |                    res_1_1_V_read                    |    scalar    |
|res_2_0_V_read    |  in |   35|   ap_none  |                    res_2_0_V_read                    |    scalar    |
|res_2_1_V_read    |  in |   35|   ap_none  |                    res_2_1_V_read                    |    scalar    |
|res_3_0_V_read    |  in |   35|   ap_none  |                    res_3_0_V_read                    |    scalar    |
|res_3_1_V_read    |  in |   35|   ap_none  |                    res_3_1_V_read                    |    scalar    |
|res_4_0_V_read    |  in |   35|   ap_none  |                    res_4_0_V_read                    |    scalar    |
|res_4_1_V_read    |  in |   35|   ap_none  |                    res_4_1_V_read                    |    scalar    |
|res_5_0_V_read    |  in |   35|   ap_none  |                    res_5_0_V_read                    |    scalar    |
|res_5_1_V_read    |  in |   35|   ap_none  |                    res_5_1_V_read                    |    scalar    |
|res_6_0_V_read    |  in |   35|   ap_none  |                    res_6_0_V_read                    |    scalar    |
|res_6_1_V_read    |  in |   35|   ap_none  |                    res_6_1_V_read                    |    scalar    |
|res_7_0_V_read    |  in |   35|   ap_none  |                    res_7_0_V_read                    |    scalar    |
|res_7_1_V_read    |  in |   35|   ap_none  |                    res_7_1_V_read                    |    scalar    |
|res_8_0_V_read    |  in |   35|   ap_none  |                    res_8_0_V_read                    |    scalar    |
|res_8_1_V_read    |  in |   35|   ap_none  |                    res_8_1_V_read                    |    scalar    |
|res_9_0_V_read    |  in |   35|   ap_none  |                    res_9_0_V_read                    |    scalar    |
|res_9_1_V_read    |  in |   35|   ap_none  |                    res_9_1_V_read                    |    scalar    |
|res_10_0_V_read   |  in |   35|   ap_none  |                    res_10_0_V_read                   |    scalar    |
|res_10_1_V_read   |  in |   35|   ap_none  |                    res_10_1_V_read                   |    scalar    |
|res_11_0_V_read   |  in |   35|   ap_none  |                    res_11_0_V_read                   |    scalar    |
|res_11_1_V_read   |  in |   35|   ap_none  |                    res_11_1_V_read                   |    scalar    |
|res_12_0_V_read   |  in |   35|   ap_none  |                    res_12_0_V_read                   |    scalar    |
|res_12_1_V_read   |  in |   35|   ap_none  |                    res_12_1_V_read                   |    scalar    |
|res_13_0_V_read   |  in |   35|   ap_none  |                    res_13_0_V_read                   |    scalar    |
|res_13_1_V_read   |  in |   35|   ap_none  |                    res_13_1_V_read                   |    scalar    |
|res_14_0_V_read   |  in |   35|   ap_none  |                    res_14_0_V_read                   |    scalar    |
|res_14_1_V_read   |  in |   35|   ap_none  |                    res_14_1_V_read                   |    scalar    |
|res_15_0_V_read   |  in |   35|   ap_none  |                    res_15_0_V_read                   |    scalar    |
|res_15_1_V_read   |  in |   35|   ap_none  |                    res_15_1_V_read                   |    scalar    |
|res_V_offset      |  in |    1|   ap_none  |                     res_V_offset                     |    scalar    |
+------------------+-----+-----+------------+------------------------------------------------------+--------------+

