

================================================================
== Vivado HLS Report for 'self_attention_0_1_0_1_0_1_0_1_0_1_0_1_0_1_0_1_0'
================================================================
* Date:           Fri May  6 04:15:37 2022

* Version:        2019.2 (Build 2704478 on Wed Nov 06 22:10:23 MST 2019)
* Project:        myproject_prj
* Solution:       solution1
* Product family: virtexuplus
* Target device:  xcu250-figd2104-2L-e


================================================================
== Performance Estimates
================================================================
+ Timing: 
    * Summary: 
    +--------+---------+----------+------------+
    |  Clock |  Target | Estimated| Uncertainty|
    +--------+---------+----------+------------+
    |ap_clk  | 5.00 ns | 3.856 ns |   0.62 ns  |
    +--------+---------+----------+------------+

+ Latency: 
    * Summary: 
    +---------+---------+-----------+-----------+-----+-----+----------+
    |  Latency (cycles) |   Latency (absolute)  |  Interval | Pipeline |
    |   min   |   max   |    min    |    max    | min | max |   Type   |
    +---------+---------+-----------+-----------+-----+-----+----------+
    |       10|       10| 50.000 ns | 50.000 ns |    1|    1| function |
    +---------+---------+-----------+-----------+-----+-----+----------+

    + Detail: 
        * Instance: 
        +-------------------------------------------------------------------+--------------------------------------------------------+---------+---------+-----------+-----------+-----+-----+----------+
        |                                                                   |                                                        |  Latency (cycles) |   Latency (absolute)  |  Interval | Pipeline |
        |                              Instance                             |                         Module                         |   min   |   max   |    min    |    max    | min | max |   Type   |
        +-------------------------------------------------------------------+--------------------------------------------------------+---------+---------+-----------+-----------+-----+-----+----------+
        |grp_dense_latency_no_bias_0_2_fu_294                               |dense_latency_no_bias_0_2                               |        1|        1|  5.000 ns |  5.000 ns |    1|    1| function |
        |grp_dense_latency_no_bias_0_2_fu_330                               |dense_latency_no_bias_0_2                               |        1|        1|  5.000 ns |  5.000 ns |    1|    1| function |
        |grp_dense_latency_16_1_14_1_12_1_10_1_8_1_6_1_4_1_2_1_0_fu_366     |dense_latency_16_1_14_1_12_1_10_1_8_1_6_1_4_1_2_1_0     |        1|        1|  5.000 ns |  5.000 ns |    1|    1| function |
        |grp_dense_latency_16_1_14_1_12_1_10_1_8_1_6_1_4_1_2_1_0_fu_386     |dense_latency_16_1_14_1_12_1_10_1_8_1_6_1_4_1_2_1_0     |        1|        1|  5.000 ns |  5.000 ns |    1|    1| function |
        |grp_softmax_latency_ap_fixed_ap_fixed_sa_softmax_config0_s_fu_406  |softmax_latency_ap_fixed_ap_fixed_sa_softmax_config0_s  |        2|        2| 10.000 ns | 10.000 ns |    1|    1| function |
        |grp_softmax_latency_ap_fixed_ap_fixed_sa_softmax_config0_s_fu_416  |softmax_latency_ap_fixed_ap_fixed_sa_softmax_config0_s  |        2|        2| 10.000 ns | 10.000 ns |    1|    1| function |
        |grp_softmax_latency_ap_fixed_ap_fixed_sa_softmax_config0_s_fu_426  |softmax_latency_ap_fixed_ap_fixed_sa_softmax_config0_s  |        2|        2| 10.000 ns | 10.000 ns |    1|    1| function |
        |grp_softmax_latency_ap_fixed_ap_fixed_sa_softmax_config0_s_fu_436  |softmax_latency_ap_fixed_ap_fixed_sa_softmax_config0_s  |        2|        2| 10.000 ns | 10.000 ns |    1|    1| function |
        +-------------------------------------------------------------------+--------------------------------------------------------+---------+---------+-----------+-----------+-----+-----+----------+

        * Loop: 
        N/A



================================================================
== Utilization Estimates
================================================================
* Summary: 
+---------------------+---------+-------+---------+---------+------+
|         Name        | BRAM_18K| DSP48E|    FF   |   LUT   | URAM |
+---------------------+---------+-------+---------+---------+------+
|DSP                  |        -|      -|        -|        -|     -|
|Expression           |        -|    512|        0|    10358|     -|
|FIFO                 |        -|      -|        -|        -|     -|
|Instance             |        8|   4104|    47668|    96120|     -|
|Memory               |        -|      -|        -|        -|     -|
|Multiplexer          |        -|      -|        -|      360|     -|
|Register             |        0|      -|    14331|     1024|     -|
+---------------------+---------+-------+---------+---------+------+
|Total                |        8|   4616|    61999|   107862|     0|
+---------------------+---------+-------+---------+---------+------+
|Available SLR        |     1344|   3072|   864000|   432000|   320|
+---------------------+---------+-------+---------+---------+------+
|Utilization SLR (%)  |    ~0   |    150|        7|       24|     0|
+---------------------+---------+-------+---------+---------+------+
|Available            |     5376|  12288|  3456000|  1728000|  1280|
+---------------------+---------+-------+---------+---------+------+
|Utilization (%)      |    ~0   |     37|        1|        6|     0|
+---------------------+---------+-------+---------+---------+------+

+ Detail: 
    * Instance: 
    +-------------------------------------------------------------------+--------------------------------------------------------+---------+-------+-------+-------+-----+
    |                              Instance                             |                         Module                         | BRAM_18K| DSP48E|   FF  |  LUT  | URAM|
    +-------------------------------------------------------------------+--------------------------------------------------------+---------+-------+-------+-------+-----+
    |grp_dense_latency_16_1_14_1_12_1_10_1_8_1_6_1_4_1_2_1_0_fu_366     |dense_latency_16_1_14_1_12_1_10_1_8_1_6_1_4_1_2_1_0     |        0|    512|   6195|  12107|    0|
    |grp_dense_latency_16_1_14_1_12_1_10_1_8_1_6_1_4_1_2_1_0_fu_386     |dense_latency_16_1_14_1_12_1_10_1_8_1_6_1_4_1_2_1_0     |        0|    512|   6195|  12107|    0|
    |grp_dense_latency_no_bias_0_2_fu_294                               |dense_latency_no_bias_0_2                               |        0|   1536|  17569|  35909|    0|
    |grp_dense_latency_no_bias_0_2_fu_330                               |dense_latency_no_bias_0_2                               |        0|   1536|  17569|  35909|    0|
    |grp_softmax_latency_ap_fixed_ap_fixed_sa_softmax_config0_s_fu_406  |softmax_latency_ap_fixed_ap_fixed_sa_softmax_config0_s  |        2|      2|     35|     22|    0|
    |grp_softmax_latency_ap_fixed_ap_fixed_sa_softmax_config0_s_fu_416  |softmax_latency_ap_fixed_ap_fixed_sa_softmax_config0_s  |        2|      2|     35|     22|    0|
    |grp_softmax_latency_ap_fixed_ap_fixed_sa_softmax_config0_s_fu_426  |softmax_latency_ap_fixed_ap_fixed_sa_softmax_config0_s  |        2|      2|     35|     22|    0|
    |grp_softmax_latency_ap_fixed_ap_fixed_sa_softmax_config0_s_fu_436  |softmax_latency_ap_fixed_ap_fixed_sa_softmax_config0_s  |        2|      2|     35|     22|    0|
    +-------------------------------------------------------------------+--------------------------------------------------------+---------+-------+-------+-------+-----+
    |Total                                                              |                                                        |        8|   4104|  47668|  96120|    0|
    +-------------------------------------------------------------------+--------------------------------------------------------+---------+-------+-------+-------+-----+

    * DSP48E: 
    N/A

    * Memory: 
    N/A

    * FIFO: 
    N/A

    * Expression: 
    +-----------------------------+----------+-------+---+-----+------------+------------+
    |        Variable Name        | Operation| DSP48E| FF| LUT | Bitwidth P0| Bitwidth P1|
    +-----------------------------+----------+-------+---+-----+------------+------------+
    |mul_ln1118_10_fu_1007_p2     |     *    |      4|  0|   23|          35|          35|
    |mul_ln1118_11_fu_1026_p2     |     *    |      4|  0|   23|          35|          35|
    |mul_ln1118_12_fu_1042_p2     |     *    |      4|  0|   23|          35|          35|
    |mul_ln1118_13_fu_1064_p2     |     *    |      4|  0|   23|          35|          35|
    |mul_ln1118_14_fu_1083_p2     |     *    |      4|  0|   23|          35|          35|
    |mul_ln1118_15_fu_1102_p2     |     *    |      4|  0|   23|          35|          35|
    |mul_ln1118_16_fu_1118_p2     |     *    |      4|  0|   23|          35|          35|
    |mul_ln1118_17_fu_1140_p2     |     *    |      4|  0|   23|          35|          35|
    |mul_ln1118_18_fu_1159_p2     |     *    |      4|  0|   23|          35|          35|
    |mul_ln1118_19_fu_1178_p2     |     *    |      4|  0|   23|          35|          35|
    |mul_ln1118_20_fu_1194_p2     |     *    |      4|  0|   23|          35|          35|
    |mul_ln1118_21_fu_1216_p2     |     *    |      4|  0|   23|          35|          35|
    |mul_ln1118_22_fu_1235_p2     |     *    |      4|  0|   23|          35|          35|
    |mul_ln1118_23_fu_1254_p2     |     *    |      4|  0|   23|          35|          35|
    |mul_ln1118_24_fu_1270_p2     |     *    |      4|  0|   23|          35|          35|
    |mul_ln1118_25_fu_1292_p2     |     *    |      4|  0|   23|          35|          35|
    |mul_ln1118_26_fu_1311_p2     |     *    |      4|  0|   23|          35|          35|
    |mul_ln1118_27_fu_1330_p2     |     *    |      4|  0|   23|          35|          35|
    |mul_ln1118_28_fu_1346_p2     |     *    |      4|  0|   23|          35|          35|
    |mul_ln1118_29_fu_1368_p2     |     *    |      4|  0|   23|          35|          35|
    |mul_ln1118_2_fu_855_p2       |     *    |      4|  0|   23|          35|          35|
    |mul_ln1118_30_fu_1387_p2     |     *    |      4|  0|   23|          35|          35|
    |mul_ln1118_31_fu_1406_p2     |     *    |      4|  0|   23|          35|          35|
    |mul_ln1118_32_fu_1422_p2     |     *    |      4|  0|   23|          35|          35|
    |mul_ln1118_33_fu_2132_p2     |     *    |      4|  0|   23|          35|          35|
    |mul_ln1118_34_fu_2175_p2     |     *    |      4|  0|   23|          35|          35|
    |mul_ln1118_35_fu_2218_p2     |     *    |      4|  0|   23|          35|          35|
    |mul_ln1118_36_fu_2258_p2     |     *    |      4|  0|   23|          35|          35|
    |mul_ln1118_37_fu_2304_p2     |     *    |      4|  0|   23|          35|          35|
    |mul_ln1118_38_fu_2347_p2     |     *    |      4|  0|   23|          35|          35|
    |mul_ln1118_39_fu_2390_p2     |     *    |      4|  0|   23|          35|          35|
    |mul_ln1118_3_fu_874_p2       |     *    |      4|  0|   23|          35|          35|
    |mul_ln1118_40_fu_2430_p2     |     *    |      4|  0|   23|          35|          35|
    |mul_ln1118_41_fu_2476_p2     |     *    |      4|  0|   23|          35|          35|
    |mul_ln1118_42_fu_2505_p2     |     *    |      4|  0|   23|          35|          35|
    |mul_ln1118_43_fu_2534_p2     |     *    |      4|  0|   23|          35|          35|
    |mul_ln1118_44_fu_2560_p2     |     *    |      4|  0|   23|          35|          35|
    |mul_ln1118_45_fu_2592_p2     |     *    |      4|  0|   23|          35|          35|
    |mul_ln1118_46_fu_2621_p2     |     *    |      4|  0|   23|          35|          35|
    |mul_ln1118_47_fu_2650_p2     |     *    |      4|  0|   23|          35|          35|
    |mul_ln1118_48_fu_2676_p2     |     *    |      4|  0|   23|          35|          35|
    |mul_ln1118_49_fu_2708_p2     |     *    |      4|  0|   23|          35|          35|
    |mul_ln1118_4_fu_890_p2       |     *    |      4|  0|   23|          35|          35|
    |mul_ln1118_50_fu_2727_p2     |     *    |      4|  0|   23|          35|          35|
    |mul_ln1118_51_fu_2746_p2     |     *    |      4|  0|   23|          35|          35|
    |mul_ln1118_52_fu_2762_p2     |     *    |      4|  0|   23|          35|          35|
    |mul_ln1118_53_fu_2784_p2     |     *    |      4|  0|   23|          35|          35|
    |mul_ln1118_54_fu_2803_p2     |     *    |      4|  0|   23|          35|          35|
    |mul_ln1118_55_fu_2822_p2     |     *    |      4|  0|   23|          35|          35|
    |mul_ln1118_56_fu_2838_p2     |     *    |      4|  0|   23|          35|          35|
    |mul_ln1118_57_fu_2860_p2     |     *    |      4|  0|   23|          35|          35|
    |mul_ln1118_58_fu_2889_p2     |     *    |      4|  0|   23|          35|          35|
    |mul_ln1118_59_fu_2918_p2     |     *    |      4|  0|   23|          35|          35|
    |mul_ln1118_5_fu_912_p2       |     *    |      4|  0|   23|          35|          35|
    |mul_ln1118_60_fu_2944_p2     |     *    |      4|  0|   23|          35|          35|
    |mul_ln1118_61_fu_2976_p2     |     *    |      4|  0|   23|          35|          35|
    |mul_ln1118_62_fu_3005_p2     |     *    |      4|  0|   23|          35|          35|
    |mul_ln1118_63_fu_3034_p2     |     *    |      4|  0|   23|          35|          35|
    |mul_ln1118_64_fu_3060_p2     |     *    |      4|  0|   23|          35|          35|
    |mul_ln1118_6_fu_931_p2       |     *    |      4|  0|   23|          35|          35|
    |mul_ln1118_7_fu_950_p2       |     *    |      4|  0|   23|          35|          35|
    |mul_ln1118_8_fu_966_p2       |     *    |      4|  0|   23|          35|          35|
    |mul_ln1118_9_fu_988_p2       |     *    |      4|  0|   23|          35|          35|
    |mul_ln1118_fu_836_p2         |     *    |      4|  0|   23|          35|          35|
    |mul_ln1192_10_fu_4273_p2     |     *    |      4|  0|   23|          35|          35|
    |mul_ln1192_11_fu_4300_p2     |     *    |      4|  0|   23|          35|          35|
    |mul_ln1192_12_fu_4327_p2     |     *    |      4|  0|   23|          35|          35|
    |mul_ln1192_13_fu_4354_p2     |     *    |      4|  0|   23|          35|          35|
    |mul_ln1192_14_fu_4381_p2     |     *    |      4|  0|   23|          35|          35|
    |mul_ln1192_15_fu_4408_p2     |     *    |      4|  0|   23|          35|          35|
    |mul_ln1192_16_fu_5143_p2     |     *    |      4|  0|   23|          35|          35|
    |mul_ln1192_17_fu_5175_p2     |     *    |      4|  0|   23|          35|          35|
    |mul_ln1192_18_fu_5207_p2     |     *    |      4|  0|   23|          35|          35|
    |mul_ln1192_19_fu_5239_p2     |     *    |      4|  0|   23|          35|          35|
    |mul_ln1192_1_fu_4027_p2      |     *    |      4|  0|   23|          35|          35|
    |mul_ln1192_20_fu_5271_p2     |     *    |      4|  0|   23|          35|          35|
    |mul_ln1192_21_fu_5303_p2     |     *    |      4|  0|   23|          35|          35|
    |mul_ln1192_22_fu_5335_p2     |     *    |      4|  0|   23|          35|          35|
    |mul_ln1192_23_fu_5367_p2     |     *    |      4|  0|   23|          35|          35|
    |mul_ln1192_24_fu_5402_p2     |     *    |      4|  0|   23|          35|          35|
    |mul_ln1192_25_fu_5434_p2     |     *    |      4|  0|   23|          35|          35|
    |mul_ln1192_26_fu_5466_p2     |     *    |      4|  0|   23|          35|          35|
    |mul_ln1192_27_fu_5498_p2     |     *    |      4|  0|   23|          35|          35|
    |mul_ln1192_28_fu_5530_p2     |     *    |      4|  0|   23|          35|          35|
    |mul_ln1192_29_fu_5562_p2     |     *    |      4|  0|   23|          35|          35|
    |mul_ln1192_2_fu_4054_p2      |     *    |      4|  0|   23|          35|          35|
    |mul_ln1192_30_fu_5594_p2     |     *    |      4|  0|   23|          35|          35|
    |mul_ln1192_31_fu_5626_p2     |     *    |      4|  0|   23|          35|          35|
    |mul_ln1192_32_fu_4595_p2     |     *    |      4|  0|   23|          35|          35|
    |mul_ln1192_33_fu_4619_p2     |     *    |      4|  0|   23|          35|          35|
    |mul_ln1192_34_fu_4643_p2     |     *    |      4|  0|   23|          35|          35|
    |mul_ln1192_35_fu_4667_p2     |     *    |      4|  0|   23|          35|          35|
    |mul_ln1192_36_fu_4691_p2     |     *    |      4|  0|   23|          35|          35|
    |mul_ln1192_37_fu_4715_p2     |     *    |      4|  0|   23|          35|          35|
    |mul_ln1192_38_fu_4739_p2     |     *    |      4|  0|   23|          35|          35|
    |mul_ln1192_39_fu_4763_p2     |     *    |      4|  0|   23|          35|          35|
    |mul_ln1192_3_fu_4081_p2      |     *    |      4|  0|   23|          35|          35|
    |mul_ln1192_40_fu_4790_p2     |     *    |      4|  0|   23|          35|          35|
    |mul_ln1192_41_fu_4814_p2     |     *    |      4|  0|   23|          35|          35|
    |mul_ln1192_42_fu_4838_p2     |     *    |      4|  0|   23|          35|          35|
    |mul_ln1192_43_fu_4862_p2     |     *    |      4|  0|   23|          35|          35|
    |mul_ln1192_44_fu_4886_p2     |     *    |      4|  0|   23|          35|          35|
    |mul_ln1192_45_fu_4910_p2     |     *    |      4|  0|   23|          35|          35|
    |mul_ln1192_46_fu_4934_p2     |     *    |      4|  0|   23|          35|          35|
    |mul_ln1192_47_fu_4958_p2     |     *    |      4|  0|   23|          35|          35|
    |mul_ln1192_48_fu_5658_p2     |     *    |      4|  0|   23|          35|          35|
    |mul_ln1192_49_fu_5687_p2     |     *    |      4|  0|   23|          35|          35|
    |mul_ln1192_4_fu_4108_p2      |     *    |      4|  0|   23|          35|          35|
    |mul_ln1192_50_fu_5716_p2     |     *    |      4|  0|   23|          35|          35|
    |mul_ln1192_51_fu_5745_p2     |     *    |      4|  0|   23|          35|          35|
    |mul_ln1192_52_fu_5774_p2     |     *    |      4|  0|   23|          35|          35|
    |mul_ln1192_53_fu_5803_p2     |     *    |      4|  0|   23|          35|          35|
    |mul_ln1192_54_fu_5832_p2     |     *    |      4|  0|   23|          35|          35|
    |mul_ln1192_55_fu_5861_p2     |     *    |      4|  0|   23|          35|          35|
    |mul_ln1192_56_fu_5893_p2     |     *    |      4|  0|   23|          35|          35|
    |mul_ln1192_57_fu_5922_p2     |     *    |      4|  0|   23|          35|          35|
    |mul_ln1192_58_fu_5951_p2     |     *    |      4|  0|   23|          35|          35|
    |mul_ln1192_59_fu_5980_p2     |     *    |      4|  0|   23|          35|          35|
    |mul_ln1192_5_fu_4135_p2      |     *    |      4|  0|   23|          35|          35|
    |mul_ln1192_60_fu_6009_p2     |     *    |      4|  0|   23|          35|          35|
    |mul_ln1192_61_fu_6038_p2     |     *    |      4|  0|   23|          35|          35|
    |mul_ln1192_62_fu_6067_p2     |     *    |      4|  0|   23|          35|          35|
    |mul_ln1192_63_fu_6096_p2     |     *    |      4|  0|   23|          35|          35|
    |mul_ln1192_6_fu_4162_p2      |     *    |      4|  0|   23|          35|          35|
    |mul_ln1192_7_fu_4189_p2      |     *    |      4|  0|   23|          35|          35|
    |mul_ln1192_8_fu_4219_p2      |     *    |      4|  0|   23|          35|          35|
    |mul_ln1192_9_fu_4246_p2      |     *    |      4|  0|   23|          35|          35|
    |mul_ln1192_fu_4000_p2        |     *    |      4|  0|   23|          35|          35|
    |add_ln1192_100_fu_4697_p2    |     +    |      0|  0|   55|          55|          55|
    |add_ln1192_101_fu_4721_p2    |     +    |      0|  0|   55|          55|          55|
    |add_ln1192_102_fu_4745_p2    |     +    |      0|  0|   55|          55|          55|
    |add_ln1192_103_fu_4769_p2    |     +    |      0|  0|   55|          55|          55|
    |add_ln1192_104_fu_4796_p2    |     +    |      0|  0|   55|          55|          55|
    |add_ln1192_105_fu_4820_p2    |     +    |      0|  0|   55|          55|          55|
    |add_ln1192_106_fu_4844_p2    |     +    |      0|  0|   55|          55|          55|
    |add_ln1192_107_fu_4868_p2    |     +    |      0|  0|   55|          55|          55|
    |add_ln1192_108_fu_4892_p2    |     +    |      0|  0|   55|          55|          55|
    |add_ln1192_109_fu_4916_p2    |     +    |      0|  0|   55|          55|          55|
    |add_ln1192_10_fu_1638_p2     |     +    |      0|  0|   55|          55|          55|
    |add_ln1192_110_fu_4940_p2    |     +    |      0|  0|   55|          55|          55|
    |add_ln1192_111_fu_4964_p2    |     +    |      0|  0|   55|          55|          55|
    |add_ln1192_112_fu_5664_p2    |     +    |      0|  0|   55|          55|          55|
    |add_ln1192_113_fu_5693_p2    |     +    |      0|  0|   55|          55|          55|
    |add_ln1192_114_fu_5722_p2    |     +    |      0|  0|   55|          55|          55|
    |add_ln1192_115_fu_5751_p2    |     +    |      0|  0|   55|          55|          55|
    |add_ln1192_116_fu_5780_p2    |     +    |      0|  0|   55|          55|          55|
    |add_ln1192_117_fu_5809_p2    |     +    |      0|  0|   55|          55|          55|
    |add_ln1192_118_fu_5838_p2    |     +    |      0|  0|   55|          55|          55|
    |add_ln1192_119_fu_5867_p2    |     +    |      0|  0|   55|          55|          55|
    |add_ln1192_11_fu_1661_p2     |     +    |      0|  0|   55|          55|          55|
    |add_ln1192_120_fu_5899_p2    |     +    |      0|  0|   55|          55|          55|
    |add_ln1192_121_fu_5928_p2    |     +    |      0|  0|   55|          55|          55|
    |add_ln1192_122_fu_5957_p2    |     +    |      0|  0|   55|          55|          55|
    |add_ln1192_123_fu_5986_p2    |     +    |      0|  0|   55|          55|          55|
    |add_ln1192_124_fu_6015_p2    |     +    |      0|  0|   55|          55|          55|
    |add_ln1192_125_fu_6044_p2    |     +    |      0|  0|   55|          55|          55|
    |add_ln1192_126_fu_6073_p2    |     +    |      0|  0|   55|          55|          55|
    |add_ln1192_127_fu_6102_p2    |     +    |      0|  0|   55|          55|          55|
    |add_ln1192_128_fu_3407_p2    |     +    |      0|  0|   46|          46|          46|
    |add_ln1192_129_fu_3469_p2    |     +    |      0|  0|   46|          46|          46|
    |add_ln1192_12_fu_1684_p2     |     +    |      0|  0|   55|          55|          55|
    |add_ln1192_130_fu_3531_p2    |     +    |      0|  0|   46|          46|          46|
    |add_ln1192_131_fu_3593_p2    |     +    |      0|  0|   46|          46|          46|
    |add_ln1192_132_fu_3655_p2    |     +    |      0|  0|   46|          46|          46|
    |add_ln1192_133_fu_3717_p2    |     +    |      0|  0|   46|          46|          46|
    |add_ln1192_134_fu_3779_p2    |     +    |      0|  0|   46|          46|          46|
    |add_ln1192_135_fu_3841_p2    |     +    |      0|  0|   46|          46|          46|
    |add_ln1192_13_fu_1707_p2     |     +    |      0|  0|   55|          55|          55|
    |add_ln1192_14_fu_1730_p2     |     +    |      0|  0|   55|          55|          55|
    |add_ln1192_15_fu_1753_p2     |     +    |      0|  0|   55|          55|          55|
    |add_ln1192_16_fu_1776_p2     |     +    |      0|  0|   55|          55|          55|
    |add_ln1192_17_fu_1799_p2     |     +    |      0|  0|   55|          55|          55|
    |add_ln1192_18_fu_1822_p2     |     +    |      0|  0|   55|          55|          55|
    |add_ln1192_19_fu_1845_p2     |     +    |      0|  0|   55|          55|          55|
    |add_ln1192_1_fu_1467_p2      |     +    |      0|  0|   55|          55|          55|
    |add_ln1192_20_fu_1868_p2     |     +    |      0|  0|   55|          55|          55|
    |add_ln1192_21_fu_1891_p2     |     +    |      0|  0|   55|          55|          55|
    |add_ln1192_22_fu_1914_p2     |     +    |      0|  0|   55|          55|          55|
    |add_ln1192_23_fu_1937_p2     |     +    |      0|  0|   55|          55|          55|
    |add_ln1192_24_fu_1960_p2     |     +    |      0|  0|   55|          55|          55|
    |add_ln1192_25_fu_1983_p2     |     +    |      0|  0|   55|          55|          55|
    |add_ln1192_26_fu_2006_p2     |     +    |      0|  0|   55|          55|          55|
    |add_ln1192_27_fu_2029_p2     |     +    |      0|  0|   55|          55|          55|
    |add_ln1192_28_fu_2052_p2     |     +    |      0|  0|   55|          55|          55|
    |add_ln1192_29_fu_2075_p2     |     +    |      0|  0|   55|          55|          55|
    |add_ln1192_2_fu_1484_p2      |     +    |      0|  0|   55|          55|          55|
    |add_ln1192_30_fu_2098_p2     |     +    |      0|  0|   55|          55|          55|
    |add_ln1192_31_fu_2121_p2     |     +    |      0|  0|   55|          55|          55|
    |add_ln1192_32_fu_2166_p2     |     +    |      0|  0|   55|          55|          55|
    |add_ln1192_33_fu_2209_p2     |     +    |      0|  0|   55|          55|          55|
    |add_ln1192_34_fu_2252_p2     |     +    |      0|  0|   55|          55|          55|
    |add_ln1192_35_fu_2292_p2     |     +    |      0|  0|   55|          55|          55|
    |add_ln1192_36_fu_2338_p2     |     +    |      0|  0|   55|          55|          55|
    |add_ln1192_37_fu_2381_p2     |     +    |      0|  0|   55|          55|          55|
    |add_ln1192_38_fu_2424_p2     |     +    |      0|  0|   55|          55|          55|
    |add_ln1192_39_fu_2464_p2     |     +    |      0|  0|   55|          55|          55|
    |add_ln1192_3_fu_1501_p2      |     +    |      0|  0|   55|          55|          55|
    |add_ln1192_40_fu_3093_p2     |     +    |      0|  0|   55|          55|          55|
    |add_ln1192_41_fu_3105_p2     |     +    |      0|  0|   55|          55|          55|
    |add_ln1192_42_fu_3117_p2     |     +    |      0|  0|   55|          55|          55|
    |add_ln1192_43_fu_3129_p2     |     +    |      0|  0|   55|          55|          55|
    |add_ln1192_44_fu_3141_p2     |     +    |      0|  0|   55|          55|          55|
    |add_ln1192_45_fu_3153_p2     |     +    |      0|  0|   55|          55|          55|
    |add_ln1192_46_fu_3165_p2     |     +    |      0|  0|   55|          55|          55|
    |add_ln1192_47_fu_3177_p2     |     +    |      0|  0|   55|          55|          55|
    |add_ln1192_48_fu_3200_p2     |     +    |      0|  0|   55|          55|          55|
    |add_ln1192_49_fu_3223_p2     |     +    |      0|  0|   55|          55|          55|
    |add_ln1192_4_fu_1518_p2      |     +    |      0|  0|   55|          55|          55|
    |add_ln1192_50_fu_3246_p2     |     +    |      0|  0|   55|          55|          55|
    |add_ln1192_51_fu_3269_p2     |     +    |      0|  0|   55|          55|          55|
    |add_ln1192_52_fu_3292_p2     |     +    |      0|  0|   55|          55|          55|
    |add_ln1192_53_fu_3315_p2     |     +    |      0|  0|   55|          55|          55|
    |add_ln1192_54_fu_3338_p2     |     +    |      0|  0|   55|          55|          55|
    |add_ln1192_55_fu_3361_p2     |     +    |      0|  0|   55|          55|          55|
    |add_ln1192_56_fu_3402_p2     |     +    |      0|  0|   55|          55|          55|
    |add_ln1192_57_fu_3464_p2     |     +    |      0|  0|   55|          55|          55|
    |add_ln1192_58_fu_3526_p2     |     +    |      0|  0|   55|          55|          55|
    |add_ln1192_59_fu_3588_p2     |     +    |      0|  0|   55|          55|          55|
    |add_ln1192_5_fu_1535_p2      |     +    |      0|  0|   55|          55|          55|
    |add_ln1192_60_fu_3650_p2     |     +    |      0|  0|   55|          55|          55|
    |add_ln1192_61_fu_3712_p2     |     +    |      0|  0|   55|          55|          55|
    |add_ln1192_62_fu_3774_p2     |     +    |      0|  0|   55|          55|          55|
    |add_ln1192_63_fu_3836_p2     |     +    |      0|  0|   55|          55|          55|
    |add_ln1192_64_fu_4006_p2     |     +    |      0|  0|   55|          55|          55|
    |add_ln1192_65_fu_4033_p2     |     +    |      0|  0|   55|          55|          55|
    |add_ln1192_66_fu_4060_p2     |     +    |      0|  0|   55|          55|          55|
    |add_ln1192_67_fu_4087_p2     |     +    |      0|  0|   55|          55|          55|
    |add_ln1192_68_fu_4114_p2     |     +    |      0|  0|   55|          55|          55|
    |add_ln1192_69_fu_4141_p2     |     +    |      0|  0|   55|          55|          55|
    |add_ln1192_6_fu_1552_p2      |     +    |      0|  0|   55|          55|          55|
    |add_ln1192_70_fu_4168_p2     |     +    |      0|  0|   55|          55|          55|
    |add_ln1192_71_fu_4195_p2     |     +    |      0|  0|   55|          55|          55|
    |add_ln1192_72_fu_4225_p2     |     +    |      0|  0|   55|          55|          55|
    |add_ln1192_73_fu_4252_p2     |     +    |      0|  0|   55|          55|          55|
    |add_ln1192_74_fu_4279_p2     |     +    |      0|  0|   55|          55|          55|
    |add_ln1192_75_fu_4306_p2     |     +    |      0|  0|   55|          55|          55|
    |add_ln1192_76_fu_4333_p2     |     +    |      0|  0|   55|          55|          55|
    |add_ln1192_77_fu_4360_p2     |     +    |      0|  0|   55|          55|          55|
    |add_ln1192_78_fu_4387_p2     |     +    |      0|  0|   55|          55|          55|
    |add_ln1192_79_fu_4414_p2     |     +    |      0|  0|   55|          55|          55|
    |add_ln1192_7_fu_1569_p2      |     +    |      0|  0|   55|          55|          55|
    |add_ln1192_80_fu_5149_p2     |     +    |      0|  0|   55|          55|          55|
    |add_ln1192_81_fu_5181_p2     |     +    |      0|  0|   55|          55|          55|
    |add_ln1192_82_fu_5213_p2     |     +    |      0|  0|   55|          55|          55|
    |add_ln1192_83_fu_5245_p2     |     +    |      0|  0|   55|          55|          55|
    |add_ln1192_84_fu_5277_p2     |     +    |      0|  0|   55|          55|          55|
    |add_ln1192_85_fu_5309_p2     |     +    |      0|  0|   55|          55|          55|
    |add_ln1192_86_fu_5341_p2     |     +    |      0|  0|   55|          55|          55|
    |add_ln1192_87_fu_5373_p2     |     +    |      0|  0|   55|          55|          55|
    |add_ln1192_88_fu_5408_p2     |     +    |      0|  0|   55|          55|          55|
    |add_ln1192_89_fu_5440_p2     |     +    |      0|  0|   55|          55|          55|
    |add_ln1192_8_fu_1592_p2      |     +    |      0|  0|   55|          55|          55|
    |add_ln1192_90_fu_5472_p2     |     +    |      0|  0|   55|          55|          55|
    |add_ln1192_91_fu_5504_p2     |     +    |      0|  0|   55|          55|          55|
    |add_ln1192_92_fu_5536_p2     |     +    |      0|  0|   55|          55|          55|
    |add_ln1192_93_fu_5568_p2     |     +    |      0|  0|   55|          55|          55|
    |add_ln1192_94_fu_5600_p2     |     +    |      0|  0|   55|          55|          55|
    |add_ln1192_95_fu_5632_p2     |     +    |      0|  0|   55|          55|          55|
    |add_ln1192_96_fu_4601_p2     |     +    |      0|  0|   55|          55|          55|
    |add_ln1192_97_fu_4625_p2     |     +    |      0|  0|   55|          55|          55|
    |add_ln1192_98_fu_4649_p2     |     +    |      0|  0|   55|          55|          55|
    |add_ln1192_99_fu_4673_p2     |     +    |      0|  0|   55|          55|          55|
    |add_ln1192_9_fu_1615_p2      |     +    |      0|  0|   55|          55|          55|
    |add_ln1192_fu_1450_p2        |     +    |      0|  0|   55|          55|          55|
    |ap_block_pp0_stage0_11001    |    and   |      0|  0|    2|           1|           1|
    |ap_block_pp0_stage0_subdone  |    or    |      0|  0|    2|           1|           1|
    |ap_enable_pp0                |    xor   |      0|  0|    2|           1|           2|
    +-----------------------------+----------+-------+---+-----+------------+------------+
    |Total                        |          |    512|  0|10358|       11891|       11892|
    +-----------------------------+----------+-------+---+-----+------------+------------+

    * Multiplexer: 
    +--------------------------------------------------------+----+-----------+-----+-----------+
    |                          Name                          | LUT| Input Size| Bits| Total Bits|
    +--------------------------------------------------------+----+-----------+-----+-----------+
    |ap_sig_allocacmp_energy_V_0_0_0_load                    |   9|          2|   35|         70|
    |ap_sig_allocacmp_energy_V_0_0_1_load                    |   9|          2|   35|         70|
    |ap_sig_allocacmp_energy_V_0_1_0_load                    |   9|          2|   35|         70|
    |ap_sig_allocacmp_energy_V_0_1_1_load                    |   9|          2|   35|         70|
    |ap_sig_allocacmp_energy_V_1_0_0_load                    |   9|          2|   35|         70|
    |ap_sig_allocacmp_energy_V_1_0_1_load                    |   9|          2|   35|         70|
    |ap_sig_allocacmp_energy_V_1_1_0_load                    |   9|          2|   35|         70|
    |ap_sig_allocacmp_energy_V_1_1_1_load                    |   9|          2|   35|         70|
    |ap_sig_allocacmp_scaled_attention_reshaped_V_0_0_load   |   9|          2|   35|         70|
    |ap_sig_allocacmp_scaled_attention_reshaped_V_0_10_load  |   9|          2|   35|         70|
    |ap_sig_allocacmp_scaled_attention_reshaped_V_0_11_load  |   9|          2|   35|         70|
    |ap_sig_allocacmp_scaled_attention_reshaped_V_0_12_load  |   9|          2|   35|         70|
    |ap_sig_allocacmp_scaled_attention_reshaped_V_0_13_load  |   9|          2|   35|         70|
    |ap_sig_allocacmp_scaled_attention_reshaped_V_0_14_load  |   9|          2|   35|         70|
    |ap_sig_allocacmp_scaled_attention_reshaped_V_0_15_load  |   9|          2|   35|         70|
    |ap_sig_allocacmp_scaled_attention_reshaped_V_0_1_load   |   9|          2|   35|         70|
    |ap_sig_allocacmp_scaled_attention_reshaped_V_0_2_load   |   9|          2|   35|         70|
    |ap_sig_allocacmp_scaled_attention_reshaped_V_0_3_load   |   9|          2|   35|         70|
    |ap_sig_allocacmp_scaled_attention_reshaped_V_0_4_load   |   9|          2|   35|         70|
    |ap_sig_allocacmp_scaled_attention_reshaped_V_0_5_load   |   9|          2|   35|         70|
    |ap_sig_allocacmp_scaled_attention_reshaped_V_0_6_load   |   9|          2|   35|         70|
    |ap_sig_allocacmp_scaled_attention_reshaped_V_0_7_load   |   9|          2|   35|         70|
    |ap_sig_allocacmp_scaled_attention_reshaped_V_0_8_load   |   9|          2|   35|         70|
    |ap_sig_allocacmp_scaled_attention_reshaped_V_0_9_load   |   9|          2|   35|         70|
    |ap_sig_allocacmp_scaled_attention_reshaped_V_1_0_load   |   9|          2|   35|         70|
    |ap_sig_allocacmp_scaled_attention_reshaped_V_1_10_load  |   9|          2|   35|         70|
    |ap_sig_allocacmp_scaled_attention_reshaped_V_1_11_load  |   9|          2|   35|         70|
    |ap_sig_allocacmp_scaled_attention_reshaped_V_1_12_load  |   9|          2|   35|         70|
    |ap_sig_allocacmp_scaled_attention_reshaped_V_1_13_load  |   9|          2|   35|         70|
    |ap_sig_allocacmp_scaled_attention_reshaped_V_1_14_load  |   9|          2|   35|         70|
    |ap_sig_allocacmp_scaled_attention_reshaped_V_1_15_load  |   9|          2|   35|         70|
    |ap_sig_allocacmp_scaled_attention_reshaped_V_1_1_load   |   9|          2|   35|         70|
    |ap_sig_allocacmp_scaled_attention_reshaped_V_1_2_load   |   9|          2|   35|         70|
    |ap_sig_allocacmp_scaled_attention_reshaped_V_1_3_load   |   9|          2|   35|         70|
    |ap_sig_allocacmp_scaled_attention_reshaped_V_1_4_load   |   9|          2|   35|         70|
    |ap_sig_allocacmp_scaled_attention_reshaped_V_1_5_load   |   9|          2|   35|         70|
    |ap_sig_allocacmp_scaled_attention_reshaped_V_1_6_load   |   9|          2|   35|         70|
    |ap_sig_allocacmp_scaled_attention_reshaped_V_1_7_load   |   9|          2|   35|         70|
    |ap_sig_allocacmp_scaled_attention_reshaped_V_1_8_load   |   9|          2|   35|         70|
    |ap_sig_allocacmp_scaled_attention_reshaped_V_1_9_load   |   9|          2|   35|         70|
    +--------------------------------------------------------+----+-----------+-----+-----------+
    |Total                                                   | 360|         80| 1400|       2800|
    +--------------------------------------------------------+----+-----------+-----+-----------+

    * Register: 
    +--------------------------------------------------------------------------------+-----+----+-----+-----------+
    |                                      Name                                      |  FF | LUT| Bits| Const Bits|
    +--------------------------------------------------------------------------------+-----+----+-----+-----------+
    |ap_CS_fsm                                                                       |    1|   0|    1|          0|
    |ap_enable_reg_pp0_iter1                                                         |    1|   0|    1|          0|
    |ap_enable_reg_pp0_iter10                                                        |    1|   0|    1|          0|
    |ap_enable_reg_pp0_iter2                                                         |    1|   0|    1|          0|
    |ap_enable_reg_pp0_iter3                                                         |    1|   0|    1|          0|
    |ap_enable_reg_pp0_iter4                                                         |    1|   0|    1|          0|
    |ap_enable_reg_pp0_iter5                                                         |    1|   0|    1|          0|
    |ap_enable_reg_pp0_iter6                                                         |    1|   0|    1|          0|
    |ap_enable_reg_pp0_iter7                                                         |    1|   0|    1|          0|
    |ap_enable_reg_pp0_iter8                                                         |    1|   0|    1|          0|
    |ap_enable_reg_pp0_iter9                                                         |    1|   0|    1|          0|
    |attention_0_0_1_reg_7475                                                        |   35|   0|   35|          0|
    |attention_0_0_1_reg_7475_pp0_iter7_reg                                          |   35|   0|   35|          0|
    |attention_0_1_1_reg_7485                                                        |   35|   0|   35|          0|
    |attention_0_1_1_reg_7485_pp0_iter7_reg                                          |   35|   0|   35|          0|
    |attention_0_1_reg_7480                                                          |   35|   0|   35|          0|
    |attention_1_0_1_reg_7495                                                        |   35|   0|   35|          0|
    |attention_1_0_1_reg_7495_pp0_iter7_reg                                          |   35|   0|   35|          0|
    |attention_1_1_1_reg_7505                                                        |   35|   0|   35|          0|
    |attention_1_1_1_reg_7505_pp0_iter7_reg                                          |   35|   0|   35|          0|
    |attention_1_1_reg_7500                                                          |   35|   0|   35|          0|
    |attention_1_reg_7490                                                            |   35|   0|   35|          0|
    |attention_reg_7470                                                              |   35|   0|   35|          0|
    |energy_V_0_0_0                                                                  |   35|   0|   35|          0|
    |energy_V_0_0_1                                                                  |   35|   0|   35|          0|
    |energy_V_0_1_0                                                                  |   35|   0|   35|          0|
    |energy_V_0_1_1                                                                  |   35|   0|   35|          0|
    |energy_V_1_0_0                                                                  |   35|   0|   35|          0|
    |energy_V_1_0_1                                                                  |   35|   0|   35|          0|
    |energy_V_1_1_0                                                                  |   35|   0|   35|          0|
    |energy_V_1_1_1                                                                  |   35|   0|   35|          0|
    |grp_softmax_latency_ap_fixed_ap_fixed_sa_softmax_config0_s_fu_406_ap_start_reg  |    1|   0|    1|          0|
    |grp_softmax_latency_ap_fixed_ap_fixed_sa_softmax_config0_s_fu_416_ap_start_reg  |    1|   0|    1|          0|
    |grp_softmax_latency_ap_fixed_ap_fixed_sa_softmax_config0_s_fu_426_ap_start_reg  |    1|   0|    1|          0|
    |grp_softmax_latency_ap_fixed_ap_fixed_sa_softmax_config0_s_fu_436_ap_start_reg  |    1|   0|    1|          0|
    |qkv_out_el_0_10_reg_6685                                                        |   35|   0|   35|          0|
    |qkv_out_el_0_11_reg_6690                                                        |   35|   0|   35|          0|
    |qkv_out_el_0_11_reg_6690_pp0_iter2_reg                                          |   35|   0|   35|          0|
    |qkv_out_el_0_12_reg_6695                                                        |   35|   0|   35|          0|
    |qkv_out_el_0_12_reg_6695_pp0_iter2_reg                                          |   35|   0|   35|          0|
    |qkv_out_el_0_13_reg_6700                                                        |   35|   0|   35|          0|
    |qkv_out_el_0_13_reg_6700_pp0_iter2_reg                                          |   35|   0|   35|          0|
    |qkv_out_el_0_14_reg_6705                                                        |   35|   0|   35|          0|
    |qkv_out_el_0_14_reg_6705_pp0_iter2_reg                                          |   35|   0|   35|          0|
    |qkv_out_el_0_15_reg_6750                                                        |   35|   0|   35|          0|
    |qkv_out_el_0_16_reg_6755                                                        |   35|   0|   35|          0|
    |qkv_out_el_0_17_reg_6760                                                        |   35|   0|   35|          0|
    |qkv_out_el_0_18_reg_6765                                                        |   35|   0|   35|          0|
    |qkv_out_el_0_19_reg_6770                                                        |   35|   0|   35|          0|
    |qkv_out_el_0_19_reg_6770_pp0_iter2_reg                                          |   35|   0|   35|          0|
    |qkv_out_el_0_1_reg_6635                                                         |   35|   0|   35|          0|
    |qkv_out_el_0_20_reg_6775                                                        |   35|   0|   35|          0|
    |qkv_out_el_0_20_reg_6775_pp0_iter2_reg                                          |   35|   0|   35|          0|
    |qkv_out_el_0_21_reg_6780                                                        |   35|   0|   35|          0|
    |qkv_out_el_0_21_reg_6780_pp0_iter2_reg                                          |   35|   0|   35|          0|
    |qkv_out_el_0_22_reg_6785                                                        |   35|   0|   35|          0|
    |qkv_out_el_0_22_reg_6785_pp0_iter2_reg                                          |   35|   0|   35|          0|
    |qkv_out_el_0_23_reg_6790                                                        |   35|   0|   35|          0|
    |qkv_out_el_0_24_reg_6795                                                        |   35|   0|   35|          0|
    |qkv_out_el_0_25_reg_6800                                                        |   35|   0|   35|          0|
    |qkv_out_el_0_26_reg_6805                                                        |   35|   0|   35|          0|
    |qkv_out_el_0_27_reg_6810                                                        |   35|   0|   35|          0|
    |qkv_out_el_0_27_reg_6810_pp0_iter2_reg                                          |   35|   0|   35|          0|
    |qkv_out_el_0_28_reg_6815                                                        |   35|   0|   35|          0|
    |qkv_out_el_0_28_reg_6815_pp0_iter2_reg                                          |   35|   0|   35|          0|
    |qkv_out_el_0_29_reg_6820                                                        |   35|   0|   35|          0|
    |qkv_out_el_0_29_reg_6820_pp0_iter2_reg                                          |   35|   0|   35|          0|
    |qkv_out_el_0_2_reg_6640                                                         |   35|   0|   35|          0|
    |qkv_out_el_0_30_reg_6825                                                        |   35|   0|   35|          0|
    |qkv_out_el_0_30_reg_6825_pp0_iter2_reg                                          |   35|   0|   35|          0|
    |qkv_out_el_0_3_reg_6645                                                         |   35|   0|   35|          0|
    |qkv_out_el_0_4_reg_6650                                                         |   35|   0|   35|          0|
    |qkv_out_el_0_4_reg_6650_pp0_iter2_reg                                           |   35|   0|   35|          0|
    |qkv_out_el_0_5_reg_6655                                                         |   35|   0|   35|          0|
    |qkv_out_el_0_5_reg_6655_pp0_iter2_reg                                           |   35|   0|   35|          0|
    |qkv_out_el_0_6_reg_6660                                                         |   35|   0|   35|          0|
    |qkv_out_el_0_6_reg_6660_pp0_iter2_reg                                           |   35|   0|   35|          0|
    |qkv_out_el_0_7_reg_6665                                                         |   35|   0|   35|          0|
    |qkv_out_el_0_7_reg_6665_pp0_iter2_reg                                           |   35|   0|   35|          0|
    |qkv_out_el_0_8_reg_6670                                                         |   35|   0|   35|          0|
    |qkv_out_el_0_9_reg_6675                                                         |   35|   0|   35|          0|
    |qkv_out_el_0_s_reg_6680                                                         |   35|   0|   35|          0|
    |qkv_out_el_1_10_reg_6925                                                        |   35|   0|   35|          0|
    |qkv_out_el_1_11_reg_6930                                                        |   35|   0|   35|          0|
    |qkv_out_el_1_11_reg_6930_pp0_iter2_reg                                          |   35|   0|   35|          0|
    |qkv_out_el_1_12_reg_6935                                                        |   35|   0|   35|          0|
    |qkv_out_el_1_12_reg_6935_pp0_iter2_reg                                          |   35|   0|   35|          0|
    |qkv_out_el_1_13_reg_6940                                                        |   35|   0|   35|          0|
    |qkv_out_el_1_13_reg_6940_pp0_iter2_reg                                          |   35|   0|   35|          0|
    |qkv_out_el_1_14_reg_6945                                                        |   35|   0|   35|          0|
    |qkv_out_el_1_14_reg_6945_pp0_iter2_reg                                          |   35|   0|   35|          0|
    |qkv_out_el_1_15_reg_6990                                                        |   35|   0|   35|          0|
    |qkv_out_el_1_16_reg_6995                                                        |   35|   0|   35|          0|
    |qkv_out_el_1_17_reg_7000                                                        |   35|   0|   35|          0|
    |qkv_out_el_1_18_reg_7005                                                        |   35|   0|   35|          0|
    |qkv_out_el_1_19_reg_7010                                                        |   35|   0|   35|          0|
    |qkv_out_el_1_19_reg_7010_pp0_iter2_reg                                          |   35|   0|   35|          0|
    |qkv_out_el_1_1_reg_6875                                                         |   35|   0|   35|          0|
    |qkv_out_el_1_20_reg_7015                                                        |   35|   0|   35|          0|
    |qkv_out_el_1_20_reg_7015_pp0_iter2_reg                                          |   35|   0|   35|          0|
    |qkv_out_el_1_21_reg_7020                                                        |   35|   0|   35|          0|
    |qkv_out_el_1_21_reg_7020_pp0_iter2_reg                                          |   35|   0|   35|          0|
    |qkv_out_el_1_22_reg_7025                                                        |   35|   0|   35|          0|
    |qkv_out_el_1_22_reg_7025_pp0_iter2_reg                                          |   35|   0|   35|          0|
    |qkv_out_el_1_23_reg_7030                                                        |   35|   0|   35|          0|
    |qkv_out_el_1_24_reg_7035                                                        |   35|   0|   35|          0|
    |qkv_out_el_1_25_reg_7040                                                        |   35|   0|   35|          0|
    |qkv_out_el_1_26_reg_7045                                                        |   35|   0|   35|          0|
    |qkv_out_el_1_27_reg_7050                                                        |   35|   0|   35|          0|
    |qkv_out_el_1_27_reg_7050_pp0_iter2_reg                                          |   35|   0|   35|          0|
    |qkv_out_el_1_28_reg_7055                                                        |   35|   0|   35|          0|
    |qkv_out_el_1_28_reg_7055_pp0_iter2_reg                                          |   35|   0|   35|          0|
    |qkv_out_el_1_29_reg_7060                                                        |   35|   0|   35|          0|
    |qkv_out_el_1_29_reg_7060_pp0_iter2_reg                                          |   35|   0|   35|          0|
    |qkv_out_el_1_2_reg_6880                                                         |   35|   0|   35|          0|
    |qkv_out_el_1_30_reg_7065                                                        |   35|   0|   35|          0|
    |qkv_out_el_1_30_reg_7065_pp0_iter2_reg                                          |   35|   0|   35|          0|
    |qkv_out_el_1_3_reg_6885                                                         |   35|   0|   35|          0|
    |qkv_out_el_1_4_reg_6890                                                         |   35|   0|   35|          0|
    |qkv_out_el_1_4_reg_6890_pp0_iter2_reg                                           |   35|   0|   35|          0|
    |qkv_out_el_1_5_reg_6895                                                         |   35|   0|   35|          0|
    |qkv_out_el_1_5_reg_6895_pp0_iter2_reg                                           |   35|   0|   35|          0|
    |qkv_out_el_1_6_reg_6900                                                         |   35|   0|   35|          0|
    |qkv_out_el_1_6_reg_6900_pp0_iter2_reg                                           |   35|   0|   35|          0|
    |qkv_out_el_1_7_reg_6905                                                         |   35|   0|   35|          0|
    |qkv_out_el_1_7_reg_6905_pp0_iter2_reg                                           |   35|   0|   35|          0|
    |qkv_out_el_1_8_reg_6910                                                         |   35|   0|   35|          0|
    |qkv_out_el_1_9_reg_6915                                                         |   35|   0|   35|          0|
    |qkv_out_el_1_reg_6870                                                           |   35|   0|   35|          0|
    |qkv_out_el_1_s_reg_6920                                                         |   35|   0|   35|          0|
    |qkv_out_el_reg_6630                                                             |   35|   0|   35|          0|
    |scaled_attention_reshaped_V_0_0                                                 |   35|   0|   35|          0|
    |scaled_attention_reshaped_V_0_1                                                 |   35|   0|   35|          0|
    |scaled_attention_reshaped_V_0_10                                                |   35|   0|   35|          0|
    |scaled_attention_reshaped_V_0_11                                                |   35|   0|   35|          0|
    |scaled_attention_reshaped_V_0_12                                                |   35|   0|   35|          0|
    |scaled_attention_reshaped_V_0_13                                                |   35|   0|   35|          0|
    |scaled_attention_reshaped_V_0_14                                                |   35|   0|   35|          0|
    |scaled_attention_reshaped_V_0_15                                                |   35|   0|   35|          0|
    |scaled_attention_reshaped_V_0_2                                                 |   35|   0|   35|          0|
    |scaled_attention_reshaped_V_0_3                                                 |   35|   0|   35|          0|
    |scaled_attention_reshaped_V_0_4                                                 |   35|   0|   35|          0|
    |scaled_attention_reshaped_V_0_5                                                 |   35|   0|   35|          0|
    |scaled_attention_reshaped_V_0_6                                                 |   35|   0|   35|          0|
    |scaled_attention_reshaped_V_0_7                                                 |   35|   0|   35|          0|
    |scaled_attention_reshaped_V_0_8                                                 |   35|   0|   35|          0|
    |scaled_attention_reshaped_V_0_9                                                 |   35|   0|   35|          0|
    |scaled_attention_reshaped_V_1_0                                                 |   35|   0|   35|          0|
    |scaled_attention_reshaped_V_1_1                                                 |   35|   0|   35|          0|
    |scaled_attention_reshaped_V_1_10                                                |   35|   0|   35|          0|
    |scaled_attention_reshaped_V_1_11                                                |   35|   0|   35|          0|
    |scaled_attention_reshaped_V_1_12                                                |   35|   0|   35|          0|
    |scaled_attention_reshaped_V_1_13                                                |   35|   0|   35|          0|
    |scaled_attention_reshaped_V_1_14                                                |   35|   0|   35|          0|
    |scaled_attention_reshaped_V_1_15                                                |   35|   0|   35|          0|
    |scaled_attention_reshaped_V_1_2                                                 |   35|   0|   35|          0|
    |scaled_attention_reshaped_V_1_3                                                 |   35|   0|   35|          0|
    |scaled_attention_reshaped_V_1_4                                                 |   35|   0|   35|          0|
    |scaled_attention_reshaped_V_1_5                                                 |   35|   0|   35|          0|
    |scaled_attention_reshaped_V_1_6                                                 |   35|   0|   35|          0|
    |scaled_attention_reshaped_V_1_7                                                 |   35|   0|   35|          0|
    |scaled_attention_reshaped_V_1_8                                                 |   35|   0|   35|          0|
    |scaled_attention_reshaped_V_1_9                                                 |   35|   0|   35|          0|
    |tmp_31_reg_7270                                                                 |   35|   0|   35|          0|
    |tmp_32_reg_7280                                                                 |   35|   0|   35|          0|
    |tmp_33_reg_7290                                                                 |   35|   0|   35|          0|
    |tmp_34_reg_7300                                                                 |   35|   0|   35|          0|
    |tmp_35_reg_7310                                                                 |   35|   0|   35|          0|
    |tmp_36_reg_7320                                                                 |   35|   0|   35|          0|
    |tmp_37_reg_7330                                                                 |   35|   0|   35|          0|
    |tmp_38_reg_7340                                                                 |   35|   0|   35|          0|
    |tmp_63_reg_7510                                                                 |   35|   0|   35|          0|
    |tmp_64_reg_7515                                                                 |   35|   0|   35|          0|
    |tmp_65_reg_7520                                                                 |   35|   0|   35|          0|
    |tmp_66_reg_7525                                                                 |   35|   0|   35|          0|
    |tmp_67_reg_7530                                                                 |   35|   0|   35|          0|
    |tmp_68_reg_7535                                                                 |   35|   0|   35|          0|
    |tmp_69_reg_7540                                                                 |   35|   0|   35|          0|
    |tmp_70_reg_7545                                                                 |   35|   0|   35|          0|
    |tmp_71_reg_7550                                                                 |   35|   0|   35|          0|
    |tmp_72_reg_7555                                                                 |   35|   0|   35|          0|
    |tmp_73_reg_7560                                                                 |   35|   0|   35|          0|
    |tmp_74_reg_7565                                                                 |   35|   0|   35|          0|
    |tmp_75_reg_7570                                                                 |   35|   0|   35|          0|
    |tmp_76_reg_7575                                                                 |   35|   0|   35|          0|
    |tmp_77_reg_7580                                                                 |   35|   0|   35|          0|
    |tmp_78_reg_7585                                                                 |   35|   0|   35|          0|
    |tmp_79_reg_7590                                                                 |   35|   0|   35|          0|
    |tmp_80_reg_7595                                                                 |   35|   0|   35|          0|
    |tmp_81_reg_7600                                                                 |   35|   0|   35|          0|
    |tmp_82_reg_7605                                                                 |   35|   0|   35|          0|
    |tmp_83_reg_7610                                                                 |   35|   0|   35|          0|
    |tmp_84_reg_7615                                                                 |   35|   0|   35|          0|
    |tmp_85_reg_7620                                                                 |   35|   0|   35|          0|
    |tmp_86_reg_7625                                                                 |   35|   0|   35|          0|
    |tmp_87_reg_7630                                                                 |   35|   0|   35|          0|
    |tmp_88_reg_7635                                                                 |   35|   0|   35|          0|
    |tmp_89_reg_7640                                                                 |   35|   0|   35|          0|
    |tmp_90_reg_7645                                                                 |   35|   0|   35|          0|
    |tmp_91_reg_7650                                                                 |   35|   0|   35|          0|
    |tmp_92_reg_7655                                                                 |   35|   0|   35|          0|
    |tmp_93_reg_7660                                                                 |   35|   0|   35|          0|
    |tmp_94_reg_7665                                                                 |   35|   0|   35|          0|
    |trunc_ln1192_10_reg_7165                                                        |   55|   0|   55|          0|
    |trunc_ln1192_11_reg_7170                                                        |   55|   0|   55|          0|
    |trunc_ln1192_12_reg_7175                                                        |   55|   0|   55|          0|
    |trunc_ln1192_13_reg_7180                                                        |   55|   0|   55|          0|
    |trunc_ln1192_14_reg_7185                                                        |   55|   0|   55|          0|
    |trunc_ln1192_15_reg_7190                                                        |   55|   0|   55|          0|
    |trunc_ln1192_16_reg_7195                                                        |   55|   0|   55|          0|
    |trunc_ln1192_17_reg_7200                                                        |   55|   0|   55|          0|
    |trunc_ln1192_18_reg_7205                                                        |   55|   0|   55|          0|
    |trunc_ln1192_19_reg_7210                                                        |   55|   0|   55|          0|
    |trunc_ln1192_1_reg_7115                                                         |   55|   0|   55|          0|
    |trunc_ln1192_20_reg_7215                                                        |   55|   0|   55|          0|
    |trunc_ln1192_21_reg_7220                                                        |   55|   0|   55|          0|
    |trunc_ln1192_22_reg_7225                                                        |   55|   0|   55|          0|
    |trunc_ln1192_23_reg_7230                                                        |   55|   0|   55|          0|
    |trunc_ln1192_24_reg_7235                                                        |   55|   0|   55|          0|
    |trunc_ln1192_25_reg_7240                                                        |   55|   0|   55|          0|
    |trunc_ln1192_26_reg_7245                                                        |   55|   0|   55|          0|
    |trunc_ln1192_27_reg_7250                                                        |   55|   0|   55|          0|
    |trunc_ln1192_28_reg_7255                                                        |   55|   0|   55|          0|
    |trunc_ln1192_29_reg_7260                                                        |   55|   0|   55|          0|
    |trunc_ln1192_2_reg_7120                                                         |   55|   0|   55|          0|
    |trunc_ln1192_30_reg_7265                                                        |   55|   0|   55|          0|
    |trunc_ln1192_39_reg_7275                                                        |   55|   0|   55|          0|
    |trunc_ln1192_3_reg_7125                                                         |   55|   0|   55|          0|
    |trunc_ln1192_40_reg_7285                                                        |   55|   0|   55|          0|
    |trunc_ln1192_41_reg_7295                                                        |   55|   0|   55|          0|
    |trunc_ln1192_42_reg_7305                                                        |   55|   0|   55|          0|
    |trunc_ln1192_43_reg_7315                                                        |   55|   0|   55|          0|
    |trunc_ln1192_44_reg_7325                                                        |   55|   0|   55|          0|
    |trunc_ln1192_45_reg_7335                                                        |   55|   0|   55|          0|
    |trunc_ln1192_46_reg_7345                                                        |   55|   0|   55|          0|
    |trunc_ln1192_47_reg_7350                                                        |   55|   0|   55|          0|
    |trunc_ln1192_48_reg_7355                                                        |   55|   0|   55|          0|
    |trunc_ln1192_49_reg_7360                                                        |   55|   0|   55|          0|
    |trunc_ln1192_4_reg_7130                                                         |   55|   0|   55|          0|
    |trunc_ln1192_50_reg_7365                                                        |   55|   0|   55|          0|
    |trunc_ln1192_51_reg_7370                                                        |   55|   0|   55|          0|
    |trunc_ln1192_52_reg_7375                                                        |   55|   0|   55|          0|
    |trunc_ln1192_53_reg_7380                                                        |   55|   0|   55|          0|
    |trunc_ln1192_54_reg_7385                                                        |   55|   0|   55|          0|
    |trunc_ln1192_55_reg_7390                                                        |   55|   0|   55|          0|
    |trunc_ln1192_56_reg_7395                                                        |   46|   0|   46|          0|
    |trunc_ln1192_58_reg_7400                                                        |   55|   0|   55|          0|
    |trunc_ln1192_59_reg_7405                                                        |   46|   0|   46|          0|
    |trunc_ln1192_5_reg_7135                                                         |   55|   0|   55|          0|
    |trunc_ln1192_61_reg_7410                                                        |   55|   0|   55|          0|
    |trunc_ln1192_62_reg_7415                                                        |   46|   0|   46|          0|
    |trunc_ln1192_64_reg_7420                                                        |   55|   0|   55|          0|
    |trunc_ln1192_65_reg_7425                                                        |   46|   0|   46|          0|
    |trunc_ln1192_67_reg_7430                                                        |   55|   0|   55|          0|
    |trunc_ln1192_68_reg_7435                                                        |   46|   0|   46|          0|
    |trunc_ln1192_6_reg_7140                                                         |   55|   0|   55|          0|
    |trunc_ln1192_70_reg_7440                                                        |   55|   0|   55|          0|
    |trunc_ln1192_71_reg_7445                                                        |   46|   0|   46|          0|
    |trunc_ln1192_73_reg_7450                                                        |   55|   0|   55|          0|
    |trunc_ln1192_74_reg_7455                                                        |   46|   0|   46|          0|
    |trunc_ln1192_76_reg_7460                                                        |   55|   0|   55|          0|
    |trunc_ln1192_77_reg_7465                                                        |   46|   0|   46|          0|
    |trunc_ln1192_7_reg_7145                                                         |   55|   0|   55|          0|
    |trunc_ln1192_8_reg_7150                                                         |   55|   0|   55|          0|
    |trunc_ln1192_9_reg_7155                                                         |   55|   0|   55|          0|
    |trunc_ln1192_s_reg_7160                                                         |   55|   0|   55|          0|
    |trunc_ln708_10_reg_7720                                                         |   35|   0|   35|          0|
    |trunc_ln708_11_reg_7725                                                         |   35|   0|   35|          0|
    |trunc_ln708_12_reg_7730                                                         |   35|   0|   35|          0|
    |trunc_ln708_13_reg_7735                                                         |   35|   0|   35|          0|
    |trunc_ln708_14_reg_7740                                                         |   35|   0|   35|          0|
    |trunc_ln708_15_reg_7745                                                         |   35|   0|   35|          0|
    |trunc_ln708_16_reg_7750                                                         |   35|   0|   35|          0|
    |trunc_ln708_17_reg_7755                                                         |   35|   0|   35|          0|
    |trunc_ln708_18_reg_7760                                                         |   35|   0|   35|          0|
    |trunc_ln708_19_reg_7765                                                         |   35|   0|   35|          0|
    |trunc_ln708_1_reg_7675                                                          |   35|   0|   35|          0|
    |trunc_ln708_20_reg_7770                                                         |   35|   0|   35|          0|
    |trunc_ln708_21_reg_7775                                                         |   35|   0|   35|          0|
    |trunc_ln708_22_reg_7780                                                         |   35|   0|   35|          0|
    |trunc_ln708_23_reg_7785                                                         |   35|   0|   35|          0|
    |trunc_ln708_24_reg_7790                                                         |   35|   0|   35|          0|
    |trunc_ln708_25_reg_7795                                                         |   35|   0|   35|          0|
    |trunc_ln708_26_reg_7800                                                         |   35|   0|   35|          0|
    |trunc_ln708_27_reg_7805                                                         |   35|   0|   35|          0|
    |trunc_ln708_28_reg_7810                                                         |   35|   0|   35|          0|
    |trunc_ln708_29_reg_7815                                                         |   35|   0|   35|          0|
    |trunc_ln708_2_reg_7680                                                          |   35|   0|   35|          0|
    |trunc_ln708_30_reg_7820                                                         |   35|   0|   35|          0|
    |trunc_ln708_31_reg_7825                                                         |   35|   0|   35|          0|
    |trunc_ln708_3_reg_7685                                                          |   35|   0|   35|          0|
    |trunc_ln708_4_reg_7690                                                          |   35|   0|   35|          0|
    |trunc_ln708_5_reg_7695                                                          |   35|   0|   35|          0|
    |trunc_ln708_6_reg_7700                                                          |   35|   0|   35|          0|
    |trunc_ln708_7_reg_7705                                                          |   35|   0|   35|          0|
    |trunc_ln708_8_reg_7710                                                          |   35|   0|   35|          0|
    |trunc_ln708_9_reg_7715                                                          |   35|   0|   35|          0|
    |trunc_ln708_s_reg_7670                                                          |   35|   0|   35|          0|
    |trunc_ln_reg_7110                                                               |   55|   0|   55|          0|
    |values_0_0_V_reg_6710                                                           |   35|   0|   35|          0|
    |values_0_10_V_reg_6735                                                          |   35|   0|   35|          0|
    |values_0_11_V_reg_6855                                                          |   35|   0|   35|          0|
    |values_0_12_V_reg_6740                                                          |   35|   0|   35|          0|
    |values_0_13_V_reg_6860                                                          |   35|   0|   35|          0|
    |values_0_14_V_reg_6745                                                          |   35|   0|   35|          0|
    |values_0_15_V_reg_6865                                                          |   35|   0|   35|          0|
    |values_0_1_V_reg_6830                                                           |   35|   0|   35|          0|
    |values_0_2_V_reg_6715                                                           |   35|   0|   35|          0|
    |values_0_3_V_reg_6835                                                           |   35|   0|   35|          0|
    |values_0_4_V_reg_6720                                                           |   35|   0|   35|          0|
    |values_0_5_V_reg_6840                                                           |   35|   0|   35|          0|
    |values_0_6_V_reg_6725                                                           |   35|   0|   35|          0|
    |values_0_7_V_reg_6845                                                           |   35|   0|   35|          0|
    |values_0_8_V_reg_6730                                                           |   35|   0|   35|          0|
    |values_0_9_V_reg_6850                                                           |   35|   0|   35|          0|
    |values_1_0_V_reg_6950                                                           |   35|   0|   35|          0|
    |values_1_10_V_reg_6975                                                          |   35|   0|   35|          0|
    |values_1_11_V_reg_7095                                                          |   35|   0|   35|          0|
    |values_1_12_V_reg_6980                                                          |   35|   0|   35|          0|
    |values_1_13_V_reg_7100                                                          |   35|   0|   35|          0|
    |values_1_14_V_reg_6985                                                          |   35|   0|   35|          0|
    |values_1_15_V_reg_7105                                                          |   35|   0|   35|          0|
    |values_1_1_V_reg_7070                                                           |   35|   0|   35|          0|
    |values_1_2_V_reg_6955                                                           |   35|   0|   35|          0|
    |values_1_3_V_reg_7075                                                           |   35|   0|   35|          0|
    |values_1_4_V_reg_6960                                                           |   35|   0|   35|          0|
    |values_1_5_V_reg_7080                                                           |   35|   0|   35|          0|
    |values_1_6_V_reg_6965                                                           |   35|   0|   35|          0|
    |values_1_7_V_reg_7085                                                           |   35|   0|   35|          0|
    |values_1_8_V_reg_6970                                                           |   35|   0|   35|          0|
    |values_1_9_V_reg_7090                                                           |   35|   0|   35|          0|
    |values_0_0_V_reg_6710                                                           |   64|  32|   35|          0|
    |values_0_10_V_reg_6735                                                          |   64|  32|   35|          0|
    |values_0_11_V_reg_6855                                                          |   64|  32|   35|          0|
    |values_0_12_V_reg_6740                                                          |   64|  32|   35|          0|
    |values_0_13_V_reg_6860                                                          |   64|  32|   35|          0|
    |values_0_14_V_reg_6745                                                          |   64|  32|   35|          0|
    |values_0_15_V_reg_6865                                                          |   64|  32|   35|          0|
    |values_0_1_V_reg_6830                                                           |   64|  32|   35|          0|
    |values_0_2_V_reg_6715                                                           |   64|  32|   35|          0|
    |values_0_3_V_reg_6835                                                           |   64|  32|   35|          0|
    |values_0_4_V_reg_6720                                                           |   64|  32|   35|          0|
    |values_0_5_V_reg_6840                                                           |   64|  32|   35|          0|
    |values_0_6_V_reg_6725                                                           |   64|  32|   35|          0|
    |values_0_7_V_reg_6845                                                           |   64|  32|   35|          0|
    |values_0_8_V_reg_6730                                                           |   64|  32|   35|          0|
    |values_0_9_V_reg_6850                                                           |   64|  32|   35|          0|
    |values_1_0_V_reg_6950                                                           |   64|  32|   35|          0|
    |values_1_10_V_reg_6975                                                          |   64|  32|   35|          0|
    |values_1_11_V_reg_7095                                                          |   64|  32|   35|          0|
    |values_1_12_V_reg_6980                                                          |   64|  32|   35|          0|
    |values_1_13_V_reg_7100                                                          |   64|  32|   35|          0|
    |values_1_14_V_reg_6985                                                          |   64|  32|   35|          0|
    |values_1_15_V_reg_7105                                                          |   64|  32|   35|          0|
    |values_1_1_V_reg_7070                                                           |   64|  32|   35|          0|
    |values_1_2_V_reg_6955                                                           |   64|  32|   35|          0|
    |values_1_3_V_reg_7075                                                           |   64|  32|   35|          0|
    |values_1_4_V_reg_6960                                                           |   64|  32|   35|          0|
    |values_1_5_V_reg_7080                                                           |   64|  32|   35|          0|
    |values_1_6_V_reg_6965                                                           |   64|  32|   35|          0|
    |values_1_7_V_reg_7085                                                           |   64|  32|   35|          0|
    |values_1_8_V_reg_6970                                                           |   64|  32|   35|          0|
    |values_1_9_V_reg_7090                                                           |   64|  32|   35|          0|
    +--------------------------------------------------------------------------------+-----+----+-----+-----------+
    |Total                                                                           |14331|1024|13403|          0|
    +--------------------------------------------------------------------------------+-----+----+-----+-----------+



================================================================
== Interface
================================================================
* Summary: 
+--------------+-----+-----+------------+--------------------------------------------------+--------------+
|   RTL Ports  | Dir | Bits|  Protocol  |                   Source Object                  |    C Type    |
+--------------+-----+-----+------------+--------------------------------------------------+--------------+
|ap_clk        |  in |    1| ap_ctrl_hs | self_attention.0.1.0.1.0.1.0.1.0.1.0.1.0.1.0.1.0 | return value |
|ap_rst        |  in |    1| ap_ctrl_hs | self_attention.0.1.0.1.0.1.0.1.0.1.0.1.0.1.0.1.0 | return value |
|ap_start      |  in |    1| ap_ctrl_hs | self_attention.0.1.0.1.0.1.0.1.0.1.0.1.0.1.0.1.0 | return value |
|ap_done       | out |    1| ap_ctrl_hs | self_attention.0.1.0.1.0.1.0.1.0.1.0.1.0.1.0.1.0 | return value |
|ap_idle       | out |    1| ap_ctrl_hs | self_attention.0.1.0.1.0.1.0.1.0.1.0.1.0.1.0.1.0 | return value |
|ap_ready      | out |    1| ap_ctrl_hs | self_attention.0.1.0.1.0.1.0.1.0.1.0.1.0.1.0.1.0 | return value |
|ap_ce         |  in |    1| ap_ctrl_hs | self_attention.0.1.0.1.0.1.0.1.0.1.0.1.0.1.0.1.0 | return value |
|ap_return_0   | out |   35| ap_ctrl_hs | self_attention.0.1.0.1.0.1.0.1.0.1.0.1.0.1.0.1.0 | return value |
|ap_return_1   | out |   35| ap_ctrl_hs | self_attention.0.1.0.1.0.1.0.1.0.1.0.1.0.1.0.1.0 | return value |
|ap_return_2   | out |   35| ap_ctrl_hs | self_attention.0.1.0.1.0.1.0.1.0.1.0.1.0.1.0.1.0 | return value |
|ap_return_3   | out |   35| ap_ctrl_hs | self_attention.0.1.0.1.0.1.0.1.0.1.0.1.0.1.0.1.0 | return value |
|ap_return_4   | out |   35| ap_ctrl_hs | self_attention.0.1.0.1.0.1.0.1.0.1.0.1.0.1.0.1.0 | return value |
|ap_return_5   | out |   35| ap_ctrl_hs | self_attention.0.1.0.1.0.1.0.1.0.1.0.1.0.1.0.1.0 | return value |
|ap_return_6   | out |   35| ap_ctrl_hs | self_attention.0.1.0.1.0.1.0.1.0.1.0.1.0.1.0.1.0 | return value |
|ap_return_7   | out |   35| ap_ctrl_hs | self_attention.0.1.0.1.0.1.0.1.0.1.0.1.0.1.0.1.0 | return value |
|ap_return_8   | out |   35| ap_ctrl_hs | self_attention.0.1.0.1.0.1.0.1.0.1.0.1.0.1.0.1.0 | return value |
|ap_return_9   | out |   35| ap_ctrl_hs | self_attention.0.1.0.1.0.1.0.1.0.1.0.1.0.1.0.1.0 | return value |
|ap_return_10  | out |   35| ap_ctrl_hs | self_attention.0.1.0.1.0.1.0.1.0.1.0.1.0.1.0.1.0 | return value |
|ap_return_11  | out |   35| ap_ctrl_hs | self_attention.0.1.0.1.0.1.0.1.0.1.0.1.0.1.0.1.0 | return value |
|ap_return_12  | out |   35| ap_ctrl_hs | self_attention.0.1.0.1.0.1.0.1.0.1.0.1.0.1.0.1.0 | return value |
|ap_return_13  | out |   35| ap_ctrl_hs | self_attention.0.1.0.1.0.1.0.1.0.1.0.1.0.1.0.1.0 | return value |
|ap_return_14  | out |   35| ap_ctrl_hs | self_attention.0.1.0.1.0.1.0.1.0.1.0.1.0.1.0.1.0 | return value |
|ap_return_15  | out |   35| ap_ctrl_hs | self_attention.0.1.0.1.0.1.0.1.0.1.0.1.0.1.0.1.0 | return value |
|ap_return_16  | out |   35| ap_ctrl_hs | self_attention.0.1.0.1.0.1.0.1.0.1.0.1.0.1.0.1.0 | return value |
|ap_return_17  | out |   35| ap_ctrl_hs | self_attention.0.1.0.1.0.1.0.1.0.1.0.1.0.1.0.1.0 | return value |
|ap_return_18  | out |   35| ap_ctrl_hs | self_attention.0.1.0.1.0.1.0.1.0.1.0.1.0.1.0.1.0 | return value |
|ap_return_19  | out |   35| ap_ctrl_hs | self_attention.0.1.0.1.0.1.0.1.0.1.0.1.0.1.0.1.0 | return value |
|ap_return_20  | out |   35| ap_ctrl_hs | self_attention.0.1.0.1.0.1.0.1.0.1.0.1.0.1.0.1.0 | return value |
|ap_return_21  | out |   35| ap_ctrl_hs | self_attention.0.1.0.1.0.1.0.1.0.1.0.1.0.1.0.1.0 | return value |
|ap_return_22  | out |   35| ap_ctrl_hs | self_attention.0.1.0.1.0.1.0.1.0.1.0.1.0.1.0.1.0 | return value |
|ap_return_23  | out |   35| ap_ctrl_hs | self_attention.0.1.0.1.0.1.0.1.0.1.0.1.0.1.0.1.0 | return value |
|ap_return_24  | out |   35| ap_ctrl_hs | self_attention.0.1.0.1.0.1.0.1.0.1.0.1.0.1.0.1.0 | return value |
|ap_return_25  | out |   35| ap_ctrl_hs | self_attention.0.1.0.1.0.1.0.1.0.1.0.1.0.1.0.1.0 | return value |
|ap_return_26  | out |   35| ap_ctrl_hs | self_attention.0.1.0.1.0.1.0.1.0.1.0.1.0.1.0.1.0 | return value |
|ap_return_27  | out |   35| ap_ctrl_hs | self_attention.0.1.0.1.0.1.0.1.0.1.0.1.0.1.0.1.0 | return value |
|ap_return_28  | out |   35| ap_ctrl_hs | self_attention.0.1.0.1.0.1.0.1.0.1.0.1.0.1.0.1.0 | return value |
|ap_return_29  | out |   35| ap_ctrl_hs | self_attention.0.1.0.1.0.1.0.1.0.1.0.1.0.1.0.1.0 | return value |
|ap_return_30  | out |   35| ap_ctrl_hs | self_attention.0.1.0.1.0.1.0.1.0.1.0.1.0.1.0.1.0 | return value |
|ap_return_31  | out |   35| ap_ctrl_hs | self_attention.0.1.0.1.0.1.0.1.0.1.0.1.0.1.0.1.0 | return value |
|p_read        |  in |   35|   ap_none  |                      p_read                      |    scalar    |
|p_read1       |  in |   35|   ap_none  |                      p_read1                     |    scalar    |
|p_read2       |  in |   35|   ap_none  |                      p_read2                     |    scalar    |
|p_read3       |  in |   35|   ap_none  |                      p_read3                     |    scalar    |
|p_read4       |  in |   35|   ap_none  |                      p_read4                     |    scalar    |
|p_read5       |  in |   35|   ap_none  |                      p_read5                     |    scalar    |
|p_read6       |  in |   35|   ap_none  |                      p_read6                     |    scalar    |
|p_read7       |  in |   35|   ap_none  |                      p_read7                     |    scalar    |
|p_read8       |  in |   35|   ap_none  |                      p_read8                     |    scalar    |
|p_read9       |  in |   35|   ap_none  |                      p_read9                     |    scalar    |
|p_read10      |  in |   35|   ap_none  |                     p_read10                     |    scalar    |
|p_read11      |  in |   35|   ap_none  |                     p_read11                     |    scalar    |
|p_read12      |  in |   35|   ap_none  |                     p_read12                     |    scalar    |
|p_read13      |  in |   35|   ap_none  |                     p_read13                     |    scalar    |
|p_read14      |  in |   35|   ap_none  |                     p_read14                     |    scalar    |
|p_read15      |  in |   35|   ap_none  |                     p_read15                     |    scalar    |
+--------------+-----+-----+------------+--------------------------------------------------+--------------+

