

================================================================
== Vivado HLS Report for 'dense_latency_16_1_14_1_12_1_10_1_8_1_6_1_4_1_2_1_0'
================================================================
* Date:           Fri May  6 04:53:38 2022

* Version:        2019.2 (Build 2704478 on Wed Nov 06 22:10:23 MST 2019)
* Project:        myproject_prj
* Solution:       solution1
* Product family: virtexuplus
* Target device:  xcu250-figd2104-2L-e


================================================================
== Performance Estimates
================================================================
+ Timing: 
    * Summary: 
    +--------+---------+----------+------------+
    |  Clock |  Target | Estimated| Uncertainty|
    +--------+---------+----------+------------+
    |ap_clk  | 5.00 ns | 4.233 ns |   0.62 ns  |
    +--------+---------+----------+------------+

+ Latency: 
    * Summary: 
    +---------+---------+----------+----------+-----+-----+----------+
    |  Latency (cycles) |  Latency (absolute) |  Interval | Pipeline |
    |   min   |   max   |    min   |    max   | min | max |   Type   |
    +---------+---------+----------+----------+-----+-----+----------+
    |        1|        1| 5.000 ns | 5.000 ns |    1|    1| function |
    +---------+---------+----------+----------+-----+-----+----------+

    + Detail: 
        * Instance: 
        N/A

        * Loop: 
        N/A



================================================================
== Utilization Estimates
================================================================
* Summary: 
+---------------------+---------+-------+---------+---------+------+
|         Name        | BRAM_18K| DSP48E|    FF   |   LUT   | URAM |
+---------------------+---------+-------+---------+---------+------+
|DSP                  |        -|      -|        -|        -|     -|
|Expression           |        -|    244|        0|    16274|     -|
|FIFO                 |        -|      -|        -|        -|     -|
|Instance             |        -|      -|        -|        -|     -|
|Memory               |        -|      -|        -|        -|     -|
|Multiplexer          |        -|      -|        -|      144|     -|
|Register             |        -|      -|     2587|        -|     -|
+---------------------+---------+-------+---------+---------+------+
|Total                |        0|    244|     2587|    16418|     0|
+---------------------+---------+-------+---------+---------+------+
|Available SLR        |     1344|   3072|   864000|   432000|   320|
+---------------------+---------+-------+---------+---------+------+
|Utilization SLR (%)  |        0|      7|    ~0   |        3|     0|
+---------------------+---------+-------+---------+---------+------+
|Available            |     5376|  12288|  3456000|  1728000|  1280|
+---------------------+---------+-------+---------+---------+------+
|Utilization (%)      |        0|      1|    ~0   |    ~0   |     0|
+---------------------+---------+-------+---------+---------+------+

+ Detail: 
    * Instance: 
    N/A

    * DSP48E: 
    N/A

    * Memory: 
    N/A

    * FIFO: 
    N/A

    * Expression: 
    +-----------------------------+----------+-------+---+-----+------------+------------+
    |        Variable Name        | Operation| DSP48E| FF| LUT | Bitwidth P0| Bitwidth P1|
    +-----------------------------+----------+-------+---+-----+------------+------------+
    |mul_ln1118_1078_fu_807_p2    |     *    |      1|  0|   45|          27|          13|
    |mul_ln1118_1079_fu_808_p2    |     *    |      1|  0|   45|          27|          11|
    |mul_ln1118_1080_fu_859_p2    |     *    |      1|  0|   45|          27|           8|
    |mul_ln1118_1081_fu_910_p2    |     *    |      1|  0|   45|          27|          10|
    |mul_ln1118_1082_fu_738_p2    |     *    |      1|  0|   45|          27|          10|
    |mul_ln1118_1083_fu_795_p2    |     *    |      1|  0|   45|          27|           9|
    |mul_ln1118_1084_fu_927_p2    |     *    |      1|  0|   45|          27|          11|
    |mul_ln1118_1085_fu_882_p2    |     *    |      1|  0|   45|          27|          11|
    |mul_ln1118_1086_fu_818_p2    |     *    |      1|  0|   45|          27|           7|
    |mul_ln1118_1087_fu_826_p2    |     *    |      1|  0|   45|          27|          11|
    |mul_ln1118_1088_fu_753_p2    |     *    |      1|  0|   45|          27|           9|
    |mul_ln1118_1089_fu_734_p2    |     *    |      1|  0|   45|          27|           8|
    |mul_ln1118_1090_fu_942_p2    |     *    |      1|  0|   45|          27|          10|
    |mul_ln1118_1091_fu_936_p2    |     *    |      1|  0|   45|          27|          12|
    |mul_ln1118_1092_fu_837_p2    |     *    |      1|  0|   45|          27|          12|
    |mul_ln1118_1093_fu_838_p2    |     *    |      1|  0|   45|          27|           8|
    |mul_ln1118_1094_fu_896_p2    |     *    |      1|  0|   45|          27|          11|
    |mul_ln1118_1095_fu_932_p2    |     *    |      1|  0|   45|          27|          12|
    |mul_ln1118_1096_fu_921_p2    |     *    |      1|  0|   45|          27|          12|
    |mul_ln1118_1097_fu_951_p2    |     *    |      1|  0|   45|          27|          10|
    |mul_ln1118_1098_fu_974_p2    |     *    |      1|  0|   45|          27|           9|
    |mul_ln1118_1099_fu_820_p2    |     *    |      1|  0|   45|          27|          11|
    |mul_ln1118_1100_fu_863_p2    |     *    |      1|  0|   45|          27|           8|
    |mul_ln1118_1101_fu_816_p2    |     *    |      1|  0|   45|          27|           8|
    |mul_ln1118_1102_fu_769_p2    |     *    |      1|  0|   45|          27|           9|
    |mul_ln1118_1103_fu_828_p2    |     *    |      1|  0|   45|          27|           7|
    |mul_ln1118_1104_fu_879_p2    |     *    |      1|  0|   45|          27|          11|
    |mul_ln1118_1105_fu_773_p2    |     *    |      1|  0|   45|          27|          12|
    |mul_ln1118_1106_fu_831_p2    |     *    |      1|  0|   45|          27|          11|
    |mul_ln1118_1107_fu_775_p2    |     *    |      1|  0|   45|          27|          12|
    |mul_ln1118_1108_fu_776_p2    |     *    |      1|  0|   45|          27|          12|
    |mul_ln1118_1109_fu_777_p2    |     *    |      1|  0|   45|          27|          11|
    |mul_ln1118_1110_fu_791_p2    |     *    |      1|  0|   45|          27|          11|
    |mul_ln1118_1111_fu_746_p2    |     *    |      1|  0|   45|          27|          11|
    |mul_ln1118_1112_fu_735_p2    |     *    |      1|  0|   45|          27|          11|
    |mul_ln1118_1113_fu_955_p2    |     *    |      1|  0|   45|          27|          10|
    |mul_ln1118_1114_fu_980_p2    |     *    |      1|  0|   45|          27|           9|
    |mul_ln1118_1115_fu_760_p2    |     *    |      1|  0|   45|          27|          11|
    |mul_ln1118_1116_fu_964_p2    |     *    |      1|  0|   45|          27|          10|
    |mul_ln1118_1117_fu_908_p2    |     *    |      1|  0|   45|          27|          11|
    |mul_ln1118_1118_fu_759_p2    |     *    |      1|  0|   45|          27|          11|
    |mul_ln1118_1119_fu_960_p2    |     *    |      1|  0|   45|          27|           8|
    |mul_ln1118_1120_fu_811_p2    |     *    |      1|  0|   45|          27|          11|
    |mul_ln1118_1121_fu_762_p2    |     *    |      1|  0|   45|          27|          11|
    |mul_ln1118_1122_fu_970_p2    |     *    |      1|  0|   45|          27|          10|
    |mul_ln1118_1123_fu_800_p2    |     *    |      1|  0|   45|          27|          10|
    |mul_ln1118_1124_fu_947_p2    |     *    |      1|  0|   45|          27|          12|
    |mul_ln1118_1125_fu_733_p2    |     *    |      1|  0|   45|          27|          10|
    |mul_ln1118_1126_fu_850_p2    |     *    |      1|  0|   45|          27|          12|
    |mul_ln1118_1127_fu_899_p2    |     *    |      1|  0|   45|          27|          10|
    |mul_ln1118_1128_fu_852_p2    |     *    |      1|  0|   45|          27|           8|
    |mul_ln1118_1129_fu_877_p2    |     *    |      1|  0|   45|          27|          10|
    |mul_ln1118_1130_fu_901_p2    |     *    |      1|  0|   45|          27|          11|
    |mul_ln1118_1131_fu_745_p2    |     *    |      1|  0|   45|          27|           9|
    |mul_ln1118_1132_fu_953_p2    |     *    |      1|  0|   45|          27|          10|
    |mul_ln1118_1133_fu_954_p2    |     *    |      1|  0|   45|          27|          12|
    |mul_ln1118_1134_fu_748_p2    |     *    |      1|  0|   45|          27|          12|
    |mul_ln1118_1135_fu_956_p2    |     *    |      1|  0|   45|          27|          11|
    |mul_ln1118_1136_fu_907_p2    |     *    |      1|  0|   45|          27|          12|
    |mul_ln1118_1137_fu_744_p2    |     *    |      1|  0|   45|          27|          12|
    |mul_ln1118_1138_fu_742_p2    |     *    |      1|  0|   45|          27|          11|
    |mul_ln1118_1139_fu_781_p2    |     *    |      1|  0|   45|          27|          13|
    |mul_ln1118_1140_fu_965_p2    |     *    |      1|  0|   45|          27|           9|
    |mul_ln1118_1141_fu_743_p2    |     *    |      1|  0|   45|          27|          11|
    |mul_ln1118_1142_fu_969_p2    |     *    |      1|  0|   45|          27|          11|
    |mul_ln1118_1143_fu_749_p2    |     *    |      1|  0|   45|          27|          11|
    |mul_ln1118_1144_fu_981_p2    |     *    |      1|  0|   45|          27|          11|
    |mul_ln1118_1145_fu_732_p2    |     *    |      1|  0|   45|          27|          10|
    |mul_ln1118_1146_fu_833_p2    |     *    |      1|  0|   45|          27|          11|
    |mul_ln1118_1147_fu_813_p2    |     *    |      1|  0|   45|          27|           9|
    |mul_ln1118_1148_fu_835_p2    |     *    |      1|  0|   45|          27|          11|
    |mul_ln1118_1149_fu_786_p2    |     *    |      1|  0|   45|          27|          11|
    |mul_ln1118_1150_fu_787_p2    |     *    |      1|  0|   45|          27|          11|
    |mul_ln1118_1151_fu_868_p2    |     *    |      1|  0|   45|          27|          11|
    |mul_ln1118_1152_fu_898_p2    |     *    |      1|  0|   45|          27|          10|
    |mul_ln1118_1153_fu_880_p2    |     *    |      1|  0|   45|          27|          11|
    |mul_ln1118_1154_fu_801_p2    |     *    |      1|  0|   45|          27|          11|
    |mul_ln1118_1155_fu_888_p2    |     *    |      1|  0|   45|          27|          11|
    |mul_ln1118_1156_fu_978_p2    |     *    |      1|  0|   45|          27|          10|
    |mul_ln1118_1157_fu_866_p2    |     *    |      1|  0|   45|          27|          11|
    |mul_ln1118_1158_fu_768_p2    |     *    |      1|  0|   45|          27|          11|
    |mul_ln1118_1159_fu_819_p2    |     *    |      1|  0|   45|          27|           8|
    |mul_ln1118_1160_fu_770_p2    |     *    |      1|  0|   45|          27|          10|
    |mul_ln1118_1161_fu_871_p2    |     *    |      1|  0|   45|          27|          11|
    |mul_ln1118_1162_fu_922_p2    |     *    |      1|  0|   45|          27|          13|
    |mul_ln1118_1163_fu_873_p2    |     *    |      1|  0|   45|          27|          10|
    |mul_ln1118_1164_fu_824_p2    |     *    |      1|  0|   45|          27|          11|
    |mul_ln1118_1165_fu_949_p2    |     *    |      1|  0|   45|          27|          11|
    |mul_ln1118_1166_fu_904_p2    |     *    |      1|  0|   45|          27|          10|
    |mul_ln1118_1167_fu_832_p2    |     *    |      1|  0|   45|          27|           8|
    |mul_ln1118_1168_fu_780_p2    |     *    |      1|  0|   45|          27|          11|
    |mul_ln1118_1169_fu_789_p2    |     *    |      1|  0|   45|          27|          12|
    |mul_ln1118_1170_fu_836_p2    |     *    |      1|  0|   45|          27|           8|
    |mul_ln1118_1171_fu_839_p2    |     *    |      1|  0|   45|          27|          11|
    |mul_ln1118_1172_fu_905_p2    |     *    |      1|  0|   45|          27|          11|
    |mul_ln1118_1173_fu_906_p2    |     *    |      1|  0|   45|          27|          10|
    |mul_ln1118_1174_fu_857_p2    |     *    |      1|  0|   45|          27|          13|
    |mul_ln1118_1175_fu_858_p2    |     *    |      1|  0|   45|          27|          11|
    |mul_ln1118_1176_fu_959_p2    |     *    |      1|  0|   45|          27|           6|
    |mul_ln1118_1177_fu_860_p2    |     *    |      1|  0|   45|          27|          10|
    |mul_ln1118_1178_fu_754_p2    |     *    |      1|  0|   45|          27|          11|
    |mul_ln1118_1179_fu_853_p2    |     *    |      1|  0|   45|          27|          11|
    |mul_ln1118_1180_fu_802_p2    |     *    |      1|  0|   45|          27|          10|
    |mul_ln1118_1181_fu_865_p2    |     *    |      1|  0|   45|          27|          10|
    |mul_ln1118_1182_fu_854_p2    |     *    |      1|  0|   45|          27|          11|
    |mul_ln1118_1183_fu_841_p2    |     *    |      1|  0|   45|          27|           6|
    |mul_ln1118_1184_fu_794_p2    |     *    |      1|  0|   45|          27|           9|
    |mul_ln1118_1185_fu_855_p2    |     *    |      1|  0|   45|          27|          13|
    |mul_ln1118_1186_fu_842_p2    |     *    |      1|  0|   45|          27|          11|
    |mul_ln1118_1187_fu_843_p2    |     *    |      1|  0|   45|          27|          12|
    |mul_ln1118_1188_fu_887_p2    |     *    |      1|  0|   45|          27|           9|
    |mul_ln1118_1189_fu_945_p2    |     *    |      1|  0|   45|          27|          11|
    |mul_ln1118_1190_fu_846_p2    |     *    |      1|  0|   45|          27|          12|
    |mul_ln1118_1191_fu_847_p2    |     *    |      1|  0|   45|          27|          11|
    |mul_ln1118_1192_fu_848_p2    |     *    |      1|  0|   45|          27|          10|
    |mul_ln1118_1193_fu_757_p2    |     *    |      1|  0|   45|          27|          12|
    |mul_ln1118_1194_fu_821_p2    |     *    |      1|  0|   45|          27|           7|
    |mul_ln1118_1195_fu_878_p2    |     *    |      1|  0|   45|          27|           9|
    |mul_ln1118_1196_fu_897_p2    |     *    |      1|  0|   45|          27|           9|
    |mul_ln1118_1197_fu_886_p2    |     *    |      1|  0|   45|          27|           9|
    |mul_ln1118_1198_fu_803_p2    |     *    |      1|  0|   45|          27|          11|
    |mul_ln1118_1199_fu_928_p2    |     *    |      1|  0|   45|          27|           7|
    |mul_ln1118_1200_fu_929_p2    |     *    |      1|  0|   45|          27|          11|
    |mul_ln1118_1201_fu_973_p2    |     *    |      1|  0|   45|          27|           9|
    |mul_ln1118_1202_fu_931_p2    |     *    |      1|  0|   45|          27|          10|
    |mul_ln1118_1203_fu_926_p2    |     *    |      1|  0|   45|          27|          11|
    |mul_ln1118_1204_fu_933_p2    |     *    |      1|  0|   45|          27|           9|
    |mul_ln1118_1205_fu_984_p2    |     *    |      1|  0|   45|          27|          12|
    |mul_ln1118_1206_fu_890_p2    |     *    |      1|  0|   45|          27|           8|
    |mul_ln1118_1207_fu_736_p2    |     *    |      1|  0|   45|          27|          11|
    |mul_ln1118_1208_fu_861_p2    |     *    |      1|  0|   45|          27|          11|
    |mul_ln1118_1209_fu_782_p2    |     *    |      1|  0|   45|          27|          11|
    |mul_ln1118_1210_fu_771_p2    |     *    |      1|  0|   45|          27|           8|
    |mul_ln1118_1211_fu_830_p2    |     *    |      1|  0|   45|          27|           8|
    |mul_ln1118_1212_fu_783_p2    |     *    |      1|  0|   45|          27|           9|
    |mul_ln1118_1213_fu_915_p2    |     *    |      1|  0|   45|          27|          10|
    |mul_ln1118_1214_fu_916_p2    |     *    |      1|  0|   45|          27|           9|
    |mul_ln1118_1215_fu_917_p2    |     *    |      1|  0|   45|          27|          11|
    |mul_ln1118_1216_fu_918_p2    |     *    |      1|  0|   45|          27|           9|
    |mul_ln1118_1217_fu_919_p2    |     *    |      1|  0|   45|          27|           6|
    |mul_ln1118_1218_fu_920_p2    |     *    |      1|  0|   45|          27|          12|
    |mul_ln1118_1219_fu_971_p2    |     *    |      1|  0|   45|          27|           8|
    |mul_ln1118_1220_fu_765_p2    |     *    |      1|  0|   45|          27|          10|
    |mul_ln1118_1221_fu_817_p2    |     *    |      1|  0|   45|          27|           9|
    |mul_ln1118_1222_fu_731_p2    |     *    |      1|  0|   45|          27|          11|
    |mul_ln1118_1223_fu_761_p2    |     *    |      1|  0|   45|          27|           8|
    |mul_ln1118_1224_fu_730_p2    |     *    |      1|  0|   45|          27|          10|
    |mul_ln1118_1225_fu_774_p2    |     *    |      1|  0|   45|          27|          10|
    |mul_ln1118_1226_fu_941_p2    |     *    |      1|  0|   45|          27|          11|
    |mul_ln1118_1227_fu_845_p2    |     *    |      1|  0|   45|          27|          11|
    |mul_ln1118_1228_fu_796_p2    |     *    |      1|  0|   45|          27|          10|
    |mul_ln1118_1229_fu_747_p2    |     *    |      1|  0|   45|          27|          12|
    |mul_ln1118_1230_fu_798_p2    |     *    |      1|  0|   45|          27|          12|
    |mul_ln1118_1231_fu_849_p2    |     *    |      1|  0|   45|          27|          12|
    |mul_ln1118_1232_fu_750_p2    |     *    |      1|  0|   45|          27|          10|
    |mul_ln1118_1233_fu_751_p2    |     *    |      1|  0|   45|          27|          10|
    |mul_ln1118_1234_fu_834_p2    |     *    |      1|  0|   45|          27|          10|
    |mul_ln1118_1235_fu_823_p2    |     *    |      1|  0|   45|          27|          10|
    |mul_ln1118_1236_fu_778_p2    |     *    |      1|  0|   45|          27|          10|
    |mul_ln1118_1237_fu_767_p2    |     *    |      1|  0|   45|          27|          11|
    |mul_ln1118_1238_fu_902_p2    |     *    |      1|  0|   45|          27|           7|
    |mul_ln1118_1239_fu_891_p2    |     *    |      1|  0|   45|          27|          10|
    |mul_ln1118_1240_fu_938_p2    |     *    |      1|  0|   45|          27|          11|
    |mul_ln1118_1241_fu_939_p2    |     *    |      1|  0|   45|          27|          10|
    |mul_ln1118_1242_fu_940_p2    |     *    |      1|  0|   45|          27|          10|
    |mul_ln1118_1243_fu_784_p2    |     *    |      1|  0|   45|          27|          12|
    |mul_ln1118_1244_fu_935_p2    |     *    |      1|  0|   45|          27|          11|
    |mul_ln1118_1245_fu_943_p2    |     *    |      1|  0|   45|          27|           9|
    |mul_ln1118_1246_fu_737_p2    |     *    |      1|  0|   45|          27|          12|
    |mul_ln1118_1247_fu_788_p2    |     *    |      1|  0|   45|          27|          10|
    |mul_ln1118_1248_fu_983_p2    |     *    |      1|  0|   45|          27|          10|
    |mul_ln1118_1249_fu_972_p2    |     *    |      1|  0|   45|          27|           8|
    |mul_ln1118_1250_fu_937_p2    |     *    |      1|  0|   45|          27|           8|
    |mul_ln1118_1251_fu_814_p2    |     *    |      1|  0|   45|          27|          10|
    |mul_ln1118_1252_fu_875_p2    |     *    |      1|  0|   45|          27|          11|
    |mul_ln1118_1253_fu_790_p2    |     *    |      1|  0|   45|          27|           8|
    |mul_ln1118_1254_fu_752_p2    |     *    |      1|  0|   45|          27|          11|
    |mul_ln1118_1255_fu_912_p2    |     *    |      1|  0|   45|          27|          10|
    |mul_ln1118_1256_fu_870_p2    |     *    |      1|  0|   45|          27|          12|
    |mul_ln1118_1257_fu_864_p2    |     *    |      1|  0|   45|          27|          11|
    |mul_ln1118_1258_fu_872_p2    |     *    |      1|  0|   45|          27|          10|
    |mul_ln1118_1259_fu_766_p2    |     *    |      1|  0|   45|          27|           9|
    |mul_ln1118_1260_fu_924_p2    |     *    |      1|  0|   45|          27|          10|
    |mul_ln1118_1261_fu_825_p2    |     *    |      1|  0|   45|          27|           7|
    |mul_ln1118_1262_fu_785_p2    |     *    |      1|  0|   45|          27|          12|
    |mul_ln1118_1263_fu_740_p2    |     *    |      1|  0|   45|          27|          10|
    |mul_ln1118_1264_fu_763_p2    |     *    |      1|  0|   45|          27|           9|
    |mul_ln1118_1265_fu_827_p2    |     *    |      1|  0|   45|          27|          13|
    |mul_ln1118_1266_fu_985_p2    |     *    |      1|  0|   45|          27|          12|
    |mul_ln1118_1267_fu_844_p2    |     *    |      1|  0|   45|          27|          12|
    |mul_ln1118_1268_fu_797_p2    |     *    |      1|  0|   45|          27|          12|
    |mul_ln1118_1269_fu_806_p2    |     *    |      1|  0|   45|          27|           8|
    |mul_ln1118_1270_fu_957_p2    |     *    |      1|  0|   45|          27|           7|
    |mul_ln1118_1271_fu_758_p2    |     *    |      1|  0|   45|          27|          12|
    |mul_ln1118_1272_fu_809_p2    |     *    |      1|  0|   45|          27|          11|
    |mul_ln1118_1273_fu_810_p2    |     *    |      1|  0|   45|          27|          12|
    |mul_ln1118_1274_fu_911_p2    |     *    |      1|  0|   45|          27|           8|
    |mul_ln1118_1275_fu_979_p2    |     *    |      1|  0|   45|          27|           7|
    |mul_ln1118_1276_fu_934_p2    |     *    |      1|  0|   45|          27|          11|
    |mul_ln1118_1277_fu_923_p2    |     *    |      1|  0|   45|          27|          11|
    |mul_ln1118_1278_fu_946_p2    |     *    |      1|  0|   45|          27|           9|
    |mul_ln1118_1279_fu_799_p2    |     *    |      1|  0|   45|          27|           9|
    |mul_ln1118_1280_fu_792_p2    |     *    |      1|  0|   45|          27|          11|
    |mul_ln1118_1281_fu_961_p2    |     *    |      1|  0|   45|          27|          12|
    |mul_ln1118_1282_fu_892_p2    |     *    |      1|  0|   45|          27|           6|
    |mul_ln1118_1283_fu_893_p2    |     *    |      1|  0|   45|          27|          12|
    |mul_ln1118_1284_fu_894_p2    |     *    |      1|  0|   45|          27|          12|
    |mul_ln1118_1285_fu_895_p2    |     *    |      1|  0|   45|          27|           9|
    |mul_ln1118_1286_fu_739_p2    |     *    |      1|  0|   45|          27|          11|
    |mul_ln1118_1287_fu_840_p2    |     *    |      1|  0|   45|          27|           9|
    |mul_ln1118_1288_fu_948_p2    |     *    |      1|  0|   45|          27|           8|
    |mul_ln1118_1289_fu_958_p2    |     *    |      1|  0|   45|          27|          12|
    |mul_ln1118_1290_fu_804_p2    |     *    |      1|  0|   45|          27|          10|
    |mul_ln1118_1291_fu_793_p2    |     *    |      1|  0|   45|          27|           9|
    |mul_ln1118_1292_fu_925_p2    |     *    |      1|  0|   45|          27|           8|
    |mul_ln1118_1293_fu_884_p2    |     *    |      1|  0|   45|          27|          11|
    |mul_ln1118_1294_fu_772_p2    |     *    |      1|  0|   45|          27|           8|
    |mul_ln1118_1295_fu_869_p2    |     *    |      1|  0|   45|          27|          11|
    |mul_ln1118_1296_fu_822_p2    |     *    |      1|  0|   45|          27|          10|
    |mul_ln1118_1297_fu_930_p2    |     *    |      1|  0|   45|          27|          12|
    |mul_ln1118_1298_fu_881_p2    |     *    |      1|  0|   45|          27|          10|
    |mul_ln1118_1299_fu_982_p2    |     *    |      1|  0|   45|          27|          12|
    |mul_ln1118_1300_fu_883_p2    |     *    |      1|  0|   45|          27|          11|
    |mul_ln1118_1301_fu_876_p2    |     *    |      1|  0|   45|          27|          10|
    |mul_ln1118_1302_fu_885_p2    |     *    |      1|  0|   45|          27|          12|
    |mul_ln1118_1303_fu_862_p2    |     *    |      1|  0|   45|          27|           9|
    |mul_ln1118_1304_fu_851_p2    |     *    |      1|  0|   45|          27|           8|
    |mul_ln1118_1305_fu_976_p2    |     *    |      1|  0|   45|          27|          11|
    |mul_ln1118_1306_fu_829_p2    |     *    |      1|  0|   45|          27|          12|
    |mul_ln1118_1307_fu_900_p2    |     *    |      1|  0|   45|          27|          12|
    |mul_ln1118_1308_fu_889_p2    |     *    |      1|  0|   45|          27|          11|
    |mul_ln1118_1309_fu_950_p2    |     *    |      1|  0|   45|          27|          10|
    |mul_ln1118_1310_fu_909_p2    |     *    |      1|  0|   45|          27|          11|
    |mul_ln1118_1311_fu_967_p2    |     *    |      1|  0|   45|          27|          12|
    |mul_ln1118_1312_fu_968_p2    |     *    |      1|  0|   45|          27|          11|
    |mul_ln1118_1313_fu_962_p2    |     *    |      1|  0|   45|          27|          12|
    |mul_ln1118_1314_fu_913_p2    |     *    |      1|  0|   45|          27|          11|
    |mul_ln1118_1315_fu_764_p2    |     *    |      1|  0|   45|          27|          12|
    |mul_ln1118_1316_fu_815_p2    |     *    |      1|  0|   45|          27|          12|
    |mul_ln1118_1317_fu_977_p2    |     *    |      1|  0|   45|          27|          12|
    |mul_ln1118_1318_fu_966_p2    |     *    |      1|  0|   45|          27|          12|
    |mul_ln1118_1319_fu_812_p2    |     *    |      1|  0|   45|          27|          12|
    |mul_ln1118_1320_fu_944_p2    |     *    |      1|  0|   45|          27|          12|
    |mul_ln1118_fu_856_p2         |     *    |      1|  0|   45|          27|          12|
    |acc_10_V_fu_258006_p2        |     +    |      0|  0|   16|          27|          27|
    |acc_11_V_fu_258029_p2        |     +    |      0|  0|   16|          27|          27|
    |acc_12_V_fu_258048_p2        |     +    |      0|  0|   16|          27|          27|
    |acc_13_V_fu_258067_p2        |     +    |      0|  0|   16|          27|          27|
    |acc_14_V_fu_258090_p2        |     +    |      0|  0|   16|          27|          27|
    |acc_15_V_fu_258109_p2        |     +    |      0|  0|   16|          27|          27|
    |acc_1_V_fu_257827_p2         |     +    |      0|  0|   16|          27|          27|
    |acc_2_V_fu_257846_p2         |     +    |      0|  0|   16|          27|          27|
    |acc_3_V_fu_257865_p2         |     +    |      0|  0|   16|          27|          27|
    |acc_4_V_fu_257888_p2         |     +    |      0|  0|   16|          27|          27|
    |acc_5_V_fu_257907_p2         |     +    |      0|  0|   16|          27|          27|
    |acc_6_V_fu_257926_p2         |     +    |      0|  0|   16|          27|          27|
    |acc_7_V_fu_257949_p2         |     +    |      0|  0|   16|          27|          27|
    |acc_8_V_fu_257968_p2         |     +    |      0|  0|   16|          27|          27|
    |acc_9_V_fu_257987_p2         |     +    |      0|  0|   16|          27|          27|
    |add_ln1118_17_fu_255632_p2   |     +    |      0|  0|   33|          33|          33|
    |add_ln1118_18_fu_255698_p2   |     +    |      0|  0|   36|          36|          36|
    |add_ln1118_fu_255344_p2      |     +    |      0|  0|   30|          30|          30|
    |add_ln703_1119_fu_256609_p2  |     +    |      0|  0|   27|          27|          27|
    |add_ln703_1120_fu_256615_p2  |     +    |      0|  0|   16|          27|          27|
    |add_ln703_1121_fu_256621_p2  |     +    |      0|  0|   16|          27|          27|
    |add_ln703_1122_fu_256627_p2  |     +    |      0|  0|   27|          27|          27|
    |add_ln703_1123_fu_256633_p2  |     +    |      0|  0|   16|          27|          27|
    |add_ln703_1124_fu_257795_p2  |     +    |      0|  0|   16|          27|          27|
    |add_ln703_1125_fu_256639_p2  |     +    |      0|  0|   27|          27|          27|
    |add_ln703_1126_fu_256645_p2  |     +    |      0|  0|   27|          27|          27|
    |add_ln703_1127_fu_257799_p2  |     +    |      0|  0|   16|          27|          27|
    |add_ln703_1128_fu_256651_p2  |     +    |      0|  0|   16|          27|          27|
    |add_ln703_1129_fu_256657_p2  |     +    |      0|  0|   16|          27|          10|
    |add_ln703_1130_fu_256663_p2  |     +    |      0|  0|   16|          27|          27|
    |add_ln703_1131_fu_256669_p2  |     +    |      0|  0|   16|          27|          27|
    |add_ln703_1132_fu_257803_p2  |     +    |      0|  0|   16|          27|          27|
    |add_ln703_1133_fu_257808_p2  |     +    |      0|  0|   16|          27|          27|
    |add_ln703_1134_fu_256675_p2  |     +    |      0|  0|   16|          27|          27|
    |add_ln703_1135_fu_256681_p2  |     +    |      0|  0|   27|          27|          27|
    |add_ln703_1136_fu_256687_p2  |     +    |      0|  0|   16|          27|          27|
    |add_ln703_1137_fu_256693_p2  |     +    |      0|  0|   16|          27|          27|
    |add_ln703_1138_fu_256699_p2  |     +    |      0|  0|   27|          27|          27|
    |add_ln703_1139_fu_256705_p2  |     +    |      0|  0|   16|          27|          27|
    |add_ln703_1140_fu_257814_p2  |     +    |      0|  0|   16|          27|          27|
    |add_ln703_1141_fu_256711_p2  |     +    |      0|  0|   27|          27|          27|
    |add_ln703_1142_fu_256717_p2  |     +    |      0|  0|   27|          27|          27|
    |add_ln703_1143_fu_257818_p2  |     +    |      0|  0|   16|          27|          27|
    |add_ln703_1144_fu_256723_p2  |     +    |      0|  0|   16|          27|          27|
    |add_ln703_1145_fu_256729_p2  |     +    |      0|  0|   16|          27|          11|
    |add_ln703_1146_fu_256735_p2  |     +    |      0|  0|   16|          27|          27|
    |add_ln703_1147_fu_256741_p2  |     +    |      0|  0|   16|          27|          27|
    |add_ln703_1148_fu_257822_p2  |     +    |      0|  0|   16|          27|          27|
    |add_ln703_1150_fu_256747_p2  |     +    |      0|  0|   16|          27|          27|
    |add_ln703_1151_fu_256753_p2  |     +    |      0|  0|   27|          27|          27|
    |add_ln703_1152_fu_256759_p2  |     +    |      0|  0|   16|          27|          27|
    |add_ln703_1153_fu_256765_p2  |     +    |      0|  0|   16|          27|          27|
    |add_ln703_1154_fu_256771_p2  |     +    |      0|  0|   27|          27|          27|
    |add_ln703_1155_fu_256777_p2  |     +    |      0|  0|   16|          27|          27|
    |add_ln703_1156_fu_257833_p2  |     +    |      0|  0|   16|          27|          27|
    |add_ln703_1157_fu_256783_p2  |     +    |      0|  0|   27|          27|          27|
    |add_ln703_1158_fu_256789_p2  |     +    |      0|  0|   27|          27|          27|
    |add_ln703_1159_fu_257837_p2  |     +    |      0|  0|   16|          27|          27|
    |add_ln703_1160_fu_256795_p2  |     +    |      0|  0|   26|          26|          26|
    |add_ln703_1161_fu_256805_p2  |     +    |      0|  0|   27|          27|          12|
    |add_ln703_1162_fu_256811_p2  |     +    |      0|  0|   16|          27|          27|
    |add_ln703_1163_fu_256817_p2  |     +    |      0|  0|   16|          27|          27|
    |add_ln703_1164_fu_257841_p2  |     +    |      0|  0|   16|          27|          27|
    |add_ln703_1166_fu_256823_p2  |     +    |      0|  0|   16|          27|          27|
    |add_ln703_1167_fu_256829_p2  |     +    |      0|  0|   27|          27|          27|
    |add_ln703_1168_fu_256835_p2  |     +    |      0|  0|   16|          27|          27|
    |add_ln703_1169_fu_256841_p2  |     +    |      0|  0|   16|          27|          27|
    |add_ln703_1170_fu_256847_p2  |     +    |      0|  0|   27|          27|          27|
    |add_ln703_1171_fu_256853_p2  |     +    |      0|  0|   16|          27|          27|
    |add_ln703_1172_fu_257852_p2  |     +    |      0|  0|   16|          27|          27|
    |add_ln703_1173_fu_256859_p2  |     +    |      0|  0|   27|          27|          27|
    |add_ln703_1174_fu_256865_p2  |     +    |      0|  0|   27|          27|          27|
    |add_ln703_1175_fu_257856_p2  |     +    |      0|  0|   16|          27|          27|
    |add_ln703_1176_fu_256871_p2  |     +    |      0|  0|   26|          26|          26|
    |add_ln703_1177_fu_256881_p2  |     +    |      0|  0|   27|          27|          11|
    |add_ln703_1178_fu_256887_p2  |     +    |      0|  0|   16|          27|          27|
    |add_ln703_1179_fu_256893_p2  |     +    |      0|  0|   16|          27|          27|
    |add_ln703_1180_fu_257860_p2  |     +    |      0|  0|   16|          27|          27|
    |add_ln703_1182_fu_256899_p2  |     +    |      0|  0|   16|          27|          27|
    |add_ln703_1183_fu_256905_p2  |     +    |      0|  0|   26|          26|          26|
    |add_ln703_1184_fu_256915_p2  |     +    |      0|  0|   16|          27|          27|
    |add_ln703_1185_fu_256921_p2  |     +    |      0|  0|   16|          27|          27|
    |add_ln703_1186_fu_256927_p2  |     +    |      0|  0|   27|          27|          27|
    |add_ln703_1187_fu_256933_p2  |     +    |      0|  0|   16|          27|          27|
    |add_ln703_1188_fu_257871_p2  |     +    |      0|  0|   16|          27|          27|
    |add_ln703_1189_fu_256939_p2  |     +    |      0|  0|   27|          27|          27|
    |add_ln703_1190_fu_256945_p2  |     +    |      0|  0|   25|          25|          25|
    |add_ln703_1191_fu_257878_p2  |     +    |      0|  0|   16|          27|          27|
    |add_ln703_1192_fu_256951_p2  |     +    |      0|  0|   16|          27|          27|
    |add_ln703_1193_fu_256957_p2  |     +    |      0|  0|   16|          27|          12|
    |add_ln703_1194_fu_256963_p2  |     +    |      0|  0|   16|          27|          27|
    |add_ln703_1195_fu_256969_p2  |     +    |      0|  0|   16|          27|          27|
    |add_ln703_1196_fu_257883_p2  |     +    |      0|  0|   16|          27|          27|
    |add_ln703_1198_fu_256975_p2  |     +    |      0|  0|   16|          27|          27|
    |add_ln703_1199_fu_256981_p2  |     +    |      0|  0|   27|          27|          27|
    |add_ln703_1200_fu_256987_p2  |     +    |      0|  0|   16|          27|          27|
    |add_ln703_1201_fu_256993_p2  |     +    |      0|  0|   26|          26|          26|
    |add_ln703_1202_fu_257003_p2  |     +    |      0|  0|   26|          26|          26|
    |add_ln703_1203_fu_257013_p2  |     +    |      0|  0|   27|          27|          27|
    |add_ln703_1204_fu_257894_p2  |     +    |      0|  0|   16|          27|          27|
    |add_ln703_1205_fu_257019_p2  |     +    |      0|  0|   27|          27|          27|
    |add_ln703_1206_fu_257025_p2  |     +    |      0|  0|   27|          27|          27|
    |add_ln703_1207_fu_257898_p2  |     +    |      0|  0|   16|          27|          27|
    |add_ln703_1208_fu_257031_p2  |     +    |      0|  0|   16|          27|          27|
    |add_ln703_1209_fu_257037_p2  |     +    |      0|  0|   19|          19|          11|
    |add_ln703_1210_fu_257047_p2  |     +    |      0|  0|   27|          27|          27|
    |add_ln703_1211_fu_257053_p2  |     +    |      0|  0|   16|          27|          27|
    |add_ln703_1212_fu_257902_p2  |     +    |      0|  0|   16|          27|          27|
    |add_ln703_1214_fu_257059_p2  |     +    |      0|  0|   16|          27|          27|
    |add_ln703_1215_fu_257065_p2  |     +    |      0|  0|   27|          27|          27|
    |add_ln703_1216_fu_257071_p2  |     +    |      0|  0|   16|          27|          27|
    |add_ln703_1217_fu_257077_p2  |     +    |      0|  0|   16|          27|          27|
    |add_ln703_1218_fu_257083_p2  |     +    |      0|  0|   27|          27|          27|
    |add_ln703_1219_fu_257089_p2  |     +    |      0|  0|   16|          27|          27|
    |add_ln703_1220_fu_257913_p2  |     +    |      0|  0|   16|          27|          27|
    |add_ln703_1221_fu_257095_p2  |     +    |      0|  0|   27|          27|          27|
    |add_ln703_1222_fu_257101_p2  |     +    |      0|  0|   27|          27|          27|
    |add_ln703_1223_fu_257917_p2  |     +    |      0|  0|   16|          27|          27|
    |add_ln703_1224_fu_257107_p2  |     +    |      0|  0|   16|          27|          27|
    |add_ln703_1225_fu_257113_p2  |     +    |      0|  0|   16|          27|          10|
    |add_ln703_1226_fu_257119_p2  |     +    |      0|  0|   16|          27|          27|
    |add_ln703_1227_fu_257125_p2  |     +    |      0|  0|   16|          27|          27|
    |add_ln703_1228_fu_257921_p2  |     +    |      0|  0|   16|          27|          27|
    |add_ln703_1230_fu_257131_p2  |     +    |      0|  0|   16|          27|          27|
    |add_ln703_1231_fu_257137_p2  |     +    |      0|  0|   27|          27|          27|
    |add_ln703_1232_fu_257143_p2  |     +    |      0|  0|   16|          27|          27|
    |add_ln703_1233_fu_257149_p2  |     +    |      0|  0|   16|          27|          27|
    |add_ln703_1234_fu_257155_p2  |     +    |      0|  0|   27|          27|          27|
    |add_ln703_1235_fu_257161_p2  |     +    |      0|  0|   16|          27|          27|
    |add_ln703_1236_fu_257932_p2  |     +    |      0|  0|   16|          27|          27|
    |add_ln703_1237_fu_257167_p2  |     +    |      0|  0|   16|          26|          26|
    |add_ln703_1238_fu_257173_p2  |     +    |      0|  0|   24|          24|          24|
    |add_ln703_1239_fu_257183_p2  |     +    |      0|  0|   16|          26|          26|
    |add_ln703_1240_fu_257189_p2  |     +    |      0|  0|   27|          27|          27|
    |add_ln703_1241_fu_257195_p2  |     +    |      0|  0|   16|          27|          11|
    |add_ln703_1242_fu_257201_p2  |     +    |      0|  0|   16|          27|          27|
    |add_ln703_1243_fu_257939_p2  |     +    |      0|  0|   16|          27|          27|
    |add_ln703_1244_fu_257943_p2  |     +    |      0|  0|   16|          27|          27|
    |add_ln703_1246_fu_257207_p2  |     +    |      0|  0|   16|          27|          27|
    |add_ln703_1247_fu_257213_p2  |     +    |      0|  0|   27|          27|          27|
    |add_ln703_1248_fu_257219_p2  |     +    |      0|  0|   16|          27|          27|
    |add_ln703_1249_fu_257225_p2  |     +    |      0|  0|   16|          27|          27|
    |add_ln703_1250_fu_257231_p2  |     +    |      0|  0|   27|          27|          27|
    |add_ln703_1251_fu_257237_p2  |     +    |      0|  0|   16|          27|          27|
    |add_ln703_1252_fu_257955_p2  |     +    |      0|  0|   16|          27|          27|
    |add_ln703_1253_fu_257243_p2  |     +    |      0|  0|   27|          27|          27|
    |add_ln703_1254_fu_257249_p2  |     +    |      0|  0|   27|          27|          27|
    |add_ln703_1255_fu_257959_p2  |     +    |      0|  0|   16|          27|          27|
    |add_ln703_1256_fu_257255_p2  |     +    |      0|  0|   16|          27|          27|
    |add_ln703_1257_fu_257261_p2  |     +    |      0|  0|   16|          27|          11|
    |add_ln703_1258_fu_257267_p2  |     +    |      0|  0|   16|          27|          27|
    |add_ln703_1259_fu_257273_p2  |     +    |      0|  0|   16|          27|          27|
    |add_ln703_1260_fu_257963_p2  |     +    |      0|  0|   16|          27|          27|
    |add_ln703_1262_fu_257279_p2  |     +    |      0|  0|   26|          26|          26|
    |add_ln703_1263_fu_257289_p2  |     +    |      0|  0|   16|          27|          27|
    |add_ln703_1264_fu_257295_p2  |     +    |      0|  0|   16|          27|          27|
    |add_ln703_1265_fu_257301_p2  |     +    |      0|  0|   16|          27|          27|
    |add_ln703_1266_fu_257307_p2  |     +    |      0|  0|   27|          27|          27|
    |add_ln703_1267_fu_257313_p2  |     +    |      0|  0|   16|          27|          27|
    |add_ln703_1268_fu_257974_p2  |     +    |      0|  0|   16|          27|          27|
    |add_ln703_1269_fu_257319_p2  |     +    |      0|  0|   27|          27|          27|
    |add_ln703_1270_fu_257325_p2  |     +    |      0|  0|   27|          27|          27|
    |add_ln703_1271_fu_257978_p2  |     +    |      0|  0|   16|          27|          27|
    |add_ln703_1272_fu_257331_p2  |     +    |      0|  0|   16|          27|          27|
    |add_ln703_1273_fu_257337_p2  |     +    |      0|  0|   16|          27|          10|
    |add_ln703_1274_fu_257343_p2  |     +    |      0|  0|   16|          27|          27|
    |add_ln703_1275_fu_257349_p2  |     +    |      0|  0|   16|          27|          27|
    |add_ln703_1276_fu_257982_p2  |     +    |      0|  0|   16|          27|          27|
    |add_ln703_1278_fu_257355_p2  |     +    |      0|  0|   16|          27|          27|
    |add_ln703_1279_fu_257361_p2  |     +    |      0|  0|   27|          27|          27|
    |add_ln703_1280_fu_257367_p2  |     +    |      0|  0|   16|          27|          27|
    |add_ln703_1281_fu_257373_p2  |     +    |      0|  0|   16|          27|          27|
    |add_ln703_1282_fu_257379_p2  |     +    |      0|  0|   27|          27|          27|
    |add_ln703_1283_fu_257385_p2  |     +    |      0|  0|   16|          27|          27|
    |add_ln703_1284_fu_257993_p2  |     +    |      0|  0|   16|          27|          27|
    |add_ln703_1285_fu_257391_p2  |     +    |      0|  0|   27|          27|          27|
    |add_ln703_1286_fu_257397_p2  |     +    |      0|  0|   27|          27|          27|
    |add_ln703_1287_fu_257997_p2  |     +    |      0|  0|   16|          27|          27|
    |add_ln703_1288_fu_257403_p2  |     +    |      0|  0|   26|          26|          26|
    |add_ln703_1289_fu_257413_p2  |     +    |      0|  0|   27|          27|          10|
    |add_ln703_1290_fu_257419_p2  |     +    |      0|  0|   16|          27|          27|
    |add_ln703_1291_fu_257425_p2  |     +    |      0|  0|   16|          27|          27|
    |add_ln703_1292_fu_258001_p2  |     +    |      0|  0|   16|          27|          27|
    |add_ln703_1294_fu_257431_p2  |     +    |      0|  0|   16|          27|          27|
    |add_ln703_1295_fu_257437_p2  |     +    |      0|  0|   27|          27|          27|
    |add_ln703_1296_fu_257443_p2  |     +    |      0|  0|   16|          27|          27|
    |add_ln703_1297_fu_257449_p2  |     +    |      0|  0|   16|          27|          27|
    |add_ln703_1298_fu_257455_p2  |     +    |      0|  0|   27|          27|          27|
    |add_ln703_1299_fu_257461_p2  |     +    |      0|  0|   16|          27|          27|
    |add_ln703_1300_fu_258012_p2  |     +    |      0|  0|   16|          27|          27|
    |add_ln703_1301_fu_257467_p2  |     +    |      0|  0|   25|          25|          25|
    |add_ln703_1302_fu_257473_p2  |     +    |      0|  0|   27|          27|          27|
    |add_ln703_1303_fu_258019_p2  |     +    |      0|  0|   16|          27|          27|
    |add_ln703_1304_fu_257479_p2  |     +    |      0|  0|   16|          27|          27|
    |add_ln703_1305_fu_257485_p2  |     +    |      0|  0|   16|          27|          10|
    |add_ln703_1306_fu_257491_p2  |     +    |      0|  0|   16|          27|          27|
    |add_ln703_1307_fu_257497_p2  |     +    |      0|  0|   16|          27|          27|
    |add_ln703_1308_fu_258024_p2  |     +    |      0|  0|   16|          27|          27|
    |add_ln703_1310_fu_257503_p2  |     +    |      0|  0|   16|          27|          27|
    |add_ln703_1311_fu_257509_p2  |     +    |      0|  0|   27|          27|          27|
    |add_ln703_1312_fu_257515_p2  |     +    |      0|  0|   16|          27|          27|
    |add_ln703_1313_fu_257521_p2  |     +    |      0|  0|   16|          27|          27|
    |add_ln703_1314_fu_257527_p2  |     +    |      0|  0|   23|          23|          23|
    |add_ln703_1315_fu_257537_p2  |     +    |      0|  0|   16|          27|          27|
    |add_ln703_1316_fu_258035_p2  |     +    |      0|  0|   16|          27|          27|
    |add_ln703_1317_fu_257543_p2  |     +    |      0|  0|   27|          27|          27|
    |add_ln703_1318_fu_257549_p2  |     +    |      0|  0|   27|          27|          27|
    |add_ln703_1319_fu_258039_p2  |     +    |      0|  0|   16|          27|          27|
    |add_ln703_1320_fu_257555_p2  |     +    |      0|  0|   16|          27|          27|
    |add_ln703_1321_fu_257561_p2  |     +    |      0|  0|   16|          27|          10|
    |add_ln703_1322_fu_257567_p2  |     +    |      0|  0|   16|          27|          27|
    |add_ln703_1323_fu_257573_p2  |     +    |      0|  0|   16|          27|          27|
    |add_ln703_1324_fu_258043_p2  |     +    |      0|  0|   16|          27|          27|
    |add_ln703_1326_fu_257579_p2  |     +    |      0|  0|   16|          27|          27|
    |add_ln703_1327_fu_257585_p2  |     +    |      0|  0|   27|          27|          27|
    |add_ln703_1328_fu_257591_p2  |     +    |      0|  0|   16|          27|          27|
    |add_ln703_1329_fu_257597_p2  |     +    |      0|  0|   16|          27|          27|
    |add_ln703_1330_fu_257603_p2  |     +    |      0|  0|   27|          27|          27|
    |add_ln703_1331_fu_257609_p2  |     +    |      0|  0|   16|          27|          27|
    |add_ln703_1332_fu_258054_p2  |     +    |      0|  0|   16|          27|          27|
    |add_ln703_1333_fu_257615_p2  |     +    |      0|  0|   27|          27|          27|
    |add_ln703_1334_fu_257621_p2  |     +    |      0|  0|   27|          27|          27|
    |add_ln703_1335_fu_258058_p2  |     +    |      0|  0|   16|          27|          27|
    |add_ln703_1336_fu_257627_p2  |     +    |      0|  0|   16|          27|          27|
    |add_ln703_1337_fu_257633_p2  |     +    |      0|  0|   16|          27|          10|
    |add_ln703_1338_fu_257639_p2  |     +    |      0|  0|   16|          27|          27|
    |add_ln703_1339_fu_257645_p2  |     +    |      0|  0|   16|          27|          27|
    |add_ln703_1340_fu_258062_p2  |     +    |      0|  0|   16|          27|          27|
    |add_ln703_1342_fu_257651_p2  |     +    |      0|  0|   16|          27|          27|
    |add_ln703_1343_fu_257657_p2  |     +    |      0|  0|   27|          27|          27|
    |add_ln703_1344_fu_257663_p2  |     +    |      0|  0|   16|          27|          27|
    |add_ln703_1345_fu_257669_p2  |     +    |      0|  0|   16|          27|          27|
    |add_ln703_1346_fu_257675_p2  |     +    |      0|  0|   27|          27|          27|
    |add_ln703_1347_fu_257681_p2  |     +    |      0|  0|   16|          27|          27|
    |add_ln703_1348_fu_258073_p2  |     +    |      0|  0|   16|          27|          27|
    |add_ln703_1349_fu_257687_p2  |     +    |      0|  0|   27|          27|          27|
    |add_ln703_1350_fu_257693_p2  |     +    |      0|  0|   26|          26|          26|
    |add_ln703_1351_fu_258080_p2  |     +    |      0|  0|   16|          27|          27|
    |add_ln703_1352_fu_257699_p2  |     +    |      0|  0|   16|          27|          27|
    |add_ln703_1353_fu_257705_p2  |     +    |      0|  0|   16|          27|           8|
    |add_ln703_1354_fu_257711_p2  |     +    |      0|  0|   16|          27|          27|
    |add_ln703_1355_fu_257717_p2  |     +    |      0|  0|   16|          27|          27|
    |add_ln703_1356_fu_258085_p2  |     +    |      0|  0|   16|          27|          27|
    |add_ln703_1358_fu_257723_p2  |     +    |      0|  0|   16|          27|          27|
    |add_ln703_1359_fu_257729_p2  |     +    |      0|  0|   27|          27|          27|
    |add_ln703_1360_fu_257735_p2  |     +    |      0|  0|   16|          27|          27|
    |add_ln703_1361_fu_257741_p2  |     +    |      0|  0|   16|          27|          27|
    |add_ln703_1362_fu_257747_p2  |     +    |      0|  0|   27|          27|          27|
    |add_ln703_1363_fu_257753_p2  |     +    |      0|  0|   16|          27|          27|
    |add_ln703_1364_fu_258096_p2  |     +    |      0|  0|   16|          27|          27|
    |add_ln703_1365_fu_257759_p2  |     +    |      0|  0|   27|          27|          27|
    |add_ln703_1366_fu_257765_p2  |     +    |      0|  0|   27|          27|          27|
    |add_ln703_1367_fu_258100_p2  |     +    |      0|  0|   16|          27|          27|
    |add_ln703_1368_fu_257771_p2  |     +    |      0|  0|   16|          27|          27|
    |add_ln703_1369_fu_257777_p2  |     +    |      0|  0|   16|          27|          10|
    |add_ln703_1370_fu_257783_p2  |     +    |      0|  0|   16|          27|          27|
    |add_ln703_1371_fu_257789_p2  |     +    |      0|  0|   16|          27|          27|
    |add_ln703_1372_fu_258104_p2  |     +    |      0|  0|   16|          27|          27|
    |add_ln703_fu_256603_p2       |     +    |      0|  0|   16|          27|          27|
    |sub_ln1118_76_fu_253667_p2   |     -    |      0|  0|   16|           1|          37|
    |sub_ln1118_77_fu_253685_p2   |     -    |      0|  0|   16|          37|          37|
    |sub_ln1118_78_fu_254837_p2   |     -    |      0|  0|   35|          35|          35|
    |sub_ln1118_79_fu_254933_p2   |     -    |      0|  0|   35|          35|          35|
    |sub_ln1118_80_fu_255095_p2   |     -    |      0|  0|   33|           1|          33|
    |sub_ln1118_81_fu_255931_p2   |     -    |      0|  0|   16|           1|          37|
    |sub_ln1118_82_fu_255949_p2   |     -    |      0|  0|   16|          37|          37|
    |sub_ln1118_83_fu_256219_p2   |     -    |      0|  0|   36|           1|          36|
    |sub_ln1118_84_fu_256237_p2   |     -    |      0|  0|   36|          36|          36|
    |sub_ln1118_85_fu_256283_p2   |     -    |      0|  0|   36|          36|          36|
    |sub_ln1118_fu_253260_p2      |     -    |      0|  0|   37|          37|          37|
    +-----------------------------+----------+-------+---+-----+------------+------------+
    |Total                        |          |    244|  0|16274|       13827|        9637|
    +-----------------------------+----------+-------+---+-----+------------+------------+

    * Multiplexer: 
    +--------------+----+-----------+-----+-----------+
    |     Name     | LUT| Input Size| Bits| Total Bits|
    +--------------+----+-----------+-----+-----------+
    |ap_return_0   |   9|          2|   27|         54|
    |ap_return_1   |   9|          2|   27|         54|
    |ap_return_10  |   9|          2|   27|         54|
    |ap_return_11  |   9|          2|   27|         54|
    |ap_return_12  |   9|          2|   27|         54|
    |ap_return_13  |   9|          2|   27|         54|
    |ap_return_14  |   9|          2|   27|         54|
    |ap_return_15  |   9|          2|   27|         54|
    |ap_return_2   |   9|          2|   27|         54|
    |ap_return_3   |   9|          2|   27|         54|
    |ap_return_4   |   9|          2|   27|         54|
    |ap_return_5   |   9|          2|   27|         54|
    |ap_return_6   |   9|          2|   27|         54|
    |ap_return_7   |   9|          2|   27|         54|
    |ap_return_8   |   9|          2|   27|         54|
    |ap_return_9   |   9|          2|   27|         54|
    +--------------+----+-----------+-----+-----------+
    |Total         | 144|         32|  432|        864|
    +--------------+----+-----------+-----+-----------+

    * Register: 
    +---------------------------+----+----+-----+-----------+
    |            Name           | FF | LUT| Bits| Const Bits|
    +---------------------------+----+----+-----+-----------+
    |add_ln703_1120_reg_258211  |  27|   0|   27|          0|
    |add_ln703_1123_reg_258216  |  27|   0|   27|          0|
    |add_ln703_1125_reg_258221  |  27|   0|   27|          0|
    |add_ln703_1126_reg_258226  |  27|   0|   27|          0|
    |add_ln703_1131_reg_258231  |  27|   0|   27|          0|
    |add_ln703_1136_reg_258236  |  27|   0|   27|          0|
    |add_ln703_1139_reg_258241  |  27|   0|   27|          0|
    |add_ln703_1141_reg_258246  |  27|   0|   27|          0|
    |add_ln703_1142_reg_258251  |  27|   0|   27|          0|
    |add_ln703_1147_reg_258256  |  27|   0|   27|          0|
    |add_ln703_1152_reg_258261  |  27|   0|   27|          0|
    |add_ln703_1155_reg_258266  |  27|   0|   27|          0|
    |add_ln703_1157_reg_258271  |  27|   0|   27|          0|
    |add_ln703_1158_reg_258276  |  27|   0|   27|          0|
    |add_ln703_1163_reg_258281  |  27|   0|   27|          0|
    |add_ln703_1168_reg_258286  |  27|   0|   27|          0|
    |add_ln703_1171_reg_258291  |  27|   0|   27|          0|
    |add_ln703_1173_reg_258296  |  27|   0|   27|          0|
    |add_ln703_1174_reg_258301  |  27|   0|   27|          0|
    |add_ln703_1179_reg_258306  |  27|   0|   27|          0|
    |add_ln703_1184_reg_258311  |  27|   0|   27|          0|
    |add_ln703_1187_reg_258316  |  27|   0|   27|          0|
    |add_ln703_1189_reg_258321  |  27|   0|   27|          0|
    |add_ln703_1190_reg_258326  |  25|   0|   25|          0|
    |add_ln703_1195_reg_258331  |  27|   0|   27|          0|
    |add_ln703_1200_reg_258336  |  27|   0|   27|          0|
    |add_ln703_1203_reg_258341  |  27|   0|   27|          0|
    |add_ln703_1205_reg_258346  |  27|   0|   27|          0|
    |add_ln703_1206_reg_258351  |  27|   0|   27|          0|
    |add_ln703_1211_reg_258356  |  27|   0|   27|          0|
    |add_ln703_1216_reg_258361  |  27|   0|   27|          0|
    |add_ln703_1219_reg_258366  |  27|   0|   27|          0|
    |add_ln703_1221_reg_258371  |  27|   0|   27|          0|
    |add_ln703_1222_reg_258376  |  27|   0|   27|          0|
    |add_ln703_1227_reg_258381  |  27|   0|   27|          0|
    |add_ln703_1232_reg_258386  |  27|   0|   27|          0|
    |add_ln703_1235_reg_258391  |  27|   0|   27|          0|
    |add_ln703_1239_reg_258396  |  26|   0|   26|          0|
    |add_ln703_1240_reg_258401  |  27|   0|   27|          0|
    |add_ln703_1242_reg_258406  |  27|   0|   27|          0|
    |add_ln703_1248_reg_258411  |  27|   0|   27|          0|
    |add_ln703_1251_reg_258416  |  27|   0|   27|          0|
    |add_ln703_1253_reg_258421  |  27|   0|   27|          0|
    |add_ln703_1254_reg_258426  |  27|   0|   27|          0|
    |add_ln703_1259_reg_258431  |  27|   0|   27|          0|
    |add_ln703_1264_reg_258436  |  27|   0|   27|          0|
    |add_ln703_1267_reg_258441  |  27|   0|   27|          0|
    |add_ln703_1269_reg_258446  |  27|   0|   27|          0|
    |add_ln703_1270_reg_258451  |  27|   0|   27|          0|
    |add_ln703_1275_reg_258456  |  27|   0|   27|          0|
    |add_ln703_1280_reg_258461  |  27|   0|   27|          0|
    |add_ln703_1283_reg_258466  |  27|   0|   27|          0|
    |add_ln703_1285_reg_258471  |  27|   0|   27|          0|
    |add_ln703_1286_reg_258476  |  27|   0|   27|          0|
    |add_ln703_1291_reg_258481  |  27|   0|   27|          0|
    |add_ln703_1296_reg_258486  |  27|   0|   27|          0|
    |add_ln703_1299_reg_258491  |  27|   0|   27|          0|
    |add_ln703_1301_reg_258496  |  25|   0|   25|          0|
    |add_ln703_1302_reg_258501  |  27|   0|   27|          0|
    |add_ln703_1307_reg_258506  |  27|   0|   27|          0|
    |add_ln703_1312_reg_258511  |  27|   0|   27|          0|
    |add_ln703_1315_reg_258516  |  27|   0|   27|          0|
    |add_ln703_1317_reg_258521  |  27|   0|   27|          0|
    |add_ln703_1318_reg_258526  |  27|   0|   27|          0|
    |add_ln703_1323_reg_258531  |  27|   0|   27|          0|
    |add_ln703_1328_reg_258536  |  27|   0|   27|          0|
    |add_ln703_1331_reg_258541  |  27|   0|   27|          0|
    |add_ln703_1333_reg_258546  |  27|   0|   27|          0|
    |add_ln703_1334_reg_258551  |  27|   0|   27|          0|
    |add_ln703_1339_reg_258556  |  27|   0|   27|          0|
    |add_ln703_1344_reg_258561  |  27|   0|   27|          0|
    |add_ln703_1347_reg_258566  |  27|   0|   27|          0|
    |add_ln703_1349_reg_258571  |  27|   0|   27|          0|
    |add_ln703_1350_reg_258576  |  26|   0|   26|          0|
    |add_ln703_1355_reg_258581  |  27|   0|   27|          0|
    |add_ln703_1360_reg_258586  |  27|   0|   27|          0|
    |add_ln703_1363_reg_258591  |  27|   0|   27|          0|
    |add_ln703_1365_reg_258596  |  27|   0|   27|          0|
    |add_ln703_1366_reg_258601  |  27|   0|   27|          0|
    |add_ln703_1371_reg_258606  |  27|   0|   27|          0|
    |ap_ce_reg                  |   1|   0|    1|          0|
    |ap_return_0_int_reg        |  27|   0|   27|          0|
    |ap_return_10_int_reg       |  27|   0|   27|          0|
    |ap_return_11_int_reg       |  27|   0|   27|          0|
    |ap_return_12_int_reg       |  27|   0|   27|          0|
    |ap_return_13_int_reg       |  27|   0|   27|          0|
    |ap_return_14_int_reg       |  27|   0|   27|          0|
    |ap_return_15_int_reg       |  27|   0|   27|          0|
    |ap_return_1_int_reg        |  27|   0|   27|          0|
    |ap_return_2_int_reg        |  27|   0|   27|          0|
    |ap_return_3_int_reg        |  27|   0|   27|          0|
    |ap_return_4_int_reg        |  27|   0|   27|          0|
    |ap_return_5_int_reg        |  27|   0|   27|          0|
    |ap_return_6_int_reg        |  27|   0|   27|          0|
    |ap_return_7_int_reg        |  27|   0|   27|          0|
    |ap_return_8_int_reg        |  27|   0|   27|          0|
    |ap_return_9_int_reg        |  27|   0|   27|          0|
    +---------------------------+----+----+-----+-----------+
    |Total                      |2587|   0| 2587|          0|
    +---------------------------+----+----+-----+-----------+



================================================================
== Interface
================================================================
* Summary: 
+--------------+-----+-----+------------+-----------------------------------------------------+--------------+
|   RTL Ports  | Dir | Bits|  Protocol  |                    Source Object                    |    C Type    |
+--------------+-----+-----+------------+-----------------------------------------------------+--------------+
|ap_clk        |  in |    1| ap_ctrl_hs | dense_latency.16.1.14.1.12.1.10.1.8.1.6.1.4.1.2.1.0 | return value |
|ap_rst        |  in |    1| ap_ctrl_hs | dense_latency.16.1.14.1.12.1.10.1.8.1.6.1.4.1.2.1.0 | return value |
|ap_return_0   | out |   27| ap_ctrl_hs | dense_latency.16.1.14.1.12.1.10.1.8.1.6.1.4.1.2.1.0 | return value |
|ap_return_1   | out |   27| ap_ctrl_hs | dense_latency.16.1.14.1.12.1.10.1.8.1.6.1.4.1.2.1.0 | return value |
|ap_return_2   | out |   27| ap_ctrl_hs | dense_latency.16.1.14.1.12.1.10.1.8.1.6.1.4.1.2.1.0 | return value |
|ap_return_3   | out |   27| ap_ctrl_hs | dense_latency.16.1.14.1.12.1.10.1.8.1.6.1.4.1.2.1.0 | return value |
|ap_return_4   | out |   27| ap_ctrl_hs | dense_latency.16.1.14.1.12.1.10.1.8.1.6.1.4.1.2.1.0 | return value |
|ap_return_5   | out |   27| ap_ctrl_hs | dense_latency.16.1.14.1.12.1.10.1.8.1.6.1.4.1.2.1.0 | return value |
|ap_return_6   | out |   27| ap_ctrl_hs | dense_latency.16.1.14.1.12.1.10.1.8.1.6.1.4.1.2.1.0 | return value |
|ap_return_7   | out |   27| ap_ctrl_hs | dense_latency.16.1.14.1.12.1.10.1.8.1.6.1.4.1.2.1.0 | return value |
|ap_return_8   | out |   27| ap_ctrl_hs | dense_latency.16.1.14.1.12.1.10.1.8.1.6.1.4.1.2.1.0 | return value |
|ap_return_9   | out |   27| ap_ctrl_hs | dense_latency.16.1.14.1.12.1.10.1.8.1.6.1.4.1.2.1.0 | return value |
|ap_return_10  | out |   27| ap_ctrl_hs | dense_latency.16.1.14.1.12.1.10.1.8.1.6.1.4.1.2.1.0 | return value |
|ap_return_11  | out |   27| ap_ctrl_hs | dense_latency.16.1.14.1.12.1.10.1.8.1.6.1.4.1.2.1.0 | return value |
|ap_return_12  | out |   27| ap_ctrl_hs | dense_latency.16.1.14.1.12.1.10.1.8.1.6.1.4.1.2.1.0 | return value |
|ap_return_13  | out |   27| ap_ctrl_hs | dense_latency.16.1.14.1.12.1.10.1.8.1.6.1.4.1.2.1.0 | return value |
|ap_return_14  | out |   27| ap_ctrl_hs | dense_latency.16.1.14.1.12.1.10.1.8.1.6.1.4.1.2.1.0 | return value |
|ap_return_15  | out |   27| ap_ctrl_hs | dense_latency.16.1.14.1.12.1.10.1.8.1.6.1.4.1.2.1.0 | return value |
|ap_ce         |  in |    1| ap_ctrl_hs | dense_latency.16.1.14.1.12.1.10.1.8.1.6.1.4.1.2.1.0 | return value |
|p_read        |  in |   27|   ap_none  |                        p_read                       |    scalar    |
|p_read1       |  in |   27|   ap_none  |                       p_read1                       |    scalar    |
|p_read2       |  in |   27|   ap_none  |                       p_read2                       |    scalar    |
|p_read3       |  in |   27|   ap_none  |                       p_read3                       |    scalar    |
|p_read4       |  in |   27|   ap_none  |                       p_read4                       |    scalar    |
|p_read5       |  in |   27|   ap_none  |                       p_read5                       |    scalar    |
|p_read6       |  in |   27|   ap_none  |                       p_read6                       |    scalar    |
|p_read7       |  in |   27|   ap_none  |                       p_read7                       |    scalar    |
|p_read8       |  in |   27|   ap_none  |                       p_read8                       |    scalar    |
|p_read9       |  in |   27|   ap_none  |                       p_read9                       |    scalar    |
|p_read10      |  in |   27|   ap_none  |                       p_read10                      |    scalar    |
|p_read11      |  in |   27|   ap_none  |                       p_read11                      |    scalar    |
|p_read12      |  in |   27|   ap_none  |                       p_read12                      |    scalar    |
|p_read13      |  in |   27|   ap_none  |                       p_read13                      |    scalar    |
|p_read14      |  in |   27|   ap_none  |                       p_read14                      |    scalar    |
|p_read15      |  in |   27|   ap_none  |                       p_read15                      |    scalar    |
+--------------+-----+-----+------------+-----------------------------------------------------+--------------+

