

================================================================
== Vivado HLS Report for 'dense_latency_0_0_0_0_0_0_0_0_0_0_0_0_0_0_0_0_0'
================================================================
* Date:           Fri May  6 04:53:06 2022

* Version:        2019.2 (Build 2704478 on Wed Nov 06 22:10:23 MST 2019)
* Project:        myproject_prj
* Solution:       solution1
* Product family: virtexuplus
* Target device:  xcu250-figd2104-2L-e


================================================================
== Performance Estimates
================================================================
+ Timing: 
    * Summary: 
    +--------+---------+----------+------------+
    |  Clock |  Target | Estimated| Uncertainty|
    +--------+---------+----------+------------+
    |ap_clk  | 5.00 ns | 4.233 ns |   0.62 ns  |
    +--------+---------+----------+------------+

+ Latency: 
    * Summary: 
    +---------+---------+----------+----------+-----+-----+----------+
    |  Latency (cycles) |  Latency (absolute) |  Interval | Pipeline |
    |   min   |   max   |    min   |    max   | min | max |   Type   |
    +---------+---------+----------+----------+-----+-----+----------+
    |        1|        1| 5.000 ns | 5.000 ns |    1|    1| function |
    +---------+---------+----------+----------+-----+-----+----------+

    + Detail: 
        * Instance: 
        N/A

        * Loop: 
        N/A



================================================================
== Utilization Estimates
================================================================
* Summary: 
+---------------------+---------+-------+---------+---------+------+
|         Name        | BRAM_18K| DSP48E|    FF   |   LUT   | URAM |
+---------------------+---------+-------+---------+---------+------+
|DSP                  |        -|      -|        -|        -|     -|
|Expression           |        -|    240|        0|    16219|     -|
|FIFO                 |        -|      -|        -|        -|     -|
|Instance             |        -|      -|        -|        -|     -|
|Memory               |        -|      -|        -|        -|     -|
|Multiplexer          |        -|      -|        -|      144|     -|
|Register             |        -|      -|     2634|        -|     -|
+---------------------+---------+-------+---------+---------+------+
|Total                |        0|    240|     2634|    16363|     0|
+---------------------+---------+-------+---------+---------+------+
|Available SLR        |     1344|   3072|   864000|   432000|   320|
+---------------------+---------+-------+---------+---------+------+
|Utilization SLR (%)  |        0|      7|    ~0   |        3|     0|
+---------------------+---------+-------+---------+---------+------+
|Available            |     5376|  12288|  3456000|  1728000|  1280|
+---------------------+---------+-------+---------+---------+------+
|Utilization (%)      |        0|      1|    ~0   |    ~0   |     0|
+---------------------+---------+-------+---------+---------+------+

+ Detail: 
    * Instance: 
    N/A

    * DSP48E: 
    N/A

    * Memory: 
    N/A

    * FIFO: 
    N/A

    * Expression: 
    +-----------------------------+----------+-------+---+-----+------------+------------+
    |        Variable Name        | Operation| DSP48E| FF| LUT | Bitwidth P0| Bitwidth P1|
    +-----------------------------+----------+-------+---+-----+------------+------------+
    |mul_ln1118_1321_fu_772_p2    |     *    |      1|  0|   45|          10|          27|
    |mul_ln1118_1322_fu_873_p2    |     *    |      1|  0|   45|          11|          27|
    |mul_ln1118_1323_fu_874_p2    |     *    |      1|  0|   45|          10|          27|
    |mul_ln1118_1324_fu_890_p2    |     *    |      1|  0|   45|          10|          27|
    |mul_ln1118_1325_fu_797_p2    |     *    |      1|  0|   45|          11|          27|
    |mul_ln1118_1326_fu_704_p2    |     *    |      1|  0|   45|          10|          27|
    |mul_ln1118_1327_fu_767_p2    |     *    |      1|  0|   45|          11|          27|
    |mul_ln1118_1328_fu_915_p2    |     *    |      1|  0|   45|          11|          27|
    |mul_ln1118_1329_fu_737_p2    |     *    |      1|  0|   45|          12|          27|
    |mul_ln1118_1330_fu_878_p2    |     *    |      1|  0|   45|          10|          27|
    |mul_ln1118_1331_fu_785_p2    |     *    |      1|  0|   45|          11|          27|
    |mul_ln1118_1332_fu_699_p2    |     *    |      1|  0|   45|          10|          27|
    |mul_ln1118_1333_fu_857_p2    |     *    |      1|  0|   45|          12|          27|
    |mul_ln1118_1334_fu_908_p2    |     *    |      1|  0|   45|          10|          27|
    |mul_ln1118_1335_fu_909_p2    |     *    |      1|  0|   45|          10|          27|
    |mul_ln1118_1336_fu_703_p2    |     *    |      1|  0|   45|           9|          27|
    |mul_ln1118_1337_fu_906_p2    |     *    |      1|  0|   45|          12|          27|
    |mul_ln1118_1338_fu_805_p2    |     *    |      1|  0|   45|          12|          27|
    |mul_ln1118_1339_fu_798_p2    |     *    |      1|  0|   45|          12|          27|
    |mul_ln1118_1340_fu_861_p2    |     *    |      1|  0|   45|          10|          27|
    |mul_ln1118_1341_fu_931_p2    |     *    |      1|  0|   45|           8|          27|
    |mul_ln1118_1342_fu_831_p2    |     *    |      1|  0|   45|          10|          27|
    |mul_ln1118_1343_fu_717_p2    |     *    |      1|  0|   45|           8|          27|
    |mul_ln1118_1344_fu_794_p2    |     *    |      1|  0|   45|           9|          27|
    |mul_ln1118_1345_fu_892_p2    |     *    |      1|  0|   45|           8|          27|
    |mul_ln1118_1346_fu_686_p2    |     *    |      1|  0|   45|          10|          27|
    |mul_ln1118_1347_fu_894_p2    |     *    |      1|  0|   45|          10|          27|
    |mul_ln1118_1348_fu_688_p2    |     *    |      1|  0|   45|           8|          27|
    |mul_ln1118_1349_fu_739_p2    |     *    |      1|  0|   45|          12|          27|
    |mul_ln1118_1350_fu_690_p2    |     *    |      1|  0|   45|          11|          27|
    |mul_ln1118_1351_fu_898_p2    |     *    |      1|  0|   45|          11|          27|
    |mul_ln1118_1352_fu_814_p2    |     *    |      1|  0|   45|          12|          27|
    |mul_ln1118_1353_fu_877_p2    |     *    |      1|  0|   45|          11|          27|
    |mul_ln1118_1354_fu_855_p2    |     *    |      1|  0|   45|          12|          27|
    |mul_ln1118_1355_fu_932_p2    |     *    |      1|  0|   45|          11|          27|
    |mul_ln1118_1356_fu_754_p2    |     *    |      1|  0|   45|          12|          27|
    |mul_ln1118_1357_fu_902_p2    |     *    |      1|  0|   45|          11|          27|
    |mul_ln1118_1358_fu_724_p2    |     *    |      1|  0|   45|          11|          27|
    |mul_ln1118_1359_fu_702_p2    |     *    |      1|  0|   45|          12|          27|
    |mul_ln1118_1360_fu_723_p2    |     *    |      1|  0|   45|          11|          27|
    |mul_ln1118_1361_fu_774_p2    |     *    |      1|  0|   45|          11|          27|
    |mul_ln1118_1362_fu_768_p2    |     *    |      1|  0|   45|          11|          27|
    |mul_ln1118_1363_fu_776_p2    |     *    |      1|  0|   45|           9|          27|
    |mul_ln1118_1364_fu_770_p2    |     *    |      1|  0|   45|          12|          27|
    |mul_ln1118_1365_fu_927_p2    |     *    |      1|  0|   45|          12|          27|
    |mul_ln1118_1366_fu_893_p2    |     *    |      1|  0|   45|          11|          27|
    |mul_ln1118_1367_fu_722_p2    |     *    |      1|  0|   45|           6|          27|
    |mul_ln1118_1368_fu_863_p2    |     *    |      1|  0|   45|          12|          27|
    |mul_ln1118_1369_fu_933_p2    |     *    |      1|  0|   45|          10|          27|
    |mul_ln1118_1370_fu_911_p2    |     *    |      1|  0|   45|          12|          27|
    |mul_ln1118_1371_fu_889_p2    |     *    |      1|  0|   45|          13|          27|
    |mul_ln1118_1372_fu_725_p2    |     *    |      1|  0|   45|          11|          27|
    |mul_ln1118_1373_fu_788_p2    |     *    |      1|  0|   45|          13|          27|
    |mul_ln1118_1374_fu_760_p2    |     *    |      1|  0|   45|          11|          27|
    |mul_ln1118_1375_fu_806_p2    |     *    |      1|  0|   45|          13|          27|
    |mul_ln1118_1376_fu_712_p2    |     *    |      1|  0|   45|           9|          27|
    |mul_ln1118_1377_fu_713_p2    |     *    |      1|  0|   45|           8|          27|
    |mul_ln1118_1378_fu_714_p2    |     *    |      1|  0|   45|          13|          27|
    |mul_ln1118_1379_fu_865_p2    |     *    |      1|  0|   45|          13|          27|
    |mul_ln1118_1380_fu_816_p2    |     *    |      1|  0|   45|          12|          27|
    |mul_ln1118_1381_fu_879_p2    |     *    |      1|  0|   45|          10|          27|
    |mul_ln1118_1382_fu_708_p2    |     *    |      1|  0|   45|          11|          27|
    |mul_ln1118_1383_fu_849_p2    |     *    |      1|  0|   45|          13|          27|
    |mul_ln1118_1384_fu_834_p2    |     *    |      1|  0|   45|          10|          27|
    |mul_ln1118_1385_fu_904_p2    |     *    |      1|  0|   45|           9|          27|
    |mul_ln1118_1386_fu_882_p2    |     *    |      1|  0|   45|          11|          27|
    |mul_ln1118_1387_fu_711_p2    |     *    |      1|  0|   45|           6|          27|
    |mul_ln1118_1388_fu_740_p2    |     *    |      1|  0|   45|          11|          27|
    |mul_ln1118_1389_fu_684_p2    |     *    |      1|  0|   45|          10|          27|
    |mul_ln1118_1390_fu_749_p2    |     *    |      1|  0|   45|          10|          27|
    |mul_ln1118_1391_fu_800_p2    |     *    |      1|  0|   45|          12|          27|
    |mul_ln1118_1392_fu_851_p2    |     *    |      1|  0|   45|           8|          27|
    |mul_ln1118_1393_fu_802_p2    |     *    |      1|  0|   45|          12|          27|
    |mul_ln1118_1394_fu_888_p2    |     *    |      1|  0|   45|          10|          27|
    |mul_ln1118_1395_fu_880_p2    |     *    |      1|  0|   45|          12|          27|
    |mul_ln1118_1396_fu_787_p2    |     *    |      1|  0|   45|          10|          27|
    |mul_ln1118_1397_fu_935_p2    |     *    |      1|  0|   45|           7|          27|
    |mul_ln1118_1398_fu_835_p2    |     *    |      1|  0|   45|          11|          27|
    |mul_ln1118_1399_fu_742_p2    |     *    |      1|  0|   45|           8|          27|
    |mul_ln1118_1400_fu_727_p2    |     *    |      1|  0|   45|          10|          27|
    |mul_ln1118_1401_fu_783_p2    |     *    |      1|  0|   45|          11|          27|
    |mul_ln1118_1402_fu_784_p2    |     *    |      1|  0|   45|           9|          27|
    |mul_ln1118_1403_fu_735_p2    |     *    |      1|  0|   45|           9|          27|
    |mul_ln1118_1404_fu_836_p2    |     *    |      1|  0|   45|           9|          27|
    |mul_ln1118_1405_fu_730_p2    |     *    |      1|  0|   45|          10|          27|
    |mul_ln1118_1406_fu_738_p2    |     *    |      1|  0|   45|          10|          27|
    |mul_ln1118_1407_fu_789_p2    |     *    |      1|  0|   45|          12|          27|
    |mul_ln1118_1408_fu_818_p2    |     *    |      1|  0|   45|           7|          27|
    |mul_ln1118_1409_fu_803_p2    |     *    |      1|  0|   45|          11|          27|
    |mul_ln1118_1410_fu_866_p2    |     *    |      1|  0|   45|          11|          27|
    |mul_ln1118_1411_fu_773_p2    |     *    |      1|  0|   45|          10|          27|
    |mul_ln1118_1412_fu_914_p2    |     *    |      1|  0|   45|          11|          27|
    |mul_ln1118_1413_fu_736_p2    |     *    |      1|  0|   45|           8|          27|
    |mul_ln1118_1414_fu_728_p2    |     *    |      1|  0|   45|          10|          27|
    |mul_ln1118_1415_fu_870_p2    |     *    |      1|  0|   45|           9|          27|
    |mul_ln1118_1416_fu_921_p2    |     *    |      1|  0|   45|          10|          27|
    |mul_ln1118_1417_fu_872_p2    |     *    |      1|  0|   45|          12|          27|
    |mul_ln1118_1418_fu_766_p2    |     *    |      1|  0|   45|           5|          27|
    |mul_ln1118_1419_fu_824_p2    |     *    |      1|  0|   45|          11|          27|
    |mul_ln1118_1420_fu_918_p2    |     *    |      1|  0|   45|           9|          27|
    |mul_ln1118_1421_fu_912_p2    |     *    |      1|  0|   45|           9|          27|
    |mul_ln1118_1422_fu_734_p2    |     *    |      1|  0|   45|          10|          27|
    |mul_ln1118_1423_fu_804_p2    |     *    |      1|  0|   45|           6|          27|
    |mul_ln1118_1424_fu_867_p2    |     *    |      1|  0|   45|          11|          27|
    |mul_ln1118_1425_fu_937_p2    |     *    |      1|  0|   45|          11|          27|
    |mul_ln1118_1426_fu_837_p2    |     *    |      1|  0|   45|           8|          27|
    |mul_ln1118_1427_fu_744_p2    |     *    |      1|  0|   45|          11|          27|
    |mul_ln1118_1428_fu_807_p2    |     *    |      1|  0|   45|           9|          27|
    |mul_ln1118_1429_fu_907_p2    |     *    |      1|  0|   45|           7|          27|
    |mul_ln1118_1430_fu_858_p2    |     *    |      1|  0|   45|          10|          27|
    |mul_ln1118_1431_fu_859_p2    |     *    |      1|  0|   45|           9|          27|
    |mul_ln1118_1432_fu_910_p2    |     *    |      1|  0|   45|          10|          27|
    |mul_ln1118_1433_fu_833_p2    |     *    |      1|  0|   45|           8|          27|
    |mul_ln1118_1434_fu_862_p2    |     *    |      1|  0|   45|          11|          27|
    |mul_ln1118_1435_fu_913_p2    |     *    |      1|  0|   45|          10|          27|
    |mul_ln1118_1436_fu_891_p2    |     *    |      1|  0|   45|          11|          27|
    |mul_ln1118_1437_fu_883_p2    |     *    |      1|  0|   45|           8|          27|
    |mul_ln1118_1438_fu_790_p2    |     *    |      1|  0|   45|           6|          27|
    |mul_ln1118_1439_fu_697_p2    |     *    |      1|  0|   45|          10|          27|
    |mul_ln1118_1440_fu_838_p2    |     *    |      1|  0|   45|           9|          27|
    |mul_ln1118_1441_fu_823_p2    |     *    |      1|  0|   45|          10|          27|
    |mul_ln1118_1442_fu_801_p2    |     *    |      1|  0|   45|          10|          27|
    |mul_ln1118_1443_fu_687_p2    |     *    |      1|  0|   45|          10|          27|
    |mul_ln1118_1444_fu_881_p2    |     *    |      1|  0|   45|          10|          27|
    |mul_ln1118_1445_fu_689_p2    |     *    |      1|  0|   45|          11|          27|
    |mul_ln1118_1446_fu_864_p2    |     *    |      1|  0|   45|          10|          27|
    |mul_ln1118_1447_fu_691_p2    |     *    |      1|  0|   45|          10|          27|
    |mul_ln1118_1448_fu_792_p2    |     *    |      1|  0|   45|          10|          27|
    |mul_ln1118_1449_fu_693_p2    |     *    |      1|  0|   45|          11|          27|
    |mul_ln1118_1450_fu_899_p2    |     *    |      1|  0|   45|           9|          27|
    |mul_ln1118_1451_fu_700_p2    |     *    |      1|  0|   45|          11|          27|
    |mul_ln1118_1452_fu_791_p2    |     *    |      1|  0|   45|          10|          27|
    |mul_ln1118_1453_fu_698_p2    |     *    |      1|  0|   45|          11|          27|
    |mul_ln1118_1454_fu_761_p2    |     *    |      1|  0|   45|          11|          27|
    |mul_ln1118_1455_fu_746_p2    |     *    |      1|  0|   45|           9|          27|
    |mul_ln1118_1456_fu_731_p2    |     *    |      1|  0|   45|          10|          27|
    |mul_ln1118_1457_fu_903_p2    |     *    |      1|  0|   45|          10|          27|
    |mul_ln1118_1458_fu_868_p2    |     *    |      1|  0|   45|          11|          27|
    |mul_ln1118_1459_fu_876_p2    |     *    |      1|  0|   45|          12|          27|
    |mul_ln1118_1460_fu_934_p2    |     *    |      1|  0|   45|          11|          27|
    |mul_ln1118_1461_fu_721_p2    |     *    |      1|  0|   45|           9|          27|
    |mul_ln1118_1462_fu_936_p2    |     *    |      1|  0|   45|          10|          27|
    |mul_ln1118_1463_fu_752_p2    |     *    |      1|  0|   45|          11|          27|
    |mul_ln1118_1464_fu_822_p2    |     *    |      1|  0|   45|           9|          27|
    |mul_ln1118_1465_fu_729_p2    |     *    |      1|  0|   45|          10|          27|
    |mul_ln1118_1466_fu_715_p2    |     *    |      1|  0|   45|           9|          27|
    |mul_ln1118_1467_fu_685_p2    |     *    |      1|  0|   45|          10|          27|
    |mul_ln1118_1468_fu_925_p2    |     *    |      1|  0|   45|          11|          27|
    |mul_ln1118_1469_fu_747_p2    |     *    |      1|  0|   45|          10|          27|
    |mul_ln1118_1470_fu_732_p2    |     *    |      1|  0|   45|           9|          27|
    |mul_ln1118_1471_fu_811_p2    |     *    |      1|  0|   45|          11|          27|
    |mul_ln1118_1472_fu_755_p2    |     *    |      1|  0|   45|          10|          27|
    |mul_ln1118_1473_fu_756_p2    |     *    |      1|  0|   45|          10|          27|
    |mul_ln1118_1474_fu_764_p2    |     *    |      1|  0|   45|           8|          27|
    |mul_ln1118_1475_fu_765_p2    |     *    |      1|  0|   45|          12|          27|
    |mul_ln1118_1476_fu_759_p2    |     *    |      1|  0|   45|          10|          27|
    |mul_ln1118_1477_fu_916_p2    |     *    |      1|  0|   45|           8|          27|
    |mul_ln1118_1478_fu_901_p2    |     *    |      1|  0|   45|          12|          27|
    |mul_ln1118_1479_fu_808_p2    |     *    |      1|  0|   45|          10|          27|
    |mul_ln1118_1480_fu_793_p2    |     *    |      1|  0|   45|          10|          27|
    |mul_ln1118_1481_fu_778_p2    |     *    |      1|  0|   45|          10|          27|
    |mul_ln1118_1482_fu_841_p2    |     *    |      1|  0|   45|          10|          27|
    |mul_ln1118_1483_fu_741_p2    |     *    |      1|  0|   45|          12|          27|
    |mul_ln1118_1484_fu_897_p2    |     *    |      1|  0|   45|          10|          27|
    |mul_ln1118_1485_fu_848_p2    |     *    |      1|  0|   45|          10|          27|
    |mul_ln1118_1486_fu_799_p2    |     *    |      1|  0|   45|          11|          27|
    |mul_ln1118_1487_fu_750_p2    |     *    |      1|  0|   45|          11|          27|
    |mul_ln1118_1488_fu_751_p2    |     *    |      1|  0|   45|           9|          27|
    |mul_ln1118_1489_fu_920_p2    |     *    |      1|  0|   45|           6|          27|
    |mul_ln1118_1490_fu_853_p2    |     *    |      1|  0|   45|           9|          27|
    |mul_ln1118_1491_fu_917_p2    |     *    |      1|  0|   45|           9|          27|
    |mul_ln1118_1492_fu_817_p2    |     *    |      1|  0|   45|          10|          27|
    |mul_ln1118_1493_fu_809_p2    |     *    |      1|  0|   45|          10|          27|
    |mul_ln1118_1494_fu_716_p2    |     *    |      1|  0|   45|          11|          27|
    |mul_ln1118_1495_fu_779_p2    |     *    |      1|  0|   45|           8|          27|
    |mul_ln1118_1496_fu_757_p2    |     *    |      1|  0|   45|          12|          27|
    |mul_ln1118_1497_fu_820_p2    |     *    |      1|  0|   45|          10|          27|
    |mul_ln1118_1498_fu_884_p2    |     *    |      1|  0|   45|          11|          27|
    |mul_ln1118_1499_fu_885_p2    |     *    |      1|  0|   45|          10|          27|
    |mul_ln1118_1500_fu_886_p2    |     *    |      1|  0|   45|           7|          27|
    |mul_ln1118_1501_fu_887_p2    |     *    |      1|  0|   45|           8|          27|
    |mul_ln1118_1502_fu_938_p2    |     *    |      1|  0|   45|           9|          27|
    |mul_ln1118_1503_fu_839_p2    |     *    |      1|  0|   45|           9|          27|
    |mul_ln1118_1504_fu_840_p2    |     *    |      1|  0|   45|           9|          27|
    |mul_ln1118_1505_fu_762_p2    |     *    |      1|  0|   45|          11|          27|
    |mul_ln1118_1506_fu_825_p2    |     *    |      1|  0|   45|           6|          27|
    |mul_ln1118_1507_fu_810_p2    |     *    |      1|  0|   45|          11|          27|
    |mul_ln1118_1508_fu_710_p2    |     *    |      1|  0|   45|          10|          27|
    |mul_ln1118_1509_fu_780_p2    |     *    |      1|  0|   45|          11|          27|
    |mul_ln1118_1510_fu_928_p2    |     *    |      1|  0|   45|           7|          27|
    |mul_ln1118_1511_fu_828_p2    |     *    |      1|  0|   45|          11|          27|
    |mul_ln1118_1512_fu_871_p2    |     *    |      1|  0|   45|           9|          27|
    |mul_ln1118_1513_fu_922_p2    |     *    |      1|  0|   45|          10|          27|
    |mul_ln1118_1514_fu_923_p2    |     *    |      1|  0|   45|          10|          27|
    |mul_ln1118_1515_fu_924_p2    |     *    |      1|  0|   45|          10|          27|
    |mul_ln1118_1516_fu_875_p2    |     *    |      1|  0|   45|           9|          27|
    |mul_ln1118_1517_fu_926_p2    |     *    |      1|  0|   45|           8|          27|
    |mul_ln1118_1518_fu_856_p2    |     *    |      1|  0|   45|           8|          27|
    |mul_ln1118_1519_fu_919_p2    |     *    |      1|  0|   45|          11|          27|
    |mul_ln1118_1520_fu_826_p2    |     *    |      1|  0|   45|          11|          27|
    |mul_ln1118_1521_fu_733_p2    |     *    |      1|  0|   45|           9|          27|
    |mul_ln1118_1522_fu_718_p2    |     *    |      1|  0|   45|          10|          27|
    |mul_ln1118_1523_fu_781_p2    |     *    |      1|  0|   45|           9|          27|
    |mul_ln1118_1524_fu_929_p2    |     *    |      1|  0|   45|           7|          27|
    |mul_ln1118_1525_fu_850_p2    |     *    |      1|  0|   45|           8|          27|
    |mul_ln1118_1526_fu_701_p2    |     *    |      1|  0|   45|           7|          27|
    |mul_ln1118_1527_fu_852_p2    |     *    |      1|  0|   45|           9|          27|
    |mul_ln1118_1528_fu_763_p2    |     *    |      1|  0|   45|          11|          27|
    |mul_ln1118_1529_fu_854_p2    |     *    |      1|  0|   45|          13|          27|
    |mul_ln1118_1530_fu_705_p2    |     *    |      1|  0|   45|          11|          27|
    |mul_ln1118_1531_fu_706_p2    |     *    |      1|  0|   45|          13|          27|
    |mul_ln1118_1532_fu_707_p2    |     *    |      1|  0|   45|          14|          27|
    |mul_ln1118_1533_fu_842_p2    |     *    |      1|  0|   45|          13|          27|
    |mul_ln1118_1534_fu_827_p2    |     *    |      1|  0|   45|          13|          27|
    |mul_ln1118_1535_fu_812_p2    |     *    |      1|  0|   45|           9|          27|
    |mul_ln1118_1536_fu_719_p2    |     *    |      1|  0|   45|          10|          27|
    |mul_ln1118_1537_fu_860_p2    |     *    |      1|  0|   45|          12|          27|
    |mul_ln1118_1538_fu_930_p2    |     *    |      1|  0|   45|          11|          27|
    |mul_ln1118_1539_fu_745_p2    |     *    |      1|  0|   45|          12|          27|
    |mul_ln1118_1540_fu_895_p2    |     *    |      1|  0|   45|          10|          27|
    |mul_ln1118_1541_fu_896_p2    |     *    |      1|  0|   45|          13|          27|
    |mul_ln1118_1542_fu_847_p2    |     *    |      1|  0|   45|           9|          27|
    |mul_ln1118_1543_fu_843_p2    |     *    |      1|  0|   45|          11|          27|
    |mul_ln1118_1544_fu_692_p2    |     *    |      1|  0|   45|          11|          27|
    |mul_ln1118_1545_fu_900_p2    |     *    |      1|  0|   45|          12|          27|
    |mul_ln1118_1546_fu_694_p2    |     *    |      1|  0|   45|          12|          27|
    |mul_ln1118_1547_fu_758_p2    |     *    |      1|  0|   45|          10|          27|
    |mul_ln1118_1548_fu_743_p2    |     *    |      1|  0|   45|          10|          27|
    |mul_ln1118_1549_fu_813_p2    |     *    |      1|  0|   45|           9|          27|
    |mul_ln1118_1550_fu_720_p2    |     *    |      1|  0|   45|           9|          27|
    |mul_ln1118_1551_fu_939_p2    |     *    |      1|  0|   45|          11|          27|
    |mul_ln1118_1552_fu_846_p2    |     *    |      1|  0|   45|          12|          27|
    |mul_ln1118_1553_fu_753_p2    |     *    |      1|  0|   45|           8|          27|
    |mul_ln1118_1554_fu_775_p2    |     *    |      1|  0|   45|          10|          27|
    |mul_ln1118_1555_fu_726_p2    |     *    |      1|  0|   45|          10|          27|
    |mul_ln1118_1556_fu_777_p2    |     *    |      1|  0|   45|          12|          27|
    |mul_ln1118_1557_fu_771_p2    |     *    |      1|  0|   45|          10|          27|
    |mul_ln1118_1558_fu_829_p2    |     *    |      1|  0|   45|          10|          27|
    |mul_ln1118_1559_fu_830_p2    |     *    |      1|  0|   45|          12|          27|
    |mul_ln1118_fu_821_p2         |     *    |      1|  0|   45|           9|          27|
    |acc_10_V_fu_254226_p2        |     +    |      0|  0|   16|          27|          27|
    |acc_11_V_fu_254245_p2        |     +    |      0|  0|   16|          27|          27|
    |acc_12_V_fu_254264_p2        |     +    |      0|  0|   16|          27|          27|
    |acc_13_V_fu_254283_p2        |     +    |      0|  0|   16|          27|          27|
    |acc_14_V_fu_254306_p2        |     +    |      0|  0|   16|          27|          27|
    |acc_15_V_fu_254329_p2        |     +    |      0|  0|   16|          27|          27|
    |acc_1_V_fu_254016_p2         |     +    |      0|  0|   16|          27|          27|
    |acc_2_V_fu_254039_p2         |     +    |      0|  0|   16|          27|          27|
    |acc_3_V_fu_254062_p2         |     +    |      0|  0|   16|          27|          27|
    |acc_4_V_fu_254081_p2         |     +    |      0|  0|   16|          27|          27|
    |acc_5_V_fu_254104_p2         |     +    |      0|  0|   16|          27|          27|
    |acc_6_V_fu_254138_p2         |     +    |      0|  0|   16|          27|          27|
    |acc_7_V_fu_254165_p2         |     +    |      0|  0|   16|          27|          27|
    |acc_8_V_fu_254184_p2         |     +    |      0|  0|   16|          27|          27|
    |acc_9_V_fu_254203_p2         |     +    |      0|  0|   16|          27|          27|
    |add_ln1118_19_fu_248850_p2   |     +    |      0|  0|   37|          37|          37|
    |add_ln1118_20_fu_248896_p2   |     +    |      0|  0|   32|          32|          32|
    |add_ln1118_21_fu_250187_p2   |     +    |      0|  0|   36|          36|          36|
    |add_ln1118_fu_248450_p2      |     +    |      0|  0|   34|          34|          34|
    |add_ln703_1374_fu_252757_p2  |     +    |      0|  0|   16|          27|          27|
    |add_ln703_1375_fu_252763_p2  |     +    |      0|  0|   16|          27|          27|
    |add_ln703_1376_fu_252769_p2  |     +    |      0|  0|   16|          27|          27|
    |add_ln703_1377_fu_252775_p2  |     +    |      0|  0|   26|          26|          26|
    |add_ln703_1378_fu_252785_p2  |     +    |      0|  0|   16|          27|          27|
    |add_ln703_1379_fu_253976_p2  |     +    |      0|  0|   16|          27|          27|
    |add_ln703_1380_fu_252791_p2  |     +    |      0|  0|   26|          26|          26|
    |add_ln703_1381_fu_252797_p2  |     +    |      0|  0|   27|          27|          27|
    |add_ln703_1382_fu_253983_p2  |     +    |      0|  0|   16|          27|          27|
    |add_ln703_1383_fu_252803_p2  |     +    |      0|  0|   16|          27|          27|
    |add_ln703_1384_fu_252809_p2  |     +    |      0|  0|   16|           9|          27|
    |add_ln703_1385_fu_252815_p2  |     +    |      0|  0|   16|          27|          27|
    |add_ln703_1386_fu_252821_p2  |     +    |      0|  0|   16|          27|          27|
    |add_ln703_1387_fu_253988_p2  |     +    |      0|  0|   16|          27|          27|
    |add_ln703_1388_fu_253993_p2  |     +    |      0|  0|   16|          27|          27|
    |add_ln703_1389_fu_252827_p2  |     +    |      0|  0|   25|          25|          25|
    |add_ln703_1390_fu_252837_p2  |     +    |      0|  0|   16|          27|          27|
    |add_ln703_1391_fu_252843_p2  |     +    |      0|  0|   16|          27|          27|
    |add_ln703_1392_fu_252849_p2  |     +    |      0|  0|   16|          27|          27|
    |add_ln703_1393_fu_252855_p2  |     +    |      0|  0|   27|          27|          27|
    |add_ln703_1394_fu_252861_p2  |     +    |      0|  0|   16|          27|          27|
    |add_ln703_1395_fu_253999_p2  |     +    |      0|  0|   16|          27|          27|
    |add_ln703_1396_fu_252867_p2  |     +    |      0|  0|   26|          26|          26|
    |add_ln703_1397_fu_252873_p2  |     +    |      0|  0|   27|          27|          27|
    |add_ln703_1398_fu_254006_p2  |     +    |      0|  0|   16|          27|          27|
    |add_ln703_1399_fu_252879_p2  |     +    |      0|  0|   26|          26|          26|
    |add_ln703_1400_fu_252889_p2  |     +    |      0|  0|   27|           8|          27|
    |add_ln703_1401_fu_252895_p2  |     +    |      0|  0|   16|          27|          27|
    |add_ln703_1402_fu_252901_p2  |     +    |      0|  0|   16|          27|          27|
    |add_ln703_1403_fu_254011_p2  |     +    |      0|  0|   16|          27|          27|
    |add_ln703_1405_fu_252907_p2  |     +    |      0|  0|   16|          27|          27|
    |add_ln703_1406_fu_252913_p2  |     +    |      0|  0|   27|          27|          27|
    |add_ln703_1407_fu_252919_p2  |     +    |      0|  0|   16|          27|          27|
    |add_ln703_1408_fu_252925_p2  |     +    |      0|  0|   16|          27|          27|
    |add_ln703_1409_fu_252931_p2  |     +    |      0|  0|   25|          25|          25|
    |add_ln703_1410_fu_252941_p2  |     +    |      0|  0|   16|          27|          27|
    |add_ln703_1411_fu_254022_p2  |     +    |      0|  0|   16|          27|          27|
    |add_ln703_1412_fu_252947_p2  |     +    |      0|  0|   26|          26|          26|
    |add_ln703_1413_fu_252953_p2  |     +    |      0|  0|   27|          27|          27|
    |add_ln703_1414_fu_254029_p2  |     +    |      0|  0|   16|          27|          27|
    |add_ln703_1415_fu_252959_p2  |     +    |      0|  0|   16|          27|          27|
    |add_ln703_1416_fu_252965_p2  |     +    |      0|  0|   16|          10|          27|
    |add_ln703_1417_fu_252971_p2  |     +    |      0|  0|   16|          27|          27|
    |add_ln703_1418_fu_252977_p2  |     +    |      0|  0|   16|          27|          27|
    |add_ln703_1419_fu_254034_p2  |     +    |      0|  0|   16|          27|          27|
    |add_ln703_1421_fu_252983_p2  |     +    |      0|  0|   16|          27|          27|
    |add_ln703_1422_fu_252989_p2  |     +    |      0|  0|   27|          27|          27|
    |add_ln703_1423_fu_252995_p2  |     +    |      0|  0|   16|          27|          27|
    |add_ln703_1424_fu_253001_p2  |     +    |      0|  0|   16|          27|          27|
    |add_ln703_1425_fu_253007_p2  |     +    |      0|  0|   26|          26|          26|
    |add_ln703_1426_fu_253017_p2  |     +    |      0|  0|   16|          27|          27|
    |add_ln703_1427_fu_254045_p2  |     +    |      0|  0|   16|          27|          27|
    |add_ln703_1428_fu_253023_p2  |     +    |      0|  0|   26|          26|          26|
    |add_ln703_1429_fu_253029_p2  |     +    |      0|  0|   27|          27|          27|
    |add_ln703_1430_fu_254052_p2  |     +    |      0|  0|   16|          27|          27|
    |add_ln703_1431_fu_253035_p2  |     +    |      0|  0|   26|          26|          26|
    |add_ln703_1432_fu_253045_p2  |     +    |      0|  0|   26|          11|          26|
    |add_ln703_1433_fu_253055_p2  |     +    |      0|  0|   16|          27|          27|
    |add_ln703_1434_fu_253061_p2  |     +    |      0|  0|   16|          27|          27|
    |add_ln703_1435_fu_254057_p2  |     +    |      0|  0|   16|          27|          27|
    |add_ln703_1437_fu_253067_p2  |     +    |      0|  0|   16|          27|          27|
    |add_ln703_1438_fu_253073_p2  |     +    |      0|  0|   27|          27|          27|
    |add_ln703_1439_fu_253079_p2  |     +    |      0|  0|   16|          27|          27|
    |add_ln703_1440_fu_253085_p2  |     +    |      0|  0|   16|          27|          27|
    |add_ln703_1441_fu_253091_p2  |     +    |      0|  0|   27|          27|          27|
    |add_ln703_1442_fu_253097_p2  |     +    |      0|  0|   16|          27|          27|
    |add_ln703_1443_fu_254068_p2  |     +    |      0|  0|   16|          27|          27|
    |add_ln703_1444_fu_253103_p2  |     +    |      0|  0|   27|          27|          27|
    |add_ln703_1445_fu_253109_p2  |     +    |      0|  0|   27|          27|          27|
    |add_ln703_1446_fu_254072_p2  |     +    |      0|  0|   16|          27|          27|
    |add_ln703_1447_fu_253115_p2  |     +    |      0|  0|   16|          27|          27|
    |add_ln703_1448_fu_253121_p2  |     +    |      0|  0|   21|          11|          21|
    |add_ln703_1449_fu_253131_p2  |     +    |      0|  0|   27|          27|          27|
    |add_ln703_1450_fu_253137_p2  |     +    |      0|  0|   16|          27|          27|
    |add_ln703_1451_fu_254076_p2  |     +    |      0|  0|   16|          27|          27|
    |add_ln703_1453_fu_253143_p2  |     +    |      0|  0|   16|          27|          27|
    |add_ln703_1454_fu_253149_p2  |     +    |      0|  0|   27|          27|          27|
    |add_ln703_1455_fu_253155_p2  |     +    |      0|  0|   16|          27|          27|
    |add_ln703_1456_fu_253161_p2  |     +    |      0|  0|   26|          26|          26|
    |add_ln703_1457_fu_253171_p2  |     +    |      0|  0|   16|          27|          27|
    |add_ln703_1458_fu_253177_p2  |     +    |      0|  0|   16|          27|          27|
    |add_ln703_1459_fu_254087_p2  |     +    |      0|  0|   16|          27|          27|
    |add_ln703_1460_fu_253183_p2  |     +    |      0|  0|   27|          27|          27|
    |add_ln703_1461_fu_253189_p2  |     +    |      0|  0|   26|          26|          26|
    |add_ln703_1462_fu_254094_p2  |     +    |      0|  0|   16|          27|          27|
    |add_ln703_1463_fu_253195_p2  |     +    |      0|  0|   16|          27|          27|
    |add_ln703_1464_fu_253201_p2  |     +    |      0|  0|   26|           8|          26|
    |add_ln703_1465_fu_253211_p2  |     +    |      0|  0|   16|          27|          27|
    |add_ln703_1466_fu_254099_p2  |     +    |      0|  0|   16|          27|          27|
    |add_ln703_1468_fu_253217_p2  |     +    |      0|  0|   16|          27|          27|
    |add_ln703_1469_fu_253223_p2  |     +    |      0|  0|   27|          27|          27|
    |add_ln703_1470_fu_253229_p2  |     +    |      0|  0|   16|          27|          27|
    |add_ln703_1471_fu_253235_p2  |     +    |      0|  0|   16|          27|          27|
    |add_ln703_1472_fu_253241_p2  |     +    |      0|  0|   27|          27|          27|
    |add_ln703_1473_fu_253247_p2  |     +    |      0|  0|   16|          27|          27|
    |add_ln703_1474_fu_254110_p2  |     +    |      0|  0|   16|          27|          27|
    |add_ln703_1475_fu_253253_p2  |     +    |      0|  0|   27|          27|          27|
    |add_ln703_1476_fu_253259_p2  |     +    |      0|  0|   26|          26|          26|
    |add_ln703_1477_fu_254117_p2  |     +    |      0|  0|   16|          27|          27|
    |add_ln703_1478_fu_254122_p2  |     +    |      0|  0|   16|          27|          27|
    |add_ln703_1479_fu_253265_p2  |     +    |      0|  0|   26|           7|          26|
    |add_ln703_1480_fu_253275_p2  |     +    |      0|  0|   27|          27|          27|
    |add_ln703_1481_fu_254127_p2  |     +    |      0|  0|   16|          27|          27|
    |add_ln703_1482_fu_254132_p2  |     +    |      0|  0|   16|          27|          27|
    |add_ln703_1484_fu_253281_p2  |     +    |      0|  0|   16|          27|          27|
    |add_ln703_1485_fu_253287_p2  |     +    |      0|  0|   27|          27|          27|
    |add_ln703_1486_fu_253293_p2  |     +    |      0|  0|   16|          27|          27|
    |add_ln703_1487_fu_253299_p2  |     +    |      0|  0|   25|          25|          25|
    |add_ln703_1488_fu_253309_p2  |     +    |      0|  0|   16|          26|          26|
    |add_ln703_1489_fu_253315_p2  |     +    |      0|  0|   16|          26|          26|
    |add_ln703_1490_fu_254147_p2  |     +    |      0|  0|   16|          27|          27|
    |add_ln703_1491_fu_253321_p2  |     +    |      0|  0|   27|          27|          27|
    |add_ln703_1492_fu_253327_p2  |     +    |      0|  0|   25|          25|          25|
    |add_ln703_1493_fu_254155_p2  |     +    |      0|  0|   16|          27|          27|
    |add_ln703_1494_fu_253333_p2  |     +    |      0|  0|   16|          27|          27|
    |add_ln703_1495_fu_253339_p2  |     +    |      0|  0|   16|          10|          27|
    |add_ln703_1496_fu_253345_p2  |     +    |      0|  0|   16|          27|          27|
    |add_ln703_1497_fu_253351_p2  |     +    |      0|  0|   16|          27|          27|
    |add_ln703_1498_fu_254160_p2  |     +    |      0|  0|   16|          27|          27|
    |add_ln703_1500_fu_253357_p2  |     +    |      0|  0|   16|          27|          27|
    |add_ln703_1501_fu_253363_p2  |     +    |      0|  0|   27|          27|          27|
    |add_ln703_1502_fu_253369_p2  |     +    |      0|  0|   16|          27|          27|
    |add_ln703_1503_fu_253375_p2  |     +    |      0|  0|   16|          27|          27|
    |add_ln703_1504_fu_253381_p2  |     +    |      0|  0|   27|          27|          27|
    |add_ln703_1505_fu_253387_p2  |     +    |      0|  0|   16|          27|          27|
    |add_ln703_1506_fu_254171_p2  |     +    |      0|  0|   16|          27|          27|
    |add_ln703_1507_fu_253393_p2  |     +    |      0|  0|   27|          27|          27|
    |add_ln703_1508_fu_253399_p2  |     +    |      0|  0|   27|          27|          27|
    |add_ln703_1509_fu_254175_p2  |     +    |      0|  0|   16|          27|          27|
    |add_ln703_1510_fu_253405_p2  |     +    |      0|  0|   16|          27|          27|
    |add_ln703_1511_fu_253411_p2  |     +    |      0|  0|   16|          10|          27|
    |add_ln703_1512_fu_253417_p2  |     +    |      0|  0|   16|          27|          27|
    |add_ln703_1513_fu_253423_p2  |     +    |      0|  0|   16|          27|          27|
    |add_ln703_1514_fu_254179_p2  |     +    |      0|  0|   16|          27|          27|
    |add_ln703_1516_fu_253429_p2  |     +    |      0|  0|   16|          27|          27|
    |add_ln703_1517_fu_253435_p2  |     +    |      0|  0|   27|          27|          27|
    |add_ln703_1518_fu_253441_p2  |     +    |      0|  0|   16|          27|          27|
    |add_ln703_1519_fu_253447_p2  |     +    |      0|  0|   26|          26|          26|
    |add_ln703_1520_fu_253457_p2  |     +    |      0|  0|   16|          27|          27|
    |add_ln703_1521_fu_253463_p2  |     +    |      0|  0|   16|          27|          27|
    |add_ln703_1522_fu_254190_p2  |     +    |      0|  0|   16|          27|          27|
    |add_ln703_1523_fu_253469_p2  |     +    |      0|  0|   27|          27|          27|
    |add_ln703_1524_fu_253475_p2  |     +    |      0|  0|   27|          27|          27|
    |add_ln703_1525_fu_254194_p2  |     +    |      0|  0|   16|          27|          27|
    |add_ln703_1526_fu_253481_p2  |     +    |      0|  0|   26|          26|          26|
    |add_ln703_1527_fu_253491_p2  |     +    |      0|  0|   25|          10|          25|
    |add_ln703_1528_fu_253501_p2  |     +    |      0|  0|   16|          27|          27|
    |add_ln703_1529_fu_253507_p2  |     +    |      0|  0|   16|          27|          27|
    |add_ln703_1530_fu_254198_p2  |     +    |      0|  0|   16|          27|          27|
    |add_ln703_1532_fu_253513_p2  |     +    |      0|  0|   16|          27|          27|
    |add_ln703_1533_fu_253519_p2  |     +    |      0|  0|   27|          27|          27|
    |add_ln703_1534_fu_253525_p2  |     +    |      0|  0|   16|          27|          27|
    |add_ln703_1535_fu_253531_p2  |     +    |      0|  0|   16|          27|          27|
    |add_ln703_1536_fu_253537_p2  |     +    |      0|  0|   27|          27|          27|
    |add_ln703_1537_fu_253543_p2  |     +    |      0|  0|   16|          27|          27|
    |add_ln703_1538_fu_254209_p2  |     +    |      0|  0|   16|          27|          27|
    |add_ln703_1539_fu_253549_p2  |     +    |      0|  0|   26|          26|          26|
    |add_ln703_1540_fu_253555_p2  |     +    |      0|  0|   27|          27|          27|
    |add_ln703_1541_fu_254216_p2  |     +    |      0|  0|   16|          27|          27|
    |add_ln703_1542_fu_253561_p2  |     +    |      0|  0|   16|          27|          27|
    |add_ln703_1543_fu_253567_p2  |     +    |      0|  0|   16|           9|          27|
    |add_ln703_1544_fu_253573_p2  |     +    |      0|  0|   16|          27|          27|
    |add_ln703_1545_fu_253579_p2  |     +    |      0|  0|   16|          27|          27|
    |add_ln703_1546_fu_254221_p2  |     +    |      0|  0|   16|          27|          27|
    |add_ln703_1548_fu_253585_p2  |     +    |      0|  0|   16|          27|          27|
    |add_ln703_1549_fu_253591_p2  |     +    |      0|  0|   27|          27|          27|
    |add_ln703_1550_fu_253597_p2  |     +    |      0|  0|   16|          27|          27|
    |add_ln703_1551_fu_253603_p2  |     +    |      0|  0|   16|          27|          27|
    |add_ln703_1552_fu_253609_p2  |     +    |      0|  0|   27|          27|          27|
    |add_ln703_1553_fu_253615_p2  |     +    |      0|  0|   16|          27|          27|
    |add_ln703_1554_fu_254232_p2  |     +    |      0|  0|   16|          27|          27|
    |add_ln703_1555_fu_253621_p2  |     +    |      0|  0|   27|          27|          27|
    |add_ln703_1556_fu_253627_p2  |     +    |      0|  0|   27|          27|          27|
    |add_ln703_1557_fu_254236_p2  |     +    |      0|  0|   16|          27|          27|
    |add_ln703_1558_fu_253633_p2  |     +    |      0|  0|   24|          24|          24|
    |add_ln703_1559_fu_253643_p2  |     +    |      0|  0|   27|           7|          27|
    |add_ln703_1560_fu_253649_p2  |     +    |      0|  0|   16|          27|          27|
    |add_ln703_1561_fu_253655_p2  |     +    |      0|  0|   16|          27|          27|
    |add_ln703_1562_fu_254240_p2  |     +    |      0|  0|   16|          27|          27|
    |add_ln703_1564_fu_253661_p2  |     +    |      0|  0|   16|          27|          27|
    |add_ln703_1565_fu_253667_p2  |     +    |      0|  0|   27|          27|          27|
    |add_ln703_1566_fu_253673_p2  |     +    |      0|  0|   16|          27|          27|
    |add_ln703_1567_fu_253679_p2  |     +    |      0|  0|   16|          27|          27|
    |add_ln703_1568_fu_253685_p2  |     +    |      0|  0|   27|          27|          27|
    |add_ln703_1569_fu_253691_p2  |     +    |      0|  0|   16|          27|          27|
    |add_ln703_1570_fu_254251_p2  |     +    |      0|  0|   16|          27|          27|
    |add_ln703_1571_fu_253697_p2  |     +    |      0|  0|   27|          27|          27|
    |add_ln703_1572_fu_253703_p2  |     +    |      0|  0|   27|          27|          27|
    |add_ln703_1573_fu_254255_p2  |     +    |      0|  0|   16|          27|          27|
    |add_ln703_1574_fu_253709_p2  |     +    |      0|  0|   16|          27|          27|
    |add_ln703_1575_fu_253715_p2  |     +    |      0|  0|   16|          10|          27|
    |add_ln703_1576_fu_253721_p2  |     +    |      0|  0|   16|          27|          27|
    |add_ln703_1577_fu_253727_p2  |     +    |      0|  0|   16|          27|          27|
    |add_ln703_1578_fu_254259_p2  |     +    |      0|  0|   16|          27|          27|
    |add_ln703_1580_fu_253733_p2  |     +    |      0|  0|   16|          27|          27|
    |add_ln703_1581_fu_253739_p2  |     +    |      0|  0|   27|          27|          27|
    |add_ln703_1582_fu_253745_p2  |     +    |      0|  0|   16|          27|          27|
    |add_ln703_1583_fu_253751_p2  |     +    |      0|  0|   16|          27|          27|
    |add_ln703_1584_fu_253757_p2  |     +    |      0|  0|   27|          27|          27|
    |add_ln703_1585_fu_253763_p2  |     +    |      0|  0|   16|          27|          27|
    |add_ln703_1586_fu_254270_p2  |     +    |      0|  0|   16|          27|          27|
    |add_ln703_1587_fu_253769_p2  |     +    |      0|  0|   27|          27|          27|
    |add_ln703_1588_fu_253775_p2  |     +    |      0|  0|   27|          27|          27|
    |add_ln703_1589_fu_254274_p2  |     +    |      0|  0|   16|          27|          27|
    |add_ln703_1590_fu_253781_p2  |     +    |      0|  0|   26|          26|          26|
    |add_ln703_1591_fu_253791_p2  |     +    |      0|  0|   26|           9|          26|
    |add_ln703_1592_fu_253801_p2  |     +    |      0|  0|   16|          27|          27|
    |add_ln703_1593_fu_253807_p2  |     +    |      0|  0|   16|          27|          27|
    |add_ln703_1594_fu_254278_p2  |     +    |      0|  0|   16|          27|          27|
    |add_ln703_1596_fu_253813_p2  |     +    |      0|  0|   16|          27|          27|
    |add_ln703_1597_fu_253819_p2  |     +    |      0|  0|   27|          27|          27|
    |add_ln703_1598_fu_253825_p2  |     +    |      0|  0|   16|          27|          27|
    |add_ln703_1599_fu_253831_p2  |     +    |      0|  0|   16|          27|          27|
    |add_ln703_1600_fu_253837_p2  |     +    |      0|  0|   25|          25|          25|
    |add_ln703_1601_fu_253847_p2  |     +    |      0|  0|   16|          27|          27|
    |add_ln703_1602_fu_254289_p2  |     +    |      0|  0|   16|          27|          27|
    |add_ln703_1603_fu_253853_p2  |     +    |      0|  0|   27|          27|          27|
    |add_ln703_1604_fu_253859_p2  |     +    |      0|  0|   26|          26|          26|
    |add_ln703_1605_fu_254296_p2  |     +    |      0|  0|   16|          27|          27|
    |add_ln703_1606_fu_253865_p2  |     +    |      0|  0|   25|          25|          25|
    |add_ln703_1607_fu_253875_p2  |     +    |      0|  0|   27|          10|          27|
    |add_ln703_1608_fu_253881_p2  |     +    |      0|  0|   16|          27|          27|
    |add_ln703_1609_fu_253887_p2  |     +    |      0|  0|   16|          27|          27|
    |add_ln703_1610_fu_254301_p2  |     +    |      0|  0|   16|          27|          27|
    |add_ln703_1612_fu_253893_p2  |     +    |      0|  0|   26|          26|          26|
    |add_ln703_1613_fu_253903_p2  |     +    |      0|  0|   16|          27|          27|
    |add_ln703_1614_fu_253909_p2  |     +    |      0|  0|   16|          27|          27|
    |add_ln703_1615_fu_253915_p2  |     +    |      0|  0|   16|          27|          27|
    |add_ln703_1616_fu_253921_p2  |     +    |      0|  0|   27|          27|          27|
    |add_ln703_1617_fu_253927_p2  |     +    |      0|  0|   16|          27|          27|
    |add_ln703_1618_fu_254312_p2  |     +    |      0|  0|   16|          27|          27|
    |add_ln703_1619_fu_253933_p2  |     +    |      0|  0|   26|          26|          26|
    |add_ln703_1620_fu_253939_p2  |     +    |      0|  0|   27|          27|          27|
    |add_ln703_1621_fu_254319_p2  |     +    |      0|  0|   16|          27|          27|
    |add_ln703_1622_fu_253945_p2  |     +    |      0|  0|   22|          22|          22|
    |add_ln703_1623_fu_253955_p2  |     +    |      0|  0|   27|          11|          27|
    |add_ln703_1624_fu_253961_p2  |     +    |      0|  0|   16|          27|          27|
    |add_ln703_1625_fu_253967_p2  |     +    |      0|  0|   16|          27|          27|
    |add_ln703_1626_fu_254324_p2  |     +    |      0|  0|   16|          27|          27|
    |add_ln703_fu_252747_p2       |     +    |      0|  0|   26|          26|          26|
    |sub_ln1118_86_fu_249704_p2   |     -    |      0|  0|   16|          35|          35|
    |sub_ln1118_87_fu_250387_p2   |     -    |      0|  0|   37|          37|          37|
    |sub_ln1118_88_fu_250473_p2   |     -    |      0|  0|   38|          38|          38|
    |sub_ln1118_89_fu_250890_p2   |     -    |      0|  0|   34|          34|          34|
    |sub_ln1118_90_fu_250924_p2   |     -    |      0|  0|   16|           1|          31|
    |sub_ln1118_91_fu_250930_p2   |     -    |      0|  0|   16|          31|          31|
    |sub_ln1118_92_fu_251010_p2   |     -    |      0|  0|   38|          38|          38|
    |sub_ln1118_93_fu_251056_p2   |     -    |      0|  0|   16|           1|          35|
    |sub_ln1118_94_fu_251074_p2   |     -    |      0|  0|   16|          35|          35|
    |sub_ln1118_95_fu_251928_p2   |     -    |      0|  0|   16|           1|          31|
    |sub_ln1118_96_fu_251934_p2   |     -    |      0|  0|   16|          31|          31|
    |sub_ln1118_97_fu_251966_p2   |     -    |      0|  0|   16|           1|          33|
    |sub_ln1118_98_fu_251972_p2   |     -    |      0|  0|   16|          33|          33|
    |sub_ln1118_99_fu_252259_p2   |     -    |      0|  0|   31|          31|          31|
    |sub_ln1118_fu_249686_p2      |     -    |      0|  0|   16|           1|          35|
    +-----------------------------+----------+-------+---+-----+------------+------------+
    |Total                        |          |    240|  0|16219|        9483|       13959|
    +-----------------------------+----------+-------+---+-----+------------+------------+

    * Multiplexer: 
    +--------------+----+-----------+-----+-----------+
    |     Name     | LUT| Input Size| Bits| Total Bits|
    +--------------+----+-----------+-----+-----------+
    |ap_return_0   |   9|          2|   27|         54|
    |ap_return_1   |   9|          2|   27|         54|
    |ap_return_10  |   9|          2|   27|         54|
    |ap_return_11  |   9|          2|   27|         54|
    |ap_return_12  |   9|          2|   27|         54|
    |ap_return_13  |   9|          2|   27|         54|
    |ap_return_14  |   9|          2|   27|         54|
    |ap_return_15  |   9|          2|   27|         54|
    |ap_return_2   |   9|          2|   27|         54|
    |ap_return_3   |   9|          2|   27|         54|
    |ap_return_4   |   9|          2|   27|         54|
    |ap_return_5   |   9|          2|   27|         54|
    |ap_return_6   |   9|          2|   27|         54|
    |ap_return_7   |   9|          2|   27|         54|
    |ap_return_8   |   9|          2|   27|         54|
    |ap_return_9   |   9|          2|   27|         54|
    +--------------+----+-----------+-----+-----------+
    |Total         | 144|         32|  432|        864|
    +--------------+----+-----------+-----+-----------+

    * Register: 
    +----------------------------+----+----+-----+-----------+
    |            Name            | FF | LUT| Bits| Const Bits|
    +----------------------------+----+----+-----+-----------+
    |add_ln703_1375_reg_254441   |  27|   0|   27|          0|
    |add_ln703_1378_reg_254446   |  27|   0|   27|          0|
    |add_ln703_1380_reg_254451   |  26|   0|   26|          0|
    |add_ln703_1381_reg_254456   |  27|   0|   27|          0|
    |add_ln703_1386_reg_254461   |  27|   0|   27|          0|
    |add_ln703_1391_reg_254466   |  27|   0|   27|          0|
    |add_ln703_1394_reg_254471   |  27|   0|   27|          0|
    |add_ln703_1396_reg_254476   |  26|   0|   26|          0|
    |add_ln703_1397_reg_254481   |  27|   0|   27|          0|
    |add_ln703_1402_reg_254486   |  27|   0|   27|          0|
    |add_ln703_1407_reg_254491   |  27|   0|   27|          0|
    |add_ln703_1410_reg_254496   |  27|   0|   27|          0|
    |add_ln703_1412_reg_254501   |  26|   0|   26|          0|
    |add_ln703_1413_reg_254506   |  27|   0|   27|          0|
    |add_ln703_1418_reg_254511   |  27|   0|   27|          0|
    |add_ln703_1423_reg_254516   |  27|   0|   27|          0|
    |add_ln703_1426_reg_254521   |  27|   0|   27|          0|
    |add_ln703_1428_reg_254526   |  26|   0|   26|          0|
    |add_ln703_1429_reg_254531   |  27|   0|   27|          0|
    |add_ln703_1434_reg_254536   |  27|   0|   27|          0|
    |add_ln703_1439_reg_254541   |  27|   0|   27|          0|
    |add_ln703_1442_reg_254546   |  27|   0|   27|          0|
    |add_ln703_1444_reg_254551   |  27|   0|   27|          0|
    |add_ln703_1445_reg_254556   |  27|   0|   27|          0|
    |add_ln703_1450_reg_254561   |  27|   0|   27|          0|
    |add_ln703_1455_reg_254566   |  27|   0|   27|          0|
    |add_ln703_1458_reg_254571   |  27|   0|   27|          0|
    |add_ln703_1460_reg_254576   |  27|   0|   27|          0|
    |add_ln703_1461_reg_254581   |  26|   0|   26|          0|
    |add_ln703_1465_reg_254586   |  27|   0|   27|          0|
    |add_ln703_1470_reg_254591   |  27|   0|   27|          0|
    |add_ln703_1473_reg_254596   |  27|   0|   27|          0|
    |add_ln703_1475_reg_254601   |  27|   0|   27|          0|
    |add_ln703_1476_reg_254606   |  26|   0|   26|          0|
    |add_ln703_1480_reg_254611   |  27|   0|   27|          0|
    |add_ln703_1486_reg_254616   |  27|   0|   27|          0|
    |add_ln703_1489_reg_254621   |  26|   0|   26|          0|
    |add_ln703_1491_reg_254626   |  27|   0|   27|          0|
    |add_ln703_1492_reg_254631   |  25|   0|   25|          0|
    |add_ln703_1497_reg_254636   |  27|   0|   27|          0|
    |add_ln703_1502_reg_254641   |  27|   0|   27|          0|
    |add_ln703_1505_reg_254646   |  27|   0|   27|          0|
    |add_ln703_1507_reg_254651   |  27|   0|   27|          0|
    |add_ln703_1508_reg_254656   |  27|   0|   27|          0|
    |add_ln703_1513_reg_254661   |  27|   0|   27|          0|
    |add_ln703_1518_reg_254666   |  27|   0|   27|          0|
    |add_ln703_1521_reg_254671   |  27|   0|   27|          0|
    |add_ln703_1523_reg_254676   |  27|   0|   27|          0|
    |add_ln703_1524_reg_254681   |  27|   0|   27|          0|
    |add_ln703_1529_reg_254686   |  27|   0|   27|          0|
    |add_ln703_1534_reg_254691   |  27|   0|   27|          0|
    |add_ln703_1537_reg_254696   |  27|   0|   27|          0|
    |add_ln703_1539_reg_254701   |  26|   0|   26|          0|
    |add_ln703_1540_reg_254706   |  27|   0|   27|          0|
    |add_ln703_1545_reg_254711   |  27|   0|   27|          0|
    |add_ln703_1550_reg_254716   |  27|   0|   27|          0|
    |add_ln703_1553_reg_254721   |  27|   0|   27|          0|
    |add_ln703_1555_reg_254726   |  27|   0|   27|          0|
    |add_ln703_1556_reg_254731   |  27|   0|   27|          0|
    |add_ln703_1561_reg_254736   |  27|   0|   27|          0|
    |add_ln703_1566_reg_254741   |  27|   0|   27|          0|
    |add_ln703_1569_reg_254746   |  27|   0|   27|          0|
    |add_ln703_1571_reg_254751   |  27|   0|   27|          0|
    |add_ln703_1572_reg_254756   |  27|   0|   27|          0|
    |add_ln703_1577_reg_254761   |  27|   0|   27|          0|
    |add_ln703_1582_reg_254766   |  27|   0|   27|          0|
    |add_ln703_1585_reg_254771   |  27|   0|   27|          0|
    |add_ln703_1587_reg_254776   |  27|   0|   27|          0|
    |add_ln703_1588_reg_254781   |  27|   0|   27|          0|
    |add_ln703_1593_reg_254786   |  27|   0|   27|          0|
    |add_ln703_1598_reg_254791   |  27|   0|   27|          0|
    |add_ln703_1601_reg_254796   |  27|   0|   27|          0|
    |add_ln703_1603_reg_254801   |  27|   0|   27|          0|
    |add_ln703_1604_reg_254806   |  26|   0|   26|          0|
    |add_ln703_1609_reg_254811   |  27|   0|   27|          0|
    |add_ln703_1614_reg_254816   |  27|   0|   27|          0|
    |add_ln703_1617_reg_254821   |  27|   0|   27|          0|
    |add_ln703_1619_reg_254826   |  26|   0|   26|          0|
    |add_ln703_1620_reg_254831   |  27|   0|   27|          0|
    |add_ln703_1625_reg_254836   |  27|   0|   27|          0|
    |ap_ce_reg                   |   1|   0|    1|          0|
    |ap_return_0_int_reg         |  27|   0|   27|          0|
    |ap_return_10_int_reg        |  27|   0|   27|          0|
    |ap_return_11_int_reg        |  27|   0|   27|          0|
    |ap_return_12_int_reg        |  27|   0|   27|          0|
    |ap_return_13_int_reg        |  27|   0|   27|          0|
    |ap_return_14_int_reg        |  27|   0|   27|          0|
    |ap_return_15_int_reg        |  27|   0|   27|          0|
    |ap_return_1_int_reg         |  27|   0|   27|          0|
    |ap_return_2_int_reg         |  27|   0|   27|          0|
    |ap_return_3_int_reg         |  27|   0|   27|          0|
    |ap_return_4_int_reg         |  27|   0|   27|          0|
    |ap_return_5_int_reg         |  27|   0|   27|          0|
    |ap_return_6_int_reg         |  27|   0|   27|          0|
    |ap_return_7_int_reg         |  27|   0|   27|          0|
    |ap_return_8_int_reg         |  27|   0|   27|          0|
    |ap_return_9_int_reg         |  27|   0|   27|          0|
    |mult_214_V_reg_254436       |  27|   0|   27|          0|
    |trunc_ln708_990_reg_254431  |  26|   0|   26|          0|
    +----------------------------+----+----+-----+-----------+
    |Total                       |2634|   0| 2634|          0|
    +----------------------------+----+----+-----+-----------+



================================================================
== Interface
================================================================
* Summary: 
+--------------+-----+-----+------------+-------------------------------------------------+--------------+
|   RTL Ports  | Dir | Bits|  Protocol  |                  Source Object                  |    C Type    |
+--------------+-----+-----+------------+-------------------------------------------------+--------------+
|ap_clk        |  in |    1| ap_ctrl_hs | dense_latency.0.0.0.0.0.0.0.0.0.0.0.0.0.0.0.0.0 | return value |
|ap_rst        |  in |    1| ap_ctrl_hs | dense_latency.0.0.0.0.0.0.0.0.0.0.0.0.0.0.0.0.0 | return value |
|ap_return_0   | out |   27| ap_ctrl_hs | dense_latency.0.0.0.0.0.0.0.0.0.0.0.0.0.0.0.0.0 | return value |
|ap_return_1   | out |   27| ap_ctrl_hs | dense_latency.0.0.0.0.0.0.0.0.0.0.0.0.0.0.0.0.0 | return value |
|ap_return_2   | out |   27| ap_ctrl_hs | dense_latency.0.0.0.0.0.0.0.0.0.0.0.0.0.0.0.0.0 | return value |
|ap_return_3   | out |   27| ap_ctrl_hs | dense_latency.0.0.0.0.0.0.0.0.0.0.0.0.0.0.0.0.0 | return value |
|ap_return_4   | out |   27| ap_ctrl_hs | dense_latency.0.0.0.0.0.0.0.0.0.0.0.0.0.0.0.0.0 | return value |
|ap_return_5   | out |   27| ap_ctrl_hs | dense_latency.0.0.0.0.0.0.0.0.0.0.0.0.0.0.0.0.0 | return value |
|ap_return_6   | out |   27| ap_ctrl_hs | dense_latency.0.0.0.0.0.0.0.0.0.0.0.0.0.0.0.0.0 | return value |
|ap_return_7   | out |   27| ap_ctrl_hs | dense_latency.0.0.0.0.0.0.0.0.0.0.0.0.0.0.0.0.0 | return value |
|ap_return_8   | out |   27| ap_ctrl_hs | dense_latency.0.0.0.0.0.0.0.0.0.0.0.0.0.0.0.0.0 | return value |
|ap_return_9   | out |   27| ap_ctrl_hs | dense_latency.0.0.0.0.0.0.0.0.0.0.0.0.0.0.0.0.0 | return value |
|ap_return_10  | out |   27| ap_ctrl_hs | dense_latency.0.0.0.0.0.0.0.0.0.0.0.0.0.0.0.0.0 | return value |
|ap_return_11  | out |   27| ap_ctrl_hs | dense_latency.0.0.0.0.0.0.0.0.0.0.0.0.0.0.0.0.0 | return value |
|ap_return_12  | out |   27| ap_ctrl_hs | dense_latency.0.0.0.0.0.0.0.0.0.0.0.0.0.0.0.0.0 | return value |
|ap_return_13  | out |   27| ap_ctrl_hs | dense_latency.0.0.0.0.0.0.0.0.0.0.0.0.0.0.0.0.0 | return value |
|ap_return_14  | out |   27| ap_ctrl_hs | dense_latency.0.0.0.0.0.0.0.0.0.0.0.0.0.0.0.0.0 | return value |
|ap_return_15  | out |   27| ap_ctrl_hs | dense_latency.0.0.0.0.0.0.0.0.0.0.0.0.0.0.0.0.0 | return value |
|ap_ce         |  in |    1| ap_ctrl_hs | dense_latency.0.0.0.0.0.0.0.0.0.0.0.0.0.0.0.0.0 | return value |
|data_V_read   |  in |  432|   ap_none  |                   data_V_read                   |    scalar    |
+--------------+-----+-----+------------+-------------------------------------------------+--------------+

