

================================================================
== Vivado HLS Report for 'dense_latency_0_0_0_0_0_0_0_0_0_0_0_0_0_0_0_0_0'
================================================================
* Date:           Fri May  6 03:35:18 2022

* Version:        2019.2 (Build 2704478 on Wed Nov 06 22:10:23 MST 2019)
* Project:        myproject_prj
* Solution:       solution1
* Product family: virtexuplus
* Target device:  xcu250-figd2104-2L-e


================================================================
== Performance Estimates
================================================================
+ Timing: 
    * Summary: 
    +--------+---------+----------+------------+
    |  Clock |  Target | Estimated| Uncertainty|
    +--------+---------+----------+------------+
    |ap_clk  | 5.00 ns | 3.837 ns |   0.62 ns  |
    +--------+---------+----------+------------+

+ Latency: 
    * Summary: 
    +---------+---------+----------+----------+-----+-----+----------+
    |  Latency (cycles) |  Latency (absolute) |  Interval | Pipeline |
    |   min   |   max   |    min   |    max   | min | max |   Type   |
    +---------+---------+----------+----------+-----+-----+----------+
    |        1|        1| 5.000 ns | 5.000 ns |    1|    1| function |
    +---------+---------+----------+----------+-----+-----+----------+

    + Detail: 
        * Instance: 
        N/A

        * Loop: 
        N/A



================================================================
== Utilization Estimates
================================================================
* Summary: 
+---------------------+---------+-------+---------+---------+------+
|         Name        | BRAM_18K| DSP48E|    FF   |   LUT   | URAM |
+---------------------+---------+-------+---------+---------+------+
|DSP                  |        -|      -|        -|        -|     -|
|Expression           |        -|    512|        0|    11839|     -|
|FIFO                 |        -|      -|        -|        -|     -|
|Instance             |        -|      -|        -|        -|     -|
|Memory               |        -|      -|        -|        -|     -|
|Multiplexer          |        -|      -|        -|      144|     -|
|Register             |        -|      -|     6321|        -|     -|
+---------------------+---------+-------+---------+---------+------+
|Total                |        0|    512|     6321|    11983|     0|
+---------------------+---------+-------+---------+---------+------+
|Available SLR        |     1344|   3072|   864000|   432000|   320|
+---------------------+---------+-------+---------+---------+------+
|Utilization SLR (%)  |        0|     16|    ~0   |        2|     0|
+---------------------+---------+-------+---------+---------+------+
|Available            |     5376|  12288|  3456000|  1728000|  1280|
+---------------------+---------+-------+---------+---------+------+
|Utilization (%)      |        0|      4|    ~0   |    ~0   |     0|
+---------------------+---------+-------+---------+---------+------+

+ Detail: 
    * Instance: 
    N/A

    * DSP48E: 
    N/A

    * Memory: 
    N/A

    * FIFO: 
    N/A

    * Expression: 
    +-----------------------------+----------+-------+---+-----+------------+------------+
    |        Variable Name        | Operation| DSP48E| FF| LUT | Bitwidth P0| Bitwidth P1|
    +-----------------------------+----------+-------+---+-----+------------+------------+
    |mul_ln1118_1420_fu_882_p2    |     *    |      2|  0|   23|          15|          35|
    |mul_ln1118_1421_fu_863_p2    |     *    |      2|  0|   23|          18|          35|
    |mul_ln1118_1422_fu_695_p2    |     *    |      2|  0|   23|          19|          35|
    |mul_ln1118_1423_fu_770_p2    |     *    |      2|  0|   23|          18|          35|
    |mul_ln1118_1424_fu_859_p2    |     *    |      2|  0|   23|          18|          35|
    |mul_ln1118_1425_fu_806_p2    |     *    |      2|  0|   23|          19|          35|
    |mul_ln1118_1426_fu_808_p2    |     *    |      2|  0|   23|          18|          35|
    |mul_ln1118_1427_fu_702_p2    |     *    |      2|  0|   23|          19|          35|
    |mul_ln1118_1428_fu_846_p2    |     *    |      2|  0|   23|          19|          35|
    |mul_ln1118_1429_fu_911_p2    |     *    |      2|  0|   23|          20|          35|
    |mul_ln1118_1430_fu_705_p2    |     *    |      2|  0|   23|          18|          35|
    |mul_ln1118_1431_fu_736_p2    |     *    |      2|  0|   23|          19|          35|
    |mul_ln1118_1432_fu_879_p2    |     *    |      2|  0|   23|          18|          35|
    |mul_ln1118_1433_fu_907_p2    |     *    |      2|  0|   23|          20|          35|
    |mul_ln1118_1434_fu_854_p2    |     *    |      2|  0|   23|          18|          35|
    |mul_ln1118_1435_fu_740_p2    |     *    |      2|  0|   23|          18|          35|
    |mul_ln1118_1436_fu_741_p2    |     *    |      2|  0|   23|          17|          35|
    |mul_ln1118_1437_fu_742_p2    |     *    |      2|  0|   23|          20|          35|
    |mul_ln1118_1438_fu_757_p2    |     *    |      2|  0|   23|          20|          35|
    |mul_ln1118_1439_fu_690_p2    |     *    |      2|  0|   23|          20|          35|
    |mul_ln1118_1440_fu_731_p2    |     *    |      2|  0|   23|          18|          35|
    |mul_ln1118_1441_fu_739_p2    |     *    |      2|  0|   23|          16|          35|
    |mul_ln1118_1442_fu_897_p2    |     *    |      2|  0|   23|          18|          35|
    |mul_ln1118_1443_fu_734_p2    |     *    |      2|  0|   23|          16|          35|
    |mul_ln1118_1444_fu_692_p2    |     *    |      2|  0|   23|          17|          35|
    |mul_ln1118_1445_fu_708_p2    |     *    |      2|  0|   23|          18|          35|
    |mul_ln1118_1446_fu_723_p2    |     *    |      2|  0|   23|          16|          35|
    |mul_ln1118_1447_fu_710_p2    |     *    |      2|  0|   23|          13|          35|
    |mul_ln1118_1448_fu_711_p2    |     *    |      2|  0|   23|          18|          35|
    |mul_ln1118_1449_fu_753_p2    |     *    |      2|  0|   23|          18|          35|
    |mul_ln1118_1450_fu_828_p2    |     *    |      2|  0|   23|          16|          35|
    |mul_ln1118_1451_fu_836_p2    |     *    |      2|  0|   23|          20|          35|
    |mul_ln1118_1452_fu_837_p2    |     *    |      2|  0|   23|          19|          35|
    |mul_ln1118_1453_fu_931_p2    |     *    |      2|  0|   23|          19|          35|
    |mul_ln1118_1454_fu_868_p2    |     *    |      2|  0|   23|          20|          35|
    |mul_ln1118_1455_fu_819_p2    |     *    |      2|  0|   23|          19|          35|
    |mul_ln1118_1456_fu_777_p2    |     *    |      2|  0|   23|          20|          35|
    |mul_ln1118_1457_fu_728_p2    |     *    |      2|  0|   23|          19|          35|
    |mul_ln1118_1458_fu_722_p2    |     *    |      2|  0|   23|          20|          35|
    |mul_ln1118_1459_fu_795_p2    |     *    |      2|  0|   23|          19|          35|
    |mul_ln1118_1460_fu_681_p2    |     *    |      2|  0|   23|          19|          35|
    |mul_ln1118_1461_fu_682_p2    |     *    |      2|  0|   23|          20|          35|
    |mul_ln1118_1462_fu_920_p2    |     *    |      2|  0|   23|          19|          35|
    |mul_ln1118_1463_fu_894_p2    |     *    |      2|  0|   23|          19|          35|
    |mul_ln1118_1464_fu_726_p2    |     *    |      2|  0|   23|          19|          35|
    |mul_ln1118_1465_fu_686_p2    |     *    |      2|  0|   23|          17|          35|
    |mul_ln1118_1466_fu_748_p2    |     *    |      2|  0|   23|          20|          35|
    |mul_ln1118_1467_fu_688_p2    |     *    |      2|  0|   23|          20|          35|
    |mul_ln1118_1468_fu_848_p2    |     *    |      2|  0|   23|          19|          35|
    |mul_ln1118_1469_fu_813_p2    |     *    |      2|  0|   23|          14|          35|
    |mul_ln1118_1470_fu_764_p2    |     *    |      2|  0|   23|          20|          35|
    |mul_ln1118_1471_fu_865_p2    |     *    |      2|  0|   23|          18|          35|
    |mul_ln1118_1472_fu_915_p2    |     *    |      2|  0|   23|           8|          35|
    |mul_ln1118_1473_fu_909_p2    |     *    |      2|  0|   23|          20|          35|
    |mul_ln1118_1474_fu_768_p2    |     *    |      2|  0|   23|          21|          35|
    |mul_ln1118_1475_fu_769_p2    |     *    |      2|  0|   23|          19|          35|
    |mul_ln1118_1476_fu_912_p2    |     *    |      2|  0|   23|          21|          35|
    |mul_ln1118_1477_fu_758_p2    |     *    |      2|  0|   23|          19|          35|
    |mul_ln1118_1478_fu_698_p2    |     *    |      2|  0|   23|          21|          35|
    |mul_ln1118_1479_fu_814_p2    |     *    |      2|  0|   23|          17|          35|
    |mul_ln1118_1480_fu_727_p2    |     *    |      2|  0|   23|          16|          35|
    |mul_ln1118_1481_fu_798_p2    |     *    |      2|  0|   23|          21|          35|
    |mul_ln1118_1482_fu_906_p2    |     *    |      2|  0|   23|          21|          35|
    |mul_ln1118_1483_fu_700_p2    |     *    |      2|  0|   23|          20|          35|
    |mul_ln1118_1484_fu_908_p2    |     *    |      2|  0|   23|          18|          35|
    |mul_ln1118_1485_fu_852_p2    |     *    |      2|  0|   23|          19|          35|
    |mul_ln1118_1486_fu_738_p2    |     *    |      2|  0|   23|          21|          35|
    |mul_ln1118_1487_fu_881_p2    |     *    |      2|  0|   23|          18|          35|
    |mul_ln1118_1488_fu_747_p2    |     *    |      2|  0|   23|          17|          35|
    |mul_ln1118_1489_fu_883_p2    |     *    |      2|  0|   23|          19|          35|
    |mul_ln1118_1490_fu_844_p2    |     *    |      2|  0|   23|          14|          35|
    |mul_ln1118_1491_fu_849_p2    |     *    |      2|  0|   23|          19|          35|
    |mul_ln1118_1492_fu_905_p2    |     *    |      2|  0|   23|          18|          35|
    |mul_ln1118_1493_fu_928_p2    |     *    |      2|  0|   23|          18|          35|
    |mul_ln1118_1494_fu_746_p2    |     *    |      2|  0|   23|          20|          35|
    |mul_ln1118_1495_fu_785_p2    |     *    |      2|  0|   23|          16|          35|
    |mul_ln1118_1496_fu_729_p2    |     *    |      2|  0|   23|          20|          35|
    |mul_ln1118_1497_fu_787_p2    |     *    |      2|  0|   23|          18|          35|
    |mul_ln1118_1498_fu_831_p2    |     *    |      2|  0|   23|          20|          35|
    |mul_ln1118_1499_fu_789_p2    |     *    |      2|  0|   23|          17|          35|
    |mul_ln1118_1500_fu_737_p2    |     *    |      2|  0|   23|          18|          35|
    |mul_ln1118_1501_fu_853_p2    |     *    |      2|  0|   23|          15|          35|
    |mul_ln1118_1502_fu_712_p2    |     *    |      2|  0|   23|          19|          35|
    |mul_ln1118_1503_fu_720_p2    |     *    |      2|  0|   23|          16|          35|
    |mul_ln1118_1504_fu_821_p2    |     *    |      2|  0|   23|          18|          35|
    |mul_ln1118_1505_fu_874_p2    |     *    |      2|  0|   23|          19|          35|
    |mul_ln1118_1506_fu_858_p2    |     *    |      2|  0|   23|          17|          35|
    |mul_ln1118_1507_fu_704_p2    |     *    |      2|  0|   23|          17|          35|
    |mul_ln1118_1508_fu_718_p2    |     *    |      2|  0|   23|          17|          35|
    |mul_ln1118_1509_fu_765_p2    |     *    |      2|  0|   23|          18|          35|
    |mul_ln1118_1510_fu_873_p2    |     *    |      2|  0|   23|          18|          35|
    |mul_ln1118_1511_fu_724_p2    |     *    |      2|  0|   23|          20|          35|
    |mul_ln1118_1512_fu_818_p2    |     *    |      2|  0|   23|          15|          35|
    |mul_ln1118_1513_fu_869_p2    |     *    |      2|  0|   23|          19|          35|
    |mul_ln1118_1514_fu_709_p2    |     *    |      2|  0|   23|          19|          35|
    |mul_ln1118_1515_fu_683_p2    |     *    |      2|  0|   23|          18|          35|
    |mul_ln1118_1516_fu_833_p2    |     *    |      2|  0|   23|          19|          35|
    |mul_ln1118_1517_fu_807_p2    |     *    |      2|  0|   23|          16|          35|
    |mul_ln1118_1518_fu_781_p2    |     *    |      2|  0|   23|          18|          35|
    |mul_ln1118_1519_fu_829_p2    |     *    |      2|  0|   23|          17|          35|
    |mul_ln1118_1520_fu_760_p2    |     *    |      2|  0|   23|          18|          35|
    |mul_ln1118_1521_fu_804_p2    |     *    |      2|  0|   23|          20|          35|
    |mul_ln1118_1522_fu_778_p2    |     *    |      2|  0|   23|          13|          35|
    |mul_ln1118_1523_fu_902_p2    |     *    |      2|  0|   23|          19|          35|
    |mul_ln1118_1524_fu_903_p2    |     *    |      2|  0|   23|          17|          35|
    |mul_ln1118_1525_fu_904_p2    |     *    |      2|  0|   23|          17|          35|
    |mul_ln1118_1526_fu_862_p2    |     *    |      2|  0|   23|          18|          35|
    |mul_ln1118_1527_fu_756_p2    |     *    |      2|  0|   23|          14|          35|
    |mul_ln1118_1528_fu_796_p2    |     *    |      2|  0|   23|          19|          35|
    |mul_ln1118_1529_fu_797_p2    |     *    |      2|  0|   23|          17|          35|
    |mul_ln1118_1530_fu_817_p2    |     *    |      2|  0|   23|          19|          35|
    |mul_ln1118_1531_fu_759_p2    |     *    |      2|  0|   23|          16|          35|
    |mul_ln1118_1532_fu_685_p2    |     *    |      2|  0|   23|          19|          35|
    |mul_ln1118_1533_fu_930_p2    |     *    |      2|  0|   23|          17|          35|
    |mul_ln1118_1534_fu_802_p2    |     *    |      2|  0|   23|          15|          35|
    |mul_ln1118_1535_fu_776_p2    |     *    |      2|  0|   23|          18|          35|
    |mul_ln1118_1536_fu_895_p2    |     *    |      2|  0|   23|          17|          35|
    |mul_ln1118_1537_fu_896_p2    |     *    |      2|  0|   23|          18|          35|
    |mul_ln1118_1538_fu_847_p2    |     *    |      2|  0|   23|          17|          35|
    |mul_ln1118_1539_fu_898_p2    |     *    |      2|  0|   23|          16|          35|
    |mul_ln1118_1540_fu_735_p2    |     *    |      2|  0|   23|          19|          35|
    |mul_ln1118_1541_fu_800_p2    |     *    |      2|  0|   23|          18|          35|
    |mul_ln1118_1542_fu_910_p2    |     *    |      2|  0|   23|          18|          35|
    |mul_ln1118_1543_fu_891_p2    |     *    |      2|  0|   23|          19|          35|
    |mul_ln1118_1544_fu_784_p2    |     *    |      2|  0|   23|          16|          35|
    |mul_ln1118_1545_fu_878_p2    |     *    |      2|  0|   23|          14|          35|
    |mul_ln1118_1546_fu_725_p2    |     *    |      2|  0|   23|          18|          35|
    |mul_ln1118_1547_fu_888_p2    |     *    |      2|  0|   23|          17|          35|
    |mul_ln1118_1548_fu_774_p2    |     *    |      2|  0|   23|          18|          35|
    |mul_ln1118_1549_fu_755_p2    |     *    |      2|  0|   23|          18|          35|
    |mul_ln1118_1550_fu_932_p2    |     *    |      2|  0|   23|          18|          35|
    |mul_ln1118_1551_fu_933_p2    |     *    |      2|  0|   23|          18|          35|
    |mul_ln1118_1552_fu_820_p2    |     *    |      2|  0|   23|          19|          35|
    |mul_ln1118_1553_fu_885_p2    |     *    |      2|  0|   23|          18|          35|
    |mul_ln1118_1554_fu_929_p2    |     *    |      2|  0|   23|          18|          35|
    |mul_ln1118_1555_fu_680_p2    |     *    |      2|  0|   23|          18|          35|
    |mul_ln1118_1556_fu_855_p2    |     *    |      2|  0|   23|          19|          35|
    |mul_ln1118_1557_fu_890_p2    |     *    |      2|  0|   23|          17|          35|
    |mul_ln1118_1558_fu_783_p2    |     *    |      2|  0|   23|          19|          35|
    |mul_ln1118_1559_fu_743_p2    |     *    |      2|  0|   23|          18|          35|
    |mul_ln1118_1560_fu_886_p2    |     *    |      2|  0|   23|          19|          35|
    |mul_ln1118_1561_fu_745_p2    |     *    |      2|  0|   23|          19|          35|
    |mul_ln1118_1562_fu_780_p2    |     *    |      2|  0|   23|          17|          35|
    |mul_ln1118_1563_fu_733_p2    |     *    |      2|  0|   23|          18|          35|
    |mul_ln1118_1564_fu_762_p2    |     *    |      2|  0|   23|          14|          35|
    |mul_ln1118_1565_fu_870_p2    |     *    |      2|  0|   23|          18|          35|
    |mul_ln1118_1566_fu_871_p2    |     *    |      2|  0|   23|          13|          35|
    |mul_ln1118_1567_fu_794_p2    |     *    |      2|  0|   23|          14|          35|
    |mul_ln1118_1568_fu_816_p2    |     *    |      2|  0|   23|          19|          35|
    |mul_ln1118_1569_fu_826_p2    |     *    |      2|  0|   23|          20|          35|
    |mul_ln1118_1570_fu_827_p2    |     *    |      2|  0|   23|          19|          35|
    |mul_ln1118_1571_fu_713_p2    |     *    |      2|  0|   23|          18|          35|
    |mul_ln1118_1572_fu_924_p2    |     *    |      2|  0|   23|          17|          35|
    |mul_ln1118_1573_fu_715_p2    |     *    |      2|  0|   23|          17|          35|
    |mul_ln1118_1574_fu_689_p2    |     *    |      2|  0|   23|          18|          35|
    |mul_ln1118_1575_fu_851_p2    |     *    |      2|  0|   23|          19|          35|
    |mul_ln1118_1576_fu_921_p2    |     *    |      2|  0|   23|          17|          35|
    |mul_ln1118_1577_fu_719_p2    |     *    |      2|  0|   23|          18|          35|
    |mul_ln1118_1578_fu_799_p2    |     *    |      2|  0|   23|          17|          35|
    |mul_ln1118_1579_fu_850_p2    |     *    |      2|  0|   23|          18|          35|
    |mul_ln1118_1580_fu_751_p2    |     *    |      2|  0|   23|          19|          35|
    |mul_ln1118_1581_fu_845_p2    |     *    |      2|  0|   23|          18|          35|
    |mul_ln1118_1582_fu_703_p2    |     *    |      2|  0|   23|          17|          35|
    |mul_ln1118_1583_fu_913_p2    |     *    |      2|  0|   23|          19|          35|
    |mul_ln1118_1584_fu_684_p2    |     *    |      2|  0|   23|          18|          35|
    |mul_ln1118_1585_fu_732_p2    |     *    |      2|  0|   23|          18|          35|
    |mul_ln1118_1586_fu_801_p2    |     *    |      2|  0|   23|          16|          35|
    |mul_ln1118_1587_fu_687_p2    |     *    |      2|  0|   23|          20|          35|
    |mul_ln1118_1588_fu_803_p2    |     *    |      2|  0|   23|          18|          35|
    |mul_ln1118_1589_fu_822_p2    |     *    |      2|  0|   23|          16|          35|
    |mul_ln1118_1590_fu_697_p2    |     *    |      2|  0|   23|          20|          35|
    |mul_ln1118_1591_fu_779_p2    |     *    |      2|  0|   23|          18|          35|
    |mul_ln1118_1592_fu_786_p2    |     *    |      2|  0|   23|          18|          35|
    |mul_ln1118_1593_fu_730_p2    |     *    |      2|  0|   23|          18|          35|
    |mul_ln1118_1594_fu_788_p2    |     *    |      2|  0|   23|          18|          35|
    |mul_ln1118_1595_fu_823_p2    |     *    |      2|  0|   23|          20|          35|
    |mul_ln1118_1596_fu_790_p2    |     *    |      2|  0|   23|          18|          35|
    |mul_ln1118_1597_fu_696_p2    |     *    |      2|  0|   23|          18|          35|
    |mul_ln1118_1598_fu_927_p2    |     *    |      2|  0|   23|          19|          35|
    |mul_ln1118_1599_fu_914_p2    |     *    |      2|  0|   23|          19|          35|
    |mul_ln1118_1600_fu_773_p2    |     *    |      2|  0|   23|          17|          35|
    |mul_ln1118_1601_fu_916_p2    |     *    |      2|  0|   23|          14|          35|
    |mul_ln1118_1602_fu_917_p2    |     *    |      2|  0|   23|          17|          35|
    |mul_ln1118_1603_fu_918_p2    |     *    |      2|  0|   23|          17|          35|
    |mul_ln1118_1604_fu_838_p2    |     *    |      2|  0|   23|          18|          35|
    |mul_ln1118_1605_fu_839_p2    |     *    |      2|  0|   23|          18|          35|
    |mul_ln1118_1606_fu_923_p2    |     *    |      2|  0|   23|          19|          35|
    |mul_ln1118_1607_fu_824_p2    |     *    |      2|  0|   23|          16|          35|
    |mul_ln1118_1608_fu_775_p2    |     *    |      2|  0|   23|          20|          35|
    |mul_ln1118_1609_fu_926_p2    |     *    |      2|  0|   23|          18|          35|
    |mul_ln1118_1610_fu_792_p2    |     *    |      2|  0|   23|          19|          35|
    |mul_ln1118_1611_fu_884_p2    |     *    |      2|  0|   23|          18|          35|
    |mul_ln1118_1612_fu_872_p2    |     *    |      2|  0|   23|          15|          35|
    |mul_ln1118_1613_fu_744_p2    |     *    |      2|  0|   23|          16|          35|
    |mul_ln1118_1614_fu_901_p2    |     *    |      2|  0|   23|          17|          35|
    |mul_ln1118_1615_fu_793_p2    |     *    |      2|  0|   23|          17|          35|
    |mul_ln1118_1616_fu_889_p2    |     *    |      2|  0|   23|          17|          35|
    |mul_ln1118_1617_fu_761_p2    |     *    |      2|  0|   23|          19|          35|
    |mul_ln1118_1618_fu_864_p2    |     *    |      2|  0|   23|          14|          35|
    |mul_ln1118_1619_fu_750_p2    |     *    |      2|  0|   23|          19|          35|
    |mul_ln1118_1620_fu_810_p2    |     *    |      2|  0|   23|          18|          35|
    |mul_ln1118_1621_fu_811_p2    |     *    |      2|  0|   23|          19|          35|
    |mul_ln1118_1622_fu_812_p2    |     *    |      2|  0|   23|          15|          35|
    |mul_ln1118_1623_fu_706_p2    |     *    |      2|  0|   23|          19|          35|
    |mul_ln1118_1624_fu_707_p2    |     *    |      2|  0|   23|          17|          35|
    |mul_ln1118_1625_fu_856_p2    |     *    |      2|  0|   23|          13|          35|
    |mul_ln1118_1626_fu_857_p2    |     *    |      2|  0|   23|          15|          35|
    |mul_ln1118_1627_fu_716_p2    |     *    |      2|  0|   23|          18|          35|
    |mul_ln1118_1628_fu_717_p2    |     *    |      2|  0|   23|          18|          35|
    |mul_ln1118_1629_fu_860_p2    |     *    |      2|  0|   23|          18|          35|
    |mul_ln1118_1630_fu_861_p2    |     *    |      2|  0|   23|          17|          35|
    |mul_ln1118_1631_fu_842_p2    |     *    |      2|  0|   23|          16|          35|
    |mul_ln1118_1632_fu_721_p2    |     *    |      2|  0|   23|          16|          35|
    |mul_ln1118_1633_fu_825_p2    |     *    |      2|  0|   23|          19|          35|
    |mul_ln1118_1634_fu_840_p2    |     *    |      2|  0|   23|          19|          35|
    |mul_ln1118_1635_fu_791_p2    |     *    |      2|  0|   23|          17|          35|
    |mul_ln1118_1636_fu_899_p2    |     *    |      2|  0|   23|          18|          35|
    |mul_ln1118_1637_fu_900_p2    |     *    |      2|  0|   23|          17|          35|
    |mul_ln1118_1638_fu_694_p2    |     *    |      2|  0|   23|          15|          35|
    |mul_ln1118_1639_fu_754_p2    |     *    |      2|  0|   23|          16|          35|
    |mul_ln1118_1640_fu_809_p2    |     *    |      2|  0|   23|          15|          35|
    |mul_ln1118_1641_fu_830_p2    |     *    |      2|  0|   23|          17|          35|
    |mul_ln1118_1642_fu_843_p2    |     *    |      2|  0|   23|          12|          35|
    |mul_ln1118_1643_fu_832_p2    |     *    |      2|  0|   23|          19|          35|
    |mul_ln1118_1644_fu_691_p2    |     *    |      2|  0|   23|          21|          35|
    |mul_ln1118_1645_fu_834_p2    |     *    |      2|  0|   23|          19|          35|
    |mul_ln1118_1646_fu_693_p2    |     *    |      2|  0|   23|          21|          35|
    |mul_ln1118_1647_fu_876_p2    |     *    |      2|  0|   23|          22|          35|
    |mul_ln1118_1648_fu_877_p2    |     *    |      2|  0|   23|          21|          35|
    |mul_ln1118_1649_fu_835_p2    |     *    |      2|  0|   23|          21|          35|
    |mul_ln1118_1650_fu_679_p2    |     *    |      2|  0|   23|          17|          35|
    |mul_ln1118_1651_fu_880_p2    |     *    |      2|  0|   23|          18|          35|
    |mul_ln1118_1652_fu_772_p2    |     *    |      2|  0|   23|          20|          35|
    |mul_ln1118_1653_fu_678_p2    |     *    |      2|  0|   23|          19|          35|
    |mul_ln1118_1654_fu_841_p2    |     *    |      2|  0|   23|          20|          35|
    |mul_ln1118_1655_fu_782_p2    |     *    |      2|  0|   23|          18|          35|
    |mul_ln1118_1656_fu_925_p2    |     *    |      2|  0|   23|          21|          35|
    |mul_ln1118_1657_fu_919_p2    |     *    |      2|  0|   23|          17|          35|
    |mul_ln1118_1658_fu_805_p2    |     *    |      2|  0|   23|          19|          35|
    |mul_ln1118_1659_fu_752_p2    |     *    |      2|  0|   23|          19|          35|
    |mul_ln1118_1660_fu_922_p2    |     *    |      2|  0|   23|          20|          35|
    |mul_ln1118_1661_fu_763_p2    |     *    |      2|  0|   23|          20|          35|
    |mul_ln1118_1662_fu_714_p2    |     *    |      2|  0|   23|          18|          35|
    |mul_ln1118_1663_fu_701_p2    |     *    |      2|  0|   23|          18|          35|
    |mul_ln1118_1664_fu_866_p2    |     *    |      2|  0|   23|          17|          35|
    |mul_ln1118_1665_fu_767_p2    |     *    |      2|  0|   23|          17|          35|
    |mul_ln1118_1666_fu_771_p2    |     *    |      2|  0|   23|          19|          35|
    |mul_ln1118_1667_fu_887_p2    |     *    |      2|  0|   23|          20|          35|
    |mul_ln1118_1668_fu_699_p2    |     *    |      2|  0|   23|          16|          35|
    |mul_ln1118_1669_fu_815_p2    |     *    |      2|  0|   23|          18|          35|
    |mul_ln1118_1670_fu_875_p2    |     *    |      2|  0|   23|          18|          35|
    |mul_ln1118_1671_fu_749_p2    |     *    |      2|  0|   23|          20|          35|
    |mul_ln1118_1672_fu_892_p2    |     *    |      2|  0|   23|          18|          35|
    |mul_ln1118_1673_fu_893_p2    |     *    |      2|  0|   23|          18|          35|
    |mul_ln1118_1674_fu_867_p2    |     *    |      2|  0|   23|          20|          35|
    |mul_ln1118_fu_766_p2         |     *    |      2|  0|   23|          17|          35|
    |acc_10_V_fu_270408_p2        |     +    |      0|  0|   16|          35|          35|
    |acc_11_V_fu_270487_p2        |     +    |      0|  0|   16|          35|          35|
    |acc_12_V_fu_270554_p2        |     +    |      0|  0|   16|          35|          35|
    |acc_13_V_fu_270630_p2        |     +    |      0|  0|   16|          35|          35|
    |acc_14_V_fu_270707_p2        |     +    |      0|  0|   16|          35|          35|
    |acc_15_V_fu_270787_p2        |     +    |      0|  0|   16|          35|          35|
    |acc_1_V_fu_269698_p2         |     +    |      0|  0|   16|          35|          35|
    |acc_2_V_fu_269775_p2         |     +    |      0|  0|   16|          35|          35|
    |acc_3_V_fu_269850_p2         |     +    |      0|  0|   16|          35|          35|
    |acc_4_V_fu_269927_p2         |     +    |      0|  0|   16|          35|          35|
    |acc_5_V_fu_270008_p2         |     +    |      0|  0|   16|          35|          35|
    |acc_6_V_fu_270087_p2         |     +    |      0|  0|   16|          35|          35|
    |acc_7_V_fu_270169_p2         |     +    |      0|  0|   16|          35|          35|
    |acc_8_V_fu_270246_p2         |     +    |      0|  0|   16|          35|          35|
    |acc_9_V_fu_270324_p2         |     +    |      0|  0|   16|          35|          35|
    |add_ln703_1372_fu_269551_p2  |     +    |      0|  0|   16|          35|          35|
    |add_ln703_1373_fu_269556_p2  |     +    |      0|  0|   16|          35|          35|
    |add_ln703_1374_fu_269562_p2  |     +    |      0|  0|   16|          35|          35|
    |add_ln703_1375_fu_268819_p2  |     +    |      0|  0|   33|          33|          33|
    |add_ln703_1376_fu_269571_p2  |     +    |      0|  0|   16|          35|          35|
    |add_ln703_1377_fu_269577_p2  |     +    |      0|  0|   16|          35|          35|
    |add_ln703_1378_fu_268825_p2  |     +    |      0|  0|   33|          33|          33|
    |add_ln703_1379_fu_268831_p2  |     +    |      0|  0|   35|          35|          35|
    |add_ln703_1380_fu_269586_p2  |     +    |      0|  0|   16|          35|          35|
    |add_ln703_1381_fu_268837_p2  |     +    |      0|  0|   34|          34|          34|
    |add_ln703_1382_fu_269594_p2  |     +    |      0|  0|   35|          17|          35|
    |add_ln703_1383_fu_269600_p2  |     +    |      0|  0|   16|          35|          35|
    |add_ln703_1384_fu_269606_p2  |     +    |      0|  0|   16|          35|          35|
    |add_ln703_1385_fu_269612_p2  |     +    |      0|  0|   16|          35|          35|
    |add_ln703_1386_fu_269618_p2  |     +    |      0|  0|   16|          35|          35|
    |add_ln703_1387_fu_268843_p2  |     +    |      0|  0|   32|          32|          32|
    |add_ln703_1388_fu_269627_p2  |     +    |      0|  0|   16|          35|          35|
    |add_ln703_1389_fu_269633_p2  |     +    |      0|  0|   16|          35|          35|
    |add_ln703_1390_fu_268849_p2  |     +    |      0|  0|   34|          34|          34|
    |add_ln703_1391_fu_269642_p2  |     +    |      0|  0|   16|          35|          35|
    |add_ln703_1392_fu_269648_p2  |     +    |      0|  0|   16|          35|          35|
    |add_ln703_1393_fu_269654_p2  |     +    |      0|  0|   16|          35|          35|
    |add_ln703_1394_fu_268855_p2  |     +    |      0|  0|   33|          33|          33|
    |add_ln703_1395_fu_268861_p2  |     +    |      0|  0|   34|          34|          34|
    |add_ln703_1396_fu_269666_p2  |     +    |      0|  0|   16|          35|          35|
    |add_ln703_1397_fu_268867_p2  |     +    |      0|  0|   33|          33|          33|
    |add_ln703_1398_fu_269675_p2  |     +    |      0|  0|   35|          16|          35|
    |add_ln703_1399_fu_269681_p2  |     +    |      0|  0|   16|          35|          35|
    |add_ln703_1400_fu_269686_p2  |     +    |      0|  0|   16|          35|          35|
    |add_ln703_1401_fu_269692_p2  |     +    |      0|  0|   16|          35|          35|
    |add_ln703_1403_fu_269704_p2  |     +    |      0|  0|   16|          35|          35|
    |add_ln703_1404_fu_268873_p2  |     +    |      0|  0|   35|          35|          35|
    |add_ln703_1405_fu_269710_p2  |     +    |      0|  0|   16|          35|          35|
    |add_ln703_1406_fu_269715_p2  |     +    |      0|  0|   16|          35|          35|
    |add_ln703_1407_fu_268879_p2  |     +    |      0|  0|   32|          32|          32|
    |add_ln703_1408_fu_269724_p2  |     +    |      0|  0|   16|          35|          35|
    |add_ln703_1409_fu_269730_p2  |     +    |      0|  0|   16|          35|          35|
    |add_ln703_1410_fu_268885_p2  |     +    |      0|  0|   33|          33|          33|
    |add_ln703_1411_fu_268891_p2  |     +    |      0|  0|   34|          34|          34|
    |add_ln703_1412_fu_269742_p2  |     +    |      0|  0|   16|          35|          35|
    |add_ln703_1413_fu_268897_p2  |     +    |      0|  0|   34|          34|          34|
    |add_ln703_1414_fu_269751_p2  |     +    |      0|  0|   35|          18|          35|
    |add_ln703_1415_fu_269757_p2  |     +    |      0|  0|   16|          35|          35|
    |add_ln703_1416_fu_269763_p2  |     +    |      0|  0|   16|          35|          35|
    |add_ln703_1417_fu_269769_p2  |     +    |      0|  0|   16|          35|          35|
    |add_ln703_1419_fu_269781_p2  |     +    |      0|  0|   16|          35|          35|
    |add_ln703_1420_fu_268903_p2  |     +    |      0|  0|   35|          35|          35|
    |add_ln703_1421_fu_269787_p2  |     +    |      0|  0|   16|          35|          35|
    |add_ln703_1422_fu_269792_p2  |     +    |      0|  0|   16|          35|          35|
    |add_ln703_1423_fu_268909_p2  |     +    |      0|  0|   33|          33|          33|
    |add_ln703_1424_fu_269800_p2  |     +    |      0|  0|   16|          35|          35|
    |add_ln703_1425_fu_269806_p2  |     +    |      0|  0|   16|          35|          35|
    |add_ln703_1426_fu_268915_p2  |     +    |      0|  0|   33|          33|          33|
    |add_ln703_1427_fu_268921_p2  |     +    |      0|  0|   35|          35|          35|
    |add_ln703_1428_fu_269815_p2  |     +    |      0|  0|   16|          35|          35|
    |add_ln703_1429_fu_268927_p2  |     +    |      0|  0|   33|          33|          33|
    |add_ln703_1430_fu_269823_p2  |     +    |      0|  0|   33|          19|          33|
    |add_ln703_1431_fu_269833_p2  |     +    |      0|  0|   16|          35|          35|
    |add_ln703_1432_fu_269838_p2  |     +    |      0|  0|   16|          35|          35|
    |add_ln703_1433_fu_269844_p2  |     +    |      0|  0|   16|          35|          35|
    |add_ln703_1435_fu_269856_p2  |     +    |      0|  0|   16|          35|          35|
    |add_ln703_1436_fu_268933_p2  |     +    |      0|  0|   34|          34|          34|
    |add_ln703_1437_fu_269865_p2  |     +    |      0|  0|   16|          35|          35|
    |add_ln703_1438_fu_268939_p2  |     +    |      0|  0|   34|          34|          34|
    |add_ln703_1439_fu_268945_p2  |     +    |      0|  0|   34|          34|          34|
    |add_ln703_1440_fu_269877_p2  |     +    |      0|  0|   35|          35|          35|
    |add_ln703_1441_fu_269883_p2  |     +    |      0|  0|   16|          35|          35|
    |add_ln703_1442_fu_268951_p2  |     +    |      0|  0|   33|          33|          33|
    |add_ln703_1443_fu_268957_p2  |     +    |      0|  0|   35|          35|          35|
    |add_ln703_1444_fu_269892_p2  |     +    |      0|  0|   16|          35|          35|
    |add_ln703_1445_fu_268963_p2  |     +    |      0|  0|   33|          33|          33|
    |add_ln703_1446_fu_269900_p2  |     +    |      0|  0|   34|          19|          34|
    |add_ln703_1447_fu_269910_p2  |     +    |      0|  0|   16|          35|          35|
    |add_ln703_1448_fu_269915_p2  |     +    |      0|  0|   16|          35|          35|
    |add_ln703_1449_fu_269921_p2  |     +    |      0|  0|   16|          35|          35|
    |add_ln703_1451_fu_268969_p2  |     +    |      0|  0|   34|          34|          34|
    |add_ln703_1452_fu_269936_p2  |     +    |      0|  0|   16|          35|          35|
    |add_ln703_1453_fu_269942_p2  |     +    |      0|  0|   16|          35|          35|
    |add_ln703_1454_fu_268975_p2  |     +    |      0|  0|   33|          33|          33|
    |add_ln703_1455_fu_268981_p2  |     +    |      0|  0|   33|          33|          33|
    |add_ln703_1456_fu_269954_p2  |     +    |      0|  0|   34|          34|          34|
    |add_ln703_1457_fu_269964_p2  |     +    |      0|  0|   16|          35|          35|
    |add_ln703_1458_fu_268987_p2  |     +    |      0|  0|   35|          35|          35|
    |add_ln703_1459_fu_268993_p2  |     +    |      0|  0|   34|          34|          34|
    |add_ln703_1460_fu_269973_p2  |     +    |      0|  0|   16|          35|          35|
    |add_ln703_1461_fu_268999_p2  |     +    |      0|  0|   33|          33|          33|
    |add_ln703_1462_fu_269981_p2  |     +    |      0|  0|   33|          16|          33|
    |add_ln703_1463_fu_269991_p2  |     +    |      0|  0|   16|          35|          35|
    |add_ln703_1464_fu_269996_p2  |     +    |      0|  0|   16|          35|          35|
    |add_ln703_1465_fu_270002_p2  |     +    |      0|  0|   16|          35|          35|
    |add_ln703_1467_fu_269005_p2  |     +    |      0|  0|   34|          34|          34|
    |add_ln703_1468_fu_270017_p2  |     +    |      0|  0|   16|          35|          35|
    |add_ln703_1469_fu_270023_p2  |     +    |      0|  0|   16|          35|          35|
    |add_ln703_1470_fu_270029_p2  |     +    |      0|  0|   16|          35|          35|
    |add_ln703_1471_fu_269011_p2  |     +    |      0|  0|   35|          35|          35|
    |add_ln703_1472_fu_270035_p2  |     +    |      0|  0|   16|          35|          35|
    |add_ln703_1473_fu_270040_p2  |     +    |      0|  0|   16|          35|          35|
    |add_ln703_1474_fu_269017_p2  |     +    |      0|  0|   35|          35|          35|
    |add_ln703_1475_fu_269023_p2  |     +    |      0|  0|   33|          33|          33|
    |add_ln703_1476_fu_270049_p2  |     +    |      0|  0|   16|          35|          35|
    |add_ln703_1477_fu_270054_p2  |     +    |      0|  0|   16|          35|          35|
    |add_ln703_1478_fu_270060_p2  |     +    |      0|  0|   33|          15|          33|
    |add_ln703_1479_fu_270070_p2  |     +    |      0|  0|   35|          35|          35|
    |add_ln703_1480_fu_270075_p2  |     +    |      0|  0|   16|          35|          35|
    |add_ln703_1481_fu_270081_p2  |     +    |      0|  0|   16|          35|          35|
    |add_ln703_1483_fu_269029_p2  |     +    |      0|  0|   34|          34|          34|
    |add_ln703_1484_fu_270096_p2  |     +    |      0|  0|   16|          35|          35|
    |add_ln703_1485_fu_270101_p2  |     +    |      0|  0|   16|          35|          35|
    |add_ln703_1486_fu_269035_p2  |     +    |      0|  0|   32|          32|          32|
    |add_ln703_1487_fu_270110_p2  |     +    |      0|  0|   16|          33|          33|
    |add_ln703_1488_fu_270116_p2  |     +    |      0|  0|   16|          33|          33|
    |add_ln703_1489_fu_270126_p2  |     +    |      0|  0|   16|          35|          35|
    |add_ln703_1490_fu_270132_p2  |     +    |      0|  0|   16|          34|          34|
    |add_ln703_1491_fu_269041_p2  |     +    |      0|  0|   32|          32|          32|
    |add_ln703_1492_fu_270141_p2  |     +    |      0|  0|   16|          34|          34|
    |add_ln703_1493_fu_269047_p2  |     +    |      0|  0|   34|          34|          34|
    |add_ln703_1494_fu_269053_p2  |     +    |      0|  0|   16|          18|          34|
    |add_ln703_1495_fu_269059_p2  |     +    |      0|  0|   16|          34|          34|
    |add_ln703_1496_fu_270157_p2  |     +    |      0|  0|   16|          35|          35|
    |add_ln703_1497_fu_270163_p2  |     +    |      0|  0|   16|          35|          35|
    |add_ln703_1499_fu_269065_p2  |     +    |      0|  0|   34|          34|          34|
    |add_ln703_1500_fu_270178_p2  |     +    |      0|  0|   16|          35|          35|
    |add_ln703_1501_fu_270184_p2  |     +    |      0|  0|   16|          35|          35|
    |add_ln703_1502_fu_270190_p2  |     +    |      0|  0|   16|          35|          35|
    |add_ln703_1503_fu_269071_p2  |     +    |      0|  0|   34|          34|          34|
    |add_ln703_1504_fu_270199_p2  |     +    |      0|  0|   16|          35|          35|
    |add_ln703_1505_fu_270205_p2  |     +    |      0|  0|   16|          35|          35|
    |add_ln703_1506_fu_269077_p2  |     +    |      0|  0|   34|          34|          34|
    |add_ln703_1507_fu_269083_p2  |     +    |      0|  0|   35|          35|          35|
    |add_ln703_1508_fu_270214_p2  |     +    |      0|  0|   16|          35|          35|
    |add_ln703_1509_fu_269089_p2  |     +    |      0|  0|   34|          34|          34|
    |add_ln703_1510_fu_270222_p2  |     +    |      0|  0|   35|          18|          35|
    |add_ln703_1511_fu_270228_p2  |     +    |      0|  0|   16|          35|          35|
    |add_ln703_1512_fu_270234_p2  |     +    |      0|  0|   16|          35|          35|
    |add_ln703_1513_fu_270240_p2  |     +    |      0|  0|   16|          35|          35|
    |add_ln703_1515_fu_270252_p2  |     +    |      0|  0|   16|          35|          35|
    |add_ln703_1516_fu_269095_p2  |     +    |      0|  0|   35|          35|          35|
    |add_ln703_1517_fu_270258_p2  |     +    |      0|  0|   16|          35|          35|
    |add_ln703_1518_fu_269101_p2  |     +    |      0|  0|   33|          33|          33|
    |add_ln703_1519_fu_269107_p2  |     +    |      0|  0|   34|          34|          34|
    |add_ln703_1520_fu_270269_p2  |     +    |      0|  0|   35|          35|          35|
    |add_ln703_1521_fu_270275_p2  |     +    |      0|  0|   16|          35|          35|
    |add_ln703_1522_fu_269113_p2  |     +    |      0|  0|   34|          34|          34|
    |add_ln703_1523_fu_269119_p2  |     +    |      0|  0|   34|          34|          34|
    |add_ln703_1524_fu_270287_p2  |     +    |      0|  0|   16|          35|          35|
    |add_ln703_1525_fu_269125_p2  |     +    |      0|  0|   33|          33|          33|
    |add_ln703_1526_fu_270296_p2  |     +    |      0|  0|   32|          18|          32|
    |add_ln703_1527_fu_270306_p2  |     +    |      0|  0|   16|          35|          35|
    |add_ln703_1528_fu_270312_p2  |     +    |      0|  0|   16|          35|          35|
    |add_ln703_1529_fu_270318_p2  |     +    |      0|  0|   16|          35|          35|
    |add_ln703_1531_fu_270330_p2  |     +    |      0|  0|   16|          35|          35|
    |add_ln703_1532_fu_269131_p2  |     +    |      0|  0|   35|          35|          35|
    |add_ln703_1533_fu_270335_p2  |     +    |      0|  0|   16|          35|          35|
    |add_ln703_1534_fu_269137_p2  |     +    |      0|  0|   34|          34|          34|
    |add_ln703_1535_fu_269143_p2  |     +    |      0|  0|   34|          34|          34|
    |add_ln703_1536_fu_270346_p2  |     +    |      0|  0|   35|          35|          35|
    |add_ln703_1537_fu_270352_p2  |     +    |      0|  0|   16|          35|          35|
    |add_ln703_1538_fu_269149_p2  |     +    |      0|  0|   33|          33|          33|
    |add_ln703_1539_fu_270361_p2  |     +    |      0|  0|   16|          34|          34|
    |add_ln703_1540_fu_270367_p2  |     +    |      0|  0|   16|          34|          34|
    |add_ln703_1541_fu_269155_p2  |     +    |      0|  0|   34|          34|          34|
    |add_ln703_1542_fu_270380_p2  |     +    |      0|  0|   34|          17|          34|
    |add_ln703_1543_fu_270390_p2  |     +    |      0|  0|   35|          35|          35|
    |add_ln703_1544_fu_270396_p2  |     +    |      0|  0|   16|          35|          35|
    |add_ln703_1545_fu_270402_p2  |     +    |      0|  0|   16|          35|          35|
    |add_ln703_1547_fu_269161_p2  |     +    |      0|  0|   34|          34|          34|
    |add_ln703_1548_fu_270417_p2  |     +    |      0|  0|   16|          35|          35|
    |add_ln703_1549_fu_270422_p2  |     +    |      0|  0|   16|          35|          35|
    |add_ln703_1550_fu_270428_p2  |     +    |      0|  0|   16|          35|          35|
    |add_ln703_1551_fu_269167_p2  |     +    |      0|  0|   34|          34|          34|
    |add_ln703_1552_fu_270437_p2  |     +    |      0|  0|   16|          35|          35|
    |add_ln703_1553_fu_270443_p2  |     +    |      0|  0|   16|          35|          35|
    |add_ln703_1554_fu_269173_p2  |     +    |      0|  0|   34|          34|          34|
    |add_ln703_1555_fu_269179_p2  |     +    |      0|  0|   35|          35|          35|
    |add_ln703_1556_fu_270452_p2  |     +    |      0|  0|   16|          35|          35|
    |add_ln703_1557_fu_269185_p2  |     +    |      0|  0|   32|          32|          32|
    |add_ln703_1558_fu_270460_p2  |     +    |      0|  0|   34|          15|          34|
    |add_ln703_1559_fu_270470_p2  |     +    |      0|  0|   16|          35|          35|
    |add_ln703_1560_fu_270475_p2  |     +    |      0|  0|   16|          35|          35|
    |add_ln703_1561_fu_270481_p2  |     +    |      0|  0|   16|          35|          35|
    |add_ln703_1563_fu_270493_p2  |     +    |      0|  0|   16|          35|          35|
    |add_ln703_1564_fu_269191_p2  |     +    |      0|  0|   35|          35|          35|
    |add_ln703_1565_fu_270499_p2  |     +    |      0|  0|   16|          35|          35|
    |add_ln703_1566_fu_270504_p2  |     +    |      0|  0|   16|          35|          35|
    |add_ln703_1567_fu_269197_p2  |     +    |      0|  0|   34|          34|          34|
    |add_ln703_1568_fu_270513_p2  |     +    |      0|  0|   16|          35|          35|
    |add_ln703_1569_fu_270519_p2  |     +    |      0|  0|   16|          35|          35|
    |add_ln703_1570_fu_269203_p2  |     +    |      0|  0|   34|          34|          34|
    |add_ln703_1571_fu_269209_p2  |     +    |      0|  0|   34|          34|          34|
    |add_ln703_1572_fu_270531_p2  |     +    |      0|  0|   16|          35|          35|
    |add_ln703_1573_fu_270537_p2  |     +    |      0|  0|   16|          35|          35|
    |add_ln703_1574_fu_269215_p2  |     +    |      0|  0|   16|          18|          35|
    |add_ln703_1575_fu_269221_p2  |     +    |      0|  0|   16|          35|          35|
    |add_ln703_1576_fu_270543_p2  |     +    |      0|  0|   16|          35|          35|
    |add_ln703_1577_fu_270548_p2  |     +    |      0|  0|   16|          35|          35|
    |add_ln703_1579_fu_269227_p2  |     +    |      0|  0|   34|          34|          34|
    |add_ln703_1580_fu_269233_p2  |     +    |      0|  0|   34|          34|          34|
    |add_ln703_1581_fu_270566_p2  |     +    |      0|  0|   35|          35|          35|
    |add_ln703_1582_fu_270572_p2  |     +    |      0|  0|   16|          35|          35|
    |add_ln703_1583_fu_269239_p2  |     +    |      0|  0|   34|          34|          34|
    |add_ln703_1584_fu_270580_p2  |     +    |      0|  0|   16|          35|          35|
    |add_ln703_1585_fu_270586_p2  |     +    |      0|  0|   16|          35|          35|
    |add_ln703_1586_fu_269245_p2  |     +    |      0|  0|   34|          34|          34|
    |add_ln703_1587_fu_269251_p2  |     +    |      0|  0|   35|          35|          35|
    |add_ln703_1588_fu_270595_p2  |     +    |      0|  0|   16|          35|          35|
    |add_ln703_1589_fu_269257_p2  |     +    |      0|  0|   33|          33|          33|
    |add_ln703_1590_fu_270603_p2  |     +    |      0|  0|   33|          17|          33|
    |add_ln703_1591_fu_270613_p2  |     +    |      0|  0|   16|          35|          35|
    |add_ln703_1592_fu_270618_p2  |     +    |      0|  0|   16|          35|          35|
    |add_ln703_1593_fu_270624_p2  |     +    |      0|  0|   16|          35|          35|
    |add_ln703_1595_fu_270636_p2  |     +    |      0|  0|   16|          35|          35|
    |add_ln703_1596_fu_269263_p2  |     +    |      0|  0|   35|          35|          35|
    |add_ln703_1597_fu_270641_p2  |     +    |      0|  0|   16|          35|          35|
    |add_ln703_1598_fu_269269_p2  |     +    |      0|  0|   34|          34|          34|
    |add_ln703_1599_fu_269275_p2  |     +    |      0|  0|   33|          33|          33|
    |add_ln703_1600_fu_270652_p2  |     +    |      0|  0|   35|          35|          35|
    |add_ln703_1601_fu_270658_p2  |     +    |      0|  0|   16|          35|          35|
    |add_ln703_1602_fu_269281_p2  |     +    |      0|  0|   34|          34|          34|
    |add_ln703_1603_fu_269287_p2  |     +    |      0|  0|   33|          33|          33|
    |add_ln703_1604_fu_270670_p2  |     +    |      0|  0|   16|          35|          35|
    |add_ln703_1605_fu_269293_p2  |     +    |      0|  0|   32|          32|          32|
    |add_ln703_1606_fu_270679_p2  |     +    |      0|  0|   34|          18|          34|
    |add_ln703_1607_fu_270685_p2  |     +    |      0|  0|   16|          34|          34|
    |add_ln703_1608_fu_270691_p2  |     +    |      0|  0|   16|          34|          34|
    |add_ln703_1609_fu_270701_p2  |     +    |      0|  0|   16|          35|          35|
    |add_ln703_1611_fu_269299_p2  |     +    |      0|  0|   33|          33|          33|
    |add_ln703_1612_fu_270716_p2  |     +    |      0|  0|   16|          35|          35|
    |add_ln703_1613_fu_270721_p2  |     +    |      0|  0|   16|          35|          35|
    |add_ln703_1614_fu_270727_p2  |     +    |      0|  0|   16|          35|          35|
    |add_ln703_1615_fu_269305_p2  |     +    |      0|  0|   34|          34|          34|
    |add_ln703_1616_fu_270736_p2  |     +    |      0|  0|   16|          35|          35|
    |add_ln703_1617_fu_270742_p2  |     +    |      0|  0|   16|          35|          35|
    |add_ln703_1618_fu_269311_p2  |     +    |      0|  0|   33|          33|          33|
    |add_ln703_1619_fu_269317_p2  |     +    |      0|  0|   34|          34|          34|
    |add_ln703_1620_fu_270754_p2  |     +    |      0|  0|   16|          35|          35|
    |add_ln703_1621_fu_269323_p2  |     +    |      0|  0|   31|          31|          31|
    |add_ln703_1622_fu_270763_p2  |     +    |      0|  0|   35|          19|          35|
    |add_ln703_1623_fu_270769_p2  |     +    |      0|  0|   16|          35|          35|
    |add_ln703_1624_fu_270775_p2  |     +    |      0|  0|   16|          35|          35|
    |add_ln703_1625_fu_270781_p2  |     +    |      0|  0|   16|          35|          35|
    |add_ln703_fu_268813_p2       |     +    |      0|  0|   33|          33|          33|
    +-----------------------------+----------+-------+---+-----+------------+------------+
    |Total                        |          |    512|  0|11839|       13154|       17787|
    +-----------------------------+----------+-------+---+-----+------------+------------+

    * Multiplexer: 
    +--------------+----+-----------+-----+-----------+
    |     Name     | LUT| Input Size| Bits| Total Bits|
    +--------------+----+-----------+-----+-----------+
    |ap_return_0   |   9|          2|   35|         70|
    |ap_return_1   |   9|          2|   35|         70|
    |ap_return_10  |   9|          2|   35|         70|
    |ap_return_11  |   9|          2|   35|         70|
    |ap_return_12  |   9|          2|   35|         70|
    |ap_return_13  |   9|          2|   35|         70|
    |ap_return_14  |   9|          2|   35|         70|
    |ap_return_15  |   9|          2|   35|         70|
    |ap_return_2   |   9|          2|   35|         70|
    |ap_return_3   |   9|          2|   35|         70|
    |ap_return_4   |   9|          2|   35|         70|
    |ap_return_5   |   9|          2|   35|         70|
    |ap_return_6   |   9|          2|   35|         70|
    |ap_return_7   |   9|          2|   35|         70|
    |ap_return_8   |   9|          2|   35|         70|
    |ap_return_9   |   9|          2|   35|         70|
    +--------------+----+-----------+-----+-----------+
    |Total         | 144|         32|  560|       1120|
    +--------------+----+-----------+-----+-----------+

    * Register: 
    +----------------------------+----+----+-----+-----------+
    |            Name            | FF | LUT| Bits| Const Bits|
    +----------------------------+----+----+-----+-----------+
    |add_ln703_1375_reg_271334   |  33|   0|   33|          0|
    |add_ln703_1378_reg_271339   |  33|   0|   33|          0|
    |add_ln703_1379_reg_271344   |  35|   0|   35|          0|
    |add_ln703_1381_reg_271349   |  34|   0|   34|          0|
    |add_ln703_1387_reg_271354   |  32|   0|   32|          0|
    |add_ln703_1390_reg_271359   |  34|   0|   34|          0|
    |add_ln703_1394_reg_271364   |  33|   0|   33|          0|
    |add_ln703_1395_reg_271369   |  34|   0|   34|          0|
    |add_ln703_1397_reg_271374   |  33|   0|   33|          0|
    |add_ln703_1404_reg_271379   |  35|   0|   35|          0|
    |add_ln703_1407_reg_271384   |  32|   0|   32|          0|
    |add_ln703_1410_reg_271389   |  33|   0|   33|          0|
    |add_ln703_1411_reg_271394   |  34|   0|   34|          0|
    |add_ln703_1413_reg_271399   |  34|   0|   34|          0|
    |add_ln703_1420_reg_271404   |  35|   0|   35|          0|
    |add_ln703_1423_reg_271409   |  33|   0|   33|          0|
    |add_ln703_1426_reg_271414   |  33|   0|   33|          0|
    |add_ln703_1427_reg_271419   |  35|   0|   35|          0|
    |add_ln703_1429_reg_271424   |  33|   0|   33|          0|
    |add_ln703_1436_reg_271429   |  34|   0|   34|          0|
    |add_ln703_1438_reg_271434   |  34|   0|   34|          0|
    |add_ln703_1439_reg_271439   |  34|   0|   34|          0|
    |add_ln703_1442_reg_271444   |  33|   0|   33|          0|
    |add_ln703_1443_reg_271449   |  35|   0|   35|          0|
    |add_ln703_1445_reg_271454   |  33|   0|   33|          0|
    |add_ln703_1451_reg_271459   |  34|   0|   34|          0|
    |add_ln703_1454_reg_271464   |  33|   0|   33|          0|
    |add_ln703_1455_reg_271469   |  33|   0|   33|          0|
    |add_ln703_1458_reg_271474   |  35|   0|   35|          0|
    |add_ln703_1459_reg_271479   |  34|   0|   34|          0|
    |add_ln703_1461_reg_271484   |  33|   0|   33|          0|
    |add_ln703_1467_reg_271489   |  34|   0|   34|          0|
    |add_ln703_1471_reg_271494   |  35|   0|   35|          0|
    |add_ln703_1474_reg_271499   |  35|   0|   35|          0|
    |add_ln703_1475_reg_271504   |  33|   0|   33|          0|
    |add_ln703_1483_reg_271509   |  34|   0|   34|          0|
    |add_ln703_1486_reg_271514   |  32|   0|   32|          0|
    |add_ln703_1491_reg_271519   |  32|   0|   32|          0|
    |add_ln703_1493_reg_271524   |  34|   0|   34|          0|
    |add_ln703_1495_reg_271529   |  34|   0|   34|          0|
    |add_ln703_1499_reg_271534   |  34|   0|   34|          0|
    |add_ln703_1503_reg_271539   |  34|   0|   34|          0|
    |add_ln703_1506_reg_271544   |  34|   0|   34|          0|
    |add_ln703_1507_reg_271549   |  35|   0|   35|          0|
    |add_ln703_1509_reg_271554   |  34|   0|   34|          0|
    |add_ln703_1516_reg_271559   |  35|   0|   35|          0|
    |add_ln703_1518_reg_271564   |  33|   0|   33|          0|
    |add_ln703_1519_reg_271569   |  34|   0|   34|          0|
    |add_ln703_1522_reg_271574   |  34|   0|   34|          0|
    |add_ln703_1523_reg_271579   |  34|   0|   34|          0|
    |add_ln703_1525_reg_271584   |  33|   0|   33|          0|
    |add_ln703_1532_reg_271589   |  35|   0|   35|          0|
    |add_ln703_1534_reg_271594   |  34|   0|   34|          0|
    |add_ln703_1535_reg_271599   |  34|   0|   34|          0|
    |add_ln703_1538_reg_271604   |  33|   0|   33|          0|
    |add_ln703_1541_reg_271609   |  34|   0|   34|          0|
    |add_ln703_1547_reg_271614   |  34|   0|   34|          0|
    |add_ln703_1551_reg_271619   |  34|   0|   34|          0|
    |add_ln703_1554_reg_271624   |  34|   0|   34|          0|
    |add_ln703_1555_reg_271629   |  35|   0|   35|          0|
    |add_ln703_1557_reg_271634   |  32|   0|   32|          0|
    |add_ln703_1564_reg_271639   |  35|   0|   35|          0|
    |add_ln703_1567_reg_271644   |  34|   0|   34|          0|
    |add_ln703_1570_reg_271649   |  34|   0|   34|          0|
    |add_ln703_1571_reg_271654   |  34|   0|   34|          0|
    |add_ln703_1575_reg_271659   |  35|   0|   35|          0|
    |add_ln703_1579_reg_271664   |  34|   0|   34|          0|
    |add_ln703_1580_reg_271669   |  34|   0|   34|          0|
    |add_ln703_1583_reg_271674   |  34|   0|   34|          0|
    |add_ln703_1586_reg_271679   |  34|   0|   34|          0|
    |add_ln703_1587_reg_271684   |  35|   0|   35|          0|
    |add_ln703_1589_reg_271689   |  33|   0|   33|          0|
    |add_ln703_1596_reg_271694   |  35|   0|   35|          0|
    |add_ln703_1598_reg_271699   |  34|   0|   34|          0|
    |add_ln703_1599_reg_271704   |  33|   0|   33|          0|
    |add_ln703_1602_reg_271709   |  34|   0|   34|          0|
    |add_ln703_1603_reg_271714   |  33|   0|   33|          0|
    |add_ln703_1605_reg_271719   |  32|   0|   32|          0|
    |add_ln703_1611_reg_271724   |  33|   0|   33|          0|
    |add_ln703_1615_reg_271729   |  34|   0|   34|          0|
    |add_ln703_1618_reg_271734   |  33|   0|   33|          0|
    |add_ln703_1619_reg_271739   |  34|   0|   34|          0|
    |add_ln703_1621_reg_271744   |  31|   0|   31|          0|
    |add_ln703_reg_271329        |  33|   0|   33|          0|
    |ap_ce_reg                   |   1|   0|    1|          0|
    |ap_return_0_int_reg         |  35|   0|   35|          0|
    |ap_return_10_int_reg        |  35|   0|   35|          0|
    |ap_return_11_int_reg        |  35|   0|   35|          0|
    |ap_return_12_int_reg        |  35|   0|   35|          0|
    |ap_return_13_int_reg        |  35|   0|   35|          0|
    |ap_return_14_int_reg        |  35|   0|   35|          0|
    |ap_return_15_int_reg        |  35|   0|   35|          0|
    |ap_return_1_int_reg         |  35|   0|   35|          0|
    |ap_return_2_int_reg         |  35|   0|   35|          0|
    |ap_return_3_int_reg         |  35|   0|   35|          0|
    |ap_return_4_int_reg         |  35|   0|   35|          0|
    |ap_return_5_int_reg         |  35|   0|   35|          0|
    |ap_return_6_int_reg         |  35|   0|   35|          0|
    |ap_return_7_int_reg         |  35|   0|   35|          0|
    |ap_return_8_int_reg         |  35|   0|   35|          0|
    |ap_return_9_int_reg         |  35|   0|   35|          0|
    |mult_10_V_reg_270909        |  35|   0|   35|          0|
    |mult_14_V_reg_270919        |  35|   0|   35|          0|
    |mult_48_V_reg_270999        |  35|   0|   35|          0|
    |mult_55_V_reg_271019        |  35|   0|   35|          0|
    |mult_59_V_reg_271029        |  35|   0|   35|          0|
    |mult_63_V_reg_271034        |  35|   0|   35|          0|
    |mult_67_V_reg_271049        |  35|   0|   35|          0|
    |mult_77_V_reg_271074        |  35|   0|   35|          0|
    |tmp_1062_reg_271134         |  29|   0|   29|          0|
    |tmp_1076_reg_271144         |  32|   0|   32|          0|
    |tmp_1090_reg_271149         |  32|   0|   32|          0|
    |tmp_1104_reg_271154         |  33|   0|   33|          0|
    |tmp_1119_reg_271159         |  31|   0|   31|          0|
    |tmp_1129_reg_271164         |  33|   0|   33|          0|
    |tmp_1162_reg_271249         |  32|   0|   32|          0|
    |tmp_1163_reg_271274         |  32|   0|   32|          0|
    |tmp_1164_reg_271279         |  33|   0|   33|          0|
    |tmp_1165_reg_271284         |  32|   0|   32|          0|
    |tmp_1166_reg_271289         |  32|   0|   32|          0|
    |tmp_1168_reg_271299         |  31|   0|   31|          0|
    |tmp_1169_reg_271304         |  33|   0|   33|          0|
    |tmp_1170_reg_271309         |  33|   0|   33|          0|
    |tmp_1171_reg_271314         |  32|   0|   32|          0|
    |tmp_1172_reg_271319         |  33|   0|   33|          0|
    |trunc_ln708_240_reg_271194  |  35|   0|   35|          0|
    |trunc_ln708_242_reg_271204  |  35|   0|   35|          0|
    |trunc_ln708_243_reg_271209  |  35|   0|   35|          0|
    |trunc_ln708_244_reg_271214  |  35|   0|   35|          0|
    |trunc_ln708_245_reg_271219  |  35|   0|   35|          0|
    |trunc_ln708_250_reg_271239  |  35|   0|   35|          0|
    |trunc_ln708_252_reg_271244  |  35|   0|   35|          0|
    |trunc_ln708_744_reg_270894  |  33|   0|   33|          0|
    |trunc_ln708_745_reg_270899  |  32|   0|   32|          0|
    |trunc_ln708_746_reg_270904  |  34|   0|   34|          0|
    |trunc_ln708_747_reg_270914  |  34|   0|   34|          0|
    |trunc_ln708_748_reg_270924  |  34|   0|   34|          0|
    |trunc_ln708_749_reg_270929  |  34|   0|   34|          0|
    |trunc_ln708_750_reg_270934  |  34|   0|   34|          0|
    |trunc_ln708_751_reg_270939  |  32|   0|   32|          0|
    |trunc_ln708_752_reg_270944  |  33|   0|   33|          0|
    |trunc_ln708_753_reg_270949  |  29|   0|   29|          0|
    |trunc_ln708_754_reg_270954  |  33|   0|   33|          0|
    |trunc_ln708_755_reg_270959  |  34|   0|   34|          0|
    |trunc_ln708_756_reg_270964  |  34|   0|   34|          0|
    |trunc_ln708_759_reg_270969  |  34|   0|   34|          0|
    |trunc_ln708_760_reg_270974  |  33|   0|   33|          0|
    |trunc_ln708_761_reg_270979  |  34|   0|   34|          0|
    |trunc_ln708_762_reg_270984  |  34|   0|   34|          0|
    |trunc_ln708_765_reg_270989  |  33|   0|   33|          0|
    |trunc_ln708_768_reg_270994  |  34|   0|   34|          0|
    |trunc_ln708_769_reg_271004  |  34|   0|   34|          0|
    |trunc_ln708_772_reg_271009  |  24|   0|   24|          0|
    |trunc_ln708_773_reg_271014  |  34|   0|   34|          0|
    |trunc_ln708_774_reg_271024  |  34|   0|   34|          0|
    |trunc_ln708_777_reg_271039  |  34|   0|   34|          0|
    |trunc_ln708_778_reg_271044  |  34|   0|   34|          0|
    |trunc_ln708_779_reg_271054  |  34|   0|   34|          0|
    |trunc_ln708_780_reg_271059  |  34|   0|   34|          0|
    |trunc_ln708_781_reg_271064  |  34|   0|   34|          0|
    |trunc_ln708_782_reg_271069  |  31|   0|   31|          0|
    |trunc_ln708_783_reg_271079  |  34|   0|   34|          0|
    |trunc_ln708_784_reg_271084  |  31|   0|   31|          0|
    |trunc_ln708_785_reg_271089  |  31|   0|   31|          0|
    |trunc_ln708_786_reg_271094  |  34|   0|   34|          0|
    |trunc_ln708_787_reg_271099  |  34|   0|   34|          0|
    |trunc_ln708_788_reg_271104  |  32|   0|   32|          0|
    |trunc_ln708_789_reg_271109  |  33|   0|   33|          0|
    |trunc_ln708_790_reg_271114  |  34|   0|   34|          0|
    |trunc_ln708_791_reg_271119  |  31|   0|   31|          0|
    |trunc_ln708_792_reg_271124  |  33|   0|   33|          0|
    |trunc_ln708_793_reg_271129  |  33|   0|   33|          0|
    |trunc_ln708_795_reg_271139  |  34|   0|   34|          0|
    |trunc_ln708_813_reg_271169  |  33|   0|   33|          0|
    |trunc_ln708_814_reg_271174  |  34|   0|   34|          0|
    |trunc_ln708_815_reg_271179  |  34|   0|   34|          0|
    |trunc_ln708_816_reg_271184  |  31|   0|   31|          0|
    |trunc_ln708_817_reg_271189  |  34|   0|   34|          0|
    |trunc_ln708_818_reg_271199  |  33|   0|   33|          0|
    |trunc_ln708_819_reg_271224  |  32|   0|   32|          0|
    |trunc_ln708_820_reg_271229  |  34|   0|   34|          0|
    |trunc_ln708_821_reg_271234  |  33|   0|   33|          0|
    |trunc_ln708_823_reg_271254  |  34|   0|   34|          0|
    |trunc_ln708_824_reg_271259  |  34|   0|   34|          0|
    |trunc_ln708_825_reg_271264  |  34|   0|   34|          0|
    |trunc_ln708_826_reg_271269  |  34|   0|   34|          0|
    |trunc_ln708_827_reg_271294  |  34|   0|   34|          0|
    |trunc_ln708_829_reg_271324  |  34|   0|   34|          0|
    |trunc_ln708_s_reg_270889    |  33|   0|   33|          0|
    +----------------------------+----+----+-----+-----------+
    |Total                       |6321|   0| 6321|          0|
    +----------------------------+----+----+-----+-----------+



================================================================
== Interface
================================================================
* Summary: 
+--------------+-----+-----+------------+-------------------------------------------------+--------------+
|   RTL Ports  | Dir | Bits|  Protocol  |                  Source Object                  |    C Type    |
+--------------+-----+-----+------------+-------------------------------------------------+--------------+
|ap_clk        |  in |    1| ap_ctrl_hs | dense_latency.0.0.0.0.0.0.0.0.0.0.0.0.0.0.0.0.0 | return value |
|ap_rst        |  in |    1| ap_ctrl_hs | dense_latency.0.0.0.0.0.0.0.0.0.0.0.0.0.0.0.0.0 | return value |
|ap_return_0   | out |   35| ap_ctrl_hs | dense_latency.0.0.0.0.0.0.0.0.0.0.0.0.0.0.0.0.0 | return value |
|ap_return_1   | out |   35| ap_ctrl_hs | dense_latency.0.0.0.0.0.0.0.0.0.0.0.0.0.0.0.0.0 | return value |
|ap_return_2   | out |   35| ap_ctrl_hs | dense_latency.0.0.0.0.0.0.0.0.0.0.0.0.0.0.0.0.0 | return value |
|ap_return_3   | out |   35| ap_ctrl_hs | dense_latency.0.0.0.0.0.0.0.0.0.0.0.0.0.0.0.0.0 | return value |
|ap_return_4   | out |   35| ap_ctrl_hs | dense_latency.0.0.0.0.0.0.0.0.0.0.0.0.0.0.0.0.0 | return value |
|ap_return_5   | out |   35| ap_ctrl_hs | dense_latency.0.0.0.0.0.0.0.0.0.0.0.0.0.0.0.0.0 | return value |
|ap_return_6   | out |   35| ap_ctrl_hs | dense_latency.0.0.0.0.0.0.0.0.0.0.0.0.0.0.0.0.0 | return value |
|ap_return_7   | out |   35| ap_ctrl_hs | dense_latency.0.0.0.0.0.0.0.0.0.0.0.0.0.0.0.0.0 | return value |
|ap_return_8   | out |   35| ap_ctrl_hs | dense_latency.0.0.0.0.0.0.0.0.0.0.0.0.0.0.0.0.0 | return value |
|ap_return_9   | out |   35| ap_ctrl_hs | dense_latency.0.0.0.0.0.0.0.0.0.0.0.0.0.0.0.0.0 | return value |
|ap_return_10  | out |   35| ap_ctrl_hs | dense_latency.0.0.0.0.0.0.0.0.0.0.0.0.0.0.0.0.0 | return value |
|ap_return_11  | out |   35| ap_ctrl_hs | dense_latency.0.0.0.0.0.0.0.0.0.0.0.0.0.0.0.0.0 | return value |
|ap_return_12  | out |   35| ap_ctrl_hs | dense_latency.0.0.0.0.0.0.0.0.0.0.0.0.0.0.0.0.0 | return value |
|ap_return_13  | out |   35| ap_ctrl_hs | dense_latency.0.0.0.0.0.0.0.0.0.0.0.0.0.0.0.0.0 | return value |
|ap_return_14  | out |   35| ap_ctrl_hs | dense_latency.0.0.0.0.0.0.0.0.0.0.0.0.0.0.0.0.0 | return value |
|ap_return_15  | out |   35| ap_ctrl_hs | dense_latency.0.0.0.0.0.0.0.0.0.0.0.0.0.0.0.0.0 | return value |
|ap_ce         |  in |    1| ap_ctrl_hs | dense_latency.0.0.0.0.0.0.0.0.0.0.0.0.0.0.0.0.0 | return value |
|data_V_read   |  in |  560|   ap_none  |                   data_V_read                   |    scalar    |
+--------------+-----+-----+------------+-------------------------------------------------+--------------+

