

================================================================
== Vivado HLS Report for 'log_softmax_latency_ap_fixed_ap_fixed_softmax_config0_s'
================================================================
* Date:           Tue Apr 26 08:37:22 2022

* Version:        2019.2 (Build 2704478 on Wed Nov 06 22:10:23 MST 2019)
* Project:        myproject_prj
* Solution:       solution1
* Product family: virtexuplus
* Target device:  xcu250-figd2104-2L-e


================================================================
== Performance Estimates
================================================================
+ Timing: 
    * Summary: 
    +--------+---------+----------+------------+
    |  Clock |  Target | Estimated| Uncertainty|
    +--------+---------+----------+------------+
    |ap_clk  | 5.00 ns | 4.157 ns |   0.62 ns  |
    +--------+---------+----------+------------+

+ Latency: 
    * Summary: 
    +---------+---------+-----------+-----------+------+------+---------+
    |  Latency (cycles) |   Latency (absolute)  |   Interval  | Pipeline|
    |   min   |   max   |    min    |    max    |  min |  max |   Type  |
    +---------+---------+-----------+-----------+------+------+---------+
    |     2050|     2050| 10.250 us | 10.250 us |  2050|  2050|   none  |
    +---------+---------+-----------+-----------+------+------+---------+

    + Detail: 
        * Instance: 
        +-----------------------------------------------------------------+------------------------------------------------------+---------+---------+-----------+-----------+------+------+---------+
        |                                                                 |                                                      |  Latency (cycles) |   Latency (absolute)  |   Interval  | Pipeline|
        |                             Instance                            |                        Module                        |   min   |   max   |    min    |    max    |  min |  max |   Type  |
        +-----------------------------------------------------------------+------------------------------------------------------+---------+---------+-----------+-----------+------+------+---------+
        |grp_init_log_table_ap_fixed_16_6_5_3_0_softmax_config0_s_fu_153  |init_log_table_ap_fixed_16_6_5_3_0_softmax_config0_s  |     2047|     2047| 10.235 us | 10.235 us |  2047|  2047|   none  |
        +-----------------------------------------------------------------+------------------------------------------------------+---------+---------+-----------+-----------+------+------+---------+

        * Loop: 
        N/A



================================================================
== Utilization Estimates
================================================================
* Summary: 
+---------------------+---------+-------+---------+---------+------+
|         Name        | BRAM_18K| DSP48E|    FF   |   LUT   | URAM |
+---------------------+---------+-------+---------+---------+------+
|DSP                  |        -|      -|        -|        -|     -|
|Expression           |        -|      -|        0|      149|     -|
|FIFO                 |        -|      -|        -|        -|     -|
|Instance             |        -|     13|     2665|    11969|     -|
|Memory               |       16|      -|        0|        0|     0|
|Multiplexer          |        -|      -|        -|      129|     -|
|Register             |        -|      -|      130|        -|     -|
+---------------------+---------+-------+---------+---------+------+
|Total                |       16|     13|     2795|    12247|     0|
+---------------------+---------+-------+---------+---------+------+
|Available SLR        |     1344|   3072|   864000|   432000|   320|
+---------------------+---------+-------+---------+---------+------+
|Utilization SLR (%)  |        1|   ~0  |    ~0   |        2|     0|
+---------------------+---------+-------+---------+---------+------+
|Available            |     5376|  12288|  3456000|  1728000|  1280|
+---------------------+---------+-------+---------+---------+------+
|Utilization (%)      |    ~0   |   ~0  |    ~0   |    ~0   |     0|
+---------------------+---------+-------+---------+---------+------+

+ Detail: 
    * Instance: 
    +-----------------------------------------------------------------+------------------------------------------------------+---------+-------+------+-------+-----+
    |                             Instance                            |                        Module                        | BRAM_18K| DSP48E|  FF  |  LUT  | URAM|
    +-----------------------------------------------------------------+------------------------------------------------------+---------+-------+------+-------+-----+
    |grp_init_log_table_ap_fixed_16_6_5_3_0_softmax_config0_s_fu_153  |init_log_table_ap_fixed_16_6_5_3_0_softmax_config0_s  |        0|     13|  2665|  11969|    0|
    +-----------------------------------------------------------------+------------------------------------------------------+---------+-------+------+-------+-----+
    |Total                                                            |                                                      |        0|     13|  2665|  11969|    0|
    +-----------------------------------------------------------------+------------------------------------------------------+---------+-------+------+-------+-----+

    * DSP48E: 
    N/A

    * Memory: 
    +--------------+--------------------------------------------------------------+---------+---+----+-----+------+-----+------+-------------+
    |    Memory    |                            Module                            | BRAM_18K| FF| LUT| URAM| Words| Bits| Banks| W*Bits*Banks|
    +--------------+--------------------------------------------------------------+---------+---+----+-----+------+-----+------+-------------+
    |exp_table2_U  |log_softmax_latency_ap_fixed_ap_fixed_softmax_config0_s_edEe  |       12|  0|   0|    0|  4096|   16|     1|        65536|
    |log_table_U   |log_softmax_latency_ap_fixed_ap_fixed_softmax_config0_s_leOg  |        4|  0|   0|    0|  4096|   16|     1|        65536|
    +--------------+--------------------------------------------------------------+---------+---+----+-----+------+-----+------+-------------+
    |Total         |                                                              |       16|  0|   0|    0|  8192|   32|     2|       131072|
    +--------------+--------------------------------------------------------------+---------+---+----+-----+------+-----+------+-------------+

    * FIFO: 
    N/A

    * Expression: 
    +------------------------+----------+-------+---+----+------------+------------+
    |      Variable Name     | Operation| DSP48E| FF| LUT| Bitwidth P0| Bitwidth P1|
    +------------------------+----------+-------+---+----+------------+------------+
    |add_ln703_63_fu_240_p2  |     +    |      0|  0|  16|          16|          16|
    |add_ln703_64_fu_246_p2  |     +    |      0|  0|  16|          16|          16|
    |add_ln703_fu_234_p2     |     +    |      0|  0|  16|          16|          16|
    |exp_sum_V_fu_252_p2     |     +    |      0|  0|  16|          16|          16|
    |sub_ln1193_1_fu_301_p2  |     -    |      0|  0|  17|          17|          17|
    |sub_ln1193_2_fu_322_p2  |     -    |      0|  0|  17|          17|          17|
    |sub_ln1193_3_fu_343_p2  |     -    |      0|  0|  17|          17|          17|
    |sub_ln1193_4_fu_364_p2  |     -    |      0|  0|  17|          17|          17|
    |sub_ln1193_fu_280_p2    |     -    |      0|  0|  17|          17|          17|
    +------------------------+----------+-------+---+----+------------+------------+
    |Total                   |          |      0|  0| 149|         149|         149|
    +------------------------+----------+-------+---+----+------------+------------+

    * Multiplexer: 
    +--------------------+----+-----------+-----+-----------+
    |        Name        | LUT| Input Size| Bits| Total Bits|
    +--------------------+----+-----------+-----+-----------+
    |ap_NS_fsm           |  27|          5|    1|          5|
    |ap_return_0         |   9|          2|   25|         50|
    |ap_return_1         |   9|          2|   25|         50|
    |ap_return_2         |   9|          2|   25|         50|
    |ap_return_3         |   9|          2|   25|         50|
    |ap_return_4         |   9|          2|   25|         50|
    |log_table_address0  |  15|          3|   12|         36|
    |log_table_ce0       |  15|          3|    1|          3|
    |log_table_ce1       |   9|          2|    1|          2|
    |log_table_we0       |   9|          2|    1|          2|
    |log_table_we1       |   9|          2|    1|          2|
    +--------------------+----+-----------+-----+-----------+
    |Total               | 129|         27|  142|        300|
    +--------------------+----+-----------+-----+-----------+

    * Register: 
    +------------------------------------------------------------------------------+----+----+-----+-----------+
    |                                     Name                                     | FF | LUT| Bits| Const Bits|
    +------------------------------------------------------------------------------+----+----+-----+-----------+
    |ap_CS_fsm                                                                     |   4|   0|    4|          0|
    |ap_return_0_preg                                                              |  25|   0|   35|         10|
    |ap_return_1_preg                                                              |  25|   0|   35|         10|
    |ap_return_2_preg                                                              |  25|   0|   35|         10|
    |ap_return_3_preg                                                              |  25|   0|   35|         10|
    |ap_return_4_preg                                                              |  25|   0|   35|         10|
    |grp_init_log_table_ap_fixed_16_6_5_3_0_softmax_config0_s_fu_153_ap_start_reg  |   1|   0|    1|          0|
    +------------------------------------------------------------------------------+----+----+-----+-----------+
    |Total                                                                         | 130|   0|  180|         50|
    +------------------------------------------------------------------------------+----+----+-----+-----------+



================================================================
== Interface
================================================================
* Summary: 
+---------------+-----+-----+------------+--------------------------------------------------------+--------------+
|   RTL Ports   | Dir | Bits|  Protocol  |                      Source Object                     |    C Type    |
+---------------+-----+-----+------------+--------------------------------------------------------+--------------+
|ap_clk         |  in |    1| ap_ctrl_hs | log_softmax_latency<ap_fixed,ap_fixed,softmax_config0> | return value |
|ap_rst         |  in |    1| ap_ctrl_hs | log_softmax_latency<ap_fixed,ap_fixed,softmax_config0> | return value |
|ap_start       |  in |    1| ap_ctrl_hs | log_softmax_latency<ap_fixed,ap_fixed,softmax_config0> | return value |
|ap_done        | out |    1| ap_ctrl_hs | log_softmax_latency<ap_fixed,ap_fixed,softmax_config0> | return value |
|ap_idle        | out |    1| ap_ctrl_hs | log_softmax_latency<ap_fixed,ap_fixed,softmax_config0> | return value |
|ap_ready       | out |    1| ap_ctrl_hs | log_softmax_latency<ap_fixed,ap_fixed,softmax_config0> | return value |
|ap_return_0    | out |   35| ap_ctrl_hs | log_softmax_latency<ap_fixed,ap_fixed,softmax_config0> | return value |
|ap_return_1    | out |   35| ap_ctrl_hs | log_softmax_latency<ap_fixed,ap_fixed,softmax_config0> | return value |
|ap_return_2    | out |   35| ap_ctrl_hs | log_softmax_latency<ap_fixed,ap_fixed,softmax_config0> | return value |
|ap_return_3    | out |   35| ap_ctrl_hs | log_softmax_latency<ap_fixed,ap_fixed,softmax_config0> | return value |
|ap_return_4    | out |   35| ap_ctrl_hs | log_softmax_latency<ap_fixed,ap_fixed,softmax_config0> | return value |
|data_0_V_read  |  in |   16|   ap_none  |                      data_0_V_read                     |    scalar    |
|data_1_V_read  |  in |   16|   ap_none  |                      data_1_V_read                     |    scalar    |
|data_2_V_read  |  in |   16|   ap_none  |                      data_2_V_read                     |    scalar    |
|data_3_V_read  |  in |   16|   ap_none  |                      data_3_V_read                     |    scalar    |
|data_4_V_read  |  in |   16|   ap_none  |                      data_4_V_read                     |    scalar    |
+---------------+-----+-----+------------+--------------------------------------------------------+--------------+

