

================================================================
== Vivado HLS Report for 'transformer'
================================================================
* Date:           Tue Apr 26 08:35:28 2022

* Version:        2019.2 (Build 2704478 on Wed Nov 06 22:10:23 MST 2019)
* Project:        myproject_prj
* Solution:       solution1
* Product family: virtexuplus
* Target device:  xcu250-figd2104-2L-e


================================================================
== Performance Estimates
================================================================
+ Timing: 
    * Summary: 
    +--------+---------+----------+------------+
    |  Clock |  Target | Estimated| Uncertainty|
    +--------+---------+----------+------------+
    |ap_clk  | 5.00 ns | 4.286 ns |   0.62 ns  |
    +--------+---------+----------+------------+

+ Latency: 
    * Summary: 
    +---------+---------+----------+----------+-----+-----+---------+
    |  Latency (cycles) |  Latency (absolute) |  Interval | Pipeline|
    |   min   |   max   |    min   |    max   | min | max |   Type  |
    +---------+---------+----------+----------+-----+-----+---------+
    |      198|      198| 0.990 us | 0.990 us |  198|  198|   none  |
    +---------+---------+----------+----------+-----+-----+---------+

    + Detail: 
        * Instance: 
        +--------------------------------------------------------------------------+---------------------------------------------------------------+---------+---------+----------+----------+-----+-----+----------+
        |                                                                          |                                                               |  Latency (cycles) |  Latency (absolute) |  Interval | Pipeline |
        |                                 Instance                                 |                             Module                            |   min   |   max   |    min   |    max   | min | max |   Type   |
        +--------------------------------------------------------------------------+---------------------------------------------------------------+---------+---------+----------+----------+-----+-----+----------+
        |grp_self_attention_fu_513                                                 |self_attention                                                 |      175|      175| 0.875 us | 0.875 us |  175|  175|   none   |
        |grp_dense_latency_0_0_0_0_0_0_0_0_0_0_0_0_0_0_0_0_0_0_0_0_0_0_0_s_fu_553  |dense_latency_0_0_0_0_0_0_0_0_0_0_0_0_0_0_0_0_0_0_0_0_0_0_0_s  |        1|        1| 5.000 ns | 5.000 ns |    1|    1| function |
        |grp_dense_latency_0_0_0_0_0_0_0_0_0_0_0_0_0_0_0_0_0_fu_723                |dense_latency_0_0_0_0_0_0_0_0_0_0_0_0_0_0_0_0_0                |        1|        1| 5.000 ns | 5.000 ns |    1|    1| function |
        |grp_relu_ap_fixed_ap_fixed_35_15_5_3_0_sigmoid_config1_s_fu_861           |relu_ap_fixed_ap_fixed_35_15_5_3_0_sigmoid_config1_s           |        0|        0|   0 ns   |   0 ns   |    1|    1| function |
        |grp_relu_ap_fixed_ap_fixed_35_15_5_3_0_sigmoid_config0_s_fu_1063          |relu_ap_fixed_ap_fixed_35_15_5_3_0_sigmoid_config0_s           |        0|        0|   0 ns   |   0 ns   |    1|    1| function |
        +--------------------------------------------------------------------------+---------------------------------------------------------------+---------+---------+----------+----------+-----+-----+----------+

        * Loop: 
        N/A



================================================================
== Utilization Estimates
================================================================
* Summary: 
+---------------------+---------+-------+---------+---------+------+
|         Name        | BRAM_18K| DSP48E|    FF   |   LUT   | URAM |
+---------------------+---------+-------+---------+---------+------+
|DSP                  |        -|      -|        -|        -|     -|
|Expression           |        -|      -|        0|     1120|     -|
|FIFO                 |        -|      -|        -|        -|     -|
|Instance             |       13|   4350|    85702|   136181|     0|
|Memory               |        -|      -|        -|        -|     -|
|Multiplexer          |        -|      -|        -|     3937|     -|
|Register             |        -|      -|     8985|        -|     -|
+---------------------+---------+-------+---------+---------+------+
|Total                |       13|   4350|    94687|   141238|     0|
+---------------------+---------+-------+---------+---------+------+
|Available SLR        |     1344|   3072|   864000|   432000|   320|
+---------------------+---------+-------+---------+---------+------+
|Utilization SLR (%)  |    ~0   |    141|       10|       32|     0|
+---------------------+---------+-------+---------+---------+------+
|Available            |     5376|  12288|  3456000|  1728000|  1280|
+---------------------+---------+-------+---------+---------+------+
|Utilization (%)      |    ~0   |     35|        2|        8|     0|
+---------------------+---------+-------+---------+---------+------+

+ Detail: 
    * Instance: 
    +--------------------------------------------------------------------------+---------------------------------------------------------------+---------+-------+-------+-------+-----+
    |                                 Instance                                 |                             Module                            | BRAM_18K| DSP48E|   FF  |  LUT  | URAM|
    +--------------------------------------------------------------------------+---------------------------------------------------------------+---------+-------+-------+-------+-----+
    |grp_dense_latency_0_0_0_0_0_0_0_0_0_0_0_0_0_0_0_0_0_fu_723                |dense_latency_0_0_0_0_0_0_0_0_0_0_0_0_0_0_0_0_0                |        0|   1024|  13007|  26065|    0|
    |grp_dense_latency_0_0_0_0_0_0_0_0_0_0_0_0_0_0_0_0_0_0_0_0_0_0_0_s_fu_553  |dense_latency_0_0_0_0_0_0_0_0_0_0_0_0_0_0_0_0_0_0_0_0_0_0_0_s  |        0|   1024|  15758|  26420|    0|
    |grp_relu_ap_fixed_ap_fixed_35_15_5_3_0_sigmoid_config0_s_fu_1063          |relu_ap_fixed_ap_fixed_35_15_5_3_0_sigmoid_config0_s           |        0|      0|      0|   2560|    0|
    |grp_relu_ap_fixed_ap_fixed_35_15_5_3_0_sigmoid_config1_s_fu_861           |relu_ap_fixed_ap_fixed_35_15_5_3_0_sigmoid_config1_s           |        0|      0|      0|   5120|    0|
    |grp_self_attention_fu_513                                                 |self_attention                                                 |       13|   2302|  56937|  76016|    0|
    +--------------------------------------------------------------------------+---------------------------------------------------------------+---------+-------+-------+-------+-----+
    |Total                                                                     |                                                               |       13|   4350|  85702| 136181|    0|
    +--------------------------------------------------------------------------+---------------------------------------------------------------+---------+-------+-------+-------+-----+

    * DSP48E: 
    N/A

    * Memory: 
    N/A

    * FIFO: 
    N/A

    * Expression: 
    +------------------------------+----------+-------+---+----+------------+------------+
    |         Variable Name        | Operation| DSP48E| FF| LUT| Bitwidth P0| Bitwidth P1|
    +------------------------------+----------+-------+---+----+------------+------------+
    |add_ln703_fu_2865_p2          |     +    |      0|  0|  35|          35|          35|
    |sum_out_flat_10_V_fu_2890_p2  |     +    |      0|  0|  35|          35|          35|
    |sum_out_flat_11_V_fu_2970_p2  |     +    |      0|  0|  35|          35|          35|
    |sum_out_flat_12_V_fu_2895_p2  |     +    |      0|  0|  35|          35|          35|
    |sum_out_flat_13_V_fu_2975_p2  |     +    |      0|  0|  35|          35|          35|
    |sum_out_flat_14_V_fu_2900_p2  |     +    |      0|  0|  35|          35|          35|
    |sum_out_flat_15_V_fu_2980_p2  |     +    |      0|  0|  35|          35|          35|
    |sum_out_flat_16_V_fu_2905_p2  |     +    |      0|  0|  35|          35|          35|
    |sum_out_flat_17_V_fu_2985_p2  |     +    |      0|  0|  35|          35|          35|
    |sum_out_flat_18_V_fu_2910_p2  |     +    |      0|  0|  35|          35|          35|
    |sum_out_flat_19_V_fu_2990_p2  |     +    |      0|  0|  35|          35|          35|
    |sum_out_flat_1_V_fu_2945_p2   |     +    |      0|  0|  35|          35|          35|
    |sum_out_flat_20_V_fu_2915_p2  |     +    |      0|  0|  35|          35|          35|
    |sum_out_flat_21_V_fu_2995_p2  |     +    |      0|  0|  35|          35|          35|
    |sum_out_flat_22_V_fu_2920_p2  |     +    |      0|  0|  35|          35|          35|
    |sum_out_flat_23_V_fu_3000_p2  |     +    |      0|  0|  35|          35|          35|
    |sum_out_flat_24_V_fu_2925_p2  |     +    |      0|  0|  35|          35|          35|
    |sum_out_flat_25_V_fu_3005_p2  |     +    |      0|  0|  35|          35|          35|
    |sum_out_flat_26_V_fu_2930_p2  |     +    |      0|  0|  35|          35|          35|
    |sum_out_flat_27_V_fu_3010_p2  |     +    |      0|  0|  35|          35|          35|
    |sum_out_flat_28_V_fu_2935_p2  |     +    |      0|  0|  35|          35|          35|
    |sum_out_flat_29_V_fu_3015_p2  |     +    |      0|  0|  35|          35|          35|
    |sum_out_flat_2_V_fu_2870_p2   |     +    |      0|  0|  35|          35|          35|
    |sum_out_flat_30_V_fu_2940_p2  |     +    |      0|  0|  35|          35|          35|
    |sum_out_flat_31_V_fu_3020_p2  |     +    |      0|  0|  35|          35|          35|
    |sum_out_flat_3_V_fu_2950_p2   |     +    |      0|  0|  35|          35|          35|
    |sum_out_flat_4_V_fu_2875_p2   |     +    |      0|  0|  35|          35|          35|
    |sum_out_flat_5_V_fu_2955_p2   |     +    |      0|  0|  35|          35|          35|
    |sum_out_flat_6_V_fu_2880_p2   |     +    |      0|  0|  35|          35|          35|
    |sum_out_flat_7_V_fu_2960_p2   |     +    |      0|  0|  35|          35|          35|
    |sum_out_flat_8_V_fu_2885_p2   |     +    |      0|  0|  35|          35|          35|
    |sum_out_flat_9_V_fu_2965_p2   |     +    |      0|  0|  35|          35|          35|
    +------------------------------+----------+-------+---+----+------------+------------+
    |Total                         |          |      0|  0|1120|        1120|        1120|
    +------------------------------+----------+-------+---+----+------------+------------+

    * Multiplexer: 
    +----------------------------------------------------------------------------------------+-----+-----------+-----+-----------+
    |                                          Name                                          | LUT | Input Size| Bits| Total Bits|
    +----------------------------------------------------------------------------------------+-----+-----------+-----+-----------+
    |ap_NS_fsm                                                                               |  117|         25|    1|         25|
    |grp_dense_latency_0_0_0_0_0_0_0_0_0_0_0_0_0_0_0_0_0_0_0_0_0_0_0_s_fu_553_data_V_offset  |   15|          3|    1|          3|
    |grp_dense_latency_0_0_0_0_0_0_0_0_0_0_0_0_0_0_0_0_0_0_0_0_0_0_0_s_fu_553_p_read32       |   15|          3|   35|        105|
    |grp_dense_latency_0_0_0_0_0_0_0_0_0_0_0_0_0_0_0_0_0_0_0_0_0_0_0_s_fu_553_p_read33       |   15|          3|   35|        105|
    |grp_dense_latency_0_0_0_0_0_0_0_0_0_0_0_0_0_0_0_0_0_0_0_0_0_0_0_s_fu_553_p_read34       |   15|          3|   35|        105|
    |grp_dense_latency_0_0_0_0_0_0_0_0_0_0_0_0_0_0_0_0_0_0_0_0_0_0_0_s_fu_553_p_read35       |   15|          3|   35|        105|
    |grp_dense_latency_0_0_0_0_0_0_0_0_0_0_0_0_0_0_0_0_0_0_0_0_0_0_0_s_fu_553_p_read36       |   15|          3|   35|        105|
    |grp_dense_latency_0_0_0_0_0_0_0_0_0_0_0_0_0_0_0_0_0_0_0_0_0_0_0_s_fu_553_p_read37       |   15|          3|   35|        105|
    |grp_dense_latency_0_0_0_0_0_0_0_0_0_0_0_0_0_0_0_0_0_0_0_0_0_0_0_s_fu_553_p_read38       |   15|          3|   35|        105|
    |grp_dense_latency_0_0_0_0_0_0_0_0_0_0_0_0_0_0_0_0_0_0_0_0_0_0_0_s_fu_553_p_read39       |   15|          3|   35|        105|
    |grp_dense_latency_0_0_0_0_0_0_0_0_0_0_0_0_0_0_0_0_0_0_0_0_0_0_0_s_fu_553_p_read40       |   15|          3|   35|        105|
    |grp_dense_latency_0_0_0_0_0_0_0_0_0_0_0_0_0_0_0_0_0_0_0_0_0_0_0_s_fu_553_p_read41       |   15|          3|   35|        105|
    |grp_dense_latency_0_0_0_0_0_0_0_0_0_0_0_0_0_0_0_0_0_0_0_0_0_0_0_s_fu_553_p_read42       |   15|          3|   35|        105|
    |grp_dense_latency_0_0_0_0_0_0_0_0_0_0_0_0_0_0_0_0_0_0_0_0_0_0_0_s_fu_553_p_read43       |   15|          3|   35|        105|
    |grp_dense_latency_0_0_0_0_0_0_0_0_0_0_0_0_0_0_0_0_0_0_0_0_0_0_0_s_fu_553_p_read44       |   15|          3|   35|        105|
    |grp_dense_latency_0_0_0_0_0_0_0_0_0_0_0_0_0_0_0_0_0_0_0_0_0_0_0_s_fu_553_p_read45       |   15|          3|   35|        105|
    |grp_dense_latency_0_0_0_0_0_0_0_0_0_0_0_0_0_0_0_0_0_0_0_0_0_0_0_s_fu_553_p_read46       |   15|          3|   35|        105|
    |grp_dense_latency_0_0_0_0_0_0_0_0_0_0_0_0_0_0_0_0_0_0_0_0_0_0_0_s_fu_553_p_read47       |   15|          3|   35|        105|
    |grp_dense_latency_0_0_0_0_0_0_0_0_0_0_0_0_0_0_0_0_0_0_0_0_0_0_0_s_fu_553_p_read48       |   15|          3|   35|        105|
    |grp_dense_latency_0_0_0_0_0_0_0_0_0_0_0_0_0_0_0_0_0_0_0_0_0_0_0_s_fu_553_p_read49       |   15|          3|   35|        105|
    |grp_dense_latency_0_0_0_0_0_0_0_0_0_0_0_0_0_0_0_0_0_0_0_0_0_0_0_s_fu_553_p_read50       |   15|          3|   35|        105|
    |grp_dense_latency_0_0_0_0_0_0_0_0_0_0_0_0_0_0_0_0_0_0_0_0_0_0_0_s_fu_553_p_read51       |   15|          3|   35|        105|
    |grp_dense_latency_0_0_0_0_0_0_0_0_0_0_0_0_0_0_0_0_0_0_0_0_0_0_0_s_fu_553_p_read52       |   15|          3|   35|        105|
    |grp_dense_latency_0_0_0_0_0_0_0_0_0_0_0_0_0_0_0_0_0_0_0_0_0_0_0_s_fu_553_p_read53       |   15|          3|   35|        105|
    |grp_dense_latency_0_0_0_0_0_0_0_0_0_0_0_0_0_0_0_0_0_0_0_0_0_0_0_s_fu_553_p_read54       |   15|          3|   35|        105|
    |grp_dense_latency_0_0_0_0_0_0_0_0_0_0_0_0_0_0_0_0_0_0_0_0_0_0_0_s_fu_553_p_read55       |   15|          3|   35|        105|
    |grp_dense_latency_0_0_0_0_0_0_0_0_0_0_0_0_0_0_0_0_0_0_0_0_0_0_0_s_fu_553_p_read56       |   15|          3|   35|        105|
    |grp_dense_latency_0_0_0_0_0_0_0_0_0_0_0_0_0_0_0_0_0_0_0_0_0_0_0_s_fu_553_p_read57       |   15|          3|   35|        105|
    |grp_dense_latency_0_0_0_0_0_0_0_0_0_0_0_0_0_0_0_0_0_0_0_0_0_0_0_s_fu_553_p_read58       |   15|          3|   35|        105|
    |grp_dense_latency_0_0_0_0_0_0_0_0_0_0_0_0_0_0_0_0_0_0_0_0_0_0_0_s_fu_553_p_read59       |   15|          3|   35|        105|
    |grp_dense_latency_0_0_0_0_0_0_0_0_0_0_0_0_0_0_0_0_0_0_0_0_0_0_0_s_fu_553_p_read60       |   15|          3|   35|        105|
    |grp_dense_latency_0_0_0_0_0_0_0_0_0_0_0_0_0_0_0_0_0_0_0_0_0_0_0_s_fu_553_p_read61       |   15|          3|   35|        105|
    |grp_dense_latency_0_0_0_0_0_0_0_0_0_0_0_0_0_0_0_0_0_0_0_0_0_0_0_s_fu_553_p_read62       |   15|          3|   35|        105|
    |grp_dense_latency_0_0_0_0_0_0_0_0_0_0_0_0_0_0_0_0_0_0_0_0_0_0_0_s_fu_553_p_read63       |   15|          3|   35|        105|
    |grp_dense_latency_0_0_0_0_0_0_0_0_0_0_0_0_0_0_0_0_0_0_0_0_0_0_0_s_fu_553_p_read64       |   15|          3|   35|        105|
    |grp_dense_latency_0_0_0_0_0_0_0_0_0_0_0_0_0_0_0_0_0_0_0_0_0_0_0_s_fu_553_p_read65       |   15|          3|   35|        105|
    |grp_dense_latency_0_0_0_0_0_0_0_0_0_0_0_0_0_0_0_0_0_0_0_0_0_0_0_s_fu_553_p_read66       |   15|          3|   35|        105|
    |grp_dense_latency_0_0_0_0_0_0_0_0_0_0_0_0_0_0_0_0_0_0_0_0_0_0_0_s_fu_553_p_read67       |   15|          3|   35|        105|
    |grp_dense_latency_0_0_0_0_0_0_0_0_0_0_0_0_0_0_0_0_0_0_0_0_0_0_0_s_fu_553_p_read68       |   15|          3|   35|        105|
    |grp_dense_latency_0_0_0_0_0_0_0_0_0_0_0_0_0_0_0_0_0_0_0_0_0_0_0_s_fu_553_p_read69       |   15|          3|   35|        105|
    |grp_dense_latency_0_0_0_0_0_0_0_0_0_0_0_0_0_0_0_0_0_0_0_0_0_0_0_s_fu_553_p_read70       |   15|          3|   35|        105|
    |grp_dense_latency_0_0_0_0_0_0_0_0_0_0_0_0_0_0_0_0_0_0_0_0_0_0_0_s_fu_553_p_read71       |   15|          3|   35|        105|
    |grp_dense_latency_0_0_0_0_0_0_0_0_0_0_0_0_0_0_0_0_0_0_0_0_0_0_0_s_fu_553_p_read72       |   15|          3|   35|        105|
    |grp_dense_latency_0_0_0_0_0_0_0_0_0_0_0_0_0_0_0_0_0_0_0_0_0_0_0_s_fu_553_p_read73       |   15|          3|   35|        105|
    |grp_dense_latency_0_0_0_0_0_0_0_0_0_0_0_0_0_0_0_0_0_0_0_0_0_0_0_s_fu_553_p_read74       |   15|          3|   35|        105|
    |grp_dense_latency_0_0_0_0_0_0_0_0_0_0_0_0_0_0_0_0_0_0_0_0_0_0_0_s_fu_553_p_read75       |   15|          3|   35|        105|
    |grp_dense_latency_0_0_0_0_0_0_0_0_0_0_0_0_0_0_0_0_0_0_0_0_0_0_0_s_fu_553_p_read76       |   15|          3|   35|        105|
    |grp_dense_latency_0_0_0_0_0_0_0_0_0_0_0_0_0_0_0_0_0_0_0_0_0_0_0_s_fu_553_p_read77       |   15|          3|   35|        105|
    |grp_dense_latency_0_0_0_0_0_0_0_0_0_0_0_0_0_0_0_0_0_0_0_0_0_0_0_s_fu_553_p_read78       |   15|          3|   35|        105|
    |grp_dense_latency_0_0_0_0_0_0_0_0_0_0_0_0_0_0_0_0_0_0_0_0_0_0_0_s_fu_553_p_read79       |   15|          3|   35|        105|
    |grp_dense_latency_0_0_0_0_0_0_0_0_0_0_0_0_0_0_0_0_0_0_0_0_0_0_0_s_fu_553_p_read80       |   15|          3|   35|        105|
    |grp_dense_latency_0_0_0_0_0_0_0_0_0_0_0_0_0_0_0_0_0_0_0_0_0_0_0_s_fu_553_p_read81       |   15|          3|   35|        105|
    |grp_dense_latency_0_0_0_0_0_0_0_0_0_0_0_0_0_0_0_0_0_0_0_0_0_0_0_s_fu_553_p_read82       |   15|          3|   35|        105|
    |grp_dense_latency_0_0_0_0_0_0_0_0_0_0_0_0_0_0_0_0_0_0_0_0_0_0_0_s_fu_553_p_read83       |   15|          3|   35|        105|
    |grp_dense_latency_0_0_0_0_0_0_0_0_0_0_0_0_0_0_0_0_0_0_0_0_0_0_0_s_fu_553_p_read84       |   15|          3|   35|        105|
    |grp_dense_latency_0_0_0_0_0_0_0_0_0_0_0_0_0_0_0_0_0_0_0_0_0_0_0_s_fu_553_p_read85       |   15|          3|   35|        105|
    |grp_dense_latency_0_0_0_0_0_0_0_0_0_0_0_0_0_0_0_0_0_0_0_0_0_0_0_s_fu_553_p_read86       |   15|          3|   35|        105|
    |grp_dense_latency_0_0_0_0_0_0_0_0_0_0_0_0_0_0_0_0_0_0_0_0_0_0_0_s_fu_553_p_read87       |   15|          3|   35|        105|
    |grp_dense_latency_0_0_0_0_0_0_0_0_0_0_0_0_0_0_0_0_0_0_0_0_0_0_0_s_fu_553_p_read88       |   15|          3|   35|        105|
    |grp_dense_latency_0_0_0_0_0_0_0_0_0_0_0_0_0_0_0_0_0_0_0_0_0_0_0_s_fu_553_p_read89       |   15|          3|   35|        105|
    |grp_dense_latency_0_0_0_0_0_0_0_0_0_0_0_0_0_0_0_0_0_0_0_0_0_0_0_s_fu_553_p_read90       |   15|          3|   35|        105|
    |grp_dense_latency_0_0_0_0_0_0_0_0_0_0_0_0_0_0_0_0_0_0_0_0_0_0_0_s_fu_553_p_read91       |   15|          3|   35|        105|
    |grp_dense_latency_0_0_0_0_0_0_0_0_0_0_0_0_0_0_0_0_0_0_0_0_0_0_0_s_fu_553_p_read92       |   15|          3|   35|        105|
    |grp_dense_latency_0_0_0_0_0_0_0_0_0_0_0_0_0_0_0_0_0_0_0_0_0_0_0_s_fu_553_p_read93       |   15|          3|   35|        105|
    |grp_dense_latency_0_0_0_0_0_0_0_0_0_0_0_0_0_0_0_0_0_0_0_0_0_0_0_s_fu_553_p_read94       |   15|          3|   35|        105|
    |grp_dense_latency_0_0_0_0_0_0_0_0_0_0_0_0_0_0_0_0_0_0_0_0_0_0_0_s_fu_553_p_read95       |   15|          3|   35|        105|
    |grp_dense_latency_0_0_0_0_0_0_0_0_0_0_0_0_0_0_0_0_0_0_0_0_0_0_0_s_fu_553_res_V_offset   |   15|          3|    1|          3|
    |grp_dense_latency_0_0_0_0_0_0_0_0_0_0_0_0_0_0_0_0_0_fu_723_data_V_offset                |   15|          3|    1|          3|
    |grp_dense_latency_0_0_0_0_0_0_0_0_0_0_0_0_0_0_0_0_0_fu_723_p_read64                     |   15|          3|   35|        105|
    |grp_dense_latency_0_0_0_0_0_0_0_0_0_0_0_0_0_0_0_0_0_fu_723_p_read65                     |   15|          3|   35|        105|
    |grp_dense_latency_0_0_0_0_0_0_0_0_0_0_0_0_0_0_0_0_0_fu_723_p_read66                     |   15|          3|   35|        105|
    |grp_dense_latency_0_0_0_0_0_0_0_0_0_0_0_0_0_0_0_0_0_fu_723_p_read67                     |   15|          3|   35|        105|
    |grp_dense_latency_0_0_0_0_0_0_0_0_0_0_0_0_0_0_0_0_0_fu_723_p_read68                     |   15|          3|   35|        105|
    |grp_dense_latency_0_0_0_0_0_0_0_0_0_0_0_0_0_0_0_0_0_fu_723_p_read69                     |   15|          3|   35|        105|
    |grp_dense_latency_0_0_0_0_0_0_0_0_0_0_0_0_0_0_0_0_0_fu_723_p_read70                     |   15|          3|   35|        105|
    |grp_dense_latency_0_0_0_0_0_0_0_0_0_0_0_0_0_0_0_0_0_fu_723_p_read71                     |   15|          3|   35|        105|
    |grp_dense_latency_0_0_0_0_0_0_0_0_0_0_0_0_0_0_0_0_0_fu_723_p_read72                     |   15|          3|   35|        105|
    |grp_dense_latency_0_0_0_0_0_0_0_0_0_0_0_0_0_0_0_0_0_fu_723_p_read73                     |   15|          3|   35|        105|
    |grp_dense_latency_0_0_0_0_0_0_0_0_0_0_0_0_0_0_0_0_0_fu_723_p_read74                     |   15|          3|   35|        105|
    |grp_dense_latency_0_0_0_0_0_0_0_0_0_0_0_0_0_0_0_0_0_fu_723_p_read75                     |   15|          3|   35|        105|
    |grp_dense_latency_0_0_0_0_0_0_0_0_0_0_0_0_0_0_0_0_0_fu_723_p_read76                     |   15|          3|   35|        105|
    |grp_dense_latency_0_0_0_0_0_0_0_0_0_0_0_0_0_0_0_0_0_fu_723_p_read77                     |   15|          3|   35|        105|
    |grp_dense_latency_0_0_0_0_0_0_0_0_0_0_0_0_0_0_0_0_0_fu_723_p_read78                     |   15|          3|   35|        105|
    |grp_dense_latency_0_0_0_0_0_0_0_0_0_0_0_0_0_0_0_0_0_fu_723_p_read79                     |   15|          3|   35|        105|
    |grp_dense_latency_0_0_0_0_0_0_0_0_0_0_0_0_0_0_0_0_0_fu_723_p_read80                     |   15|          3|   35|        105|
    |grp_dense_latency_0_0_0_0_0_0_0_0_0_0_0_0_0_0_0_0_0_fu_723_p_read81                     |   15|          3|   35|        105|
    |grp_dense_latency_0_0_0_0_0_0_0_0_0_0_0_0_0_0_0_0_0_fu_723_p_read82                     |   15|          3|   35|        105|
    |grp_dense_latency_0_0_0_0_0_0_0_0_0_0_0_0_0_0_0_0_0_fu_723_p_read83                     |   15|          3|   35|        105|
    |grp_dense_latency_0_0_0_0_0_0_0_0_0_0_0_0_0_0_0_0_0_fu_723_p_read84                     |   15|          3|   35|        105|
    |grp_dense_latency_0_0_0_0_0_0_0_0_0_0_0_0_0_0_0_0_0_fu_723_p_read85                     |   15|          3|   35|        105|
    |grp_dense_latency_0_0_0_0_0_0_0_0_0_0_0_0_0_0_0_0_0_fu_723_p_read86                     |   15|          3|   35|        105|
    |grp_dense_latency_0_0_0_0_0_0_0_0_0_0_0_0_0_0_0_0_0_fu_723_p_read87                     |   15|          3|   35|        105|
    |grp_dense_latency_0_0_0_0_0_0_0_0_0_0_0_0_0_0_0_0_0_fu_723_p_read88                     |   15|          3|   35|        105|
    |grp_dense_latency_0_0_0_0_0_0_0_0_0_0_0_0_0_0_0_0_0_fu_723_p_read89                     |   15|          3|   35|        105|
    |grp_dense_latency_0_0_0_0_0_0_0_0_0_0_0_0_0_0_0_0_0_fu_723_p_read90                     |   15|          3|   35|        105|
    |grp_dense_latency_0_0_0_0_0_0_0_0_0_0_0_0_0_0_0_0_0_fu_723_p_read91                     |   15|          3|   35|        105|
    |grp_dense_latency_0_0_0_0_0_0_0_0_0_0_0_0_0_0_0_0_0_fu_723_p_read92                     |   15|          3|   35|        105|
    |grp_dense_latency_0_0_0_0_0_0_0_0_0_0_0_0_0_0_0_0_0_fu_723_p_read93                     |   15|          3|   35|        105|
    |grp_dense_latency_0_0_0_0_0_0_0_0_0_0_0_0_0_0_0_0_0_fu_723_p_read94                     |   15|          3|   35|        105|
    |grp_dense_latency_0_0_0_0_0_0_0_0_0_0_0_0_0_0_0_0_0_fu_723_p_read95                     |   15|          3|   35|        105|
    |grp_dense_latency_0_0_0_0_0_0_0_0_0_0_0_0_0_0_0_0_0_fu_723_res_V_offset                 |   15|          3|    1|          3|
    |grp_relu_ap_fixed_ap_fixed_35_15_5_3_0_sigmoid_config0_s_fu_1063_data_0_0_V_read        |   15|          3|   35|        105|
    |grp_relu_ap_fixed_ap_fixed_35_15_5_3_0_sigmoid_config0_s_fu_1063_data_0_1_V_read        |   15|          3|   35|        105|
    |grp_relu_ap_fixed_ap_fixed_35_15_5_3_0_sigmoid_config0_s_fu_1063_data_10_0_V_read       |   15|          3|   35|        105|
    |grp_relu_ap_fixed_ap_fixed_35_15_5_3_0_sigmoid_config0_s_fu_1063_data_10_1_V_read       |   15|          3|   35|        105|
    |grp_relu_ap_fixed_ap_fixed_35_15_5_3_0_sigmoid_config0_s_fu_1063_data_11_0_V_read       |   15|          3|   35|        105|
    |grp_relu_ap_fixed_ap_fixed_35_15_5_3_0_sigmoid_config0_s_fu_1063_data_11_1_V_read       |   15|          3|   35|        105|
    |grp_relu_ap_fixed_ap_fixed_35_15_5_3_0_sigmoid_config0_s_fu_1063_data_12_0_V_read       |   15|          3|   35|        105|
    |grp_relu_ap_fixed_ap_fixed_35_15_5_3_0_sigmoid_config0_s_fu_1063_data_12_1_V_read       |   15|          3|   35|        105|
    |grp_relu_ap_fixed_ap_fixed_35_15_5_3_0_sigmoid_config0_s_fu_1063_data_13_0_V_read       |   15|          3|   35|        105|
    |grp_relu_ap_fixed_ap_fixed_35_15_5_3_0_sigmoid_config0_s_fu_1063_data_13_1_V_read       |   15|          3|   35|        105|
    |grp_relu_ap_fixed_ap_fixed_35_15_5_3_0_sigmoid_config0_s_fu_1063_data_14_0_V_read       |   15|          3|   35|        105|
    |grp_relu_ap_fixed_ap_fixed_35_15_5_3_0_sigmoid_config0_s_fu_1063_data_14_1_V_read       |   15|          3|   35|        105|
    |grp_relu_ap_fixed_ap_fixed_35_15_5_3_0_sigmoid_config0_s_fu_1063_data_15_0_V_read       |   15|          3|   35|        105|
    |grp_relu_ap_fixed_ap_fixed_35_15_5_3_0_sigmoid_config0_s_fu_1063_data_15_1_V_read       |   15|          3|   35|        105|
    |grp_relu_ap_fixed_ap_fixed_35_15_5_3_0_sigmoid_config0_s_fu_1063_data_1_0_V_read        |   15|          3|   35|        105|
    |grp_relu_ap_fixed_ap_fixed_35_15_5_3_0_sigmoid_config0_s_fu_1063_data_1_1_V_read        |   15|          3|   35|        105|
    |grp_relu_ap_fixed_ap_fixed_35_15_5_3_0_sigmoid_config0_s_fu_1063_data_2_0_V_read        |   15|          3|   35|        105|
    |grp_relu_ap_fixed_ap_fixed_35_15_5_3_0_sigmoid_config0_s_fu_1063_data_2_1_V_read        |   15|          3|   35|        105|
    |grp_relu_ap_fixed_ap_fixed_35_15_5_3_0_sigmoid_config0_s_fu_1063_data_3_0_V_read        |   15|          3|   35|        105|
    |grp_relu_ap_fixed_ap_fixed_35_15_5_3_0_sigmoid_config0_s_fu_1063_data_3_1_V_read        |   15|          3|   35|        105|
    |grp_relu_ap_fixed_ap_fixed_35_15_5_3_0_sigmoid_config0_s_fu_1063_data_4_0_V_read        |   15|          3|   35|        105|
    |grp_relu_ap_fixed_ap_fixed_35_15_5_3_0_sigmoid_config0_s_fu_1063_data_4_1_V_read        |   15|          3|   35|        105|
    |grp_relu_ap_fixed_ap_fixed_35_15_5_3_0_sigmoid_config0_s_fu_1063_data_5_0_V_read        |   15|          3|   35|        105|
    |grp_relu_ap_fixed_ap_fixed_35_15_5_3_0_sigmoid_config0_s_fu_1063_data_5_1_V_read        |   15|          3|   35|        105|
    |grp_relu_ap_fixed_ap_fixed_35_15_5_3_0_sigmoid_config0_s_fu_1063_data_6_0_V_read        |   15|          3|   35|        105|
    |grp_relu_ap_fixed_ap_fixed_35_15_5_3_0_sigmoid_config0_s_fu_1063_data_6_1_V_read        |   15|          3|   35|        105|
    |grp_relu_ap_fixed_ap_fixed_35_15_5_3_0_sigmoid_config0_s_fu_1063_data_7_0_V_read        |   15|          3|   35|        105|
    |grp_relu_ap_fixed_ap_fixed_35_15_5_3_0_sigmoid_config0_s_fu_1063_data_7_1_V_read        |   15|          3|   35|        105|
    |grp_relu_ap_fixed_ap_fixed_35_15_5_3_0_sigmoid_config0_s_fu_1063_data_8_0_V_read        |   15|          3|   35|        105|
    |grp_relu_ap_fixed_ap_fixed_35_15_5_3_0_sigmoid_config0_s_fu_1063_data_8_1_V_read        |   15|          3|   35|        105|
    |grp_relu_ap_fixed_ap_fixed_35_15_5_3_0_sigmoid_config0_s_fu_1063_data_9_0_V_read        |   15|          3|   35|        105|
    |grp_relu_ap_fixed_ap_fixed_35_15_5_3_0_sigmoid_config0_s_fu_1063_data_9_1_V_read        |   15|          3|   35|        105|
    |grp_relu_ap_fixed_ap_fixed_35_15_5_3_0_sigmoid_config0_s_fu_1063_data_V_offset          |   15|          3|    1|          3|
    |grp_relu_ap_fixed_ap_fixed_35_15_5_3_0_sigmoid_config0_s_fu_1063_res_0_0_V_read         |   15|          3|   35|        105|
    |grp_relu_ap_fixed_ap_fixed_35_15_5_3_0_sigmoid_config0_s_fu_1063_res_0_1_V_read         |   15|          3|   35|        105|
    |grp_relu_ap_fixed_ap_fixed_35_15_5_3_0_sigmoid_config0_s_fu_1063_res_10_0_V_read        |   15|          3|   35|        105|
    |grp_relu_ap_fixed_ap_fixed_35_15_5_3_0_sigmoid_config0_s_fu_1063_res_10_1_V_read        |   15|          3|   35|        105|
    |grp_relu_ap_fixed_ap_fixed_35_15_5_3_0_sigmoid_config0_s_fu_1063_res_11_0_V_read        |   15|          3|   35|        105|
    |grp_relu_ap_fixed_ap_fixed_35_15_5_3_0_sigmoid_config0_s_fu_1063_res_11_1_V_read        |   15|          3|   35|        105|
    |grp_relu_ap_fixed_ap_fixed_35_15_5_3_0_sigmoid_config0_s_fu_1063_res_12_0_V_read        |   15|          3|   35|        105|
    |grp_relu_ap_fixed_ap_fixed_35_15_5_3_0_sigmoid_config0_s_fu_1063_res_12_1_V_read        |   15|          3|   35|        105|
    |grp_relu_ap_fixed_ap_fixed_35_15_5_3_0_sigmoid_config0_s_fu_1063_res_13_0_V_read        |   15|          3|   35|        105|
    |grp_relu_ap_fixed_ap_fixed_35_15_5_3_0_sigmoid_config0_s_fu_1063_res_13_1_V_read        |   15|          3|   35|        105|
    |grp_relu_ap_fixed_ap_fixed_35_15_5_3_0_sigmoid_config0_s_fu_1063_res_14_0_V_read        |   15|          3|   35|        105|
    |grp_relu_ap_fixed_ap_fixed_35_15_5_3_0_sigmoid_config0_s_fu_1063_res_14_1_V_read        |   15|          3|   35|        105|
    |grp_relu_ap_fixed_ap_fixed_35_15_5_3_0_sigmoid_config0_s_fu_1063_res_15_0_V_read        |   15|          3|   35|        105|
    |grp_relu_ap_fixed_ap_fixed_35_15_5_3_0_sigmoid_config0_s_fu_1063_res_15_1_V_read        |   15|          3|   35|        105|
    |grp_relu_ap_fixed_ap_fixed_35_15_5_3_0_sigmoid_config0_s_fu_1063_res_1_0_V_read         |   15|          3|   35|        105|
    |grp_relu_ap_fixed_ap_fixed_35_15_5_3_0_sigmoid_config0_s_fu_1063_res_1_1_V_read         |   15|          3|   35|        105|
    |grp_relu_ap_fixed_ap_fixed_35_15_5_3_0_sigmoid_config0_s_fu_1063_res_2_0_V_read         |   15|          3|   35|        105|
    |grp_relu_ap_fixed_ap_fixed_35_15_5_3_0_sigmoid_config0_s_fu_1063_res_2_1_V_read         |   15|          3|   35|        105|
    |grp_relu_ap_fixed_ap_fixed_35_15_5_3_0_sigmoid_config0_s_fu_1063_res_3_0_V_read         |   15|          3|   35|        105|
    |grp_relu_ap_fixed_ap_fixed_35_15_5_3_0_sigmoid_config0_s_fu_1063_res_3_1_V_read         |   15|          3|   35|        105|
    |grp_relu_ap_fixed_ap_fixed_35_15_5_3_0_sigmoid_config0_s_fu_1063_res_4_0_V_read         |   15|          3|   35|        105|
    |grp_relu_ap_fixed_ap_fixed_35_15_5_3_0_sigmoid_config0_s_fu_1063_res_4_1_V_read         |   15|          3|   35|        105|
    |grp_relu_ap_fixed_ap_fixed_35_15_5_3_0_sigmoid_config0_s_fu_1063_res_5_0_V_read         |   15|          3|   35|        105|
    |grp_relu_ap_fixed_ap_fixed_35_15_5_3_0_sigmoid_config0_s_fu_1063_res_5_1_V_read         |   15|          3|   35|        105|
    |grp_relu_ap_fixed_ap_fixed_35_15_5_3_0_sigmoid_config0_s_fu_1063_res_6_0_V_read         |   15|          3|   35|        105|
    |grp_relu_ap_fixed_ap_fixed_35_15_5_3_0_sigmoid_config0_s_fu_1063_res_6_1_V_read         |   15|          3|   35|        105|
    |grp_relu_ap_fixed_ap_fixed_35_15_5_3_0_sigmoid_config0_s_fu_1063_res_7_0_V_read         |   15|          3|   35|        105|
    |grp_relu_ap_fixed_ap_fixed_35_15_5_3_0_sigmoid_config0_s_fu_1063_res_7_1_V_read         |   15|          3|   35|        105|
    |grp_relu_ap_fixed_ap_fixed_35_15_5_3_0_sigmoid_config0_s_fu_1063_res_8_0_V_read         |   15|          3|   35|        105|
    |grp_relu_ap_fixed_ap_fixed_35_15_5_3_0_sigmoid_config0_s_fu_1063_res_8_1_V_read         |   15|          3|   35|        105|
    |grp_relu_ap_fixed_ap_fixed_35_15_5_3_0_sigmoid_config0_s_fu_1063_res_9_0_V_read         |   15|          3|   35|        105|
    |grp_relu_ap_fixed_ap_fixed_35_15_5_3_0_sigmoid_config0_s_fu_1063_res_9_1_V_read         |   15|          3|   35|        105|
    |grp_relu_ap_fixed_ap_fixed_35_15_5_3_0_sigmoid_config0_s_fu_1063_res_V_offset           |   15|          3|    1|          3|
    |grp_relu_ap_fixed_ap_fixed_35_15_5_3_0_sigmoid_config1_s_fu_861_data_V_offset           |   15|          3|    1|          3|
    |grp_relu_ap_fixed_ap_fixed_35_15_5_3_0_sigmoid_config1_s_fu_861_res_0_0_V_read          |   15|          3|   35|        105|
    |grp_relu_ap_fixed_ap_fixed_35_15_5_3_0_sigmoid_config1_s_fu_861_res_0_1_V_read          |   15|          3|   35|        105|
    |grp_relu_ap_fixed_ap_fixed_35_15_5_3_0_sigmoid_config1_s_fu_861_res_10_0_V_read         |   15|          3|   35|        105|
    |grp_relu_ap_fixed_ap_fixed_35_15_5_3_0_sigmoid_config1_s_fu_861_res_10_1_V_read         |   15|          3|   35|        105|
    |grp_relu_ap_fixed_ap_fixed_35_15_5_3_0_sigmoid_config1_s_fu_861_res_11_0_V_read         |   15|          3|   35|        105|
    |grp_relu_ap_fixed_ap_fixed_35_15_5_3_0_sigmoid_config1_s_fu_861_res_11_1_V_read         |   15|          3|   35|        105|
    |grp_relu_ap_fixed_ap_fixed_35_15_5_3_0_sigmoid_config1_s_fu_861_res_12_0_V_read         |   15|          3|   35|        105|
    |grp_relu_ap_fixed_ap_fixed_35_15_5_3_0_sigmoid_config1_s_fu_861_res_12_1_V_read         |   15|          3|   35|        105|
    |grp_relu_ap_fixed_ap_fixed_35_15_5_3_0_sigmoid_config1_s_fu_861_res_13_0_V_read         |   15|          3|   35|        105|
    |grp_relu_ap_fixed_ap_fixed_35_15_5_3_0_sigmoid_config1_s_fu_861_res_13_1_V_read         |   15|          3|   35|        105|
    |grp_relu_ap_fixed_ap_fixed_35_15_5_3_0_sigmoid_config1_s_fu_861_res_14_0_V_read         |   15|          3|   35|        105|
    |grp_relu_ap_fixed_ap_fixed_35_15_5_3_0_sigmoid_config1_s_fu_861_res_14_1_V_read         |   15|          3|   35|        105|
    |grp_relu_ap_fixed_ap_fixed_35_15_5_3_0_sigmoid_config1_s_fu_861_res_15_0_V_read         |   15|          3|   35|        105|
    |grp_relu_ap_fixed_ap_fixed_35_15_5_3_0_sigmoid_config1_s_fu_861_res_15_1_V_read         |   15|          3|   35|        105|
    |grp_relu_ap_fixed_ap_fixed_35_15_5_3_0_sigmoid_config1_s_fu_861_res_16_0_V_read         |   15|          3|   35|        105|
    |grp_relu_ap_fixed_ap_fixed_35_15_5_3_0_sigmoid_config1_s_fu_861_res_16_1_V_read         |   15|          3|   35|        105|
    |grp_relu_ap_fixed_ap_fixed_35_15_5_3_0_sigmoid_config1_s_fu_861_res_17_0_V_read         |   15|          3|   35|        105|
    |grp_relu_ap_fixed_ap_fixed_35_15_5_3_0_sigmoid_config1_s_fu_861_res_17_1_V_read         |   15|          3|   35|        105|
    |grp_relu_ap_fixed_ap_fixed_35_15_5_3_0_sigmoid_config1_s_fu_861_res_18_0_V_read         |   15|          3|   35|        105|
    |grp_relu_ap_fixed_ap_fixed_35_15_5_3_0_sigmoid_config1_s_fu_861_res_18_1_V_read         |   15|          3|   35|        105|
    |grp_relu_ap_fixed_ap_fixed_35_15_5_3_0_sigmoid_config1_s_fu_861_res_19_0_V_read         |   15|          3|   35|        105|
    |grp_relu_ap_fixed_ap_fixed_35_15_5_3_0_sigmoid_config1_s_fu_861_res_19_1_V_read         |   15|          3|   35|        105|
    |grp_relu_ap_fixed_ap_fixed_35_15_5_3_0_sigmoid_config1_s_fu_861_res_1_0_V_read          |   15|          3|   35|        105|
    |grp_relu_ap_fixed_ap_fixed_35_15_5_3_0_sigmoid_config1_s_fu_861_res_1_1_V_read          |   15|          3|   35|        105|
    |grp_relu_ap_fixed_ap_fixed_35_15_5_3_0_sigmoid_config1_s_fu_861_res_20_0_V_read         |   15|          3|   35|        105|
    |grp_relu_ap_fixed_ap_fixed_35_15_5_3_0_sigmoid_config1_s_fu_861_res_20_1_V_read         |   15|          3|   35|        105|
    |grp_relu_ap_fixed_ap_fixed_35_15_5_3_0_sigmoid_config1_s_fu_861_res_21_0_V_read         |   15|          3|   35|        105|
    |grp_relu_ap_fixed_ap_fixed_35_15_5_3_0_sigmoid_config1_s_fu_861_res_21_1_V_read         |   15|          3|   35|        105|
    |grp_relu_ap_fixed_ap_fixed_35_15_5_3_0_sigmoid_config1_s_fu_861_res_22_0_V_read         |   15|          3|   35|        105|
    |grp_relu_ap_fixed_ap_fixed_35_15_5_3_0_sigmoid_config1_s_fu_861_res_22_1_V_read         |   15|          3|   35|        105|
    |grp_relu_ap_fixed_ap_fixed_35_15_5_3_0_sigmoid_config1_s_fu_861_res_23_0_V_read         |   15|          3|   35|        105|
    |grp_relu_ap_fixed_ap_fixed_35_15_5_3_0_sigmoid_config1_s_fu_861_res_23_1_V_read         |   15|          3|   35|        105|
    |grp_relu_ap_fixed_ap_fixed_35_15_5_3_0_sigmoid_config1_s_fu_861_res_24_0_V_read         |   15|          3|   35|        105|
    |grp_relu_ap_fixed_ap_fixed_35_15_5_3_0_sigmoid_config1_s_fu_861_res_24_1_V_read         |   15|          3|   35|        105|
    |grp_relu_ap_fixed_ap_fixed_35_15_5_3_0_sigmoid_config1_s_fu_861_res_25_0_V_read         |   15|          3|   35|        105|
    |grp_relu_ap_fixed_ap_fixed_35_15_5_3_0_sigmoid_config1_s_fu_861_res_25_1_V_read         |   15|          3|   35|        105|
    |grp_relu_ap_fixed_ap_fixed_35_15_5_3_0_sigmoid_config1_s_fu_861_res_26_0_V_read         |   15|          3|   35|        105|
    |grp_relu_ap_fixed_ap_fixed_35_15_5_3_0_sigmoid_config1_s_fu_861_res_26_1_V_read         |   15|          3|   35|        105|
    |grp_relu_ap_fixed_ap_fixed_35_15_5_3_0_sigmoid_config1_s_fu_861_res_27_0_V_read         |   15|          3|   35|        105|
    |grp_relu_ap_fixed_ap_fixed_35_15_5_3_0_sigmoid_config1_s_fu_861_res_27_1_V_read         |   15|          3|   35|        105|
    |grp_relu_ap_fixed_ap_fixed_35_15_5_3_0_sigmoid_config1_s_fu_861_res_28_0_V_read         |   15|          3|   35|        105|
    |grp_relu_ap_fixed_ap_fixed_35_15_5_3_0_sigmoid_config1_s_fu_861_res_28_1_V_read         |   15|          3|   35|        105|
    |grp_relu_ap_fixed_ap_fixed_35_15_5_3_0_sigmoid_config1_s_fu_861_res_29_0_V_read         |   15|          3|   35|        105|
    |grp_relu_ap_fixed_ap_fixed_35_15_5_3_0_sigmoid_config1_s_fu_861_res_29_1_V_read         |   15|          3|   35|        105|
    |grp_relu_ap_fixed_ap_fixed_35_15_5_3_0_sigmoid_config1_s_fu_861_res_2_0_V_read          |   15|          3|   35|        105|
    |grp_relu_ap_fixed_ap_fixed_35_15_5_3_0_sigmoid_config1_s_fu_861_res_2_1_V_read          |   15|          3|   35|        105|
    |grp_relu_ap_fixed_ap_fixed_35_15_5_3_0_sigmoid_config1_s_fu_861_res_30_0_V_read         |   15|          3|   35|        105|
    |grp_relu_ap_fixed_ap_fixed_35_15_5_3_0_sigmoid_config1_s_fu_861_res_30_1_V_read         |   15|          3|   35|        105|
    |grp_relu_ap_fixed_ap_fixed_35_15_5_3_0_sigmoid_config1_s_fu_861_res_31_0_V_read         |   15|          3|   35|        105|
    |grp_relu_ap_fixed_ap_fixed_35_15_5_3_0_sigmoid_config1_s_fu_861_res_31_1_V_read         |   15|          3|   35|        105|
    |grp_relu_ap_fixed_ap_fixed_35_15_5_3_0_sigmoid_config1_s_fu_861_res_3_0_V_read          |   15|          3|   35|        105|
    |grp_relu_ap_fixed_ap_fixed_35_15_5_3_0_sigmoid_config1_s_fu_861_res_3_1_V_read          |   15|          3|   35|        105|
    |grp_relu_ap_fixed_ap_fixed_35_15_5_3_0_sigmoid_config1_s_fu_861_res_4_0_V_read          |   15|          3|   35|        105|
    |grp_relu_ap_fixed_ap_fixed_35_15_5_3_0_sigmoid_config1_s_fu_861_res_4_1_V_read          |   15|          3|   35|        105|
    |grp_relu_ap_fixed_ap_fixed_35_15_5_3_0_sigmoid_config1_s_fu_861_res_5_0_V_read          |   15|          3|   35|        105|
    |grp_relu_ap_fixed_ap_fixed_35_15_5_3_0_sigmoid_config1_s_fu_861_res_5_1_V_read          |   15|          3|   35|        105|
    |grp_relu_ap_fixed_ap_fixed_35_15_5_3_0_sigmoid_config1_s_fu_861_res_6_0_V_read          |   15|          3|   35|        105|
    |grp_relu_ap_fixed_ap_fixed_35_15_5_3_0_sigmoid_config1_s_fu_861_res_6_1_V_read          |   15|          3|   35|        105|
    |grp_relu_ap_fixed_ap_fixed_35_15_5_3_0_sigmoid_config1_s_fu_861_res_7_0_V_read          |   15|          3|   35|        105|
    |grp_relu_ap_fixed_ap_fixed_35_15_5_3_0_sigmoid_config1_s_fu_861_res_7_1_V_read          |   15|          3|   35|        105|
    |grp_relu_ap_fixed_ap_fixed_35_15_5_3_0_sigmoid_config1_s_fu_861_res_8_0_V_read          |   15|          3|   35|        105|
    |grp_relu_ap_fixed_ap_fixed_35_15_5_3_0_sigmoid_config1_s_fu_861_res_8_1_V_read          |   15|          3|   35|        105|
    |grp_relu_ap_fixed_ap_fixed_35_15_5_3_0_sigmoid_config1_s_fu_861_res_9_0_V_read          |   15|          3|   35|        105|
    |grp_relu_ap_fixed_ap_fixed_35_15_5_3_0_sigmoid_config1_s_fu_861_res_9_1_V_read          |   15|          3|   35|        105|
    |grp_relu_ap_fixed_ap_fixed_35_15_5_3_0_sigmoid_config1_s_fu_861_res_V_offset            |   15|          3|    1|          3|
    |res_V_address0                                                                          |   85|         17|    5|         85|
    |res_V_address1                                                                          |   85|         17|    5|         85|
    |res_V_d0                                                                                |   85|         17|   35|        595|
    |res_V_d1                                                                                |   85|         17|   35|        595|
    +----------------------------------------------------------------------------------------+-----+-----------+-----+-----------+
    |Total                                                                                   | 3937|        789| 7929|      24929|
    +----------------------------------------------------------------------------------------+-----+-----------+-----+-----------+

    * Register: 
    +----------------------------------------+----+----+-----+-----------+
    |                  Name                  | FF | LUT| Bits| Const Bits|
    +----------------------------------------+----+----+-----+-----------+
    |add_ln703_reg_3777                      |  35|   0|   35|          0|
    |ap_CS_fsm                               |  24|   0|   24|          0|
    |dense0_out_0_0_V_reg_3297               |  35|   0|   35|          0|
    |dense0_out_0_1_V_reg_3302               |  35|   0|   35|          0|
    |dense0_out_10_0_V_reg_3397              |  35|   0|   35|          0|
    |dense0_out_10_1_V_reg_3402              |  35|   0|   35|          0|
    |dense0_out_11_0_V_reg_3407              |  35|   0|   35|          0|
    |dense0_out_11_1_V_reg_3412              |  35|   0|   35|          0|
    |dense0_out_12_0_V_reg_3417              |  35|   0|   35|          0|
    |dense0_out_12_1_V_reg_3422              |  35|   0|   35|          0|
    |dense0_out_13_0_V_reg_3427              |  35|   0|   35|          0|
    |dense0_out_13_1_V_reg_3432              |  35|   0|   35|          0|
    |dense0_out_14_0_V_reg_3437              |  35|   0|   35|          0|
    |dense0_out_14_1_V_reg_3442              |  35|   0|   35|          0|
    |dense0_out_15_0_V_reg_3447              |  35|   0|   35|          0|
    |dense0_out_15_1_V_reg_3452              |  35|   0|   35|          0|
    |dense0_out_16_0_V_reg_3457              |  35|   0|   35|          0|
    |dense0_out_16_1_V_reg_3462              |  35|   0|   35|          0|
    |dense0_out_17_0_V_reg_3467              |  35|   0|   35|          0|
    |dense0_out_17_1_V_reg_3472              |  35|   0|   35|          0|
    |dense0_out_18_0_V_reg_3477              |  35|   0|   35|          0|
    |dense0_out_18_1_V_reg_3482              |  35|   0|   35|          0|
    |dense0_out_19_0_V_reg_3487              |  35|   0|   35|          0|
    |dense0_out_19_1_V_reg_3492              |  35|   0|   35|          0|
    |dense0_out_1_0_V_reg_3307               |  35|   0|   35|          0|
    |dense0_out_1_1_V_reg_3312               |  35|   0|   35|          0|
    |dense0_out_20_0_V_reg_3497              |  35|   0|   35|          0|
    |dense0_out_20_1_V_reg_3502              |  35|   0|   35|          0|
    |dense0_out_21_0_V_reg_3507              |  35|   0|   35|          0|
    |dense0_out_21_1_V_reg_3512              |  35|   0|   35|          0|
    |dense0_out_22_0_V_reg_3517              |  35|   0|   35|          0|
    |dense0_out_22_1_V_reg_3522              |  35|   0|   35|          0|
    |dense0_out_23_0_V_reg_3527              |  35|   0|   35|          0|
    |dense0_out_23_1_V_reg_3532              |  35|   0|   35|          0|
    |dense0_out_24_0_V_reg_3537              |  35|   0|   35|          0|
    |dense0_out_24_1_V_reg_3542              |  35|   0|   35|          0|
    |dense0_out_25_0_V_reg_3547              |  35|   0|   35|          0|
    |dense0_out_25_1_V_reg_3552              |  35|   0|   35|          0|
    |dense0_out_26_0_V_reg_3557              |  35|   0|   35|          0|
    |dense0_out_26_1_V_reg_3562              |  35|   0|   35|          0|
    |dense0_out_27_0_V_reg_3567              |  35|   0|   35|          0|
    |dense0_out_27_1_V_reg_3572              |  35|   0|   35|          0|
    |dense0_out_28_0_V_reg_3577              |  35|   0|   35|          0|
    |dense0_out_28_1_V_reg_3582              |  35|   0|   35|          0|
    |dense0_out_29_0_V_reg_3587              |  35|   0|   35|          0|
    |dense0_out_29_1_V_reg_3592              |  35|   0|   35|          0|
    |dense0_out_2_0_V_reg_3317               |  35|   0|   35|          0|
    |dense0_out_2_1_V_reg_3322               |  35|   0|   35|          0|
    |dense0_out_30_0_V_reg_3597              |  35|   0|   35|          0|
    |dense0_out_30_1_V_reg_3602              |  35|   0|   35|          0|
    |dense0_out_31_0_V_reg_3607              |  35|   0|   35|          0|
    |dense0_out_31_1_V_reg_3612              |  35|   0|   35|          0|
    |dense0_out_3_0_V_reg_3327               |  35|   0|   35|          0|
    |dense0_out_3_1_V_reg_3332               |  35|   0|   35|          0|
    |dense0_out_4_0_V_reg_3337               |  35|   0|   35|          0|
    |dense0_out_4_1_V_reg_3342               |  35|   0|   35|          0|
    |dense0_out_5_0_V_reg_3347               |  35|   0|   35|          0|
    |dense0_out_5_1_V_reg_3352               |  35|   0|   35|          0|
    |dense0_out_6_0_V_reg_3357               |  35|   0|   35|          0|
    |dense0_out_6_1_V_reg_3362               |  35|   0|   35|          0|
    |dense0_out_7_0_V_reg_3367               |  35|   0|   35|          0|
    |dense0_out_7_1_V_reg_3372               |  35|   0|   35|          0|
    |dense0_out_8_0_V_reg_3377               |  35|   0|   35|          0|
    |dense0_out_8_1_V_reg_3382               |  35|   0|   35|          0|
    |dense0_out_9_0_V_reg_3387               |  35|   0|   35|          0|
    |dense0_out_9_1_V_reg_3392               |  35|   0|   35|          0|
    |dense1_out_0_1_reg_3622                 |  35|   0|   35|          0|
    |dense1_out_10_1_reg_3722                |  35|   0|   35|          0|
    |dense1_out_10_reg_3727                  |  35|   0|   35|          0|
    |dense1_out_11_1_reg_3732                |  35|   0|   35|          0|
    |dense1_out_11_reg_3737                  |  35|   0|   35|          0|
    |dense1_out_12_1_reg_3742                |  35|   0|   35|          0|
    |dense1_out_12_reg_3747                  |  35|   0|   35|          0|
    |dense1_out_13_1_reg_3752                |  35|   0|   35|          0|
    |dense1_out_13_reg_3757                  |  35|   0|   35|          0|
    |dense1_out_14_1_reg_3762                |  35|   0|   35|          0|
    |dense1_out_14_reg_3767                  |  35|   0|   35|          0|
    |dense1_out_15_1_reg_3772                |  35|   0|   35|          0|
    |dense1_out_1_1_reg_3632                 |  35|   0|   35|          0|
    |dense1_out_1_reg_3627                   |  35|   0|   35|          0|
    |dense1_out_2_1_reg_3642                 |  35|   0|   35|          0|
    |dense1_out_2_reg_3637                   |  35|   0|   35|          0|
    |dense1_out_3_1_reg_3652                 |  35|   0|   35|          0|
    |dense1_out_3_reg_3647                   |  35|   0|   35|          0|
    |dense1_out_4_1_reg_3662                 |  35|   0|   35|          0|
    |dense1_out_4_reg_3657                   |  35|   0|   35|          0|
    |dense1_out_5_1_reg_3672                 |  35|   0|   35|          0|
    |dense1_out_5_reg_3667                   |  35|   0|   35|          0|
    |dense1_out_6_1_reg_3682                 |  35|   0|   35|          0|
    |dense1_out_6_reg_3677                   |  35|   0|   35|          0|
    |dense1_out_7_1_reg_3692                 |  35|   0|   35|          0|
    |dense1_out_7_reg_3687                   |  35|   0|   35|          0|
    |dense1_out_8_1_reg_3702                 |  35|   0|   35|          0|
    |dense1_out_8_reg_3697                   |  35|   0|   35|          0|
    |dense1_out_9_1_reg_3712                 |  35|   0|   35|          0|
    |dense1_out_9_reg_3707                   |  35|   0|   35|          0|
    |dense1_out_reg_3617                     |  35|   0|   35|          0|
    |dense1_out_s_reg_3717                   |  35|   0|   35|          0|
    |grp_self_attention_fu_513_ap_start_reg  |   1|   0|    1|          0|
    |reg_1873                                |  35|   0|   35|          0|
    |reg_1879                                |  35|   0|   35|          0|
    |reg_1885                                |  35|   0|   35|          0|
    |reg_1891                                |  35|   0|   35|          0|
    |reg_1897                                |  35|   0|   35|          0|
    |reg_1903                                |  35|   0|   35|          0|
    |reg_1909                                |  35|   0|   35|          0|
    |reg_1915                                |  35|   0|   35|          0|
    |reg_1921                                |  35|   0|   35|          0|
    |reg_1927                                |  35|   0|   35|          0|
    |reg_1933                                |  35|   0|   35|          0|
    |reg_1939                                |  35|   0|   35|          0|
    |reg_1945                                |  35|   0|   35|          0|
    |reg_1951                                |  35|   0|   35|          0|
    |reg_1957                                |  35|   0|   35|          0|
    |reg_1963                                |  35|   0|   35|          0|
    |reg_1969                                |  35|   0|   35|          0|
    |reg_1975                                |  35|   0|   35|          0|
    |reg_1981                                |  35|   0|   35|          0|
    |reg_1987                                |  35|   0|   35|          0|
    |reg_1993                                |  35|   0|   35|          0|
    |reg_1999                                |  35|   0|   35|          0|
    |reg_2005                                |  35|   0|   35|          0|
    |reg_2011                                |  35|   0|   35|          0|
    |reg_2017                                |  35|   0|   35|          0|
    |reg_2023                                |  35|   0|   35|          0|
    |reg_2029                                |  35|   0|   35|          0|
    |reg_2035                                |  35|   0|   35|          0|
    |reg_2041                                |  35|   0|   35|          0|
    |reg_2047                                |  35|   0|   35|          0|
    |reg_2053                                |  35|   0|   35|          0|
    |reg_2059                                |  35|   0|   35|          0|
    |reg_2065                                |  35|   0|   35|          0|
    |reg_2071                                |  35|   0|   35|          0|
    |reg_2077                                |  35|   0|   35|          0|
    |reg_2083                                |  35|   0|   35|          0|
    |reg_2089                                |  35|   0|   35|          0|
    |reg_2095                                |  35|   0|   35|          0|
    |reg_2101                                |  35|   0|   35|          0|
    |reg_2107                                |  35|   0|   35|          0|
    |reg_2113                                |  35|   0|   35|          0|
    |reg_2119                                |  35|   0|   35|          0|
    |reg_2125                                |  35|   0|   35|          0|
    |reg_2131                                |  35|   0|   35|          0|
    |reg_2137                                |  35|   0|   35|          0|
    |reg_2143                                |  35|   0|   35|          0|
    |reg_2149                                |  35|   0|   35|          0|
    |reg_2155                                |  35|   0|   35|          0|
    |reg_2161                                |  35|   0|   35|          0|
    |reg_2167                                |  35|   0|   35|          0|
    |reg_2173                                |  35|   0|   35|          0|
    |reg_2179                                |  35|   0|   35|          0|
    |reg_2185                                |  35|   0|   35|          0|
    |reg_2191                                |  35|   0|   35|          0|
    |reg_2197                                |  35|   0|   35|          0|
    |reg_2203                                |  35|   0|   35|          0|
    |reg_2209                                |  35|   0|   35|          0|
    |reg_2215                                |  35|   0|   35|          0|
    |reg_2221                                |  35|   0|   35|          0|
    |reg_2227                                |  35|   0|   35|          0|
    |reg_2233                                |  35|   0|   35|          0|
    |reg_2239                                |  35|   0|   35|          0|
    |reg_2245                                |  35|   0|   35|          0|
    |reg_2251                                |  35|   0|   35|          0|
    |reg_2257                                |  35|   0|   35|          0|
    |reg_2263                                |  35|   0|   35|          0|
    |reg_2269                                |  35|   0|   35|          0|
    |reg_2275                                |  35|   0|   35|          0|
    |reg_2281                                |  35|   0|   35|          0|
    |reg_2287                                |  35|   0|   35|          0|
    |reg_2293                                |  35|   0|   35|          0|
    |reg_2299                                |  35|   0|   35|          0|
    |reg_2305                                |  35|   0|   35|          0|
    |reg_2311                                |  35|   0|   35|          0|
    |reg_2317                                |  35|   0|   35|          0|
    |reg_2323                                |  35|   0|   35|          0|
    |reg_2329                                |  35|   0|   35|          0|
    |reg_2335                                |  35|   0|   35|          0|
    |reg_2341                                |  35|   0|   35|          0|
    |reg_2347                                |  35|   0|   35|          0|
    |reg_2353                                |  35|   0|   35|          0|
    |reg_2359                                |  35|   0|   35|          0|
    |reg_2365                                |  35|   0|   35|          0|
    |reg_2371                                |  35|   0|   35|          0|
    |reg_2377                                |  35|   0|   35|          0|
    |reg_2383                                |  35|   0|   35|          0|
    |reg_2389                                |  35|   0|   35|          0|
    |reg_2395                                |  35|   0|   35|          0|
    |reg_2401                                |  35|   0|   35|          0|
    |reg_2407                                |  35|   0|   35|          0|
    |reg_2413                                |  35|   0|   35|          0|
    |reg_2419                                |  35|   0|   35|          0|
    |reg_2425                                |  35|   0|   35|          0|
    |reg_2431                                |  35|   0|   35|          0|
    |reg_2437                                |  35|   0|   35|          0|
    |reg_2443                                |  35|   0|   35|          0|
    |self_attention_out_0_V_reg_3105         |  35|   0|   35|          0|
    |self_attention_out_10_V_reg_3165        |  35|   0|   35|          0|
    |self_attention_out_11_V_reg_3171        |  35|   0|   35|          0|
    |self_attention_out_12_V_reg_3177        |  35|   0|   35|          0|
    |self_attention_out_13_V_reg_3183        |  35|   0|   35|          0|
    |self_attention_out_14_V_reg_3189        |  35|   0|   35|          0|
    |self_attention_out_15_V_reg_3195        |  35|   0|   35|          0|
    |self_attention_out_16_V_reg_3201        |  35|   0|   35|          0|
    |self_attention_out_17_V_reg_3207        |  35|   0|   35|          0|
    |self_attention_out_18_V_reg_3213        |  35|   0|   35|          0|
    |self_attention_out_19_V_reg_3219        |  35|   0|   35|          0|
    |self_attention_out_1_V_reg_3111         |  35|   0|   35|          0|
    |self_attention_out_20_V_reg_3225        |  35|   0|   35|          0|
    |self_attention_out_21_V_reg_3231        |  35|   0|   35|          0|
    |self_attention_out_22_V_reg_3237        |  35|   0|   35|          0|
    |self_attention_out_23_V_reg_3243        |  35|   0|   35|          0|
    |self_attention_out_24_V_reg_3249        |  35|   0|   35|          0|
    |self_attention_out_25_V_reg_3255        |  35|   0|   35|          0|
    |self_attention_out_26_V_reg_3261        |  35|   0|   35|          0|
    |self_attention_out_27_V_reg_3267        |  35|   0|   35|          0|
    |self_attention_out_28_V_reg_3273        |  35|   0|   35|          0|
    |self_attention_out_29_V_reg_3279        |  35|   0|   35|          0|
    |self_attention_out_2_V_reg_3117         |  35|   0|   35|          0|
    |self_attention_out_30_V_reg_3285        |  35|   0|   35|          0|
    |self_attention_out_31_V_reg_3291        |  35|   0|   35|          0|
    |self_attention_out_3_V_reg_3123         |  35|   0|   35|          0|
    |self_attention_out_4_V_reg_3129         |  35|   0|   35|          0|
    |self_attention_out_5_V_reg_3135         |  35|   0|   35|          0|
    |self_attention_out_6_V_reg_3141         |  35|   0|   35|          0|
    |self_attention_out_7_V_reg_3147         |  35|   0|   35|          0|
    |self_attention_out_8_V_reg_3153         |  35|   0|   35|          0|
    |self_attention_out_9_V_reg_3159         |  35|   0|   35|          0|
    |sum_out_flat_10_V_reg_3802              |  35|   0|   35|          0|
    |sum_out_flat_11_V_reg_3882              |  35|   0|   35|          0|
    |sum_out_flat_12_V_reg_3807              |  35|   0|   35|          0|
    |sum_out_flat_13_V_reg_3887              |  35|   0|   35|          0|
    |sum_out_flat_14_V_reg_3812              |  35|   0|   35|          0|
    |sum_out_flat_15_V_reg_3892              |  35|   0|   35|          0|
    |sum_out_flat_16_V_reg_3817              |  35|   0|   35|          0|
    |sum_out_flat_17_V_reg_3897              |  35|   0|   35|          0|
    |sum_out_flat_18_V_reg_3822              |  35|   0|   35|          0|
    |sum_out_flat_19_V_reg_3902              |  35|   0|   35|          0|
    |sum_out_flat_1_V_reg_3857               |  35|   0|   35|          0|
    |sum_out_flat_20_V_reg_3827              |  35|   0|   35|          0|
    |sum_out_flat_21_V_reg_3907              |  35|   0|   35|          0|
    |sum_out_flat_22_V_reg_3832              |  35|   0|   35|          0|
    |sum_out_flat_23_V_reg_3912              |  35|   0|   35|          0|
    |sum_out_flat_24_V_reg_3837              |  35|   0|   35|          0|
    |sum_out_flat_25_V_reg_3917              |  35|   0|   35|          0|
    |sum_out_flat_26_V_reg_3842              |  35|   0|   35|          0|
    |sum_out_flat_27_V_reg_3922              |  35|   0|   35|          0|
    |sum_out_flat_28_V_reg_3847              |  35|   0|   35|          0|
    |sum_out_flat_29_V_reg_3927              |  35|   0|   35|          0|
    |sum_out_flat_2_V_reg_3782               |  35|   0|   35|          0|
    |sum_out_flat_30_V_reg_3852              |  35|   0|   35|          0|
    |sum_out_flat_31_V_reg_3932              |  35|   0|   35|          0|
    |sum_out_flat_3_V_reg_3862               |  35|   0|   35|          0|
    |sum_out_flat_4_V_reg_3787               |  35|   0|   35|          0|
    |sum_out_flat_5_V_reg_3867               |  35|   0|   35|          0|
    |sum_out_flat_6_V_reg_3792               |  35|   0|   35|          0|
    |sum_out_flat_7_V_reg_3872               |  35|   0|   35|          0|
    |sum_out_flat_8_V_reg_3797               |  35|   0|   35|          0|
    |sum_out_flat_9_V_reg_3877               |  35|   0|   35|          0|
    +----------------------------------------+----+----+-----+-----------+
    |Total                                   |8985|   0| 8985|          0|
    +----------------------------------------+----+----+-----+-----------+



================================================================
== Interface
================================================================
* Summary: 
+----------------+-----+-----+------------+----------------+--------------+
|    RTL Ports   | Dir | Bits|  Protocol  |  Source Object |    C Type    |
+----------------+-----+-----+------------+----------------+--------------+
|ap_clk          |  in |    1| ap_ctrl_hs |   transformer  | return value |
|ap_rst          |  in |    1| ap_ctrl_hs |   transformer  | return value |
|ap_start        |  in |    1| ap_ctrl_hs |   transformer  | return value |
|ap_done         | out |    1| ap_ctrl_hs |   transformer  | return value |
|ap_idle         | out |    1| ap_ctrl_hs |   transformer  | return value |
|ap_ready        | out |    1| ap_ctrl_hs |   transformer  | return value |
|data_1_V_read   |  in |   35|   ap_none  |  data_1_V_read |    scalar    |
|data_3_V_read   |  in |   35|   ap_none  |  data_3_V_read |    scalar    |
|data_5_V_read   |  in |   35|   ap_none  |  data_5_V_read |    scalar    |
|data_7_V_read   |  in |   35|   ap_none  |  data_7_V_read |    scalar    |
|data_9_V_read   |  in |   35|   ap_none  |  data_9_V_read |    scalar    |
|data_11_V_read  |  in |   35|   ap_none  | data_11_V_read |    scalar    |
|data_13_V_read  |  in |   35|   ap_none  | data_13_V_read |    scalar    |
|data_15_V_read  |  in |   35|   ap_none  | data_15_V_read |    scalar    |
|data_17_V_read  |  in |   35|   ap_none  | data_17_V_read |    scalar    |
|data_19_V_read  |  in |   35|   ap_none  | data_19_V_read |    scalar    |
|data_21_V_read  |  in |   35|   ap_none  | data_21_V_read |    scalar    |
|data_23_V_read  |  in |   35|   ap_none  | data_23_V_read |    scalar    |
|data_25_V_read  |  in |   35|   ap_none  | data_25_V_read |    scalar    |
|data_27_V_read  |  in |   35|   ap_none  | data_27_V_read |    scalar    |
|data_29_V_read  |  in |   35|   ap_none  | data_29_V_read |    scalar    |
|data_31_V_read  |  in |   35|   ap_none  | data_31_V_read |    scalar    |
|res_V_address0  | out |    5|  ap_memory |      res_V     |     array    |
|res_V_ce0       | out |    1|  ap_memory |      res_V     |     array    |
|res_V_we0       | out |    1|  ap_memory |      res_V     |     array    |
|res_V_d0        | out |   35|  ap_memory |      res_V     |     array    |
|res_V_address1  | out |    5|  ap_memory |      res_V     |     array    |
|res_V_ce1       | out |    1|  ap_memory |      res_V     |     array    |
|res_V_we1       | out |    1|  ap_memory |      res_V     |     array    |
|res_V_d1        | out |   35|  ap_memory |      res_V     |     array    |
+----------------+-----+-----+------------+----------------+--------------+

