

================================================================
== Vivado HLS Report for 'init_log_table_ap_fixed_16_6_5_3_0_softmax_config0_s'
================================================================
* Date:           Thu Apr 28 19:23:58 2022

* Version:        2019.2 (Build 2704478 on Wed Nov 06 22:10:23 MST 2019)
* Project:        myproject_prj
* Solution:       solution1
* Product family: virtexuplus
* Target device:  xcu250-figd2104-2L-e


================================================================
== Performance Estimates
================================================================
+ Timing: 
    * Summary: 
    +--------+---------+----------+------------+
    |  Clock |  Target | Estimated| Uncertainty|
    +--------+---------+----------+------------+
    |ap_clk  | 5.00 ns | 4.293 ns |   0.62 ns  |
    +--------+---------+----------+------------+

+ Latency: 
    * Summary: 
    +---------+---------+----------+----------+------+------+---------+
    |  Latency (cycles) |  Latency (absolute) |   Interval  | Pipeline|
    |   min   |   max   |    min   |    max   |  min |  max |   Type  |
    +---------+---------+----------+----------+------+------+---------+
    |     1023|     1023| 5.115 us | 5.115 us |  1023|  1023|   none  |
    +---------+---------+----------+----------+------+------+---------+

    + Detail: 
        * Instance: 
        N/A

        * Loop: 
        N/A



================================================================
== Utilization Estimates
================================================================
* Summary: 
+---------------------+---------+-------+---------+---------+------+
|         Name        | BRAM_18K| DSP48E|    FF   |   LUT   | URAM |
+---------------------+---------+-------+---------+---------+------+
|DSP                  |        -|      -|        -|        -|     -|
|Expression           |        -|      -|        0|      526|     -|
|FIFO                 |        -|      -|        -|        -|     -|
|Instance             |        -|     13|      519|      478|     -|
|Memory               |        -|      -|        -|        -|     -|
|Multiplexer          |        -|      -|        -|     6579|     -|
|Register             |        -|      -|     1121|        -|     -|
+---------------------+---------+-------+---------+---------+------+
|Total                |        0|     13|     1640|     7583|     0|
+---------------------+---------+-------+---------+---------+------+
|Available SLR        |     1344|   3072|   864000|   432000|   320|
+---------------------+---------+-------+---------+---------+------+
|Utilization SLR (%)  |        0|   ~0  |    ~0   |        1|     0|
+---------------------+---------+-------+---------+---------+------+
|Available            |     5376|  12288|  3456000|  1728000|  1280|
+---------------------+---------+-------+---------+---------+------+
|Utilization (%)      |        0|   ~0  |    ~0   |    ~0   |     0|
+---------------------+---------+-------+---------+---------+------+

+ Detail: 
    * Instance: 
    +-----------------------------------------------+------------------------------------------+---------+-------+-----+-----+-----+
    |                    Instance                   |                  Module                  | BRAM_18K| DSP48E|  FF | LUT | URAM|
    +-----------------------------------------------+------------------------------------------+---------+-------+-----+-----+-----+
    |myproject_flog_32ns_32ns_32_9_full_dsp_1_U976  |myproject_flog_32ns_32ns_32_9_full_dsp_1  |        0|     13|  419|  460|    0|
    |myproject_fpext_32ns_64_2_1_U975               |myproject_fpext_32ns_64_2_1               |        0|      0|  100|   18|    0|
    +-----------------------------------------------+------------------------------------------+---------+-------+-----+-----+-----+
    |Total                                          |                                          |        0|     13|  519|  478|    0|
    +-----------------------------------------------+------------------------------------------+---------+-------+-----+-----+-----+

    * DSP48E: 
    N/A

    * Memory: 
    N/A

    * FIFO: 
    N/A

    * Expression: 
    +----------------------------+----------+-------+---+-----+------------+------------+
    |        Variable Name       | Operation| DSP48E| FF| LUT | Bitwidth P0| Bitwidth P1|
    +----------------------------+----------+-------+---+-----+------------+------------+
    |add_ln581_fu_14480_p2       |     +    |      0|  0|   12|           5|          12|
    |sub_ln461_fu_14455_p2       |     -    |      0|  0|   54|           1|          54|
    |sub_ln575_fu_14468_p2       |     -    |      0|  0|   12|          11|          12|
    |sub_ln581_fu_14486_p2       |     -    |      0|  0|   12|           4|          12|
    |and_ln581_fu_14601_p2       |    and   |      0|  0|    2|           1|           1|
    |and_ln582_fu_14584_p2       |    and   |      0|  0|    2|           1|           1|
    |and_ln585_1_fu_14619_p2     |    and   |      0|  0|    2|           1|           1|
    |and_ln585_fu_14613_p2       |    and   |      0|  0|    2|           1|           1|
    |and_ln603_fu_14637_p2       |    and   |      0|  0|    2|           1|           1|
    |ashr_ln586_fu_14540_p2      |   ashr   |      0|  0|  162|          54|          54|
    |icmp_ln571_fu_14435_p2      |   icmp   |      0|  0|   29|          63|           1|
    |icmp_ln581_fu_14474_p2      |   icmp   |      0|  0|   13|          12|           4|
    |icmp_ln582_fu_14504_p2      |   icmp   |      0|  0|   13|          12|           4|
    |icmp_ln585_fu_14514_p2      |   icmp   |      0|  0|   13|          12|           6|
    |icmp_ln603_fu_14530_p2      |   icmp   |      0|  0|   11|           8|           1|
    |or_ln581_fu_14625_p2        |    or    |      0|  0|    2|           1|           1|
    |or_ln582_fu_14590_p2        |    or    |      0|  0|    2|           1|           1|
    |or_ln603_1_fu_14665_p2      |    or    |      0|  0|    2|           1|           1|
    |or_ln603_2_fu_14679_p2      |    or    |      0|  0|    2|           1|           1|
    |or_ln603_fu_14651_p2        |    or    |      0|  0|    2|           1|           1|
    |select_ln570_fu_14461_p3    |  select  |      0|  0|   54|           1|          54|
    |select_ln581_fu_14492_p3    |  select  |      0|  0|   12|           1|          12|
    |select_ln588_fu_14561_p3    |  select  |      0|  0|    2|           1|           2|
    |select_ln603_1_fu_14657_p3  |  select  |      0|  0|   16|           1|          16|
    |select_ln603_2_fu_14671_p3  |  select  |      0|  0|   16|           1|          16|
    |select_ln603_3_fu_14685_p3  |  select  |      0|  0|   16|           1|          16|
    |select_ln603_fu_14643_p3    |  select  |      0|  0|   16|           1|          16|
    |shl_ln604_fu_14573_p2       |    shl   |      0|  0|   35|          16|          16|
    |xor_ln571_fu_14579_p2       |    xor   |      0|  0|    2|           1|           2|
    |xor_ln581_fu_14631_p2       |    xor   |      0|  0|    2|           1|           2|
    |xor_ln582_fu_14595_p2       |    xor   |      0|  0|    2|           1|           2|
    |xor_ln585_fu_14607_p2       |    xor   |      0|  0|    2|           1|           2|
    +----------------------------+----------+-------+---+-----+------------+------------+
    |Total                       |          |      0|  0|  526|         219|         326|
    +----------------------------+----------+-------+---+-----+------------+------------+

    * Multiplexer: 
    +----------------------+------+-----------+-----+-----------+
    |         Name         |  LUT | Input Size| Bits| Total Bits|
    +----------------------+------+-----------+-----+-----------+
    |ap_NS_fsm             |  2193|       1025|    1|       1025|
    |table_out_V_address1  |  2193|       1025|   10|      10250|
    |table_out_V_d1        |  2193|       1025|   16|      16400|
    +----------------------+------+-----------+-----+-----------+
    |Total                 |  6579|       3075|   27|      27675|
    +----------------------+------+-----------+-----+-----------+

    * Register: 
    +-----------------------+------+----+------+-----------+
    |          Name         |  FF  | LUT| Bits | Const Bits|
    +-----------------------+------+----+------+-----------+
    |ap_CS_fsm              |  1024|   0|  1024|          0|
    |icmp_ln571_reg_14715   |     1|   0|     1|          0|
    |p_Result_s_reg_14705   |    11|   0|    11|          0|
    |tmp_1_reg_14700        |     1|   0|     1|          0|
    |tmp_i_i_reg_14694      |    32|   0|    32|          0|
    |trunc_ln565_reg_14710  |    52|   0|    52|          0|
    +-----------------------+------+----+------+-----------+
    |Total                  |  1121|   0|  1121|          0|
    +-----------------------+------+----+------+-----------+



================================================================
== Interface
================================================================
* Summary: 
+----------------------+-----+-----+------------+-----------------------------------------------------------+--------------+
|       RTL Ports      | Dir | Bits|  Protocol  |                       Source Object                       |    C Type    |
+----------------------+-----+-----+------------+-----------------------------------------------------------+--------------+
|ap_clk                |  in |    1| ap_ctrl_hs | init_log_table<ap_fixed<16, 6, 5, 3, 0>, softmax_config0> | return value |
|ap_rst                |  in |    1| ap_ctrl_hs | init_log_table<ap_fixed<16, 6, 5, 3, 0>, softmax_config0> | return value |
|ap_start              |  in |    1| ap_ctrl_hs | init_log_table<ap_fixed<16, 6, 5, 3, 0>, softmax_config0> | return value |
|ap_done               | out |    1| ap_ctrl_hs | init_log_table<ap_fixed<16, 6, 5, 3, 0>, softmax_config0> | return value |
|ap_idle               | out |    1| ap_ctrl_hs | init_log_table<ap_fixed<16, 6, 5, 3, 0>, softmax_config0> | return value |
|ap_ready              | out |    1| ap_ctrl_hs | init_log_table<ap_fixed<16, 6, 5, 3, 0>, softmax_config0> | return value |
|table_out_V_address1  | out |   10|  ap_memory |                        table_out_V                        |     array    |
|table_out_V_ce1       | out |    1|  ap_memory |                        table_out_V                        |     array    |
|table_out_V_we1       | out |    1|  ap_memory |                        table_out_V                        |     array    |
|table_out_V_d1        | out |   16|  ap_memory |                        table_out_V                        |     array    |
+----------------------+-----+-----+------------+-----------------------------------------------------------+--------------+

