

================================================================
== Vivado HLS Report for 'p_fill_n_a_ap_fixed_unsigned_long_double_s'
================================================================
* Date:           Thu Apr 21 05:16:18 2022

* Version:        2019.2 (Build 2704478 on Wed Nov 06 22:10:23 MST 2019)
* Project:        myproject_prj
* Solution:       solution1
* Product family: virtexuplus
* Target device:  xcu250-figd2104-2L-e


================================================================
== Performance Estimates
================================================================
+ Timing: 
    * Summary: 
    +--------+---------+----------+------------+
    |  Clock |  Target | Estimated| Uncertainty|
    +--------+---------+----------+------------+
    |ap_clk  | 5.00 ns | 0.619 ns |   0.62 ns  |
    +--------+---------+----------+------------+

+ Latency: 
    * Summary: 
    +---------+---------+----------+----------+-----+-----+---------+
    |  Latency (cycles) |  Latency (absolute) |  Interval | Pipeline|
    |   min   |   max   |    min   |    max   | min | max |   Type  |
    +---------+---------+----------+----------+-----+-----+---------+
    |       49|       49| 0.245 us | 0.245 us |   49|   49|   none  |
    +---------+---------+----------+----------+-----+-----+---------+

    + Detail: 
        * Instance: 
        N/A

        * Loop: 
        +----------+---------+---------+----------+-----------+-----------+------+----------+
        |          |  Latency (cycles) | Iteration|  Initiation Interval  | Trip |          |
        | Loop Name|   min   |   max   |  Latency |  achieved |   target  | Count| Pipelined|
        +----------+---------+---------+----------+-----------+-----------+------+----------+
        |- Loop 1  |       48|       48|         1|          -|          -|    48|    no    |
        +----------+---------+---------+----------+-----------+-----------+------+----------+

============================================================
+ Verbose Summary: Synthesis Manager
============================================================
InlineROM: 1
ExposeGlobal: 0
============================================================
+ Verbose Summary: CDFG Model
============================================================
IsTopModel: 0
ResetActiveHigh: 1
IsCombinational: 0
IsDatapathOnly: 0
HasWiredReturn: 1
HasMFsm: 0
HasVarLatency: 1
IsPipeline: 0
IsRtlPipelined: 0
IsInstanceOverlapped: 0
IsDontTouch: 0
HasImplIP: 0
IsGatedGlobalClock: 0


============================================================
+ Verbose Summary: Schedule
============================================================
* Number of FSM states : 2
* Pipeline : 0
* Dataflow Pipeline: 0

* FSM state transitions: 
1 --> 2 
2 --> 2 

* FSM state operations: 

State 1 <SV = 0> <Delay = 0.60>
ST_1 : Operation 3 [1/1] (0.00ns)   --->   "%p_first_47_V_write_assign = alloca i35"   --->   Operation 3 'alloca' 'p_first_47_V_write_assign' <Predicate = true> <Delay = 0.00>
ST_1 : Operation 4 [1/1] (0.00ns)   --->   "%p_first_14_V_write_assign = alloca i35"   --->   Operation 4 'alloca' 'p_first_14_V_write_assign' <Predicate = true> <Delay = 0.00>
ST_1 : Operation 5 [1/1] (0.00ns)   --->   "%p_first_46_V_write_assign = alloca i35"   --->   Operation 5 'alloca' 'p_first_46_V_write_assign' <Predicate = true> <Delay = 0.00>
ST_1 : Operation 6 [1/1] (0.00ns)   --->   "%p_first_45_V_write_assign = alloca i35"   --->   Operation 6 'alloca' 'p_first_45_V_write_assign' <Predicate = true> <Delay = 0.00>
ST_1 : Operation 7 [1/1] (0.00ns)   --->   "%p_first_15_V_write_assign = alloca i35"   --->   Operation 7 'alloca' 'p_first_15_V_write_assign' <Predicate = true> <Delay = 0.00>
ST_1 : Operation 8 [1/1] (0.00ns)   --->   "%p_first_44_V_write_assign = alloca i35"   --->   Operation 8 'alloca' 'p_first_44_V_write_assign' <Predicate = true> <Delay = 0.00>
ST_1 : Operation 9 [1/1] (0.00ns)   --->   "%p_first_43_V_write_assign = alloca i35"   --->   Operation 9 'alloca' 'p_first_43_V_write_assign' <Predicate = true> <Delay = 0.00>
ST_1 : Operation 10 [1/1] (0.00ns)   --->   "%p_first_16_V_write_assign = alloca i35"   --->   Operation 10 'alloca' 'p_first_16_V_write_assign' <Predicate = true> <Delay = 0.00>
ST_1 : Operation 11 [1/1] (0.00ns)   --->   "%p_first_42_V_write_assign = alloca i35"   --->   Operation 11 'alloca' 'p_first_42_V_write_assign' <Predicate = true> <Delay = 0.00>
ST_1 : Operation 12 [1/1] (0.00ns)   --->   "%p_first_41_V_write_assign = alloca i35"   --->   Operation 12 'alloca' 'p_first_41_V_write_assign' <Predicate = true> <Delay = 0.00>
ST_1 : Operation 13 [1/1] (0.00ns)   --->   "%p_first_17_V_write_assign = alloca i35"   --->   Operation 13 'alloca' 'p_first_17_V_write_assign' <Predicate = true> <Delay = 0.00>
ST_1 : Operation 14 [1/1] (0.00ns)   --->   "%p_first_40_V_write_assign = alloca i35"   --->   Operation 14 'alloca' 'p_first_40_V_write_assign' <Predicate = true> <Delay = 0.00>
ST_1 : Operation 15 [1/1] (0.00ns)   --->   "%p_first_39_V_write_assign = alloca i35"   --->   Operation 15 'alloca' 'p_first_39_V_write_assign' <Predicate = true> <Delay = 0.00>
ST_1 : Operation 16 [1/1] (0.00ns)   --->   "%p_first_18_V_write_assign = alloca i35"   --->   Operation 16 'alloca' 'p_first_18_V_write_assign' <Predicate = true> <Delay = 0.00>
ST_1 : Operation 17 [1/1] (0.00ns)   --->   "%p_first_38_V_write_assign = alloca i35"   --->   Operation 17 'alloca' 'p_first_38_V_write_assign' <Predicate = true> <Delay = 0.00>
ST_1 : Operation 18 [1/1] (0.00ns)   --->   "%p_first_37_V_write_assign = alloca i35"   --->   Operation 18 'alloca' 'p_first_37_V_write_assign' <Predicate = true> <Delay = 0.00>
ST_1 : Operation 19 [1/1] (0.00ns)   --->   "%p_first_19_V_write_assign = alloca i35"   --->   Operation 19 'alloca' 'p_first_19_V_write_assign' <Predicate = true> <Delay = 0.00>
ST_1 : Operation 20 [1/1] (0.00ns)   --->   "%p_first_36_V_write_assign = alloca i35"   --->   Operation 20 'alloca' 'p_first_36_V_write_assign' <Predicate = true> <Delay = 0.00>
ST_1 : Operation 21 [1/1] (0.00ns)   --->   "%p_first_35_V_write_assign = alloca i35"   --->   Operation 21 'alloca' 'p_first_35_V_write_assign' <Predicate = true> <Delay = 0.00>
ST_1 : Operation 22 [1/1] (0.00ns)   --->   "%p_first_20_V_write_assign = alloca i35"   --->   Operation 22 'alloca' 'p_first_20_V_write_assign' <Predicate = true> <Delay = 0.00>
ST_1 : Operation 23 [1/1] (0.00ns)   --->   "%p_first_34_V_write_assign = alloca i35"   --->   Operation 23 'alloca' 'p_first_34_V_write_assign' <Predicate = true> <Delay = 0.00>
ST_1 : Operation 24 [1/1] (0.00ns)   --->   "%p_first_33_V_write_assign = alloca i35"   --->   Operation 24 'alloca' 'p_first_33_V_write_assign' <Predicate = true> <Delay = 0.00>
ST_1 : Operation 25 [1/1] (0.00ns)   --->   "%p_first_21_V_write_assign = alloca i35"   --->   Operation 25 'alloca' 'p_first_21_V_write_assign' <Predicate = true> <Delay = 0.00>
ST_1 : Operation 26 [1/1] (0.00ns)   --->   "%p_first_32_V_write_assign = alloca i35"   --->   Operation 26 'alloca' 'p_first_32_V_write_assign' <Predicate = true> <Delay = 0.00>
ST_1 : Operation 27 [1/1] (0.00ns)   --->   "%p_first_31_V_write_assign = alloca i35"   --->   Operation 27 'alloca' 'p_first_31_V_write_assign' <Predicate = true> <Delay = 0.00>
ST_1 : Operation 28 [1/1] (0.00ns)   --->   "%p_first_22_V_write_assign = alloca i35"   --->   Operation 28 'alloca' 'p_first_22_V_write_assign' <Predicate = true> <Delay = 0.00>
ST_1 : Operation 29 [1/1] (0.00ns)   --->   "%p_first_30_V_write_assign = alloca i35"   --->   Operation 29 'alloca' 'p_first_30_V_write_assign' <Predicate = true> <Delay = 0.00>
ST_1 : Operation 30 [1/1] (0.00ns)   --->   "%p_first_29_V_write_assign = alloca i35"   --->   Operation 30 'alloca' 'p_first_29_V_write_assign' <Predicate = true> <Delay = 0.00>
ST_1 : Operation 31 [1/1] (0.00ns)   --->   "%p_first_23_V_write_assign = alloca i35"   --->   Operation 31 'alloca' 'p_first_23_V_write_assign' <Predicate = true> <Delay = 0.00>
ST_1 : Operation 32 [1/1] (0.00ns)   --->   "%p_first_28_V_write_assign = alloca i35"   --->   Operation 32 'alloca' 'p_first_28_V_write_assign' <Predicate = true> <Delay = 0.00>
ST_1 : Operation 33 [1/1] (0.00ns)   --->   "%p_first_27_V_write_assign = alloca i35"   --->   Operation 33 'alloca' 'p_first_27_V_write_assign' <Predicate = true> <Delay = 0.00>
ST_1 : Operation 34 [1/1] (0.00ns)   --->   "%p_first_24_V_write_assign = alloca i35"   --->   Operation 34 'alloca' 'p_first_24_V_write_assign' <Predicate = true> <Delay = 0.00>
ST_1 : Operation 35 [1/1] (0.00ns)   --->   "%p_first_26_V_write_assign = alloca i35"   --->   Operation 35 'alloca' 'p_first_26_V_write_assign' <Predicate = true> <Delay = 0.00>
ST_1 : Operation 36 [1/1] (0.00ns)   --->   "%p_first_25_V_write_assign = alloca i35"   --->   Operation 36 'alloca' 'p_first_25_V_write_assign' <Predicate = true> <Delay = 0.00>
ST_1 : Operation 37 [1/1] (0.00ns)   --->   "%p_first_13_V_write_assign = alloca i35"   --->   Operation 37 'alloca' 'p_first_13_V_write_assign' <Predicate = true> <Delay = 0.00>
ST_1 : Operation 38 [1/1] (0.00ns)   --->   "%p_first_12_V_write_assign = alloca i35"   --->   Operation 38 'alloca' 'p_first_12_V_write_assign' <Predicate = true> <Delay = 0.00>
ST_1 : Operation 39 [1/1] (0.00ns)   --->   "%p_first_0_V_write_assign = alloca i35"   --->   Operation 39 'alloca' 'p_first_0_V_write_assign' <Predicate = true> <Delay = 0.00>
ST_1 : Operation 40 [1/1] (0.00ns)   --->   "%p_first_11_V_write_assign = alloca i35"   --->   Operation 40 'alloca' 'p_first_11_V_write_assign' <Predicate = true> <Delay = 0.00>
ST_1 : Operation 41 [1/1] (0.00ns)   --->   "%p_first_10_V_write_assign = alloca i35"   --->   Operation 41 'alloca' 'p_first_10_V_write_assign' <Predicate = true> <Delay = 0.00>
ST_1 : Operation 42 [1/1] (0.00ns)   --->   "%p_first_1_V_write_assign = alloca i35"   --->   Operation 42 'alloca' 'p_first_1_V_write_assign' <Predicate = true> <Delay = 0.00>
ST_1 : Operation 43 [1/1] (0.00ns)   --->   "%p_first_9_V_write_assign = alloca i35"   --->   Operation 43 'alloca' 'p_first_9_V_write_assign' <Predicate = true> <Delay = 0.00>
ST_1 : Operation 44 [1/1] (0.00ns)   --->   "%p_first_8_V_write_assign = alloca i35"   --->   Operation 44 'alloca' 'p_first_8_V_write_assign' <Predicate = true> <Delay = 0.00>
ST_1 : Operation 45 [1/1] (0.00ns)   --->   "%p_first_2_V_write_assign = alloca i35"   --->   Operation 45 'alloca' 'p_first_2_V_write_assign' <Predicate = true> <Delay = 0.00>
ST_1 : Operation 46 [1/1] (0.00ns)   --->   "%p_first_7_V_write_assign = alloca i35"   --->   Operation 46 'alloca' 'p_first_7_V_write_assign' <Predicate = true> <Delay = 0.00>
ST_1 : Operation 47 [1/1] (0.00ns)   --->   "%p_first_6_V_write_assign = alloca i35"   --->   Operation 47 'alloca' 'p_first_6_V_write_assign' <Predicate = true> <Delay = 0.00>
ST_1 : Operation 48 [1/1] (0.00ns)   --->   "%p_first_3_V_write_assign = alloca i35"   --->   Operation 48 'alloca' 'p_first_3_V_write_assign' <Predicate = true> <Delay = 0.00>
ST_1 : Operation 49 [1/1] (0.00ns)   --->   "%p_first_5_V_write_assign = alloca i35"   --->   Operation 49 'alloca' 'p_first_5_V_write_assign' <Predicate = true> <Delay = 0.00>
ST_1 : Operation 50 [1/1] (0.00ns)   --->   "%p_first_4_V_write_assign = alloca i35"   --->   Operation 50 'alloca' 'p_first_4_V_write_assign' <Predicate = true> <Delay = 0.00>
ST_1 : Operation 51 [1/1] (0.60ns)   --->   "br label %1" [/vol/cc/opt/Xilinx/2019.2/Vivado/2019.2/lnx64/tools/gcc/lib/gcc/x86_64-unknown-linux-gnu/4.6.3/../../../../include/c++/4.6.3/bits/stl_algobase.h:743]   --->   Operation 51 'br' <Predicate = true> <Delay = 0.60>

State 2 <SV = 1> <Delay = 0.61>
ST_2 : Operation 52 [1/1] (0.00ns)   --->   "%p_02_rec = phi i6 [ 0, %0 ], [ %add_ln744, %ap_fixed_base.exit95 ]" [/vol/cc/opt/Xilinx/2019.2/Vivado/2019.2/lnx64/tools/gcc/lib/gcc/x86_64-unknown-linux-gnu/4.6.3/../../../../include/c++/4.6.3/bits/stl_algobase.h:744]   --->   Operation 52 'phi' 'p_02_rec' <Predicate = true> <Delay = 0.00>
ST_2 : Operation 53 [1/1] (0.00ns)   --->   "%p_niter_0 = phi i6 [ -16, %0 ], [ %p_niter, %ap_fixed_base.exit95 ]"   --->   Operation 53 'phi' 'p_niter_0' <Predicate = true> <Delay = 0.00>
ST_2 : Operation 54 [1/1] (0.61ns)   --->   "%icmp_ln743 = icmp eq i6 %p_niter_0, 0" [/vol/cc/opt/Xilinx/2019.2/Vivado/2019.2/lnx64/tools/gcc/lib/gcc/x86_64-unknown-linux-gnu/4.6.3/../../../../include/c++/4.6.3/bits/stl_algobase.h:743]   --->   Operation 54 'icmp' 'icmp_ln743' <Predicate = true> <Delay = 0.61> <Core = "Cmp">   --->   Core 25 'Cmp' <Latency = 0> <II = 1> <Delay = 0.61> <FuncUnit> <Opcode : 'icmp'> <InPorts = 2> <OutPorts = 1>
ST_2 : Operation 55 [1/1] (0.00ns)   --->   "%empty = call i32 (...)* @_ssdm_op_SpecLoopTripCount(i64 48, i64 48, i64 48)"   --->   Operation 55 'speclooptripcount' 'empty' <Predicate = true> <Delay = 0.00>
ST_2 : Operation 56 [1/1] (0.43ns)   --->   "%add_ln744 = add i6 %p_02_rec, 1" [/vol/cc/opt/Xilinx/2019.2/Vivado/2019.2/lnx64/tools/gcc/lib/gcc/x86_64-unknown-linux-gnu/4.6.3/../../../../include/c++/4.6.3/bits/stl_algobase.h:744]   --->   Operation 56 'add' 'add_ln744' <Predicate = true> <Delay = 0.43> <Core = "AddSub">   --->   Core 14 'AddSub' <Latency = 0> <II = 1> <Delay = 0.43> <FuncUnit> <Opcode : 'add' 'sub'> <InPorts = 2> <OutPorts = 1>
ST_2 : Operation 57 [1/1] (0.00ns)   --->   "br i1 %icmp_ln743, label %2, label %ap_fixed_base.exit" [/vol/cc/opt/Xilinx/2019.2/Vivado/2019.2/lnx64/tools/gcc/lib/gcc/x86_64-unknown-linux-gnu/4.6.3/../../../../include/c++/4.6.3/bits/stl_algobase.h:743]   --->   Operation 57 'br' <Predicate = true> <Delay = 0.00>
ST_2 : Operation 58 [1/1] (0.59ns)   --->   "switch i6 %p_02_rec, label %branch47 [
    i6 0, label %ap_fixed_base.exit.ap_fixed_base.exit95_crit_edge
    i6 1, label %branch1
    i6 2, label %branch2
    i6 3, label %branch3
    i6 4, label %branch4
    i6 5, label %branch5
    i6 6, label %branch6
    i6 7, label %branch7
    i6 8, label %branch8
    i6 9, label %branch9
    i6 10, label %branch10
    i6 11, label %branch11
    i6 12, label %branch12
    i6 13, label %branch13
    i6 14, label %branch14
    i6 15, label %branch15
    i6 16, label %branch16
    i6 17, label %branch17
    i6 18, label %branch18
    i6 19, label %branch19
    i6 20, label %branch20
    i6 21, label %branch21
    i6 22, label %branch22
    i6 23, label %branch23
    i6 24, label %branch24
    i6 25, label %branch25
    i6 26, label %branch26
    i6 27, label %branch27
    i6 28, label %branch28
    i6 29, label %branch29
    i6 30, label %branch30
    i6 31, label %branch31
    i6 -32, label %branch32
    i6 -31, label %branch33
    i6 -30, label %branch34
    i6 -29, label %branch35
    i6 -28, label %branch36
    i6 -27, label %branch37
    i6 -26, label %branch38
    i6 -25, label %branch39
    i6 -24, label %branch40
    i6 -23, label %branch41
    i6 -22, label %branch42
    i6 -21, label %branch43
    i6 -20, label %branch44
    i6 -19, label %branch45
    i6 -18, label %branch46
  ]" [/vol/cc/opt/Xilinx/2019.2/Vivado/2019.2/lnx64/tools/gcc/lib/gcc/x86_64-unknown-linux-gnu/4.6.3/../../../../include/c++/4.6.3/bits/stl_algobase.h:745]   --->   Operation 58 'switch' <Predicate = (!icmp_ln743)> <Delay = 0.59>
ST_2 : Operation 59 [1/1] (0.00ns)   --->   "store i35 0, i35* %p_first_46_V_write_assign" [/vol/cc/opt/Xilinx/2019.2/Vivado/2019.2/lnx64/tools/gcc/lib/gcc/x86_64-unknown-linux-gnu/4.6.3/../../../../include/c++/4.6.3/bits/stl_algobase.h:745]   --->   Operation 59 'store' <Predicate = (!icmp_ln743 & p_02_rec == 46)> <Delay = 0.00>
ST_2 : Operation 60 [1/1] (0.00ns)   --->   "br label %ap_fixed_base.exit95" [/vol/cc/opt/Xilinx/2019.2/Vivado/2019.2/lnx64/tools/gcc/lib/gcc/x86_64-unknown-linux-gnu/4.6.3/../../../../include/c++/4.6.3/bits/stl_algobase.h:745]   --->   Operation 60 'br' <Predicate = (!icmp_ln743 & p_02_rec == 46)> <Delay = 0.00>
ST_2 : Operation 61 [1/1] (0.00ns)   --->   "store i35 0, i35* %p_first_45_V_write_assign" [/vol/cc/opt/Xilinx/2019.2/Vivado/2019.2/lnx64/tools/gcc/lib/gcc/x86_64-unknown-linux-gnu/4.6.3/../../../../include/c++/4.6.3/bits/stl_algobase.h:745]   --->   Operation 61 'store' <Predicate = (!icmp_ln743 & p_02_rec == 45)> <Delay = 0.00>
ST_2 : Operation 62 [1/1] (0.00ns)   --->   "br label %ap_fixed_base.exit95" [/vol/cc/opt/Xilinx/2019.2/Vivado/2019.2/lnx64/tools/gcc/lib/gcc/x86_64-unknown-linux-gnu/4.6.3/../../../../include/c++/4.6.3/bits/stl_algobase.h:745]   --->   Operation 62 'br' <Predicate = (!icmp_ln743 & p_02_rec == 45)> <Delay = 0.00>
ST_2 : Operation 63 [1/1] (0.00ns)   --->   "store i35 0, i35* %p_first_44_V_write_assign" [/vol/cc/opt/Xilinx/2019.2/Vivado/2019.2/lnx64/tools/gcc/lib/gcc/x86_64-unknown-linux-gnu/4.6.3/../../../../include/c++/4.6.3/bits/stl_algobase.h:745]   --->   Operation 63 'store' <Predicate = (!icmp_ln743 & p_02_rec == 44)> <Delay = 0.00>
ST_2 : Operation 64 [1/1] (0.00ns)   --->   "br label %ap_fixed_base.exit95" [/vol/cc/opt/Xilinx/2019.2/Vivado/2019.2/lnx64/tools/gcc/lib/gcc/x86_64-unknown-linux-gnu/4.6.3/../../../../include/c++/4.6.3/bits/stl_algobase.h:745]   --->   Operation 64 'br' <Predicate = (!icmp_ln743 & p_02_rec == 44)> <Delay = 0.00>
ST_2 : Operation 65 [1/1] (0.00ns)   --->   "store i35 0, i35* %p_first_43_V_write_assign" [/vol/cc/opt/Xilinx/2019.2/Vivado/2019.2/lnx64/tools/gcc/lib/gcc/x86_64-unknown-linux-gnu/4.6.3/../../../../include/c++/4.6.3/bits/stl_algobase.h:745]   --->   Operation 65 'store' <Predicate = (!icmp_ln743 & p_02_rec == 43)> <Delay = 0.00>
ST_2 : Operation 66 [1/1] (0.00ns)   --->   "br label %ap_fixed_base.exit95" [/vol/cc/opt/Xilinx/2019.2/Vivado/2019.2/lnx64/tools/gcc/lib/gcc/x86_64-unknown-linux-gnu/4.6.3/../../../../include/c++/4.6.3/bits/stl_algobase.h:745]   --->   Operation 66 'br' <Predicate = (!icmp_ln743 & p_02_rec == 43)> <Delay = 0.00>
ST_2 : Operation 67 [1/1] (0.00ns)   --->   "store i35 0, i35* %p_first_42_V_write_assign" [/vol/cc/opt/Xilinx/2019.2/Vivado/2019.2/lnx64/tools/gcc/lib/gcc/x86_64-unknown-linux-gnu/4.6.3/../../../../include/c++/4.6.3/bits/stl_algobase.h:745]   --->   Operation 67 'store' <Predicate = (!icmp_ln743 & p_02_rec == 42)> <Delay = 0.00>
ST_2 : Operation 68 [1/1] (0.00ns)   --->   "br label %ap_fixed_base.exit95" [/vol/cc/opt/Xilinx/2019.2/Vivado/2019.2/lnx64/tools/gcc/lib/gcc/x86_64-unknown-linux-gnu/4.6.3/../../../../include/c++/4.6.3/bits/stl_algobase.h:745]   --->   Operation 68 'br' <Predicate = (!icmp_ln743 & p_02_rec == 42)> <Delay = 0.00>
ST_2 : Operation 69 [1/1] (0.00ns)   --->   "store i35 0, i35* %p_first_41_V_write_assign" [/vol/cc/opt/Xilinx/2019.2/Vivado/2019.2/lnx64/tools/gcc/lib/gcc/x86_64-unknown-linux-gnu/4.6.3/../../../../include/c++/4.6.3/bits/stl_algobase.h:745]   --->   Operation 69 'store' <Predicate = (!icmp_ln743 & p_02_rec == 41)> <Delay = 0.00>
ST_2 : Operation 70 [1/1] (0.00ns)   --->   "br label %ap_fixed_base.exit95" [/vol/cc/opt/Xilinx/2019.2/Vivado/2019.2/lnx64/tools/gcc/lib/gcc/x86_64-unknown-linux-gnu/4.6.3/../../../../include/c++/4.6.3/bits/stl_algobase.h:745]   --->   Operation 70 'br' <Predicate = (!icmp_ln743 & p_02_rec == 41)> <Delay = 0.00>
ST_2 : Operation 71 [1/1] (0.00ns)   --->   "store i35 0, i35* %p_first_40_V_write_assign" [/vol/cc/opt/Xilinx/2019.2/Vivado/2019.2/lnx64/tools/gcc/lib/gcc/x86_64-unknown-linux-gnu/4.6.3/../../../../include/c++/4.6.3/bits/stl_algobase.h:745]   --->   Operation 71 'store' <Predicate = (!icmp_ln743 & p_02_rec == 40)> <Delay = 0.00>
ST_2 : Operation 72 [1/1] (0.00ns)   --->   "br label %ap_fixed_base.exit95" [/vol/cc/opt/Xilinx/2019.2/Vivado/2019.2/lnx64/tools/gcc/lib/gcc/x86_64-unknown-linux-gnu/4.6.3/../../../../include/c++/4.6.3/bits/stl_algobase.h:745]   --->   Operation 72 'br' <Predicate = (!icmp_ln743 & p_02_rec == 40)> <Delay = 0.00>
ST_2 : Operation 73 [1/1] (0.00ns)   --->   "store i35 0, i35* %p_first_39_V_write_assign" [/vol/cc/opt/Xilinx/2019.2/Vivado/2019.2/lnx64/tools/gcc/lib/gcc/x86_64-unknown-linux-gnu/4.6.3/../../../../include/c++/4.6.3/bits/stl_algobase.h:745]   --->   Operation 73 'store' <Predicate = (!icmp_ln743 & p_02_rec == 39)> <Delay = 0.00>
ST_2 : Operation 74 [1/1] (0.00ns)   --->   "br label %ap_fixed_base.exit95" [/vol/cc/opt/Xilinx/2019.2/Vivado/2019.2/lnx64/tools/gcc/lib/gcc/x86_64-unknown-linux-gnu/4.6.3/../../../../include/c++/4.6.3/bits/stl_algobase.h:745]   --->   Operation 74 'br' <Predicate = (!icmp_ln743 & p_02_rec == 39)> <Delay = 0.00>
ST_2 : Operation 75 [1/1] (0.00ns)   --->   "store i35 0, i35* %p_first_38_V_write_assign" [/vol/cc/opt/Xilinx/2019.2/Vivado/2019.2/lnx64/tools/gcc/lib/gcc/x86_64-unknown-linux-gnu/4.6.3/../../../../include/c++/4.6.3/bits/stl_algobase.h:745]   --->   Operation 75 'store' <Predicate = (!icmp_ln743 & p_02_rec == 38)> <Delay = 0.00>
ST_2 : Operation 76 [1/1] (0.00ns)   --->   "br label %ap_fixed_base.exit95" [/vol/cc/opt/Xilinx/2019.2/Vivado/2019.2/lnx64/tools/gcc/lib/gcc/x86_64-unknown-linux-gnu/4.6.3/../../../../include/c++/4.6.3/bits/stl_algobase.h:745]   --->   Operation 76 'br' <Predicate = (!icmp_ln743 & p_02_rec == 38)> <Delay = 0.00>
ST_2 : Operation 77 [1/1] (0.00ns)   --->   "store i35 0, i35* %p_first_37_V_write_assign" [/vol/cc/opt/Xilinx/2019.2/Vivado/2019.2/lnx64/tools/gcc/lib/gcc/x86_64-unknown-linux-gnu/4.6.3/../../../../include/c++/4.6.3/bits/stl_algobase.h:745]   --->   Operation 77 'store' <Predicate = (!icmp_ln743 & p_02_rec == 37)> <Delay = 0.00>
ST_2 : Operation 78 [1/1] (0.00ns)   --->   "br label %ap_fixed_base.exit95" [/vol/cc/opt/Xilinx/2019.2/Vivado/2019.2/lnx64/tools/gcc/lib/gcc/x86_64-unknown-linux-gnu/4.6.3/../../../../include/c++/4.6.3/bits/stl_algobase.h:745]   --->   Operation 78 'br' <Predicate = (!icmp_ln743 & p_02_rec == 37)> <Delay = 0.00>
ST_2 : Operation 79 [1/1] (0.00ns)   --->   "store i35 0, i35* %p_first_36_V_write_assign" [/vol/cc/opt/Xilinx/2019.2/Vivado/2019.2/lnx64/tools/gcc/lib/gcc/x86_64-unknown-linux-gnu/4.6.3/../../../../include/c++/4.6.3/bits/stl_algobase.h:745]   --->   Operation 79 'store' <Predicate = (!icmp_ln743 & p_02_rec == 36)> <Delay = 0.00>
ST_2 : Operation 80 [1/1] (0.00ns)   --->   "br label %ap_fixed_base.exit95" [/vol/cc/opt/Xilinx/2019.2/Vivado/2019.2/lnx64/tools/gcc/lib/gcc/x86_64-unknown-linux-gnu/4.6.3/../../../../include/c++/4.6.3/bits/stl_algobase.h:745]   --->   Operation 80 'br' <Predicate = (!icmp_ln743 & p_02_rec == 36)> <Delay = 0.00>
ST_2 : Operation 81 [1/1] (0.00ns)   --->   "store i35 0, i35* %p_first_35_V_write_assign" [/vol/cc/opt/Xilinx/2019.2/Vivado/2019.2/lnx64/tools/gcc/lib/gcc/x86_64-unknown-linux-gnu/4.6.3/../../../../include/c++/4.6.3/bits/stl_algobase.h:745]   --->   Operation 81 'store' <Predicate = (!icmp_ln743 & p_02_rec == 35)> <Delay = 0.00>
ST_2 : Operation 82 [1/1] (0.00ns)   --->   "br label %ap_fixed_base.exit95" [/vol/cc/opt/Xilinx/2019.2/Vivado/2019.2/lnx64/tools/gcc/lib/gcc/x86_64-unknown-linux-gnu/4.6.3/../../../../include/c++/4.6.3/bits/stl_algobase.h:745]   --->   Operation 82 'br' <Predicate = (!icmp_ln743 & p_02_rec == 35)> <Delay = 0.00>
ST_2 : Operation 83 [1/1] (0.00ns)   --->   "store i35 0, i35* %p_first_34_V_write_assign" [/vol/cc/opt/Xilinx/2019.2/Vivado/2019.2/lnx64/tools/gcc/lib/gcc/x86_64-unknown-linux-gnu/4.6.3/../../../../include/c++/4.6.3/bits/stl_algobase.h:745]   --->   Operation 83 'store' <Predicate = (!icmp_ln743 & p_02_rec == 34)> <Delay = 0.00>
ST_2 : Operation 84 [1/1] (0.00ns)   --->   "br label %ap_fixed_base.exit95" [/vol/cc/opt/Xilinx/2019.2/Vivado/2019.2/lnx64/tools/gcc/lib/gcc/x86_64-unknown-linux-gnu/4.6.3/../../../../include/c++/4.6.3/bits/stl_algobase.h:745]   --->   Operation 84 'br' <Predicate = (!icmp_ln743 & p_02_rec == 34)> <Delay = 0.00>
ST_2 : Operation 85 [1/1] (0.00ns)   --->   "store i35 0, i35* %p_first_33_V_write_assign" [/vol/cc/opt/Xilinx/2019.2/Vivado/2019.2/lnx64/tools/gcc/lib/gcc/x86_64-unknown-linux-gnu/4.6.3/../../../../include/c++/4.6.3/bits/stl_algobase.h:745]   --->   Operation 85 'store' <Predicate = (!icmp_ln743 & p_02_rec == 33)> <Delay = 0.00>
ST_2 : Operation 86 [1/1] (0.00ns)   --->   "br label %ap_fixed_base.exit95" [/vol/cc/opt/Xilinx/2019.2/Vivado/2019.2/lnx64/tools/gcc/lib/gcc/x86_64-unknown-linux-gnu/4.6.3/../../../../include/c++/4.6.3/bits/stl_algobase.h:745]   --->   Operation 86 'br' <Predicate = (!icmp_ln743 & p_02_rec == 33)> <Delay = 0.00>
ST_2 : Operation 87 [1/1] (0.00ns)   --->   "store i35 0, i35* %p_first_32_V_write_assign" [/vol/cc/opt/Xilinx/2019.2/Vivado/2019.2/lnx64/tools/gcc/lib/gcc/x86_64-unknown-linux-gnu/4.6.3/../../../../include/c++/4.6.3/bits/stl_algobase.h:745]   --->   Operation 87 'store' <Predicate = (!icmp_ln743 & p_02_rec == 32)> <Delay = 0.00>
ST_2 : Operation 88 [1/1] (0.00ns)   --->   "br label %ap_fixed_base.exit95" [/vol/cc/opt/Xilinx/2019.2/Vivado/2019.2/lnx64/tools/gcc/lib/gcc/x86_64-unknown-linux-gnu/4.6.3/../../../../include/c++/4.6.3/bits/stl_algobase.h:745]   --->   Operation 88 'br' <Predicate = (!icmp_ln743 & p_02_rec == 32)> <Delay = 0.00>
ST_2 : Operation 89 [1/1] (0.00ns)   --->   "store i35 0, i35* %p_first_31_V_write_assign" [/vol/cc/opt/Xilinx/2019.2/Vivado/2019.2/lnx64/tools/gcc/lib/gcc/x86_64-unknown-linux-gnu/4.6.3/../../../../include/c++/4.6.3/bits/stl_algobase.h:745]   --->   Operation 89 'store' <Predicate = (!icmp_ln743 & p_02_rec == 31)> <Delay = 0.00>
ST_2 : Operation 90 [1/1] (0.00ns)   --->   "br label %ap_fixed_base.exit95" [/vol/cc/opt/Xilinx/2019.2/Vivado/2019.2/lnx64/tools/gcc/lib/gcc/x86_64-unknown-linux-gnu/4.6.3/../../../../include/c++/4.6.3/bits/stl_algobase.h:745]   --->   Operation 90 'br' <Predicate = (!icmp_ln743 & p_02_rec == 31)> <Delay = 0.00>
ST_2 : Operation 91 [1/1] (0.00ns)   --->   "store i35 0, i35* %p_first_30_V_write_assign" [/vol/cc/opt/Xilinx/2019.2/Vivado/2019.2/lnx64/tools/gcc/lib/gcc/x86_64-unknown-linux-gnu/4.6.3/../../../../include/c++/4.6.3/bits/stl_algobase.h:745]   --->   Operation 91 'store' <Predicate = (!icmp_ln743 & p_02_rec == 30)> <Delay = 0.00>
ST_2 : Operation 92 [1/1] (0.00ns)   --->   "br label %ap_fixed_base.exit95" [/vol/cc/opt/Xilinx/2019.2/Vivado/2019.2/lnx64/tools/gcc/lib/gcc/x86_64-unknown-linux-gnu/4.6.3/../../../../include/c++/4.6.3/bits/stl_algobase.h:745]   --->   Operation 92 'br' <Predicate = (!icmp_ln743 & p_02_rec == 30)> <Delay = 0.00>
ST_2 : Operation 93 [1/1] (0.00ns)   --->   "store i35 0, i35* %p_first_29_V_write_assign" [/vol/cc/opt/Xilinx/2019.2/Vivado/2019.2/lnx64/tools/gcc/lib/gcc/x86_64-unknown-linux-gnu/4.6.3/../../../../include/c++/4.6.3/bits/stl_algobase.h:745]   --->   Operation 93 'store' <Predicate = (!icmp_ln743 & p_02_rec == 29)> <Delay = 0.00>
ST_2 : Operation 94 [1/1] (0.00ns)   --->   "br label %ap_fixed_base.exit95" [/vol/cc/opt/Xilinx/2019.2/Vivado/2019.2/lnx64/tools/gcc/lib/gcc/x86_64-unknown-linux-gnu/4.6.3/../../../../include/c++/4.6.3/bits/stl_algobase.h:745]   --->   Operation 94 'br' <Predicate = (!icmp_ln743 & p_02_rec == 29)> <Delay = 0.00>
ST_2 : Operation 95 [1/1] (0.00ns)   --->   "store i35 0, i35* %p_first_28_V_write_assign" [/vol/cc/opt/Xilinx/2019.2/Vivado/2019.2/lnx64/tools/gcc/lib/gcc/x86_64-unknown-linux-gnu/4.6.3/../../../../include/c++/4.6.3/bits/stl_algobase.h:745]   --->   Operation 95 'store' <Predicate = (!icmp_ln743 & p_02_rec == 28)> <Delay = 0.00>
ST_2 : Operation 96 [1/1] (0.00ns)   --->   "br label %ap_fixed_base.exit95" [/vol/cc/opt/Xilinx/2019.2/Vivado/2019.2/lnx64/tools/gcc/lib/gcc/x86_64-unknown-linux-gnu/4.6.3/../../../../include/c++/4.6.3/bits/stl_algobase.h:745]   --->   Operation 96 'br' <Predicate = (!icmp_ln743 & p_02_rec == 28)> <Delay = 0.00>
ST_2 : Operation 97 [1/1] (0.00ns)   --->   "store i35 0, i35* %p_first_27_V_write_assign" [/vol/cc/opt/Xilinx/2019.2/Vivado/2019.2/lnx64/tools/gcc/lib/gcc/x86_64-unknown-linux-gnu/4.6.3/../../../../include/c++/4.6.3/bits/stl_algobase.h:745]   --->   Operation 97 'store' <Predicate = (!icmp_ln743 & p_02_rec == 27)> <Delay = 0.00>
ST_2 : Operation 98 [1/1] (0.00ns)   --->   "br label %ap_fixed_base.exit95" [/vol/cc/opt/Xilinx/2019.2/Vivado/2019.2/lnx64/tools/gcc/lib/gcc/x86_64-unknown-linux-gnu/4.6.3/../../../../include/c++/4.6.3/bits/stl_algobase.h:745]   --->   Operation 98 'br' <Predicate = (!icmp_ln743 & p_02_rec == 27)> <Delay = 0.00>
ST_2 : Operation 99 [1/1] (0.00ns)   --->   "store i35 0, i35* %p_first_26_V_write_assign" [/vol/cc/opt/Xilinx/2019.2/Vivado/2019.2/lnx64/tools/gcc/lib/gcc/x86_64-unknown-linux-gnu/4.6.3/../../../../include/c++/4.6.3/bits/stl_algobase.h:745]   --->   Operation 99 'store' <Predicate = (!icmp_ln743 & p_02_rec == 26)> <Delay = 0.00>
ST_2 : Operation 100 [1/1] (0.00ns)   --->   "br label %ap_fixed_base.exit95" [/vol/cc/opt/Xilinx/2019.2/Vivado/2019.2/lnx64/tools/gcc/lib/gcc/x86_64-unknown-linux-gnu/4.6.3/../../../../include/c++/4.6.3/bits/stl_algobase.h:745]   --->   Operation 100 'br' <Predicate = (!icmp_ln743 & p_02_rec == 26)> <Delay = 0.00>
ST_2 : Operation 101 [1/1] (0.00ns)   --->   "store i35 0, i35* %p_first_25_V_write_assign" [/vol/cc/opt/Xilinx/2019.2/Vivado/2019.2/lnx64/tools/gcc/lib/gcc/x86_64-unknown-linux-gnu/4.6.3/../../../../include/c++/4.6.3/bits/stl_algobase.h:745]   --->   Operation 101 'store' <Predicate = (!icmp_ln743 & p_02_rec == 25)> <Delay = 0.00>
ST_2 : Operation 102 [1/1] (0.00ns)   --->   "br label %ap_fixed_base.exit95" [/vol/cc/opt/Xilinx/2019.2/Vivado/2019.2/lnx64/tools/gcc/lib/gcc/x86_64-unknown-linux-gnu/4.6.3/../../../../include/c++/4.6.3/bits/stl_algobase.h:745]   --->   Operation 102 'br' <Predicate = (!icmp_ln743 & p_02_rec == 25)> <Delay = 0.00>
ST_2 : Operation 103 [1/1] (0.00ns)   --->   "store i35 0, i35* %p_first_24_V_write_assign" [/vol/cc/opt/Xilinx/2019.2/Vivado/2019.2/lnx64/tools/gcc/lib/gcc/x86_64-unknown-linux-gnu/4.6.3/../../../../include/c++/4.6.3/bits/stl_algobase.h:745]   --->   Operation 103 'store' <Predicate = (!icmp_ln743 & p_02_rec == 24)> <Delay = 0.00>
ST_2 : Operation 104 [1/1] (0.00ns)   --->   "br label %ap_fixed_base.exit95" [/vol/cc/opt/Xilinx/2019.2/Vivado/2019.2/lnx64/tools/gcc/lib/gcc/x86_64-unknown-linux-gnu/4.6.3/../../../../include/c++/4.6.3/bits/stl_algobase.h:745]   --->   Operation 104 'br' <Predicate = (!icmp_ln743 & p_02_rec == 24)> <Delay = 0.00>
ST_2 : Operation 105 [1/1] (0.00ns)   --->   "store i35 0, i35* %p_first_23_V_write_assign" [/vol/cc/opt/Xilinx/2019.2/Vivado/2019.2/lnx64/tools/gcc/lib/gcc/x86_64-unknown-linux-gnu/4.6.3/../../../../include/c++/4.6.3/bits/stl_algobase.h:745]   --->   Operation 105 'store' <Predicate = (!icmp_ln743 & p_02_rec == 23)> <Delay = 0.00>
ST_2 : Operation 106 [1/1] (0.00ns)   --->   "br label %ap_fixed_base.exit95" [/vol/cc/opt/Xilinx/2019.2/Vivado/2019.2/lnx64/tools/gcc/lib/gcc/x86_64-unknown-linux-gnu/4.6.3/../../../../include/c++/4.6.3/bits/stl_algobase.h:745]   --->   Operation 106 'br' <Predicate = (!icmp_ln743 & p_02_rec == 23)> <Delay = 0.00>
ST_2 : Operation 107 [1/1] (0.00ns)   --->   "store i35 0, i35* %p_first_22_V_write_assign" [/vol/cc/opt/Xilinx/2019.2/Vivado/2019.2/lnx64/tools/gcc/lib/gcc/x86_64-unknown-linux-gnu/4.6.3/../../../../include/c++/4.6.3/bits/stl_algobase.h:745]   --->   Operation 107 'store' <Predicate = (!icmp_ln743 & p_02_rec == 22)> <Delay = 0.00>
ST_2 : Operation 108 [1/1] (0.00ns)   --->   "br label %ap_fixed_base.exit95" [/vol/cc/opt/Xilinx/2019.2/Vivado/2019.2/lnx64/tools/gcc/lib/gcc/x86_64-unknown-linux-gnu/4.6.3/../../../../include/c++/4.6.3/bits/stl_algobase.h:745]   --->   Operation 108 'br' <Predicate = (!icmp_ln743 & p_02_rec == 22)> <Delay = 0.00>
ST_2 : Operation 109 [1/1] (0.00ns)   --->   "store i35 0, i35* %p_first_21_V_write_assign" [/vol/cc/opt/Xilinx/2019.2/Vivado/2019.2/lnx64/tools/gcc/lib/gcc/x86_64-unknown-linux-gnu/4.6.3/../../../../include/c++/4.6.3/bits/stl_algobase.h:745]   --->   Operation 109 'store' <Predicate = (!icmp_ln743 & p_02_rec == 21)> <Delay = 0.00>
ST_2 : Operation 110 [1/1] (0.00ns)   --->   "br label %ap_fixed_base.exit95" [/vol/cc/opt/Xilinx/2019.2/Vivado/2019.2/lnx64/tools/gcc/lib/gcc/x86_64-unknown-linux-gnu/4.6.3/../../../../include/c++/4.6.3/bits/stl_algobase.h:745]   --->   Operation 110 'br' <Predicate = (!icmp_ln743 & p_02_rec == 21)> <Delay = 0.00>
ST_2 : Operation 111 [1/1] (0.00ns)   --->   "store i35 0, i35* %p_first_20_V_write_assign" [/vol/cc/opt/Xilinx/2019.2/Vivado/2019.2/lnx64/tools/gcc/lib/gcc/x86_64-unknown-linux-gnu/4.6.3/../../../../include/c++/4.6.3/bits/stl_algobase.h:745]   --->   Operation 111 'store' <Predicate = (!icmp_ln743 & p_02_rec == 20)> <Delay = 0.00>
ST_2 : Operation 112 [1/1] (0.00ns)   --->   "br label %ap_fixed_base.exit95" [/vol/cc/opt/Xilinx/2019.2/Vivado/2019.2/lnx64/tools/gcc/lib/gcc/x86_64-unknown-linux-gnu/4.6.3/../../../../include/c++/4.6.3/bits/stl_algobase.h:745]   --->   Operation 112 'br' <Predicate = (!icmp_ln743 & p_02_rec == 20)> <Delay = 0.00>
ST_2 : Operation 113 [1/1] (0.00ns)   --->   "store i35 0, i35* %p_first_19_V_write_assign" [/vol/cc/opt/Xilinx/2019.2/Vivado/2019.2/lnx64/tools/gcc/lib/gcc/x86_64-unknown-linux-gnu/4.6.3/../../../../include/c++/4.6.3/bits/stl_algobase.h:745]   --->   Operation 113 'store' <Predicate = (!icmp_ln743 & p_02_rec == 19)> <Delay = 0.00>
ST_2 : Operation 114 [1/1] (0.00ns)   --->   "br label %ap_fixed_base.exit95" [/vol/cc/opt/Xilinx/2019.2/Vivado/2019.2/lnx64/tools/gcc/lib/gcc/x86_64-unknown-linux-gnu/4.6.3/../../../../include/c++/4.6.3/bits/stl_algobase.h:745]   --->   Operation 114 'br' <Predicate = (!icmp_ln743 & p_02_rec == 19)> <Delay = 0.00>
ST_2 : Operation 115 [1/1] (0.00ns)   --->   "store i35 0, i35* %p_first_18_V_write_assign" [/vol/cc/opt/Xilinx/2019.2/Vivado/2019.2/lnx64/tools/gcc/lib/gcc/x86_64-unknown-linux-gnu/4.6.3/../../../../include/c++/4.6.3/bits/stl_algobase.h:745]   --->   Operation 115 'store' <Predicate = (!icmp_ln743 & p_02_rec == 18)> <Delay = 0.00>
ST_2 : Operation 116 [1/1] (0.00ns)   --->   "br label %ap_fixed_base.exit95" [/vol/cc/opt/Xilinx/2019.2/Vivado/2019.2/lnx64/tools/gcc/lib/gcc/x86_64-unknown-linux-gnu/4.6.3/../../../../include/c++/4.6.3/bits/stl_algobase.h:745]   --->   Operation 116 'br' <Predicate = (!icmp_ln743 & p_02_rec == 18)> <Delay = 0.00>
ST_2 : Operation 117 [1/1] (0.00ns)   --->   "store i35 0, i35* %p_first_17_V_write_assign" [/vol/cc/opt/Xilinx/2019.2/Vivado/2019.2/lnx64/tools/gcc/lib/gcc/x86_64-unknown-linux-gnu/4.6.3/../../../../include/c++/4.6.3/bits/stl_algobase.h:745]   --->   Operation 117 'store' <Predicate = (!icmp_ln743 & p_02_rec == 17)> <Delay = 0.00>
ST_2 : Operation 118 [1/1] (0.00ns)   --->   "br label %ap_fixed_base.exit95" [/vol/cc/opt/Xilinx/2019.2/Vivado/2019.2/lnx64/tools/gcc/lib/gcc/x86_64-unknown-linux-gnu/4.6.3/../../../../include/c++/4.6.3/bits/stl_algobase.h:745]   --->   Operation 118 'br' <Predicate = (!icmp_ln743 & p_02_rec == 17)> <Delay = 0.00>
ST_2 : Operation 119 [1/1] (0.00ns)   --->   "store i35 0, i35* %p_first_16_V_write_assign" [/vol/cc/opt/Xilinx/2019.2/Vivado/2019.2/lnx64/tools/gcc/lib/gcc/x86_64-unknown-linux-gnu/4.6.3/../../../../include/c++/4.6.3/bits/stl_algobase.h:745]   --->   Operation 119 'store' <Predicate = (!icmp_ln743 & p_02_rec == 16)> <Delay = 0.00>
ST_2 : Operation 120 [1/1] (0.00ns)   --->   "br label %ap_fixed_base.exit95" [/vol/cc/opt/Xilinx/2019.2/Vivado/2019.2/lnx64/tools/gcc/lib/gcc/x86_64-unknown-linux-gnu/4.6.3/../../../../include/c++/4.6.3/bits/stl_algobase.h:745]   --->   Operation 120 'br' <Predicate = (!icmp_ln743 & p_02_rec == 16)> <Delay = 0.00>
ST_2 : Operation 121 [1/1] (0.00ns)   --->   "store i35 0, i35* %p_first_15_V_write_assign" [/vol/cc/opt/Xilinx/2019.2/Vivado/2019.2/lnx64/tools/gcc/lib/gcc/x86_64-unknown-linux-gnu/4.6.3/../../../../include/c++/4.6.3/bits/stl_algobase.h:745]   --->   Operation 121 'store' <Predicate = (!icmp_ln743 & p_02_rec == 15)> <Delay = 0.00>
ST_2 : Operation 122 [1/1] (0.00ns)   --->   "br label %ap_fixed_base.exit95" [/vol/cc/opt/Xilinx/2019.2/Vivado/2019.2/lnx64/tools/gcc/lib/gcc/x86_64-unknown-linux-gnu/4.6.3/../../../../include/c++/4.6.3/bits/stl_algobase.h:745]   --->   Operation 122 'br' <Predicate = (!icmp_ln743 & p_02_rec == 15)> <Delay = 0.00>
ST_2 : Operation 123 [1/1] (0.00ns)   --->   "store i35 0, i35* %p_first_14_V_write_assign" [/vol/cc/opt/Xilinx/2019.2/Vivado/2019.2/lnx64/tools/gcc/lib/gcc/x86_64-unknown-linux-gnu/4.6.3/../../../../include/c++/4.6.3/bits/stl_algobase.h:745]   --->   Operation 123 'store' <Predicate = (!icmp_ln743 & p_02_rec == 14)> <Delay = 0.00>
ST_2 : Operation 124 [1/1] (0.00ns)   --->   "br label %ap_fixed_base.exit95" [/vol/cc/opt/Xilinx/2019.2/Vivado/2019.2/lnx64/tools/gcc/lib/gcc/x86_64-unknown-linux-gnu/4.6.3/../../../../include/c++/4.6.3/bits/stl_algobase.h:745]   --->   Operation 124 'br' <Predicate = (!icmp_ln743 & p_02_rec == 14)> <Delay = 0.00>
ST_2 : Operation 125 [1/1] (0.00ns)   --->   "store i35 0, i35* %p_first_13_V_write_assign" [/vol/cc/opt/Xilinx/2019.2/Vivado/2019.2/lnx64/tools/gcc/lib/gcc/x86_64-unknown-linux-gnu/4.6.3/../../../../include/c++/4.6.3/bits/stl_algobase.h:745]   --->   Operation 125 'store' <Predicate = (!icmp_ln743 & p_02_rec == 13)> <Delay = 0.00>
ST_2 : Operation 126 [1/1] (0.00ns)   --->   "br label %ap_fixed_base.exit95" [/vol/cc/opt/Xilinx/2019.2/Vivado/2019.2/lnx64/tools/gcc/lib/gcc/x86_64-unknown-linux-gnu/4.6.3/../../../../include/c++/4.6.3/bits/stl_algobase.h:745]   --->   Operation 126 'br' <Predicate = (!icmp_ln743 & p_02_rec == 13)> <Delay = 0.00>
ST_2 : Operation 127 [1/1] (0.00ns)   --->   "store i35 0, i35* %p_first_12_V_write_assign" [/vol/cc/opt/Xilinx/2019.2/Vivado/2019.2/lnx64/tools/gcc/lib/gcc/x86_64-unknown-linux-gnu/4.6.3/../../../../include/c++/4.6.3/bits/stl_algobase.h:745]   --->   Operation 127 'store' <Predicate = (!icmp_ln743 & p_02_rec == 12)> <Delay = 0.00>
ST_2 : Operation 128 [1/1] (0.00ns)   --->   "br label %ap_fixed_base.exit95" [/vol/cc/opt/Xilinx/2019.2/Vivado/2019.2/lnx64/tools/gcc/lib/gcc/x86_64-unknown-linux-gnu/4.6.3/../../../../include/c++/4.6.3/bits/stl_algobase.h:745]   --->   Operation 128 'br' <Predicate = (!icmp_ln743 & p_02_rec == 12)> <Delay = 0.00>
ST_2 : Operation 129 [1/1] (0.00ns)   --->   "store i35 0, i35* %p_first_11_V_write_assign" [/vol/cc/opt/Xilinx/2019.2/Vivado/2019.2/lnx64/tools/gcc/lib/gcc/x86_64-unknown-linux-gnu/4.6.3/../../../../include/c++/4.6.3/bits/stl_algobase.h:745]   --->   Operation 129 'store' <Predicate = (!icmp_ln743 & p_02_rec == 11)> <Delay = 0.00>
ST_2 : Operation 130 [1/1] (0.00ns)   --->   "br label %ap_fixed_base.exit95" [/vol/cc/opt/Xilinx/2019.2/Vivado/2019.2/lnx64/tools/gcc/lib/gcc/x86_64-unknown-linux-gnu/4.6.3/../../../../include/c++/4.6.3/bits/stl_algobase.h:745]   --->   Operation 130 'br' <Predicate = (!icmp_ln743 & p_02_rec == 11)> <Delay = 0.00>
ST_2 : Operation 131 [1/1] (0.00ns)   --->   "store i35 0, i35* %p_first_10_V_write_assign" [/vol/cc/opt/Xilinx/2019.2/Vivado/2019.2/lnx64/tools/gcc/lib/gcc/x86_64-unknown-linux-gnu/4.6.3/../../../../include/c++/4.6.3/bits/stl_algobase.h:745]   --->   Operation 131 'store' <Predicate = (!icmp_ln743 & p_02_rec == 10)> <Delay = 0.00>
ST_2 : Operation 132 [1/1] (0.00ns)   --->   "br label %ap_fixed_base.exit95" [/vol/cc/opt/Xilinx/2019.2/Vivado/2019.2/lnx64/tools/gcc/lib/gcc/x86_64-unknown-linux-gnu/4.6.3/../../../../include/c++/4.6.3/bits/stl_algobase.h:745]   --->   Operation 132 'br' <Predicate = (!icmp_ln743 & p_02_rec == 10)> <Delay = 0.00>
ST_2 : Operation 133 [1/1] (0.00ns)   --->   "store i35 0, i35* %p_first_9_V_write_assign" [/vol/cc/opt/Xilinx/2019.2/Vivado/2019.2/lnx64/tools/gcc/lib/gcc/x86_64-unknown-linux-gnu/4.6.3/../../../../include/c++/4.6.3/bits/stl_algobase.h:745]   --->   Operation 133 'store' <Predicate = (!icmp_ln743 & p_02_rec == 9)> <Delay = 0.00>
ST_2 : Operation 134 [1/1] (0.00ns)   --->   "br label %ap_fixed_base.exit95" [/vol/cc/opt/Xilinx/2019.2/Vivado/2019.2/lnx64/tools/gcc/lib/gcc/x86_64-unknown-linux-gnu/4.6.3/../../../../include/c++/4.6.3/bits/stl_algobase.h:745]   --->   Operation 134 'br' <Predicate = (!icmp_ln743 & p_02_rec == 9)> <Delay = 0.00>
ST_2 : Operation 135 [1/1] (0.00ns)   --->   "store i35 0, i35* %p_first_8_V_write_assign" [/vol/cc/opt/Xilinx/2019.2/Vivado/2019.2/lnx64/tools/gcc/lib/gcc/x86_64-unknown-linux-gnu/4.6.3/../../../../include/c++/4.6.3/bits/stl_algobase.h:745]   --->   Operation 135 'store' <Predicate = (!icmp_ln743 & p_02_rec == 8)> <Delay = 0.00>
ST_2 : Operation 136 [1/1] (0.00ns)   --->   "br label %ap_fixed_base.exit95" [/vol/cc/opt/Xilinx/2019.2/Vivado/2019.2/lnx64/tools/gcc/lib/gcc/x86_64-unknown-linux-gnu/4.6.3/../../../../include/c++/4.6.3/bits/stl_algobase.h:745]   --->   Operation 136 'br' <Predicate = (!icmp_ln743 & p_02_rec == 8)> <Delay = 0.00>
ST_2 : Operation 137 [1/1] (0.00ns)   --->   "store i35 0, i35* %p_first_7_V_write_assign" [/vol/cc/opt/Xilinx/2019.2/Vivado/2019.2/lnx64/tools/gcc/lib/gcc/x86_64-unknown-linux-gnu/4.6.3/../../../../include/c++/4.6.3/bits/stl_algobase.h:745]   --->   Operation 137 'store' <Predicate = (!icmp_ln743 & p_02_rec == 7)> <Delay = 0.00>
ST_2 : Operation 138 [1/1] (0.00ns)   --->   "br label %ap_fixed_base.exit95" [/vol/cc/opt/Xilinx/2019.2/Vivado/2019.2/lnx64/tools/gcc/lib/gcc/x86_64-unknown-linux-gnu/4.6.3/../../../../include/c++/4.6.3/bits/stl_algobase.h:745]   --->   Operation 138 'br' <Predicate = (!icmp_ln743 & p_02_rec == 7)> <Delay = 0.00>
ST_2 : Operation 139 [1/1] (0.00ns)   --->   "store i35 0, i35* %p_first_6_V_write_assign" [/vol/cc/opt/Xilinx/2019.2/Vivado/2019.2/lnx64/tools/gcc/lib/gcc/x86_64-unknown-linux-gnu/4.6.3/../../../../include/c++/4.6.3/bits/stl_algobase.h:745]   --->   Operation 139 'store' <Predicate = (!icmp_ln743 & p_02_rec == 6)> <Delay = 0.00>
ST_2 : Operation 140 [1/1] (0.00ns)   --->   "br label %ap_fixed_base.exit95" [/vol/cc/opt/Xilinx/2019.2/Vivado/2019.2/lnx64/tools/gcc/lib/gcc/x86_64-unknown-linux-gnu/4.6.3/../../../../include/c++/4.6.3/bits/stl_algobase.h:745]   --->   Operation 140 'br' <Predicate = (!icmp_ln743 & p_02_rec == 6)> <Delay = 0.00>
ST_2 : Operation 141 [1/1] (0.00ns)   --->   "store i35 0, i35* %p_first_5_V_write_assign" [/vol/cc/opt/Xilinx/2019.2/Vivado/2019.2/lnx64/tools/gcc/lib/gcc/x86_64-unknown-linux-gnu/4.6.3/../../../../include/c++/4.6.3/bits/stl_algobase.h:745]   --->   Operation 141 'store' <Predicate = (!icmp_ln743 & p_02_rec == 5)> <Delay = 0.00>
ST_2 : Operation 142 [1/1] (0.00ns)   --->   "br label %ap_fixed_base.exit95" [/vol/cc/opt/Xilinx/2019.2/Vivado/2019.2/lnx64/tools/gcc/lib/gcc/x86_64-unknown-linux-gnu/4.6.3/../../../../include/c++/4.6.3/bits/stl_algobase.h:745]   --->   Operation 142 'br' <Predicate = (!icmp_ln743 & p_02_rec == 5)> <Delay = 0.00>
ST_2 : Operation 143 [1/1] (0.00ns)   --->   "store i35 0, i35* %p_first_4_V_write_assign" [/vol/cc/opt/Xilinx/2019.2/Vivado/2019.2/lnx64/tools/gcc/lib/gcc/x86_64-unknown-linux-gnu/4.6.3/../../../../include/c++/4.6.3/bits/stl_algobase.h:745]   --->   Operation 143 'store' <Predicate = (!icmp_ln743 & p_02_rec == 4)> <Delay = 0.00>
ST_2 : Operation 144 [1/1] (0.00ns)   --->   "br label %ap_fixed_base.exit95" [/vol/cc/opt/Xilinx/2019.2/Vivado/2019.2/lnx64/tools/gcc/lib/gcc/x86_64-unknown-linux-gnu/4.6.3/../../../../include/c++/4.6.3/bits/stl_algobase.h:745]   --->   Operation 144 'br' <Predicate = (!icmp_ln743 & p_02_rec == 4)> <Delay = 0.00>
ST_2 : Operation 145 [1/1] (0.00ns)   --->   "store i35 0, i35* %p_first_3_V_write_assign" [/vol/cc/opt/Xilinx/2019.2/Vivado/2019.2/lnx64/tools/gcc/lib/gcc/x86_64-unknown-linux-gnu/4.6.3/../../../../include/c++/4.6.3/bits/stl_algobase.h:745]   --->   Operation 145 'store' <Predicate = (!icmp_ln743 & p_02_rec == 3)> <Delay = 0.00>
ST_2 : Operation 146 [1/1] (0.00ns)   --->   "br label %ap_fixed_base.exit95" [/vol/cc/opt/Xilinx/2019.2/Vivado/2019.2/lnx64/tools/gcc/lib/gcc/x86_64-unknown-linux-gnu/4.6.3/../../../../include/c++/4.6.3/bits/stl_algobase.h:745]   --->   Operation 146 'br' <Predicate = (!icmp_ln743 & p_02_rec == 3)> <Delay = 0.00>
ST_2 : Operation 147 [1/1] (0.00ns)   --->   "store i35 0, i35* %p_first_2_V_write_assign" [/vol/cc/opt/Xilinx/2019.2/Vivado/2019.2/lnx64/tools/gcc/lib/gcc/x86_64-unknown-linux-gnu/4.6.3/../../../../include/c++/4.6.3/bits/stl_algobase.h:745]   --->   Operation 147 'store' <Predicate = (!icmp_ln743 & p_02_rec == 2)> <Delay = 0.00>
ST_2 : Operation 148 [1/1] (0.00ns)   --->   "br label %ap_fixed_base.exit95" [/vol/cc/opt/Xilinx/2019.2/Vivado/2019.2/lnx64/tools/gcc/lib/gcc/x86_64-unknown-linux-gnu/4.6.3/../../../../include/c++/4.6.3/bits/stl_algobase.h:745]   --->   Operation 148 'br' <Predicate = (!icmp_ln743 & p_02_rec == 2)> <Delay = 0.00>
ST_2 : Operation 149 [1/1] (0.00ns)   --->   "store i35 0, i35* %p_first_1_V_write_assign" [/vol/cc/opt/Xilinx/2019.2/Vivado/2019.2/lnx64/tools/gcc/lib/gcc/x86_64-unknown-linux-gnu/4.6.3/../../../../include/c++/4.6.3/bits/stl_algobase.h:745]   --->   Operation 149 'store' <Predicate = (!icmp_ln743 & p_02_rec == 1)> <Delay = 0.00>
ST_2 : Operation 150 [1/1] (0.00ns)   --->   "br label %ap_fixed_base.exit95" [/vol/cc/opt/Xilinx/2019.2/Vivado/2019.2/lnx64/tools/gcc/lib/gcc/x86_64-unknown-linux-gnu/4.6.3/../../../../include/c++/4.6.3/bits/stl_algobase.h:745]   --->   Operation 150 'br' <Predicate = (!icmp_ln743 & p_02_rec == 1)> <Delay = 0.00>
ST_2 : Operation 151 [1/1] (0.00ns)   --->   "store i35 0, i35* %p_first_0_V_write_assign" [/vol/cc/opt/Xilinx/2019.2/Vivado/2019.2/lnx64/tools/gcc/lib/gcc/x86_64-unknown-linux-gnu/4.6.3/../../../../include/c++/4.6.3/bits/stl_algobase.h:745]   --->   Operation 151 'store' <Predicate = (!icmp_ln743 & p_02_rec == 0)> <Delay = 0.00>
ST_2 : Operation 152 [1/1] (0.00ns)   --->   "br label %ap_fixed_base.exit95" [/vol/cc/opt/Xilinx/2019.2/Vivado/2019.2/lnx64/tools/gcc/lib/gcc/x86_64-unknown-linux-gnu/4.6.3/../../../../include/c++/4.6.3/bits/stl_algobase.h:745]   --->   Operation 152 'br' <Predicate = (!icmp_ln743 & p_02_rec == 0)> <Delay = 0.00>
ST_2 : Operation 153 [1/1] (0.00ns)   --->   "store i35 0, i35* %p_first_47_V_write_assign" [/vol/cc/opt/Xilinx/2019.2/Vivado/2019.2/lnx64/tools/gcc/lib/gcc/x86_64-unknown-linux-gnu/4.6.3/../../../../include/c++/4.6.3/bits/stl_algobase.h:745]   --->   Operation 153 'store' <Predicate = (!icmp_ln743 & p_02_rec == 63) | (!icmp_ln743 & p_02_rec == 62) | (!icmp_ln743 & p_02_rec == 61) | (!icmp_ln743 & p_02_rec == 60) | (!icmp_ln743 & p_02_rec == 59) | (!icmp_ln743 & p_02_rec == 58) | (!icmp_ln743 & p_02_rec == 57) | (!icmp_ln743 & p_02_rec == 56) | (!icmp_ln743 & p_02_rec == 55) | (!icmp_ln743 & p_02_rec == 54) | (!icmp_ln743 & p_02_rec == 53) | (!icmp_ln743 & p_02_rec == 52) | (!icmp_ln743 & p_02_rec == 51) | (!icmp_ln743 & p_02_rec == 50) | (!icmp_ln743 & p_02_rec == 49) | (!icmp_ln743 & p_02_rec == 48) | (!icmp_ln743 & p_02_rec == 47)> <Delay = 0.00>
ST_2 : Operation 154 [1/1] (0.00ns)   --->   "br label %ap_fixed_base.exit95" [/vol/cc/opt/Xilinx/2019.2/Vivado/2019.2/lnx64/tools/gcc/lib/gcc/x86_64-unknown-linux-gnu/4.6.3/../../../../include/c++/4.6.3/bits/stl_algobase.h:745]   --->   Operation 154 'br' <Predicate = (!icmp_ln743 & p_02_rec == 63) | (!icmp_ln743 & p_02_rec == 62) | (!icmp_ln743 & p_02_rec == 61) | (!icmp_ln743 & p_02_rec == 60) | (!icmp_ln743 & p_02_rec == 59) | (!icmp_ln743 & p_02_rec == 58) | (!icmp_ln743 & p_02_rec == 57) | (!icmp_ln743 & p_02_rec == 56) | (!icmp_ln743 & p_02_rec == 55) | (!icmp_ln743 & p_02_rec == 54) | (!icmp_ln743 & p_02_rec == 53) | (!icmp_ln743 & p_02_rec == 52) | (!icmp_ln743 & p_02_rec == 51) | (!icmp_ln743 & p_02_rec == 50) | (!icmp_ln743 & p_02_rec == 49) | (!icmp_ln743 & p_02_rec == 48) | (!icmp_ln743 & p_02_rec == 47)> <Delay = 0.00>
ST_2 : Operation 155 [1/1] (0.43ns)   --->   "%p_niter = add i6 %p_niter_0, -1" [/vol/cc/opt/Xilinx/2019.2/Vivado/2019.2/lnx64/tools/gcc/lib/gcc/x86_64-unknown-linux-gnu/4.6.3/../../../../include/c++/4.6.3/bits/stl_algobase.h:744]   --->   Operation 155 'add' 'p_niter' <Predicate = (!icmp_ln743)> <Delay = 0.43> <Core = "AddSub">   --->   Core 14 'AddSub' <Latency = 0> <II = 1> <Delay = 0.43> <FuncUnit> <Opcode : 'add' 'sub'> <InPorts = 2> <OutPorts = 1>
ST_2 : Operation 156 [1/1] (0.00ns)   --->   "br label %1" [/vol/cc/opt/Xilinx/2019.2/Vivado/2019.2/lnx64/tools/gcc/lib/gcc/x86_64-unknown-linux-gnu/4.6.3/../../../../include/c++/4.6.3/bits/stl_algobase.h:744]   --->   Operation 156 'br' <Predicate = (!icmp_ln743)> <Delay = 0.00>
ST_2 : Operation 157 [1/1] (0.00ns)   --->   "%p_first_47_V_write_assign_load = load i35* %p_first_47_V_write_assign"   --->   Operation 157 'load' 'p_first_47_V_write_assign_load' <Predicate = (icmp_ln743)> <Delay = 0.00>
ST_2 : Operation 158 [1/1] (0.00ns)   --->   "%p_first_14_V_write_assign_load = load i35* %p_first_14_V_write_assign"   --->   Operation 158 'load' 'p_first_14_V_write_assign_load' <Predicate = (icmp_ln743)> <Delay = 0.00>
ST_2 : Operation 159 [1/1] (0.00ns)   --->   "%p_first_46_V_write_assign_load = load i35* %p_first_46_V_write_assign"   --->   Operation 159 'load' 'p_first_46_V_write_assign_load' <Predicate = (icmp_ln743)> <Delay = 0.00>
ST_2 : Operation 160 [1/1] (0.00ns)   --->   "%p_first_45_V_write_assign_load = load i35* %p_first_45_V_write_assign"   --->   Operation 160 'load' 'p_first_45_V_write_assign_load' <Predicate = (icmp_ln743)> <Delay = 0.00>
ST_2 : Operation 161 [1/1] (0.00ns)   --->   "%p_first_15_V_write_assign_load = load i35* %p_first_15_V_write_assign"   --->   Operation 161 'load' 'p_first_15_V_write_assign_load' <Predicate = (icmp_ln743)> <Delay = 0.00>
ST_2 : Operation 162 [1/1] (0.00ns)   --->   "%p_first_44_V_write_assign_load = load i35* %p_first_44_V_write_assign"   --->   Operation 162 'load' 'p_first_44_V_write_assign_load' <Predicate = (icmp_ln743)> <Delay = 0.00>
ST_2 : Operation 163 [1/1] (0.00ns)   --->   "%p_first_43_V_write_assign_load = load i35* %p_first_43_V_write_assign"   --->   Operation 163 'load' 'p_first_43_V_write_assign_load' <Predicate = (icmp_ln743)> <Delay = 0.00>
ST_2 : Operation 164 [1/1] (0.00ns)   --->   "%p_first_16_V_write_assign_load = load i35* %p_first_16_V_write_assign"   --->   Operation 164 'load' 'p_first_16_V_write_assign_load' <Predicate = (icmp_ln743)> <Delay = 0.00>
ST_2 : Operation 165 [1/1] (0.00ns)   --->   "%p_first_42_V_write_assign_load = load i35* %p_first_42_V_write_assign"   --->   Operation 165 'load' 'p_first_42_V_write_assign_load' <Predicate = (icmp_ln743)> <Delay = 0.00>
ST_2 : Operation 166 [1/1] (0.00ns)   --->   "%p_first_41_V_write_assign_load = load i35* %p_first_41_V_write_assign"   --->   Operation 166 'load' 'p_first_41_V_write_assign_load' <Predicate = (icmp_ln743)> <Delay = 0.00>
ST_2 : Operation 167 [1/1] (0.00ns)   --->   "%p_first_17_V_write_assign_load = load i35* %p_first_17_V_write_assign"   --->   Operation 167 'load' 'p_first_17_V_write_assign_load' <Predicate = (icmp_ln743)> <Delay = 0.00>
ST_2 : Operation 168 [1/1] (0.00ns)   --->   "%p_first_40_V_write_assign_load = load i35* %p_first_40_V_write_assign"   --->   Operation 168 'load' 'p_first_40_V_write_assign_load' <Predicate = (icmp_ln743)> <Delay = 0.00>
ST_2 : Operation 169 [1/1] (0.00ns)   --->   "%p_first_39_V_write_assign_load = load i35* %p_first_39_V_write_assign"   --->   Operation 169 'load' 'p_first_39_V_write_assign_load' <Predicate = (icmp_ln743)> <Delay = 0.00>
ST_2 : Operation 170 [1/1] (0.00ns)   --->   "%p_first_18_V_write_assign_load = load i35* %p_first_18_V_write_assign"   --->   Operation 170 'load' 'p_first_18_V_write_assign_load' <Predicate = (icmp_ln743)> <Delay = 0.00>
ST_2 : Operation 171 [1/1] (0.00ns)   --->   "%p_first_38_V_write_assign_load = load i35* %p_first_38_V_write_assign"   --->   Operation 171 'load' 'p_first_38_V_write_assign_load' <Predicate = (icmp_ln743)> <Delay = 0.00>
ST_2 : Operation 172 [1/1] (0.00ns)   --->   "%p_first_37_V_write_assign_load = load i35* %p_first_37_V_write_assign"   --->   Operation 172 'load' 'p_first_37_V_write_assign_load' <Predicate = (icmp_ln743)> <Delay = 0.00>
ST_2 : Operation 173 [1/1] (0.00ns)   --->   "%p_first_19_V_write_assign_load = load i35* %p_first_19_V_write_assign"   --->   Operation 173 'load' 'p_first_19_V_write_assign_load' <Predicate = (icmp_ln743)> <Delay = 0.00>
ST_2 : Operation 174 [1/1] (0.00ns)   --->   "%p_first_36_V_write_assign_load = load i35* %p_first_36_V_write_assign"   --->   Operation 174 'load' 'p_first_36_V_write_assign_load' <Predicate = (icmp_ln743)> <Delay = 0.00>
ST_2 : Operation 175 [1/1] (0.00ns)   --->   "%p_first_35_V_write_assign_load = load i35* %p_first_35_V_write_assign"   --->   Operation 175 'load' 'p_first_35_V_write_assign_load' <Predicate = (icmp_ln743)> <Delay = 0.00>
ST_2 : Operation 176 [1/1] (0.00ns)   --->   "%p_first_20_V_write_assign_load = load i35* %p_first_20_V_write_assign"   --->   Operation 176 'load' 'p_first_20_V_write_assign_load' <Predicate = (icmp_ln743)> <Delay = 0.00>
ST_2 : Operation 177 [1/1] (0.00ns)   --->   "%p_first_34_V_write_assign_load = load i35* %p_first_34_V_write_assign"   --->   Operation 177 'load' 'p_first_34_V_write_assign_load' <Predicate = (icmp_ln743)> <Delay = 0.00>
ST_2 : Operation 178 [1/1] (0.00ns)   --->   "%p_first_33_V_write_assign_load = load i35* %p_first_33_V_write_assign"   --->   Operation 178 'load' 'p_first_33_V_write_assign_load' <Predicate = (icmp_ln743)> <Delay = 0.00>
ST_2 : Operation 179 [1/1] (0.00ns)   --->   "%p_first_21_V_write_assign_load = load i35* %p_first_21_V_write_assign"   --->   Operation 179 'load' 'p_first_21_V_write_assign_load' <Predicate = (icmp_ln743)> <Delay = 0.00>
ST_2 : Operation 180 [1/1] (0.00ns)   --->   "%p_first_32_V_write_assign_load = load i35* %p_first_32_V_write_assign"   --->   Operation 180 'load' 'p_first_32_V_write_assign_load' <Predicate = (icmp_ln743)> <Delay = 0.00>
ST_2 : Operation 181 [1/1] (0.00ns)   --->   "%p_first_31_V_write_assign_load = load i35* %p_first_31_V_write_assign"   --->   Operation 181 'load' 'p_first_31_V_write_assign_load' <Predicate = (icmp_ln743)> <Delay = 0.00>
ST_2 : Operation 182 [1/1] (0.00ns)   --->   "%p_first_22_V_write_assign_load = load i35* %p_first_22_V_write_assign"   --->   Operation 182 'load' 'p_first_22_V_write_assign_load' <Predicate = (icmp_ln743)> <Delay = 0.00>
ST_2 : Operation 183 [1/1] (0.00ns)   --->   "%p_first_30_V_write_assign_load = load i35* %p_first_30_V_write_assign"   --->   Operation 183 'load' 'p_first_30_V_write_assign_load' <Predicate = (icmp_ln743)> <Delay = 0.00>
ST_2 : Operation 184 [1/1] (0.00ns)   --->   "%p_first_29_V_write_assign_load = load i35* %p_first_29_V_write_assign"   --->   Operation 184 'load' 'p_first_29_V_write_assign_load' <Predicate = (icmp_ln743)> <Delay = 0.00>
ST_2 : Operation 185 [1/1] (0.00ns)   --->   "%p_first_23_V_write_assign_load = load i35* %p_first_23_V_write_assign"   --->   Operation 185 'load' 'p_first_23_V_write_assign_load' <Predicate = (icmp_ln743)> <Delay = 0.00>
ST_2 : Operation 186 [1/1] (0.00ns)   --->   "%p_first_28_V_write_assign_load = load i35* %p_first_28_V_write_assign"   --->   Operation 186 'load' 'p_first_28_V_write_assign_load' <Predicate = (icmp_ln743)> <Delay = 0.00>
ST_2 : Operation 187 [1/1] (0.00ns)   --->   "%p_first_27_V_write_assign_load = load i35* %p_first_27_V_write_assign"   --->   Operation 187 'load' 'p_first_27_V_write_assign_load' <Predicate = (icmp_ln743)> <Delay = 0.00>
ST_2 : Operation 188 [1/1] (0.00ns)   --->   "%p_first_24_V_write_assign_load = load i35* %p_first_24_V_write_assign"   --->   Operation 188 'load' 'p_first_24_V_write_assign_load' <Predicate = (icmp_ln743)> <Delay = 0.00>
ST_2 : Operation 189 [1/1] (0.00ns)   --->   "%p_first_26_V_write_assign_load = load i35* %p_first_26_V_write_assign"   --->   Operation 189 'load' 'p_first_26_V_write_assign_load' <Predicate = (icmp_ln743)> <Delay = 0.00>
ST_2 : Operation 190 [1/1] (0.00ns)   --->   "%p_first_25_V_write_assign_load = load i35* %p_first_25_V_write_assign"   --->   Operation 190 'load' 'p_first_25_V_write_assign_load' <Predicate = (icmp_ln743)> <Delay = 0.00>
ST_2 : Operation 191 [1/1] (0.00ns)   --->   "%p_first_13_V_write_assign_load = load i35* %p_first_13_V_write_assign"   --->   Operation 191 'load' 'p_first_13_V_write_assign_load' <Predicate = (icmp_ln743)> <Delay = 0.00>
ST_2 : Operation 192 [1/1] (0.00ns)   --->   "%p_first_12_V_write_assign_load = load i35* %p_first_12_V_write_assign"   --->   Operation 192 'load' 'p_first_12_V_write_assign_load' <Predicate = (icmp_ln743)> <Delay = 0.00>
ST_2 : Operation 193 [1/1] (0.00ns)   --->   "%p_first_0_V_write_assign_load = load i35* %p_first_0_V_write_assign"   --->   Operation 193 'load' 'p_first_0_V_write_assign_load' <Predicate = (icmp_ln743)> <Delay = 0.00>
ST_2 : Operation 194 [1/1] (0.00ns)   --->   "%p_first_11_V_write_assign_load = load i35* %p_first_11_V_write_assign"   --->   Operation 194 'load' 'p_first_11_V_write_assign_load' <Predicate = (icmp_ln743)> <Delay = 0.00>
ST_2 : Operation 195 [1/1] (0.00ns)   --->   "%p_first_10_V_write_assign_load = load i35* %p_first_10_V_write_assign"   --->   Operation 195 'load' 'p_first_10_V_write_assign_load' <Predicate = (icmp_ln743)> <Delay = 0.00>
ST_2 : Operation 196 [1/1] (0.00ns)   --->   "%p_first_1_V_write_assign_load = load i35* %p_first_1_V_write_assign"   --->   Operation 196 'load' 'p_first_1_V_write_assign_load' <Predicate = (icmp_ln743)> <Delay = 0.00>
ST_2 : Operation 197 [1/1] (0.00ns)   --->   "%p_first_9_V_write_assign_load = load i35* %p_first_9_V_write_assign"   --->   Operation 197 'load' 'p_first_9_V_write_assign_load' <Predicate = (icmp_ln743)> <Delay = 0.00>
ST_2 : Operation 198 [1/1] (0.00ns)   --->   "%p_first_8_V_write_assign_load = load i35* %p_first_8_V_write_assign"   --->   Operation 198 'load' 'p_first_8_V_write_assign_load' <Predicate = (icmp_ln743)> <Delay = 0.00>
ST_2 : Operation 199 [1/1] (0.00ns)   --->   "%p_first_2_V_write_assign_load = load i35* %p_first_2_V_write_assign"   --->   Operation 199 'load' 'p_first_2_V_write_assign_load' <Predicate = (icmp_ln743)> <Delay = 0.00>
ST_2 : Operation 200 [1/1] (0.00ns)   --->   "%p_first_7_V_write_assign_load = load i35* %p_first_7_V_write_assign"   --->   Operation 200 'load' 'p_first_7_V_write_assign_load' <Predicate = (icmp_ln743)> <Delay = 0.00>
ST_2 : Operation 201 [1/1] (0.00ns)   --->   "%p_first_6_V_write_assign_load = load i35* %p_first_6_V_write_assign"   --->   Operation 201 'load' 'p_first_6_V_write_assign_load' <Predicate = (icmp_ln743)> <Delay = 0.00>
ST_2 : Operation 202 [1/1] (0.00ns)   --->   "%p_first_3_V_write_assign_load = load i35* %p_first_3_V_write_assign"   --->   Operation 202 'load' 'p_first_3_V_write_assign_load' <Predicate = (icmp_ln743)> <Delay = 0.00>
ST_2 : Operation 203 [1/1] (0.00ns)   --->   "%p_first_5_V_write_assign_load = load i35* %p_first_5_V_write_assign"   --->   Operation 203 'load' 'p_first_5_V_write_assign_load' <Predicate = (icmp_ln743)> <Delay = 0.00>
ST_2 : Operation 204 [1/1] (0.00ns)   --->   "%p_first_4_V_write_assign_load = load i35* %p_first_4_V_write_assign"   --->   Operation 204 'load' 'p_first_4_V_write_assign_load' <Predicate = (icmp_ln743)> <Delay = 0.00>
ST_2 : Operation 205 [1/1] (0.00ns)   --->   "%mrv = insertvalue { i35, i35, i35, i35, i35, i35, i35, i35, i35, i35, i35, i35, i35, i35, i35, i35, i35, i35, i35, i35, i35, i35, i35, i35, i35, i35, i35, i35, i35, i35, i35, i35, i35, i35, i35, i35, i35, i35, i35, i35, i35, i35, i35, i35, i35, i35, i35, i35 } undef, i35 %p_first_0_V_write_assign_load, 0"   --->   Operation 205 'insertvalue' 'mrv' <Predicate = (icmp_ln743)> <Delay = 0.00>
ST_2 : Operation 206 [1/1] (0.00ns)   --->   "%mrv_1 = insertvalue { i35, i35, i35, i35, i35, i35, i35, i35, i35, i35, i35, i35, i35, i35, i35, i35, i35, i35, i35, i35, i35, i35, i35, i35, i35, i35, i35, i35, i35, i35, i35, i35, i35, i35, i35, i35, i35, i35, i35, i35, i35, i35, i35, i35, i35, i35, i35, i35 } %mrv, i35 %p_first_1_V_write_assign_load, 1"   --->   Operation 206 'insertvalue' 'mrv_1' <Predicate = (icmp_ln743)> <Delay = 0.00>
ST_2 : Operation 207 [1/1] (0.00ns)   --->   "%mrv_2 = insertvalue { i35, i35, i35, i35, i35, i35, i35, i35, i35, i35, i35, i35, i35, i35, i35, i35, i35, i35, i35, i35, i35, i35, i35, i35, i35, i35, i35, i35, i35, i35, i35, i35, i35, i35, i35, i35, i35, i35, i35, i35, i35, i35, i35, i35, i35, i35, i35, i35 } %mrv_1, i35 %p_first_2_V_write_assign_load, 2"   --->   Operation 207 'insertvalue' 'mrv_2' <Predicate = (icmp_ln743)> <Delay = 0.00>
ST_2 : Operation 208 [1/1] (0.00ns)   --->   "%mrv_3 = insertvalue { i35, i35, i35, i35, i35, i35, i35, i35, i35, i35, i35, i35, i35, i35, i35, i35, i35, i35, i35, i35, i35, i35, i35, i35, i35, i35, i35, i35, i35, i35, i35, i35, i35, i35, i35, i35, i35, i35, i35, i35, i35, i35, i35, i35, i35, i35, i35, i35 } %mrv_2, i35 %p_first_3_V_write_assign_load, 3"   --->   Operation 208 'insertvalue' 'mrv_3' <Predicate = (icmp_ln743)> <Delay = 0.00>
ST_2 : Operation 209 [1/1] (0.00ns)   --->   "%mrv_4 = insertvalue { i35, i35, i35, i35, i35, i35, i35, i35, i35, i35, i35, i35, i35, i35, i35, i35, i35, i35, i35, i35, i35, i35, i35, i35, i35, i35, i35, i35, i35, i35, i35, i35, i35, i35, i35, i35, i35, i35, i35, i35, i35, i35, i35, i35, i35, i35, i35, i35 } %mrv_3, i35 %p_first_4_V_write_assign_load, 4"   --->   Operation 209 'insertvalue' 'mrv_4' <Predicate = (icmp_ln743)> <Delay = 0.00>
ST_2 : Operation 210 [1/1] (0.00ns)   --->   "%mrv_5 = insertvalue { i35, i35, i35, i35, i35, i35, i35, i35, i35, i35, i35, i35, i35, i35, i35, i35, i35, i35, i35, i35, i35, i35, i35, i35, i35, i35, i35, i35, i35, i35, i35, i35, i35, i35, i35, i35, i35, i35, i35, i35, i35, i35, i35, i35, i35, i35, i35, i35 } %mrv_4, i35 %p_first_5_V_write_assign_load, 5"   --->   Operation 210 'insertvalue' 'mrv_5' <Predicate = (icmp_ln743)> <Delay = 0.00>
ST_2 : Operation 211 [1/1] (0.00ns)   --->   "%mrv_6 = insertvalue { i35, i35, i35, i35, i35, i35, i35, i35, i35, i35, i35, i35, i35, i35, i35, i35, i35, i35, i35, i35, i35, i35, i35, i35, i35, i35, i35, i35, i35, i35, i35, i35, i35, i35, i35, i35, i35, i35, i35, i35, i35, i35, i35, i35, i35, i35, i35, i35 } %mrv_5, i35 %p_first_6_V_write_assign_load, 6"   --->   Operation 211 'insertvalue' 'mrv_6' <Predicate = (icmp_ln743)> <Delay = 0.00>
ST_2 : Operation 212 [1/1] (0.00ns)   --->   "%mrv_7 = insertvalue { i35, i35, i35, i35, i35, i35, i35, i35, i35, i35, i35, i35, i35, i35, i35, i35, i35, i35, i35, i35, i35, i35, i35, i35, i35, i35, i35, i35, i35, i35, i35, i35, i35, i35, i35, i35, i35, i35, i35, i35, i35, i35, i35, i35, i35, i35, i35, i35 } %mrv_6, i35 %p_first_7_V_write_assign_load, 7"   --->   Operation 212 'insertvalue' 'mrv_7' <Predicate = (icmp_ln743)> <Delay = 0.00>
ST_2 : Operation 213 [1/1] (0.00ns)   --->   "%mrv_8 = insertvalue { i35, i35, i35, i35, i35, i35, i35, i35, i35, i35, i35, i35, i35, i35, i35, i35, i35, i35, i35, i35, i35, i35, i35, i35, i35, i35, i35, i35, i35, i35, i35, i35, i35, i35, i35, i35, i35, i35, i35, i35, i35, i35, i35, i35, i35, i35, i35, i35 } %mrv_7, i35 %p_first_8_V_write_assign_load, 8"   --->   Operation 213 'insertvalue' 'mrv_8' <Predicate = (icmp_ln743)> <Delay = 0.00>
ST_2 : Operation 214 [1/1] (0.00ns)   --->   "%mrv_9 = insertvalue { i35, i35, i35, i35, i35, i35, i35, i35, i35, i35, i35, i35, i35, i35, i35, i35, i35, i35, i35, i35, i35, i35, i35, i35, i35, i35, i35, i35, i35, i35, i35, i35, i35, i35, i35, i35, i35, i35, i35, i35, i35, i35, i35, i35, i35, i35, i35, i35 } %mrv_8, i35 %p_first_9_V_write_assign_load, 9"   --->   Operation 214 'insertvalue' 'mrv_9' <Predicate = (icmp_ln743)> <Delay = 0.00>
ST_2 : Operation 215 [1/1] (0.00ns)   --->   "%mrv_s = insertvalue { i35, i35, i35, i35, i35, i35, i35, i35, i35, i35, i35, i35, i35, i35, i35, i35, i35, i35, i35, i35, i35, i35, i35, i35, i35, i35, i35, i35, i35, i35, i35, i35, i35, i35, i35, i35, i35, i35, i35, i35, i35, i35, i35, i35, i35, i35, i35, i35 } %mrv_9, i35 %p_first_10_V_write_assign_load, 10"   --->   Operation 215 'insertvalue' 'mrv_s' <Predicate = (icmp_ln743)> <Delay = 0.00>
ST_2 : Operation 216 [1/1] (0.00ns)   --->   "%mrv_10 = insertvalue { i35, i35, i35, i35, i35, i35, i35, i35, i35, i35, i35, i35, i35, i35, i35, i35, i35, i35, i35, i35, i35, i35, i35, i35, i35, i35, i35, i35, i35, i35, i35, i35, i35, i35, i35, i35, i35, i35, i35, i35, i35, i35, i35, i35, i35, i35, i35, i35 } %mrv_s, i35 %p_first_11_V_write_assign_load, 11"   --->   Operation 216 'insertvalue' 'mrv_10' <Predicate = (icmp_ln743)> <Delay = 0.00>
ST_2 : Operation 217 [1/1] (0.00ns)   --->   "%mrv_11 = insertvalue { i35, i35, i35, i35, i35, i35, i35, i35, i35, i35, i35, i35, i35, i35, i35, i35, i35, i35, i35, i35, i35, i35, i35, i35, i35, i35, i35, i35, i35, i35, i35, i35, i35, i35, i35, i35, i35, i35, i35, i35, i35, i35, i35, i35, i35, i35, i35, i35 } %mrv_10, i35 %p_first_12_V_write_assign_load, 12"   --->   Operation 217 'insertvalue' 'mrv_11' <Predicate = (icmp_ln743)> <Delay = 0.00>
ST_2 : Operation 218 [1/1] (0.00ns)   --->   "%mrv_12 = insertvalue { i35, i35, i35, i35, i35, i35, i35, i35, i35, i35, i35, i35, i35, i35, i35, i35, i35, i35, i35, i35, i35, i35, i35, i35, i35, i35, i35, i35, i35, i35, i35, i35, i35, i35, i35, i35, i35, i35, i35, i35, i35, i35, i35, i35, i35, i35, i35, i35 } %mrv_11, i35 %p_first_13_V_write_assign_load, 13"   --->   Operation 218 'insertvalue' 'mrv_12' <Predicate = (icmp_ln743)> <Delay = 0.00>
ST_2 : Operation 219 [1/1] (0.00ns)   --->   "%mrv_13 = insertvalue { i35, i35, i35, i35, i35, i35, i35, i35, i35, i35, i35, i35, i35, i35, i35, i35, i35, i35, i35, i35, i35, i35, i35, i35, i35, i35, i35, i35, i35, i35, i35, i35, i35, i35, i35, i35, i35, i35, i35, i35, i35, i35, i35, i35, i35, i35, i35, i35 } %mrv_12, i35 %p_first_14_V_write_assign_load, 14"   --->   Operation 219 'insertvalue' 'mrv_13' <Predicate = (icmp_ln743)> <Delay = 0.00>
ST_2 : Operation 220 [1/1] (0.00ns)   --->   "%mrv_14 = insertvalue { i35, i35, i35, i35, i35, i35, i35, i35, i35, i35, i35, i35, i35, i35, i35, i35, i35, i35, i35, i35, i35, i35, i35, i35, i35, i35, i35, i35, i35, i35, i35, i35, i35, i35, i35, i35, i35, i35, i35, i35, i35, i35, i35, i35, i35, i35, i35, i35 } %mrv_13, i35 %p_first_15_V_write_assign_load, 15"   --->   Operation 220 'insertvalue' 'mrv_14' <Predicate = (icmp_ln743)> <Delay = 0.00>
ST_2 : Operation 221 [1/1] (0.00ns)   --->   "%mrv_15 = insertvalue { i35, i35, i35, i35, i35, i35, i35, i35, i35, i35, i35, i35, i35, i35, i35, i35, i35, i35, i35, i35, i35, i35, i35, i35, i35, i35, i35, i35, i35, i35, i35, i35, i35, i35, i35, i35, i35, i35, i35, i35, i35, i35, i35, i35, i35, i35, i35, i35 } %mrv_14, i35 %p_first_16_V_write_assign_load, 16"   --->   Operation 221 'insertvalue' 'mrv_15' <Predicate = (icmp_ln743)> <Delay = 0.00>
ST_2 : Operation 222 [1/1] (0.00ns)   --->   "%mrv_16 = insertvalue { i35, i35, i35, i35, i35, i35, i35, i35, i35, i35, i35, i35, i35, i35, i35, i35, i35, i35, i35, i35, i35, i35, i35, i35, i35, i35, i35, i35, i35, i35, i35, i35, i35, i35, i35, i35, i35, i35, i35, i35, i35, i35, i35, i35, i35, i35, i35, i35 } %mrv_15, i35 %p_first_17_V_write_assign_load, 17"   --->   Operation 222 'insertvalue' 'mrv_16' <Predicate = (icmp_ln743)> <Delay = 0.00>
ST_2 : Operation 223 [1/1] (0.00ns)   --->   "%mrv_17 = insertvalue { i35, i35, i35, i35, i35, i35, i35, i35, i35, i35, i35, i35, i35, i35, i35, i35, i35, i35, i35, i35, i35, i35, i35, i35, i35, i35, i35, i35, i35, i35, i35, i35, i35, i35, i35, i35, i35, i35, i35, i35, i35, i35, i35, i35, i35, i35, i35, i35 } %mrv_16, i35 %p_first_18_V_write_assign_load, 18"   --->   Operation 223 'insertvalue' 'mrv_17' <Predicate = (icmp_ln743)> <Delay = 0.00>
ST_2 : Operation 224 [1/1] (0.00ns)   --->   "%mrv_18 = insertvalue { i35, i35, i35, i35, i35, i35, i35, i35, i35, i35, i35, i35, i35, i35, i35, i35, i35, i35, i35, i35, i35, i35, i35, i35, i35, i35, i35, i35, i35, i35, i35, i35, i35, i35, i35, i35, i35, i35, i35, i35, i35, i35, i35, i35, i35, i35, i35, i35 } %mrv_17, i35 %p_first_19_V_write_assign_load, 19"   --->   Operation 224 'insertvalue' 'mrv_18' <Predicate = (icmp_ln743)> <Delay = 0.00>
ST_2 : Operation 225 [1/1] (0.00ns)   --->   "%mrv_19 = insertvalue { i35, i35, i35, i35, i35, i35, i35, i35, i35, i35, i35, i35, i35, i35, i35, i35, i35, i35, i35, i35, i35, i35, i35, i35, i35, i35, i35, i35, i35, i35, i35, i35, i35, i35, i35, i35, i35, i35, i35, i35, i35, i35, i35, i35, i35, i35, i35, i35 } %mrv_18, i35 %p_first_20_V_write_assign_load, 20"   --->   Operation 225 'insertvalue' 'mrv_19' <Predicate = (icmp_ln743)> <Delay = 0.00>
ST_2 : Operation 226 [1/1] (0.00ns)   --->   "%mrv_20 = insertvalue { i35, i35, i35, i35, i35, i35, i35, i35, i35, i35, i35, i35, i35, i35, i35, i35, i35, i35, i35, i35, i35, i35, i35, i35, i35, i35, i35, i35, i35, i35, i35, i35, i35, i35, i35, i35, i35, i35, i35, i35, i35, i35, i35, i35, i35, i35, i35, i35 } %mrv_19, i35 %p_first_21_V_write_assign_load, 21"   --->   Operation 226 'insertvalue' 'mrv_20' <Predicate = (icmp_ln743)> <Delay = 0.00>
ST_2 : Operation 227 [1/1] (0.00ns)   --->   "%mrv_21 = insertvalue { i35, i35, i35, i35, i35, i35, i35, i35, i35, i35, i35, i35, i35, i35, i35, i35, i35, i35, i35, i35, i35, i35, i35, i35, i35, i35, i35, i35, i35, i35, i35, i35, i35, i35, i35, i35, i35, i35, i35, i35, i35, i35, i35, i35, i35, i35, i35, i35 } %mrv_20, i35 %p_first_22_V_write_assign_load, 22"   --->   Operation 227 'insertvalue' 'mrv_21' <Predicate = (icmp_ln743)> <Delay = 0.00>
ST_2 : Operation 228 [1/1] (0.00ns)   --->   "%mrv_22 = insertvalue { i35, i35, i35, i35, i35, i35, i35, i35, i35, i35, i35, i35, i35, i35, i35, i35, i35, i35, i35, i35, i35, i35, i35, i35, i35, i35, i35, i35, i35, i35, i35, i35, i35, i35, i35, i35, i35, i35, i35, i35, i35, i35, i35, i35, i35, i35, i35, i35 } %mrv_21, i35 %p_first_23_V_write_assign_load, 23"   --->   Operation 228 'insertvalue' 'mrv_22' <Predicate = (icmp_ln743)> <Delay = 0.00>
ST_2 : Operation 229 [1/1] (0.00ns)   --->   "%mrv_23 = insertvalue { i35, i35, i35, i35, i35, i35, i35, i35, i35, i35, i35, i35, i35, i35, i35, i35, i35, i35, i35, i35, i35, i35, i35, i35, i35, i35, i35, i35, i35, i35, i35, i35, i35, i35, i35, i35, i35, i35, i35, i35, i35, i35, i35, i35, i35, i35, i35, i35 } %mrv_22, i35 %p_first_24_V_write_assign_load, 24"   --->   Operation 229 'insertvalue' 'mrv_23' <Predicate = (icmp_ln743)> <Delay = 0.00>
ST_2 : Operation 230 [1/1] (0.00ns)   --->   "%mrv_24 = insertvalue { i35, i35, i35, i35, i35, i35, i35, i35, i35, i35, i35, i35, i35, i35, i35, i35, i35, i35, i35, i35, i35, i35, i35, i35, i35, i35, i35, i35, i35, i35, i35, i35, i35, i35, i35, i35, i35, i35, i35, i35, i35, i35, i35, i35, i35, i35, i35, i35 } %mrv_23, i35 %p_first_25_V_write_assign_load, 25"   --->   Operation 230 'insertvalue' 'mrv_24' <Predicate = (icmp_ln743)> <Delay = 0.00>
ST_2 : Operation 231 [1/1] (0.00ns)   --->   "%mrv_25 = insertvalue { i35, i35, i35, i35, i35, i35, i35, i35, i35, i35, i35, i35, i35, i35, i35, i35, i35, i35, i35, i35, i35, i35, i35, i35, i35, i35, i35, i35, i35, i35, i35, i35, i35, i35, i35, i35, i35, i35, i35, i35, i35, i35, i35, i35, i35, i35, i35, i35 } %mrv_24, i35 %p_first_26_V_write_assign_load, 26"   --->   Operation 231 'insertvalue' 'mrv_25' <Predicate = (icmp_ln743)> <Delay = 0.00>
ST_2 : Operation 232 [1/1] (0.00ns)   --->   "%mrv_26 = insertvalue { i35, i35, i35, i35, i35, i35, i35, i35, i35, i35, i35, i35, i35, i35, i35, i35, i35, i35, i35, i35, i35, i35, i35, i35, i35, i35, i35, i35, i35, i35, i35, i35, i35, i35, i35, i35, i35, i35, i35, i35, i35, i35, i35, i35, i35, i35, i35, i35 } %mrv_25, i35 %p_first_27_V_write_assign_load, 27"   --->   Operation 232 'insertvalue' 'mrv_26' <Predicate = (icmp_ln743)> <Delay = 0.00>
ST_2 : Operation 233 [1/1] (0.00ns)   --->   "%mrv_27 = insertvalue { i35, i35, i35, i35, i35, i35, i35, i35, i35, i35, i35, i35, i35, i35, i35, i35, i35, i35, i35, i35, i35, i35, i35, i35, i35, i35, i35, i35, i35, i35, i35, i35, i35, i35, i35, i35, i35, i35, i35, i35, i35, i35, i35, i35, i35, i35, i35, i35 } %mrv_26, i35 %p_first_28_V_write_assign_load, 28"   --->   Operation 233 'insertvalue' 'mrv_27' <Predicate = (icmp_ln743)> <Delay = 0.00>
ST_2 : Operation 234 [1/1] (0.00ns)   --->   "%mrv_28 = insertvalue { i35, i35, i35, i35, i35, i35, i35, i35, i35, i35, i35, i35, i35, i35, i35, i35, i35, i35, i35, i35, i35, i35, i35, i35, i35, i35, i35, i35, i35, i35, i35, i35, i35, i35, i35, i35, i35, i35, i35, i35, i35, i35, i35, i35, i35, i35, i35, i35 } %mrv_27, i35 %p_first_29_V_write_assign_load, 29"   --->   Operation 234 'insertvalue' 'mrv_28' <Predicate = (icmp_ln743)> <Delay = 0.00>
ST_2 : Operation 235 [1/1] (0.00ns)   --->   "%mrv_29 = insertvalue { i35, i35, i35, i35, i35, i35, i35, i35, i35, i35, i35, i35, i35, i35, i35, i35, i35, i35, i35, i35, i35, i35, i35, i35, i35, i35, i35, i35, i35, i35, i35, i35, i35, i35, i35, i35, i35, i35, i35, i35, i35, i35, i35, i35, i35, i35, i35, i35 } %mrv_28, i35 %p_first_30_V_write_assign_load, 30"   --->   Operation 235 'insertvalue' 'mrv_29' <Predicate = (icmp_ln743)> <Delay = 0.00>
ST_2 : Operation 236 [1/1] (0.00ns)   --->   "%mrv_30 = insertvalue { i35, i35, i35, i35, i35, i35, i35, i35, i35, i35, i35, i35, i35, i35, i35, i35, i35, i35, i35, i35, i35, i35, i35, i35, i35, i35, i35, i35, i35, i35, i35, i35, i35, i35, i35, i35, i35, i35, i35, i35, i35, i35, i35, i35, i35, i35, i35, i35 } %mrv_29, i35 %p_first_31_V_write_assign_load, 31"   --->   Operation 236 'insertvalue' 'mrv_30' <Predicate = (icmp_ln743)> <Delay = 0.00>
ST_2 : Operation 237 [1/1] (0.00ns)   --->   "%mrv_31 = insertvalue { i35, i35, i35, i35, i35, i35, i35, i35, i35, i35, i35, i35, i35, i35, i35, i35, i35, i35, i35, i35, i35, i35, i35, i35, i35, i35, i35, i35, i35, i35, i35, i35, i35, i35, i35, i35, i35, i35, i35, i35, i35, i35, i35, i35, i35, i35, i35, i35 } %mrv_30, i35 %p_first_32_V_write_assign_load, 32"   --->   Operation 237 'insertvalue' 'mrv_31' <Predicate = (icmp_ln743)> <Delay = 0.00>
ST_2 : Operation 238 [1/1] (0.00ns)   --->   "%mrv_32 = insertvalue { i35, i35, i35, i35, i35, i35, i35, i35, i35, i35, i35, i35, i35, i35, i35, i35, i35, i35, i35, i35, i35, i35, i35, i35, i35, i35, i35, i35, i35, i35, i35, i35, i35, i35, i35, i35, i35, i35, i35, i35, i35, i35, i35, i35, i35, i35, i35, i35 } %mrv_31, i35 %p_first_33_V_write_assign_load, 33"   --->   Operation 238 'insertvalue' 'mrv_32' <Predicate = (icmp_ln743)> <Delay = 0.00>
ST_2 : Operation 239 [1/1] (0.00ns)   --->   "%mrv_33 = insertvalue { i35, i35, i35, i35, i35, i35, i35, i35, i35, i35, i35, i35, i35, i35, i35, i35, i35, i35, i35, i35, i35, i35, i35, i35, i35, i35, i35, i35, i35, i35, i35, i35, i35, i35, i35, i35, i35, i35, i35, i35, i35, i35, i35, i35, i35, i35, i35, i35 } %mrv_32, i35 %p_first_34_V_write_assign_load, 34"   --->   Operation 239 'insertvalue' 'mrv_33' <Predicate = (icmp_ln743)> <Delay = 0.00>
ST_2 : Operation 240 [1/1] (0.00ns)   --->   "%mrv_34 = insertvalue { i35, i35, i35, i35, i35, i35, i35, i35, i35, i35, i35, i35, i35, i35, i35, i35, i35, i35, i35, i35, i35, i35, i35, i35, i35, i35, i35, i35, i35, i35, i35, i35, i35, i35, i35, i35, i35, i35, i35, i35, i35, i35, i35, i35, i35, i35, i35, i35 } %mrv_33, i35 %p_first_35_V_write_assign_load, 35"   --->   Operation 240 'insertvalue' 'mrv_34' <Predicate = (icmp_ln743)> <Delay = 0.00>
ST_2 : Operation 241 [1/1] (0.00ns)   --->   "%mrv_35 = insertvalue { i35, i35, i35, i35, i35, i35, i35, i35, i35, i35, i35, i35, i35, i35, i35, i35, i35, i35, i35, i35, i35, i35, i35, i35, i35, i35, i35, i35, i35, i35, i35, i35, i35, i35, i35, i35, i35, i35, i35, i35, i35, i35, i35, i35, i35, i35, i35, i35 } %mrv_34, i35 %p_first_36_V_write_assign_load, 36"   --->   Operation 241 'insertvalue' 'mrv_35' <Predicate = (icmp_ln743)> <Delay = 0.00>
ST_2 : Operation 242 [1/1] (0.00ns)   --->   "%mrv_36 = insertvalue { i35, i35, i35, i35, i35, i35, i35, i35, i35, i35, i35, i35, i35, i35, i35, i35, i35, i35, i35, i35, i35, i35, i35, i35, i35, i35, i35, i35, i35, i35, i35, i35, i35, i35, i35, i35, i35, i35, i35, i35, i35, i35, i35, i35, i35, i35, i35, i35 } %mrv_35, i35 %p_first_37_V_write_assign_load, 37"   --->   Operation 242 'insertvalue' 'mrv_36' <Predicate = (icmp_ln743)> <Delay = 0.00>
ST_2 : Operation 243 [1/1] (0.00ns)   --->   "%mrv_37 = insertvalue { i35, i35, i35, i35, i35, i35, i35, i35, i35, i35, i35, i35, i35, i35, i35, i35, i35, i35, i35, i35, i35, i35, i35, i35, i35, i35, i35, i35, i35, i35, i35, i35, i35, i35, i35, i35, i35, i35, i35, i35, i35, i35, i35, i35, i35, i35, i35, i35 } %mrv_36, i35 %p_first_38_V_write_assign_load, 38"   --->   Operation 243 'insertvalue' 'mrv_37' <Predicate = (icmp_ln743)> <Delay = 0.00>
ST_2 : Operation 244 [1/1] (0.00ns)   --->   "%mrv_38 = insertvalue { i35, i35, i35, i35, i35, i35, i35, i35, i35, i35, i35, i35, i35, i35, i35, i35, i35, i35, i35, i35, i35, i35, i35, i35, i35, i35, i35, i35, i35, i35, i35, i35, i35, i35, i35, i35, i35, i35, i35, i35, i35, i35, i35, i35, i35, i35, i35, i35 } %mrv_37, i35 %p_first_39_V_write_assign_load, 39"   --->   Operation 244 'insertvalue' 'mrv_38' <Predicate = (icmp_ln743)> <Delay = 0.00>
ST_2 : Operation 245 [1/1] (0.00ns)   --->   "%mrv_39 = insertvalue { i35, i35, i35, i35, i35, i35, i35, i35, i35, i35, i35, i35, i35, i35, i35, i35, i35, i35, i35, i35, i35, i35, i35, i35, i35, i35, i35, i35, i35, i35, i35, i35, i35, i35, i35, i35, i35, i35, i35, i35, i35, i35, i35, i35, i35, i35, i35, i35 } %mrv_38, i35 %p_first_40_V_write_assign_load, 40"   --->   Operation 245 'insertvalue' 'mrv_39' <Predicate = (icmp_ln743)> <Delay = 0.00>
ST_2 : Operation 246 [1/1] (0.00ns)   --->   "%mrv_40 = insertvalue { i35, i35, i35, i35, i35, i35, i35, i35, i35, i35, i35, i35, i35, i35, i35, i35, i35, i35, i35, i35, i35, i35, i35, i35, i35, i35, i35, i35, i35, i35, i35, i35, i35, i35, i35, i35, i35, i35, i35, i35, i35, i35, i35, i35, i35, i35, i35, i35 } %mrv_39, i35 %p_first_41_V_write_assign_load, 41"   --->   Operation 246 'insertvalue' 'mrv_40' <Predicate = (icmp_ln743)> <Delay = 0.00>
ST_2 : Operation 247 [1/1] (0.00ns)   --->   "%mrv_41 = insertvalue { i35, i35, i35, i35, i35, i35, i35, i35, i35, i35, i35, i35, i35, i35, i35, i35, i35, i35, i35, i35, i35, i35, i35, i35, i35, i35, i35, i35, i35, i35, i35, i35, i35, i35, i35, i35, i35, i35, i35, i35, i35, i35, i35, i35, i35, i35, i35, i35 } %mrv_40, i35 %p_first_42_V_write_assign_load, 42"   --->   Operation 247 'insertvalue' 'mrv_41' <Predicate = (icmp_ln743)> <Delay = 0.00>
ST_2 : Operation 248 [1/1] (0.00ns)   --->   "%mrv_42 = insertvalue { i35, i35, i35, i35, i35, i35, i35, i35, i35, i35, i35, i35, i35, i35, i35, i35, i35, i35, i35, i35, i35, i35, i35, i35, i35, i35, i35, i35, i35, i35, i35, i35, i35, i35, i35, i35, i35, i35, i35, i35, i35, i35, i35, i35, i35, i35, i35, i35 } %mrv_41, i35 %p_first_43_V_write_assign_load, 43"   --->   Operation 248 'insertvalue' 'mrv_42' <Predicate = (icmp_ln743)> <Delay = 0.00>
ST_2 : Operation 249 [1/1] (0.00ns)   --->   "%mrv_43 = insertvalue { i35, i35, i35, i35, i35, i35, i35, i35, i35, i35, i35, i35, i35, i35, i35, i35, i35, i35, i35, i35, i35, i35, i35, i35, i35, i35, i35, i35, i35, i35, i35, i35, i35, i35, i35, i35, i35, i35, i35, i35, i35, i35, i35, i35, i35, i35, i35, i35 } %mrv_42, i35 %p_first_44_V_write_assign_load, 44"   --->   Operation 249 'insertvalue' 'mrv_43' <Predicate = (icmp_ln743)> <Delay = 0.00>
ST_2 : Operation 250 [1/1] (0.00ns)   --->   "%mrv_44 = insertvalue { i35, i35, i35, i35, i35, i35, i35, i35, i35, i35, i35, i35, i35, i35, i35, i35, i35, i35, i35, i35, i35, i35, i35, i35, i35, i35, i35, i35, i35, i35, i35, i35, i35, i35, i35, i35, i35, i35, i35, i35, i35, i35, i35, i35, i35, i35, i35, i35 } %mrv_43, i35 %p_first_45_V_write_assign_load, 45"   --->   Operation 250 'insertvalue' 'mrv_44' <Predicate = (icmp_ln743)> <Delay = 0.00>
ST_2 : Operation 251 [1/1] (0.00ns)   --->   "%mrv_45 = insertvalue { i35, i35, i35, i35, i35, i35, i35, i35, i35, i35, i35, i35, i35, i35, i35, i35, i35, i35, i35, i35, i35, i35, i35, i35, i35, i35, i35, i35, i35, i35, i35, i35, i35, i35, i35, i35, i35, i35, i35, i35, i35, i35, i35, i35, i35, i35, i35, i35 } %mrv_44, i35 %p_first_46_V_write_assign_load, 46"   --->   Operation 251 'insertvalue' 'mrv_45' <Predicate = (icmp_ln743)> <Delay = 0.00>
ST_2 : Operation 252 [1/1] (0.00ns)   --->   "%mrv_46 = insertvalue { i35, i35, i35, i35, i35, i35, i35, i35, i35, i35, i35, i35, i35, i35, i35, i35, i35, i35, i35, i35, i35, i35, i35, i35, i35, i35, i35, i35, i35, i35, i35, i35, i35, i35, i35, i35, i35, i35, i35, i35, i35, i35, i35, i35, i35, i35, i35, i35 } %mrv_45, i35 %p_first_47_V_write_assign_load, 47"   --->   Operation 252 'insertvalue' 'mrv_46' <Predicate = (icmp_ln743)> <Delay = 0.00>
ST_2 : Operation 253 [1/1] (0.00ns)   --->   "ret { i35, i35, i35, i35, i35, i35, i35, i35, i35, i35, i35, i35, i35, i35, i35, i35, i35, i35, i35, i35, i35, i35, i35, i35, i35, i35, i35, i35, i35, i35, i35, i35, i35, i35, i35, i35, i35, i35, i35, i35, i35, i35, i35, i35, i35, i35, i35, i35 } %mrv_46"   --->   Operation 253 'ret' <Predicate = (icmp_ln743)> <Delay = 0.00>


============================================================
+ Verbose Summary: Timing violations
============================================================
Target clock period: 5ns, clock uncertainty: 0.625ns.

 <State 1>: 0.603ns
The critical path consists of the following:
	multiplexor before 'phi' operation ('p_02_rec', /vol/cc/opt/Xilinx/2019.2/Vivado/2019.2/lnx64/tools/gcc/lib/gcc/x86_64-unknown-linux-gnu/4.6.3/../../../../include/c++/4.6.3/bits/stl_algobase.h:744) with incoming values : ('add_ln744', /vol/cc/opt/Xilinx/2019.2/Vivado/2019.2/lnx64/tools/gcc/lib/gcc/x86_64-unknown-linux-gnu/4.6.3/../../../../include/c++/4.6.3/bits/stl_algobase.h:744) [51]  (0.603 ns)

 <State 2>: 0.619ns
The critical path consists of the following:
	'phi' operation ('__niter') with incoming values : ('__niter', /vol/cc/opt/Xilinx/2019.2/Vivado/2019.2/lnx64/tools/gcc/lib/gcc/x86_64-unknown-linux-gnu/4.6.3/../../../../include/c++/4.6.3/bits/stl_algobase.h:744) [52]  (0 ns)
	'icmp' operation ('icmp_ln743', /vol/cc/opt/Xilinx/2019.2/Vivado/2019.2/lnx64/tools/gcc/lib/gcc/x86_64-unknown-linux-gnu/4.6.3/../../../../include/c++/4.6.3/bits/stl_algobase.h:743) [53]  (0.619 ns)


============================================================
+ Verbose Summary: Binding
============================================================
N/A
* FSMD analyzer results:
  - Output states:
 - Input state : 
  - Chain level:
	State 1
	State 2


============================================================
+ Verbose Summary: Datapath Resource usage 
============================================================
N/A
