

================================================================
== Vivado HLS Report for 'relu_ap_fixed_ap_fixed_35_15_5_3_0_sigmoid_config0_s'
================================================================
* Date:           Sat Apr 23 08:30:06 2022

* Version:        2019.2 (Build 2704478 on Wed Nov 06 22:10:23 MST 2019)
* Project:        myproject_prj
* Solution:       solution1
* Product family: virtexuplus
* Target device:  xcu250-figd2104-2L-e


================================================================
== Performance Estimates
================================================================
+ Timing: 
    * Summary: 
    +--------+---------+----------+------------+
    |  Clock |  Target | Estimated| Uncertainty|
    +--------+---------+----------+------------+
    |ap_clk  | 5.00 ns | 1.618 ns |   0.62 ns  |
    +--------+---------+----------+------------+

+ Latency: 
    * Summary: 
    +---------+---------+----------+----------+-----+-----+----------+
    |  Latency (cycles) |  Latency (absolute) |  Interval | Pipeline |
    |   min   |   max   |    min   |    max   | min | max |   Type   |
    +---------+---------+----------+----------+-----+-----+----------+
    |        0|        0|   0 ns   |   0 ns   |    1|    1| function |
    +---------+---------+----------+----------+-----+-----+----------+

    + Detail: 
        * Instance: 
        N/A

        * Loop: 
        N/A

============================================================
+ Verbose Summary: Synthesis Manager
============================================================
InlineROM: 1
ExposeGlobal: 0
============================================================
+ Verbose Summary: CDFG Model
============================================================
IsTopModel: 0
ResetActiveHigh: 1
IsCombinational: 0
IsDatapathOnly: 0
HasWiredReturn: 1
HasMFsm: 2
HasVarLatency: 0
IsPipeline: 1
IsRtlPipelined: 0
IsInstanceOverlapped: 0
IsDontTouch: 0
HasImplIP: 0
IsGatedGlobalClock: 0

+ Individual pipeline summary: 
  * Pipeline-0: initiation interval (II) = 1, depth = 1


============================================================
+ Verbose Summary: Schedule
============================================================
* Number of FSM states : 1
* Pipeline : 1
  Pipeline-0 : II = 1, D = 1, States = { 1 }
* Dataflow Pipeline: 0

* FSM state transitions: 
1 --> 

* FSM state operations: 

State 1 <SV = 0> <Delay = 1.61>
ST_1 : Operation 2 [1/1] (0.00ns)   --->   "%res_V_offset_read = call i1 @_ssdm_op_Read.ap_auto.i1(i1 %res_V_offset)" [firmware/nnet_utils/nnet_activation.h:73]   --->   Operation 2 'read' 'res_V_offset_read' <Predicate = true> <Delay = 0.00>
ST_1 : Operation 3 [1/1] (0.00ns)   --->   "%res_15_1_V_read_2 = call i35 @_ssdm_op_Read.ap_auto.i35(i35 %res_15_1_V_read)" [firmware/nnet_utils/nnet_activation.h:73]   --->   Operation 3 'read' 'res_15_1_V_read_2' <Predicate = true> <Delay = 0.00>
ST_1 : Operation 4 [1/1] (0.00ns)   --->   "%res_15_0_V_read_2 = call i35 @_ssdm_op_Read.ap_auto.i35(i35 %res_15_0_V_read)" [firmware/nnet_utils/nnet_activation.h:73]   --->   Operation 4 'read' 'res_15_0_V_read_2' <Predicate = true> <Delay = 0.00>
ST_1 : Operation 5 [1/1] (0.00ns)   --->   "%res_14_1_V_read_2 = call i35 @_ssdm_op_Read.ap_auto.i35(i35 %res_14_1_V_read)" [firmware/nnet_utils/nnet_activation.h:73]   --->   Operation 5 'read' 'res_14_1_V_read_2' <Predicate = true> <Delay = 0.00>
ST_1 : Operation 6 [1/1] (0.00ns)   --->   "%res_14_0_V_read_2 = call i35 @_ssdm_op_Read.ap_auto.i35(i35 %res_14_0_V_read)" [firmware/nnet_utils/nnet_activation.h:73]   --->   Operation 6 'read' 'res_14_0_V_read_2' <Predicate = true> <Delay = 0.00>
ST_1 : Operation 7 [1/1] (0.00ns)   --->   "%res_13_1_V_read61 = call i35 @_ssdm_op_Read.ap_auto.i35(i35 %res_13_1_V_read)" [firmware/nnet_utils/nnet_activation.h:73]   --->   Operation 7 'read' 'res_13_1_V_read61' <Predicate = true> <Delay = 0.00>
ST_1 : Operation 8 [1/1] (0.00ns)   --->   "%res_13_0_V_read_2 = call i35 @_ssdm_op_Read.ap_auto.i35(i35 %res_13_0_V_read)" [firmware/nnet_utils/nnet_activation.h:73]   --->   Operation 8 'read' 'res_13_0_V_read_2' <Predicate = true> <Delay = 0.00>
ST_1 : Operation 9 [1/1] (0.00ns)   --->   "%res_12_1_V_read_2 = call i35 @_ssdm_op_Read.ap_auto.i35(i35 %res_12_1_V_read)" [firmware/nnet_utils/nnet_activation.h:73]   --->   Operation 9 'read' 'res_12_1_V_read_2' <Predicate = true> <Delay = 0.00>
ST_1 : Operation 10 [1/1] (0.00ns)   --->   "%res_12_0_V_read_2 = call i35 @_ssdm_op_Read.ap_auto.i35(i35 %res_12_0_V_read)" [firmware/nnet_utils/nnet_activation.h:73]   --->   Operation 10 'read' 'res_12_0_V_read_2' <Predicate = true> <Delay = 0.00>
ST_1 : Operation 11 [1/1] (0.00ns)   --->   "%res_11_1_V_read_2 = call i35 @_ssdm_op_Read.ap_auto.i35(i35 %res_11_1_V_read)" [firmware/nnet_utils/nnet_activation.h:73]   --->   Operation 11 'read' 'res_11_1_V_read_2' <Predicate = true> <Delay = 0.00>
ST_1 : Operation 12 [1/1] (0.00ns)   --->   "%res_11_0_V_read_2 = call i35 @_ssdm_op_Read.ap_auto.i35(i35 %res_11_0_V_read)" [firmware/nnet_utils/nnet_activation.h:73]   --->   Operation 12 'read' 'res_11_0_V_read_2' <Predicate = true> <Delay = 0.00>
ST_1 : Operation 13 [1/1] (0.00ns)   --->   "%res_10_1_V_read_2 = call i35 @_ssdm_op_Read.ap_auto.i35(i35 %res_10_1_V_read)" [firmware/nnet_utils/nnet_activation.h:73]   --->   Operation 13 'read' 'res_10_1_V_read_2' <Predicate = true> <Delay = 0.00>
ST_1 : Operation 14 [1/1] (0.00ns)   --->   "%res_10_0_V_read_2 = call i35 @_ssdm_op_Read.ap_auto.i35(i35 %res_10_0_V_read)" [firmware/nnet_utils/nnet_activation.h:73]   --->   Operation 14 'read' 'res_10_0_V_read_2' <Predicate = true> <Delay = 0.00>
ST_1 : Operation 15 [1/1] (0.00ns)   --->   "%res_9_1_V_read_2 = call i35 @_ssdm_op_Read.ap_auto.i35(i35 %res_9_1_V_read)" [firmware/nnet_utils/nnet_activation.h:73]   --->   Operation 15 'read' 'res_9_1_V_read_2' <Predicate = true> <Delay = 0.00>
ST_1 : Operation 16 [1/1] (0.00ns)   --->   "%res_9_0_V_read_2 = call i35 @_ssdm_op_Read.ap_auto.i35(i35 %res_9_0_V_read)" [firmware/nnet_utils/nnet_activation.h:73]   --->   Operation 16 'read' 'res_9_0_V_read_2' <Predicate = true> <Delay = 0.00>
ST_1 : Operation 17 [1/1] (0.00ns)   --->   "%res_8_1_V_read51 = call i35 @_ssdm_op_Read.ap_auto.i35(i35 %res_8_1_V_read)" [firmware/nnet_utils/nnet_activation.h:73]   --->   Operation 17 'read' 'res_8_1_V_read51' <Predicate = true> <Delay = 0.00>
ST_1 : Operation 18 [1/1] (0.00ns)   --->   "%res_8_0_V_read_2 = call i35 @_ssdm_op_Read.ap_auto.i35(i35 %res_8_0_V_read)" [firmware/nnet_utils/nnet_activation.h:73]   --->   Operation 18 'read' 'res_8_0_V_read_2' <Predicate = true> <Delay = 0.00>
ST_1 : Operation 19 [1/1] (0.00ns)   --->   "%res_7_1_V_read_2 = call i35 @_ssdm_op_Read.ap_auto.i35(i35 %res_7_1_V_read)" [firmware/nnet_utils/nnet_activation.h:73]   --->   Operation 19 'read' 'res_7_1_V_read_2' <Predicate = true> <Delay = 0.00>
ST_1 : Operation 20 [1/1] (0.00ns)   --->   "%res_7_0_V_read_2 = call i35 @_ssdm_op_Read.ap_auto.i35(i35 %res_7_0_V_read)" [firmware/nnet_utils/nnet_activation.h:73]   --->   Operation 20 'read' 'res_7_0_V_read_2' <Predicate = true> <Delay = 0.00>
ST_1 : Operation 21 [1/1] (0.00ns)   --->   "%res_6_1_V_read_2 = call i35 @_ssdm_op_Read.ap_auto.i35(i35 %res_6_1_V_read)" [firmware/nnet_utils/nnet_activation.h:73]   --->   Operation 21 'read' 'res_6_1_V_read_2' <Predicate = true> <Delay = 0.00>
ST_1 : Operation 22 [1/1] (0.00ns)   --->   "%res_6_0_V_read_2 = call i35 @_ssdm_op_Read.ap_auto.i35(i35 %res_6_0_V_read)" [firmware/nnet_utils/nnet_activation.h:73]   --->   Operation 22 'read' 'res_6_0_V_read_2' <Predicate = true> <Delay = 0.00>
ST_1 : Operation 23 [1/1] (0.00ns)   --->   "%res_5_1_V_read_2 = call i35 @_ssdm_op_Read.ap_auto.i35(i35 %res_5_1_V_read)" [firmware/nnet_utils/nnet_activation.h:73]   --->   Operation 23 'read' 'res_5_1_V_read_2' <Predicate = true> <Delay = 0.00>
ST_1 : Operation 24 [1/1] (0.00ns)   --->   "%res_5_0_V_read_2 = call i35 @_ssdm_op_Read.ap_auto.i35(i35 %res_5_0_V_read)" [firmware/nnet_utils/nnet_activation.h:73]   --->   Operation 24 'read' 'res_5_0_V_read_2' <Predicate = true> <Delay = 0.00>
ST_1 : Operation 25 [1/1] (0.00ns)   --->   "%res_4_1_V_read_2 = call i35 @_ssdm_op_Read.ap_auto.i35(i35 %res_4_1_V_read)" [firmware/nnet_utils/nnet_activation.h:73]   --->   Operation 25 'read' 'res_4_1_V_read_2' <Predicate = true> <Delay = 0.00>
ST_1 : Operation 26 [1/1] (0.00ns)   --->   "%res_4_0_V_read_2 = call i35 @_ssdm_op_Read.ap_auto.i35(i35 %res_4_0_V_read)" [firmware/nnet_utils/nnet_activation.h:73]   --->   Operation 26 'read' 'res_4_0_V_read_2' <Predicate = true> <Delay = 0.00>
ST_1 : Operation 27 [1/1] (0.00ns)   --->   "%res_3_1_V_read41 = call i35 @_ssdm_op_Read.ap_auto.i35(i35 %res_3_1_V_read)" [firmware/nnet_utils/nnet_activation.h:73]   --->   Operation 27 'read' 'res_3_1_V_read41' <Predicate = true> <Delay = 0.00>
ST_1 : Operation 28 [1/1] (0.00ns)   --->   "%res_3_0_V_read_2 = call i35 @_ssdm_op_Read.ap_auto.i35(i35 %res_3_0_V_read)" [firmware/nnet_utils/nnet_activation.h:73]   --->   Operation 28 'read' 'res_3_0_V_read_2' <Predicate = true> <Delay = 0.00>
ST_1 : Operation 29 [1/1] (0.00ns)   --->   "%res_2_1_V_read_2 = call i35 @_ssdm_op_Read.ap_auto.i35(i35 %res_2_1_V_read)" [firmware/nnet_utils/nnet_activation.h:73]   --->   Operation 29 'read' 'res_2_1_V_read_2' <Predicate = true> <Delay = 0.00>
ST_1 : Operation 30 [1/1] (0.00ns)   --->   "%res_2_0_V_read_2 = call i35 @_ssdm_op_Read.ap_auto.i35(i35 %res_2_0_V_read)" [firmware/nnet_utils/nnet_activation.h:73]   --->   Operation 30 'read' 'res_2_0_V_read_2' <Predicate = true> <Delay = 0.00>
ST_1 : Operation 31 [1/1] (0.00ns)   --->   "%res_1_1_V_read_2 = call i35 @_ssdm_op_Read.ap_auto.i35(i35 %res_1_1_V_read)" [firmware/nnet_utils/nnet_activation.h:73]   --->   Operation 31 'read' 'res_1_1_V_read_2' <Predicate = true> <Delay = 0.00>
ST_1 : Operation 32 [1/1] (0.00ns)   --->   "%res_1_0_V_read_2 = call i35 @_ssdm_op_Read.ap_auto.i35(i35 %res_1_0_V_read)" [firmware/nnet_utils/nnet_activation.h:73]   --->   Operation 32 'read' 'res_1_0_V_read_2' <Predicate = true> <Delay = 0.00>
ST_1 : Operation 33 [1/1] (0.00ns)   --->   "%res_0_1_V_read_2 = call i35 @_ssdm_op_Read.ap_auto.i35(i35 %res_0_1_V_read)" [firmware/nnet_utils/nnet_activation.h:73]   --->   Operation 33 'read' 'res_0_1_V_read_2' <Predicate = true> <Delay = 0.00>
ST_1 : Operation 34 [1/1] (0.00ns)   --->   "%res_0_0_V_read_2 = call i35 @_ssdm_op_Read.ap_auto.i35(i35 %res_0_0_V_read)" [firmware/nnet_utils/nnet_activation.h:73]   --->   Operation 34 'read' 'res_0_0_V_read_2' <Predicate = true> <Delay = 0.00>
ST_1 : Operation 35 [1/1] (0.00ns)   --->   "%data_V_offset_read = call i1 @_ssdm_op_Read.ap_auto.i1(i1 %data_V_offset)" [firmware/nnet_utils/nnet_activation.h:73]   --->   Operation 35 'read' 'data_V_offset_read' <Predicate = true> <Delay = 0.00>
ST_1 : Operation 36 [1/1] (0.00ns)   --->   "%data_15_1_V_read32 = call i35 @_ssdm_op_Read.ap_auto.i35(i35 %data_15_1_V_read)" [firmware/nnet_utils/nnet_activation.h:73]   --->   Operation 36 'read' 'data_15_1_V_read32' <Predicate = true> <Delay = 0.00>
ST_1 : Operation 37 [1/1] (0.00ns)   --->   "%data_15_0_V_read31 = call i35 @_ssdm_op_Read.ap_auto.i35(i35 %data_15_0_V_read)" [firmware/nnet_utils/nnet_activation.h:73]   --->   Operation 37 'read' 'data_15_0_V_read31' <Predicate = true> <Delay = 0.00>
ST_1 : Operation 38 [1/1] (0.00ns)   --->   "%data_14_1_V_read_3 = call i35 @_ssdm_op_Read.ap_auto.i35(i35 %data_14_1_V_read)" [firmware/nnet_utils/nnet_activation.h:73]   --->   Operation 38 'read' 'data_14_1_V_read_3' <Predicate = true> <Delay = 0.00>
ST_1 : Operation 39 [1/1] (0.00ns)   --->   "%data_14_0_V_read_3 = call i35 @_ssdm_op_Read.ap_auto.i35(i35 %data_14_0_V_read)" [firmware/nnet_utils/nnet_activation.h:73]   --->   Operation 39 'read' 'data_14_0_V_read_3' <Predicate = true> <Delay = 0.00>
ST_1 : Operation 40 [1/1] (0.00ns)   --->   "%data_13_1_V_read_3 = call i35 @_ssdm_op_Read.ap_auto.i35(i35 %data_13_1_V_read)" [firmware/nnet_utils/nnet_activation.h:73]   --->   Operation 40 'read' 'data_13_1_V_read_3' <Predicate = true> <Delay = 0.00>
ST_1 : Operation 41 [1/1] (0.00ns)   --->   "%data_13_0_V_read_3 = call i35 @_ssdm_op_Read.ap_auto.i35(i35 %data_13_0_V_read)" [firmware/nnet_utils/nnet_activation.h:73]   --->   Operation 41 'read' 'data_13_0_V_read_3' <Predicate = true> <Delay = 0.00>
ST_1 : Operation 42 [1/1] (0.00ns)   --->   "%data_12_1_V_read_3 = call i35 @_ssdm_op_Read.ap_auto.i35(i35 %data_12_1_V_read)" [firmware/nnet_utils/nnet_activation.h:73]   --->   Operation 42 'read' 'data_12_1_V_read_3' <Predicate = true> <Delay = 0.00>
ST_1 : Operation 43 [1/1] (0.00ns)   --->   "%data_12_0_V_read_3 = call i35 @_ssdm_op_Read.ap_auto.i35(i35 %data_12_0_V_read)" [firmware/nnet_utils/nnet_activation.h:73]   --->   Operation 43 'read' 'data_12_0_V_read_3' <Predicate = true> <Delay = 0.00>
ST_1 : Operation 44 [1/1] (0.00ns)   --->   "%data_11_1_V_read_3 = call i35 @_ssdm_op_Read.ap_auto.i35(i35 %data_11_1_V_read)" [firmware/nnet_utils/nnet_activation.h:73]   --->   Operation 44 'read' 'data_11_1_V_read_3' <Predicate = true> <Delay = 0.00>
ST_1 : Operation 45 [1/1] (0.00ns)   --->   "%data_11_0_V_read_3 = call i35 @_ssdm_op_Read.ap_auto.i35(i35 %data_11_0_V_read)" [firmware/nnet_utils/nnet_activation.h:73]   --->   Operation 45 'read' 'data_11_0_V_read_3' <Predicate = true> <Delay = 0.00>
ST_1 : Operation 46 [1/1] (0.00ns)   --->   "%data_10_1_V_read22 = call i35 @_ssdm_op_Read.ap_auto.i35(i35 %data_10_1_V_read)" [firmware/nnet_utils/nnet_activation.h:73]   --->   Operation 46 'read' 'data_10_1_V_read22' <Predicate = true> <Delay = 0.00>
ST_1 : Operation 47 [1/1] (0.00ns)   --->   "%data_10_0_V_read21 = call i35 @_ssdm_op_Read.ap_auto.i35(i35 %data_10_0_V_read)" [firmware/nnet_utils/nnet_activation.h:73]   --->   Operation 47 'read' 'data_10_0_V_read21' <Predicate = true> <Delay = 0.00>
ST_1 : Operation 48 [1/1] (0.00ns)   --->   "%data_9_1_V_read_3 = call i35 @_ssdm_op_Read.ap_auto.i35(i35 %data_9_1_V_read)" [firmware/nnet_utils/nnet_activation.h:73]   --->   Operation 48 'read' 'data_9_1_V_read_3' <Predicate = true> <Delay = 0.00>
ST_1 : Operation 49 [1/1] (0.00ns)   --->   "%data_9_0_V_read_3 = call i35 @_ssdm_op_Read.ap_auto.i35(i35 %data_9_0_V_read)" [firmware/nnet_utils/nnet_activation.h:73]   --->   Operation 49 'read' 'data_9_0_V_read_3' <Predicate = true> <Delay = 0.00>
ST_1 : Operation 50 [1/1] (0.00ns)   --->   "%data_8_1_V_read_3 = call i35 @_ssdm_op_Read.ap_auto.i35(i35 %data_8_1_V_read)" [firmware/nnet_utils/nnet_activation.h:73]   --->   Operation 50 'read' 'data_8_1_V_read_3' <Predicate = true> <Delay = 0.00>
ST_1 : Operation 51 [1/1] (0.00ns)   --->   "%data_8_0_V_read_3 = call i35 @_ssdm_op_Read.ap_auto.i35(i35 %data_8_0_V_read)" [firmware/nnet_utils/nnet_activation.h:73]   --->   Operation 51 'read' 'data_8_0_V_read_3' <Predicate = true> <Delay = 0.00>
ST_1 : Operation 52 [1/1] (0.00ns)   --->   "%data_7_1_V_read_3 = call i35 @_ssdm_op_Read.ap_auto.i35(i35 %data_7_1_V_read)" [firmware/nnet_utils/nnet_activation.h:73]   --->   Operation 52 'read' 'data_7_1_V_read_3' <Predicate = true> <Delay = 0.00>
ST_1 : Operation 53 [1/1] (0.00ns)   --->   "%data_7_0_V_read_3 = call i35 @_ssdm_op_Read.ap_auto.i35(i35 %data_7_0_V_read)" [firmware/nnet_utils/nnet_activation.h:73]   --->   Operation 53 'read' 'data_7_0_V_read_3' <Predicate = true> <Delay = 0.00>
ST_1 : Operation 54 [1/1] (0.00ns)   --->   "%data_6_1_V_read_3 = call i35 @_ssdm_op_Read.ap_auto.i35(i35 %data_6_1_V_read)" [firmware/nnet_utils/nnet_activation.h:73]   --->   Operation 54 'read' 'data_6_1_V_read_3' <Predicate = true> <Delay = 0.00>
ST_1 : Operation 55 [1/1] (0.00ns)   --->   "%data_6_0_V_read_3 = call i35 @_ssdm_op_Read.ap_auto.i35(i35 %data_6_0_V_read)" [firmware/nnet_utils/nnet_activation.h:73]   --->   Operation 55 'read' 'data_6_0_V_read_3' <Predicate = true> <Delay = 0.00>
ST_1 : Operation 56 [1/1] (0.00ns)   --->   "%data_5_1_V_read12 = call i35 @_ssdm_op_Read.ap_auto.i35(i35 %data_5_1_V_read)" [firmware/nnet_utils/nnet_activation.h:73]   --->   Operation 56 'read' 'data_5_1_V_read12' <Predicate = true> <Delay = 0.00>
ST_1 : Operation 57 [1/1] (0.00ns)   --->   "%data_5_0_V_read11 = call i35 @_ssdm_op_Read.ap_auto.i35(i35 %data_5_0_V_read)" [firmware/nnet_utils/nnet_activation.h:73]   --->   Operation 57 'read' 'data_5_0_V_read11' <Predicate = true> <Delay = 0.00>
ST_1 : Operation 58 [1/1] (0.00ns)   --->   "%data_4_1_V_read_3 = call i35 @_ssdm_op_Read.ap_auto.i35(i35 %data_4_1_V_read)" [firmware/nnet_utils/nnet_activation.h:73]   --->   Operation 58 'read' 'data_4_1_V_read_3' <Predicate = true> <Delay = 0.00>
ST_1 : Operation 59 [1/1] (0.00ns)   --->   "%data_4_0_V_read_3 = call i35 @_ssdm_op_Read.ap_auto.i35(i35 %data_4_0_V_read)" [firmware/nnet_utils/nnet_activation.h:73]   --->   Operation 59 'read' 'data_4_0_V_read_3' <Predicate = true> <Delay = 0.00>
ST_1 : Operation 60 [1/1] (0.00ns)   --->   "%data_3_1_V_read_3 = call i35 @_ssdm_op_Read.ap_auto.i35(i35 %data_3_1_V_read)" [firmware/nnet_utils/nnet_activation.h:73]   --->   Operation 60 'read' 'data_3_1_V_read_3' <Predicate = true> <Delay = 0.00>
ST_1 : Operation 61 [1/1] (0.00ns)   --->   "%data_3_0_V_read_3 = call i35 @_ssdm_op_Read.ap_auto.i35(i35 %data_3_0_V_read)" [firmware/nnet_utils/nnet_activation.h:73]   --->   Operation 61 'read' 'data_3_0_V_read_3' <Predicate = true> <Delay = 0.00>
ST_1 : Operation 62 [1/1] (0.00ns)   --->   "%data_2_1_V_read_3 = call i35 @_ssdm_op_Read.ap_auto.i35(i35 %data_2_1_V_read)" [firmware/nnet_utils/nnet_activation.h:73]   --->   Operation 62 'read' 'data_2_1_V_read_3' <Predicate = true> <Delay = 0.00>
ST_1 : Operation 63 [1/1] (0.00ns)   --->   "%data_2_0_V_read_3 = call i35 @_ssdm_op_Read.ap_auto.i35(i35 %data_2_0_V_read)" [firmware/nnet_utils/nnet_activation.h:73]   --->   Operation 63 'read' 'data_2_0_V_read_3' <Predicate = true> <Delay = 0.00>
ST_1 : Operation 64 [1/1] (0.00ns)   --->   "%data_1_1_V_read_3 = call i35 @_ssdm_op_Read.ap_auto.i35(i35 %data_1_1_V_read)" [firmware/nnet_utils/nnet_activation.h:73]   --->   Operation 64 'read' 'data_1_1_V_read_3' <Predicate = true> <Delay = 0.00>
ST_1 : Operation 65 [1/1] (0.00ns)   --->   "%data_1_0_V_read_3 = call i35 @_ssdm_op_Read.ap_auto.i35(i35 %data_1_0_V_read)" [firmware/nnet_utils/nnet_activation.h:73]   --->   Operation 65 'read' 'data_1_0_V_read_3' <Predicate = true> <Delay = 0.00>
ST_1 : Operation 66 [1/1] (0.00ns)   --->   "%data_0_1_V_read_3 = call i35 @_ssdm_op_Read.ap_auto.i35(i35 %data_0_1_V_read)" [firmware/nnet_utils/nnet_activation.h:73]   --->   Operation 66 'read' 'data_0_1_V_read_3' <Predicate = true> <Delay = 0.00>
ST_1 : Operation 67 [1/1] (0.00ns)   --->   "%data_0_0_V_read_3 = call i35 @_ssdm_op_Read.ap_auto.i35(i35 %data_0_0_V_read)" [firmware/nnet_utils/nnet_activation.h:73]   --->   Operation 67 'read' 'data_0_0_V_read_3' <Predicate = true> <Delay = 0.00>
ST_1 : Operation 68 [1/1] (0.00ns)   --->   "%tmp = call i32 (...)* @_ssdm_op_SpecRegionBegin([13 x i8]* @p_str29)" [firmware/nnet_utils/nnet_activation.h:75]   --->   Operation 68 'specregionbegin' 'tmp' <Predicate = true> <Delay = 0.00>
ST_1 : Operation 69 [1/1] (0.00ns)   --->   "call void (...)* @_ssdm_op_SpecPipeline(i32 -1, i32 1, i32 1, i32 0, [1 x i8]* @p_str11) nounwind" [firmware/nnet_utils/nnet_activation.h:76]   --->   Operation 69 'specpipeline' <Predicate = true> <Delay = 0.00>
ST_1 : Operation 70 [1/1] (0.00ns)   --->   "%empty = call i32 (...)* @_ssdm_op_SpecRegionEnd([13 x i8]* @p_str29, i32 %tmp)" [firmware/nnet_utils/nnet_activation.h:77]   --->   Operation 70 'specregionend' 'empty' <Predicate = true> <Delay = 0.00>
ST_1 : Operation 71 [1/1] (0.22ns)   --->   "%select_ln203 = select i1 %data_V_offset_read, i35 %data_0_1_V_read_3, i35 %data_0_0_V_read_3" [firmware/nnet_utils/nnet_activation.h:84]   --->   Operation 71 'select' 'select_ln203' <Predicate = true> <Delay = 0.22> <Core = "Sel">   --->   Core 26 'Sel' <Latency = 0> <II = 1> <Delay = 0.22> <FuncUnit> <Opcode : 'select'> <InPorts = 3> <OutPorts = 1>
ST_1 : Operation 72 [1/1] (0.00ns)   --->   "%trunc_ln1494 = trunc i35 %select_ln203 to i34" [firmware/nnet_utils/nnet_activation.h:85]   --->   Operation 72 'trunc' 'trunc_ln1494' <Predicate = (icmp_ln1494)> <Delay = 0.00>
ST_1 : Operation 73 [1/1] (0.93ns)   --->   "%icmp_ln1494 = icmp sgt i35 %select_ln203, 0" [firmware/nnet_utils/nnet_activation.h:85]   --->   Operation 73 'icmp' 'icmp_ln1494' <Predicate = true> <Delay = 0.93> <Core = "Cmp">   --->   Core 25 'Cmp' <Latency = 0> <II = 1> <Delay = 0.93> <FuncUnit> <Opcode : 'icmp'> <InPorts = 2> <OutPorts = 1>
ST_1 : Operation 74 [1/1] (0.22ns)   --->   "%select_ln85 = select i1 %icmp_ln1494, i34 %trunc_ln1494, i34 0" [firmware/nnet_utils/nnet_activation.h:85]   --->   Operation 74 'select' 'select_ln85' <Predicate = true> <Delay = 0.22> <Core = "Sel">   --->   Core 26 'Sel' <Latency = 0> <II = 1> <Delay = 0.22> <FuncUnit> <Opcode : 'select'> <InPorts = 3> <OutPorts = 1>
ST_1 : Operation 75 [1/1] (0.00ns)   --->   "%zext_ln85 = zext i34 %select_ln85 to i35" [firmware/nnet_utils/nnet_activation.h:85]   --->   Operation 75 'zext' 'zext_ln85' <Predicate = true> <Delay = 0.00>
ST_1 : Operation 76 [1/1] (0.22ns)   --->   "%select_ln203_51 = select i1 %data_V_offset_read, i35 %data_1_1_V_read_3, i35 %data_1_0_V_read_3" [firmware/nnet_utils/nnet_activation.h:84]   --->   Operation 76 'select' 'select_ln203_51' <Predicate = true> <Delay = 0.22> <Core = "Sel">   --->   Core 26 'Sel' <Latency = 0> <II = 1> <Delay = 0.22> <FuncUnit> <Opcode : 'select'> <InPorts = 3> <OutPorts = 1>
ST_1 : Operation 77 [1/1] (0.00ns)   --->   "%trunc_ln1494_32 = trunc i35 %select_ln203_51 to i34" [firmware/nnet_utils/nnet_activation.h:85]   --->   Operation 77 'trunc' 'trunc_ln1494_32' <Predicate = (icmp_ln1494_1)> <Delay = 0.00>
ST_1 : Operation 78 [1/1] (0.93ns)   --->   "%icmp_ln1494_1 = icmp sgt i35 %select_ln203_51, 0" [firmware/nnet_utils/nnet_activation.h:85]   --->   Operation 78 'icmp' 'icmp_ln1494_1' <Predicate = true> <Delay = 0.93> <Core = "Cmp">   --->   Core 25 'Cmp' <Latency = 0> <II = 1> <Delay = 0.93> <FuncUnit> <Opcode : 'icmp'> <InPorts = 2> <OutPorts = 1>
ST_1 : Operation 79 [1/1] (0.22ns)   --->   "%select_ln85_32 = select i1 %icmp_ln1494_1, i34 %trunc_ln1494_32, i34 0" [firmware/nnet_utils/nnet_activation.h:85]   --->   Operation 79 'select' 'select_ln85_32' <Predicate = true> <Delay = 0.22> <Core = "Sel">   --->   Core 26 'Sel' <Latency = 0> <II = 1> <Delay = 0.22> <FuncUnit> <Opcode : 'select'> <InPorts = 3> <OutPorts = 1>
ST_1 : Operation 80 [1/1] (0.00ns)   --->   "%zext_ln85_32 = zext i34 %select_ln85_32 to i35" [firmware/nnet_utils/nnet_activation.h:85]   --->   Operation 80 'zext' 'zext_ln85_32' <Predicate = true> <Delay = 0.00>
ST_1 : Operation 81 [1/1] (0.22ns)   --->   "%select_ln203_52 = select i1 %data_V_offset_read, i35 %data_2_1_V_read_3, i35 %data_2_0_V_read_3" [firmware/nnet_utils/nnet_activation.h:84]   --->   Operation 81 'select' 'select_ln203_52' <Predicate = true> <Delay = 0.22> <Core = "Sel">   --->   Core 26 'Sel' <Latency = 0> <II = 1> <Delay = 0.22> <FuncUnit> <Opcode : 'select'> <InPorts = 3> <OutPorts = 1>
ST_1 : Operation 82 [1/1] (0.00ns)   --->   "%trunc_ln1494_33 = trunc i35 %select_ln203_52 to i34" [firmware/nnet_utils/nnet_activation.h:85]   --->   Operation 82 'trunc' 'trunc_ln1494_33' <Predicate = (icmp_ln1494_2)> <Delay = 0.00>
ST_1 : Operation 83 [1/1] (0.93ns)   --->   "%icmp_ln1494_2 = icmp sgt i35 %select_ln203_52, 0" [firmware/nnet_utils/nnet_activation.h:85]   --->   Operation 83 'icmp' 'icmp_ln1494_2' <Predicate = true> <Delay = 0.93> <Core = "Cmp">   --->   Core 25 'Cmp' <Latency = 0> <II = 1> <Delay = 0.93> <FuncUnit> <Opcode : 'icmp'> <InPorts = 2> <OutPorts = 1>
ST_1 : Operation 84 [1/1] (0.22ns)   --->   "%select_ln85_33 = select i1 %icmp_ln1494_2, i34 %trunc_ln1494_33, i34 0" [firmware/nnet_utils/nnet_activation.h:85]   --->   Operation 84 'select' 'select_ln85_33' <Predicate = true> <Delay = 0.22> <Core = "Sel">   --->   Core 26 'Sel' <Latency = 0> <II = 1> <Delay = 0.22> <FuncUnit> <Opcode : 'select'> <InPorts = 3> <OutPorts = 1>
ST_1 : Operation 85 [1/1] (0.00ns)   --->   "%zext_ln85_33 = zext i34 %select_ln85_33 to i35" [firmware/nnet_utils/nnet_activation.h:85]   --->   Operation 85 'zext' 'zext_ln85_33' <Predicate = true> <Delay = 0.00>
ST_1 : Operation 86 [1/1] (0.22ns)   --->   "%select_ln203_53 = select i1 %data_V_offset_read, i35 %data_3_1_V_read_3, i35 %data_3_0_V_read_3" [firmware/nnet_utils/nnet_activation.h:84]   --->   Operation 86 'select' 'select_ln203_53' <Predicate = true> <Delay = 0.22> <Core = "Sel">   --->   Core 26 'Sel' <Latency = 0> <II = 1> <Delay = 0.22> <FuncUnit> <Opcode : 'select'> <InPorts = 3> <OutPorts = 1>
ST_1 : Operation 87 [1/1] (0.00ns)   --->   "%trunc_ln1494_34 = trunc i35 %select_ln203_53 to i34" [firmware/nnet_utils/nnet_activation.h:85]   --->   Operation 87 'trunc' 'trunc_ln1494_34' <Predicate = (icmp_ln1494_3)> <Delay = 0.00>
ST_1 : Operation 88 [1/1] (0.93ns)   --->   "%icmp_ln1494_3 = icmp sgt i35 %select_ln203_53, 0" [firmware/nnet_utils/nnet_activation.h:85]   --->   Operation 88 'icmp' 'icmp_ln1494_3' <Predicate = true> <Delay = 0.93> <Core = "Cmp">   --->   Core 25 'Cmp' <Latency = 0> <II = 1> <Delay = 0.93> <FuncUnit> <Opcode : 'icmp'> <InPorts = 2> <OutPorts = 1>
ST_1 : Operation 89 [1/1] (0.22ns)   --->   "%select_ln85_34 = select i1 %icmp_ln1494_3, i34 %trunc_ln1494_34, i34 0" [firmware/nnet_utils/nnet_activation.h:85]   --->   Operation 89 'select' 'select_ln85_34' <Predicate = true> <Delay = 0.22> <Core = "Sel">   --->   Core 26 'Sel' <Latency = 0> <II = 1> <Delay = 0.22> <FuncUnit> <Opcode : 'select'> <InPorts = 3> <OutPorts = 1>
ST_1 : Operation 90 [1/1] (0.00ns)   --->   "%zext_ln85_34 = zext i34 %select_ln85_34 to i35" [firmware/nnet_utils/nnet_activation.h:85]   --->   Operation 90 'zext' 'zext_ln85_34' <Predicate = true> <Delay = 0.00>
ST_1 : Operation 91 [1/1] (0.22ns)   --->   "%select_ln203_54 = select i1 %data_V_offset_read, i35 %data_4_1_V_read_3, i35 %data_4_0_V_read_3" [firmware/nnet_utils/nnet_activation.h:84]   --->   Operation 91 'select' 'select_ln203_54' <Predicate = true> <Delay = 0.22> <Core = "Sel">   --->   Core 26 'Sel' <Latency = 0> <II = 1> <Delay = 0.22> <FuncUnit> <Opcode : 'select'> <InPorts = 3> <OutPorts = 1>
ST_1 : Operation 92 [1/1] (0.00ns)   --->   "%trunc_ln1494_35 = trunc i35 %select_ln203_54 to i34" [firmware/nnet_utils/nnet_activation.h:85]   --->   Operation 92 'trunc' 'trunc_ln1494_35' <Predicate = (icmp_ln1494_4)> <Delay = 0.00>
ST_1 : Operation 93 [1/1] (0.93ns)   --->   "%icmp_ln1494_4 = icmp sgt i35 %select_ln203_54, 0" [firmware/nnet_utils/nnet_activation.h:85]   --->   Operation 93 'icmp' 'icmp_ln1494_4' <Predicate = true> <Delay = 0.93> <Core = "Cmp">   --->   Core 25 'Cmp' <Latency = 0> <II = 1> <Delay = 0.93> <FuncUnit> <Opcode : 'icmp'> <InPorts = 2> <OutPorts = 1>
ST_1 : Operation 94 [1/1] (0.22ns)   --->   "%select_ln85_35 = select i1 %icmp_ln1494_4, i34 %trunc_ln1494_35, i34 0" [firmware/nnet_utils/nnet_activation.h:85]   --->   Operation 94 'select' 'select_ln85_35' <Predicate = true> <Delay = 0.22> <Core = "Sel">   --->   Core 26 'Sel' <Latency = 0> <II = 1> <Delay = 0.22> <FuncUnit> <Opcode : 'select'> <InPorts = 3> <OutPorts = 1>
ST_1 : Operation 95 [1/1] (0.00ns)   --->   "%zext_ln85_35 = zext i34 %select_ln85_35 to i35" [firmware/nnet_utils/nnet_activation.h:85]   --->   Operation 95 'zext' 'zext_ln85_35' <Predicate = true> <Delay = 0.00>
ST_1 : Operation 96 [1/1] (0.22ns)   --->   "%select_ln203_55 = select i1 %data_V_offset_read, i35 %data_5_1_V_read12, i35 %data_5_0_V_read11" [firmware/nnet_utils/nnet_activation.h:84]   --->   Operation 96 'select' 'select_ln203_55' <Predicate = true> <Delay = 0.22> <Core = "Sel">   --->   Core 26 'Sel' <Latency = 0> <II = 1> <Delay = 0.22> <FuncUnit> <Opcode : 'select'> <InPorts = 3> <OutPorts = 1>
ST_1 : Operation 97 [1/1] (0.00ns)   --->   "%trunc_ln1494_36 = trunc i35 %select_ln203_55 to i34" [firmware/nnet_utils/nnet_activation.h:85]   --->   Operation 97 'trunc' 'trunc_ln1494_36' <Predicate = (icmp_ln1494_5)> <Delay = 0.00>
ST_1 : Operation 98 [1/1] (0.93ns)   --->   "%icmp_ln1494_5 = icmp sgt i35 %select_ln203_55, 0" [firmware/nnet_utils/nnet_activation.h:85]   --->   Operation 98 'icmp' 'icmp_ln1494_5' <Predicate = true> <Delay = 0.93> <Core = "Cmp">   --->   Core 25 'Cmp' <Latency = 0> <II = 1> <Delay = 0.93> <FuncUnit> <Opcode : 'icmp'> <InPorts = 2> <OutPorts = 1>
ST_1 : Operation 99 [1/1] (0.22ns)   --->   "%select_ln85_36 = select i1 %icmp_ln1494_5, i34 %trunc_ln1494_36, i34 0" [firmware/nnet_utils/nnet_activation.h:85]   --->   Operation 99 'select' 'select_ln85_36' <Predicate = true> <Delay = 0.22> <Core = "Sel">   --->   Core 26 'Sel' <Latency = 0> <II = 1> <Delay = 0.22> <FuncUnit> <Opcode : 'select'> <InPorts = 3> <OutPorts = 1>
ST_1 : Operation 100 [1/1] (0.00ns)   --->   "%zext_ln85_36 = zext i34 %select_ln85_36 to i35" [firmware/nnet_utils/nnet_activation.h:85]   --->   Operation 100 'zext' 'zext_ln85_36' <Predicate = true> <Delay = 0.00>
ST_1 : Operation 101 [1/1] (0.22ns)   --->   "%select_ln203_56 = select i1 %data_V_offset_read, i35 %data_6_1_V_read_3, i35 %data_6_0_V_read_3" [firmware/nnet_utils/nnet_activation.h:84]   --->   Operation 101 'select' 'select_ln203_56' <Predicate = true> <Delay = 0.22> <Core = "Sel">   --->   Core 26 'Sel' <Latency = 0> <II = 1> <Delay = 0.22> <FuncUnit> <Opcode : 'select'> <InPorts = 3> <OutPorts = 1>
ST_1 : Operation 102 [1/1] (0.00ns)   --->   "%trunc_ln1494_37 = trunc i35 %select_ln203_56 to i34" [firmware/nnet_utils/nnet_activation.h:85]   --->   Operation 102 'trunc' 'trunc_ln1494_37' <Predicate = (icmp_ln1494_6)> <Delay = 0.00>
ST_1 : Operation 103 [1/1] (0.93ns)   --->   "%icmp_ln1494_6 = icmp sgt i35 %select_ln203_56, 0" [firmware/nnet_utils/nnet_activation.h:85]   --->   Operation 103 'icmp' 'icmp_ln1494_6' <Predicate = true> <Delay = 0.93> <Core = "Cmp">   --->   Core 25 'Cmp' <Latency = 0> <II = 1> <Delay = 0.93> <FuncUnit> <Opcode : 'icmp'> <InPorts = 2> <OutPorts = 1>
ST_1 : Operation 104 [1/1] (0.22ns)   --->   "%select_ln85_37 = select i1 %icmp_ln1494_6, i34 %trunc_ln1494_37, i34 0" [firmware/nnet_utils/nnet_activation.h:85]   --->   Operation 104 'select' 'select_ln85_37' <Predicate = true> <Delay = 0.22> <Core = "Sel">   --->   Core 26 'Sel' <Latency = 0> <II = 1> <Delay = 0.22> <FuncUnit> <Opcode : 'select'> <InPorts = 3> <OutPorts = 1>
ST_1 : Operation 105 [1/1] (0.00ns)   --->   "%zext_ln85_37 = zext i34 %select_ln85_37 to i35" [firmware/nnet_utils/nnet_activation.h:85]   --->   Operation 105 'zext' 'zext_ln85_37' <Predicate = true> <Delay = 0.00>
ST_1 : Operation 106 [1/1] (0.22ns)   --->   "%select_ln203_57 = select i1 %data_V_offset_read, i35 %data_7_1_V_read_3, i35 %data_7_0_V_read_3" [firmware/nnet_utils/nnet_activation.h:84]   --->   Operation 106 'select' 'select_ln203_57' <Predicate = true> <Delay = 0.22> <Core = "Sel">   --->   Core 26 'Sel' <Latency = 0> <II = 1> <Delay = 0.22> <FuncUnit> <Opcode : 'select'> <InPorts = 3> <OutPorts = 1>
ST_1 : Operation 107 [1/1] (0.00ns)   --->   "%trunc_ln1494_38 = trunc i35 %select_ln203_57 to i34" [firmware/nnet_utils/nnet_activation.h:85]   --->   Operation 107 'trunc' 'trunc_ln1494_38' <Predicate = (icmp_ln1494_7)> <Delay = 0.00>
ST_1 : Operation 108 [1/1] (0.93ns)   --->   "%icmp_ln1494_7 = icmp sgt i35 %select_ln203_57, 0" [firmware/nnet_utils/nnet_activation.h:85]   --->   Operation 108 'icmp' 'icmp_ln1494_7' <Predicate = true> <Delay = 0.93> <Core = "Cmp">   --->   Core 25 'Cmp' <Latency = 0> <II = 1> <Delay = 0.93> <FuncUnit> <Opcode : 'icmp'> <InPorts = 2> <OutPorts = 1>
ST_1 : Operation 109 [1/1] (0.22ns)   --->   "%select_ln85_38 = select i1 %icmp_ln1494_7, i34 %trunc_ln1494_38, i34 0" [firmware/nnet_utils/nnet_activation.h:85]   --->   Operation 109 'select' 'select_ln85_38' <Predicate = true> <Delay = 0.22> <Core = "Sel">   --->   Core 26 'Sel' <Latency = 0> <II = 1> <Delay = 0.22> <FuncUnit> <Opcode : 'select'> <InPorts = 3> <OutPorts = 1>
ST_1 : Operation 110 [1/1] (0.00ns)   --->   "%zext_ln85_38 = zext i34 %select_ln85_38 to i35" [firmware/nnet_utils/nnet_activation.h:85]   --->   Operation 110 'zext' 'zext_ln85_38' <Predicate = true> <Delay = 0.00>
ST_1 : Operation 111 [1/1] (0.22ns)   --->   "%select_ln203_58 = select i1 %data_V_offset_read, i35 %data_8_1_V_read_3, i35 %data_8_0_V_read_3" [firmware/nnet_utils/nnet_activation.h:84]   --->   Operation 111 'select' 'select_ln203_58' <Predicate = true> <Delay = 0.22> <Core = "Sel">   --->   Core 26 'Sel' <Latency = 0> <II = 1> <Delay = 0.22> <FuncUnit> <Opcode : 'select'> <InPorts = 3> <OutPorts = 1>
ST_1 : Operation 112 [1/1] (0.00ns)   --->   "%trunc_ln1494_39 = trunc i35 %select_ln203_58 to i34" [firmware/nnet_utils/nnet_activation.h:85]   --->   Operation 112 'trunc' 'trunc_ln1494_39' <Predicate = (icmp_ln1494_8)> <Delay = 0.00>
ST_1 : Operation 113 [1/1] (0.93ns)   --->   "%icmp_ln1494_8 = icmp sgt i35 %select_ln203_58, 0" [firmware/nnet_utils/nnet_activation.h:85]   --->   Operation 113 'icmp' 'icmp_ln1494_8' <Predicate = true> <Delay = 0.93> <Core = "Cmp">   --->   Core 25 'Cmp' <Latency = 0> <II = 1> <Delay = 0.93> <FuncUnit> <Opcode : 'icmp'> <InPorts = 2> <OutPorts = 1>
ST_1 : Operation 114 [1/1] (0.22ns)   --->   "%select_ln85_39 = select i1 %icmp_ln1494_8, i34 %trunc_ln1494_39, i34 0" [firmware/nnet_utils/nnet_activation.h:85]   --->   Operation 114 'select' 'select_ln85_39' <Predicate = true> <Delay = 0.22> <Core = "Sel">   --->   Core 26 'Sel' <Latency = 0> <II = 1> <Delay = 0.22> <FuncUnit> <Opcode : 'select'> <InPorts = 3> <OutPorts = 1>
ST_1 : Operation 115 [1/1] (0.00ns)   --->   "%zext_ln85_39 = zext i34 %select_ln85_39 to i35" [firmware/nnet_utils/nnet_activation.h:85]   --->   Operation 115 'zext' 'zext_ln85_39' <Predicate = true> <Delay = 0.00>
ST_1 : Operation 116 [1/1] (0.22ns)   --->   "%select_ln203_59 = select i1 %data_V_offset_read, i35 %data_9_1_V_read_3, i35 %data_9_0_V_read_3" [firmware/nnet_utils/nnet_activation.h:84]   --->   Operation 116 'select' 'select_ln203_59' <Predicate = true> <Delay = 0.22> <Core = "Sel">   --->   Core 26 'Sel' <Latency = 0> <II = 1> <Delay = 0.22> <FuncUnit> <Opcode : 'select'> <InPorts = 3> <OutPorts = 1>
ST_1 : Operation 117 [1/1] (0.00ns)   --->   "%trunc_ln1494_40 = trunc i35 %select_ln203_59 to i34" [firmware/nnet_utils/nnet_activation.h:85]   --->   Operation 117 'trunc' 'trunc_ln1494_40' <Predicate = (icmp_ln1494_9)> <Delay = 0.00>
ST_1 : Operation 118 [1/1] (0.93ns)   --->   "%icmp_ln1494_9 = icmp sgt i35 %select_ln203_59, 0" [firmware/nnet_utils/nnet_activation.h:85]   --->   Operation 118 'icmp' 'icmp_ln1494_9' <Predicate = true> <Delay = 0.93> <Core = "Cmp">   --->   Core 25 'Cmp' <Latency = 0> <II = 1> <Delay = 0.93> <FuncUnit> <Opcode : 'icmp'> <InPorts = 2> <OutPorts = 1>
ST_1 : Operation 119 [1/1] (0.22ns)   --->   "%select_ln85_40 = select i1 %icmp_ln1494_9, i34 %trunc_ln1494_40, i34 0" [firmware/nnet_utils/nnet_activation.h:85]   --->   Operation 119 'select' 'select_ln85_40' <Predicate = true> <Delay = 0.22> <Core = "Sel">   --->   Core 26 'Sel' <Latency = 0> <II = 1> <Delay = 0.22> <FuncUnit> <Opcode : 'select'> <InPorts = 3> <OutPorts = 1>
ST_1 : Operation 120 [1/1] (0.00ns)   --->   "%zext_ln85_40 = zext i34 %select_ln85_40 to i35" [firmware/nnet_utils/nnet_activation.h:85]   --->   Operation 120 'zext' 'zext_ln85_40' <Predicate = true> <Delay = 0.00>
ST_1 : Operation 121 [1/1] (0.22ns)   --->   "%select_ln203_60 = select i1 %data_V_offset_read, i35 %data_10_1_V_read22, i35 %data_10_0_V_read21" [firmware/nnet_utils/nnet_activation.h:84]   --->   Operation 121 'select' 'select_ln203_60' <Predicate = true> <Delay = 0.22> <Core = "Sel">   --->   Core 26 'Sel' <Latency = 0> <II = 1> <Delay = 0.22> <FuncUnit> <Opcode : 'select'> <InPorts = 3> <OutPorts = 1>
ST_1 : Operation 122 [1/1] (0.00ns)   --->   "%trunc_ln1494_41 = trunc i35 %select_ln203_60 to i34" [firmware/nnet_utils/nnet_activation.h:85]   --->   Operation 122 'trunc' 'trunc_ln1494_41' <Predicate = (icmp_ln1494_10)> <Delay = 0.00>
ST_1 : Operation 123 [1/1] (0.93ns)   --->   "%icmp_ln1494_10 = icmp sgt i35 %select_ln203_60, 0" [firmware/nnet_utils/nnet_activation.h:85]   --->   Operation 123 'icmp' 'icmp_ln1494_10' <Predicate = true> <Delay = 0.93> <Core = "Cmp">   --->   Core 25 'Cmp' <Latency = 0> <II = 1> <Delay = 0.93> <FuncUnit> <Opcode : 'icmp'> <InPorts = 2> <OutPorts = 1>
ST_1 : Operation 124 [1/1] (0.22ns)   --->   "%select_ln85_41 = select i1 %icmp_ln1494_10, i34 %trunc_ln1494_41, i34 0" [firmware/nnet_utils/nnet_activation.h:85]   --->   Operation 124 'select' 'select_ln85_41' <Predicate = true> <Delay = 0.22> <Core = "Sel">   --->   Core 26 'Sel' <Latency = 0> <II = 1> <Delay = 0.22> <FuncUnit> <Opcode : 'select'> <InPorts = 3> <OutPorts = 1>
ST_1 : Operation 125 [1/1] (0.00ns)   --->   "%zext_ln85_41 = zext i34 %select_ln85_41 to i35" [firmware/nnet_utils/nnet_activation.h:85]   --->   Operation 125 'zext' 'zext_ln85_41' <Predicate = true> <Delay = 0.00>
ST_1 : Operation 126 [1/1] (0.22ns)   --->   "%select_ln203_61 = select i1 %data_V_offset_read, i35 %data_11_1_V_read_3, i35 %data_11_0_V_read_3" [firmware/nnet_utils/nnet_activation.h:84]   --->   Operation 126 'select' 'select_ln203_61' <Predicate = true> <Delay = 0.22> <Core = "Sel">   --->   Core 26 'Sel' <Latency = 0> <II = 1> <Delay = 0.22> <FuncUnit> <Opcode : 'select'> <InPorts = 3> <OutPorts = 1>
ST_1 : Operation 127 [1/1] (0.00ns)   --->   "%trunc_ln1494_42 = trunc i35 %select_ln203_61 to i34" [firmware/nnet_utils/nnet_activation.h:85]   --->   Operation 127 'trunc' 'trunc_ln1494_42' <Predicate = (icmp_ln1494_11)> <Delay = 0.00>
ST_1 : Operation 128 [1/1] (0.93ns)   --->   "%icmp_ln1494_11 = icmp sgt i35 %select_ln203_61, 0" [firmware/nnet_utils/nnet_activation.h:85]   --->   Operation 128 'icmp' 'icmp_ln1494_11' <Predicate = true> <Delay = 0.93> <Core = "Cmp">   --->   Core 25 'Cmp' <Latency = 0> <II = 1> <Delay = 0.93> <FuncUnit> <Opcode : 'icmp'> <InPorts = 2> <OutPorts = 1>
ST_1 : Operation 129 [1/1] (0.22ns)   --->   "%select_ln85_42 = select i1 %icmp_ln1494_11, i34 %trunc_ln1494_42, i34 0" [firmware/nnet_utils/nnet_activation.h:85]   --->   Operation 129 'select' 'select_ln85_42' <Predicate = true> <Delay = 0.22> <Core = "Sel">   --->   Core 26 'Sel' <Latency = 0> <II = 1> <Delay = 0.22> <FuncUnit> <Opcode : 'select'> <InPorts = 3> <OutPorts = 1>
ST_1 : Operation 130 [1/1] (0.00ns)   --->   "%zext_ln85_42 = zext i34 %select_ln85_42 to i35" [firmware/nnet_utils/nnet_activation.h:85]   --->   Operation 130 'zext' 'zext_ln85_42' <Predicate = true> <Delay = 0.00>
ST_1 : Operation 131 [1/1] (0.22ns)   --->   "%select_ln203_62 = select i1 %data_V_offset_read, i35 %data_12_1_V_read_3, i35 %data_12_0_V_read_3" [firmware/nnet_utils/nnet_activation.h:84]   --->   Operation 131 'select' 'select_ln203_62' <Predicate = true> <Delay = 0.22> <Core = "Sel">   --->   Core 26 'Sel' <Latency = 0> <II = 1> <Delay = 0.22> <FuncUnit> <Opcode : 'select'> <InPorts = 3> <OutPorts = 1>
ST_1 : Operation 132 [1/1] (0.00ns)   --->   "%trunc_ln1494_43 = trunc i35 %select_ln203_62 to i34" [firmware/nnet_utils/nnet_activation.h:85]   --->   Operation 132 'trunc' 'trunc_ln1494_43' <Predicate = (icmp_ln1494_12)> <Delay = 0.00>
ST_1 : Operation 133 [1/1] (0.93ns)   --->   "%icmp_ln1494_12 = icmp sgt i35 %select_ln203_62, 0" [firmware/nnet_utils/nnet_activation.h:85]   --->   Operation 133 'icmp' 'icmp_ln1494_12' <Predicate = true> <Delay = 0.93> <Core = "Cmp">   --->   Core 25 'Cmp' <Latency = 0> <II = 1> <Delay = 0.93> <FuncUnit> <Opcode : 'icmp'> <InPorts = 2> <OutPorts = 1>
ST_1 : Operation 134 [1/1] (0.22ns)   --->   "%select_ln85_43 = select i1 %icmp_ln1494_12, i34 %trunc_ln1494_43, i34 0" [firmware/nnet_utils/nnet_activation.h:85]   --->   Operation 134 'select' 'select_ln85_43' <Predicate = true> <Delay = 0.22> <Core = "Sel">   --->   Core 26 'Sel' <Latency = 0> <II = 1> <Delay = 0.22> <FuncUnit> <Opcode : 'select'> <InPorts = 3> <OutPorts = 1>
ST_1 : Operation 135 [1/1] (0.00ns)   --->   "%zext_ln85_43 = zext i34 %select_ln85_43 to i35" [firmware/nnet_utils/nnet_activation.h:85]   --->   Operation 135 'zext' 'zext_ln85_43' <Predicate = true> <Delay = 0.00>
ST_1 : Operation 136 [1/1] (0.22ns)   --->   "%select_ln203_63 = select i1 %data_V_offset_read, i35 %data_13_1_V_read_3, i35 %data_13_0_V_read_3" [firmware/nnet_utils/nnet_activation.h:84]   --->   Operation 136 'select' 'select_ln203_63' <Predicate = true> <Delay = 0.22> <Core = "Sel">   --->   Core 26 'Sel' <Latency = 0> <II = 1> <Delay = 0.22> <FuncUnit> <Opcode : 'select'> <InPorts = 3> <OutPorts = 1>
ST_1 : Operation 137 [1/1] (0.00ns)   --->   "%trunc_ln1494_44 = trunc i35 %select_ln203_63 to i34" [firmware/nnet_utils/nnet_activation.h:85]   --->   Operation 137 'trunc' 'trunc_ln1494_44' <Predicate = (icmp_ln1494_13)> <Delay = 0.00>
ST_1 : Operation 138 [1/1] (0.93ns)   --->   "%icmp_ln1494_13 = icmp sgt i35 %select_ln203_63, 0" [firmware/nnet_utils/nnet_activation.h:85]   --->   Operation 138 'icmp' 'icmp_ln1494_13' <Predicate = true> <Delay = 0.93> <Core = "Cmp">   --->   Core 25 'Cmp' <Latency = 0> <II = 1> <Delay = 0.93> <FuncUnit> <Opcode : 'icmp'> <InPorts = 2> <OutPorts = 1>
ST_1 : Operation 139 [1/1] (0.22ns)   --->   "%select_ln85_44 = select i1 %icmp_ln1494_13, i34 %trunc_ln1494_44, i34 0" [firmware/nnet_utils/nnet_activation.h:85]   --->   Operation 139 'select' 'select_ln85_44' <Predicate = true> <Delay = 0.22> <Core = "Sel">   --->   Core 26 'Sel' <Latency = 0> <II = 1> <Delay = 0.22> <FuncUnit> <Opcode : 'select'> <InPorts = 3> <OutPorts = 1>
ST_1 : Operation 140 [1/1] (0.00ns)   --->   "%zext_ln85_44 = zext i34 %select_ln85_44 to i35" [firmware/nnet_utils/nnet_activation.h:85]   --->   Operation 140 'zext' 'zext_ln85_44' <Predicate = true> <Delay = 0.00>
ST_1 : Operation 141 [1/1] (0.22ns)   --->   "%select_ln203_64 = select i1 %data_V_offset_read, i35 %data_14_1_V_read_3, i35 %data_14_0_V_read_3" [firmware/nnet_utils/nnet_activation.h:84]   --->   Operation 141 'select' 'select_ln203_64' <Predicate = true> <Delay = 0.22> <Core = "Sel">   --->   Core 26 'Sel' <Latency = 0> <II = 1> <Delay = 0.22> <FuncUnit> <Opcode : 'select'> <InPorts = 3> <OutPorts = 1>
ST_1 : Operation 142 [1/1] (0.00ns)   --->   "%trunc_ln1494_45 = trunc i35 %select_ln203_64 to i34" [firmware/nnet_utils/nnet_activation.h:85]   --->   Operation 142 'trunc' 'trunc_ln1494_45' <Predicate = (icmp_ln1494_14)> <Delay = 0.00>
ST_1 : Operation 143 [1/1] (0.93ns)   --->   "%icmp_ln1494_14 = icmp sgt i35 %select_ln203_64, 0" [firmware/nnet_utils/nnet_activation.h:85]   --->   Operation 143 'icmp' 'icmp_ln1494_14' <Predicate = true> <Delay = 0.93> <Core = "Cmp">   --->   Core 25 'Cmp' <Latency = 0> <II = 1> <Delay = 0.93> <FuncUnit> <Opcode : 'icmp'> <InPorts = 2> <OutPorts = 1>
ST_1 : Operation 144 [1/1] (0.22ns)   --->   "%select_ln85_45 = select i1 %icmp_ln1494_14, i34 %trunc_ln1494_45, i34 0" [firmware/nnet_utils/nnet_activation.h:85]   --->   Operation 144 'select' 'select_ln85_45' <Predicate = true> <Delay = 0.22> <Core = "Sel">   --->   Core 26 'Sel' <Latency = 0> <II = 1> <Delay = 0.22> <FuncUnit> <Opcode : 'select'> <InPorts = 3> <OutPorts = 1>
ST_1 : Operation 145 [1/1] (0.00ns)   --->   "%zext_ln85_45 = zext i34 %select_ln85_45 to i35" [firmware/nnet_utils/nnet_activation.h:85]   --->   Operation 145 'zext' 'zext_ln85_45' <Predicate = true> <Delay = 0.00>
ST_1 : Operation 146 [1/1] (0.22ns)   --->   "%select_ln203_65 = select i1 %data_V_offset_read, i35 %data_15_1_V_read32, i35 %data_15_0_V_read31" [firmware/nnet_utils/nnet_activation.h:84]   --->   Operation 146 'select' 'select_ln203_65' <Predicate = true> <Delay = 0.22> <Core = "Sel">   --->   Core 26 'Sel' <Latency = 0> <II = 1> <Delay = 0.22> <FuncUnit> <Opcode : 'select'> <InPorts = 3> <OutPorts = 1>
ST_1 : Operation 147 [1/1] (0.00ns)   --->   "%trunc_ln1494_46 = trunc i35 %select_ln203_65 to i34" [firmware/nnet_utils/nnet_activation.h:85]   --->   Operation 147 'trunc' 'trunc_ln1494_46' <Predicate = (icmp_ln1494_15)> <Delay = 0.00>
ST_1 : Operation 148 [1/1] (0.93ns)   --->   "%icmp_ln1494_15 = icmp sgt i35 %select_ln203_65, 0" [firmware/nnet_utils/nnet_activation.h:85]   --->   Operation 148 'icmp' 'icmp_ln1494_15' <Predicate = true> <Delay = 0.93> <Core = "Cmp">   --->   Core 25 'Cmp' <Latency = 0> <II = 1> <Delay = 0.93> <FuncUnit> <Opcode : 'icmp'> <InPorts = 2> <OutPorts = 1>
ST_1 : Operation 149 [1/1] (0.22ns)   --->   "%select_ln85_46 = select i1 %icmp_ln1494_15, i34 %trunc_ln1494_46, i34 0" [firmware/nnet_utils/nnet_activation.h:85]   --->   Operation 149 'select' 'select_ln85_46' <Predicate = true> <Delay = 0.22> <Core = "Sel">   --->   Core 26 'Sel' <Latency = 0> <II = 1> <Delay = 0.22> <FuncUnit> <Opcode : 'select'> <InPorts = 3> <OutPorts = 1>
ST_1 : Operation 150 [1/1] (0.00ns)   --->   "%zext_ln85_46 = zext i34 %select_ln85_46 to i35" [firmware/nnet_utils/nnet_activation.h:85]   --->   Operation 150 'zext' 'zext_ln85_46' <Predicate = true> <Delay = 0.00>
ST_1 : Operation 151 [1/1] (0.22ns)   --->   "%select_ln203_66 = select i1 %res_V_offset_read, i35 %res_15_0_V_read_2, i35 %zext_ln85_46" [firmware/nnet_utils/nnet_activation.h:85]   --->   Operation 151 'select' 'select_ln203_66' <Predicate = true> <Delay = 0.22> <Core = "Sel">   --->   Core 26 'Sel' <Latency = 0> <II = 1> <Delay = 0.22> <FuncUnit> <Opcode : 'select'> <InPorts = 3> <OutPorts = 1>
ST_1 : Operation 152 [1/1] (0.22ns)   --->   "%select_ln203_67 = select i1 %res_V_offset_read, i35 %zext_ln85_46, i35 %res_15_1_V_read_2" [firmware/nnet_utils/nnet_activation.h:85]   --->   Operation 152 'select' 'select_ln203_67' <Predicate = true> <Delay = 0.22> <Core = "Sel">   --->   Core 26 'Sel' <Latency = 0> <II = 1> <Delay = 0.22> <FuncUnit> <Opcode : 'select'> <InPorts = 3> <OutPorts = 1>
ST_1 : Operation 153 [1/1] (0.22ns)   --->   "%select_ln88 = select i1 %res_V_offset_read, i35 %res_0_0_V_read_2, i35 %zext_ln85" [firmware/nnet_utils/nnet_activation.h:88]   --->   Operation 153 'select' 'select_ln88' <Predicate = true> <Delay = 0.22> <Core = "Sel">   --->   Core 26 'Sel' <Latency = 0> <II = 1> <Delay = 0.22> <FuncUnit> <Opcode : 'select'> <InPorts = 3> <OutPorts = 1>
ST_1 : Operation 154 [1/1] (0.22ns)   --->   "%select_ln88_62 = select i1 %res_V_offset_read, i35 %zext_ln85, i35 %res_0_1_V_read_2" [firmware/nnet_utils/nnet_activation.h:88]   --->   Operation 154 'select' 'select_ln88_62' <Predicate = true> <Delay = 0.22> <Core = "Sel">   --->   Core 26 'Sel' <Latency = 0> <II = 1> <Delay = 0.22> <FuncUnit> <Opcode : 'select'> <InPorts = 3> <OutPorts = 1>
ST_1 : Operation 155 [1/1] (0.22ns)   --->   "%select_ln88_63 = select i1 %res_V_offset_read, i35 %res_1_0_V_read_2, i35 %zext_ln85_32" [firmware/nnet_utils/nnet_activation.h:88]   --->   Operation 155 'select' 'select_ln88_63' <Predicate = true> <Delay = 0.22> <Core = "Sel">   --->   Core 26 'Sel' <Latency = 0> <II = 1> <Delay = 0.22> <FuncUnit> <Opcode : 'select'> <InPorts = 3> <OutPorts = 1>
ST_1 : Operation 156 [1/1] (0.22ns)   --->   "%select_ln88_64 = select i1 %res_V_offset_read, i35 %zext_ln85_32, i35 %res_1_1_V_read_2" [firmware/nnet_utils/nnet_activation.h:88]   --->   Operation 156 'select' 'select_ln88_64' <Predicate = true> <Delay = 0.22> <Core = "Sel">   --->   Core 26 'Sel' <Latency = 0> <II = 1> <Delay = 0.22> <FuncUnit> <Opcode : 'select'> <InPorts = 3> <OutPorts = 1>
ST_1 : Operation 157 [1/1] (0.22ns)   --->   "%select_ln88_65 = select i1 %res_V_offset_read, i35 %res_2_0_V_read_2, i35 %zext_ln85_33" [firmware/nnet_utils/nnet_activation.h:88]   --->   Operation 157 'select' 'select_ln88_65' <Predicate = true> <Delay = 0.22> <Core = "Sel">   --->   Core 26 'Sel' <Latency = 0> <II = 1> <Delay = 0.22> <FuncUnit> <Opcode : 'select'> <InPorts = 3> <OutPorts = 1>
ST_1 : Operation 158 [1/1] (0.22ns)   --->   "%select_ln88_66 = select i1 %res_V_offset_read, i35 %zext_ln85_33, i35 %res_2_1_V_read_2" [firmware/nnet_utils/nnet_activation.h:88]   --->   Operation 158 'select' 'select_ln88_66' <Predicate = true> <Delay = 0.22> <Core = "Sel">   --->   Core 26 'Sel' <Latency = 0> <II = 1> <Delay = 0.22> <FuncUnit> <Opcode : 'select'> <InPorts = 3> <OutPorts = 1>
ST_1 : Operation 159 [1/1] (0.22ns)   --->   "%select_ln88_67 = select i1 %res_V_offset_read, i35 %res_3_0_V_read_2, i35 %zext_ln85_34" [firmware/nnet_utils/nnet_activation.h:88]   --->   Operation 159 'select' 'select_ln88_67' <Predicate = true> <Delay = 0.22> <Core = "Sel">   --->   Core 26 'Sel' <Latency = 0> <II = 1> <Delay = 0.22> <FuncUnit> <Opcode : 'select'> <InPorts = 3> <OutPorts = 1>
ST_1 : Operation 160 [1/1] (0.22ns)   --->   "%select_ln88_68 = select i1 %res_V_offset_read, i35 %zext_ln85_34, i35 %res_3_1_V_read41" [firmware/nnet_utils/nnet_activation.h:88]   --->   Operation 160 'select' 'select_ln88_68' <Predicate = true> <Delay = 0.22> <Core = "Sel">   --->   Core 26 'Sel' <Latency = 0> <II = 1> <Delay = 0.22> <FuncUnit> <Opcode : 'select'> <InPorts = 3> <OutPorts = 1>
ST_1 : Operation 161 [1/1] (0.22ns)   --->   "%select_ln88_69 = select i1 %res_V_offset_read, i35 %res_4_0_V_read_2, i35 %zext_ln85_35" [firmware/nnet_utils/nnet_activation.h:88]   --->   Operation 161 'select' 'select_ln88_69' <Predicate = true> <Delay = 0.22> <Core = "Sel">   --->   Core 26 'Sel' <Latency = 0> <II = 1> <Delay = 0.22> <FuncUnit> <Opcode : 'select'> <InPorts = 3> <OutPorts = 1>
ST_1 : Operation 162 [1/1] (0.22ns)   --->   "%select_ln88_70 = select i1 %res_V_offset_read, i35 %zext_ln85_35, i35 %res_4_1_V_read_2" [firmware/nnet_utils/nnet_activation.h:88]   --->   Operation 162 'select' 'select_ln88_70' <Predicate = true> <Delay = 0.22> <Core = "Sel">   --->   Core 26 'Sel' <Latency = 0> <II = 1> <Delay = 0.22> <FuncUnit> <Opcode : 'select'> <InPorts = 3> <OutPorts = 1>
ST_1 : Operation 163 [1/1] (0.22ns)   --->   "%select_ln88_71 = select i1 %res_V_offset_read, i35 %res_5_0_V_read_2, i35 %zext_ln85_36" [firmware/nnet_utils/nnet_activation.h:88]   --->   Operation 163 'select' 'select_ln88_71' <Predicate = true> <Delay = 0.22> <Core = "Sel">   --->   Core 26 'Sel' <Latency = 0> <II = 1> <Delay = 0.22> <FuncUnit> <Opcode : 'select'> <InPorts = 3> <OutPorts = 1>
ST_1 : Operation 164 [1/1] (0.22ns)   --->   "%select_ln88_72 = select i1 %res_V_offset_read, i35 %zext_ln85_36, i35 %res_5_1_V_read_2" [firmware/nnet_utils/nnet_activation.h:88]   --->   Operation 164 'select' 'select_ln88_72' <Predicate = true> <Delay = 0.22> <Core = "Sel">   --->   Core 26 'Sel' <Latency = 0> <II = 1> <Delay = 0.22> <FuncUnit> <Opcode : 'select'> <InPorts = 3> <OutPorts = 1>
ST_1 : Operation 165 [1/1] (0.22ns)   --->   "%select_ln88_73 = select i1 %res_V_offset_read, i35 %res_6_0_V_read_2, i35 %zext_ln85_37" [firmware/nnet_utils/nnet_activation.h:88]   --->   Operation 165 'select' 'select_ln88_73' <Predicate = true> <Delay = 0.22> <Core = "Sel">   --->   Core 26 'Sel' <Latency = 0> <II = 1> <Delay = 0.22> <FuncUnit> <Opcode : 'select'> <InPorts = 3> <OutPorts = 1>
ST_1 : Operation 166 [1/1] (0.22ns)   --->   "%select_ln88_74 = select i1 %res_V_offset_read, i35 %zext_ln85_37, i35 %res_6_1_V_read_2" [firmware/nnet_utils/nnet_activation.h:88]   --->   Operation 166 'select' 'select_ln88_74' <Predicate = true> <Delay = 0.22> <Core = "Sel">   --->   Core 26 'Sel' <Latency = 0> <II = 1> <Delay = 0.22> <FuncUnit> <Opcode : 'select'> <InPorts = 3> <OutPorts = 1>
ST_1 : Operation 167 [1/1] (0.22ns)   --->   "%select_ln88_75 = select i1 %res_V_offset_read, i35 %res_7_0_V_read_2, i35 %zext_ln85_38" [firmware/nnet_utils/nnet_activation.h:88]   --->   Operation 167 'select' 'select_ln88_75' <Predicate = true> <Delay = 0.22> <Core = "Sel">   --->   Core 26 'Sel' <Latency = 0> <II = 1> <Delay = 0.22> <FuncUnit> <Opcode : 'select'> <InPorts = 3> <OutPorts = 1>
ST_1 : Operation 168 [1/1] (0.22ns)   --->   "%select_ln88_76 = select i1 %res_V_offset_read, i35 %zext_ln85_38, i35 %res_7_1_V_read_2" [firmware/nnet_utils/nnet_activation.h:88]   --->   Operation 168 'select' 'select_ln88_76' <Predicate = true> <Delay = 0.22> <Core = "Sel">   --->   Core 26 'Sel' <Latency = 0> <II = 1> <Delay = 0.22> <FuncUnit> <Opcode : 'select'> <InPorts = 3> <OutPorts = 1>
ST_1 : Operation 169 [1/1] (0.22ns)   --->   "%select_ln88_77 = select i1 %res_V_offset_read, i35 %res_8_0_V_read_2, i35 %zext_ln85_39" [firmware/nnet_utils/nnet_activation.h:88]   --->   Operation 169 'select' 'select_ln88_77' <Predicate = true> <Delay = 0.22> <Core = "Sel">   --->   Core 26 'Sel' <Latency = 0> <II = 1> <Delay = 0.22> <FuncUnit> <Opcode : 'select'> <InPorts = 3> <OutPorts = 1>
ST_1 : Operation 170 [1/1] (0.22ns)   --->   "%select_ln88_78 = select i1 %res_V_offset_read, i35 %zext_ln85_39, i35 %res_8_1_V_read51" [firmware/nnet_utils/nnet_activation.h:88]   --->   Operation 170 'select' 'select_ln88_78' <Predicate = true> <Delay = 0.22> <Core = "Sel">   --->   Core 26 'Sel' <Latency = 0> <II = 1> <Delay = 0.22> <FuncUnit> <Opcode : 'select'> <InPorts = 3> <OutPorts = 1>
ST_1 : Operation 171 [1/1] (0.22ns)   --->   "%select_ln88_79 = select i1 %res_V_offset_read, i35 %res_9_0_V_read_2, i35 %zext_ln85_40" [firmware/nnet_utils/nnet_activation.h:88]   --->   Operation 171 'select' 'select_ln88_79' <Predicate = true> <Delay = 0.22> <Core = "Sel">   --->   Core 26 'Sel' <Latency = 0> <II = 1> <Delay = 0.22> <FuncUnit> <Opcode : 'select'> <InPorts = 3> <OutPorts = 1>
ST_1 : Operation 172 [1/1] (0.22ns)   --->   "%select_ln88_80 = select i1 %res_V_offset_read, i35 %zext_ln85_40, i35 %res_9_1_V_read_2" [firmware/nnet_utils/nnet_activation.h:88]   --->   Operation 172 'select' 'select_ln88_80' <Predicate = true> <Delay = 0.22> <Core = "Sel">   --->   Core 26 'Sel' <Latency = 0> <II = 1> <Delay = 0.22> <FuncUnit> <Opcode : 'select'> <InPorts = 3> <OutPorts = 1>
ST_1 : Operation 173 [1/1] (0.22ns)   --->   "%select_ln88_81 = select i1 %res_V_offset_read, i35 %res_10_0_V_read_2, i35 %zext_ln85_41" [firmware/nnet_utils/nnet_activation.h:88]   --->   Operation 173 'select' 'select_ln88_81' <Predicate = true> <Delay = 0.22> <Core = "Sel">   --->   Core 26 'Sel' <Latency = 0> <II = 1> <Delay = 0.22> <FuncUnit> <Opcode : 'select'> <InPorts = 3> <OutPorts = 1>
ST_1 : Operation 174 [1/1] (0.22ns)   --->   "%select_ln88_82 = select i1 %res_V_offset_read, i35 %zext_ln85_41, i35 %res_10_1_V_read_2" [firmware/nnet_utils/nnet_activation.h:88]   --->   Operation 174 'select' 'select_ln88_82' <Predicate = true> <Delay = 0.22> <Core = "Sel">   --->   Core 26 'Sel' <Latency = 0> <II = 1> <Delay = 0.22> <FuncUnit> <Opcode : 'select'> <InPorts = 3> <OutPorts = 1>
ST_1 : Operation 175 [1/1] (0.22ns)   --->   "%select_ln88_83 = select i1 %res_V_offset_read, i35 %res_11_0_V_read_2, i35 %zext_ln85_42" [firmware/nnet_utils/nnet_activation.h:88]   --->   Operation 175 'select' 'select_ln88_83' <Predicate = true> <Delay = 0.22> <Core = "Sel">   --->   Core 26 'Sel' <Latency = 0> <II = 1> <Delay = 0.22> <FuncUnit> <Opcode : 'select'> <InPorts = 3> <OutPorts = 1>
ST_1 : Operation 176 [1/1] (0.22ns)   --->   "%select_ln88_84 = select i1 %res_V_offset_read, i35 %zext_ln85_42, i35 %res_11_1_V_read_2" [firmware/nnet_utils/nnet_activation.h:88]   --->   Operation 176 'select' 'select_ln88_84' <Predicate = true> <Delay = 0.22> <Core = "Sel">   --->   Core 26 'Sel' <Latency = 0> <II = 1> <Delay = 0.22> <FuncUnit> <Opcode : 'select'> <InPorts = 3> <OutPorts = 1>
ST_1 : Operation 177 [1/1] (0.22ns)   --->   "%select_ln88_85 = select i1 %res_V_offset_read, i35 %res_12_0_V_read_2, i35 %zext_ln85_43" [firmware/nnet_utils/nnet_activation.h:88]   --->   Operation 177 'select' 'select_ln88_85' <Predicate = true> <Delay = 0.22> <Core = "Sel">   --->   Core 26 'Sel' <Latency = 0> <II = 1> <Delay = 0.22> <FuncUnit> <Opcode : 'select'> <InPorts = 3> <OutPorts = 1>
ST_1 : Operation 178 [1/1] (0.22ns)   --->   "%select_ln88_86 = select i1 %res_V_offset_read, i35 %zext_ln85_43, i35 %res_12_1_V_read_2" [firmware/nnet_utils/nnet_activation.h:88]   --->   Operation 178 'select' 'select_ln88_86' <Predicate = true> <Delay = 0.22> <Core = "Sel">   --->   Core 26 'Sel' <Latency = 0> <II = 1> <Delay = 0.22> <FuncUnit> <Opcode : 'select'> <InPorts = 3> <OutPorts = 1>
ST_1 : Operation 179 [1/1] (0.22ns)   --->   "%select_ln88_87 = select i1 %res_V_offset_read, i35 %res_13_0_V_read_2, i35 %zext_ln85_44" [firmware/nnet_utils/nnet_activation.h:88]   --->   Operation 179 'select' 'select_ln88_87' <Predicate = true> <Delay = 0.22> <Core = "Sel">   --->   Core 26 'Sel' <Latency = 0> <II = 1> <Delay = 0.22> <FuncUnit> <Opcode : 'select'> <InPorts = 3> <OutPorts = 1>
ST_1 : Operation 180 [1/1] (0.22ns)   --->   "%select_ln88_88 = select i1 %res_V_offset_read, i35 %zext_ln85_44, i35 %res_13_1_V_read61" [firmware/nnet_utils/nnet_activation.h:88]   --->   Operation 180 'select' 'select_ln88_88' <Predicate = true> <Delay = 0.22> <Core = "Sel">   --->   Core 26 'Sel' <Latency = 0> <II = 1> <Delay = 0.22> <FuncUnit> <Opcode : 'select'> <InPorts = 3> <OutPorts = 1>
ST_1 : Operation 181 [1/1] (0.22ns)   --->   "%select_ln88_89 = select i1 %res_V_offset_read, i35 %res_14_0_V_read_2, i35 %zext_ln85_45" [firmware/nnet_utils/nnet_activation.h:88]   --->   Operation 181 'select' 'select_ln88_89' <Predicate = true> <Delay = 0.22> <Core = "Sel">   --->   Core 26 'Sel' <Latency = 0> <II = 1> <Delay = 0.22> <FuncUnit> <Opcode : 'select'> <InPorts = 3> <OutPorts = 1>
ST_1 : Operation 182 [1/1] (0.22ns)   --->   "%select_ln88_90 = select i1 %res_V_offset_read, i35 %zext_ln85_45, i35 %res_14_1_V_read_2" [firmware/nnet_utils/nnet_activation.h:88]   --->   Operation 182 'select' 'select_ln88_90' <Predicate = true> <Delay = 0.22> <Core = "Sel">   --->   Core 26 'Sel' <Latency = 0> <II = 1> <Delay = 0.22> <FuncUnit> <Opcode : 'select'> <InPorts = 3> <OutPorts = 1>
ST_1 : Operation 183 [1/1] (0.00ns)   --->   "%mrv = insertvalue { i35, i35, i35, i35, i35, i35, i35, i35, i35, i35, i35, i35, i35, i35, i35, i35, i35, i35, i35, i35, i35, i35, i35, i35, i35, i35, i35, i35, i35, i35, i35, i35 } undef, i35 %select_ln88, 0" [firmware/nnet_utils/nnet_activation.h:88]   --->   Operation 183 'insertvalue' 'mrv' <Predicate = true> <Delay = 0.00>
ST_1 : Operation 184 [1/1] (0.00ns)   --->   "%mrv_1 = insertvalue { i35, i35, i35, i35, i35, i35, i35, i35, i35, i35, i35, i35, i35, i35, i35, i35, i35, i35, i35, i35, i35, i35, i35, i35, i35, i35, i35, i35, i35, i35, i35, i35 } %mrv, i35 %select_ln88_62, 1" [firmware/nnet_utils/nnet_activation.h:88]   --->   Operation 184 'insertvalue' 'mrv_1' <Predicate = true> <Delay = 0.00>
ST_1 : Operation 185 [1/1] (0.00ns)   --->   "%mrv_2 = insertvalue { i35, i35, i35, i35, i35, i35, i35, i35, i35, i35, i35, i35, i35, i35, i35, i35, i35, i35, i35, i35, i35, i35, i35, i35, i35, i35, i35, i35, i35, i35, i35, i35 } %mrv_1, i35 %select_ln88_63, 2" [firmware/nnet_utils/nnet_activation.h:88]   --->   Operation 185 'insertvalue' 'mrv_2' <Predicate = true> <Delay = 0.00>
ST_1 : Operation 186 [1/1] (0.00ns)   --->   "%mrv_3 = insertvalue { i35, i35, i35, i35, i35, i35, i35, i35, i35, i35, i35, i35, i35, i35, i35, i35, i35, i35, i35, i35, i35, i35, i35, i35, i35, i35, i35, i35, i35, i35, i35, i35 } %mrv_2, i35 %select_ln88_64, 3" [firmware/nnet_utils/nnet_activation.h:88]   --->   Operation 186 'insertvalue' 'mrv_3' <Predicate = true> <Delay = 0.00>
ST_1 : Operation 187 [1/1] (0.00ns)   --->   "%mrv_4 = insertvalue { i35, i35, i35, i35, i35, i35, i35, i35, i35, i35, i35, i35, i35, i35, i35, i35, i35, i35, i35, i35, i35, i35, i35, i35, i35, i35, i35, i35, i35, i35, i35, i35 } %mrv_3, i35 %select_ln88_65, 4" [firmware/nnet_utils/nnet_activation.h:88]   --->   Operation 187 'insertvalue' 'mrv_4' <Predicate = true> <Delay = 0.00>
ST_1 : Operation 188 [1/1] (0.00ns)   --->   "%mrv_5 = insertvalue { i35, i35, i35, i35, i35, i35, i35, i35, i35, i35, i35, i35, i35, i35, i35, i35, i35, i35, i35, i35, i35, i35, i35, i35, i35, i35, i35, i35, i35, i35, i35, i35 } %mrv_4, i35 %select_ln88_66, 5" [firmware/nnet_utils/nnet_activation.h:88]   --->   Operation 188 'insertvalue' 'mrv_5' <Predicate = true> <Delay = 0.00>
ST_1 : Operation 189 [1/1] (0.00ns)   --->   "%mrv_6 = insertvalue { i35, i35, i35, i35, i35, i35, i35, i35, i35, i35, i35, i35, i35, i35, i35, i35, i35, i35, i35, i35, i35, i35, i35, i35, i35, i35, i35, i35, i35, i35, i35, i35 } %mrv_5, i35 %select_ln88_67, 6" [firmware/nnet_utils/nnet_activation.h:88]   --->   Operation 189 'insertvalue' 'mrv_6' <Predicate = true> <Delay = 0.00>
ST_1 : Operation 190 [1/1] (0.00ns)   --->   "%mrv_7 = insertvalue { i35, i35, i35, i35, i35, i35, i35, i35, i35, i35, i35, i35, i35, i35, i35, i35, i35, i35, i35, i35, i35, i35, i35, i35, i35, i35, i35, i35, i35, i35, i35, i35 } %mrv_6, i35 %select_ln88_68, 7" [firmware/nnet_utils/nnet_activation.h:88]   --->   Operation 190 'insertvalue' 'mrv_7' <Predicate = true> <Delay = 0.00>
ST_1 : Operation 191 [1/1] (0.00ns)   --->   "%mrv_8 = insertvalue { i35, i35, i35, i35, i35, i35, i35, i35, i35, i35, i35, i35, i35, i35, i35, i35, i35, i35, i35, i35, i35, i35, i35, i35, i35, i35, i35, i35, i35, i35, i35, i35 } %mrv_7, i35 %select_ln88_69, 8" [firmware/nnet_utils/nnet_activation.h:88]   --->   Operation 191 'insertvalue' 'mrv_8' <Predicate = true> <Delay = 0.00>
ST_1 : Operation 192 [1/1] (0.00ns)   --->   "%mrv_9 = insertvalue { i35, i35, i35, i35, i35, i35, i35, i35, i35, i35, i35, i35, i35, i35, i35, i35, i35, i35, i35, i35, i35, i35, i35, i35, i35, i35, i35, i35, i35, i35, i35, i35 } %mrv_8, i35 %select_ln88_70, 9" [firmware/nnet_utils/nnet_activation.h:88]   --->   Operation 192 'insertvalue' 'mrv_9' <Predicate = true> <Delay = 0.00>
ST_1 : Operation 193 [1/1] (0.00ns)   --->   "%mrv_10 = insertvalue { i35, i35, i35, i35, i35, i35, i35, i35, i35, i35, i35, i35, i35, i35, i35, i35, i35, i35, i35, i35, i35, i35, i35, i35, i35, i35, i35, i35, i35, i35, i35, i35 } %mrv_9, i35 %select_ln88_71, 10" [firmware/nnet_utils/nnet_activation.h:88]   --->   Operation 193 'insertvalue' 'mrv_10' <Predicate = true> <Delay = 0.00>
ST_1 : Operation 194 [1/1] (0.00ns)   --->   "%mrv_11 = insertvalue { i35, i35, i35, i35, i35, i35, i35, i35, i35, i35, i35, i35, i35, i35, i35, i35, i35, i35, i35, i35, i35, i35, i35, i35, i35, i35, i35, i35, i35, i35, i35, i35 } %mrv_10, i35 %select_ln88_72, 11" [firmware/nnet_utils/nnet_activation.h:88]   --->   Operation 194 'insertvalue' 'mrv_11' <Predicate = true> <Delay = 0.00>
ST_1 : Operation 195 [1/1] (0.00ns)   --->   "%mrv_12 = insertvalue { i35, i35, i35, i35, i35, i35, i35, i35, i35, i35, i35, i35, i35, i35, i35, i35, i35, i35, i35, i35, i35, i35, i35, i35, i35, i35, i35, i35, i35, i35, i35, i35 } %mrv_11, i35 %select_ln88_73, 12" [firmware/nnet_utils/nnet_activation.h:88]   --->   Operation 195 'insertvalue' 'mrv_12' <Predicate = true> <Delay = 0.00>
ST_1 : Operation 196 [1/1] (0.00ns)   --->   "%mrv_13 = insertvalue { i35, i35, i35, i35, i35, i35, i35, i35, i35, i35, i35, i35, i35, i35, i35, i35, i35, i35, i35, i35, i35, i35, i35, i35, i35, i35, i35, i35, i35, i35, i35, i35 } %mrv_12, i35 %select_ln88_74, 13" [firmware/nnet_utils/nnet_activation.h:88]   --->   Operation 196 'insertvalue' 'mrv_13' <Predicate = true> <Delay = 0.00>
ST_1 : Operation 197 [1/1] (0.00ns)   --->   "%mrv_14 = insertvalue { i35, i35, i35, i35, i35, i35, i35, i35, i35, i35, i35, i35, i35, i35, i35, i35, i35, i35, i35, i35, i35, i35, i35, i35, i35, i35, i35, i35, i35, i35, i35, i35 } %mrv_13, i35 %select_ln88_75, 14" [firmware/nnet_utils/nnet_activation.h:88]   --->   Operation 197 'insertvalue' 'mrv_14' <Predicate = true> <Delay = 0.00>
ST_1 : Operation 198 [1/1] (0.00ns)   --->   "%mrv_15 = insertvalue { i35, i35, i35, i35, i35, i35, i35, i35, i35, i35, i35, i35, i35, i35, i35, i35, i35, i35, i35, i35, i35, i35, i35, i35, i35, i35, i35, i35, i35, i35, i35, i35 } %mrv_14, i35 %select_ln88_76, 15" [firmware/nnet_utils/nnet_activation.h:88]   --->   Operation 198 'insertvalue' 'mrv_15' <Predicate = true> <Delay = 0.00>
ST_1 : Operation 199 [1/1] (0.00ns)   --->   "%mrv_16 = insertvalue { i35, i35, i35, i35, i35, i35, i35, i35, i35, i35, i35, i35, i35, i35, i35, i35, i35, i35, i35, i35, i35, i35, i35, i35, i35, i35, i35, i35, i35, i35, i35, i35 } %mrv_15, i35 %select_ln88_77, 16" [firmware/nnet_utils/nnet_activation.h:88]   --->   Operation 199 'insertvalue' 'mrv_16' <Predicate = true> <Delay = 0.00>
ST_1 : Operation 200 [1/1] (0.00ns)   --->   "%mrv_17 = insertvalue { i35, i35, i35, i35, i35, i35, i35, i35, i35, i35, i35, i35, i35, i35, i35, i35, i35, i35, i35, i35, i35, i35, i35, i35, i35, i35, i35, i35, i35, i35, i35, i35 } %mrv_16, i35 %select_ln88_78, 17" [firmware/nnet_utils/nnet_activation.h:88]   --->   Operation 200 'insertvalue' 'mrv_17' <Predicate = true> <Delay = 0.00>
ST_1 : Operation 201 [1/1] (0.00ns)   --->   "%mrv_18 = insertvalue { i35, i35, i35, i35, i35, i35, i35, i35, i35, i35, i35, i35, i35, i35, i35, i35, i35, i35, i35, i35, i35, i35, i35, i35, i35, i35, i35, i35, i35, i35, i35, i35 } %mrv_17, i35 %select_ln88_79, 18" [firmware/nnet_utils/nnet_activation.h:88]   --->   Operation 201 'insertvalue' 'mrv_18' <Predicate = true> <Delay = 0.00>
ST_1 : Operation 202 [1/1] (0.00ns)   --->   "%mrv_19 = insertvalue { i35, i35, i35, i35, i35, i35, i35, i35, i35, i35, i35, i35, i35, i35, i35, i35, i35, i35, i35, i35, i35, i35, i35, i35, i35, i35, i35, i35, i35, i35, i35, i35 } %mrv_18, i35 %select_ln88_80, 19" [firmware/nnet_utils/nnet_activation.h:88]   --->   Operation 202 'insertvalue' 'mrv_19' <Predicate = true> <Delay = 0.00>
ST_1 : Operation 203 [1/1] (0.00ns)   --->   "%mrv_20 = insertvalue { i35, i35, i35, i35, i35, i35, i35, i35, i35, i35, i35, i35, i35, i35, i35, i35, i35, i35, i35, i35, i35, i35, i35, i35, i35, i35, i35, i35, i35, i35, i35, i35 } %mrv_19, i35 %select_ln88_81, 20" [firmware/nnet_utils/nnet_activation.h:88]   --->   Operation 203 'insertvalue' 'mrv_20' <Predicate = true> <Delay = 0.00>
ST_1 : Operation 204 [1/1] (0.00ns)   --->   "%mrv_21 = insertvalue { i35, i35, i35, i35, i35, i35, i35, i35, i35, i35, i35, i35, i35, i35, i35, i35, i35, i35, i35, i35, i35, i35, i35, i35, i35, i35, i35, i35, i35, i35, i35, i35 } %mrv_20, i35 %select_ln88_82, 21" [firmware/nnet_utils/nnet_activation.h:88]   --->   Operation 204 'insertvalue' 'mrv_21' <Predicate = true> <Delay = 0.00>
ST_1 : Operation 205 [1/1] (0.00ns)   --->   "%mrv_22 = insertvalue { i35, i35, i35, i35, i35, i35, i35, i35, i35, i35, i35, i35, i35, i35, i35, i35, i35, i35, i35, i35, i35, i35, i35, i35, i35, i35, i35, i35, i35, i35, i35, i35 } %mrv_21, i35 %select_ln88_83, 22" [firmware/nnet_utils/nnet_activation.h:88]   --->   Operation 205 'insertvalue' 'mrv_22' <Predicate = true> <Delay = 0.00>
ST_1 : Operation 206 [1/1] (0.00ns)   --->   "%mrv_23 = insertvalue { i35, i35, i35, i35, i35, i35, i35, i35, i35, i35, i35, i35, i35, i35, i35, i35, i35, i35, i35, i35, i35, i35, i35, i35, i35, i35, i35, i35, i35, i35, i35, i35 } %mrv_22, i35 %select_ln88_84, 23" [firmware/nnet_utils/nnet_activation.h:88]   --->   Operation 206 'insertvalue' 'mrv_23' <Predicate = true> <Delay = 0.00>
ST_1 : Operation 207 [1/1] (0.00ns)   --->   "%mrv_24 = insertvalue { i35, i35, i35, i35, i35, i35, i35, i35, i35, i35, i35, i35, i35, i35, i35, i35, i35, i35, i35, i35, i35, i35, i35, i35, i35, i35, i35, i35, i35, i35, i35, i35 } %mrv_23, i35 %select_ln88_85, 24" [firmware/nnet_utils/nnet_activation.h:88]   --->   Operation 207 'insertvalue' 'mrv_24' <Predicate = true> <Delay = 0.00>
ST_1 : Operation 208 [1/1] (0.00ns)   --->   "%mrv_25 = insertvalue { i35, i35, i35, i35, i35, i35, i35, i35, i35, i35, i35, i35, i35, i35, i35, i35, i35, i35, i35, i35, i35, i35, i35, i35, i35, i35, i35, i35, i35, i35, i35, i35 } %mrv_24, i35 %select_ln88_86, 25" [firmware/nnet_utils/nnet_activation.h:88]   --->   Operation 208 'insertvalue' 'mrv_25' <Predicate = true> <Delay = 0.00>
ST_1 : Operation 209 [1/1] (0.00ns)   --->   "%mrv_26 = insertvalue { i35, i35, i35, i35, i35, i35, i35, i35, i35, i35, i35, i35, i35, i35, i35, i35, i35, i35, i35, i35, i35, i35, i35, i35, i35, i35, i35, i35, i35, i35, i35, i35 } %mrv_25, i35 %select_ln88_87, 26" [firmware/nnet_utils/nnet_activation.h:88]   --->   Operation 209 'insertvalue' 'mrv_26' <Predicate = true> <Delay = 0.00>
ST_1 : Operation 210 [1/1] (0.00ns)   --->   "%mrv_27 = insertvalue { i35, i35, i35, i35, i35, i35, i35, i35, i35, i35, i35, i35, i35, i35, i35, i35, i35, i35, i35, i35, i35, i35, i35, i35, i35, i35, i35, i35, i35, i35, i35, i35 } %mrv_26, i35 %select_ln88_88, 27" [firmware/nnet_utils/nnet_activation.h:88]   --->   Operation 210 'insertvalue' 'mrv_27' <Predicate = true> <Delay = 0.00>
ST_1 : Operation 211 [1/1] (0.00ns)   --->   "%mrv_28 = insertvalue { i35, i35, i35, i35, i35, i35, i35, i35, i35, i35, i35, i35, i35, i35, i35, i35, i35, i35, i35, i35, i35, i35, i35, i35, i35, i35, i35, i35, i35, i35, i35, i35 } %mrv_27, i35 %select_ln88_89, 28" [firmware/nnet_utils/nnet_activation.h:88]   --->   Operation 211 'insertvalue' 'mrv_28' <Predicate = true> <Delay = 0.00>
ST_1 : Operation 212 [1/1] (0.00ns)   --->   "%mrv_29 = insertvalue { i35, i35, i35, i35, i35, i35, i35, i35, i35, i35, i35, i35, i35, i35, i35, i35, i35, i35, i35, i35, i35, i35, i35, i35, i35, i35, i35, i35, i35, i35, i35, i35 } %mrv_28, i35 %select_ln88_90, 29" [firmware/nnet_utils/nnet_activation.h:88]   --->   Operation 212 'insertvalue' 'mrv_29' <Predicate = true> <Delay = 0.00>
ST_1 : Operation 213 [1/1] (0.00ns)   --->   "%mrv_30 = insertvalue { i35, i35, i35, i35, i35, i35, i35, i35, i35, i35, i35, i35, i35, i35, i35, i35, i35, i35, i35, i35, i35, i35, i35, i35, i35, i35, i35, i35, i35, i35, i35, i35 } %mrv_29, i35 %select_ln203_66, 30" [firmware/nnet_utils/nnet_activation.h:88]   --->   Operation 213 'insertvalue' 'mrv_30' <Predicate = true> <Delay = 0.00>
ST_1 : Operation 214 [1/1] (0.00ns)   --->   "%mrv_31 = insertvalue { i35, i35, i35, i35, i35, i35, i35, i35, i35, i35, i35, i35, i35, i35, i35, i35, i35, i35, i35, i35, i35, i35, i35, i35, i35, i35, i35, i35, i35, i35, i35, i35 } %mrv_30, i35 %select_ln203_67, 31" [firmware/nnet_utils/nnet_activation.h:88]   --->   Operation 214 'insertvalue' 'mrv_31' <Predicate = true> <Delay = 0.00>
ST_1 : Operation 215 [1/1] (0.00ns)   --->   "ret { i35, i35, i35, i35, i35, i35, i35, i35, i35, i35, i35, i35, i35, i35, i35, i35, i35, i35, i35, i35, i35, i35, i35, i35, i35, i35, i35, i35, i35, i35, i35, i35 } %mrv_31" [firmware/nnet_utils/nnet_activation.h:88]   --->   Operation 215 'ret' <Predicate = true> <Delay = 0.00>


============================================================
+ Verbose Summary: Timing violations
============================================================
Target clock period: 5ns, clock uncertainty: 0.625ns.

 <State 1>: 1.62ns
The critical path consists of the following:
	wire read on port 'data_V_offset' (firmware/nnet_utils/nnet_activation.h:73) [100]  (0 ns)
	'select' operation ('select_ln203_65', firmware/nnet_utils/nnet_activation.h:84) [211]  (0.228 ns)
	'icmp' operation ('icmp_ln1494_15', firmware/nnet_utils/nnet_activation.h:85) [213]  (0.934 ns)
	'select' operation ('select_ln85_46', firmware/nnet_utils/nnet_activation.h:85) [214]  (0.228 ns)
	'select' operation ('res[15][0].V', firmware/nnet_utils/nnet_activation.h:85) [216]  (0.228 ns)


============================================================
+ Verbose Summary: Binding
============================================================
N/A
* FSMD analyzer results:
  - Output states:
 - Input state : 
  - Chain level:
	State 1


============================================================
+ Verbose Summary: Datapath Resource usage 
============================================================
N/A
