

================================================================
== Vivado HLS Report for 'transpose_2d_ap_fixed_sa_transpose_config0_s'
================================================================
* Date:           Sat Apr 23 08:29:19 2022

* Version:        2019.2 (Build 2704478 on Wed Nov 06 22:10:23 MST 2019)
* Project:        myproject_prj
* Solution:       solution1
* Product family: virtexuplus
* Target device:  xcu250-figd2104-2L-e


================================================================
== Performance Estimates
================================================================
+ Timing: 
    * Summary: 
    +--------+---------+----------+------------+
    |  Clock |  Target | Estimated| Uncertainty|
    +--------+---------+----------+------------+
    |ap_clk  | 5.00 ns | 0.456 ns |   0.62 ns  |
    +--------+---------+----------+------------+

+ Latency: 
    * Summary: 
    +---------+---------+----------+----------+-----+-----+----------+
    |  Latency (cycles) |  Latency (absolute) |  Interval | Pipeline |
    |   min   |   max   |    min   |    max   | min | max |   Type   |
    +---------+---------+----------+----------+-----+-----+----------+
    |        0|        0|   0 ns   |   0 ns   |    1|    1| function |
    +---------+---------+----------+----------+-----+-----+----------+

    + Detail: 
        * Instance: 
        N/A

        * Loop: 
        N/A

============================================================
+ Verbose Summary: Synthesis Manager
============================================================
InlineROM: 1
ExposeGlobal: 0
============================================================
+ Verbose Summary: CDFG Model
============================================================
IsTopModel: 0
ResetActiveHigh: 1
IsCombinational: 0
IsDatapathOnly: 0
HasWiredReturn: 1
HasMFsm: 2
HasVarLatency: 0
IsPipeline: 1
IsRtlPipelined: 0
IsInstanceOverlapped: 0
IsDontTouch: 0
HasImplIP: 0
IsGatedGlobalClock: 0

+ Individual pipeline summary: 
  * Pipeline-0: initiation interval (II) = 1, depth = 1


============================================================
+ Verbose Summary: Schedule
============================================================
* Number of FSM states : 1
* Pipeline : 1
  Pipeline-0 : II = 1, D = 1, States = { 1 }
* Dataflow Pipeline: 0

* FSM state transitions: 
1 --> 

* FSM state operations: 

State 1 <SV = 0> <Delay = 0.45>
ST_1 : Operation 2 [1/1] (0.00ns)   --->   "%data_t_V_offset_read = call i1 @_ssdm_op_Read.ap_auto.i1(i1 %data_t_V_offset)" [firmware/nnet_utils/nnet_array.h:17]   --->   Operation 2 'read' 'data_t_V_offset_read' <Predicate = true> <Delay = 0.00>
ST_1 : Operation 3 [1/1] (0.00ns)   --->   "%data_t_15_1_V_read_1 = call i35 @_ssdm_op_Read.ap_auto.i35(i35 %data_t_15_1_V_read)" [firmware/nnet_utils/nnet_array.h:17]   --->   Operation 3 'read' 'data_t_15_1_V_read_1' <Predicate = true> <Delay = 0.00>
ST_1 : Operation 4 [1/1] (0.00ns)   --->   "%data_t_15_0_V_read_1 = call i35 @_ssdm_op_Read.ap_auto.i35(i35 %data_t_15_0_V_read)" [firmware/nnet_utils/nnet_array.h:17]   --->   Operation 4 'read' 'data_t_15_0_V_read_1' <Predicate = true> <Delay = 0.00>
ST_1 : Operation 5 [1/1] (0.00ns)   --->   "%data_t_14_1_V_read_1 = call i35 @_ssdm_op_Read.ap_auto.i35(i35 %data_t_14_1_V_read)" [firmware/nnet_utils/nnet_array.h:17]   --->   Operation 5 'read' 'data_t_14_1_V_read_1' <Predicate = true> <Delay = 0.00>
ST_1 : Operation 6 [1/1] (0.00ns)   --->   "%data_t_14_0_V_read_1 = call i35 @_ssdm_op_Read.ap_auto.i35(i35 %data_t_14_0_V_read)" [firmware/nnet_utils/nnet_array.h:17]   --->   Operation 6 'read' 'data_t_14_0_V_read_1' <Predicate = true> <Delay = 0.00>
ST_1 : Operation 7 [1/1] (0.00ns)   --->   "%data_t_13_1_V_read_1 = call i35 @_ssdm_op_Read.ap_auto.i35(i35 %data_t_13_1_V_read)" [firmware/nnet_utils/nnet_array.h:17]   --->   Operation 7 'read' 'data_t_13_1_V_read_1' <Predicate = true> <Delay = 0.00>
ST_1 : Operation 8 [1/1] (0.00ns)   --->   "%data_t_13_0_V_read_1 = call i35 @_ssdm_op_Read.ap_auto.i35(i35 %data_t_13_0_V_read)" [firmware/nnet_utils/nnet_array.h:17]   --->   Operation 8 'read' 'data_t_13_0_V_read_1' <Predicate = true> <Delay = 0.00>
ST_1 : Operation 9 [1/1] (0.00ns)   --->   "%data_t_12_1_V_read_1 = call i35 @_ssdm_op_Read.ap_auto.i35(i35 %data_t_12_1_V_read)" [firmware/nnet_utils/nnet_array.h:17]   --->   Operation 9 'read' 'data_t_12_1_V_read_1' <Predicate = true> <Delay = 0.00>
ST_1 : Operation 10 [1/1] (0.00ns)   --->   "%data_t_12_0_V_read_1 = call i35 @_ssdm_op_Read.ap_auto.i35(i35 %data_t_12_0_V_read)" [firmware/nnet_utils/nnet_array.h:17]   --->   Operation 10 'read' 'data_t_12_0_V_read_1' <Predicate = true> <Delay = 0.00>
ST_1 : Operation 11 [1/1] (0.00ns)   --->   "%data_t_11_1_V_read_1 = call i35 @_ssdm_op_Read.ap_auto.i35(i35 %data_t_11_1_V_read)" [firmware/nnet_utils/nnet_array.h:17]   --->   Operation 11 'read' 'data_t_11_1_V_read_1' <Predicate = true> <Delay = 0.00>
ST_1 : Operation 12 [1/1] (0.00ns)   --->   "%data_t_11_0_V_read_1 = call i35 @_ssdm_op_Read.ap_auto.i35(i35 %data_t_11_0_V_read)" [firmware/nnet_utils/nnet_array.h:17]   --->   Operation 12 'read' 'data_t_11_0_V_read_1' <Predicate = true> <Delay = 0.00>
ST_1 : Operation 13 [1/1] (0.00ns)   --->   "%data_t_10_1_V_read_1 = call i35 @_ssdm_op_Read.ap_auto.i35(i35 %data_t_10_1_V_read)" [firmware/nnet_utils/nnet_array.h:17]   --->   Operation 13 'read' 'data_t_10_1_V_read_1' <Predicate = true> <Delay = 0.00>
ST_1 : Operation 14 [1/1] (0.00ns)   --->   "%data_t_10_0_V_read_1 = call i35 @_ssdm_op_Read.ap_auto.i35(i35 %data_t_10_0_V_read)" [firmware/nnet_utils/nnet_array.h:17]   --->   Operation 14 'read' 'data_t_10_0_V_read_1' <Predicate = true> <Delay = 0.00>
ST_1 : Operation 15 [1/1] (0.00ns)   --->   "%data_t_9_1_V_read_1 = call i35 @_ssdm_op_Read.ap_auto.i35(i35 %data_t_9_1_V_read)" [firmware/nnet_utils/nnet_array.h:17]   --->   Operation 15 'read' 'data_t_9_1_V_read_1' <Predicate = true> <Delay = 0.00>
ST_1 : Operation 16 [1/1] (0.00ns)   --->   "%data_t_9_0_V_read_1 = call i35 @_ssdm_op_Read.ap_auto.i35(i35 %data_t_9_0_V_read)" [firmware/nnet_utils/nnet_array.h:17]   --->   Operation 16 'read' 'data_t_9_0_V_read_1' <Predicate = true> <Delay = 0.00>
ST_1 : Operation 17 [1/1] (0.00ns)   --->   "%data_t_8_1_V_read_1 = call i35 @_ssdm_op_Read.ap_auto.i35(i35 %data_t_8_1_V_read)" [firmware/nnet_utils/nnet_array.h:17]   --->   Operation 17 'read' 'data_t_8_1_V_read_1' <Predicate = true> <Delay = 0.00>
ST_1 : Operation 18 [1/1] (0.00ns)   --->   "%data_t_8_0_V_read_1 = call i35 @_ssdm_op_Read.ap_auto.i35(i35 %data_t_8_0_V_read)" [firmware/nnet_utils/nnet_array.h:17]   --->   Operation 18 'read' 'data_t_8_0_V_read_1' <Predicate = true> <Delay = 0.00>
ST_1 : Operation 19 [1/1] (0.00ns)   --->   "%data_t_7_1_V_read_1 = call i35 @_ssdm_op_Read.ap_auto.i35(i35 %data_t_7_1_V_read)" [firmware/nnet_utils/nnet_array.h:17]   --->   Operation 19 'read' 'data_t_7_1_V_read_1' <Predicate = true> <Delay = 0.00>
ST_1 : Operation 20 [1/1] (0.00ns)   --->   "%data_t_7_0_V_read_1 = call i35 @_ssdm_op_Read.ap_auto.i35(i35 %data_t_7_0_V_read)" [firmware/nnet_utils/nnet_array.h:17]   --->   Operation 20 'read' 'data_t_7_0_V_read_1' <Predicate = true> <Delay = 0.00>
ST_1 : Operation 21 [1/1] (0.00ns)   --->   "%data_t_6_1_V_read_1 = call i35 @_ssdm_op_Read.ap_auto.i35(i35 %data_t_6_1_V_read)" [firmware/nnet_utils/nnet_array.h:17]   --->   Operation 21 'read' 'data_t_6_1_V_read_1' <Predicate = true> <Delay = 0.00>
ST_1 : Operation 22 [1/1] (0.00ns)   --->   "%data_t_6_0_V_read_1 = call i35 @_ssdm_op_Read.ap_auto.i35(i35 %data_t_6_0_V_read)" [firmware/nnet_utils/nnet_array.h:17]   --->   Operation 22 'read' 'data_t_6_0_V_read_1' <Predicate = true> <Delay = 0.00>
ST_1 : Operation 23 [1/1] (0.00ns)   --->   "%data_t_5_1_V_read_1 = call i35 @_ssdm_op_Read.ap_auto.i35(i35 %data_t_5_1_V_read)" [firmware/nnet_utils/nnet_array.h:17]   --->   Operation 23 'read' 'data_t_5_1_V_read_1' <Predicate = true> <Delay = 0.00>
ST_1 : Operation 24 [1/1] (0.00ns)   --->   "%data_t_5_0_V_read_1 = call i35 @_ssdm_op_Read.ap_auto.i35(i35 %data_t_5_0_V_read)" [firmware/nnet_utils/nnet_array.h:17]   --->   Operation 24 'read' 'data_t_5_0_V_read_1' <Predicate = true> <Delay = 0.00>
ST_1 : Operation 25 [1/1] (0.00ns)   --->   "%data_t_4_1_V_read_1 = call i35 @_ssdm_op_Read.ap_auto.i35(i35 %data_t_4_1_V_read)" [firmware/nnet_utils/nnet_array.h:17]   --->   Operation 25 'read' 'data_t_4_1_V_read_1' <Predicate = true> <Delay = 0.00>
ST_1 : Operation 26 [1/1] (0.00ns)   --->   "%data_t_4_0_V_read_1 = call i35 @_ssdm_op_Read.ap_auto.i35(i35 %data_t_4_0_V_read)" [firmware/nnet_utils/nnet_array.h:17]   --->   Operation 26 'read' 'data_t_4_0_V_read_1' <Predicate = true> <Delay = 0.00>
ST_1 : Operation 27 [1/1] (0.00ns)   --->   "%data_t_3_1_V_read_1 = call i35 @_ssdm_op_Read.ap_auto.i35(i35 %data_t_3_1_V_read)" [firmware/nnet_utils/nnet_array.h:17]   --->   Operation 27 'read' 'data_t_3_1_V_read_1' <Predicate = true> <Delay = 0.00>
ST_1 : Operation 28 [1/1] (0.00ns)   --->   "%data_t_3_0_V_read_1 = call i35 @_ssdm_op_Read.ap_auto.i35(i35 %data_t_3_0_V_read)" [firmware/nnet_utils/nnet_array.h:17]   --->   Operation 28 'read' 'data_t_3_0_V_read_1' <Predicate = true> <Delay = 0.00>
ST_1 : Operation 29 [1/1] (0.00ns)   --->   "%data_t_2_1_V_read_1 = call i35 @_ssdm_op_Read.ap_auto.i35(i35 %data_t_2_1_V_read)" [firmware/nnet_utils/nnet_array.h:17]   --->   Operation 29 'read' 'data_t_2_1_V_read_1' <Predicate = true> <Delay = 0.00>
ST_1 : Operation 30 [1/1] (0.00ns)   --->   "%data_t_2_0_V_read_1 = call i35 @_ssdm_op_Read.ap_auto.i35(i35 %data_t_2_0_V_read)" [firmware/nnet_utils/nnet_array.h:17]   --->   Operation 30 'read' 'data_t_2_0_V_read_1' <Predicate = true> <Delay = 0.00>
ST_1 : Operation 31 [1/1] (0.00ns)   --->   "%data_t_1_1_V_read_1 = call i35 @_ssdm_op_Read.ap_auto.i35(i35 %data_t_1_1_V_read)" [firmware/nnet_utils/nnet_array.h:17]   --->   Operation 31 'read' 'data_t_1_1_V_read_1' <Predicate = true> <Delay = 0.00>
ST_1 : Operation 32 [1/1] (0.00ns)   --->   "%data_t_1_0_V_read_1 = call i35 @_ssdm_op_Read.ap_auto.i35(i35 %data_t_1_0_V_read)" [firmware/nnet_utils/nnet_array.h:17]   --->   Operation 32 'read' 'data_t_1_0_V_read_1' <Predicate = true> <Delay = 0.00>
ST_1 : Operation 33 [1/1] (0.00ns)   --->   "%data_t_0_1_V_read_1 = call i35 @_ssdm_op_Read.ap_auto.i35(i35 %data_t_0_1_V_read)" [firmware/nnet_utils/nnet_array.h:17]   --->   Operation 33 'read' 'data_t_0_1_V_read_1' <Predicate = true> <Delay = 0.00>
ST_1 : Operation 34 [1/1] (0.00ns)   --->   "%data_t_0_0_V_read_1 = call i35 @_ssdm_op_Read.ap_auto.i35(i35 %data_t_0_0_V_read)" [firmware/nnet_utils/nnet_array.h:17]   --->   Operation 34 'read' 'data_t_0_0_V_read_1' <Predicate = true> <Delay = 0.00>
ST_1 : Operation 35 [1/1] (0.00ns)   --->   "%data_V_offset_read = call i1 @_ssdm_op_Read.ap_auto.i1(i1 %data_V_offset)" [firmware/nnet_utils/nnet_array.h:17]   --->   Operation 35 'read' 'data_V_offset_read' <Predicate = true> <Delay = 0.00>
ST_1 : Operation 36 [1/1] (0.00ns)   --->   "%data_15_1_V_read_1 = call i35 @_ssdm_op_Read.ap_auto.i35(i35 %data_15_1_V_read)" [firmware/nnet_utils/nnet_array.h:17]   --->   Operation 36 'read' 'data_15_1_V_read_1' <Predicate = true> <Delay = 0.00>
ST_1 : Operation 37 [1/1] (0.00ns)   --->   "%data_15_0_V_read_1 = call i35 @_ssdm_op_Read.ap_auto.i35(i35 %data_15_0_V_read)" [firmware/nnet_utils/nnet_array.h:17]   --->   Operation 37 'read' 'data_15_0_V_read_1' <Predicate = true> <Delay = 0.00>
ST_1 : Operation 38 [1/1] (0.00ns)   --->   "%data_14_1_V_read_1 = call i35 @_ssdm_op_Read.ap_auto.i35(i35 %data_14_1_V_read)" [firmware/nnet_utils/nnet_array.h:17]   --->   Operation 38 'read' 'data_14_1_V_read_1' <Predicate = true> <Delay = 0.00>
ST_1 : Operation 39 [1/1] (0.00ns)   --->   "%data_14_0_V_read_1 = call i35 @_ssdm_op_Read.ap_auto.i35(i35 %data_14_0_V_read)" [firmware/nnet_utils/nnet_array.h:17]   --->   Operation 39 'read' 'data_14_0_V_read_1' <Predicate = true> <Delay = 0.00>
ST_1 : Operation 40 [1/1] (0.00ns)   --->   "%data_13_1_V_read_1 = call i35 @_ssdm_op_Read.ap_auto.i35(i35 %data_13_1_V_read)" [firmware/nnet_utils/nnet_array.h:17]   --->   Operation 40 'read' 'data_13_1_V_read_1' <Predicate = true> <Delay = 0.00>
ST_1 : Operation 41 [1/1] (0.00ns)   --->   "%data_13_0_V_read_1 = call i35 @_ssdm_op_Read.ap_auto.i35(i35 %data_13_0_V_read)" [firmware/nnet_utils/nnet_array.h:17]   --->   Operation 41 'read' 'data_13_0_V_read_1' <Predicate = true> <Delay = 0.00>
ST_1 : Operation 42 [1/1] (0.00ns)   --->   "%data_12_1_V_read_1 = call i35 @_ssdm_op_Read.ap_auto.i35(i35 %data_12_1_V_read)" [firmware/nnet_utils/nnet_array.h:17]   --->   Operation 42 'read' 'data_12_1_V_read_1' <Predicate = true> <Delay = 0.00>
ST_1 : Operation 43 [1/1] (0.00ns)   --->   "%data_12_0_V_read_1 = call i35 @_ssdm_op_Read.ap_auto.i35(i35 %data_12_0_V_read)" [firmware/nnet_utils/nnet_array.h:17]   --->   Operation 43 'read' 'data_12_0_V_read_1' <Predicate = true> <Delay = 0.00>
ST_1 : Operation 44 [1/1] (0.00ns)   --->   "%data_11_1_V_read_1 = call i35 @_ssdm_op_Read.ap_auto.i35(i35 %data_11_1_V_read)" [firmware/nnet_utils/nnet_array.h:17]   --->   Operation 44 'read' 'data_11_1_V_read_1' <Predicate = true> <Delay = 0.00>
ST_1 : Operation 45 [1/1] (0.00ns)   --->   "%data_11_0_V_read_1 = call i35 @_ssdm_op_Read.ap_auto.i35(i35 %data_11_0_V_read)" [firmware/nnet_utils/nnet_array.h:17]   --->   Operation 45 'read' 'data_11_0_V_read_1' <Predicate = true> <Delay = 0.00>
ST_1 : Operation 46 [1/1] (0.00ns)   --->   "%data_10_1_V_read_1 = call i35 @_ssdm_op_Read.ap_auto.i35(i35 %data_10_1_V_read)" [firmware/nnet_utils/nnet_array.h:17]   --->   Operation 46 'read' 'data_10_1_V_read_1' <Predicate = true> <Delay = 0.00>
ST_1 : Operation 47 [1/1] (0.00ns)   --->   "%data_10_0_V_read_1 = call i35 @_ssdm_op_Read.ap_auto.i35(i35 %data_10_0_V_read)" [firmware/nnet_utils/nnet_array.h:17]   --->   Operation 47 'read' 'data_10_0_V_read_1' <Predicate = true> <Delay = 0.00>
ST_1 : Operation 48 [1/1] (0.00ns)   --->   "%data_9_1_V_read_1 = call i35 @_ssdm_op_Read.ap_auto.i35(i35 %data_9_1_V_read)" [firmware/nnet_utils/nnet_array.h:17]   --->   Operation 48 'read' 'data_9_1_V_read_1' <Predicate = true> <Delay = 0.00>
ST_1 : Operation 49 [1/1] (0.00ns)   --->   "%data_9_0_V_read_1 = call i35 @_ssdm_op_Read.ap_auto.i35(i35 %data_9_0_V_read)" [firmware/nnet_utils/nnet_array.h:17]   --->   Operation 49 'read' 'data_9_0_V_read_1' <Predicate = true> <Delay = 0.00>
ST_1 : Operation 50 [1/1] (0.00ns)   --->   "%data_8_1_V_read_1 = call i35 @_ssdm_op_Read.ap_auto.i35(i35 %data_8_1_V_read)" [firmware/nnet_utils/nnet_array.h:17]   --->   Operation 50 'read' 'data_8_1_V_read_1' <Predicate = true> <Delay = 0.00>
ST_1 : Operation 51 [1/1] (0.00ns)   --->   "%data_8_0_V_read_1 = call i35 @_ssdm_op_Read.ap_auto.i35(i35 %data_8_0_V_read)" [firmware/nnet_utils/nnet_array.h:17]   --->   Operation 51 'read' 'data_8_0_V_read_1' <Predicate = true> <Delay = 0.00>
ST_1 : Operation 52 [1/1] (0.00ns)   --->   "%data_7_1_V_read_1 = call i35 @_ssdm_op_Read.ap_auto.i35(i35 %data_7_1_V_read)" [firmware/nnet_utils/nnet_array.h:17]   --->   Operation 52 'read' 'data_7_1_V_read_1' <Predicate = true> <Delay = 0.00>
ST_1 : Operation 53 [1/1] (0.00ns)   --->   "%data_7_0_V_read_1 = call i35 @_ssdm_op_Read.ap_auto.i35(i35 %data_7_0_V_read)" [firmware/nnet_utils/nnet_array.h:17]   --->   Operation 53 'read' 'data_7_0_V_read_1' <Predicate = true> <Delay = 0.00>
ST_1 : Operation 54 [1/1] (0.00ns)   --->   "%data_6_1_V_read_1 = call i35 @_ssdm_op_Read.ap_auto.i35(i35 %data_6_1_V_read)" [firmware/nnet_utils/nnet_array.h:17]   --->   Operation 54 'read' 'data_6_1_V_read_1' <Predicate = true> <Delay = 0.00>
ST_1 : Operation 55 [1/1] (0.00ns)   --->   "%data_6_0_V_read_1 = call i35 @_ssdm_op_Read.ap_auto.i35(i35 %data_6_0_V_read)" [firmware/nnet_utils/nnet_array.h:17]   --->   Operation 55 'read' 'data_6_0_V_read_1' <Predicate = true> <Delay = 0.00>
ST_1 : Operation 56 [1/1] (0.00ns)   --->   "%data_5_1_V_read_1 = call i35 @_ssdm_op_Read.ap_auto.i35(i35 %data_5_1_V_read)" [firmware/nnet_utils/nnet_array.h:17]   --->   Operation 56 'read' 'data_5_1_V_read_1' <Predicate = true> <Delay = 0.00>
ST_1 : Operation 57 [1/1] (0.00ns)   --->   "%data_5_0_V_read_1 = call i35 @_ssdm_op_Read.ap_auto.i35(i35 %data_5_0_V_read)" [firmware/nnet_utils/nnet_array.h:17]   --->   Operation 57 'read' 'data_5_0_V_read_1' <Predicate = true> <Delay = 0.00>
ST_1 : Operation 58 [1/1] (0.00ns)   --->   "%data_4_1_V_read_1 = call i35 @_ssdm_op_Read.ap_auto.i35(i35 %data_4_1_V_read)" [firmware/nnet_utils/nnet_array.h:17]   --->   Operation 58 'read' 'data_4_1_V_read_1' <Predicate = true> <Delay = 0.00>
ST_1 : Operation 59 [1/1] (0.00ns)   --->   "%data_4_0_V_read_1 = call i35 @_ssdm_op_Read.ap_auto.i35(i35 %data_4_0_V_read)" [firmware/nnet_utils/nnet_array.h:17]   --->   Operation 59 'read' 'data_4_0_V_read_1' <Predicate = true> <Delay = 0.00>
ST_1 : Operation 60 [1/1] (0.00ns)   --->   "%data_3_1_V_read_1 = call i35 @_ssdm_op_Read.ap_auto.i35(i35 %data_3_1_V_read)" [firmware/nnet_utils/nnet_array.h:17]   --->   Operation 60 'read' 'data_3_1_V_read_1' <Predicate = true> <Delay = 0.00>
ST_1 : Operation 61 [1/1] (0.00ns)   --->   "%data_3_0_V_read_1 = call i35 @_ssdm_op_Read.ap_auto.i35(i35 %data_3_0_V_read)" [firmware/nnet_utils/nnet_array.h:17]   --->   Operation 61 'read' 'data_3_0_V_read_1' <Predicate = true> <Delay = 0.00>
ST_1 : Operation 62 [1/1] (0.00ns)   --->   "%data_2_1_V_read_1 = call i35 @_ssdm_op_Read.ap_auto.i35(i35 %data_2_1_V_read)" [firmware/nnet_utils/nnet_array.h:17]   --->   Operation 62 'read' 'data_2_1_V_read_1' <Predicate = true> <Delay = 0.00>
ST_1 : Operation 63 [1/1] (0.00ns)   --->   "%data_2_0_V_read_1 = call i35 @_ssdm_op_Read.ap_auto.i35(i35 %data_2_0_V_read)" [firmware/nnet_utils/nnet_array.h:17]   --->   Operation 63 'read' 'data_2_0_V_read_1' <Predicate = true> <Delay = 0.00>
ST_1 : Operation 64 [1/1] (0.00ns)   --->   "%data_1_1_V_read_1 = call i35 @_ssdm_op_Read.ap_auto.i35(i35 %data_1_1_V_read)" [firmware/nnet_utils/nnet_array.h:17]   --->   Operation 64 'read' 'data_1_1_V_read_1' <Predicate = true> <Delay = 0.00>
ST_1 : Operation 65 [1/1] (0.00ns)   --->   "%data_1_0_V_read_1 = call i35 @_ssdm_op_Read.ap_auto.i35(i35 %data_1_0_V_read)" [firmware/nnet_utils/nnet_array.h:17]   --->   Operation 65 'read' 'data_1_0_V_read_1' <Predicate = true> <Delay = 0.00>
ST_1 : Operation 66 [1/1] (0.00ns)   --->   "%data_0_1_V_read_1 = call i35 @_ssdm_op_Read.ap_auto.i35(i35 %data_0_1_V_read)" [firmware/nnet_utils/nnet_array.h:17]   --->   Operation 66 'read' 'data_0_1_V_read_1' <Predicate = true> <Delay = 0.00>
ST_1 : Operation 67 [1/1] (0.00ns)   --->   "%data_0_0_V_read_1 = call i35 @_ssdm_op_Read.ap_auto.i35(i35 %data_0_0_V_read)" [firmware/nnet_utils/nnet_array.h:17]   --->   Operation 67 'read' 'data_0_0_V_read_1' <Predicate = true> <Delay = 0.00>
ST_1 : Operation 68 [1/1] (0.00ns)   --->   "call void (...)* @_ssdm_op_SpecPipeline(i32 -1, i32 1, i32 1, i32 0, [1 x i8]* @p_str11) nounwind" [firmware/nnet_utils/nnet_array.h:20]   --->   Operation 68 'specpipeline' <Predicate = true> <Delay = 0.00>
ST_1 : Operation 69 [1/1] (0.22ns)   --->   "%select_ln203 = select i1 %data_V_offset_read, i35 %data_0_1_V_read_1, i35 %data_0_0_V_read_1" [firmware/nnet_utils/nnet_array.h:24]   --->   Operation 69 'select' 'select_ln203' <Predicate = true> <Delay = 0.22> <Core = "Sel">   --->   Core 26 'Sel' <Latency = 0> <II = 1> <Delay = 0.22> <FuncUnit> <Opcode : 'select'> <InPorts = 3> <OutPorts = 1>
ST_1 : Operation 70 [1/1] (0.22ns)   --->   "%select_ln203_1 = select i1 %data_V_offset_read, i35 %data_1_1_V_read_1, i35 %data_1_0_V_read_1" [firmware/nnet_utils/nnet_array.h:24]   --->   Operation 70 'select' 'select_ln203_1' <Predicate = true> <Delay = 0.22> <Core = "Sel">   --->   Core 26 'Sel' <Latency = 0> <II = 1> <Delay = 0.22> <FuncUnit> <Opcode : 'select'> <InPorts = 3> <OutPorts = 1>
ST_1 : Operation 71 [1/1] (0.22ns)   --->   "%select_ln203_2 = select i1 %data_V_offset_read, i35 %data_2_1_V_read_1, i35 %data_2_0_V_read_1" [firmware/nnet_utils/nnet_array.h:24]   --->   Operation 71 'select' 'select_ln203_2' <Predicate = true> <Delay = 0.22> <Core = "Sel">   --->   Core 26 'Sel' <Latency = 0> <II = 1> <Delay = 0.22> <FuncUnit> <Opcode : 'select'> <InPorts = 3> <OutPorts = 1>
ST_1 : Operation 72 [1/1] (0.22ns)   --->   "%select_ln203_3 = select i1 %data_V_offset_read, i35 %data_3_1_V_read_1, i35 %data_3_0_V_read_1" [firmware/nnet_utils/nnet_array.h:24]   --->   Operation 72 'select' 'select_ln203_3' <Predicate = true> <Delay = 0.22> <Core = "Sel">   --->   Core 26 'Sel' <Latency = 0> <II = 1> <Delay = 0.22> <FuncUnit> <Opcode : 'select'> <InPorts = 3> <OutPorts = 1>
ST_1 : Operation 73 [1/1] (0.22ns)   --->   "%select_ln203_4 = select i1 %data_V_offset_read, i35 %data_4_1_V_read_1, i35 %data_4_0_V_read_1" [firmware/nnet_utils/nnet_array.h:24]   --->   Operation 73 'select' 'select_ln203_4' <Predicate = true> <Delay = 0.22> <Core = "Sel">   --->   Core 26 'Sel' <Latency = 0> <II = 1> <Delay = 0.22> <FuncUnit> <Opcode : 'select'> <InPorts = 3> <OutPorts = 1>
ST_1 : Operation 74 [1/1] (0.22ns)   --->   "%select_ln203_5 = select i1 %data_V_offset_read, i35 %data_5_1_V_read_1, i35 %data_5_0_V_read_1" [firmware/nnet_utils/nnet_array.h:24]   --->   Operation 74 'select' 'select_ln203_5' <Predicate = true> <Delay = 0.22> <Core = "Sel">   --->   Core 26 'Sel' <Latency = 0> <II = 1> <Delay = 0.22> <FuncUnit> <Opcode : 'select'> <InPorts = 3> <OutPorts = 1>
ST_1 : Operation 75 [1/1] (0.22ns)   --->   "%select_ln203_6 = select i1 %data_V_offset_read, i35 %data_6_1_V_read_1, i35 %data_6_0_V_read_1" [firmware/nnet_utils/nnet_array.h:24]   --->   Operation 75 'select' 'select_ln203_6' <Predicate = true> <Delay = 0.22> <Core = "Sel">   --->   Core 26 'Sel' <Latency = 0> <II = 1> <Delay = 0.22> <FuncUnit> <Opcode : 'select'> <InPorts = 3> <OutPorts = 1>
ST_1 : Operation 76 [1/1] (0.22ns)   --->   "%select_ln203_7 = select i1 %data_V_offset_read, i35 %data_7_1_V_read_1, i35 %data_7_0_V_read_1" [firmware/nnet_utils/nnet_array.h:24]   --->   Operation 76 'select' 'select_ln203_7' <Predicate = true> <Delay = 0.22> <Core = "Sel">   --->   Core 26 'Sel' <Latency = 0> <II = 1> <Delay = 0.22> <FuncUnit> <Opcode : 'select'> <InPorts = 3> <OutPorts = 1>
ST_1 : Operation 77 [1/1] (0.22ns)   --->   "%select_ln203_8 = select i1 %data_V_offset_read, i35 %data_8_1_V_read_1, i35 %data_8_0_V_read_1" [firmware/nnet_utils/nnet_array.h:24]   --->   Operation 77 'select' 'select_ln203_8' <Predicate = true> <Delay = 0.22> <Core = "Sel">   --->   Core 26 'Sel' <Latency = 0> <II = 1> <Delay = 0.22> <FuncUnit> <Opcode : 'select'> <InPorts = 3> <OutPorts = 1>
ST_1 : Operation 78 [1/1] (0.22ns)   --->   "%select_ln203_9 = select i1 %data_V_offset_read, i35 %data_9_1_V_read_1, i35 %data_9_0_V_read_1" [firmware/nnet_utils/nnet_array.h:24]   --->   Operation 78 'select' 'select_ln203_9' <Predicate = true> <Delay = 0.22> <Core = "Sel">   --->   Core 26 'Sel' <Latency = 0> <II = 1> <Delay = 0.22> <FuncUnit> <Opcode : 'select'> <InPorts = 3> <OutPorts = 1>
ST_1 : Operation 79 [1/1] (0.22ns)   --->   "%select_ln203_10 = select i1 %data_V_offset_read, i35 %data_10_1_V_read_1, i35 %data_10_0_V_read_1" [firmware/nnet_utils/nnet_array.h:24]   --->   Operation 79 'select' 'select_ln203_10' <Predicate = true> <Delay = 0.22> <Core = "Sel">   --->   Core 26 'Sel' <Latency = 0> <II = 1> <Delay = 0.22> <FuncUnit> <Opcode : 'select'> <InPorts = 3> <OutPorts = 1>
ST_1 : Operation 80 [1/1] (0.22ns)   --->   "%select_ln203_11 = select i1 %data_V_offset_read, i35 %data_11_1_V_read_1, i35 %data_11_0_V_read_1" [firmware/nnet_utils/nnet_array.h:24]   --->   Operation 80 'select' 'select_ln203_11' <Predicate = true> <Delay = 0.22> <Core = "Sel">   --->   Core 26 'Sel' <Latency = 0> <II = 1> <Delay = 0.22> <FuncUnit> <Opcode : 'select'> <InPorts = 3> <OutPorts = 1>
ST_1 : Operation 81 [1/1] (0.22ns)   --->   "%select_ln203_12 = select i1 %data_V_offset_read, i35 %data_12_1_V_read_1, i35 %data_12_0_V_read_1" [firmware/nnet_utils/nnet_array.h:24]   --->   Operation 81 'select' 'select_ln203_12' <Predicate = true> <Delay = 0.22> <Core = "Sel">   --->   Core 26 'Sel' <Latency = 0> <II = 1> <Delay = 0.22> <FuncUnit> <Opcode : 'select'> <InPorts = 3> <OutPorts = 1>
ST_1 : Operation 82 [1/1] (0.22ns)   --->   "%select_ln203_13 = select i1 %data_V_offset_read, i35 %data_13_1_V_read_1, i35 %data_13_0_V_read_1" [firmware/nnet_utils/nnet_array.h:24]   --->   Operation 82 'select' 'select_ln203_13' <Predicate = true> <Delay = 0.22> <Core = "Sel">   --->   Core 26 'Sel' <Latency = 0> <II = 1> <Delay = 0.22> <FuncUnit> <Opcode : 'select'> <InPorts = 3> <OutPorts = 1>
ST_1 : Operation 83 [1/1] (0.22ns)   --->   "%select_ln203_14 = select i1 %data_V_offset_read, i35 %data_14_1_V_read_1, i35 %data_14_0_V_read_1" [firmware/nnet_utils/nnet_array.h:24]   --->   Operation 83 'select' 'select_ln203_14' <Predicate = true> <Delay = 0.22> <Core = "Sel">   --->   Core 26 'Sel' <Latency = 0> <II = 1> <Delay = 0.22> <FuncUnit> <Opcode : 'select'> <InPorts = 3> <OutPorts = 1>
ST_1 : Operation 84 [1/1] (0.22ns)   --->   "%select_ln203_15 = select i1 %data_V_offset_read, i35 %data_15_1_V_read_1, i35 %data_15_0_V_read_1" [firmware/nnet_utils/nnet_array.h:24]   --->   Operation 84 'select' 'select_ln203_15' <Predicate = true> <Delay = 0.22> <Core = "Sel">   --->   Core 26 'Sel' <Latency = 0> <II = 1> <Delay = 0.22> <FuncUnit> <Opcode : 'select'> <InPorts = 3> <OutPorts = 1>
ST_1 : Operation 85 [1/1] (0.22ns)   --->   "%select_ln203_16 = select i1 %data_t_V_offset_read, i35 %data_t_15_0_V_read_1, i35 %select_ln203_15" [firmware/nnet_utils/nnet_array.h:24]   --->   Operation 85 'select' 'select_ln203_16' <Predicate = true> <Delay = 0.22> <Core = "Sel">   --->   Core 26 'Sel' <Latency = 0> <II = 1> <Delay = 0.22> <FuncUnit> <Opcode : 'select'> <InPorts = 3> <OutPorts = 1>
ST_1 : Operation 86 [1/1] (0.22ns)   --->   "%select_ln203_17 = select i1 %data_t_V_offset_read, i35 %select_ln203_15, i35 %data_t_15_1_V_read_1" [firmware/nnet_utils/nnet_array.h:24]   --->   Operation 86 'select' 'select_ln203_17' <Predicate = true> <Delay = 0.22> <Core = "Sel">   --->   Core 26 'Sel' <Latency = 0> <II = 1> <Delay = 0.22> <FuncUnit> <Opcode : 'select'> <InPorts = 3> <OutPorts = 1>
ST_1 : Operation 87 [1/1] (0.22ns)   --->   "%select_ln27 = select i1 %data_t_V_offset_read, i35 %data_t_0_0_V_read_1, i35 %select_ln203" [firmware/nnet_utils/nnet_array.h:27]   --->   Operation 87 'select' 'select_ln27' <Predicate = true> <Delay = 0.22> <Core = "Sel">   --->   Core 26 'Sel' <Latency = 0> <II = 1> <Delay = 0.22> <FuncUnit> <Opcode : 'select'> <InPorts = 3> <OutPorts = 1>
ST_1 : Operation 88 [1/1] (0.22ns)   --->   "%select_ln27_1 = select i1 %data_t_V_offset_read, i35 %select_ln203, i35 %data_t_0_1_V_read_1" [firmware/nnet_utils/nnet_array.h:27]   --->   Operation 88 'select' 'select_ln27_1' <Predicate = true> <Delay = 0.22> <Core = "Sel">   --->   Core 26 'Sel' <Latency = 0> <II = 1> <Delay = 0.22> <FuncUnit> <Opcode : 'select'> <InPorts = 3> <OutPorts = 1>
ST_1 : Operation 89 [1/1] (0.22ns)   --->   "%select_ln27_2 = select i1 %data_t_V_offset_read, i35 %data_t_1_0_V_read_1, i35 %select_ln203_2" [firmware/nnet_utils/nnet_array.h:27]   --->   Operation 89 'select' 'select_ln27_2' <Predicate = true> <Delay = 0.22> <Core = "Sel">   --->   Core 26 'Sel' <Latency = 0> <II = 1> <Delay = 0.22> <FuncUnit> <Opcode : 'select'> <InPorts = 3> <OutPorts = 1>
ST_1 : Operation 90 [1/1] (0.22ns)   --->   "%select_ln27_3 = select i1 %data_t_V_offset_read, i35 %select_ln203_2, i35 %data_t_1_1_V_read_1" [firmware/nnet_utils/nnet_array.h:27]   --->   Operation 90 'select' 'select_ln27_3' <Predicate = true> <Delay = 0.22> <Core = "Sel">   --->   Core 26 'Sel' <Latency = 0> <II = 1> <Delay = 0.22> <FuncUnit> <Opcode : 'select'> <InPorts = 3> <OutPorts = 1>
ST_1 : Operation 91 [1/1] (0.22ns)   --->   "%select_ln27_4 = select i1 %data_t_V_offset_read, i35 %data_t_2_0_V_read_1, i35 %select_ln203_4" [firmware/nnet_utils/nnet_array.h:27]   --->   Operation 91 'select' 'select_ln27_4' <Predicate = true> <Delay = 0.22> <Core = "Sel">   --->   Core 26 'Sel' <Latency = 0> <II = 1> <Delay = 0.22> <FuncUnit> <Opcode : 'select'> <InPorts = 3> <OutPorts = 1>
ST_1 : Operation 92 [1/1] (0.22ns)   --->   "%select_ln27_5 = select i1 %data_t_V_offset_read, i35 %select_ln203_4, i35 %data_t_2_1_V_read_1" [firmware/nnet_utils/nnet_array.h:27]   --->   Operation 92 'select' 'select_ln27_5' <Predicate = true> <Delay = 0.22> <Core = "Sel">   --->   Core 26 'Sel' <Latency = 0> <II = 1> <Delay = 0.22> <FuncUnit> <Opcode : 'select'> <InPorts = 3> <OutPorts = 1>
ST_1 : Operation 93 [1/1] (0.22ns)   --->   "%select_ln27_6 = select i1 %data_t_V_offset_read, i35 %data_t_3_0_V_read_1, i35 %select_ln203_6" [firmware/nnet_utils/nnet_array.h:27]   --->   Operation 93 'select' 'select_ln27_6' <Predicate = true> <Delay = 0.22> <Core = "Sel">   --->   Core 26 'Sel' <Latency = 0> <II = 1> <Delay = 0.22> <FuncUnit> <Opcode : 'select'> <InPorts = 3> <OutPorts = 1>
ST_1 : Operation 94 [1/1] (0.22ns)   --->   "%select_ln27_7 = select i1 %data_t_V_offset_read, i35 %select_ln203_6, i35 %data_t_3_1_V_read_1" [firmware/nnet_utils/nnet_array.h:27]   --->   Operation 94 'select' 'select_ln27_7' <Predicate = true> <Delay = 0.22> <Core = "Sel">   --->   Core 26 'Sel' <Latency = 0> <II = 1> <Delay = 0.22> <FuncUnit> <Opcode : 'select'> <InPorts = 3> <OutPorts = 1>
ST_1 : Operation 95 [1/1] (0.22ns)   --->   "%select_ln27_8 = select i1 %data_t_V_offset_read, i35 %data_t_4_0_V_read_1, i35 %select_ln203_8" [firmware/nnet_utils/nnet_array.h:27]   --->   Operation 95 'select' 'select_ln27_8' <Predicate = true> <Delay = 0.22> <Core = "Sel">   --->   Core 26 'Sel' <Latency = 0> <II = 1> <Delay = 0.22> <FuncUnit> <Opcode : 'select'> <InPorts = 3> <OutPorts = 1>
ST_1 : Operation 96 [1/1] (0.22ns)   --->   "%select_ln27_9 = select i1 %data_t_V_offset_read, i35 %select_ln203_8, i35 %data_t_4_1_V_read_1" [firmware/nnet_utils/nnet_array.h:27]   --->   Operation 96 'select' 'select_ln27_9' <Predicate = true> <Delay = 0.22> <Core = "Sel">   --->   Core 26 'Sel' <Latency = 0> <II = 1> <Delay = 0.22> <FuncUnit> <Opcode : 'select'> <InPorts = 3> <OutPorts = 1>
ST_1 : Operation 97 [1/1] (0.22ns)   --->   "%select_ln27_10 = select i1 %data_t_V_offset_read, i35 %data_t_5_0_V_read_1, i35 %select_ln203_10" [firmware/nnet_utils/nnet_array.h:27]   --->   Operation 97 'select' 'select_ln27_10' <Predicate = true> <Delay = 0.22> <Core = "Sel">   --->   Core 26 'Sel' <Latency = 0> <II = 1> <Delay = 0.22> <FuncUnit> <Opcode : 'select'> <InPorts = 3> <OutPorts = 1>
ST_1 : Operation 98 [1/1] (0.22ns)   --->   "%select_ln27_11 = select i1 %data_t_V_offset_read, i35 %select_ln203_10, i35 %data_t_5_1_V_read_1" [firmware/nnet_utils/nnet_array.h:27]   --->   Operation 98 'select' 'select_ln27_11' <Predicate = true> <Delay = 0.22> <Core = "Sel">   --->   Core 26 'Sel' <Latency = 0> <II = 1> <Delay = 0.22> <FuncUnit> <Opcode : 'select'> <InPorts = 3> <OutPorts = 1>
ST_1 : Operation 99 [1/1] (0.22ns)   --->   "%select_ln27_12 = select i1 %data_t_V_offset_read, i35 %data_t_6_0_V_read_1, i35 %select_ln203_12" [firmware/nnet_utils/nnet_array.h:27]   --->   Operation 99 'select' 'select_ln27_12' <Predicate = true> <Delay = 0.22> <Core = "Sel">   --->   Core 26 'Sel' <Latency = 0> <II = 1> <Delay = 0.22> <FuncUnit> <Opcode : 'select'> <InPorts = 3> <OutPorts = 1>
ST_1 : Operation 100 [1/1] (0.22ns)   --->   "%select_ln27_13 = select i1 %data_t_V_offset_read, i35 %select_ln203_12, i35 %data_t_6_1_V_read_1" [firmware/nnet_utils/nnet_array.h:27]   --->   Operation 100 'select' 'select_ln27_13' <Predicate = true> <Delay = 0.22> <Core = "Sel">   --->   Core 26 'Sel' <Latency = 0> <II = 1> <Delay = 0.22> <FuncUnit> <Opcode : 'select'> <InPorts = 3> <OutPorts = 1>
ST_1 : Operation 101 [1/1] (0.22ns)   --->   "%select_ln27_14 = select i1 %data_t_V_offset_read, i35 %data_t_7_0_V_read_1, i35 %select_ln203_14" [firmware/nnet_utils/nnet_array.h:27]   --->   Operation 101 'select' 'select_ln27_14' <Predicate = true> <Delay = 0.22> <Core = "Sel">   --->   Core 26 'Sel' <Latency = 0> <II = 1> <Delay = 0.22> <FuncUnit> <Opcode : 'select'> <InPorts = 3> <OutPorts = 1>
ST_1 : Operation 102 [1/1] (0.22ns)   --->   "%select_ln27_15 = select i1 %data_t_V_offset_read, i35 %select_ln203_14, i35 %data_t_7_1_V_read_1" [firmware/nnet_utils/nnet_array.h:27]   --->   Operation 102 'select' 'select_ln27_15' <Predicate = true> <Delay = 0.22> <Core = "Sel">   --->   Core 26 'Sel' <Latency = 0> <II = 1> <Delay = 0.22> <FuncUnit> <Opcode : 'select'> <InPorts = 3> <OutPorts = 1>
ST_1 : Operation 103 [1/1] (0.22ns)   --->   "%select_ln27_16 = select i1 %data_t_V_offset_read, i35 %data_t_8_0_V_read_1, i35 %select_ln203_1" [firmware/nnet_utils/nnet_array.h:27]   --->   Operation 103 'select' 'select_ln27_16' <Predicate = true> <Delay = 0.22> <Core = "Sel">   --->   Core 26 'Sel' <Latency = 0> <II = 1> <Delay = 0.22> <FuncUnit> <Opcode : 'select'> <InPorts = 3> <OutPorts = 1>
ST_1 : Operation 104 [1/1] (0.22ns)   --->   "%select_ln27_17 = select i1 %data_t_V_offset_read, i35 %select_ln203_1, i35 %data_t_8_1_V_read_1" [firmware/nnet_utils/nnet_array.h:27]   --->   Operation 104 'select' 'select_ln27_17' <Predicate = true> <Delay = 0.22> <Core = "Sel">   --->   Core 26 'Sel' <Latency = 0> <II = 1> <Delay = 0.22> <FuncUnit> <Opcode : 'select'> <InPorts = 3> <OutPorts = 1>
ST_1 : Operation 105 [1/1] (0.22ns)   --->   "%select_ln27_18 = select i1 %data_t_V_offset_read, i35 %data_t_9_0_V_read_1, i35 %select_ln203_3" [firmware/nnet_utils/nnet_array.h:27]   --->   Operation 105 'select' 'select_ln27_18' <Predicate = true> <Delay = 0.22> <Core = "Sel">   --->   Core 26 'Sel' <Latency = 0> <II = 1> <Delay = 0.22> <FuncUnit> <Opcode : 'select'> <InPorts = 3> <OutPorts = 1>
ST_1 : Operation 106 [1/1] (0.22ns)   --->   "%select_ln27_19 = select i1 %data_t_V_offset_read, i35 %select_ln203_3, i35 %data_t_9_1_V_read_1" [firmware/nnet_utils/nnet_array.h:27]   --->   Operation 106 'select' 'select_ln27_19' <Predicate = true> <Delay = 0.22> <Core = "Sel">   --->   Core 26 'Sel' <Latency = 0> <II = 1> <Delay = 0.22> <FuncUnit> <Opcode : 'select'> <InPorts = 3> <OutPorts = 1>
ST_1 : Operation 107 [1/1] (0.22ns)   --->   "%select_ln27_20 = select i1 %data_t_V_offset_read, i35 %data_t_10_0_V_read_1, i35 %select_ln203_5" [firmware/nnet_utils/nnet_array.h:27]   --->   Operation 107 'select' 'select_ln27_20' <Predicate = true> <Delay = 0.22> <Core = "Sel">   --->   Core 26 'Sel' <Latency = 0> <II = 1> <Delay = 0.22> <FuncUnit> <Opcode : 'select'> <InPorts = 3> <OutPorts = 1>
ST_1 : Operation 108 [1/1] (0.22ns)   --->   "%select_ln27_21 = select i1 %data_t_V_offset_read, i35 %select_ln203_5, i35 %data_t_10_1_V_read_1" [firmware/nnet_utils/nnet_array.h:27]   --->   Operation 108 'select' 'select_ln27_21' <Predicate = true> <Delay = 0.22> <Core = "Sel">   --->   Core 26 'Sel' <Latency = 0> <II = 1> <Delay = 0.22> <FuncUnit> <Opcode : 'select'> <InPorts = 3> <OutPorts = 1>
ST_1 : Operation 109 [1/1] (0.22ns)   --->   "%select_ln27_22 = select i1 %data_t_V_offset_read, i35 %data_t_11_0_V_read_1, i35 %select_ln203_7" [firmware/nnet_utils/nnet_array.h:27]   --->   Operation 109 'select' 'select_ln27_22' <Predicate = true> <Delay = 0.22> <Core = "Sel">   --->   Core 26 'Sel' <Latency = 0> <II = 1> <Delay = 0.22> <FuncUnit> <Opcode : 'select'> <InPorts = 3> <OutPorts = 1>
ST_1 : Operation 110 [1/1] (0.22ns)   --->   "%select_ln27_23 = select i1 %data_t_V_offset_read, i35 %select_ln203_7, i35 %data_t_11_1_V_read_1" [firmware/nnet_utils/nnet_array.h:27]   --->   Operation 110 'select' 'select_ln27_23' <Predicate = true> <Delay = 0.22> <Core = "Sel">   --->   Core 26 'Sel' <Latency = 0> <II = 1> <Delay = 0.22> <FuncUnit> <Opcode : 'select'> <InPorts = 3> <OutPorts = 1>
ST_1 : Operation 111 [1/1] (0.22ns)   --->   "%select_ln27_24 = select i1 %data_t_V_offset_read, i35 %data_t_12_0_V_read_1, i35 %select_ln203_9" [firmware/nnet_utils/nnet_array.h:27]   --->   Operation 111 'select' 'select_ln27_24' <Predicate = true> <Delay = 0.22> <Core = "Sel">   --->   Core 26 'Sel' <Latency = 0> <II = 1> <Delay = 0.22> <FuncUnit> <Opcode : 'select'> <InPorts = 3> <OutPorts = 1>
ST_1 : Operation 112 [1/1] (0.22ns)   --->   "%select_ln27_25 = select i1 %data_t_V_offset_read, i35 %select_ln203_9, i35 %data_t_12_1_V_read_1" [firmware/nnet_utils/nnet_array.h:27]   --->   Operation 112 'select' 'select_ln27_25' <Predicate = true> <Delay = 0.22> <Core = "Sel">   --->   Core 26 'Sel' <Latency = 0> <II = 1> <Delay = 0.22> <FuncUnit> <Opcode : 'select'> <InPorts = 3> <OutPorts = 1>
ST_1 : Operation 113 [1/1] (0.22ns)   --->   "%select_ln27_26 = select i1 %data_t_V_offset_read, i35 %data_t_13_0_V_read_1, i35 %select_ln203_11" [firmware/nnet_utils/nnet_array.h:27]   --->   Operation 113 'select' 'select_ln27_26' <Predicate = true> <Delay = 0.22> <Core = "Sel">   --->   Core 26 'Sel' <Latency = 0> <II = 1> <Delay = 0.22> <FuncUnit> <Opcode : 'select'> <InPorts = 3> <OutPorts = 1>
ST_1 : Operation 114 [1/1] (0.22ns)   --->   "%select_ln27_27 = select i1 %data_t_V_offset_read, i35 %select_ln203_11, i35 %data_t_13_1_V_read_1" [firmware/nnet_utils/nnet_array.h:27]   --->   Operation 114 'select' 'select_ln27_27' <Predicate = true> <Delay = 0.22> <Core = "Sel">   --->   Core 26 'Sel' <Latency = 0> <II = 1> <Delay = 0.22> <FuncUnit> <Opcode : 'select'> <InPorts = 3> <OutPorts = 1>
ST_1 : Operation 115 [1/1] (0.22ns)   --->   "%select_ln27_28 = select i1 %data_t_V_offset_read, i35 %data_t_14_0_V_read_1, i35 %select_ln203_13" [firmware/nnet_utils/nnet_array.h:27]   --->   Operation 115 'select' 'select_ln27_28' <Predicate = true> <Delay = 0.22> <Core = "Sel">   --->   Core 26 'Sel' <Latency = 0> <II = 1> <Delay = 0.22> <FuncUnit> <Opcode : 'select'> <InPorts = 3> <OutPorts = 1>
ST_1 : Operation 116 [1/1] (0.22ns)   --->   "%select_ln27_29 = select i1 %data_t_V_offset_read, i35 %select_ln203_13, i35 %data_t_14_1_V_read_1" [firmware/nnet_utils/nnet_array.h:27]   --->   Operation 116 'select' 'select_ln27_29' <Predicate = true> <Delay = 0.22> <Core = "Sel">   --->   Core 26 'Sel' <Latency = 0> <II = 1> <Delay = 0.22> <FuncUnit> <Opcode : 'select'> <InPorts = 3> <OutPorts = 1>
ST_1 : Operation 117 [1/1] (0.00ns)   --->   "%mrv = insertvalue { i35, i35, i35, i35, i35, i35, i35, i35, i35, i35, i35, i35, i35, i35, i35, i35, i35, i35, i35, i35, i35, i35, i35, i35, i35, i35, i35, i35, i35, i35, i35, i35 } undef, i35 %select_ln27, 0" [firmware/nnet_utils/nnet_array.h:27]   --->   Operation 117 'insertvalue' 'mrv' <Predicate = true> <Delay = 0.00>
ST_1 : Operation 118 [1/1] (0.00ns)   --->   "%mrv_1 = insertvalue { i35, i35, i35, i35, i35, i35, i35, i35, i35, i35, i35, i35, i35, i35, i35, i35, i35, i35, i35, i35, i35, i35, i35, i35, i35, i35, i35, i35, i35, i35, i35, i35 } %mrv, i35 %select_ln27_1, 1" [firmware/nnet_utils/nnet_array.h:27]   --->   Operation 118 'insertvalue' 'mrv_1' <Predicate = true> <Delay = 0.00>
ST_1 : Operation 119 [1/1] (0.00ns)   --->   "%mrv_2 = insertvalue { i35, i35, i35, i35, i35, i35, i35, i35, i35, i35, i35, i35, i35, i35, i35, i35, i35, i35, i35, i35, i35, i35, i35, i35, i35, i35, i35, i35, i35, i35, i35, i35 } %mrv_1, i35 %select_ln27_2, 2" [firmware/nnet_utils/nnet_array.h:27]   --->   Operation 119 'insertvalue' 'mrv_2' <Predicate = true> <Delay = 0.00>
ST_1 : Operation 120 [1/1] (0.00ns)   --->   "%mrv_3 = insertvalue { i35, i35, i35, i35, i35, i35, i35, i35, i35, i35, i35, i35, i35, i35, i35, i35, i35, i35, i35, i35, i35, i35, i35, i35, i35, i35, i35, i35, i35, i35, i35, i35 } %mrv_2, i35 %select_ln27_3, 3" [firmware/nnet_utils/nnet_array.h:27]   --->   Operation 120 'insertvalue' 'mrv_3' <Predicate = true> <Delay = 0.00>
ST_1 : Operation 121 [1/1] (0.00ns)   --->   "%mrv_4 = insertvalue { i35, i35, i35, i35, i35, i35, i35, i35, i35, i35, i35, i35, i35, i35, i35, i35, i35, i35, i35, i35, i35, i35, i35, i35, i35, i35, i35, i35, i35, i35, i35, i35 } %mrv_3, i35 %select_ln27_4, 4" [firmware/nnet_utils/nnet_array.h:27]   --->   Operation 121 'insertvalue' 'mrv_4' <Predicate = true> <Delay = 0.00>
ST_1 : Operation 122 [1/1] (0.00ns)   --->   "%mrv_5 = insertvalue { i35, i35, i35, i35, i35, i35, i35, i35, i35, i35, i35, i35, i35, i35, i35, i35, i35, i35, i35, i35, i35, i35, i35, i35, i35, i35, i35, i35, i35, i35, i35, i35 } %mrv_4, i35 %select_ln27_5, 5" [firmware/nnet_utils/nnet_array.h:27]   --->   Operation 122 'insertvalue' 'mrv_5' <Predicate = true> <Delay = 0.00>
ST_1 : Operation 123 [1/1] (0.00ns)   --->   "%mrv_6 = insertvalue { i35, i35, i35, i35, i35, i35, i35, i35, i35, i35, i35, i35, i35, i35, i35, i35, i35, i35, i35, i35, i35, i35, i35, i35, i35, i35, i35, i35, i35, i35, i35, i35 } %mrv_5, i35 %select_ln27_6, 6" [firmware/nnet_utils/nnet_array.h:27]   --->   Operation 123 'insertvalue' 'mrv_6' <Predicate = true> <Delay = 0.00>
ST_1 : Operation 124 [1/1] (0.00ns)   --->   "%mrv_7 = insertvalue { i35, i35, i35, i35, i35, i35, i35, i35, i35, i35, i35, i35, i35, i35, i35, i35, i35, i35, i35, i35, i35, i35, i35, i35, i35, i35, i35, i35, i35, i35, i35, i35 } %mrv_6, i35 %select_ln27_7, 7" [firmware/nnet_utils/nnet_array.h:27]   --->   Operation 124 'insertvalue' 'mrv_7' <Predicate = true> <Delay = 0.00>
ST_1 : Operation 125 [1/1] (0.00ns)   --->   "%mrv_8 = insertvalue { i35, i35, i35, i35, i35, i35, i35, i35, i35, i35, i35, i35, i35, i35, i35, i35, i35, i35, i35, i35, i35, i35, i35, i35, i35, i35, i35, i35, i35, i35, i35, i35 } %mrv_7, i35 %select_ln27_8, 8" [firmware/nnet_utils/nnet_array.h:27]   --->   Operation 125 'insertvalue' 'mrv_8' <Predicate = true> <Delay = 0.00>
ST_1 : Operation 126 [1/1] (0.00ns)   --->   "%mrv_9 = insertvalue { i35, i35, i35, i35, i35, i35, i35, i35, i35, i35, i35, i35, i35, i35, i35, i35, i35, i35, i35, i35, i35, i35, i35, i35, i35, i35, i35, i35, i35, i35, i35, i35 } %mrv_8, i35 %select_ln27_9, 9" [firmware/nnet_utils/nnet_array.h:27]   --->   Operation 126 'insertvalue' 'mrv_9' <Predicate = true> <Delay = 0.00>
ST_1 : Operation 127 [1/1] (0.00ns)   --->   "%mrv_s = insertvalue { i35, i35, i35, i35, i35, i35, i35, i35, i35, i35, i35, i35, i35, i35, i35, i35, i35, i35, i35, i35, i35, i35, i35, i35, i35, i35, i35, i35, i35, i35, i35, i35 } %mrv_9, i35 %select_ln27_10, 10" [firmware/nnet_utils/nnet_array.h:27]   --->   Operation 127 'insertvalue' 'mrv_s' <Predicate = true> <Delay = 0.00>
ST_1 : Operation 128 [1/1] (0.00ns)   --->   "%mrv_10 = insertvalue { i35, i35, i35, i35, i35, i35, i35, i35, i35, i35, i35, i35, i35, i35, i35, i35, i35, i35, i35, i35, i35, i35, i35, i35, i35, i35, i35, i35, i35, i35, i35, i35 } %mrv_s, i35 %select_ln27_11, 11" [firmware/nnet_utils/nnet_array.h:27]   --->   Operation 128 'insertvalue' 'mrv_10' <Predicate = true> <Delay = 0.00>
ST_1 : Operation 129 [1/1] (0.00ns)   --->   "%mrv_11 = insertvalue { i35, i35, i35, i35, i35, i35, i35, i35, i35, i35, i35, i35, i35, i35, i35, i35, i35, i35, i35, i35, i35, i35, i35, i35, i35, i35, i35, i35, i35, i35, i35, i35 } %mrv_10, i35 %select_ln27_12, 12" [firmware/nnet_utils/nnet_array.h:27]   --->   Operation 129 'insertvalue' 'mrv_11' <Predicate = true> <Delay = 0.00>
ST_1 : Operation 130 [1/1] (0.00ns)   --->   "%mrv_12 = insertvalue { i35, i35, i35, i35, i35, i35, i35, i35, i35, i35, i35, i35, i35, i35, i35, i35, i35, i35, i35, i35, i35, i35, i35, i35, i35, i35, i35, i35, i35, i35, i35, i35 } %mrv_11, i35 %select_ln27_13, 13" [firmware/nnet_utils/nnet_array.h:27]   --->   Operation 130 'insertvalue' 'mrv_12' <Predicate = true> <Delay = 0.00>
ST_1 : Operation 131 [1/1] (0.00ns)   --->   "%mrv_13 = insertvalue { i35, i35, i35, i35, i35, i35, i35, i35, i35, i35, i35, i35, i35, i35, i35, i35, i35, i35, i35, i35, i35, i35, i35, i35, i35, i35, i35, i35, i35, i35, i35, i35 } %mrv_12, i35 %select_ln27_14, 14" [firmware/nnet_utils/nnet_array.h:27]   --->   Operation 131 'insertvalue' 'mrv_13' <Predicate = true> <Delay = 0.00>
ST_1 : Operation 132 [1/1] (0.00ns)   --->   "%mrv_14 = insertvalue { i35, i35, i35, i35, i35, i35, i35, i35, i35, i35, i35, i35, i35, i35, i35, i35, i35, i35, i35, i35, i35, i35, i35, i35, i35, i35, i35, i35, i35, i35, i35, i35 } %mrv_13, i35 %select_ln27_15, 15" [firmware/nnet_utils/nnet_array.h:27]   --->   Operation 132 'insertvalue' 'mrv_14' <Predicate = true> <Delay = 0.00>
ST_1 : Operation 133 [1/1] (0.00ns)   --->   "%mrv_15 = insertvalue { i35, i35, i35, i35, i35, i35, i35, i35, i35, i35, i35, i35, i35, i35, i35, i35, i35, i35, i35, i35, i35, i35, i35, i35, i35, i35, i35, i35, i35, i35, i35, i35 } %mrv_14, i35 %select_ln27_16, 16" [firmware/nnet_utils/nnet_array.h:27]   --->   Operation 133 'insertvalue' 'mrv_15' <Predicate = true> <Delay = 0.00>
ST_1 : Operation 134 [1/1] (0.00ns)   --->   "%mrv_16 = insertvalue { i35, i35, i35, i35, i35, i35, i35, i35, i35, i35, i35, i35, i35, i35, i35, i35, i35, i35, i35, i35, i35, i35, i35, i35, i35, i35, i35, i35, i35, i35, i35, i35 } %mrv_15, i35 %select_ln27_17, 17" [firmware/nnet_utils/nnet_array.h:27]   --->   Operation 134 'insertvalue' 'mrv_16' <Predicate = true> <Delay = 0.00>
ST_1 : Operation 135 [1/1] (0.00ns)   --->   "%mrv_17 = insertvalue { i35, i35, i35, i35, i35, i35, i35, i35, i35, i35, i35, i35, i35, i35, i35, i35, i35, i35, i35, i35, i35, i35, i35, i35, i35, i35, i35, i35, i35, i35, i35, i35 } %mrv_16, i35 %select_ln27_18, 18" [firmware/nnet_utils/nnet_array.h:27]   --->   Operation 135 'insertvalue' 'mrv_17' <Predicate = true> <Delay = 0.00>
ST_1 : Operation 136 [1/1] (0.00ns)   --->   "%mrv_18 = insertvalue { i35, i35, i35, i35, i35, i35, i35, i35, i35, i35, i35, i35, i35, i35, i35, i35, i35, i35, i35, i35, i35, i35, i35, i35, i35, i35, i35, i35, i35, i35, i35, i35 } %mrv_17, i35 %select_ln27_19, 19" [firmware/nnet_utils/nnet_array.h:27]   --->   Operation 136 'insertvalue' 'mrv_18' <Predicate = true> <Delay = 0.00>
ST_1 : Operation 137 [1/1] (0.00ns)   --->   "%mrv_19 = insertvalue { i35, i35, i35, i35, i35, i35, i35, i35, i35, i35, i35, i35, i35, i35, i35, i35, i35, i35, i35, i35, i35, i35, i35, i35, i35, i35, i35, i35, i35, i35, i35, i35 } %mrv_18, i35 %select_ln27_20, 20" [firmware/nnet_utils/nnet_array.h:27]   --->   Operation 137 'insertvalue' 'mrv_19' <Predicate = true> <Delay = 0.00>
ST_1 : Operation 138 [1/1] (0.00ns)   --->   "%mrv_20 = insertvalue { i35, i35, i35, i35, i35, i35, i35, i35, i35, i35, i35, i35, i35, i35, i35, i35, i35, i35, i35, i35, i35, i35, i35, i35, i35, i35, i35, i35, i35, i35, i35, i35 } %mrv_19, i35 %select_ln27_21, 21" [firmware/nnet_utils/nnet_array.h:27]   --->   Operation 138 'insertvalue' 'mrv_20' <Predicate = true> <Delay = 0.00>
ST_1 : Operation 139 [1/1] (0.00ns)   --->   "%mrv_21 = insertvalue { i35, i35, i35, i35, i35, i35, i35, i35, i35, i35, i35, i35, i35, i35, i35, i35, i35, i35, i35, i35, i35, i35, i35, i35, i35, i35, i35, i35, i35, i35, i35, i35 } %mrv_20, i35 %select_ln27_22, 22" [firmware/nnet_utils/nnet_array.h:27]   --->   Operation 139 'insertvalue' 'mrv_21' <Predicate = true> <Delay = 0.00>
ST_1 : Operation 140 [1/1] (0.00ns)   --->   "%mrv_22 = insertvalue { i35, i35, i35, i35, i35, i35, i35, i35, i35, i35, i35, i35, i35, i35, i35, i35, i35, i35, i35, i35, i35, i35, i35, i35, i35, i35, i35, i35, i35, i35, i35, i35 } %mrv_21, i35 %select_ln27_23, 23" [firmware/nnet_utils/nnet_array.h:27]   --->   Operation 140 'insertvalue' 'mrv_22' <Predicate = true> <Delay = 0.00>
ST_1 : Operation 141 [1/1] (0.00ns)   --->   "%mrv_23 = insertvalue { i35, i35, i35, i35, i35, i35, i35, i35, i35, i35, i35, i35, i35, i35, i35, i35, i35, i35, i35, i35, i35, i35, i35, i35, i35, i35, i35, i35, i35, i35, i35, i35 } %mrv_22, i35 %select_ln27_24, 24" [firmware/nnet_utils/nnet_array.h:27]   --->   Operation 141 'insertvalue' 'mrv_23' <Predicate = true> <Delay = 0.00>
ST_1 : Operation 142 [1/1] (0.00ns)   --->   "%mrv_24 = insertvalue { i35, i35, i35, i35, i35, i35, i35, i35, i35, i35, i35, i35, i35, i35, i35, i35, i35, i35, i35, i35, i35, i35, i35, i35, i35, i35, i35, i35, i35, i35, i35, i35 } %mrv_23, i35 %select_ln27_25, 25" [firmware/nnet_utils/nnet_array.h:27]   --->   Operation 142 'insertvalue' 'mrv_24' <Predicate = true> <Delay = 0.00>
ST_1 : Operation 143 [1/1] (0.00ns)   --->   "%mrv_25 = insertvalue { i35, i35, i35, i35, i35, i35, i35, i35, i35, i35, i35, i35, i35, i35, i35, i35, i35, i35, i35, i35, i35, i35, i35, i35, i35, i35, i35, i35, i35, i35, i35, i35 } %mrv_24, i35 %select_ln27_26, 26" [firmware/nnet_utils/nnet_array.h:27]   --->   Operation 143 'insertvalue' 'mrv_25' <Predicate = true> <Delay = 0.00>
ST_1 : Operation 144 [1/1] (0.00ns)   --->   "%mrv_26 = insertvalue { i35, i35, i35, i35, i35, i35, i35, i35, i35, i35, i35, i35, i35, i35, i35, i35, i35, i35, i35, i35, i35, i35, i35, i35, i35, i35, i35, i35, i35, i35, i35, i35 } %mrv_25, i35 %select_ln27_27, 27" [firmware/nnet_utils/nnet_array.h:27]   --->   Operation 144 'insertvalue' 'mrv_26' <Predicate = true> <Delay = 0.00>
ST_1 : Operation 145 [1/1] (0.00ns)   --->   "%mrv_27 = insertvalue { i35, i35, i35, i35, i35, i35, i35, i35, i35, i35, i35, i35, i35, i35, i35, i35, i35, i35, i35, i35, i35, i35, i35, i35, i35, i35, i35, i35, i35, i35, i35, i35 } %mrv_26, i35 %select_ln27_28, 28" [firmware/nnet_utils/nnet_array.h:27]   --->   Operation 145 'insertvalue' 'mrv_27' <Predicate = true> <Delay = 0.00>
ST_1 : Operation 146 [1/1] (0.00ns)   --->   "%mrv_28 = insertvalue { i35, i35, i35, i35, i35, i35, i35, i35, i35, i35, i35, i35, i35, i35, i35, i35, i35, i35, i35, i35, i35, i35, i35, i35, i35, i35, i35, i35, i35, i35, i35, i35 } %mrv_27, i35 %select_ln27_29, 29" [firmware/nnet_utils/nnet_array.h:27]   --->   Operation 146 'insertvalue' 'mrv_28' <Predicate = true> <Delay = 0.00>
ST_1 : Operation 147 [1/1] (0.00ns)   --->   "%mrv_29 = insertvalue { i35, i35, i35, i35, i35, i35, i35, i35, i35, i35, i35, i35, i35, i35, i35, i35, i35, i35, i35, i35, i35, i35, i35, i35, i35, i35, i35, i35, i35, i35, i35, i35 } %mrv_28, i35 %select_ln203_16, 30" [firmware/nnet_utils/nnet_array.h:27]   --->   Operation 147 'insertvalue' 'mrv_29' <Predicate = true> <Delay = 0.00>
ST_1 : Operation 148 [1/1] (0.00ns)   --->   "%mrv_30 = insertvalue { i35, i35, i35, i35, i35, i35, i35, i35, i35, i35, i35, i35, i35, i35, i35, i35, i35, i35, i35, i35, i35, i35, i35, i35, i35, i35, i35, i35, i35, i35, i35, i35 } %mrv_29, i35 %select_ln203_17, 31" [firmware/nnet_utils/nnet_array.h:27]   --->   Operation 148 'insertvalue' 'mrv_30' <Predicate = true> <Delay = 0.00>
ST_1 : Operation 149 [1/1] (0.00ns)   --->   "ret { i35, i35, i35, i35, i35, i35, i35, i35, i35, i35, i35, i35, i35, i35, i35, i35, i35, i35, i35, i35, i35, i35, i35, i35, i35, i35, i35, i35, i35, i35, i35, i35 } %mrv_30" [firmware/nnet_utils/nnet_array.h:27]   --->   Operation 149 'ret' <Predicate = true> <Delay = 0.00>


============================================================
+ Verbose Summary: Timing violations
============================================================
Target clock period: 5ns, clock uncertainty: 0.625ns.

 <State 1>: 0.456ns
The critical path consists of the following:
	wire read on port 'data_V_offset' (firmware/nnet_utils/nnet_array.h:17) [100]  (0 ns)
	'select' operation ('select_ln203_15', firmware/nnet_utils/nnet_array.h:24) [149]  (0.228 ns)
	'select' operation ('data_t[15][0].V', firmware/nnet_utils/nnet_array.h:24) [150]  (0.228 ns)


============================================================
+ Verbose Summary: Binding
============================================================
N/A
* FSMD analyzer results:
  - Output states:
 - Input state : 
  - Chain level:
	State 1


============================================================
+ Verbose Summary: Datapath Resource usage 
============================================================
N/A
