

================================================================
== Vivado HLS Report for 'dense_latency_0_0_0_0_0_0_0_0_0_0_0_0_0_0_0_0_0_1'
================================================================
* Date:           Thu Apr 21 05:25:00 2022

* Version:        2019.2 (Build 2704478 on Wed Nov 06 22:10:23 MST 2019)
* Project:        myproject_prj
* Solution:       solution1
* Product family: virtexuplus
* Target device:  xcu250-figd2104-2L-e


================================================================
== Performance Estimates
================================================================
+ Timing: 
    * Summary: 
    +--------+---------+----------+------------+
    |  Clock |  Target | Estimated| Uncertainty|
    +--------+---------+----------+------------+
    |ap_clk  | 5.00 ns | 4.061 ns |   0.62 ns  |
    +--------+---------+----------+------------+

+ Latency: 
    * Summary: 
    +---------+---------+----------+----------+-----+-----+----------+
    |  Latency (cycles) |  Latency (absolute) |  Interval | Pipeline |
    |   min   |   max   |    min   |    max   | min | max |   Type   |
    +---------+---------+----------+----------+-----+-----+----------+
    |        1|        1| 5.000 ns | 5.000 ns |    1|    1| function |
    +---------+---------+----------+----------+-----+-----+----------+

    + Detail: 
        * Instance: 
        N/A

        * Loop: 
        N/A



================================================================
== Utilization Estimates
================================================================
* Summary: 
+---------------------+---------+-------+---------+---------+------+
|         Name        | BRAM_18K| DSP48E|    FF   |   LUT   | URAM |
+---------------------+---------+-------+---------+---------+------+
|DSP                  |        -|      -|        -|        -|     -|
|Expression           |        -|    512|        0|    13485|     -|
|FIFO                 |        -|      -|        -|        -|     -|
|Instance             |        -|      -|        -|        -|     -|
|Memory               |        -|      -|        -|        -|     -|
|Multiplexer          |        -|      -|        -|      288|     -|
|Register             |        -|      -|     8033|        -|     -|
+---------------------+---------+-------+---------+---------+------+
|Total                |        0|    512|     8033|    13773|     0|
+---------------------+---------+-------+---------+---------+------+
|Available SLR        |     1344|   3072|   864000|   432000|   320|
+---------------------+---------+-------+---------+---------+------+
|Utilization SLR (%)  |        0|     16|    ~0   |        3|     0|
+---------------------+---------+-------+---------+---------+------+
|Available            |     5376|  12288|  3456000|  1728000|  1280|
+---------------------+---------+-------+---------+---------+------+
|Utilization (%)      |        0|      4|    ~0   |    ~0   |     0|
+---------------------+---------+-------+---------+---------+------+

+ Detail: 
    * Instance: 
    N/A

    * DSP48E: 
    N/A

    * Memory: 
    N/A

    * FIFO: 
    N/A

    * Expression: 
    +------------------------------+----------+-------+---+-----+------------+------------+
    |         Variable Name        | Operation| DSP48E| FF| LUT | Bitwidth P0| Bitwidth P1|
    +------------------------------+----------+-------+---+-----+------------+------------+
    |mul_ln1118_391_fu_1336_p2     |     *    |      2|  0|   23|          35|          20|
    |mul_ln1118_392_fu_1317_p2     |     *    |      2|  0|   23|          35|          17|
    |mul_ln1118_393_fu_1149_p2     |     *    |      2|  0|   23|          35|          15|
    |mul_ln1118_394_fu_1224_p2     |     *    |      2|  0|   23|          35|          18|
    |mul_ln1118_395_fu_1313_p2     |     *    |      2|  0|   23|          35|          17|
    |mul_ln1118_396_fu_1260_p2     |     *    |      2|  0|   23|          35|          18|
    |mul_ln1118_397_fu_1262_p2     |     *    |      2|  0|   23|          35|          18|
    |mul_ln1118_398_fu_1156_p2     |     *    |      2|  0|   23|          35|          18|
    |mul_ln1118_399_fu_1300_p2     |     *    |      2|  0|   23|          35|          18|
    |mul_ln1118_400_fu_1365_p2     |     *    |      2|  0|   23|          35|          17|
    |mul_ln1118_401_fu_1159_p2     |     *    |      2|  0|   23|          35|          19|
    |mul_ln1118_402_fu_1190_p2     |     *    |      2|  0|   23|          35|          19|
    |mul_ln1118_403_fu_1333_p2     |     *    |      2|  0|   23|          35|          18|
    |mul_ln1118_404_fu_1361_p2     |     *    |      2|  0|   23|          35|          19|
    |mul_ln1118_405_fu_1308_p2     |     *    |      2|  0|   23|          35|          19|
    |mul_ln1118_406_fu_1194_p2     |     *    |      2|  0|   23|          35|          19|
    |mul_ln1118_407_fu_1195_p2     |     *    |      2|  0|   23|          35|          18|
    |mul_ln1118_408_fu_1196_p2     |     *    |      2|  0|   23|          35|          20|
    |mul_ln1118_409_fu_1211_p2     |     *    |      2|  0|   23|          35|          18|
    |mul_ln1118_410_fu_1144_p2     |     *    |      2|  0|   23|          35|          18|
    |mul_ln1118_411_fu_1185_p2     |     *    |      2|  0|   23|          35|          19|
    |mul_ln1118_412_fu_1193_p2     |     *    |      2|  0|   23|          35|          19|
    |mul_ln1118_413_fu_1351_p2     |     *    |      2|  0|   23|          35|          19|
    |mul_ln1118_414_fu_1188_p2     |     *    |      2|  0|   23|          35|          18|
    |mul_ln1118_415_fu_1146_p2     |     *    |      2|  0|   23|          35|          19|
    |mul_ln1118_416_fu_1162_p2     |     *    |      2|  0|   23|          35|          14|
    |mul_ln1118_417_fu_1177_p2     |     *    |      2|  0|   23|          35|          17|
    |mul_ln1118_418_fu_1164_p2     |     *    |      2|  0|   23|          35|          19|
    |mul_ln1118_419_fu_1165_p2     |     *    |      2|  0|   23|          35|          18|
    |mul_ln1118_420_fu_1207_p2     |     *    |      2|  0|   23|          35|          18|
    |mul_ln1118_421_fu_1282_p2     |     *    |      2|  0|   23|          35|          18|
    |mul_ln1118_422_fu_1290_p2     |     *    |      2|  0|   23|          35|          19|
    |mul_ln1118_423_fu_1291_p2     |     *    |      2|  0|   23|          35|          17|
    |mul_ln1118_424_fu_1385_p2     |     *    |      2|  0|   23|          35|          18|
    |mul_ln1118_425_fu_1322_p2     |     *    |      2|  0|   23|          35|          18|
    |mul_ln1118_426_fu_1273_p2     |     *    |      2|  0|   23|          35|          17|
    |mul_ln1118_427_fu_1231_p2     |     *    |      2|  0|   23|          35|          16|
    |mul_ln1118_428_fu_1182_p2     |     *    |      2|  0|   23|          35|          19|
    |mul_ln1118_429_fu_1176_p2     |     *    |      2|  0|   23|          35|          18|
    |mul_ln1118_430_fu_1249_p2     |     *    |      2|  0|   23|          35|          17|
    |mul_ln1118_431_fu_1135_p2     |     *    |      2|  0|   23|          35|          19|
    |mul_ln1118_432_fu_1136_p2     |     *    |      2|  0|   23|          35|          19|
    |mul_ln1118_433_fu_1374_p2     |     *    |      2|  0|   23|          35|          18|
    |mul_ln1118_434_fu_1348_p2     |     *    |      2|  0|   23|          35|          16|
    |mul_ln1118_435_fu_1180_p2     |     *    |      2|  0|   23|          35|          19|
    |mul_ln1118_436_fu_1140_p2     |     *    |      2|  0|   23|          35|          20|
    |mul_ln1118_437_fu_1202_p2     |     *    |      2|  0|   23|          35|          21|
    |mul_ln1118_438_fu_1142_p2     |     *    |      2|  0|   23|          35|          20|
    |mul_ln1118_439_fu_1302_p2     |     *    |      2|  0|   23|          35|          19|
    |mul_ln1118_440_fu_1267_p2     |     *    |      2|  0|   23|          35|          19|
    |mul_ln1118_441_fu_1218_p2     |     *    |      2|  0|   23|          35|          20|
    |mul_ln1118_442_fu_1319_p2     |     *    |      2|  0|   23|          35|          19|
    |mul_ln1118_443_fu_1369_p2     |     *    |      2|  0|   23|          35|          18|
    |mul_ln1118_444_fu_1363_p2     |     *    |      2|  0|   23|          35|          19|
    |mul_ln1118_445_fu_1222_p2     |     *    |      2|  0|   23|          35|          18|
    |mul_ln1118_446_fu_1223_p2     |     *    |      2|  0|   23|          35|          19|
    |mul_ln1118_447_fu_1366_p2     |     *    |      2|  0|   23|          35|          19|
    |mul_ln1118_448_fu_1212_p2     |     *    |      2|  0|   23|          35|          17|
    |mul_ln1118_449_fu_1152_p2     |     *    |      2|  0|   23|          35|          17|
    |mul_ln1118_450_fu_1268_p2     |     *    |      2|  0|   23|          35|          18|
    |mul_ln1118_451_fu_1181_p2     |     *    |      2|  0|   23|          35|          17|
    |mul_ln1118_452_fu_1252_p2     |     *    |      2|  0|   23|          35|          19|
    |mul_ln1118_453_fu_1360_p2     |     *    |      2|  0|   23|          35|          18|
    |mul_ln1118_454_fu_1154_p2     |     *    |      2|  0|   23|          35|          18|
    |mul_ln1118_455_fu_1362_p2     |     *    |      2|  0|   23|          35|          19|
    |mul_ln1118_456_fu_1306_p2     |     *    |      2|  0|   23|          35|          14|
    |mul_ln1118_457_fu_1192_p2     |     *    |      2|  0|   23|          35|          19|
    |mul_ln1118_458_fu_1335_p2     |     *    |      2|  0|   23|          35|          17|
    |mul_ln1118_459_fu_1201_p2     |     *    |      2|  0|   23|          35|          19|
    |mul_ln1118_460_fu_1337_p2     |     *    |      2|  0|   23|          35|          19|
    |mul_ln1118_461_fu_1298_p2     |     *    |      2|  0|   23|          35|          18|
    |mul_ln1118_462_fu_1303_p2     |     *    |      2|  0|   23|          35|          19|
    |mul_ln1118_463_fu_1359_p2     |     *    |      2|  0|   23|          35|          18|
    |mul_ln1118_464_fu_1382_p2     |     *    |      2|  0|   23|          35|          20|
    |mul_ln1118_465_fu_1200_p2     |     *    |      2|  0|   23|          35|          16|
    |mul_ln1118_466_fu_1239_p2     |     *    |      2|  0|   23|          35|          19|
    |mul_ln1118_467_fu_1183_p2     |     *    |      2|  0|   23|          35|          18|
    |mul_ln1118_468_fu_1241_p2     |     *    |      2|  0|   23|          35|          19|
    |mul_ln1118_469_fu_1285_p2     |     *    |      2|  0|   23|          35|          17|
    |mul_ln1118_470_fu_1243_p2     |     *    |      2|  0|   23|          35|          19|
    |mul_ln1118_471_fu_1191_p2     |     *    |      2|  0|   23|          35|          18|
    |mul_ln1118_472_fu_1307_p2     |     *    |      2|  0|   23|          35|          19|
    |mul_ln1118_473_fu_1166_p2     |     *    |      2|  0|   23|          35|          16|
    |mul_ln1118_474_fu_1174_p2     |     *    |      2|  0|   23|          35|          20|
    |mul_ln1118_475_fu_1275_p2     |     *    |      2|  0|   23|          35|          20|
    |mul_ln1118_476_fu_1328_p2     |     *    |      2|  0|   23|          35|          18|
    |mul_ln1118_477_fu_1312_p2     |     *    |      2|  0|   23|          35|          20|
    |mul_ln1118_478_fu_1158_p2     |     *    |      2|  0|   23|          35|          20|
    |mul_ln1118_479_fu_1172_p2     |     *    |      2|  0|   23|          35|          19|
    |mul_ln1118_480_fu_1219_p2     |     *    |      2|  0|   23|          35|          19|
    |mul_ln1118_481_fu_1327_p2     |     *    |      2|  0|   23|          35|          16|
    |mul_ln1118_482_fu_1178_p2     |     *    |      2|  0|   23|          35|          19|
    |mul_ln1118_483_fu_1272_p2     |     *    |      2|  0|   23|          35|          14|
    |mul_ln1118_484_fu_1323_p2     |     *    |      2|  0|   23|          35|          18|
    |mul_ln1118_485_fu_1163_p2     |     *    |      2|  0|   23|          35|          18|
    |mul_ln1118_486_fu_1137_p2     |     *    |      2|  0|   23|          35|          18|
    |mul_ln1118_487_fu_1287_p2     |     *    |      2|  0|   23|          35|          18|
    |mul_ln1118_488_fu_1261_p2     |     *    |      2|  0|   23|          35|          20|
    |mul_ln1118_489_fu_1235_p2     |     *    |      2|  0|   23|          35|          19|
    |mul_ln1118_490_fu_1283_p2     |     *    |      2|  0|   23|          35|          20|
    |mul_ln1118_491_fu_1214_p2     |     *    |      2|  0|   23|          35|          17|
    |mul_ln1118_492_fu_1258_p2     |     *    |      2|  0|   23|          35|          19|
    |mul_ln1118_493_fu_1232_p2     |     *    |      2|  0|   23|          35|          18|
    |mul_ln1118_494_fu_1356_p2     |     *    |      2|  0|   23|          35|          16|
    |mul_ln1118_495_fu_1357_p2     |     *    |      2|  0|   23|          35|          19|
    |mul_ln1118_496_fu_1358_p2     |     *    |      2|  0|   23|          35|          20|
    |mul_ln1118_497_fu_1316_p2     |     *    |      2|  0|   23|          35|          17|
    |mul_ln1118_498_fu_1210_p2     |     *    |      2|  0|   23|          35|          17|
    |mul_ln1118_499_fu_1250_p2     |     *    |      2|  0|   23|          35|          15|
    |mul_ln1118_500_fu_1251_p2     |     *    |      2|  0|   23|          35|          17|
    |mul_ln1118_501_fu_1271_p2     |     *    |      2|  0|   23|          35|          18|
    |mul_ln1118_502_fu_1213_p2     |     *    |      2|  0|   23|          35|          18|
    |mul_ln1118_503_fu_1139_p2     |     *    |      2|  0|   23|          35|          16|
    |mul_ln1118_504_fu_1384_p2     |     *    |      2|  0|   23|          35|          19|
    |mul_ln1118_505_fu_1256_p2     |     *    |      2|  0|   23|          35|          19|
    |mul_ln1118_506_fu_1230_p2     |     *    |      2|  0|   23|          35|          19|
    |mul_ln1118_507_fu_1349_p2     |     *    |      2|  0|   23|          35|          20|
    |mul_ln1118_508_fu_1350_p2     |     *    |      2|  0|   23|          35|          18|
    |mul_ln1118_509_fu_1301_p2     |     *    |      2|  0|   23|          35|          19|
    |mul_ln1118_510_fu_1352_p2     |     *    |      2|  0|   23|          35|          18|
    |mul_ln1118_511_fu_1189_p2     |     *    |      2|  0|   23|          35|          18|
    |mul_ln1118_512_fu_1254_p2     |     *    |      2|  0|   23|          35|          19|
    |mul_ln1118_513_fu_1364_p2     |     *    |      2|  0|   23|          35|          18|
    |mul_ln1118_514_fu_1345_p2     |     *    |      2|  0|   23|          35|          19|
    |mul_ln1118_515_fu_1238_p2     |     *    |      2|  0|   23|          35|          19|
    |mul_ln1118_516_fu_1332_p2     |     *    |      2|  0|   23|          35|          18|
    |mul_ln1118_517_fu_1179_p2     |     *    |      2|  0|   23|          35|          19|
    |mul_ln1118_518_fu_1342_p2     |     *    |      2|  0|   23|          35|          18|
    |mul_ln1118_519_fu_1228_p2     |     *    |      2|  0|   23|          35|          19|
    |mul_ln1118_520_fu_1209_p2     |     *    |      2|  0|   23|          35|          19|
    |mul_ln1118_521_fu_1386_p2     |     *    |      2|  0|   23|          35|          19|
    |mul_ln1118_522_fu_1387_p2     |     *    |      2|  0|   23|          35|          19|
    |mul_ln1118_523_fu_1274_p2     |     *    |      2|  0|   23|          35|          18|
    |mul_ln1118_524_fu_1339_p2     |     *    |      2|  0|   23|          35|          19|
    |mul_ln1118_525_fu_1383_p2     |     *    |      2|  0|   23|          35|          18|
    |mul_ln1118_526_fu_1134_p2     |     *    |      2|  0|   23|          35|          20|
    |mul_ln1118_527_fu_1309_p2     |     *    |      2|  0|   23|          35|          19|
    |mul_ln1118_528_fu_1344_p2     |     *    |      2|  0|   23|          35|          21|
    |mul_ln1118_529_fu_1237_p2     |     *    |      2|  0|   23|          35|          19|
    |mul_ln1118_530_fu_1197_p2     |     *    |      2|  0|   23|          35|          18|
    |mul_ln1118_531_fu_1340_p2     |     *    |      2|  0|   23|          35|          21|
    |mul_ln1118_532_fu_1199_p2     |     *    |      2|  0|   23|          35|          17|
    |mul_ln1118_533_fu_1234_p2     |     *    |      2|  0|   23|          35|          21|
    |mul_ln1118_534_fu_1187_p2     |     *    |      2|  0|   23|          35|          15|
    |mul_ln1118_535_fu_1216_p2     |     *    |      2|  0|   23|          35|          19|
    |mul_ln1118_536_fu_1324_p2     |     *    |      2|  0|   23|          35|          18|
    |mul_ln1118_537_fu_1325_p2     |     *    |      2|  0|   23|          35|          16|
    |mul_ln1118_538_fu_1248_p2     |     *    |      2|  0|   23|          35|          19|
    |mul_ln1118_539_fu_1270_p2     |     *    |      2|  0|   23|          35|          19|
    |mul_ln1118_540_fu_1280_p2     |     *    |      2|  0|   23|          35|          17|
    |mul_ln1118_541_fu_1281_p2     |     *    |      2|  0|   23|          35|          17|
    |mul_ln1118_542_fu_1167_p2     |     *    |      2|  0|   23|          35|          18|
    |mul_ln1118_543_fu_1378_p2     |     *    |      2|  0|   23|          35|          19|
    |mul_ln1118_544_fu_1169_p2     |     *    |      2|  0|   23|          35|          20|
    |mul_ln1118_545_fu_1143_p2     |     *    |      2|  0|   23|          35|          20|
    |mul_ln1118_546_fu_1305_p2     |     *    |      2|  0|   23|          35|          20|
    |mul_ln1118_547_fu_1375_p2     |     *    |      2|  0|   23|          35|          15|
    |mul_ln1118_548_fu_1173_p2     |     *    |      2|  0|   23|          35|          16|
    |mul_ln1118_549_fu_1253_p2     |     *    |      2|  0|   23|          35|          19|
    |mul_ln1118_550_fu_1304_p2     |     *    |      2|  0|   23|          35|          17|
    |mul_ln1118_551_fu_1205_p2     |     *    |      2|  0|   23|          35|          19|
    |mul_ln1118_552_fu_1299_p2     |     *    |      2|  0|   23|          35|          18|
    |mul_ln1118_553_fu_1157_p2     |     *    |      2|  0|   23|          35|          17|
    |mul_ln1118_554_fu_1367_p2     |     *    |      2|  0|   23|          35|          19|
    |mul_ln1118_555_fu_1138_p2     |     *    |      2|  0|   23|          35|          19|
    |mul_ln1118_556_fu_1186_p2     |     *    |      2|  0|   23|          35|          18|
    |mul_ln1118_557_fu_1255_p2     |     *    |      2|  0|   23|          35|          17|
    |mul_ln1118_558_fu_1141_p2     |     *    |      2|  0|   23|          35|          17|
    |mul_ln1118_559_fu_1257_p2     |     *    |      2|  0|   23|          35|          16|
    |mul_ln1118_560_fu_1276_p2     |     *    |      2|  0|   23|          35|          18|
    |mul_ln1118_561_fu_1151_p2     |     *    |      2|  0|   23|          35|          19|
    |mul_ln1118_562_fu_1233_p2     |     *    |      2|  0|   23|          35|          19|
    |mul_ln1118_563_fu_1240_p2     |     *    |      2|  0|   23|          35|          18|
    |mul_ln1118_564_fu_1184_p2     |     *    |      2|  0|   23|          35|          18|
    |mul_ln1118_565_fu_1242_p2     |     *    |      2|  0|   23|          35|          20|
    |mul_ln1118_566_fu_1277_p2     |     *    |      2|  0|   23|          35|          20|
    |mul_ln1118_567_fu_1244_p2     |     *    |      2|  0|   23|          35|          19|
    |mul_ln1118_568_fu_1150_p2     |     *    |      2|  0|   23|          35|          16|
    |mul_ln1118_569_fu_1381_p2     |     *    |      2|  0|   23|          35|          18|
    |mul_ln1118_570_fu_1368_p2     |     *    |      2|  0|   23|          35|          17|
    |mul_ln1118_571_fu_1227_p2     |     *    |      2|  0|   23|          35|          18|
    |mul_ln1118_572_fu_1370_p2     |     *    |      2|  0|   23|          35|          20|
    |mul_ln1118_573_fu_1371_p2     |     *    |      2|  0|   23|          35|          16|
    |mul_ln1118_574_fu_1372_p2     |     *    |      2|  0|   23|          35|          19|
    |mul_ln1118_575_fu_1292_p2     |     *    |      2|  0|   23|          35|          19|
    |mul_ln1118_576_fu_1293_p2     |     *    |      2|  0|   23|          35|          15|
    |mul_ln1118_577_fu_1377_p2     |     *    |      2|  0|   23|          35|          20|
    |mul_ln1118_578_fu_1278_p2     |     *    |      2|  0|   23|          35|          14|
    |mul_ln1118_579_fu_1229_p2     |     *    |      2|  0|   23|          35|          18|
    |mul_ln1118_580_fu_1380_p2     |     *    |      2|  0|   23|          35|          17|
    |mul_ln1118_581_fu_1246_p2     |     *    |      2|  0|   23|          35|          16|
    |mul_ln1118_582_fu_1338_p2     |     *    |      2|  0|   23|          35|          18|
    |mul_ln1118_583_fu_1326_p2     |     *    |      2|  0|   23|          35|          16|
    |mul_ln1118_584_fu_1198_p2     |     *    |      2|  0|   23|          35|          16|
    |mul_ln1118_585_fu_1355_p2     |     *    |      2|  0|   23|          35|          13|
    |mul_ln1118_586_fu_1247_p2     |     *    |      2|  0|   23|          35|          17|
    |mul_ln1118_587_fu_1343_p2     |     *    |      2|  0|   23|          35|          19|
    |mul_ln1118_588_fu_1215_p2     |     *    |      2|  0|   23|          35|          19|
    |mul_ln1118_589_fu_1318_p2     |     *    |      2|  0|   23|          35|          18|
    |mul_ln1118_590_fu_1204_p2     |     *    |      2|  0|   23|          35|          18|
    |mul_ln1118_591_fu_1264_p2     |     *    |      2|  0|   23|          35|          17|
    |mul_ln1118_592_fu_1265_p2     |     *    |      2|  0|   23|          35|          18|
    |mul_ln1118_593_fu_1266_p2     |     *    |      2|  0|   23|          35|          20|
    |mul_ln1118_594_fu_1160_p2     |     *    |      2|  0|   23|          35|          19|
    |mul_ln1118_595_fu_1161_p2     |     *    |      2|  0|   23|          35|          17|
    |mul_ln1118_596_fu_1310_p2     |     *    |      2|  0|   23|          35|          18|
    |mul_ln1118_597_fu_1311_p2     |     *    |      2|  0|   23|          35|          17|
    |mul_ln1118_598_fu_1170_p2     |     *    |      2|  0|   23|          35|          12|
    |mul_ln1118_599_fu_1171_p2     |     *    |      2|  0|   23|          35|          12|
    |mul_ln1118_600_fu_1314_p2     |     *    |      2|  0|   23|          35|          18|
    |mul_ln1118_601_fu_1315_p2     |     *    |      2|  0|   23|          35|          20|
    |mul_ln1118_602_fu_1296_p2     |     *    |      2|  0|   23|          35|          20|
    |mul_ln1118_603_fu_1175_p2     |     *    |      2|  0|   23|          35|          20|
    |mul_ln1118_604_fu_1279_p2     |     *    |      2|  0|   23|          35|          18|
    |mul_ln1118_605_fu_1294_p2     |     *    |      2|  0|   23|          35|          20|
    |mul_ln1118_606_fu_1245_p2     |     *    |      2|  0|   23|          35|          20|
    |mul_ln1118_607_fu_1353_p2     |     *    |      2|  0|   23|          35|          16|
    |mul_ln1118_608_fu_1354_p2     |     *    |      2|  0|   23|          35|          19|
    |mul_ln1118_609_fu_1148_p2     |     *    |      2|  0|   23|          35|          19|
    |mul_ln1118_610_fu_1208_p2     |     *    |      2|  0|   23|          35|          19|
    |mul_ln1118_611_fu_1263_p2     |     *    |      2|  0|   23|          35|          17|
    |mul_ln1118_612_fu_1284_p2     |     *    |      2|  0|   23|          35|          19|
    |mul_ln1118_613_fu_1297_p2     |     *    |      2|  0|   23|          35|          20|
    |mul_ln1118_614_fu_1286_p2     |     *    |      2|  0|   23|          35|          19|
    |mul_ln1118_615_fu_1145_p2     |     *    |      2|  0|   23|          35|          19|
    |mul_ln1118_616_fu_1288_p2     |     *    |      2|  0|   23|          35|          19|
    |mul_ln1118_617_fu_1147_p2     |     *    |      2|  0|   23|          35|          19|
    |mul_ln1118_618_fu_1330_p2     |     *    |      2|  0|   23|          35|          17|
    |mul_ln1118_619_fu_1331_p2     |     *    |      2|  0|   23|          35|          16|
    |mul_ln1118_620_fu_1289_p2     |     *    |      2|  0|   23|          35|          18|
    |mul_ln1118_621_fu_1133_p2     |     *    |      2|  0|   23|          35|          19|
    |mul_ln1118_622_fu_1334_p2     |     *    |      2|  0|   23|          35|          18|
    |mul_ln1118_623_fu_1226_p2     |     *    |      2|  0|   23|          35|          18|
    |mul_ln1118_624_fu_1132_p2     |     *    |      2|  0|   23|          35|          19|
    |mul_ln1118_625_fu_1295_p2     |     *    |      2|  0|   23|          35|          15|
    |mul_ln1118_626_fu_1236_p2     |     *    |      2|  0|   23|          35|          20|
    |mul_ln1118_627_fu_1379_p2     |     *    |      2|  0|   23|          35|          19|
    |mul_ln1118_628_fu_1373_p2     |     *    |      2|  0|   23|          35|          19|
    |mul_ln1118_629_fu_1259_p2     |     *    |      2|  0|   23|          35|          20|
    |mul_ln1118_630_fu_1206_p2     |     *    |      2|  0|   23|          35|          17|
    |mul_ln1118_631_fu_1376_p2     |     *    |      2|  0|   23|          35|          18|
    |mul_ln1118_632_fu_1217_p2     |     *    |      2|  0|   23|          35|          20|
    |mul_ln1118_633_fu_1168_p2     |     *    |      2|  0|   23|          35|          19|
    |mul_ln1118_634_fu_1155_p2     |     *    |      2|  0|   23|          35|          17|
    |mul_ln1118_635_fu_1320_p2     |     *    |      2|  0|   23|          35|          18|
    |mul_ln1118_636_fu_1221_p2     |     *    |      2|  0|   23|          35|          19|
    |mul_ln1118_637_fu_1225_p2     |     *    |      2|  0|   23|          35|          17|
    |mul_ln1118_638_fu_1341_p2     |     *    |      2|  0|   23|          35|          18|
    |mul_ln1118_639_fu_1153_p2     |     *    |      2|  0|   23|          35|          18|
    |mul_ln1118_640_fu_1269_p2     |     *    |      2|  0|   23|          35|          20|
    |mul_ln1118_641_fu_1329_p2     |     *    |      2|  0|   23|          35|          18|
    |mul_ln1118_642_fu_1203_p2     |     *    |      2|  0|   23|          35|          19|
    |mul_ln1118_643_fu_1346_p2     |     *    |      2|  0|   23|          35|          18|
    |mul_ln1118_644_fu_1347_p2     |     *    |      2|  0|   23|          35|          19|
    |mul_ln1118_645_fu_1321_p2     |     *    |      2|  0|   23|          35|          20|
    |mul_ln1118_fu_1220_p2         |     *    |      2|  0|   23|          35|          19|
    |acc_10_V_fu_270817_p2         |     +    |      0|  0|   16|          35|          35|
    |acc_11_V_fu_270876_p2         |     +    |      0|  0|   16|          35|          35|
    |acc_12_V_fu_270949_p2         |     +    |      0|  0|   16|          35|          35|
    |acc_13_V_fu_271014_p2         |     +    |      0|  0|   16|          35|          35|
    |acc_14_V_fu_271091_p2         |     +    |      0|  0|   16|          35|          35|
    |acc_15_V_fu_271159_p2         |     +    |      0|  0|   16|          35|          35|
    |acc_1_V_fu_270147_p2          |     +    |      0|  0|   16|          35|          35|
    |acc_2_V_fu_270214_p2          |     +    |      0|  0|   16|          35|          35|
    |acc_3_V_fu_270287_p2          |     +    |      0|  0|   16|          35|          35|
    |acc_4_V_fu_270364_p2          |     +    |      0|  0|   16|          35|          35|
    |acc_5_V_fu_270431_p2          |     +    |      0|  0|   16|          35|          35|
    |acc_6_V_fu_270500_p2          |     +    |      0|  0|   16|          35|          35|
    |acc_7_V_fu_270592_p2          |     +    |      0|  0|   16|          35|          35|
    |acc_8_V_fu_270663_p2          |     +    |      0|  0|   16|          35|          35|
    |acc_9_V_fu_270748_p2          |     +    |      0|  0|   16|          35|          35|
    |add_ln703_400_fu_269209_p2    |     +    |      0|  0|   33|          33|          33|
    |add_ln703_401_fu_270004_p2    |     +    |      0|  0|   16|          35|          35|
    |add_ln703_402_fu_269215_p2    |     +    |      0|  0|   35|          35|          35|
    |add_ln703_403_fu_269221_p2    |     +    |      0|  0|   35|          35|          35|
    |add_ln703_404_fu_270010_p2    |     +    |      0|  0|   16|          35|          35|
    |add_ln703_405_fu_270014_p2    |     +    |      0|  0|   16|          35|          35|
    |add_ln703_406_fu_269227_p2    |     +    |      0|  0|   35|          35|          35|
    |add_ln703_407_fu_270020_p2    |     +    |      0|  0|   16|          35|          35|
    |add_ln703_408_fu_270026_p2    |     +    |      0|  0|   16|          35|          35|
    |add_ln703_409_fu_269233_p2    |     +    |      0|  0|   34|          34|          34|
    |add_ln703_410_fu_270034_p2    |     +    |      0|  0|   32|          32|          19|
    |add_ln703_411_fu_270044_p2    |     +    |      0|  0|   34|          34|          34|
    |add_ln703_412_fu_270054_p2    |     +    |      0|  0|   35|          35|          35|
    |add_ln703_413_fu_270060_p2    |     +    |      0|  0|   16|          35|          35|
    |add_ln703_414_fu_270066_p2    |     +    |      0|  0|   16|          35|          35|
    |add_ln703_415_fu_269239_p2    |     +    |      0|  0|   35|          35|          35|
    |add_ln703_416_fu_270072_p2    |     +    |      0|  0|   16|          35|          35|
    |add_ln703_417_fu_270078_p2    |     +    |      0|  0|   16|          35|          35|
    |add_ln703_418_fu_269245_p2    |     +    |      0|  0|   34|          34|          34|
    |add_ln703_419_fu_269251_p2    |     +    |      0|  0|   34|          34|          34|
    |add_ln703_420_fu_270089_p2    |     +    |      0|  0|   16|          35|          35|
    |add_ln703_421_fu_270095_p2    |     +    |      0|  0|   16|          35|          35|
    |add_ln703_422_fu_270101_p2    |     +    |      0|  0|   16|          35|          35|
    |add_ln703_423_fu_269257_p2    |     +    |      0|  0|   34|          34|          34|
    |add_ln703_424_fu_270110_p2    |     +    |      0|  0|   16|          35|          35|
    |add_ln703_425_fu_269263_p2    |     +    |      0|  0|   34|          34|          34|
    |add_ln703_426_fu_270119_p2    |     +    |      0|  0|   34|          34|          18|
    |add_ln703_427_fu_270129_p2    |     +    |      0|  0|   16|          35|          35|
    |add_ln703_428_fu_270135_p2    |     +    |      0|  0|   16|          35|          35|
    |add_ln703_429_fu_270141_p2    |     +    |      0|  0|   16|          35|          35|
    |add_ln703_431_fu_269269_p2    |     +    |      0|  0|   34|          34|          34|
    |add_ln703_432_fu_269275_p2    |     +    |      0|  0|   34|          34|          34|
    |add_ln703_433_fu_270159_p2    |     +    |      0|  0|   35|          35|          35|
    |add_ln703_434_fu_269281_p2    |     +    |      0|  0|   34|          34|          34|
    |add_ln703_435_fu_269287_p2    |     +    |      0|  0|   35|          35|          35|
    |add_ln703_436_fu_270168_p2    |     +    |      0|  0|   16|          35|          35|
    |add_ln703_437_fu_270173_p2    |     +    |      0|  0|   16|          35|          35|
    |add_ln703_438_fu_269293_p2    |     +    |      0|  0|   34|          34|          34|
    |add_ln703_439_fu_269299_p2    |     +    |      0|  0|   34|          34|          34|
    |add_ln703_440_fu_270185_p2    |     +    |      0|  0|   35|          35|          35|
    |add_ln703_441_fu_269305_p2    |     +    |      0|  0|   35|          35|          35|
    |add_ln703_442_fu_270191_p2    |     +    |      0|  0|   35|          35|          17|
    |add_ln703_443_fu_270197_p2    |     +    |      0|  0|   16|          35|          35|
    |add_ln703_444_fu_270203_p2    |     +    |      0|  0|   16|          35|          35|
    |add_ln703_445_fu_270208_p2    |     +    |      0|  0|   16|          35|          35|
    |add_ln703_447_fu_270220_p2    |     +    |      0|  0|   16|          35|          35|
    |add_ln703_448_fu_269311_p2    |     +    |      0|  0|   32|          32|          32|
    |add_ln703_449_fu_270229_p2    |     +    |      0|  0|   16|          35|          35|
    |add_ln703_450_fu_269317_p2    |     +    |      0|  0|   35|          35|          35|
    |add_ln703_451_fu_269323_p2    |     +    |      0|  0|   33|          33|          33|
    |add_ln703_452_fu_270238_p2    |     +    |      0|  0|   16|          35|          35|
    |add_ln703_453_fu_270243_p2    |     +    |      0|  0|   16|          35|          35|
    |add_ln703_454_fu_270249_p2    |     +    |      0|  0|   16|          35|          35|
    |add_ln703_455_fu_269329_p2    |     +    |      0|  0|   33|          33|          33|
    |add_ln703_456_fu_270258_p2    |     +    |      0|  0|   16|          35|          35|
    |add_ln703_457_fu_269335_p2    |     +    |      0|  0|   35|          35|          35|
    |add_ln703_458_fu_270264_p2    |     +    |      0|  0|   35|          35|          17|
    |add_ln703_459_fu_270270_p2    |     +    |      0|  0|   16|          35|          35|
    |add_ln703_460_fu_270276_p2    |     +    |      0|  0|   16|          35|          35|
    |add_ln703_461_fu_270281_p2    |     +    |      0|  0|   16|          35|          35|
    |add_ln703_463_fu_270293_p2    |     +    |      0|  0|   16|          35|          35|
    |add_ln703_464_fu_269341_p2    |     +    |      0|  0|   34|          34|          34|
    |add_ln703_465_fu_270302_p2    |     +    |      0|  0|   16|          35|          35|
    |add_ln703_466_fu_269347_p2    |     +    |      0|  0|   35|          35|          35|
    |add_ln703_467_fu_269353_p2    |     +    |      0|  0|   34|          34|          34|
    |add_ln703_468_fu_270311_p2    |     +    |      0|  0|   16|          35|          35|
    |add_ln703_469_fu_270316_p2    |     +    |      0|  0|   16|          35|          35|
    |add_ln703_470_fu_269359_p2    |     +    |      0|  0|   35|          35|          35|
    |add_ln703_471_fu_270322_p2    |     +    |      0|  0|   16|          35|          35|
    |add_ln703_472_fu_270328_p2    |     +    |      0|  0|   16|          35|          35|
    |add_ln703_473_fu_269365_p2    |     +    |      0|  0|   34|          34|          34|
    |add_ln703_474_fu_270336_p2    |     +    |      0|  0|   32|          32|          20|
    |add_ln703_475_fu_270346_p2    |     +    |      0|  0|   16|          35|          35|
    |add_ln703_476_fu_270352_p2    |     +    |      0|  0|   16|          35|          35|
    |add_ln703_477_fu_270358_p2    |     +    |      0|  0|   16|          35|          35|
    |add_ln703_479_fu_269371_p2    |     +    |      0|  0|   35|          35|          35|
    |add_ln703_480_fu_270370_p2    |     +    |      0|  0|   16|          35|          35|
    |add_ln703_481_fu_270376_p2    |     +    |      0|  0|   16|          35|          35|
    |add_ln703_482_fu_269377_p2    |     +    |      0|  0|   34|          34|          34|
    |add_ln703_483_fu_269383_p2    |     +    |      0|  0|   35|          35|          35|
    |add_ln703_484_fu_270384_p2    |     +    |      0|  0|   16|          35|          35|
    |add_ln703_485_fu_270389_p2    |     +    |      0|  0|   16|          35|          35|
    |add_ln703_486_fu_269389_p2    |     +    |      0|  0|   34|          34|          34|
    |add_ln703_487_fu_270398_p2    |     +    |      0|  0|   16|          35|          35|
    |add_ln703_488_fu_270404_p2    |     +    |      0|  0|   16|          35|          35|
    |add_ln703_489_fu_270410_p2    |     +    |      0|  0|   16|          35|          35|
    |add_ln703_490_fu_269395_p2    |     +    |      0|  0|   16|          34|          19|
    |add_ln703_491_fu_269401_p2    |     +    |      0|  0|   16|          34|          34|
    |add_ln703_492_fu_270419_p2    |     +    |      0|  0|   16|          35|          35|
    |add_ln703_493_fu_270425_p2    |     +    |      0|  0|   16|          35|          35|
    |add_ln703_495_fu_269407_p2    |     +    |      0|  0|   34|          34|          34|
    |add_ln703_496_fu_270440_p2    |     +    |      0|  0|   16|          35|          35|
    |add_ln703_497_fu_270446_p2    |     +    |      0|  0|   16|          35|          35|
    |add_ln703_498_fu_269413_p2    |     +    |      0|  0|   35|          35|          35|
    |add_ln703_499_fu_269419_p2    |     +    |      0|  0|   35|          35|          35|
    |add_ln703_500_fu_270452_p2    |     +    |      0|  0|   16|          35|          35|
    |add_ln703_501_fu_270456_p2    |     +    |      0|  0|   16|          35|          35|
    |add_ln703_502_fu_269425_p2    |     +    |      0|  0|   34|          34|          34|
    |add_ln703_503_fu_270465_p2    |     +    |      0|  0|   16|          35|          35|
    |add_ln703_504_fu_270471_p2    |     +    |      0|  0|   16|          35|          35|
    |add_ln703_505_fu_269431_p2    |     +    |      0|  0|   35|          35|          35|
    |add_ln703_506_fu_270477_p2    |     +    |      0|  0|   35|          35|          19|
    |add_ln703_507_fu_270483_p2    |     +    |      0|  0|   16|          35|          35|
    |add_ln703_508_fu_270489_p2    |     +    |      0|  0|   16|          35|          35|
    |add_ln703_509_fu_270494_p2    |     +    |      0|  0|   16|          35|          35|
    |add_ln703_511_fu_270506_p2    |     +    |      0|  0|   16|          35|          35|
    |add_ln703_512_fu_269437_p2    |     +    |      0|  0|   33|          33|          33|
    |add_ln703_513_fu_270515_p2    |     +    |      0|  0|   16|          35|          35|
    |add_ln703_514_fu_269443_p2    |     +    |      0|  0|   34|          34|          34|
    |add_ln703_515_fu_269449_p2    |     +    |      0|  0|   34|          34|          34|
    |add_ln703_516_fu_270527_p2    |     +    |      0|  0|   16|          35|          35|
    |add_ln703_517_fu_270533_p2    |     +    |      0|  0|   16|          35|          35|
    |add_ln703_518_fu_269455_p2    |     +    |      0|  0|   34|          34|          34|
    |add_ln703_519_fu_270542_p2    |     +    |      0|  0|   16|          35|          35|
    |add_ln703_520_fu_270548_p2    |     +    |      0|  0|   16|          35|          35|
    |add_ln703_521_fu_270554_p2    |     +    |      0|  0|   16|          35|          35|
    |add_ln703_522_fu_270560_p2    |     +    |      0|  0|   32|          32|          17|
    |add_ln703_523_fu_270570_p2    |     +    |      0|  0|   33|          33|          33|
    |add_ln703_524_fu_270580_p2    |     +    |      0|  0|   16|          35|          35|
    |add_ln703_525_fu_270586_p2    |     +    |      0|  0|   16|          35|          35|
    |add_ln703_527_fu_270598_p2    |     +    |      0|  0|   16|          35|          35|
    |add_ln703_528_fu_269461_p2    |     +    |      0|  0|   34|          34|          34|
    |add_ln703_529_fu_270607_p2    |     +    |      0|  0|   16|          35|          35|
    |add_ln703_530_fu_269467_p2    |     +    |      0|  0|   35|          35|          35|
    |add_ln703_531_fu_269473_p2    |     +    |      0|  0|   34|          34|          34|
    |add_ln703_532_fu_270616_p2    |     +    |      0|  0|   16|          35|          35|
    |add_ln703_533_fu_270621_p2    |     +    |      0|  0|   16|          35|          35|
    |add_ln703_534_fu_269479_p2    |     +    |      0|  0|   34|          34|          34|
    |add_ln703_535_fu_270630_p2    |     +    |      0|  0|   16|          35|          35|
    |add_ln703_536_fu_270636_p2    |     +    |      0|  0|   16|          35|          35|
    |add_ln703_537_fu_270642_p2    |     +    |      0|  0|   16|          35|          35|
    |add_ln703_538_fu_269485_p2    |     +    |      0|  0|   16|          34|          18|
    |add_ln703_539_fu_269491_p2    |     +    |      0|  0|   16|          34|          34|
    |add_ln703_540_fu_270651_p2    |     +    |      0|  0|   16|          35|          35|
    |add_ln703_541_fu_270657_p2    |     +    |      0|  0|   16|          35|          35|
    |add_ln703_543_fu_269497_p2    |     +    |      0|  0|   33|          33|          33|
    |add_ln703_544_fu_270672_p2    |     +    |      0|  0|   16|          35|          35|
    |add_ln703_545_fu_270678_p2    |     +    |      0|  0|   16|          35|          35|
    |add_ln703_546_fu_269503_p2    |     +    |      0|  0|   34|          34|          34|
    |add_ln703_547_fu_269509_p2    |     +    |      0|  0|   34|          34|          34|
    |add_ln703_548_fu_270690_p2    |     +    |      0|  0|   16|          35|          35|
    |add_ln703_549_fu_270696_p2    |     +    |      0|  0|   16|          35|          35|
    |add_ln703_550_fu_269515_p2    |     +    |      0|  0|   34|          34|          34|
    |add_ln703_551_fu_270705_p2    |     +    |      0|  0|   16|          35|          35|
    |add_ln703_552_fu_270711_p2    |     +    |      0|  0|   16|          35|          35|
    |add_ln703_553_fu_269521_p2    |     +    |      0|  0|   34|          34|          34|
    |add_ln703_554_fu_270720_p2    |     +    |      0|  0|   33|          33|          18|
    |add_ln703_555_fu_270730_p2    |     +    |      0|  0|   16|          35|          35|
    |add_ln703_556_fu_270736_p2    |     +    |      0|  0|   16|          35|          35|
    |add_ln703_557_fu_270742_p2    |     +    |      0|  0|   16|          35|          35|
    |add_ln703_559_fu_269527_p2    |     +    |      0|  0|   35|          35|          35|
    |add_ln703_560_fu_270754_p2    |     +    |      0|  0|   16|          35|          35|
    |add_ln703_561_fu_270760_p2    |     +    |      0|  0|   16|          35|          35|
    |add_ln703_562_fu_269533_p2    |     +    |      0|  0|   35|          35|          35|
    |add_ln703_563_fu_269539_p2    |     +    |      0|  0|   34|          34|          34|
    |add_ln703_564_fu_270768_p2    |     +    |      0|  0|   16|          35|          35|
    |add_ln703_565_fu_270773_p2    |     +    |      0|  0|   16|          35|          35|
    |add_ln703_566_fu_269545_p2    |     +    |      0|  0|   32|          32|          32|
    |add_ln703_567_fu_270782_p2    |     +    |      0|  0|   16|          35|          35|
    |add_ln703_568_fu_270788_p2    |     +    |      0|  0|   16|          35|          35|
    |add_ln703_569_fu_269551_p2    |     +    |      0|  0|   35|          35|          35|
    |add_ln703_570_fu_270794_p2    |     +    |      0|  0|   35|          35|          16|
    |add_ln703_571_fu_270800_p2    |     +    |      0|  0|   16|          35|          35|
    |add_ln703_572_fu_270806_p2    |     +    |      0|  0|   16|          35|          35|
    |add_ln703_573_fu_270811_p2    |     +    |      0|  0|   16|          35|          35|
    |add_ln703_575_fu_269557_p2    |     +    |      0|  0|   35|          35|          35|
    |add_ln703_576_fu_270823_p2    |     +    |      0|  0|   16|          35|          35|
    |add_ln703_577_fu_270828_p2    |     +    |      0|  0|   16|          35|          35|
    |add_ln703_578_fu_269563_p2    |     +    |      0|  0|   35|          35|          35|
    |add_ln703_579_fu_269569_p2    |     +    |      0|  0|   35|          35|          35|
    |add_ln703_580_fu_270833_p2    |     +    |      0|  0|   16|          35|          35|
    |add_ln703_581_fu_270837_p2    |     +    |      0|  0|   16|          35|          35|
    |add_ln703_582_fu_270843_p2    |     +    |      0|  0|   16|          35|          35|
    |add_ln703_583_fu_269575_p2    |     +    |      0|  0|   34|          34|          34|
    |add_ln703_584_fu_270852_p2    |     +    |      0|  0|   16|          35|          35|
    |add_ln703_585_fu_269581_p2    |     +    |      0|  0|   33|          33|          33|
    |add_ln703_586_fu_269587_p2    |     +    |      0|  0|   16|          34|          19|
    |add_ln703_587_fu_269593_p2    |     +    |      0|  0|   16|          34|          34|
    |add_ln703_588_fu_270864_p2    |     +    |      0|  0|   35|          35|          35|
    |add_ln703_589_fu_270870_p2    |     +    |      0|  0|   16|          35|          35|
    |add_ln703_591_fu_269599_p2    |     +    |      0|  0|   35|          35|          35|
    |add_ln703_592_fu_270882_p2    |     +    |      0|  0|   16|          35|          35|
    |add_ln703_593_fu_270888_p2    |     +    |      0|  0|   16|          35|          35|
    |add_ln703_594_fu_269605_p2    |     +    |      0|  0|   34|          34|          34|
    |add_ln703_595_fu_269611_p2    |     +    |      0|  0|   35|          35|          35|
    |add_ln703_596_fu_270896_p2    |     +    |      0|  0|   16|          35|          35|
    |add_ln703_597_fu_270901_p2    |     +    |      0|  0|   16|          35|          35|
    |add_ln703_598_fu_270907_p2    |     +    |      0|  0|   16|          35|          35|
    |add_ln703_599_fu_269617_p2    |     +    |      0|  0|   34|          34|          34|
    |add_ln703_600_fu_270916_p2    |     +    |      0|  0|   16|          35|          35|
    |add_ln703_601_fu_269623_p2    |     +    |      0|  0|   34|          34|          34|
    |add_ln703_602_fu_270925_p2    |     +    |      0|  0|   35|          35|          17|
    |add_ln703_603_fu_270931_p2    |     +    |      0|  0|   16|          35|          35|
    |add_ln703_604_fu_270937_p2    |     +    |      0|  0|   16|          35|          35|
    |add_ln703_605_fu_270943_p2    |     +    |      0|  0|   16|          35|          35|
    |add_ln703_607_fu_270955_p2    |     +    |      0|  0|   16|          35|          35|
    |add_ln703_608_fu_269629_p2    |     +    |      0|  0|   33|          33|          33|
    |add_ln703_609_fu_270964_p2    |     +    |      0|  0|   16|          35|          35|
    |add_ln703_610_fu_269635_p2    |     +    |      0|  0|   35|          35|          35|
    |add_ln703_611_fu_269641_p2    |     +    |      0|  0|   34|          34|          34|
    |add_ln703_612_fu_270973_p2    |     +    |      0|  0|   16|          35|          35|
    |add_ln703_613_fu_270978_p2    |     +    |      0|  0|   16|          35|          35|
    |add_ln703_614_fu_269647_p2    |     +    |      0|  0|   34|          34|          34|
    |add_ln703_615_fu_269653_p2    |     +    |      0|  0|   34|          34|          34|
    |add_ln703_616_fu_270990_p2    |     +    |      0|  0|   35|          35|          35|
    |add_ln703_617_fu_269659_p2    |     +    |      0|  0|   34|          34|          34|
    |add_ln703_618_fu_269665_p2    |     +    |      0|  0|   16|          34|          16|
    |add_ln703_619_fu_269671_p2    |     +    |      0|  0|   16|          34|          34|
    |add_ln703_620_fu_271002_p2    |     +    |      0|  0|   35|          35|          35|
    |add_ln703_621_fu_271008_p2    |     +    |      0|  0|   16|          35|          35|
    |add_ln703_623_fu_271020_p2    |     +    |      0|  0|   16|          35|          35|
    |add_ln703_624_fu_269677_p2    |     +    |      0|  0|   33|          33|          33|
    |add_ln703_625_fu_271029_p2    |     +    |      0|  0|   16|          35|          35|
    |add_ln703_626_fu_269683_p2    |     +    |      0|  0|   33|          33|          33|
    |add_ln703_627_fu_269689_p2    |     +    |      0|  0|   34|          34|          34|
    |add_ln703_628_fu_271041_p2    |     +    |      0|  0|   16|          35|          35|
    |add_ln703_629_fu_271047_p2    |     +    |      0|  0|   16|          35|          35|
    |add_ln703_630_fu_269695_p2    |     +    |      0|  0|   35|          35|          35|
    |add_ln703_631_fu_271053_p2    |     +    |      0|  0|   16|          35|          35|
    |add_ln703_632_fu_271059_p2    |     +    |      0|  0|   16|          35|          35|
    |add_ln703_633_fu_269701_p2    |     +    |      0|  0|   34|          34|          34|
    |add_ln703_634_fu_271067_p2    |     +    |      0|  0|   35|          35|          19|
    |add_ln703_635_fu_271073_p2    |     +    |      0|  0|   16|          35|          35|
    |add_ln703_636_fu_271079_p2    |     +    |      0|  0|   16|          35|          35|
    |add_ln703_637_fu_271085_p2    |     +    |      0|  0|   16|          35|          35|
    |add_ln703_639_fu_271097_p2    |     +    |      0|  0|   16|          35|          35|
    |add_ln703_640_fu_269707_p2    |     +    |      0|  0|   34|          34|          34|
    |add_ln703_641_fu_271106_p2    |     +    |      0|  0|   16|          35|          35|
    |add_ln703_642_fu_269713_p2    |     +    |      0|  0|   35|          35|          35|
    |add_ln703_643_fu_269719_p2    |     +    |      0|  0|   35|          35|          35|
    |add_ln703_644_fu_271112_p2    |     +    |      0|  0|   16|          35|          35|
    |add_ln703_645_fu_271116_p2    |     +    |      0|  0|   16|          35|          35|
    |add_ln703_646_fu_269725_p2    |     +    |      0|  0|   35|          35|          35|
    |add_ln703_647_fu_271122_p2    |     +    |      0|  0|   16|          35|          35|
    |add_ln703_648_fu_271127_p2    |     +    |      0|  0|   16|          35|          35|
    |add_ln703_649_fu_269731_p2    |     +    |      0|  0|   34|          34|          34|
    |add_ln703_650_fu_271135_p2    |     +    |      0|  0|   35|          35|          18|
    |add_ln703_651_fu_271141_p2    |     +    |      0|  0|   16|          35|          35|
    |add_ln703_652_fu_271147_p2    |     +    |      0|  0|   16|          35|          35|
    |add_ln703_653_fu_271153_p2    |     +    |      0|  0|   16|          35|          35|
    |add_ln703_fu_269995_p2        |     +    |      0|  0|   16|          35|          35|
    |acc_15_V_1_fu_271171_p3       |  select  |      0|  0|   35|           1|          35|
    |select_ln136_10_fu_271237_p3  |  select  |      0|  0|   35|           1|          35|
    |select_ln136_11_fu_271243_p3  |  select  |      0|  0|   35|           1|          35|
    |select_ln136_12_fu_271249_p3  |  select  |      0|  0|   35|           1|          35|
    |select_ln136_13_fu_271255_p3  |  select  |      0|  0|   35|           1|          35|
    |select_ln136_14_fu_271261_p3  |  select  |      0|  0|   35|           1|          35|
    |select_ln136_15_fu_271267_p3  |  select  |      0|  0|   35|           1|          35|
    |select_ln136_16_fu_271273_p3  |  select  |      0|  0|   35|           1|          35|
    |select_ln136_17_fu_271279_p3  |  select  |      0|  0|   35|           1|          35|
    |select_ln136_18_fu_271285_p3  |  select  |      0|  0|   35|           1|          35|
    |select_ln136_19_fu_271291_p3  |  select  |      0|  0|   35|           1|          35|
    |select_ln136_1_fu_271183_p3   |  select  |      0|  0|   35|           1|          35|
    |select_ln136_20_fu_271297_p3  |  select  |      0|  0|   35|           1|          35|
    |select_ln136_21_fu_271303_p3  |  select  |      0|  0|   35|           1|          35|
    |select_ln136_22_fu_271309_p3  |  select  |      0|  0|   35|           1|          35|
    |select_ln136_23_fu_271315_p3  |  select  |      0|  0|   35|           1|          35|
    |select_ln136_24_fu_271321_p3  |  select  |      0|  0|   35|           1|          35|
    |select_ln136_25_fu_271327_p3  |  select  |      0|  0|   35|           1|          35|
    |select_ln136_26_fu_271333_p3  |  select  |      0|  0|   35|           1|          35|
    |select_ln136_27_fu_271339_p3  |  select  |      0|  0|   35|           1|          35|
    |select_ln136_28_fu_271345_p3  |  select  |      0|  0|   35|           1|          35|
    |select_ln136_29_fu_271351_p3  |  select  |      0|  0|   35|           1|          35|
    |select_ln136_2_fu_271189_p3   |  select  |      0|  0|   35|           1|          35|
    |select_ln136_3_fu_271195_p3   |  select  |      0|  0|   35|           1|          35|
    |select_ln136_4_fu_271201_p3   |  select  |      0|  0|   35|           1|          35|
    |select_ln136_5_fu_271207_p3   |  select  |      0|  0|   35|           1|          35|
    |select_ln136_6_fu_271213_p3   |  select  |      0|  0|   35|           1|          35|
    |select_ln136_7_fu_271219_p3   |  select  |      0|  0|   35|           1|          35|
    |select_ln136_8_fu_271225_p3   |  select  |      0|  0|   35|           1|          35|
    |select_ln136_9_fu_271231_p3   |  select  |      0|  0|   35|           1|          35|
    |select_ln136_fu_271177_p3     |  select  |      0|  0|   35|           1|          35|
    |select_ln203_68_fu_265573_p3  |  select  |      0|  0|   35|           1|          35|
    |select_ln203_69_fu_265837_p3  |  select  |      0|  0|   35|           1|          35|
    |select_ln203_70_fu_266065_p3  |  select  |      0|  0|   35|           1|          35|
    |select_ln203_71_fu_266313_p3  |  select  |      0|  0|   35|           1|          35|
    |select_ln203_72_fu_266569_p3  |  select  |      0|  0|   35|           1|          35|
    |select_ln203_73_fu_266797_p3  |  select  |      0|  0|   35|           1|          35|
    |select_ln203_74_fu_267013_p3  |  select  |      0|  0|   35|           1|          35|
    |select_ln203_75_fu_267265_p3  |  select  |      0|  0|   35|           1|          35|
    |select_ln203_76_fu_267517_p3  |  select  |      0|  0|   35|           1|          35|
    |select_ln203_77_fu_267753_p3  |  select  |      0|  0|   35|           1|          35|
    |select_ln203_78_fu_268017_p3  |  select  |      0|  0|   35|           1|          35|
    |select_ln203_79_fu_268285_p3  |  select  |      0|  0|   35|           1|          35|
    |select_ln203_80_fu_268529_p3  |  select  |      0|  0|   35|           1|          35|
    |select_ln203_81_fu_268761_p3  |  select  |      0|  0|   35|           1|          35|
    |select_ln203_82_fu_268993_p3  |  select  |      0|  0|   35|           1|          35|
    |select_ln203_83_fu_271165_p3  |  select  |      0|  0|   35|           1|          35|
    |select_ln203_fu_265325_p3     |  select  |      0|  0|   35|           1|          35|
    +------------------------------+----------+-------+---+-----+------------+------------+
    |Total                         |          |    512|  0|13485|       17881|       14950|
    +------------------------------+----------+-------+---+-----+------------+------------+

    * Multiplexer: 
    +--------------+----+-----------+-----+-----------+
    |     Name     | LUT| Input Size| Bits| Total Bits|
    +--------------+----+-----------+-----+-----------+
    |ap_return_0   |   9|          2|   35|         70|
    |ap_return_1   |   9|          2|   35|         70|
    |ap_return_10  |   9|          2|   35|         70|
    |ap_return_11  |   9|          2|   35|         70|
    |ap_return_12  |   9|          2|   35|         70|
    |ap_return_13  |   9|          2|   35|         70|
    |ap_return_14  |   9|          2|   35|         70|
    |ap_return_15  |   9|          2|   35|         70|
    |ap_return_16  |   9|          2|   35|         70|
    |ap_return_17  |   9|          2|   35|         70|
    |ap_return_18  |   9|          2|   35|         70|
    |ap_return_19  |   9|          2|   35|         70|
    |ap_return_2   |   9|          2|   35|         70|
    |ap_return_20  |   9|          2|   35|         70|
    |ap_return_21  |   9|          2|   35|         70|
    |ap_return_22  |   9|          2|   35|         70|
    |ap_return_23  |   9|          2|   35|         70|
    |ap_return_24  |   9|          2|   35|         70|
    |ap_return_25  |   9|          2|   35|         70|
    |ap_return_26  |   9|          2|   35|         70|
    |ap_return_27  |   9|          2|   35|         70|
    |ap_return_28  |   9|          2|   35|         70|
    |ap_return_29  |   9|          2|   35|         70|
    |ap_return_3   |   9|          2|   35|         70|
    |ap_return_30  |   9|          2|   35|         70|
    |ap_return_31  |   9|          2|   35|         70|
    |ap_return_4   |   9|          2|   35|         70|
    |ap_return_5   |   9|          2|   35|         70|
    |ap_return_6   |   9|          2|   35|         70|
    |ap_return_7   |   9|          2|   35|         70|
    |ap_return_8   |   9|          2|   35|         70|
    |ap_return_9   |   9|          2|   35|         70|
    +--------------+----+-----------+-----+-----------+
    |Total         | 288|         64| 1120|       2240|
    +--------------+----+-----------+-----+-----------+

    * Register: 
    +------------------------------+----+----+-----+-----------+
    |             Name             | FF | LUT| Bits| Const Bits|
    +------------------------------+----+----+-----+-----------+
    |add_ln703_400_reg_272185      |  33|   0|   33|          0|
    |add_ln703_402_reg_272190      |  35|   0|   35|          0|
    |add_ln703_403_reg_272195      |  35|   0|   35|          0|
    |add_ln703_406_reg_272200      |  35|   0|   35|          0|
    |add_ln703_409_reg_272205      |  34|   0|   34|          0|
    |add_ln703_415_reg_272210      |  35|   0|   35|          0|
    |add_ln703_418_reg_272215      |  34|   0|   34|          0|
    |add_ln703_419_reg_272220      |  34|   0|   34|          0|
    |add_ln703_423_reg_272225      |  34|   0|   34|          0|
    |add_ln703_425_reg_272230      |  34|   0|   34|          0|
    |add_ln703_431_reg_272235      |  34|   0|   34|          0|
    |add_ln703_432_reg_272240      |  34|   0|   34|          0|
    |add_ln703_434_reg_272245      |  34|   0|   34|          0|
    |add_ln703_435_reg_272250      |  35|   0|   35|          0|
    |add_ln703_438_reg_272255      |  34|   0|   34|          0|
    |add_ln703_439_reg_272260      |  34|   0|   34|          0|
    |add_ln703_441_reg_272265      |  35|   0|   35|          0|
    |add_ln703_448_reg_272270      |  32|   0|   32|          0|
    |add_ln703_450_reg_272275      |  35|   0|   35|          0|
    |add_ln703_451_reg_272280      |  33|   0|   33|          0|
    |add_ln703_455_reg_272285      |  33|   0|   33|          0|
    |add_ln703_457_reg_272290      |  35|   0|   35|          0|
    |add_ln703_464_reg_272295      |  34|   0|   34|          0|
    |add_ln703_466_reg_272300      |  35|   0|   35|          0|
    |add_ln703_467_reg_272305      |  34|   0|   34|          0|
    |add_ln703_470_reg_272310      |  35|   0|   35|          0|
    |add_ln703_473_reg_272315      |  34|   0|   34|          0|
    |add_ln703_479_reg_272320      |  35|   0|   35|          0|
    |add_ln703_482_reg_272325      |  34|   0|   34|          0|
    |add_ln703_483_reg_272330      |  35|   0|   35|          0|
    |add_ln703_486_reg_272335      |  34|   0|   34|          0|
    |add_ln703_491_reg_272340      |  34|   0|   34|          0|
    |add_ln703_495_reg_272345      |  34|   0|   34|          0|
    |add_ln703_498_reg_272350      |  35|   0|   35|          0|
    |add_ln703_499_reg_272355      |  35|   0|   35|          0|
    |add_ln703_502_reg_272360      |  34|   0|   34|          0|
    |add_ln703_505_reg_272365      |  35|   0|   35|          0|
    |add_ln703_512_reg_272370      |  33|   0|   33|          0|
    |add_ln703_514_reg_272375      |  34|   0|   34|          0|
    |add_ln703_515_reg_272380      |  34|   0|   34|          0|
    |add_ln703_518_reg_272385      |  34|   0|   34|          0|
    |add_ln703_528_reg_272390      |  34|   0|   34|          0|
    |add_ln703_530_reg_272395      |  35|   0|   35|          0|
    |add_ln703_531_reg_272400      |  34|   0|   34|          0|
    |add_ln703_534_reg_272405      |  34|   0|   34|          0|
    |add_ln703_539_reg_272410      |  34|   0|   34|          0|
    |add_ln703_543_reg_272415      |  33|   0|   33|          0|
    |add_ln703_546_reg_272420      |  34|   0|   34|          0|
    |add_ln703_547_reg_272425      |  34|   0|   34|          0|
    |add_ln703_550_reg_272430      |  34|   0|   34|          0|
    |add_ln703_553_reg_272435      |  34|   0|   34|          0|
    |add_ln703_559_reg_272440      |  35|   0|   35|          0|
    |add_ln703_562_reg_272445      |  35|   0|   35|          0|
    |add_ln703_563_reg_272450      |  34|   0|   34|          0|
    |add_ln703_566_reg_272455      |  32|   0|   32|          0|
    |add_ln703_569_reg_272460      |  35|   0|   35|          0|
    |add_ln703_575_reg_272465      |  35|   0|   35|          0|
    |add_ln703_578_reg_272470      |  35|   0|   35|          0|
    |add_ln703_579_reg_272475      |  35|   0|   35|          0|
    |add_ln703_583_reg_272480      |  34|   0|   34|          0|
    |add_ln703_585_reg_272485      |  33|   0|   33|          0|
    |add_ln703_587_reg_272490      |  34|   0|   34|          0|
    |add_ln703_591_reg_272495      |  35|   0|   35|          0|
    |add_ln703_594_reg_272500      |  34|   0|   34|          0|
    |add_ln703_595_reg_272505      |  35|   0|   35|          0|
    |add_ln703_599_reg_272510      |  34|   0|   34|          0|
    |add_ln703_601_reg_272515      |  34|   0|   34|          0|
    |add_ln703_608_reg_272520      |  33|   0|   33|          0|
    |add_ln703_610_reg_272525      |  35|   0|   35|          0|
    |add_ln703_611_reg_272530      |  34|   0|   34|          0|
    |add_ln703_614_reg_272535      |  34|   0|   34|          0|
    |add_ln703_615_reg_272540      |  34|   0|   34|          0|
    |add_ln703_617_reg_272545      |  34|   0|   34|          0|
    |add_ln703_619_reg_272550      |  34|   0|   34|          0|
    |add_ln703_624_reg_272555      |  33|   0|   33|          0|
    |add_ln703_626_reg_272560      |  33|   0|   33|          0|
    |add_ln703_627_reg_272565      |  34|   0|   34|          0|
    |add_ln703_630_reg_272570      |  35|   0|   35|          0|
    |add_ln703_633_reg_272575      |  34|   0|   34|          0|
    |add_ln703_640_reg_272580      |  34|   0|   34|          0|
    |add_ln703_642_reg_272585      |  35|   0|   35|          0|
    |add_ln703_643_reg_272590      |  35|   0|   35|          0|
    |add_ln703_646_reg_272595      |  35|   0|   35|          0|
    |add_ln703_649_reg_272600      |  34|   0|   34|          0|
    |ap_ce_reg                     |   1|   0|    1|          0|
    |ap_return_0_int_reg           |  35|   0|   35|          0|
    |ap_return_10_int_reg          |  35|   0|   35|          0|
    |ap_return_11_int_reg          |  35|   0|   35|          0|
    |ap_return_12_int_reg          |  35|   0|   35|          0|
    |ap_return_13_int_reg          |  35|   0|   35|          0|
    |ap_return_14_int_reg          |  35|   0|   35|          0|
    |ap_return_15_int_reg          |  35|   0|   35|          0|
    |ap_return_16_int_reg          |  35|   0|   35|          0|
    |ap_return_17_int_reg          |  35|   0|   35|          0|
    |ap_return_18_int_reg          |  35|   0|   35|          0|
    |ap_return_19_int_reg          |  35|   0|   35|          0|
    |ap_return_1_int_reg           |  35|   0|   35|          0|
    |ap_return_20_int_reg          |  35|   0|   35|          0|
    |ap_return_21_int_reg          |  35|   0|   35|          0|
    |ap_return_22_int_reg          |  35|   0|   35|          0|
    |ap_return_23_int_reg          |  35|   0|   35|          0|
    |ap_return_24_int_reg          |  35|   0|   35|          0|
    |ap_return_25_int_reg          |  35|   0|   35|          0|
    |ap_return_26_int_reg          |  35|   0|   35|          0|
    |ap_return_27_int_reg          |  35|   0|   35|          0|
    |ap_return_28_int_reg          |  35|   0|   35|          0|
    |ap_return_29_int_reg          |  35|   0|   35|          0|
    |ap_return_2_int_reg           |  35|   0|   35|          0|
    |ap_return_30_int_reg          |  35|   0|   35|          0|
    |ap_return_31_int_reg          |  35|   0|   35|          0|
    |ap_return_3_int_reg           |  35|   0|   35|          0|
    |ap_return_4_int_reg           |  35|   0|   35|          0|
    |ap_return_5_int_reg           |  35|   0|   35|          0|
    |ap_return_6_int_reg           |  35|   0|   35|          0|
    |ap_return_7_int_reg           |  35|   0|   35|          0|
    |ap_return_8_int_reg           |  35|   0|   35|          0|
    |ap_return_9_int_reg           |  35|   0|   35|          0|
    |mult_203_V_reg_272035         |  35|   0|   35|          0|
    |mult_47_V_reg_271810          |  35|   0|   35|          0|
    |p_read_10_reg_271630          |  35|   0|   35|          0|
    |p_read_11_reg_271635          |  35|   0|   35|          0|
    |p_read_12_reg_271640          |  35|   0|   35|          0|
    |p_read_13_reg_271645          |  35|   0|   35|          0|
    |p_read_14_reg_271650          |  35|   0|   35|          0|
    |p_read_15_reg_271655          |  35|   0|   35|          0|
    |p_read_16_reg_271660          |  35|   0|   35|          0|
    |p_read_17_reg_271665          |  35|   0|   35|          0|
    |p_read_18_reg_271670          |  35|   0|   35|          0|
    |p_read_19_reg_271675          |  35|   0|   35|          0|
    |p_read_1_reg_271585           |  35|   0|   35|          0|
    |p_read_20_reg_271680          |  35|   0|   35|          0|
    |p_read_21_reg_271685          |  35|   0|   35|          0|
    |p_read_22_reg_271690          |  35|   0|   35|          0|
    |p_read_23_reg_271695          |  35|   0|   35|          0|
    |p_read_24_reg_271700          |  35|   0|   35|          0|
    |p_read_25_reg_271705          |  35|   0|   35|          0|
    |p_read_26_reg_271710          |  35|   0|   35|          0|
    |p_read_27_reg_271715          |  35|   0|   35|          0|
    |p_read_28_reg_271720          |  35|   0|   35|          0|
    |p_read_29_reg_271725          |  35|   0|   35|          0|
    |p_read_2_reg_271590           |  35|   0|   35|          0|
    |p_read_30_reg_271730          |  35|   0|   35|          0|
    |p_read_31_reg_271735          |  35|   0|   35|          0|
    |p_read_32_reg_271740          |  35|   0|   35|          0|
    |p_read_3_reg_271595           |  35|   0|   35|          0|
    |p_read_4_reg_271600           |  35|   0|   35|          0|
    |p_read_5_reg_271605           |  35|   0|   35|          0|
    |p_read_6_reg_271610           |  35|   0|   35|          0|
    |p_read_7_reg_271615           |  35|   0|   35|          0|
    |p_read_8_reg_271620           |  35|   0|   35|          0|
    |p_read_9_reg_271625           |  35|   0|   35|          0|
    |res_V_offset_read_reg_271549  |   1|   0|    1|          0|
    |tmp_247_reg_271900            |  33|   0|   33|          0|
    |tmp_249_reg_271930            |  32|   0|   32|          0|
    |tmp_309_reg_272125            |  31|   0|   31|          0|
    |tmp_310_reg_272130            |  33|   0|   33|          0|
    |tmp_311_reg_272145            |  31|   0|   31|          0|
    |tmp_313_reg_272155            |  31|   0|   31|          0|
    |tmp_315_reg_272160            |  32|   0|   32|          0|
    |trunc_ln708_147_reg_271750    |  31|   0|   31|          0|
    |trunc_ln708_149_reg_271755    |  34|   0|   34|          0|
    |trunc_ln708_150_reg_271760    |  34|   0|   34|          0|
    |trunc_ln708_160_reg_271765    |  33|   0|   33|          0|
    |trunc_ln708_161_reg_271770    |  31|   0|   31|          0|
    |trunc_ln708_162_reg_271775    |  31|   0|   31|          0|
    |trunc_ln708_163_reg_271780    |  34|   0|   34|          0|
    |trunc_ln708_164_reg_271785    |  33|   0|   33|          0|
    |trunc_ln708_165_reg_271790    |  32|   0|   32|          0|
    |trunc_ln708_166_reg_271795    |  33|   0|   33|          0|
    |trunc_ln708_167_reg_271800    |  33|   0|   33|          0|
    |trunc_ln708_168_reg_271805    |  34|   0|   34|          0|
    |trunc_ln708_169_reg_271815    |  33|   0|   33|          0|
    |trunc_ln708_170_reg_271820    |  34|   0|   34|          0|
    |trunc_ln708_172_reg_271825    |  32|   0|   32|          0|
    |trunc_ln708_173_reg_271830    |  33|   0|   33|          0|
    |trunc_ln708_178_reg_271835    |  33|   0|   33|          0|
    |trunc_ln708_180_reg_271840    |  32|   0|   32|          0|
    |trunc_ln708_181_reg_271845    |  34|   0|   34|          0|
    |trunc_ln708_183_reg_271850    |  34|   0|   34|          0|
    |trunc_ln708_184_reg_271855    |  34|   0|   34|          0|
    |trunc_ln708_185_reg_271860    |  34|   0|   34|          0|
    |trunc_ln708_186_reg_271865    |  32|   0|   32|          0|
    |trunc_ln708_187_reg_271870    |  34|   0|   34|          0|
    |trunc_ln708_188_reg_271875    |  34|   0|   34|          0|
    |trunc_ln708_189_reg_271880    |  34|   0|   34|          0|
    |trunc_ln708_190_reg_271885    |  34|   0|   34|          0|
    |trunc_ln708_191_reg_271890    |  33|   0|   33|          0|
    |trunc_ln708_192_reg_271895    |  33|   0|   33|          0|
    |trunc_ln708_193_reg_271905    |  33|   0|   33|          0|
    |trunc_ln708_194_reg_271910    |  34|   0|   34|          0|
    |trunc_ln708_195_reg_271915    |  34|   0|   34|          0|
    |trunc_ln708_196_reg_271920    |  34|   0|   34|          0|
    |trunc_ln708_197_reg_271925    |  34|   0|   34|          0|
    |trunc_ln708_198_reg_271935    |  34|   0|   34|          0|
    |trunc_ln708_199_reg_271940    |  34|   0|   34|          0|
    |trunc_ln708_200_reg_271945    |  32|   0|   32|          0|
    |trunc_ln708_201_reg_271950    |  32|   0|   32|          0|
    |trunc_ln708_202_reg_271955    |  32|   0|   32|          0|
    |trunc_ln708_205_reg_271960    |  34|   0|   34|          0|
    |trunc_ln708_207_reg_271965    |  34|   0|   34|          0|
    |trunc_ln708_208_reg_271970    |  32|   0|   32|          0|
    |trunc_ln708_215_reg_271975    |  34|   0|   34|          0|
    |trunc_ln708_216_reg_271980    |  33|   0|   33|          0|
    |trunc_ln708_217_reg_271985    |  32|   0|   32|          0|
    |trunc_ln708_218_reg_271990    |  34|   0|   34|          0|
    |trunc_ln708_219_reg_271995    |  34|   0|   34|          0|
    |trunc_ln708_220_reg_272000    |  34|   0|   34|          0|
    |trunc_ln708_221_reg_272005    |  34|   0|   34|          0|
    |trunc_ln708_237_reg_272010    |  31|   0|   31|          0|
    |trunc_ln708_238_reg_272015    |  34|   0|   34|          0|
    |trunc_ln708_239_reg_272020    |  34|   0|   34|          0|
    |trunc_ln708_240_reg_272025    |  31|   0|   31|          0|
    |trunc_ln708_241_reg_272030    |  33|   0|   33|          0|
    |trunc_ln708_242_reg_272040    |  34|   0|   34|          0|
    |trunc_ln708_243_reg_272045    |  28|   0|   28|          0|
    |trunc_ln708_245_reg_272050    |  34|   0|   34|          0|
    |trunc_ln708_246_reg_272055    |  34|   0|   34|          0|
    |trunc_ln708_248_reg_272060    |  34|   0|   34|          0|
    |trunc_ln708_249_reg_272065    |  34|   0|   34|          0|
    |trunc_ln708_253_reg_272070    |  31|   0|   31|          0|
    |trunc_ln708_254_reg_272075    |  33|   0|   33|          0|
    |trunc_ln708_255_reg_272080    |  34|   0|   34|          0|
    |trunc_ln708_256_reg_272085    |  34|   0|   34|          0|
    |trunc_ln708_258_reg_272090    |  34|   0|   34|          0|
    |trunc_ln708_259_reg_272095    |  32|   0|   32|          0|
    |trunc_ln708_261_reg_272100    |  33|   0|   33|          0|
    |trunc_ln708_262_reg_272105    |  32|   0|   32|          0|
    |trunc_ln708_266_reg_272110    |  34|   0|   34|          0|
    |trunc_ln708_267_reg_272115    |  34|   0|   34|          0|
    |trunc_ln708_268_reg_272120    |  34|   0|   34|          0|
    |trunc_ln708_269_reg_272135    |  34|   0|   34|          0|
    |trunc_ln708_270_reg_272140    |  34|   0|   34|          0|
    |trunc_ln708_271_reg_272150    |  34|   0|   34|          0|
    |trunc_ln708_272_reg_272165    |  34|   0|   34|          0|
    |trunc_ln708_273_reg_272170    |  34|   0|   34|          0|
    |trunc_ln708_274_reg_272175    |  34|   0|   34|          0|
    |trunc_ln708_275_reg_272180    |  34|   0|   34|          0|
    |trunc_ln708_s_reg_271745      |  34|   0|   34|          0|
    +------------------------------+----+----+-----+-----------+
    |Total                         |8033|   0| 8033|          0|
    +------------------------------+----+----+-----+-----------+



================================================================
== Interface
================================================================
* Summary: 
+---------------+-----+-----+------------+---------------------------------------------------+--------------+
|   RTL Ports   | Dir | Bits|  Protocol  |                   Source Object                   |    C Type    |
+---------------+-----+-----+------------+---------------------------------------------------+--------------+
|ap_clk         |  in |    1| ap_ctrl_hs | dense_latency.0.0.0.0.0.0.0.0.0.0.0.0.0.0.0.0.0.1 | return value |
|ap_rst         |  in |    1| ap_ctrl_hs | dense_latency.0.0.0.0.0.0.0.0.0.0.0.0.0.0.0.0.0.1 | return value |
|ap_return_0    | out |   35| ap_ctrl_hs | dense_latency.0.0.0.0.0.0.0.0.0.0.0.0.0.0.0.0.0.1 | return value |
|ap_return_1    | out |   35| ap_ctrl_hs | dense_latency.0.0.0.0.0.0.0.0.0.0.0.0.0.0.0.0.0.1 | return value |
|ap_return_2    | out |   35| ap_ctrl_hs | dense_latency.0.0.0.0.0.0.0.0.0.0.0.0.0.0.0.0.0.1 | return value |
|ap_return_3    | out |   35| ap_ctrl_hs | dense_latency.0.0.0.0.0.0.0.0.0.0.0.0.0.0.0.0.0.1 | return value |
|ap_return_4    | out |   35| ap_ctrl_hs | dense_latency.0.0.0.0.0.0.0.0.0.0.0.0.0.0.0.0.0.1 | return value |
|ap_return_5    | out |   35| ap_ctrl_hs | dense_latency.0.0.0.0.0.0.0.0.0.0.0.0.0.0.0.0.0.1 | return value |
|ap_return_6    | out |   35| ap_ctrl_hs | dense_latency.0.0.0.0.0.0.0.0.0.0.0.0.0.0.0.0.0.1 | return value |
|ap_return_7    | out |   35| ap_ctrl_hs | dense_latency.0.0.0.0.0.0.0.0.0.0.0.0.0.0.0.0.0.1 | return value |
|ap_return_8    | out |   35| ap_ctrl_hs | dense_latency.0.0.0.0.0.0.0.0.0.0.0.0.0.0.0.0.0.1 | return value |
|ap_return_9    | out |   35| ap_ctrl_hs | dense_latency.0.0.0.0.0.0.0.0.0.0.0.0.0.0.0.0.0.1 | return value |
|ap_return_10   | out |   35| ap_ctrl_hs | dense_latency.0.0.0.0.0.0.0.0.0.0.0.0.0.0.0.0.0.1 | return value |
|ap_return_11   | out |   35| ap_ctrl_hs | dense_latency.0.0.0.0.0.0.0.0.0.0.0.0.0.0.0.0.0.1 | return value |
|ap_return_12   | out |   35| ap_ctrl_hs | dense_latency.0.0.0.0.0.0.0.0.0.0.0.0.0.0.0.0.0.1 | return value |
|ap_return_13   | out |   35| ap_ctrl_hs | dense_latency.0.0.0.0.0.0.0.0.0.0.0.0.0.0.0.0.0.1 | return value |
|ap_return_14   | out |   35| ap_ctrl_hs | dense_latency.0.0.0.0.0.0.0.0.0.0.0.0.0.0.0.0.0.1 | return value |
|ap_return_15   | out |   35| ap_ctrl_hs | dense_latency.0.0.0.0.0.0.0.0.0.0.0.0.0.0.0.0.0.1 | return value |
|ap_return_16   | out |   35| ap_ctrl_hs | dense_latency.0.0.0.0.0.0.0.0.0.0.0.0.0.0.0.0.0.1 | return value |
|ap_return_17   | out |   35| ap_ctrl_hs | dense_latency.0.0.0.0.0.0.0.0.0.0.0.0.0.0.0.0.0.1 | return value |
|ap_return_18   | out |   35| ap_ctrl_hs | dense_latency.0.0.0.0.0.0.0.0.0.0.0.0.0.0.0.0.0.1 | return value |
|ap_return_19   | out |   35| ap_ctrl_hs | dense_latency.0.0.0.0.0.0.0.0.0.0.0.0.0.0.0.0.0.1 | return value |
|ap_return_20   | out |   35| ap_ctrl_hs | dense_latency.0.0.0.0.0.0.0.0.0.0.0.0.0.0.0.0.0.1 | return value |
|ap_return_21   | out |   35| ap_ctrl_hs | dense_latency.0.0.0.0.0.0.0.0.0.0.0.0.0.0.0.0.0.1 | return value |
|ap_return_22   | out |   35| ap_ctrl_hs | dense_latency.0.0.0.0.0.0.0.0.0.0.0.0.0.0.0.0.0.1 | return value |
|ap_return_23   | out |   35| ap_ctrl_hs | dense_latency.0.0.0.0.0.0.0.0.0.0.0.0.0.0.0.0.0.1 | return value |
|ap_return_24   | out |   35| ap_ctrl_hs | dense_latency.0.0.0.0.0.0.0.0.0.0.0.0.0.0.0.0.0.1 | return value |
|ap_return_25   | out |   35| ap_ctrl_hs | dense_latency.0.0.0.0.0.0.0.0.0.0.0.0.0.0.0.0.0.1 | return value |
|ap_return_26   | out |   35| ap_ctrl_hs | dense_latency.0.0.0.0.0.0.0.0.0.0.0.0.0.0.0.0.0.1 | return value |
|ap_return_27   | out |   35| ap_ctrl_hs | dense_latency.0.0.0.0.0.0.0.0.0.0.0.0.0.0.0.0.0.1 | return value |
|ap_return_28   | out |   35| ap_ctrl_hs | dense_latency.0.0.0.0.0.0.0.0.0.0.0.0.0.0.0.0.0.1 | return value |
|ap_return_29   | out |   35| ap_ctrl_hs | dense_latency.0.0.0.0.0.0.0.0.0.0.0.0.0.0.0.0.0.1 | return value |
|ap_return_30   | out |   35| ap_ctrl_hs | dense_latency.0.0.0.0.0.0.0.0.0.0.0.0.0.0.0.0.0.1 | return value |
|ap_return_31   | out |   35| ap_ctrl_hs | dense_latency.0.0.0.0.0.0.0.0.0.0.0.0.0.0.0.0.0.1 | return value |
|ap_ce          |  in |    1| ap_ctrl_hs | dense_latency.0.0.0.0.0.0.0.0.0.0.0.0.0.0.0.0.0.1 | return value |
|p_read         |  in |   35|   ap_none  |                       p_read                      |    scalar    |
|p_read1        |  in |   35|   ap_none  |                      p_read1                      |    scalar    |
|p_read2        |  in |   35|   ap_none  |                      p_read2                      |    scalar    |
|p_read3        |  in |   35|   ap_none  |                      p_read3                      |    scalar    |
|p_read4        |  in |   35|   ap_none  |                      p_read4                      |    scalar    |
|p_read5        |  in |   35|   ap_none  |                      p_read5                      |    scalar    |
|p_read6        |  in |   35|   ap_none  |                      p_read6                      |    scalar    |
|p_read7        |  in |   35|   ap_none  |                      p_read7                      |    scalar    |
|p_read8        |  in |   35|   ap_none  |                      p_read8                      |    scalar    |
|p_read9        |  in |   35|   ap_none  |                      p_read9                      |    scalar    |
|p_read10       |  in |   35|   ap_none  |                      p_read10                     |    scalar    |
|p_read11       |  in |   35|   ap_none  |                      p_read11                     |    scalar    |
|p_read12       |  in |   35|   ap_none  |                      p_read12                     |    scalar    |
|p_read13       |  in |   35|   ap_none  |                      p_read13                     |    scalar    |
|p_read14       |  in |   35|   ap_none  |                      p_read14                     |    scalar    |
|p_read15       |  in |   35|   ap_none  |                      p_read15                     |    scalar    |
|p_read16       |  in |   35|   ap_none  |                      p_read16                     |    scalar    |
|p_read17       |  in |   35|   ap_none  |                      p_read17                     |    scalar    |
|p_read18       |  in |   35|   ap_none  |                      p_read18                     |    scalar    |
|p_read19       |  in |   35|   ap_none  |                      p_read19                     |    scalar    |
|p_read20       |  in |   35|   ap_none  |                      p_read20                     |    scalar    |
|p_read21       |  in |   35|   ap_none  |                      p_read21                     |    scalar    |
|p_read22       |  in |   35|   ap_none  |                      p_read22                     |    scalar    |
|p_read23       |  in |   35|   ap_none  |                      p_read23                     |    scalar    |
|p_read24       |  in |   35|   ap_none  |                      p_read24                     |    scalar    |
|p_read25       |  in |   35|   ap_none  |                      p_read25                     |    scalar    |
|p_read26       |  in |   35|   ap_none  |                      p_read26                     |    scalar    |
|p_read27       |  in |   35|   ap_none  |                      p_read27                     |    scalar    |
|p_read28       |  in |   35|   ap_none  |                      p_read28                     |    scalar    |
|p_read29       |  in |   35|   ap_none  |                      p_read29                     |    scalar    |
|p_read30       |  in |   35|   ap_none  |                      p_read30                     |    scalar    |
|p_read31       |  in |   35|   ap_none  |                      p_read31                     |    scalar    |
|data_V_offset  |  in |    1|   ap_none  |                   data_V_offset                   |    scalar    |
|p_read32       |  in |   35|   ap_none  |                      p_read32                     |    scalar    |
|p_read33       |  in |   35|   ap_none  |                      p_read33                     |    scalar    |
|p_read34       |  in |   35|   ap_none  |                      p_read34                     |    scalar    |
|p_read35       |  in |   35|   ap_none  |                      p_read35                     |    scalar    |
|p_read36       |  in |   35|   ap_none  |                      p_read36                     |    scalar    |
|p_read37       |  in |   35|   ap_none  |                      p_read37                     |    scalar    |
|p_read38       |  in |   35|   ap_none  |                      p_read38                     |    scalar    |
|p_read39       |  in |   35|   ap_none  |                      p_read39                     |    scalar    |
|p_read40       |  in |   35|   ap_none  |                      p_read40                     |    scalar    |
|p_read41       |  in |   35|   ap_none  |                      p_read41                     |    scalar    |
|p_read42       |  in |   35|   ap_none  |                      p_read42                     |    scalar    |
|p_read43       |  in |   35|   ap_none  |                      p_read43                     |    scalar    |
|p_read44       |  in |   35|   ap_none  |                      p_read44                     |    scalar    |
|p_read45       |  in |   35|   ap_none  |                      p_read45                     |    scalar    |
|p_read46       |  in |   35|   ap_none  |                      p_read46                     |    scalar    |
|p_read47       |  in |   35|   ap_none  |                      p_read47                     |    scalar    |
|p_read48       |  in |   35|   ap_none  |                      p_read48                     |    scalar    |
|p_read49       |  in |   35|   ap_none  |                      p_read49                     |    scalar    |
|p_read50       |  in |   35|   ap_none  |                      p_read50                     |    scalar    |
|p_read51       |  in |   35|   ap_none  |                      p_read51                     |    scalar    |
|p_read52       |  in |   35|   ap_none  |                      p_read52                     |    scalar    |
|p_read53       |  in |   35|   ap_none  |                      p_read53                     |    scalar    |
|p_read54       |  in |   35|   ap_none  |                      p_read54                     |    scalar    |
|p_read55       |  in |   35|   ap_none  |                      p_read55                     |    scalar    |
|p_read56       |  in |   35|   ap_none  |                      p_read56                     |    scalar    |
|p_read57       |  in |   35|   ap_none  |                      p_read57                     |    scalar    |
|p_read58       |  in |   35|   ap_none  |                      p_read58                     |    scalar    |
|p_read59       |  in |   35|   ap_none  |                      p_read59                     |    scalar    |
|p_read60       |  in |   35|   ap_none  |                      p_read60                     |    scalar    |
|p_read61       |  in |   35|   ap_none  |                      p_read61                     |    scalar    |
|p_read62       |  in |   35|   ap_none  |                      p_read62                     |    scalar    |
|p_read63       |  in |   35|   ap_none  |                      p_read63                     |    scalar    |
|res_V_offset   |  in |    1|   ap_none  |                    res_V_offset                   |    scalar    |
+---------------+-----+-----+------------+---------------------------------------------------+--------------+

