

================================================================
== Vivado HLS Report for 'p_fill_n_a_ap_fixed_unsigned_long_double_s'
================================================================
* Date:           Thu Apr 21 05:24:00 2022

* Version:        2019.2 (Build 2704478 on Wed Nov 06 22:10:23 MST 2019)
* Project:        myproject_prj
* Solution:       solution1
* Product family: virtexuplus
* Target device:  xcu250-figd2104-2L-e


================================================================
== Performance Estimates
================================================================
+ Timing: 
    * Summary: 
    +--------+---------+----------+------------+
    |  Clock |  Target | Estimated| Uncertainty|
    +--------+---------+----------+------------+
    |ap_clk  | 5.00 ns | 0.619 ns |   0.62 ns  |
    +--------+---------+----------+------------+

+ Latency: 
    * Summary: 
    +---------+---------+----------+----------+-----+-----+---------+
    |  Latency (cycles) |  Latency (absolute) |  Interval | Pipeline|
    |   min   |   max   |    min   |    max   | min | max |   Type  |
    +---------+---------+----------+----------+-----+-----+---------+
    |       49|       49| 0.245 us | 0.245 us |   49|   49|   none  |
    +---------+---------+----------+----------+-----+-----+---------+

    + Detail: 
        * Instance: 
        N/A

        * Loop: 
        +----------+---------+---------+----------+-----------+-----------+------+----------+
        |          |  Latency (cycles) | Iteration|  Initiation Interval  | Trip |          |
        | Loop Name|   min   |   max   |  Latency |  achieved |   target  | Count| Pipelined|
        +----------+---------+---------+----------+-----------+-----------+------+----------+
        |- Loop 1  |       48|       48|         1|          -|          -|    48|    no    |
        +----------+---------+---------+----------+-----------+-----------+------+----------+



================================================================
== Utilization Estimates
================================================================
* Summary: 
+---------------------+---------+-------+---------+---------+------+
|         Name        | BRAM_18K| DSP48E|    FF   |   LUT   | URAM |
+---------------------+---------+-------+---------+---------+------+
|DSP                  |        -|      -|        -|        -|     -|
|Expression           |        -|      -|        0|       23|     -|
|FIFO                 |        -|      -|        -|        -|     -|
|Instance             |        -|      -|        -|        -|     -|
|Memory               |        -|      -|        -|        -|     -|
|Multiplexer          |        -|      -|        -|       33|     -|
|Register             |        -|      -|       14|        -|     -|
+---------------------+---------+-------+---------+---------+------+
|Total                |        0|      0|       14|       56|     0|
+---------------------+---------+-------+---------+---------+------+
|Available SLR        |     1344|   3072|   864000|   432000|   320|
+---------------------+---------+-------+---------+---------+------+
|Utilization SLR (%)  |        0|      0|    ~0   |    ~0   |     0|
+---------------------+---------+-------+---------+---------+------+
|Available            |     5376|  12288|  3456000|  1728000|  1280|
+---------------------+---------+-------+---------+---------+------+
|Utilization (%)      |        0|      0|    ~0   |    ~0   |     0|
+---------------------+---------+-------+---------+---------+------+

+ Detail: 
    * Instance: 
    N/A

    * DSP48E: 
    N/A

    * Memory: 
    N/A

    * FIFO: 
    N/A

    * Expression: 
    +----------------------+----------+-------+---+----+------------+------------+
    |     Variable Name    | Operation| DSP48E| FF| LUT| Bitwidth P0| Bitwidth P1|
    +----------------------+----------+-------+---+----+------------+------------+
    |add_ln744_fu_328_p2   |     +    |      0|  0|   6|           6|           1|
    |p_niter_fu_574_p2     |     +    |      0|  0|   6|           6|           2|
    |icmp_ln743_fu_322_p2  |   icmp   |      0|  0|  11|           6|           1|
    +----------------------+----------+-------+---+----+------------+------------+
    |Total                 |          |      0|  0|  23|          18|           4|
    +----------------------+----------+-------+---+----+------------+------------+

    * Multiplexer: 
    +-------------------+----+-----------+-----+-----------+
    |        Name       | LUT| Input Size| Bits| Total Bits|
    +-------------------+----+-----------+-----+-----------+
    |ap_NS_fsm          |  15|          3|    1|          3|
    |p_02_rec_reg_300   |   9|          2|    6|         12|
    |p_niter_0_reg_311  |   9|          2|    6|         12|
    +-------------------+----+-----------+-----+-----------+
    |Total              |  33|          7|   13|         27|
    +-------------------+----+-----------+-----+-----------+

    * Register: 
    +-------------------+---+----+-----+-----------+
    |        Name       | FF| LUT| Bits| Const Bits|
    +-------------------+---+----+-----+-----------+
    |ap_CS_fsm          |  2|   0|    2|          0|
    |p_02_rec_reg_300   |  6|   0|    6|          0|
    |p_niter_0_reg_311  |  6|   0|    6|          0|
    +-------------------+---+----+-----+-----------+
    |Total              | 14|   0|   14|          0|
    +-------------------+---+----+-----+-----------+



================================================================
== Interface
================================================================
* Summary: 
+--------------+-----+-----+------------+--------------------------------------------+--------------+
|   RTL Ports  | Dir | Bits|  Protocol  |                Source Object               |    C Type    |
+--------------+-----+-----+------------+--------------------------------------------+--------------+
|ap_clk        |  in |    1| ap_ctrl_hs | __fill_n_a<ap_fixed*,unsigned long,double> | return value |
|ap_rst        |  in |    1| ap_ctrl_hs | __fill_n_a<ap_fixed*,unsigned long,double> | return value |
|ap_start      |  in |    1| ap_ctrl_hs | __fill_n_a<ap_fixed*,unsigned long,double> | return value |
|ap_done       | out |    1| ap_ctrl_hs | __fill_n_a<ap_fixed*,unsigned long,double> | return value |
|ap_idle       | out |    1| ap_ctrl_hs | __fill_n_a<ap_fixed*,unsigned long,double> | return value |
|ap_ready      | out |    1| ap_ctrl_hs | __fill_n_a<ap_fixed*,unsigned long,double> | return value |
|ap_return_0   | out |   35| ap_ctrl_hs | __fill_n_a<ap_fixed*,unsigned long,double> | return value |
|ap_return_1   | out |   35| ap_ctrl_hs | __fill_n_a<ap_fixed*,unsigned long,double> | return value |
|ap_return_2   | out |   35| ap_ctrl_hs | __fill_n_a<ap_fixed*,unsigned long,double> | return value |
|ap_return_3   | out |   35| ap_ctrl_hs | __fill_n_a<ap_fixed*,unsigned long,double> | return value |
|ap_return_4   | out |   35| ap_ctrl_hs | __fill_n_a<ap_fixed*,unsigned long,double> | return value |
|ap_return_5   | out |   35| ap_ctrl_hs | __fill_n_a<ap_fixed*,unsigned long,double> | return value |
|ap_return_6   | out |   35| ap_ctrl_hs | __fill_n_a<ap_fixed*,unsigned long,double> | return value |
|ap_return_7   | out |   35| ap_ctrl_hs | __fill_n_a<ap_fixed*,unsigned long,double> | return value |
|ap_return_8   | out |   35| ap_ctrl_hs | __fill_n_a<ap_fixed*,unsigned long,double> | return value |
|ap_return_9   | out |   35| ap_ctrl_hs | __fill_n_a<ap_fixed*,unsigned long,double> | return value |
|ap_return_10  | out |   35| ap_ctrl_hs | __fill_n_a<ap_fixed*,unsigned long,double> | return value |
|ap_return_11  | out |   35| ap_ctrl_hs | __fill_n_a<ap_fixed*,unsigned long,double> | return value |
|ap_return_12  | out |   35| ap_ctrl_hs | __fill_n_a<ap_fixed*,unsigned long,double> | return value |
|ap_return_13  | out |   35| ap_ctrl_hs | __fill_n_a<ap_fixed*,unsigned long,double> | return value |
|ap_return_14  | out |   35| ap_ctrl_hs | __fill_n_a<ap_fixed*,unsigned long,double> | return value |
|ap_return_15  | out |   35| ap_ctrl_hs | __fill_n_a<ap_fixed*,unsigned long,double> | return value |
|ap_return_16  | out |   35| ap_ctrl_hs | __fill_n_a<ap_fixed*,unsigned long,double> | return value |
|ap_return_17  | out |   35| ap_ctrl_hs | __fill_n_a<ap_fixed*,unsigned long,double> | return value |
|ap_return_18  | out |   35| ap_ctrl_hs | __fill_n_a<ap_fixed*,unsigned long,double> | return value |
|ap_return_19  | out |   35| ap_ctrl_hs | __fill_n_a<ap_fixed*,unsigned long,double> | return value |
|ap_return_20  | out |   35| ap_ctrl_hs | __fill_n_a<ap_fixed*,unsigned long,double> | return value |
|ap_return_21  | out |   35| ap_ctrl_hs | __fill_n_a<ap_fixed*,unsigned long,double> | return value |
|ap_return_22  | out |   35| ap_ctrl_hs | __fill_n_a<ap_fixed*,unsigned long,double> | return value |
|ap_return_23  | out |   35| ap_ctrl_hs | __fill_n_a<ap_fixed*,unsigned long,double> | return value |
|ap_return_24  | out |   35| ap_ctrl_hs | __fill_n_a<ap_fixed*,unsigned long,double> | return value |
|ap_return_25  | out |   35| ap_ctrl_hs | __fill_n_a<ap_fixed*,unsigned long,double> | return value |
|ap_return_26  | out |   35| ap_ctrl_hs | __fill_n_a<ap_fixed*,unsigned long,double> | return value |
|ap_return_27  | out |   35| ap_ctrl_hs | __fill_n_a<ap_fixed*,unsigned long,double> | return value |
|ap_return_28  | out |   35| ap_ctrl_hs | __fill_n_a<ap_fixed*,unsigned long,double> | return value |
|ap_return_29  | out |   35| ap_ctrl_hs | __fill_n_a<ap_fixed*,unsigned long,double> | return value |
|ap_return_30  | out |   35| ap_ctrl_hs | __fill_n_a<ap_fixed*,unsigned long,double> | return value |
|ap_return_31  | out |   35| ap_ctrl_hs | __fill_n_a<ap_fixed*,unsigned long,double> | return value |
|ap_return_32  | out |   35| ap_ctrl_hs | __fill_n_a<ap_fixed*,unsigned long,double> | return value |
|ap_return_33  | out |   35| ap_ctrl_hs | __fill_n_a<ap_fixed*,unsigned long,double> | return value |
|ap_return_34  | out |   35| ap_ctrl_hs | __fill_n_a<ap_fixed*,unsigned long,double> | return value |
|ap_return_35  | out |   35| ap_ctrl_hs | __fill_n_a<ap_fixed*,unsigned long,double> | return value |
|ap_return_36  | out |   35| ap_ctrl_hs | __fill_n_a<ap_fixed*,unsigned long,double> | return value |
|ap_return_37  | out |   35| ap_ctrl_hs | __fill_n_a<ap_fixed*,unsigned long,double> | return value |
|ap_return_38  | out |   35| ap_ctrl_hs | __fill_n_a<ap_fixed*,unsigned long,double> | return value |
|ap_return_39  | out |   35| ap_ctrl_hs | __fill_n_a<ap_fixed*,unsigned long,double> | return value |
|ap_return_40  | out |   35| ap_ctrl_hs | __fill_n_a<ap_fixed*,unsigned long,double> | return value |
|ap_return_41  | out |   35| ap_ctrl_hs | __fill_n_a<ap_fixed*,unsigned long,double> | return value |
|ap_return_42  | out |   35| ap_ctrl_hs | __fill_n_a<ap_fixed*,unsigned long,double> | return value |
|ap_return_43  | out |   35| ap_ctrl_hs | __fill_n_a<ap_fixed*,unsigned long,double> | return value |
|ap_return_44  | out |   35| ap_ctrl_hs | __fill_n_a<ap_fixed*,unsigned long,double> | return value |
|ap_return_45  | out |   35| ap_ctrl_hs | __fill_n_a<ap_fixed*,unsigned long,double> | return value |
|ap_return_46  | out |   35| ap_ctrl_hs | __fill_n_a<ap_fixed*,unsigned long,double> | return value |
|ap_return_47  | out |   35| ap_ctrl_hs | __fill_n_a<ap_fixed*,unsigned long,double> | return value |
+--------------+-----+-----+------------+--------------------------------------------+--------------+

