

================================================================
== Vivado HLS Report for 'softmax_latency_ap_fixed_ap_fixed_softmax_config13_s'
================================================================
* Date:           Wed Nov 24 00:54:46 2021

* Version:        2019.2 (Build 2704478 on Wed Nov 06 22:10:23 MST 2019)
* Project:        myproject_prj
* Solution:       solution1
* Product family: virtexuplus
* Target device:  xcu250-figd2104-2L-e


================================================================
== Performance Estimates
================================================================
+ Timing: 
    * Summary: 
    +--------+---------+----------+------------+
    |  Clock |  Target | Estimated| Uncertainty|
    +--------+---------+----------+------------+
    |ap_clk  | 5.00 ns | 3.691 ns |   0.62 ns  |
    +--------+---------+----------+------------+

+ Latency: 
    * Summary: 
    +---------+---------+-----------+-----------+-----+-----+----------+
    |  Latency (cycles) |   Latency (absolute)  |  Interval | Pipeline |
    |   min   |   max   |    min    |    max    | min | max |   Type   |
    +---------+---------+-----------+-----------+-----+-----+----------+
    |        2|        2| 10.000 ns | 10.000 ns |    1|    1| function |
    +---------+---------+-----------+-----------+-----+-----+----------+

    + Detail: 
        * Instance: 
        N/A

        * Loop: 
        N/A

============================================================
+ Verbose Summary: Synthesis Manager
============================================================
InlineROM: 1
ExposeGlobal: 0
============================================================
+ Verbose Summary: CDFG Model
============================================================
IsTopModel: 0
ResetActiveHigh: 1
IsCombinational: 0
IsDatapathOnly: 0
HasWiredReturn: 1
HasMFsm: 2
HasVarLatency: 0
IsPipeline: 1
IsRtlPipelined: 1
IsInstanceOverlapped: 0
IsDontTouch: 0
HasImplIP: 0
IsGatedGlobalClock: 0

+ Individual pipeline summary: 
  * Pipeline-0: initiation interval (II) = 1, depth = 3


============================================================
+ Verbose Summary: Schedule
============================================================
* Number of FSM states : 3
* Pipeline : 1
  Pipeline-0 : II = 1, D = 3, States = { 1 2 3 }
* Dataflow Pipeline: 0

* FSM state transitions: 
1 --> 2 
2 --> 3 
3 --> 

* FSM state operations: 

State 1 <SV = 0> <Delay = 1.15>
ST_1 : Operation 4 [1/1] (0.00ns)   --->   "%data_4_V_read_1 = call i16 @_ssdm_op_Read.ap_auto.i16(i16 %data_4_V_read)" [firmware/nnet_utils/nnet_activation.h:223]   --->   Operation 4 'read' 'data_4_V_read_1' <Predicate = true> <Delay = 0.00>
ST_1 : Operation 5 [1/1] (0.00ns)   --->   "%data_3_V_read_1 = call i16 @_ssdm_op_Read.ap_auto.i16(i16 %data_3_V_read)" [firmware/nnet_utils/nnet_activation.h:223]   --->   Operation 5 'read' 'data_3_V_read_1' <Predicate = true> <Delay = 0.00>
ST_1 : Operation 6 [1/1] (0.00ns)   --->   "%data_2_V_read_1 = call i16 @_ssdm_op_Read.ap_auto.i16(i16 %data_2_V_read)" [firmware/nnet_utils/nnet_activation.h:223]   --->   Operation 6 'read' 'data_2_V_read_1' <Predicate = true> <Delay = 0.00>
ST_1 : Operation 7 [1/1] (0.00ns)   --->   "%data_1_V_read_1 = call i16 @_ssdm_op_Read.ap_auto.i16(i16 %data_1_V_read)" [firmware/nnet_utils/nnet_activation.h:223]   --->   Operation 7 'read' 'data_1_V_read_1' <Predicate = true> <Delay = 0.00>
ST_1 : Operation 8 [1/1] (0.00ns)   --->   "%data_0_V_read_1 = call i16 @_ssdm_op_Read.ap_auto.i16(i16 %data_0_V_read)" [firmware/nnet_utils/nnet_activation.h:223]   --->   Operation 8 'read' 'data_0_V_read_1' <Predicate = true> <Delay = 0.00>
ST_1 : Operation 9 [1/1] (0.00ns)   --->   "%y_V = call i10 @_ssdm_op_PartSelect.i10.i16.i32.i32(i16 %data_0_V_read_1, i32 6, i32 15)" [firmware/nnet_utils/nnet_activation.h:197->firmware/nnet_utils/nnet_activation.h:250]   --->   Operation 9 'partselect' 'y_V' <Predicate = true> <Delay = 0.00>
ST_1 : Operation 10 [1/1] (0.00ns)   --->   "%zext_ln251 = zext i10 %y_V to i64" [firmware/nnet_utils/nnet_activation.h:251]   --->   Operation 10 'zext' 'zext_ln251' <Predicate = true> <Delay = 0.00>
ST_1 : Operation 11 [1/1] (0.00ns)   --->   "%exp_table1_addr = getelementptr [1024 x i18]* @exp_table1, i64 0, i64 %zext_ln251" [firmware/nnet_utils/nnet_activation.h:251]   --->   Operation 11 'getelementptr' 'exp_table1_addr' <Predicate = true> <Delay = 0.00>
ST_1 : Operation 12 [2/2] (1.15ns)   --->   "%exp_res_0_V = load i18* %exp_table1_addr, align 4" [firmware/nnet_utils/nnet_activation.h:251]   --->   Operation 12 'load' 'exp_res_0_V' <Predicate = true> <Delay = 1.15> <Core = "ROM_nP">   --->   Core 52 'ROM_nP' <Latency = 1> <II = 1> <Delay = 1.15> <Storage> <Opcode : 'load'> <Ports = 0> <Width = 14> <Depth = 1024> <ROM>
ST_1 : Operation 13 [1/1] (0.00ns)   --->   "%y_V_1 = call i10 @_ssdm_op_PartSelect.i10.i16.i32.i32(i16 %data_1_V_read_1, i32 6, i32 15)" [firmware/nnet_utils/nnet_activation.h:197->firmware/nnet_utils/nnet_activation.h:250]   --->   Operation 13 'partselect' 'y_V_1' <Predicate = true> <Delay = 0.00>
ST_1 : Operation 14 [1/1] (0.00ns)   --->   "%zext_ln251_1 = zext i10 %y_V_1 to i64" [firmware/nnet_utils/nnet_activation.h:251]   --->   Operation 14 'zext' 'zext_ln251_1' <Predicate = true> <Delay = 0.00>
ST_1 : Operation 15 [1/1] (0.00ns)   --->   "%exp_table1_addr_1 = getelementptr [1024 x i18]* @exp_table1, i64 0, i64 %zext_ln251_1" [firmware/nnet_utils/nnet_activation.h:251]   --->   Operation 15 'getelementptr' 'exp_table1_addr_1' <Predicate = true> <Delay = 0.00>
ST_1 : Operation 16 [2/2] (1.15ns)   --->   "%exp_res_1_V = load i18* %exp_table1_addr_1, align 4" [firmware/nnet_utils/nnet_activation.h:251]   --->   Operation 16 'load' 'exp_res_1_V' <Predicate = true> <Delay = 1.15> <Core = "ROM_nP">   --->   Core 52 'ROM_nP' <Latency = 1> <II = 1> <Delay = 1.15> <Storage> <Opcode : 'load'> <Ports = 0> <Width = 14> <Depth = 1024> <ROM>
ST_1 : Operation 17 [1/1] (0.00ns)   --->   "%y_V_2 = call i10 @_ssdm_op_PartSelect.i10.i16.i32.i32(i16 %data_2_V_read_1, i32 6, i32 15)" [firmware/nnet_utils/nnet_activation.h:197->firmware/nnet_utils/nnet_activation.h:250]   --->   Operation 17 'partselect' 'y_V_2' <Predicate = true> <Delay = 0.00>
ST_1 : Operation 18 [1/1] (0.00ns)   --->   "%zext_ln251_2 = zext i10 %y_V_2 to i64" [firmware/nnet_utils/nnet_activation.h:251]   --->   Operation 18 'zext' 'zext_ln251_2' <Predicate = true> <Delay = 0.00>
ST_1 : Operation 19 [1/1] (0.00ns)   --->   "%exp_table1_addr_2 = getelementptr [1024 x i18]* @exp_table1, i64 0, i64 %zext_ln251_2" [firmware/nnet_utils/nnet_activation.h:251]   --->   Operation 19 'getelementptr' 'exp_table1_addr_2' <Predicate = true> <Delay = 0.00>
ST_1 : Operation 20 [2/2] (1.15ns)   --->   "%exp_res_2_V = load i18* %exp_table1_addr_2, align 4" [firmware/nnet_utils/nnet_activation.h:251]   --->   Operation 20 'load' 'exp_res_2_V' <Predicate = true> <Delay = 1.15> <Core = "ROM_nP">   --->   Core 52 'ROM_nP' <Latency = 1> <II = 1> <Delay = 1.15> <Storage> <Opcode : 'load'> <Ports = 0> <Width = 14> <Depth = 1024> <ROM>
ST_1 : Operation 21 [1/1] (0.00ns)   --->   "%y_V_3 = call i10 @_ssdm_op_PartSelect.i10.i16.i32.i32(i16 %data_3_V_read_1, i32 6, i32 15)" [firmware/nnet_utils/nnet_activation.h:197->firmware/nnet_utils/nnet_activation.h:250]   --->   Operation 21 'partselect' 'y_V_3' <Predicate = true> <Delay = 0.00>
ST_1 : Operation 22 [1/1] (0.00ns)   --->   "%zext_ln251_3 = zext i10 %y_V_3 to i64" [firmware/nnet_utils/nnet_activation.h:251]   --->   Operation 22 'zext' 'zext_ln251_3' <Predicate = true> <Delay = 0.00>
ST_1 : Operation 23 [1/1] (0.00ns)   --->   "%exp_table1_addr_3 = getelementptr [1024 x i18]* @exp_table1, i64 0, i64 %zext_ln251_3" [firmware/nnet_utils/nnet_activation.h:251]   --->   Operation 23 'getelementptr' 'exp_table1_addr_3' <Predicate = true> <Delay = 0.00>
ST_1 : Operation 24 [2/2] (1.15ns)   --->   "%exp_res_3_V = load i18* %exp_table1_addr_3, align 4" [firmware/nnet_utils/nnet_activation.h:251]   --->   Operation 24 'load' 'exp_res_3_V' <Predicate = true> <Delay = 1.15> <Core = "ROM_nP">   --->   Core 52 'ROM_nP' <Latency = 1> <II = 1> <Delay = 1.15> <Storage> <Opcode : 'load'> <Ports = 0> <Width = 14> <Depth = 1024> <ROM>
ST_1 : Operation 25 [1/1] (0.00ns)   --->   "%y_V_4 = call i10 @_ssdm_op_PartSelect.i10.i16.i32.i32(i16 %data_4_V_read_1, i32 6, i32 15)" [firmware/nnet_utils/nnet_activation.h:197->firmware/nnet_utils/nnet_activation.h:250]   --->   Operation 25 'partselect' 'y_V_4' <Predicate = true> <Delay = 0.00>
ST_1 : Operation 26 [1/1] (0.00ns)   --->   "%zext_ln251_4 = zext i10 %y_V_4 to i64" [firmware/nnet_utils/nnet_activation.h:251]   --->   Operation 26 'zext' 'zext_ln251_4' <Predicate = true> <Delay = 0.00>
ST_1 : Operation 27 [1/1] (0.00ns)   --->   "%exp_table1_addr_4 = getelementptr [1024 x i18]* @exp_table1, i64 0, i64 %zext_ln251_4" [firmware/nnet_utils/nnet_activation.h:251]   --->   Operation 27 'getelementptr' 'exp_table1_addr_4' <Predicate = true> <Delay = 0.00>
ST_1 : Operation 28 [2/2] (1.15ns)   --->   "%exp_res_4_V = load i18* %exp_table1_addr_4, align 4" [firmware/nnet_utils/nnet_activation.h:251]   --->   Operation 28 'load' 'exp_res_4_V' <Predicate = true> <Delay = 1.15> <Core = "ROM_nP">   --->   Core 52 'ROM_nP' <Latency = 1> <II = 1> <Delay = 1.15> <Storage> <Opcode : 'load'> <Ports = 0> <Width = 14> <Depth = 1024> <ROM>

State 2 <SV = 1> <Delay = 3.68>
ST_2 : Operation 29 [1/2] (1.15ns)   --->   "%exp_res_0_V = load i18* %exp_table1_addr, align 4" [firmware/nnet_utils/nnet_activation.h:251]   --->   Operation 29 'load' 'exp_res_0_V' <Predicate = true> <Delay = 1.15> <Core = "ROM_nP">   --->   Core 52 'ROM_nP' <Latency = 1> <II = 1> <Delay = 1.15> <Storage> <Opcode : 'load'> <Ports = 0> <Width = 14> <Depth = 1024> <ROM>
ST_2 : Operation 30 [1/2] (1.15ns)   --->   "%exp_res_1_V = load i18* %exp_table1_addr_1, align 4" [firmware/nnet_utils/nnet_activation.h:251]   --->   Operation 30 'load' 'exp_res_1_V' <Predicate = true> <Delay = 1.15> <Core = "ROM_nP">   --->   Core 52 'ROM_nP' <Latency = 1> <II = 1> <Delay = 1.15> <Storage> <Opcode : 'load'> <Ports = 0> <Width = 14> <Depth = 1024> <ROM>
ST_2 : Operation 31 [1/2] (1.15ns)   --->   "%exp_res_2_V = load i18* %exp_table1_addr_2, align 4" [firmware/nnet_utils/nnet_activation.h:251]   --->   Operation 31 'load' 'exp_res_2_V' <Predicate = true> <Delay = 1.15> <Core = "ROM_nP">   --->   Core 52 'ROM_nP' <Latency = 1> <II = 1> <Delay = 1.15> <Storage> <Opcode : 'load'> <Ports = 0> <Width = 14> <Depth = 1024> <ROM>
ST_2 : Operation 32 [1/2] (1.15ns)   --->   "%exp_res_3_V = load i18* %exp_table1_addr_3, align 4" [firmware/nnet_utils/nnet_activation.h:251]   --->   Operation 32 'load' 'exp_res_3_V' <Predicate = true> <Delay = 1.15> <Core = "ROM_nP">   --->   Core 52 'ROM_nP' <Latency = 1> <II = 1> <Delay = 1.15> <Storage> <Opcode : 'load'> <Ports = 0> <Width = 14> <Depth = 1024> <ROM>
ST_2 : Operation 33 [1/2] (1.15ns)   --->   "%exp_res_4_V = load i18* %exp_table1_addr_4, align 4" [firmware/nnet_utils/nnet_activation.h:251]   --->   Operation 33 'load' 'exp_res_4_V' <Predicate = true> <Delay = 1.15> <Core = "ROM_nP">   --->   Core 52 'ROM_nP' <Latency = 1> <II = 1> <Delay = 1.15> <Storage> <Opcode : 'load'> <Ports = 0> <Width = 14> <Depth = 1024> <ROM>
ST_2 : Operation 34 [1/1] (0.00ns) (grouped into TernaryAdder)   --->   "%add_ln703 = add i18 %exp_res_0_V, %exp_res_1_V" [firmware/nnet_utils/nnet_common.h:62->firmware/nnet_utils/nnet_common.h:55->firmware/nnet_utils/nnet_activation.h:257]   --->   Operation 34 'add' 'add_ln703' <Predicate = true> <Delay = 0.00> <Core = "TAddSub">   --->   Core 83 'TAddSub' <Latency = 0> <II = 1> <Delay = 0.34> <IPBlock> <Opcode : 'add' 'sub'> <InPorts = 3> <OutPorts = 1> <Sync> <CReg>
ST_2 : Operation 35 [1/1] (0.00ns) (grouped into TernaryAdder)   --->   "%add_ln703_1 = add i18 %exp_res_2_V, %exp_res_4_V" [firmware/nnet_utils/nnet_common.h:62->firmware/nnet_utils/nnet_common.h:55->firmware/nnet_utils/nnet_activation.h:257]   --->   Operation 35 'add' 'add_ln703_1' <Predicate = true> <Delay = 0.00> <Core = "TAddSub">   --->   Core 83 'TAddSub' <Latency = 0> <II = 1> <Delay = 0.34> <IPBlock> <Opcode : 'add' 'sub'> <InPorts = 3> <OutPorts = 1> <Sync> <CReg>
ST_2 : Operation 36 [1/1] (0.68ns) (root node of TernaryAdder)   --->   "%add_ln703_2 = add i18 %add_ln703_1, %exp_res_3_V" [firmware/nnet_utils/nnet_common.h:62->firmware/nnet_utils/nnet_common.h:55->firmware/nnet_utils/nnet_activation.h:257]   --->   Operation 36 'add' 'add_ln703_2' <Predicate = true> <Delay = 0.68> <Core = "TAddSub">   --->   Core 83 'TAddSub' <Latency = 0> <II = 1> <Delay = 0.34> <IPBlock> <Opcode : 'add' 'sub'> <InPorts = 3> <OutPorts = 1> <Sync> <CReg>
ST_2 : Operation 37 [1/1] (0.68ns) (root node of TernaryAdder)   --->   "%exp_sum_V = add i18 %add_ln703_2, %add_ln703" [firmware/nnet_utils/nnet_common.h:62->firmware/nnet_utils/nnet_common.h:55->firmware/nnet_utils/nnet_activation.h:257]   --->   Operation 37 'add' 'exp_sum_V' <Predicate = true> <Delay = 0.68> <Core = "TAddSub">   --->   Core 83 'TAddSub' <Latency = 0> <II = 1> <Delay = 0.34> <IPBlock> <Opcode : 'add' 'sub'> <InPorts = 3> <OutPorts = 1> <Sync> <CReg>
ST_2 : Operation 38 [1/1] (0.00ns)   --->   "%y_V_5 = call i10 @_ssdm_op_PartSelect.i10.i18.i32.i32(i18 %exp_sum_V, i32 8, i32 17)" [firmware/nnet_utils/nnet_activation.h:197->firmware/nnet_utils/nnet_activation.h:259]   --->   Operation 38 'partselect' 'y_V_5' <Predicate = true> <Delay = 0.00>
ST_2 : Operation 39 [1/1] (0.00ns)   --->   "%zext_ln259 = zext i10 %y_V_5 to i64" [firmware/nnet_utils/nnet_activation.h:259]   --->   Operation 39 'zext' 'zext_ln259' <Predicate = true> <Delay = 0.00>
ST_2 : Operation 40 [1/1] (0.00ns)   --->   "%invert_table2_addr = getelementptr [1024 x i14]* @invert_table2, i64 0, i64 %zext_ln259" [firmware/nnet_utils/nnet_activation.h:259]   --->   Operation 40 'getelementptr' 'invert_table2_addr' <Predicate = true> <Delay = 0.00>
ST_2 : Operation 41 [2/2] (1.15ns)   --->   "%inv_exp_sum_V = load i14* %invert_table2_addr, align 2" [firmware/nnet_utils/nnet_activation.h:259]   --->   Operation 41 'load' 'inv_exp_sum_V' <Predicate = true> <Delay = 1.15> <Core = "ROM_nP">   --->   Core 52 'ROM_nP' <Latency = 1> <II = 1> <Delay = 1.15> <Storage> <Opcode : 'load'> <Ports = 0> <Width = 14> <Depth = 1024> <ROM>

State 3 <SV = 2> <Delay = 3.69>
ST_3 : Operation 42 [1/1] (0.00ns)   --->   "call void (...)* @_ssdm_op_SpecPipeline(i32 -1, i32 1, i32 1, i32 0, [1 x i8]* @p_str9) nounwind" [firmware/nnet_utils/nnet_activation.h:224]   --->   Operation 42 'specpipeline' <Predicate = true> <Delay = 0.00>
ST_3 : Operation 43 [1/2] (1.15ns)   --->   "%inv_exp_sum_V = load i14* %invert_table2_addr, align 2" [firmware/nnet_utils/nnet_activation.h:259]   --->   Operation 43 'load' 'inv_exp_sum_V' <Predicate = true> <Delay = 1.15> <Core = "ROM_nP">   --->   Core 52 'ROM_nP' <Latency = 1> <II = 1> <Delay = 1.15> <Storage> <Opcode : 'load'> <Ports = 0> <Width = 14> <Depth = 1024> <ROM>
ST_3 : Operation 44 [1/1] (0.00ns)   --->   "%sext_ln1116 = sext i14 %inv_exp_sum_V to i26" [firmware/nnet_utils/nnet_activation.h:262]   --->   Operation 44 'sext' 'sext_ln1116' <Predicate = true> <Delay = 0.00>
ST_3 : Operation 45 [1/1] (0.00ns)   --->   "%sext_ln1118 = sext i18 %exp_res_0_V to i26" [firmware/nnet_utils/nnet_activation.h:262]   --->   Operation 45 'sext' 'sext_ln1118' <Predicate = true> <Delay = 0.00>
ST_3 : Operation 46 [1/1] (2.53ns) (root node of the DSP)   --->   "%mul_ln1118 = mul i26 %sext_ln1116, %sext_ln1118" [firmware/nnet_utils/nnet_activation.h:262]   --->   Operation 46 'mul' 'mul_ln1118' <Predicate = true> <Delay = 2.53> <Core = "DSP48">   --->   Core 88 'DSP48' <Latency = 0> <II = 1> <Delay = 2.53> <IPBlock> <Opcode : 'mul' 'add' 'sub' 'select'> <InPorts = 2> <OutPorts = 1> <Sync> <CReg>
ST_3 : Operation 47 [1/1] (0.00ns)   --->   "%res_0_V_write_assign = call i16 @_ssdm_op_PartSelect.i16.i26.i32.i32(i26 %mul_ln1118, i32 10, i32 25)" [firmware/nnet_utils/nnet_activation.h:262]   --->   Operation 47 'partselect' 'res_0_V_write_assign' <Predicate = true> <Delay = 0.00>
ST_3 : Operation 48 [1/1] (0.00ns)   --->   "%sext_ln1118_1 = sext i18 %exp_res_1_V to i26" [firmware/nnet_utils/nnet_activation.h:262]   --->   Operation 48 'sext' 'sext_ln1118_1' <Predicate = true> <Delay = 0.00>
ST_3 : Operation 49 [1/1] (2.53ns) (root node of the DSP)   --->   "%mul_ln1118_1 = mul i26 %sext_ln1116, %sext_ln1118_1" [firmware/nnet_utils/nnet_activation.h:262]   --->   Operation 49 'mul' 'mul_ln1118_1' <Predicate = true> <Delay = 2.53> <Core = "DSP48">   --->   Core 88 'DSP48' <Latency = 0> <II = 1> <Delay = 2.53> <IPBlock> <Opcode : 'mul' 'add' 'sub' 'select'> <InPorts = 2> <OutPorts = 1> <Sync> <CReg>
ST_3 : Operation 50 [1/1] (0.00ns)   --->   "%res_1_V_write_assign = call i16 @_ssdm_op_PartSelect.i16.i26.i32.i32(i26 %mul_ln1118_1, i32 10, i32 25)" [firmware/nnet_utils/nnet_activation.h:262]   --->   Operation 50 'partselect' 'res_1_V_write_assign' <Predicate = true> <Delay = 0.00>
ST_3 : Operation 51 [1/1] (0.00ns)   --->   "%sext_ln1118_2 = sext i18 %exp_res_2_V to i26" [firmware/nnet_utils/nnet_activation.h:262]   --->   Operation 51 'sext' 'sext_ln1118_2' <Predicate = true> <Delay = 0.00>
ST_3 : Operation 52 [1/1] (2.53ns) (root node of the DSP)   --->   "%mul_ln1118_2 = mul i26 %sext_ln1116, %sext_ln1118_2" [firmware/nnet_utils/nnet_activation.h:262]   --->   Operation 52 'mul' 'mul_ln1118_2' <Predicate = true> <Delay = 2.53> <Core = "DSP48">   --->   Core 88 'DSP48' <Latency = 0> <II = 1> <Delay = 2.53> <IPBlock> <Opcode : 'mul' 'add' 'sub' 'select'> <InPorts = 2> <OutPorts = 1> <Sync> <CReg>
ST_3 : Operation 53 [1/1] (0.00ns)   --->   "%res_2_V_write_assign = call i16 @_ssdm_op_PartSelect.i16.i26.i32.i32(i26 %mul_ln1118_2, i32 10, i32 25)" [firmware/nnet_utils/nnet_activation.h:262]   --->   Operation 53 'partselect' 'res_2_V_write_assign' <Predicate = true> <Delay = 0.00>
ST_3 : Operation 54 [1/1] (0.00ns)   --->   "%sext_ln1118_3 = sext i18 %exp_res_3_V to i26" [firmware/nnet_utils/nnet_activation.h:262]   --->   Operation 54 'sext' 'sext_ln1118_3' <Predicate = true> <Delay = 0.00>
ST_3 : Operation 55 [1/1] (2.53ns) (root node of the DSP)   --->   "%mul_ln1118_3 = mul i26 %sext_ln1116, %sext_ln1118_3" [firmware/nnet_utils/nnet_activation.h:262]   --->   Operation 55 'mul' 'mul_ln1118_3' <Predicate = true> <Delay = 2.53> <Core = "DSP48">   --->   Core 88 'DSP48' <Latency = 0> <II = 1> <Delay = 2.53> <IPBlock> <Opcode : 'mul' 'add' 'sub' 'select'> <InPorts = 2> <OutPorts = 1> <Sync> <CReg>
ST_3 : Operation 56 [1/1] (0.00ns)   --->   "%res_3_V_write_assign = call i16 @_ssdm_op_PartSelect.i16.i26.i32.i32(i26 %mul_ln1118_3, i32 10, i32 25)" [firmware/nnet_utils/nnet_activation.h:262]   --->   Operation 56 'partselect' 'res_3_V_write_assign' <Predicate = true> <Delay = 0.00>
ST_3 : Operation 57 [1/1] (0.00ns)   --->   "%sext_ln1118_4 = sext i18 %exp_res_4_V to i26" [firmware/nnet_utils/nnet_activation.h:262]   --->   Operation 57 'sext' 'sext_ln1118_4' <Predicate = true> <Delay = 0.00>
ST_3 : Operation 58 [1/1] (2.53ns) (root node of the DSP)   --->   "%mul_ln1118_4 = mul i26 %sext_ln1116, %sext_ln1118_4" [firmware/nnet_utils/nnet_activation.h:262]   --->   Operation 58 'mul' 'mul_ln1118_4' <Predicate = true> <Delay = 2.53> <Core = "DSP48">   --->   Core 88 'DSP48' <Latency = 0> <II = 1> <Delay = 2.53> <IPBlock> <Opcode : 'mul' 'add' 'sub' 'select'> <InPorts = 2> <OutPorts = 1> <Sync> <CReg>
ST_3 : Operation 59 [1/1] (0.00ns)   --->   "%res_4_V_write_assign = call i16 @_ssdm_op_PartSelect.i16.i26.i32.i32(i26 %mul_ln1118_4, i32 10, i32 25)" [firmware/nnet_utils/nnet_activation.h:262]   --->   Operation 59 'partselect' 'res_4_V_write_assign' <Predicate = true> <Delay = 0.00>
ST_3 : Operation 60 [1/1] (0.00ns)   --->   "%mrv = insertvalue { i16, i16, i16, i16, i16 } undef, i16 %res_0_V_write_assign, 0" [firmware/nnet_utils/nnet_activation.h:264]   --->   Operation 60 'insertvalue' 'mrv' <Predicate = true> <Delay = 0.00>
ST_3 : Operation 61 [1/1] (0.00ns)   --->   "%mrv_1 = insertvalue { i16, i16, i16, i16, i16 } %mrv, i16 %res_1_V_write_assign, 1" [firmware/nnet_utils/nnet_activation.h:264]   --->   Operation 61 'insertvalue' 'mrv_1' <Predicate = true> <Delay = 0.00>
ST_3 : Operation 62 [1/1] (0.00ns)   --->   "%mrv_2 = insertvalue { i16, i16, i16, i16, i16 } %mrv_1, i16 %res_2_V_write_assign, 2" [firmware/nnet_utils/nnet_activation.h:264]   --->   Operation 62 'insertvalue' 'mrv_2' <Predicate = true> <Delay = 0.00>
ST_3 : Operation 63 [1/1] (0.00ns)   --->   "%mrv_3 = insertvalue { i16, i16, i16, i16, i16 } %mrv_2, i16 %res_3_V_write_assign, 3" [firmware/nnet_utils/nnet_activation.h:264]   --->   Operation 63 'insertvalue' 'mrv_3' <Predicate = true> <Delay = 0.00>
ST_3 : Operation 64 [1/1] (0.00ns)   --->   "%mrv_4 = insertvalue { i16, i16, i16, i16, i16 } %mrv_3, i16 %res_4_V_write_assign, 4" [firmware/nnet_utils/nnet_activation.h:264]   --->   Operation 64 'insertvalue' 'mrv_4' <Predicate = true> <Delay = 0.00>
ST_3 : Operation 65 [1/1] (0.00ns)   --->   "ret { i16, i16, i16, i16, i16 } %mrv_4" [firmware/nnet_utils/nnet_activation.h:264]   --->   Operation 65 'ret' <Predicate = true> <Delay = 0.00>


============================================================
+ Verbose Summary: Binding
============================================================
STG Binding: 
---------------- STG Properties BEGIN ----------------
- Is combinational: 0
- Is one-state seq: 0
- Is datapath-only: 0
- Is pipelined: 1
- Is top level: 0
Port [ Return ] is wired: 1; IO mode=ap_ctrl_hs:ce=0
Port [ data_0_V_read]:  wired=1; compound=0; hidden=0; nouse=0; global=0; static=0; extern=0; dir=0; type=0; pingpong=0; private_global=0; IO mode=ap_none:ce=0
Port [ data_1_V_read]:  wired=1; compound=0; hidden=0; nouse=0; global=0; static=0; extern=0; dir=0; type=0; pingpong=0; private_global=0; IO mode=ap_none:ce=0
Port [ data_2_V_read]:  wired=1; compound=0; hidden=0; nouse=0; global=0; static=0; extern=0; dir=0; type=0; pingpong=0; private_global=0; IO mode=ap_none:ce=0
Port [ data_3_V_read]:  wired=1; compound=0; hidden=0; nouse=0; global=0; static=0; extern=0; dir=0; type=0; pingpong=0; private_global=0; IO mode=ap_none:ce=0
Port [ data_4_V_read]:  wired=1; compound=0; hidden=0; nouse=0; global=0; static=0; extern=0; dir=0; type=0; pingpong=0; private_global=0; IO mode=ap_none:ce=0
Port [ exp_table1]:  wired=0; compound=1; hidden=1; nouse=0; global=1; static=1; extern=0; dir=0; type=1; pingpong=0; private_global=1; linkage=7; visibility=0; MemPort=[11111]; IO mode=ap_memory:ce=0
Port [ invert_table2]:  wired=0; compound=1; hidden=1; nouse=0; global=1; static=1; extern=0; dir=0; type=1; pingpong=0; private_global=1; linkage=7; visibility=0; MemPort=[1]; IO mode=ap_memory:ce=0
---------------- STG Properties END ------------------

---------------- Datapath Model BEGIN ----------------

<LifeTime>
<method=bitvector/>
data_4_V_read_1      (read         ) [ 0000]
data_3_V_read_1      (read         ) [ 0000]
data_2_V_read_1      (read         ) [ 0000]
data_1_V_read_1      (read         ) [ 0000]
data_0_V_read_1      (read         ) [ 0000]
y_V                  (partselect   ) [ 0000]
zext_ln251           (zext         ) [ 0000]
exp_table1_addr      (getelementptr) [ 0110]
y_V_1                (partselect   ) [ 0000]
zext_ln251_1         (zext         ) [ 0000]
exp_table1_addr_1    (getelementptr) [ 0110]
y_V_2                (partselect   ) [ 0000]
zext_ln251_2         (zext         ) [ 0000]
exp_table1_addr_2    (getelementptr) [ 0110]
y_V_3                (partselect   ) [ 0000]
zext_ln251_3         (zext         ) [ 0000]
exp_table1_addr_3    (getelementptr) [ 0110]
y_V_4                (partselect   ) [ 0000]
zext_ln251_4         (zext         ) [ 0000]
exp_table1_addr_4    (getelementptr) [ 0110]
exp_res_0_V          (load         ) [ 0101]
exp_res_1_V          (load         ) [ 0101]
exp_res_2_V          (load         ) [ 0101]
exp_res_3_V          (load         ) [ 0101]
exp_res_4_V          (load         ) [ 0101]
add_ln703            (add          ) [ 0000]
add_ln703_1          (add          ) [ 0000]
add_ln703_2          (add          ) [ 0000]
exp_sum_V            (add          ) [ 0000]
y_V_5                (partselect   ) [ 0000]
zext_ln259           (zext         ) [ 0000]
invert_table2_addr   (getelementptr) [ 0101]
specpipeline_ln224   (specpipeline ) [ 0000]
inv_exp_sum_V        (load         ) [ 0000]
sext_ln1116          (sext         ) [ 0000]
sext_ln1118          (sext         ) [ 0000]
mul_ln1118           (mul          ) [ 0000]
res_0_V_write_assign (partselect   ) [ 0000]
sext_ln1118_1        (sext         ) [ 0000]
mul_ln1118_1         (mul          ) [ 0000]
res_1_V_write_assign (partselect   ) [ 0000]
sext_ln1118_2        (sext         ) [ 0000]
mul_ln1118_2         (mul          ) [ 0000]
res_2_V_write_assign (partselect   ) [ 0000]
sext_ln1118_3        (sext         ) [ 0000]
mul_ln1118_3         (mul          ) [ 0000]
res_3_V_write_assign (partselect   ) [ 0000]
sext_ln1118_4        (sext         ) [ 0000]
mul_ln1118_4         (mul          ) [ 0000]
res_4_V_write_assign (partselect   ) [ 0000]
mrv                  (insertvalue  ) [ 0000]
mrv_1                (insertvalue  ) [ 0000]
mrv_2                (insertvalue  ) [ 0000]
mrv_3                (insertvalue  ) [ 0000]
mrv_4                (insertvalue  ) [ 0000]
ret_ln264            (ret          ) [ 0000]
</LifeTime>

<model>

<comp_list>
<comp id="0" class="1000" name="data_0_V_read">
<pin_list>
<pin id="1" dir="1" index="0" bw="1" slack="0"/>
</pin_list>
<bind>
<StgValue><ssdm name="data_0_V_read"/></StgValue>
</bind>
</comp>

<comp id="2" class="1000" name="data_1_V_read">
<pin_list>
<pin id="3" dir="1" index="0" bw="1" slack="0"/>
</pin_list>
<bind>
<StgValue><ssdm name="data_1_V_read"/></StgValue>
</bind>
</comp>

<comp id="4" class="1000" name="data_2_V_read">
<pin_list>
<pin id="5" dir="1" index="0" bw="1" slack="0"/>
</pin_list>
<bind>
<StgValue><ssdm name="data_2_V_read"/></StgValue>
</bind>
</comp>

<comp id="6" class="1000" name="data_3_V_read">
<pin_list>
<pin id="7" dir="1" index="0" bw="1" slack="0"/>
</pin_list>
<bind>
<StgValue><ssdm name="data_3_V_read"/></StgValue>
</bind>
</comp>

<comp id="8" class="1000" name="data_4_V_read">
<pin_list>
<pin id="9" dir="1" index="0" bw="1" slack="0"/>
</pin_list>
<bind>
<StgValue><ssdm name="data_4_V_read"/></StgValue>
</bind>
</comp>

<comp id="10" class="1000" name="exp_table1">
<pin_list>
<pin id="11" dir="1" index="0" bw="1" slack="0"/>
</pin_list>
<bind>
<StgValue><ssdm name="exp_table1"/><MemPortTyVec>1 1 1 1 1 </MemPortTyVec>
</StgValue>
</bind>
</comp>

<comp id="12" class="1000" name="invert_table2">
<pin_list>
<pin id="13" dir="1" index="0" bw="1" slack="0"/>
</pin_list>
<bind>
<StgValue><ssdm name="invert_table2"/><MemPortTyVec>1 </MemPortTyVec>
</StgValue>
</bind>
</comp>

<comp id="14" class="1001" name="const_14">
<pin_list>
<pin id="15" dir="1" index="0" bw="1" slack="0"/>
</pin_list>
<bind>
<StgValue><ssdm name="_ssdm_op_Read.ap_auto.i16"/></StgValue>
</bind>
</comp>

<comp id="16" class="1001" name="const_16">
<pin_list>
<pin id="17" dir="1" index="0" bw="1" slack="0"/>
</pin_list>
<bind>
<StgValue><ssdm name="_ssdm_op_PartSelect.i10.i16.i32.i32"/></StgValue>
</bind>
</comp>

<comp id="18" class="1001" name="const_18">
<pin_list>
<pin id="19" dir="1" index="0" bw="1" slack="0"/>
</pin_list>
<bind>
<StgValue><ssdm name=""/></StgValue>
</bind>
</comp>

<comp id="20" class="1001" name="const_20">
<pin_list>
<pin id="21" dir="1" index="0" bw="1" slack="0"/>
</pin_list>
<bind>
<StgValue><ssdm name=""/></StgValue>
</bind>
</comp>

<comp id="22" class="1001" name="const_22">
<pin_list>
<pin id="23" dir="1" index="0" bw="1" slack="0"/>
</pin_list>
<bind>
<StgValue><ssdm name=""/></StgValue>
</bind>
</comp>

<comp id="24" class="1001" name="const_24">
<pin_list>
<pin id="25" dir="1" index="0" bw="1" slack="0"/>
</pin_list>
<bind>
<StgValue><ssdm name="_ssdm_op_PartSelect.i10.i18.i32.i32"/></StgValue>
</bind>
</comp>

<comp id="26" class="1001" name="const_26">
<pin_list>
<pin id="27" dir="1" index="0" bw="1" slack="0"/>
</pin_list>
<bind>
<StgValue><ssdm name=""/></StgValue>
</bind>
</comp>

<comp id="28" class="1001" name="const_28">
<pin_list>
<pin id="29" dir="1" index="0" bw="1" slack="0"/>
</pin_list>
<bind>
<StgValue><ssdm name=""/></StgValue>
</bind>
</comp>

<comp id="30" class="1001" name="const_30">
<pin_list>
<pin id="31" dir="1" index="0" bw="1" slack="2147483647"/>
</pin_list>
<bind>
<StgValue><ssdm name="_ssdm_op_SpecPipeline"/></StgValue>
</bind>
</comp>

<comp id="32" class="1001" name="const_32">
<pin_list>
<pin id="33" dir="1" index="0" bw="1" slack="2147483647"/>
</pin_list>
<bind>
<StgValue><ssdm name=""/></StgValue>
</bind>
</comp>

<comp id="34" class="1001" name="const_34">
<pin_list>
<pin id="35" dir="1" index="0" bw="1" slack="2147483647"/>
</pin_list>
<bind>
<StgValue><ssdm name=""/></StgValue>
</bind>
</comp>

<comp id="36" class="1001" name="const_36">
<pin_list>
<pin id="37" dir="1" index="0" bw="1" slack="2147483647"/>
</pin_list>
<bind>
<StgValue><ssdm name=""/></StgValue>
</bind>
</comp>

<comp id="38" class="1001" name="const_38">
<pin_list>
<pin id="39" dir="1" index="0" bw="1" slack="2147483647"/>
</pin_list>
<bind>
<StgValue><ssdm name="p_str9"/></StgValue>
</bind>
</comp>

<comp id="40" class="1001" name="const_40">
<pin_list>
<pin id="41" dir="1" index="0" bw="1" slack="0"/>
</pin_list>
<bind>
<StgValue><ssdm name="_ssdm_op_PartSelect.i16.i26.i32.i32"/></StgValue>
</bind>
</comp>

<comp id="42" class="1001" name="const_42">
<pin_list>
<pin id="43" dir="1" index="0" bw="1" slack="0"/>
</pin_list>
<bind>
<StgValue><ssdm name=""/></StgValue>
</bind>
</comp>

<comp id="44" class="1001" name="const_44">
<pin_list>
<pin id="45" dir="1" index="0" bw="1" slack="0"/>
</pin_list>
<bind>
<StgValue><ssdm name=""/></StgValue>
</bind>
</comp>

<comp id="46" class="1001" name="const_46">
<pin_list>
<pin id="47" dir="1" index="0" bw="1" slack="0"/>
</pin_list>
<bind>
<StgValue><ssdm name=""/></StgValue>
</bind>
</comp>

<comp id="48" class="1004" name="data_4_V_read_1_read_fu_48">
<pin_list>
<pin id="49" dir="0" index="0" bw="16" slack="0"/>
<pin id="50" dir="0" index="1" bw="16" slack="0"/>
<pin id="51" dir="1" index="2" bw="16" slack="0"/>
</pin_list>
<bind>
<opcode="read(1150) " fcode="read"/>
<opset="data_4_V_read_1/1 "/>
</bind>
</comp>

<comp id="54" class="1004" name="data_3_V_read_1_read_fu_54">
<pin_list>
<pin id="55" dir="0" index="0" bw="16" slack="0"/>
<pin id="56" dir="0" index="1" bw="16" slack="0"/>
<pin id="57" dir="1" index="2" bw="16" slack="0"/>
</pin_list>
<bind>
<opcode="read(1150) " fcode="read"/>
<opset="data_3_V_read_1/1 "/>
</bind>
</comp>

<comp id="60" class="1004" name="data_2_V_read_1_read_fu_60">
<pin_list>
<pin id="61" dir="0" index="0" bw="16" slack="0"/>
<pin id="62" dir="0" index="1" bw="16" slack="0"/>
<pin id="63" dir="1" index="2" bw="16" slack="0"/>
</pin_list>
<bind>
<opcode="read(1150) " fcode="read"/>
<opset="data_2_V_read_1/1 "/>
</bind>
</comp>

<comp id="66" class="1004" name="data_1_V_read_1_read_fu_66">
<pin_list>
<pin id="67" dir="0" index="0" bw="16" slack="0"/>
<pin id="68" dir="0" index="1" bw="16" slack="0"/>
<pin id="69" dir="1" index="2" bw="16" slack="0"/>
</pin_list>
<bind>
<opcode="read(1150) " fcode="read"/>
<opset="data_1_V_read_1/1 "/>
</bind>
</comp>

<comp id="72" class="1004" name="data_0_V_read_1_read_fu_72">
<pin_list>
<pin id="73" dir="0" index="0" bw="16" slack="0"/>
<pin id="74" dir="0" index="1" bw="16" slack="0"/>
<pin id="75" dir="1" index="2" bw="16" slack="0"/>
</pin_list>
<bind>
<opcode="read(1150) " fcode="read"/>
<opset="data_0_V_read_1/1 "/>
</bind>
</comp>

<comp id="78" class="1004" name="exp_table1_addr_gep_fu_78">
<pin_list>
<pin id="79" dir="0" index="0" bw="18" slack="0"/>
<pin id="80" dir="0" index="1" bw="1" slack="0"/>
<pin id="81" dir="0" index="2" bw="10" slack="0"/>
<pin id="82" dir="1" index="3" bw="10" slack="0"/>
</pin_list>
<bind>
<opcode="getelementptr(29) " fcode="getelementptr"/>
<opset="exp_table1_addr/1 "/>
</bind>
</comp>

<comp id="85" class="1004" name="grp_access_fu_85">
<pin_list>
<pin id="86" dir="0" index="0" bw="10" slack="0"/>
<pin id="87" dir="0" index="1" bw="18" slack="2147483647"/>
<pin id="88" dir="0" index="2" bw="0" slack="0"/>
<pin id="98" dir="0" index="4" bw="10" slack="2147483647"/>
<pin id="99" dir="0" index="5" bw="18" slack="0"/>
<pin id="100" dir="0" index="6" bw="0" slack="2147483647"/>
<pin id="110" dir="0" index="8" bw="10" slack="0"/>
<pin id="111" dir="0" index="9" bw="18" slack="2147483647"/>
<pin id="112" dir="0" index="10" bw="0" slack="0"/>
<pin id="122" dir="0" index="12" bw="10" slack="2147483647"/>
<pin id="123" dir="0" index="13" bw="18" slack="2147483647"/>
<pin id="124" dir="0" index="14" bw="0" slack="2147483647"/>
<pin id="134" dir="0" index="16" bw="10" slack="2147483647"/>
<pin id="135" dir="0" index="17" bw="18" slack="2147483647"/>
<pin id="136" dir="0" index="18" bw="0" slack="2147483647"/>
<pin id="89" dir="1" index="3" bw="18" slack="0"/>
<pin id="101" dir="1" index="7" bw="18" slack="0"/>
<pin id="113" dir="1" index="11" bw="18" slack="0"/>
<pin id="125" dir="1" index="15" bw="18" slack="0"/>
<pin id="137" dir="1" index="19" bw="18" slack="0"/>
</pin_list>
<bind>
<opcode="load(27) " fcode="load"/>
<opset="exp_res_0_V/1 exp_res_1_V/1 exp_res_2_V/1 exp_res_3_V/1 exp_res_4_V/1 "/>
</bind>
</comp>

<comp id="91" class="1004" name="exp_table1_addr_1_gep_fu_91">
<pin_list>
<pin id="92" dir="0" index="0" bw="18" slack="0"/>
<pin id="93" dir="0" index="1" bw="1" slack="0"/>
<pin id="94" dir="0" index="2" bw="10" slack="0"/>
<pin id="95" dir="1" index="3" bw="10" slack="0"/>
</pin_list>
<bind>
<opcode="getelementptr(29) " fcode="getelementptr"/>
<opset="exp_table1_addr_1/1 "/>
</bind>
</comp>

<comp id="103" class="1004" name="exp_table1_addr_2_gep_fu_103">
<pin_list>
<pin id="104" dir="0" index="0" bw="18" slack="0"/>
<pin id="105" dir="0" index="1" bw="1" slack="0"/>
<pin id="106" dir="0" index="2" bw="10" slack="0"/>
<pin id="107" dir="1" index="3" bw="10" slack="0"/>
</pin_list>
<bind>
<opcode="getelementptr(29) " fcode="getelementptr"/>
<opset="exp_table1_addr_2/1 "/>
</bind>
</comp>

<comp id="115" class="1004" name="exp_table1_addr_3_gep_fu_115">
<pin_list>
<pin id="116" dir="0" index="0" bw="18" slack="0"/>
<pin id="117" dir="0" index="1" bw="1" slack="0"/>
<pin id="118" dir="0" index="2" bw="10" slack="0"/>
<pin id="119" dir="1" index="3" bw="10" slack="0"/>
</pin_list>
<bind>
<opcode="getelementptr(29) " fcode="getelementptr"/>
<opset="exp_table1_addr_3/1 "/>
</bind>
</comp>

<comp id="127" class="1004" name="exp_table1_addr_4_gep_fu_127">
<pin_list>
<pin id="128" dir="0" index="0" bw="18" slack="0"/>
<pin id="129" dir="0" index="1" bw="1" slack="0"/>
<pin id="130" dir="0" index="2" bw="10" slack="0"/>
<pin id="131" dir="1" index="3" bw="10" slack="0"/>
</pin_list>
<bind>
<opcode="getelementptr(29) " fcode="getelementptr"/>
<opset="exp_table1_addr_4/1 "/>
</bind>
</comp>

<comp id="139" class="1004" name="invert_table2_addr_gep_fu_139">
<pin_list>
<pin id="140" dir="0" index="0" bw="14" slack="0"/>
<pin id="141" dir="0" index="1" bw="1" slack="0"/>
<pin id="142" dir="0" index="2" bw="10" slack="0"/>
<pin id="143" dir="1" index="3" bw="10" slack="0"/>
</pin_list>
<bind>
<opcode="getelementptr(29) " fcode="getelementptr"/>
<opset="invert_table2_addr/2 "/>
</bind>
</comp>

<comp id="146" class="1004" name="grp_access_fu_146">
<pin_list>
<pin id="147" dir="0" index="0" bw="10" slack="0"/>
<pin id="148" dir="0" index="1" bw="14" slack="2147483647"/>
<pin id="149" dir="0" index="2" bw="0" slack="2147483647"/>
<pin id="150" dir="1" index="3" bw="14" slack="0"/>
</pin_list>
<bind>
<opcode="load(27) " fcode="load"/>
<opset="inv_exp_sum_V/2 "/>
</bind>
</comp>

<comp id="152" class="1004" name="y_V_fu_152">
<pin_list>
<pin id="153" dir="0" index="0" bw="10" slack="0"/>
<pin id="154" dir="0" index="1" bw="16" slack="0"/>
<pin id="155" dir="0" index="2" bw="4" slack="0"/>
<pin id="156" dir="0" index="3" bw="5" slack="0"/>
<pin id="157" dir="1" index="4" bw="10" slack="0"/>
</pin_list>
<bind>
<opcode="partselect(1002) " fcode="partselect"/>
<opset="y_V/1 "/>
</bind>
</comp>

<comp id="162" class="1004" name="zext_ln251_fu_162">
<pin_list>
<pin id="163" dir="0" index="0" bw="10" slack="0"/>
<pin id="164" dir="1" index="1" bw="64" slack="0"/>
</pin_list>
<bind>
<opcode="zext(34) " fcode="zext"/>
<opset="zext_ln251/1 "/>
</bind>
</comp>

<comp id="167" class="1004" name="y_V_1_fu_167">
<pin_list>
<pin id="168" dir="0" index="0" bw="10" slack="0"/>
<pin id="169" dir="0" index="1" bw="16" slack="0"/>
<pin id="170" dir="0" index="2" bw="4" slack="0"/>
<pin id="171" dir="0" index="3" bw="5" slack="0"/>
<pin id="172" dir="1" index="4" bw="10" slack="0"/>
</pin_list>
<bind>
<opcode="partselect(1002) " fcode="partselect"/>
<opset="y_V_1/1 "/>
</bind>
</comp>

<comp id="177" class="1004" name="zext_ln251_1_fu_177">
<pin_list>
<pin id="178" dir="0" index="0" bw="10" slack="0"/>
<pin id="179" dir="1" index="1" bw="64" slack="0"/>
</pin_list>
<bind>
<opcode="zext(34) " fcode="zext"/>
<opset="zext_ln251_1/1 "/>
</bind>
</comp>

<comp id="182" class="1004" name="y_V_2_fu_182">
<pin_list>
<pin id="183" dir="0" index="0" bw="10" slack="0"/>
<pin id="184" dir="0" index="1" bw="16" slack="0"/>
<pin id="185" dir="0" index="2" bw="4" slack="0"/>
<pin id="186" dir="0" index="3" bw="5" slack="0"/>
<pin id="187" dir="1" index="4" bw="10" slack="0"/>
</pin_list>
<bind>
<opcode="partselect(1002) " fcode="partselect"/>
<opset="y_V_2/1 "/>
</bind>
</comp>

<comp id="192" class="1004" name="zext_ln251_2_fu_192">
<pin_list>
<pin id="193" dir="0" index="0" bw="10" slack="0"/>
<pin id="194" dir="1" index="1" bw="64" slack="0"/>
</pin_list>
<bind>
<opcode="zext(34) " fcode="zext"/>
<opset="zext_ln251_2/1 "/>
</bind>
</comp>

<comp id="197" class="1004" name="y_V_3_fu_197">
<pin_list>
<pin id="198" dir="0" index="0" bw="10" slack="0"/>
<pin id="199" dir="0" index="1" bw="16" slack="0"/>
<pin id="200" dir="0" index="2" bw="4" slack="0"/>
<pin id="201" dir="0" index="3" bw="5" slack="0"/>
<pin id="202" dir="1" index="4" bw="10" slack="0"/>
</pin_list>
<bind>
<opcode="partselect(1002) " fcode="partselect"/>
<opset="y_V_3/1 "/>
</bind>
</comp>

<comp id="207" class="1004" name="zext_ln251_3_fu_207">
<pin_list>
<pin id="208" dir="0" index="0" bw="10" slack="0"/>
<pin id="209" dir="1" index="1" bw="64" slack="0"/>
</pin_list>
<bind>
<opcode="zext(34) " fcode="zext"/>
<opset="zext_ln251_3/1 "/>
</bind>
</comp>

<comp id="212" class="1004" name="y_V_4_fu_212">
<pin_list>
<pin id="213" dir="0" index="0" bw="10" slack="0"/>
<pin id="214" dir="0" index="1" bw="16" slack="0"/>
<pin id="215" dir="0" index="2" bw="4" slack="0"/>
<pin id="216" dir="0" index="3" bw="5" slack="0"/>
<pin id="217" dir="1" index="4" bw="10" slack="0"/>
</pin_list>
<bind>
<opcode="partselect(1002) " fcode="partselect"/>
<opset="y_V_4/1 "/>
</bind>
</comp>

<comp id="222" class="1004" name="zext_ln251_4_fu_222">
<pin_list>
<pin id="223" dir="0" index="0" bw="10" slack="0"/>
<pin id="224" dir="1" index="1" bw="64" slack="0"/>
</pin_list>
<bind>
<opcode="zext(34) " fcode="zext"/>
<opset="zext_ln251_4/1 "/>
</bind>
</comp>

<comp id="227" class="1004" name="add_ln703_fu_227">
<pin_list>
<pin id="228" dir="0" index="0" bw="18" slack="0"/>
<pin id="229" dir="0" index="1" bw="18" slack="0"/>
<pin id="230" dir="1" index="2" bw="18" slack="0"/>
</pin_list>
<bind>
<opcode="add(8) " fcode="add"/>
<opset="add_ln703/2 "/>
</bind>
</comp>

<comp id="233" class="1004" name="add_ln703_1_fu_233">
<pin_list>
<pin id="234" dir="0" index="0" bw="18" slack="0"/>
<pin id="235" dir="0" index="1" bw="18" slack="0"/>
<pin id="236" dir="1" index="2" bw="18" slack="0"/>
</pin_list>
<bind>
<opcode="add(8) " fcode="add"/>
<opset="add_ln703_1/2 "/>
</bind>
</comp>

<comp id="239" class="1004" name="add_ln703_2_fu_239">
<pin_list>
<pin id="240" dir="0" index="0" bw="18" slack="0"/>
<pin id="241" dir="0" index="1" bw="18" slack="0"/>
<pin id="242" dir="1" index="2" bw="18" slack="0"/>
</pin_list>
<bind>
<opcode="add(8) " fcode="add"/>
<opset="add_ln703_2/2 "/>
</bind>
</comp>

<comp id="245" class="1004" name="exp_sum_V_fu_245">
<pin_list>
<pin id="246" dir="0" index="0" bw="18" slack="0"/>
<pin id="247" dir="0" index="1" bw="18" slack="0"/>
<pin id="248" dir="1" index="2" bw="18" slack="0"/>
</pin_list>
<bind>
<opcode="add(8) " fcode="add"/>
<opset="exp_sum_V/2 "/>
</bind>
</comp>

<comp id="251" class="1004" name="y_V_5_fu_251">
<pin_list>
<pin id="252" dir="0" index="0" bw="10" slack="0"/>
<pin id="253" dir="0" index="1" bw="18" slack="0"/>
<pin id="254" dir="0" index="2" bw="5" slack="0"/>
<pin id="255" dir="0" index="3" bw="6" slack="0"/>
<pin id="256" dir="1" index="4" bw="10" slack="0"/>
</pin_list>
<bind>
<opcode="partselect(1002) " fcode="partselect"/>
<opset="y_V_5/2 "/>
</bind>
</comp>

<comp id="261" class="1004" name="zext_ln259_fu_261">
<pin_list>
<pin id="262" dir="0" index="0" bw="10" slack="0"/>
<pin id="263" dir="1" index="1" bw="64" slack="0"/>
</pin_list>
<bind>
<opcode="zext(34) " fcode="zext"/>
<opset="zext_ln259/2 "/>
</bind>
</comp>

<comp id="266" class="1004" name="sext_ln1116_fu_266">
<pin_list>
<pin id="267" dir="0" index="0" bw="14" slack="0"/>
<pin id="268" dir="1" index="1" bw="26" slack="0"/>
</pin_list>
<bind>
<opcode="sext(35) " fcode="sext"/>
<opset="sext_ln1116/3 "/>
</bind>
</comp>

<comp id="270" class="1004" name="sext_ln1118_fu_270">
<pin_list>
<pin id="271" dir="0" index="0" bw="18" slack="1"/>
<pin id="272" dir="1" index="1" bw="26" slack="0"/>
</pin_list>
<bind>
<opcode="sext(35) " fcode="sext"/>
<opset="sext_ln1118/3 "/>
</bind>
</comp>

<comp id="273" class="1004" name="res_0_V_write_assign_fu_273">
<pin_list>
<pin id="274" dir="0" index="0" bw="16" slack="0"/>
<pin id="275" dir="0" index="1" bw="26" slack="0"/>
<pin id="276" dir="0" index="2" bw="5" slack="0"/>
<pin id="277" dir="0" index="3" bw="6" slack="0"/>
<pin id="278" dir="1" index="4" bw="16" slack="0"/>
</pin_list>
<bind>
<opcode="partselect(1002) " fcode="partselect"/>
<opset="res_0_V_write_assign/3 "/>
</bind>
</comp>

<comp id="282" class="1004" name="sext_ln1118_1_fu_282">
<pin_list>
<pin id="283" dir="0" index="0" bw="18" slack="1"/>
<pin id="284" dir="1" index="1" bw="26" slack="0"/>
</pin_list>
<bind>
<opcode="sext(35) " fcode="sext"/>
<opset="sext_ln1118_1/3 "/>
</bind>
</comp>

<comp id="285" class="1004" name="res_1_V_write_assign_fu_285">
<pin_list>
<pin id="286" dir="0" index="0" bw="16" slack="0"/>
<pin id="287" dir="0" index="1" bw="26" slack="0"/>
<pin id="288" dir="0" index="2" bw="5" slack="0"/>
<pin id="289" dir="0" index="3" bw="6" slack="0"/>
<pin id="290" dir="1" index="4" bw="16" slack="0"/>
</pin_list>
<bind>
<opcode="partselect(1002) " fcode="partselect"/>
<opset="res_1_V_write_assign/3 "/>
</bind>
</comp>

<comp id="294" class="1004" name="sext_ln1118_2_fu_294">
<pin_list>
<pin id="295" dir="0" index="0" bw="18" slack="1"/>
<pin id="296" dir="1" index="1" bw="26" slack="0"/>
</pin_list>
<bind>
<opcode="sext(35) " fcode="sext"/>
<opset="sext_ln1118_2/3 "/>
</bind>
</comp>

<comp id="297" class="1004" name="res_2_V_write_assign_fu_297">
<pin_list>
<pin id="298" dir="0" index="0" bw="16" slack="0"/>
<pin id="299" dir="0" index="1" bw="26" slack="0"/>
<pin id="300" dir="0" index="2" bw="5" slack="0"/>
<pin id="301" dir="0" index="3" bw="6" slack="0"/>
<pin id="302" dir="1" index="4" bw="16" slack="0"/>
</pin_list>
<bind>
<opcode="partselect(1002) " fcode="partselect"/>
<opset="res_2_V_write_assign/3 "/>
</bind>
</comp>

<comp id="306" class="1004" name="sext_ln1118_3_fu_306">
<pin_list>
<pin id="307" dir="0" index="0" bw="18" slack="1"/>
<pin id="308" dir="1" index="1" bw="26" slack="0"/>
</pin_list>
<bind>
<opcode="sext(35) " fcode="sext"/>
<opset="sext_ln1118_3/3 "/>
</bind>
</comp>

<comp id="309" class="1004" name="res_3_V_write_assign_fu_309">
<pin_list>
<pin id="310" dir="0" index="0" bw="16" slack="0"/>
<pin id="311" dir="0" index="1" bw="26" slack="0"/>
<pin id="312" dir="0" index="2" bw="5" slack="0"/>
<pin id="313" dir="0" index="3" bw="6" slack="0"/>
<pin id="314" dir="1" index="4" bw="16" slack="0"/>
</pin_list>
<bind>
<opcode="partselect(1002) " fcode="partselect"/>
<opset="res_3_V_write_assign/3 "/>
</bind>
</comp>

<comp id="318" class="1004" name="sext_ln1118_4_fu_318">
<pin_list>
<pin id="319" dir="0" index="0" bw="18" slack="1"/>
<pin id="320" dir="1" index="1" bw="26" slack="0"/>
</pin_list>
<bind>
<opcode="sext(35) " fcode="sext"/>
<opset="sext_ln1118_4/3 "/>
</bind>
</comp>

<comp id="321" class="1004" name="res_4_V_write_assign_fu_321">
<pin_list>
<pin id="322" dir="0" index="0" bw="16" slack="0"/>
<pin id="323" dir="0" index="1" bw="26" slack="0"/>
<pin id="324" dir="0" index="2" bw="5" slack="0"/>
<pin id="325" dir="0" index="3" bw="6" slack="0"/>
<pin id="326" dir="1" index="4" bw="16" slack="0"/>
</pin_list>
<bind>
<opcode="partselect(1002) " fcode="partselect"/>
<opset="res_4_V_write_assign/3 "/>
</bind>
</comp>

<comp id="330" class="1004" name="mrv_fu_330">
<pin_list>
<pin id="331" dir="0" index="0" bw="80" slack="0"/>
<pin id="332" dir="0" index="1" bw="16" slack="0"/>
<pin id="333" dir="1" index="2" bw="80" slack="0"/>
</pin_list>
<bind>
<opcode="insertvalue(57) " fcode="insertvalue"/>
<opset="mrv/3 "/>
</bind>
</comp>

<comp id="336" class="1004" name="mrv_1_fu_336">
<pin_list>
<pin id="337" dir="0" index="0" bw="80" slack="0"/>
<pin id="338" dir="0" index="1" bw="16" slack="0"/>
<pin id="339" dir="1" index="2" bw="80" slack="0"/>
</pin_list>
<bind>
<opcode="insertvalue(57) " fcode="insertvalue"/>
<opset="mrv_1/3 "/>
</bind>
</comp>

<comp id="342" class="1004" name="mrv_2_fu_342">
<pin_list>
<pin id="343" dir="0" index="0" bw="80" slack="0"/>
<pin id="344" dir="0" index="1" bw="16" slack="0"/>
<pin id="345" dir="1" index="2" bw="80" slack="0"/>
</pin_list>
<bind>
<opcode="insertvalue(57) " fcode="insertvalue"/>
<opset="mrv_2/3 "/>
</bind>
</comp>

<comp id="348" class="1004" name="mrv_3_fu_348">
<pin_list>
<pin id="349" dir="0" index="0" bw="80" slack="0"/>
<pin id="350" dir="0" index="1" bw="16" slack="0"/>
<pin id="351" dir="1" index="2" bw="80" slack="0"/>
</pin_list>
<bind>
<opcode="insertvalue(57) " fcode="insertvalue"/>
<opset="mrv_3/3 "/>
</bind>
</comp>

<comp id="354" class="1004" name="mrv_4_fu_354">
<pin_list>
<pin id="355" dir="0" index="0" bw="80" slack="0"/>
<pin id="356" dir="0" index="1" bw="16" slack="0"/>
<pin id="357" dir="1" index="2" bw="80" slack="2147483647"/>
</pin_list>
<bind>
<opcode="insertvalue(57) " fcode="insertvalue"/>
<opset="mrv_4/3 "/>
</bind>
</comp>

<comp id="360" class="1007" name="mul_ln1118_fu_360">
<pin_list>
<pin id="361" dir="0" index="0" bw="14" slack="0"/>
<pin id="362" dir="0" index="1" bw="18" slack="0"/>
<pin id="363" dir="1" index="2" bw="26" slack="0"/>
</pin_list>
<bind>
<opcode="mul(12) " fcode="mul"/>
<opset="mul_ln1118/3 "/>
</bind>
</comp>

<comp id="367" class="1007" name="mul_ln1118_1_fu_367">
<pin_list>
<pin id="368" dir="0" index="0" bw="14" slack="0"/>
<pin id="369" dir="0" index="1" bw="18" slack="0"/>
<pin id="370" dir="1" index="2" bw="26" slack="0"/>
</pin_list>
<bind>
<opcode="mul(12) " fcode="mul"/>
<opset="mul_ln1118_1/3 "/>
</bind>
</comp>

<comp id="374" class="1007" name="mul_ln1118_2_fu_374">
<pin_list>
<pin id="375" dir="0" index="0" bw="14" slack="0"/>
<pin id="376" dir="0" index="1" bw="18" slack="0"/>
<pin id="377" dir="1" index="2" bw="26" slack="0"/>
</pin_list>
<bind>
<opcode="mul(12) " fcode="mul"/>
<opset="mul_ln1118_2/3 "/>
</bind>
</comp>

<comp id="381" class="1007" name="mul_ln1118_3_fu_381">
<pin_list>
<pin id="382" dir="0" index="0" bw="14" slack="0"/>
<pin id="383" dir="0" index="1" bw="18" slack="0"/>
<pin id="384" dir="1" index="2" bw="26" slack="0"/>
</pin_list>
<bind>
<opcode="mul(12) " fcode="mul"/>
<opset="mul_ln1118_3/3 "/>
</bind>
</comp>

<comp id="388" class="1007" name="mul_ln1118_4_fu_388">
<pin_list>
<pin id="389" dir="0" index="0" bw="14" slack="0"/>
<pin id="390" dir="0" index="1" bw="18" slack="0"/>
<pin id="391" dir="1" index="2" bw="26" slack="0"/>
</pin_list>
<bind>
<opcode="mul(12) " fcode="mul"/>
<opset="mul_ln1118_4/3 "/>
</bind>
</comp>

<comp id="395" class="1005" name="exp_table1_addr_reg_395">
<pin_list>
<pin id="396" dir="0" index="0" bw="10" slack="1"/>
<pin id="397" dir="1" index="1" bw="10" slack="1"/>
</pin_list>
<bind>
<opset="exp_table1_addr "/>
</bind>
</comp>

<comp id="400" class="1005" name="exp_table1_addr_1_reg_400">
<pin_list>
<pin id="401" dir="0" index="0" bw="10" slack="1"/>
<pin id="402" dir="1" index="1" bw="10" slack="1"/>
</pin_list>
<bind>
<opset="exp_table1_addr_1 "/>
</bind>
</comp>

<comp id="405" class="1005" name="exp_table1_addr_2_reg_405">
<pin_list>
<pin id="406" dir="0" index="0" bw="10" slack="1"/>
<pin id="407" dir="1" index="1" bw="10" slack="1"/>
</pin_list>
<bind>
<opset="exp_table1_addr_2 "/>
</bind>
</comp>

<comp id="410" class="1005" name="exp_table1_addr_3_reg_410">
<pin_list>
<pin id="411" dir="0" index="0" bw="10" slack="1"/>
<pin id="412" dir="1" index="1" bw="10" slack="1"/>
</pin_list>
<bind>
<opset="exp_table1_addr_3 "/>
</bind>
</comp>

<comp id="415" class="1005" name="exp_table1_addr_4_reg_415">
<pin_list>
<pin id="416" dir="0" index="0" bw="10" slack="1"/>
<pin id="417" dir="1" index="1" bw="10" slack="1"/>
</pin_list>
<bind>
<opset="exp_table1_addr_4 "/>
</bind>
</comp>

<comp id="420" class="1005" name="exp_res_0_V_reg_420">
<pin_list>
<pin id="421" dir="0" index="0" bw="18" slack="1"/>
<pin id="422" dir="1" index="1" bw="18" slack="1"/>
</pin_list>
<bind>
<opset="exp_res_0_V "/>
</bind>
</comp>

<comp id="425" class="1005" name="exp_res_1_V_reg_425">
<pin_list>
<pin id="426" dir="0" index="0" bw="18" slack="1"/>
<pin id="427" dir="1" index="1" bw="18" slack="1"/>
</pin_list>
<bind>
<opset="exp_res_1_V "/>
</bind>
</comp>

<comp id="430" class="1005" name="exp_res_2_V_reg_430">
<pin_list>
<pin id="431" dir="0" index="0" bw="18" slack="1"/>
<pin id="432" dir="1" index="1" bw="18" slack="1"/>
</pin_list>
<bind>
<opset="exp_res_2_V "/>
</bind>
</comp>

<comp id="435" class="1005" name="exp_res_3_V_reg_435">
<pin_list>
<pin id="436" dir="0" index="0" bw="18" slack="1"/>
<pin id="437" dir="1" index="1" bw="18" slack="1"/>
</pin_list>
<bind>
<opset="exp_res_3_V "/>
</bind>
</comp>

<comp id="440" class="1005" name="exp_res_4_V_reg_440">
<pin_list>
<pin id="441" dir="0" index="0" bw="18" slack="1"/>
<pin id="442" dir="1" index="1" bw="18" slack="1"/>
</pin_list>
<bind>
<opset="exp_res_4_V "/>
</bind>
</comp>

<comp id="445" class="1005" name="invert_table2_addr_reg_445">
<pin_list>
<pin id="446" dir="0" index="0" bw="10" slack="1"/>
<pin id="447" dir="1" index="1" bw="10" slack="1"/>
</pin_list>
<bind>
<opset="invert_table2_addr "/>
</bind>
</comp>

</comp_list>

<net_list>
<net id="52"><net_src comp="14" pin="0"/><net_sink comp="48" pin=0"/></net>

<net id="53"><net_src comp="8" pin="0"/><net_sink comp="48" pin=1"/></net>

<net id="58"><net_src comp="14" pin="0"/><net_sink comp="54" pin=0"/></net>

<net id="59"><net_src comp="6" pin="0"/><net_sink comp="54" pin=1"/></net>

<net id="64"><net_src comp="14" pin="0"/><net_sink comp="60" pin=0"/></net>

<net id="65"><net_src comp="4" pin="0"/><net_sink comp="60" pin=1"/></net>

<net id="70"><net_src comp="14" pin="0"/><net_sink comp="66" pin=0"/></net>

<net id="71"><net_src comp="2" pin="0"/><net_sink comp="66" pin=1"/></net>

<net id="76"><net_src comp="14" pin="0"/><net_sink comp="72" pin=0"/></net>

<net id="77"><net_src comp="0" pin="0"/><net_sink comp="72" pin=1"/></net>

<net id="83"><net_src comp="10" pin="0"/><net_sink comp="78" pin=0"/></net>

<net id="84"><net_src comp="22" pin="0"/><net_sink comp="78" pin=1"/></net>

<net id="90"><net_src comp="78" pin="3"/><net_sink comp="85" pin=0"/></net>

<net id="96"><net_src comp="10" pin="0"/><net_sink comp="91" pin=0"/></net>

<net id="97"><net_src comp="22" pin="0"/><net_sink comp="91" pin=1"/></net>

<net id="102"><net_src comp="91" pin="3"/><net_sink comp="85" pin=2"/></net>

<net id="108"><net_src comp="10" pin="0"/><net_sink comp="103" pin=0"/></net>

<net id="109"><net_src comp="22" pin="0"/><net_sink comp="103" pin=1"/></net>

<net id="114"><net_src comp="103" pin="3"/><net_sink comp="85" pin=5"/></net>

<net id="120"><net_src comp="10" pin="0"/><net_sink comp="115" pin=0"/></net>

<net id="121"><net_src comp="22" pin="0"/><net_sink comp="115" pin=1"/></net>

<net id="126"><net_src comp="115" pin="3"/><net_sink comp="85" pin=8"/></net>

<net id="132"><net_src comp="10" pin="0"/><net_sink comp="127" pin=0"/></net>

<net id="133"><net_src comp="22" pin="0"/><net_sink comp="127" pin=1"/></net>

<net id="138"><net_src comp="127" pin="3"/><net_sink comp="85" pin=10"/></net>

<net id="144"><net_src comp="12" pin="0"/><net_sink comp="139" pin=0"/></net>

<net id="145"><net_src comp="22" pin="0"/><net_sink comp="139" pin=1"/></net>

<net id="151"><net_src comp="139" pin="3"/><net_sink comp="146" pin=0"/></net>

<net id="158"><net_src comp="16" pin="0"/><net_sink comp="152" pin=0"/></net>

<net id="159"><net_src comp="72" pin="2"/><net_sink comp="152" pin=1"/></net>

<net id="160"><net_src comp="18" pin="0"/><net_sink comp="152" pin=2"/></net>

<net id="161"><net_src comp="20" pin="0"/><net_sink comp="152" pin=3"/></net>

<net id="165"><net_src comp="152" pin="4"/><net_sink comp="162" pin=0"/></net>

<net id="166"><net_src comp="162" pin="1"/><net_sink comp="78" pin=2"/></net>

<net id="173"><net_src comp="16" pin="0"/><net_sink comp="167" pin=0"/></net>

<net id="174"><net_src comp="66" pin="2"/><net_sink comp="167" pin=1"/></net>

<net id="175"><net_src comp="18" pin="0"/><net_sink comp="167" pin=2"/></net>

<net id="176"><net_src comp="20" pin="0"/><net_sink comp="167" pin=3"/></net>

<net id="180"><net_src comp="167" pin="4"/><net_sink comp="177" pin=0"/></net>

<net id="181"><net_src comp="177" pin="1"/><net_sink comp="91" pin=2"/></net>

<net id="188"><net_src comp="16" pin="0"/><net_sink comp="182" pin=0"/></net>

<net id="189"><net_src comp="60" pin="2"/><net_sink comp="182" pin=1"/></net>

<net id="190"><net_src comp="18" pin="0"/><net_sink comp="182" pin=2"/></net>

<net id="191"><net_src comp="20" pin="0"/><net_sink comp="182" pin=3"/></net>

<net id="195"><net_src comp="182" pin="4"/><net_sink comp="192" pin=0"/></net>

<net id="196"><net_src comp="192" pin="1"/><net_sink comp="103" pin=2"/></net>

<net id="203"><net_src comp="16" pin="0"/><net_sink comp="197" pin=0"/></net>

<net id="204"><net_src comp="54" pin="2"/><net_sink comp="197" pin=1"/></net>

<net id="205"><net_src comp="18" pin="0"/><net_sink comp="197" pin=2"/></net>

<net id="206"><net_src comp="20" pin="0"/><net_sink comp="197" pin=3"/></net>

<net id="210"><net_src comp="197" pin="4"/><net_sink comp="207" pin=0"/></net>

<net id="211"><net_src comp="207" pin="1"/><net_sink comp="115" pin=2"/></net>

<net id="218"><net_src comp="16" pin="0"/><net_sink comp="212" pin=0"/></net>

<net id="219"><net_src comp="48" pin="2"/><net_sink comp="212" pin=1"/></net>

<net id="220"><net_src comp="18" pin="0"/><net_sink comp="212" pin=2"/></net>

<net id="221"><net_src comp="20" pin="0"/><net_sink comp="212" pin=3"/></net>

<net id="225"><net_src comp="212" pin="4"/><net_sink comp="222" pin=0"/></net>

<net id="226"><net_src comp="222" pin="1"/><net_sink comp="127" pin=2"/></net>

<net id="231"><net_src comp="85" pin="3"/><net_sink comp="227" pin=0"/></net>

<net id="232"><net_src comp="85" pin="7"/><net_sink comp="227" pin=1"/></net>

<net id="237"><net_src comp="85" pin="11"/><net_sink comp="233" pin=0"/></net>

<net id="238"><net_src comp="85" pin="19"/><net_sink comp="233" pin=1"/></net>

<net id="243"><net_src comp="233" pin="2"/><net_sink comp="239" pin=0"/></net>

<net id="244"><net_src comp="85" pin="15"/><net_sink comp="239" pin=1"/></net>

<net id="249"><net_src comp="239" pin="2"/><net_sink comp="245" pin=0"/></net>

<net id="250"><net_src comp="227" pin="2"/><net_sink comp="245" pin=1"/></net>

<net id="257"><net_src comp="24" pin="0"/><net_sink comp="251" pin=0"/></net>

<net id="258"><net_src comp="245" pin="2"/><net_sink comp="251" pin=1"/></net>

<net id="259"><net_src comp="26" pin="0"/><net_sink comp="251" pin=2"/></net>

<net id="260"><net_src comp="28" pin="0"/><net_sink comp="251" pin=3"/></net>

<net id="264"><net_src comp="251" pin="4"/><net_sink comp="261" pin=0"/></net>

<net id="265"><net_src comp="261" pin="1"/><net_sink comp="139" pin=2"/></net>

<net id="269"><net_src comp="146" pin="3"/><net_sink comp="266" pin=0"/></net>

<net id="279"><net_src comp="40" pin="0"/><net_sink comp="273" pin=0"/></net>

<net id="280"><net_src comp="42" pin="0"/><net_sink comp="273" pin=2"/></net>

<net id="281"><net_src comp="44" pin="0"/><net_sink comp="273" pin=3"/></net>

<net id="291"><net_src comp="40" pin="0"/><net_sink comp="285" pin=0"/></net>

<net id="292"><net_src comp="42" pin="0"/><net_sink comp="285" pin=2"/></net>

<net id="293"><net_src comp="44" pin="0"/><net_sink comp="285" pin=3"/></net>

<net id="303"><net_src comp="40" pin="0"/><net_sink comp="297" pin=0"/></net>

<net id="304"><net_src comp="42" pin="0"/><net_sink comp="297" pin=2"/></net>

<net id="305"><net_src comp="44" pin="0"/><net_sink comp="297" pin=3"/></net>

<net id="315"><net_src comp="40" pin="0"/><net_sink comp="309" pin=0"/></net>

<net id="316"><net_src comp="42" pin="0"/><net_sink comp="309" pin=2"/></net>

<net id="317"><net_src comp="44" pin="0"/><net_sink comp="309" pin=3"/></net>

<net id="327"><net_src comp="40" pin="0"/><net_sink comp="321" pin=0"/></net>

<net id="328"><net_src comp="42" pin="0"/><net_sink comp="321" pin=2"/></net>

<net id="329"><net_src comp="44" pin="0"/><net_sink comp="321" pin=3"/></net>

<net id="334"><net_src comp="46" pin="0"/><net_sink comp="330" pin=0"/></net>

<net id="335"><net_src comp="273" pin="4"/><net_sink comp="330" pin=1"/></net>

<net id="340"><net_src comp="330" pin="2"/><net_sink comp="336" pin=0"/></net>

<net id="341"><net_src comp="285" pin="4"/><net_sink comp="336" pin=1"/></net>

<net id="346"><net_src comp="336" pin="2"/><net_sink comp="342" pin=0"/></net>

<net id="347"><net_src comp="297" pin="4"/><net_sink comp="342" pin=1"/></net>

<net id="352"><net_src comp="342" pin="2"/><net_sink comp="348" pin=0"/></net>

<net id="353"><net_src comp="309" pin="4"/><net_sink comp="348" pin=1"/></net>

<net id="358"><net_src comp="348" pin="2"/><net_sink comp="354" pin=0"/></net>

<net id="359"><net_src comp="321" pin="4"/><net_sink comp="354" pin=1"/></net>

<net id="364"><net_src comp="266" pin="1"/><net_sink comp="360" pin=0"/></net>

<net id="365"><net_src comp="270" pin="1"/><net_sink comp="360" pin=1"/></net>

<net id="366"><net_src comp="360" pin="2"/><net_sink comp="273" pin=1"/></net>

<net id="371"><net_src comp="266" pin="1"/><net_sink comp="367" pin=0"/></net>

<net id="372"><net_src comp="282" pin="1"/><net_sink comp="367" pin=1"/></net>

<net id="373"><net_src comp="367" pin="2"/><net_sink comp="285" pin=1"/></net>

<net id="378"><net_src comp="266" pin="1"/><net_sink comp="374" pin=0"/></net>

<net id="379"><net_src comp="294" pin="1"/><net_sink comp="374" pin=1"/></net>

<net id="380"><net_src comp="374" pin="2"/><net_sink comp="297" pin=1"/></net>

<net id="385"><net_src comp="266" pin="1"/><net_sink comp="381" pin=0"/></net>

<net id="386"><net_src comp="306" pin="1"/><net_sink comp="381" pin=1"/></net>

<net id="387"><net_src comp="381" pin="2"/><net_sink comp="309" pin=1"/></net>

<net id="392"><net_src comp="266" pin="1"/><net_sink comp="388" pin=0"/></net>

<net id="393"><net_src comp="318" pin="1"/><net_sink comp="388" pin=1"/></net>

<net id="394"><net_src comp="388" pin="2"/><net_sink comp="321" pin=1"/></net>

<net id="398"><net_src comp="78" pin="3"/><net_sink comp="395" pin=0"/></net>

<net id="399"><net_src comp="395" pin="1"/><net_sink comp="85" pin=0"/></net>

<net id="403"><net_src comp="91" pin="3"/><net_sink comp="400" pin=0"/></net>

<net id="404"><net_src comp="400" pin="1"/><net_sink comp="85" pin=2"/></net>

<net id="408"><net_src comp="103" pin="3"/><net_sink comp="405" pin=0"/></net>

<net id="409"><net_src comp="405" pin="1"/><net_sink comp="85" pin=5"/></net>

<net id="413"><net_src comp="115" pin="3"/><net_sink comp="410" pin=0"/></net>

<net id="414"><net_src comp="410" pin="1"/><net_sink comp="85" pin=8"/></net>

<net id="418"><net_src comp="127" pin="3"/><net_sink comp="415" pin=0"/></net>

<net id="419"><net_src comp="415" pin="1"/><net_sink comp="85" pin=10"/></net>

<net id="423"><net_src comp="85" pin="3"/><net_sink comp="420" pin=0"/></net>

<net id="424"><net_src comp="420" pin="1"/><net_sink comp="270" pin=0"/></net>

<net id="428"><net_src comp="85" pin="7"/><net_sink comp="425" pin=0"/></net>

<net id="429"><net_src comp="425" pin="1"/><net_sink comp="282" pin=0"/></net>

<net id="433"><net_src comp="85" pin="11"/><net_sink comp="430" pin=0"/></net>

<net id="434"><net_src comp="430" pin="1"/><net_sink comp="294" pin=0"/></net>

<net id="438"><net_src comp="85" pin="15"/><net_sink comp="435" pin=0"/></net>

<net id="439"><net_src comp="435" pin="1"/><net_sink comp="306" pin=0"/></net>

<net id="443"><net_src comp="85" pin="19"/><net_sink comp="440" pin=0"/></net>

<net id="444"><net_src comp="440" pin="1"/><net_sink comp="318" pin=0"/></net>

<net id="448"><net_src comp="139" pin="3"/><net_sink comp="445" pin=0"/></net>

<net id="449"><net_src comp="445" pin="1"/><net_sink comp="146" pin=0"/></net>

</net_list>

</model> 
---------------- Datapath Model END ------------------

* FSMD analyzer results:
  - Output states:
 - Input state : 
	Port: softmax_latency<ap_fixed,ap_fixed,softmax_config13> : data_0_V_read | {1 }
	Port: softmax_latency<ap_fixed,ap_fixed,softmax_config13> : data_1_V_read | {1 }
	Port: softmax_latency<ap_fixed,ap_fixed,softmax_config13> : data_2_V_read | {1 }
	Port: softmax_latency<ap_fixed,ap_fixed,softmax_config13> : data_3_V_read | {1 }
	Port: softmax_latency<ap_fixed,ap_fixed,softmax_config13> : data_4_V_read | {1 }
	Port: softmax_latency<ap_fixed,ap_fixed,softmax_config13> : exp_table1 | {1 2 }
	Port: softmax_latency<ap_fixed,ap_fixed,softmax_config13> : invert_table2 | {2 3 }
  - Chain level:
	State 1
		zext_ln251 : 1
		exp_table1_addr : 2
		exp_res_0_V : 3
		zext_ln251_1 : 1
		exp_table1_addr_1 : 2
		exp_res_1_V : 3
		zext_ln251_2 : 1
		exp_table1_addr_2 : 2
		exp_res_2_V : 3
		zext_ln251_3 : 1
		exp_table1_addr_3 : 2
		exp_res_3_V : 3
		zext_ln251_4 : 1
		exp_table1_addr_4 : 2
		exp_res_4_V : 3
	State 2
		add_ln703 : 1
		add_ln703_1 : 1
		add_ln703_2 : 2
		exp_sum_V : 3
		y_V_5 : 4
		zext_ln259 : 5
		invert_table2_addr : 6
		inv_exp_sum_V : 7
	State 3
		sext_ln1116 : 1
		mul_ln1118 : 2
		res_0_V_write_assign : 3
		mul_ln1118_1 : 2
		res_1_V_write_assign : 3
		mul_ln1118_2 : 2
		res_2_V_write_assign : 3
		mul_ln1118_3 : 2
		res_3_V_write_assign : 3
		mul_ln1118_4 : 2
		res_4_V_write_assign : 3
		mrv : 4
		mrv_1 : 5
		mrv_2 : 6
		mrv_3 : 7
		mrv_4 : 8
		ret_ln264 : 9


============================================================
+ Verbose Summary: Datapath Resource usage 
============================================================

* Functional unit list:
|----------|-----------------------------|---------|---------|---------|
| Operation|       Functional Unit       |  DSP48E |    FF   |   LUT   |
|----------|-----------------------------|---------|---------|---------|
|          |       add_ln703_fu_227      |    0    |    0    |    18   |
|    add   |      add_ln703_1_fu_233     |    0    |    0    |    18   |
|          |      add_ln703_2_fu_239     |    0    |    0    |    18   |
|          |       exp_sum_V_fu_245      |    0    |    0    |    18   |
|----------|-----------------------------|---------|---------|---------|
|          |      mul_ln1118_fu_360      |    1    |    0    |    0    |
|          |     mul_ln1118_1_fu_367     |    1    |    0    |    0    |
|    mul   |     mul_ln1118_2_fu_374     |    1    |    0    |    0    |
|          |     mul_ln1118_3_fu_381     |    1    |    0    |    0    |
|          |     mul_ln1118_4_fu_388     |    1    |    0    |    0    |
|----------|-----------------------------|---------|---------|---------|
|          |  data_4_V_read_1_read_fu_48 |    0    |    0    |    0    |
|          |  data_3_V_read_1_read_fu_54 |    0    |    0    |    0    |
|   read   |  data_2_V_read_1_read_fu_60 |    0    |    0    |    0    |
|          |  data_1_V_read_1_read_fu_66 |    0    |    0    |    0    |
|          |  data_0_V_read_1_read_fu_72 |    0    |    0    |    0    |
|----------|-----------------------------|---------|---------|---------|
|          |          y_V_fu_152         |    0    |    0    |    0    |
|          |         y_V_1_fu_167        |    0    |    0    |    0    |
|          |         y_V_2_fu_182        |    0    |    0    |    0    |
|          |         y_V_3_fu_197        |    0    |    0    |    0    |
|          |         y_V_4_fu_212        |    0    |    0    |    0    |
|partselect|         y_V_5_fu_251        |    0    |    0    |    0    |
|          | res_0_V_write_assign_fu_273 |    0    |    0    |    0    |
|          | res_1_V_write_assign_fu_285 |    0    |    0    |    0    |
|          | res_2_V_write_assign_fu_297 |    0    |    0    |    0    |
|          | res_3_V_write_assign_fu_309 |    0    |    0    |    0    |
|          | res_4_V_write_assign_fu_321 |    0    |    0    |    0    |
|----------|-----------------------------|---------|---------|---------|
|          |      zext_ln251_fu_162      |    0    |    0    |    0    |
|          |     zext_ln251_1_fu_177     |    0    |    0    |    0    |
|   zext   |     zext_ln251_2_fu_192     |    0    |    0    |    0    |
|          |     zext_ln251_3_fu_207     |    0    |    0    |    0    |
|          |     zext_ln251_4_fu_222     |    0    |    0    |    0    |
|          |      zext_ln259_fu_261      |    0    |    0    |    0    |
|----------|-----------------------------|---------|---------|---------|
|          |      sext_ln1116_fu_266     |    0    |    0    |    0    |
|          |      sext_ln1118_fu_270     |    0    |    0    |    0    |
|   sext   |     sext_ln1118_1_fu_282    |    0    |    0    |    0    |
|          |     sext_ln1118_2_fu_294    |    0    |    0    |    0    |
|          |     sext_ln1118_3_fu_306    |    0    |    0    |    0    |
|          |     sext_ln1118_4_fu_318    |    0    |    0    |    0    |
|----------|-----------------------------|---------|---------|---------|
|          |          mrv_fu_330         |    0    |    0    |    0    |
|          |         mrv_1_fu_336        |    0    |    0    |    0    |
|insertvalue|         mrv_2_fu_342        |    0    |    0    |    0    |
|          |         mrv_3_fu_348        |    0    |    0    |    0    |
|          |         mrv_4_fu_354        |    0    |    0    |    0    |
|----------|-----------------------------|---------|---------|---------|
|   Total  |                             |    5    |    0    |    72   |
|----------|-----------------------------|---------|---------|---------|

Memories:
N/A

* Register list:
+--------------------------+--------+
|                          |   FF   |
+--------------------------+--------+
|    exp_res_0_V_reg_420   |   18   |
|    exp_res_1_V_reg_425   |   18   |
|    exp_res_2_V_reg_430   |   18   |
|    exp_res_3_V_reg_435   |   18   |
|    exp_res_4_V_reg_440   |   18   |
| exp_table1_addr_1_reg_400|   10   |
| exp_table1_addr_2_reg_405|   10   |
| exp_table1_addr_3_reg_410|   10   |
| exp_table1_addr_4_reg_415|   10   |
|  exp_table1_addr_reg_395 |   10   |
|invert_table2_addr_reg_445|   10   |
+--------------------------+--------+
|           Total          |   150  |
+--------------------------+--------+

* Multiplexer (MUX) list: 
|-------------------|------|------|------|--------||---------||---------|
|        Comp       |  Pin | Size |  BW  | S x BW ||  Delay  ||   LUT   |
|-------------------|------|------|------|--------||---------||---------|
|  grp_access_fu_85 |  p0  |   2  |  10  |   20   ||    9    |
|  grp_access_fu_85 |  p2  |   2  |   0  |    0   ||    9    |
|  grp_access_fu_85 |  p5  |   2  |  18  |   36   ||    9    |
|  grp_access_fu_85 |  p8  |   2  |  10  |   20   ||    9    |
|  grp_access_fu_85 |  p10 |   2  |   0  |    0   ||    9    |
| grp_access_fu_146 |  p0  |   2  |  10  |   20   ||    9    |
|-------------------|------|------|------|--------||---------||---------|
|       Total       |      |      |      |   96   ||  3.618  ||    54   |
|-------------------|------|------|------|--------||---------||---------|



* Summary:
+-----------+--------+--------+--------+--------+
|           | DSP48E |  Delay |   FF   |   LUT  |
+-----------+--------+--------+--------+--------+
|  Function |    5   |    -   |    0   |   72   |
|   Memory  |    -   |    -   |    -   |    -   |
|Multiplexer|    -   |    3   |    -   |   54   |
|  Register |    -   |    -   |   150  |    -   |
+-----------+--------+--------+--------+--------+
|   Total   |    5   |    3   |   150  |   126  |
+-----------+--------+--------+--------+--------+
