

================================================================
== Vivado HLS Report for 'relu_ap_fixed_ap_fixed_16_6_5_3_0_relu_config7_s'
================================================================
* Date:           Wed Nov 24 00:56:45 2021

* Version:        2019.2 (Build 2704478 on Wed Nov 06 22:10:23 MST 2019)
* Project:        myproject_prj
* Solution:       solution1
* Product family: virtexuplus
* Target device:  xcu250-figd2104-2L-e


================================================================
== Performance Estimates
================================================================
+ Timing: 
    * Summary: 
    +--------+---------+----------+------------+
    |  Clock |  Target | Estimated| Uncertainty|
    +--------+---------+----------+------------+
    |ap_clk  | 5.00 ns | 0.969 ns |   0.62 ns  |
    +--------+---------+----------+------------+

+ Latency: 
    * Summary: 
    +---------+---------+----------+----------+-----+-----+----------+
    |  Latency (cycles) |  Latency (absolute) |  Interval | Pipeline |
    |   min   |   max   |    min   |    max   | min | max |   Type   |
    +---------+---------+----------+----------+-----+-----+----------+
    |        0|        0|   0 ns   |   0 ns   |    1|    1| function |
    +---------+---------+----------+----------+-----+-----+----------+

    + Detail: 
        * Instance: 
        N/A

        * Loop: 
        N/A



================================================================
== Utilization Estimates
================================================================
* Summary: 
+---------------------+---------+-------+---------+---------+------+
|         Name        | BRAM_18K| DSP48E|    FF   |   LUT   | URAM |
+---------------------+---------+-------+---------+---------+------+
|DSP                  |        -|      -|        -|        -|     -|
|Expression           |        -|      -|        0|      896|     -|
|FIFO                 |        -|      -|        -|        -|     -|
|Instance             |        -|      -|        -|        -|     -|
|Memory               |        -|      -|        -|        -|     -|
|Multiplexer          |        -|      -|        -|        -|     -|
|Register             |        -|      -|        -|        -|     -|
+---------------------+---------+-------+---------+---------+------+
|Total                |        0|      0|        0|      896|     0|
+---------------------+---------+-------+---------+---------+------+
|Available SLR        |     1344|   3072|   864000|   432000|   320|
+---------------------+---------+-------+---------+---------+------+
|Utilization SLR (%)  |        0|      0|        0|    ~0   |     0|
+---------------------+---------+-------+---------+---------+------+
|Available            |     5376|  12288|  3456000|  1728000|  1280|
+---------------------+---------+-------+---------+---------+------+
|Utilization (%)      |        0|      0|        0|    ~0   |     0|
+---------------------+---------+-------+---------+---------+------+

+ Detail: 
    * Instance: 
    N/A

    * DSP48E: 
    N/A

    * Memory: 
    N/A

    * FIFO: 
    N/A

    * Expression: 
    +--------------------------+----------+-------+---+----+------------+------------+
    |       Variable Name      | Operation| DSP48E| FF| LUT| Bitwidth P0| Bitwidth P1|
    +--------------------------+----------+-------+---+----+------------+------------+
    |icmp_ln1494_10_fu_500_p2  |   icmp   |      0|  0|  13|          16|           1|
    |icmp_ln1494_11_fu_522_p2  |   icmp   |      0|  0|  13|          16|           1|
    |icmp_ln1494_12_fu_544_p2  |   icmp   |      0|  0|  13|          16|           1|
    |icmp_ln1494_13_fu_566_p2  |   icmp   |      0|  0|  13|          16|           1|
    |icmp_ln1494_14_fu_588_p2  |   icmp   |      0|  0|  13|          16|           1|
    |icmp_ln1494_15_fu_610_p2  |   icmp   |      0|  0|  13|          16|           1|
    |icmp_ln1494_16_fu_632_p2  |   icmp   |      0|  0|  13|          16|           1|
    |icmp_ln1494_17_fu_654_p2  |   icmp   |      0|  0|  13|          16|           1|
    |icmp_ln1494_18_fu_676_p2  |   icmp   |      0|  0|  13|          16|           1|
    |icmp_ln1494_19_fu_698_p2  |   icmp   |      0|  0|  13|          16|           1|
    |icmp_ln1494_1_fu_302_p2   |   icmp   |      0|  0|  13|          16|           1|
    |icmp_ln1494_20_fu_720_p2  |   icmp   |      0|  0|  13|          16|           1|
    |icmp_ln1494_21_fu_742_p2  |   icmp   |      0|  0|  13|          16|           1|
    |icmp_ln1494_22_fu_764_p2  |   icmp   |      0|  0|  13|          16|           1|
    |icmp_ln1494_23_fu_786_p2  |   icmp   |      0|  0|  13|          16|           1|
    |icmp_ln1494_24_fu_808_p2  |   icmp   |      0|  0|  13|          16|           1|
    |icmp_ln1494_25_fu_830_p2  |   icmp   |      0|  0|  13|          16|           1|
    |icmp_ln1494_26_fu_852_p2  |   icmp   |      0|  0|  13|          16|           1|
    |icmp_ln1494_27_fu_874_p2  |   icmp   |      0|  0|  13|          16|           1|
    |icmp_ln1494_28_fu_896_p2  |   icmp   |      0|  0|  13|          16|           1|
    |icmp_ln1494_29_fu_918_p2  |   icmp   |      0|  0|  13|          16|           1|
    |icmp_ln1494_2_fu_324_p2   |   icmp   |      0|  0|  13|          16|           1|
    |icmp_ln1494_30_fu_940_p2  |   icmp   |      0|  0|  13|          16|           1|
    |icmp_ln1494_31_fu_962_p2  |   icmp   |      0|  0|  13|          16|           1|
    |icmp_ln1494_3_fu_346_p2   |   icmp   |      0|  0|  13|          16|           1|
    |icmp_ln1494_4_fu_368_p2   |   icmp   |      0|  0|  13|          16|           1|
    |icmp_ln1494_5_fu_390_p2   |   icmp   |      0|  0|  13|          16|           1|
    |icmp_ln1494_6_fu_412_p2   |   icmp   |      0|  0|  13|          16|           1|
    |icmp_ln1494_7_fu_434_p2   |   icmp   |      0|  0|  13|          16|           1|
    |icmp_ln1494_8_fu_456_p2   |   icmp   |      0|  0|  13|          16|           1|
    |icmp_ln1494_9_fu_478_p2   |   icmp   |      0|  0|  13|          16|           1|
    |icmp_ln1494_fu_280_p2     |   icmp   |      0|  0|  13|          16|           1|
    |select_ln81_10_fu_510_p3  |  select  |      0|  0|  15|           1|          15|
    |select_ln81_11_fu_532_p3  |  select  |      0|  0|  15|           1|          15|
    |select_ln81_12_fu_554_p3  |  select  |      0|  0|  15|           1|          15|
    |select_ln81_13_fu_576_p3  |  select  |      0|  0|  15|           1|          15|
    |select_ln81_14_fu_598_p3  |  select  |      0|  0|  15|           1|          15|
    |select_ln81_15_fu_620_p3  |  select  |      0|  0|  15|           1|          15|
    |select_ln81_16_fu_642_p3  |  select  |      0|  0|  15|           1|          15|
    |select_ln81_17_fu_664_p3  |  select  |      0|  0|  15|           1|          15|
    |select_ln81_18_fu_686_p3  |  select  |      0|  0|  15|           1|          15|
    |select_ln81_19_fu_708_p3  |  select  |      0|  0|  15|           1|          15|
    |select_ln81_1_fu_312_p3   |  select  |      0|  0|  15|           1|          15|
    |select_ln81_20_fu_730_p3  |  select  |      0|  0|  15|           1|          15|
    |select_ln81_21_fu_752_p3  |  select  |      0|  0|  15|           1|          15|
    |select_ln81_22_fu_774_p3  |  select  |      0|  0|  15|           1|          15|
    |select_ln81_23_fu_796_p3  |  select  |      0|  0|  15|           1|          15|
    |select_ln81_24_fu_818_p3  |  select  |      0|  0|  15|           1|          15|
    |select_ln81_25_fu_840_p3  |  select  |      0|  0|  15|           1|          15|
    |select_ln81_26_fu_862_p3  |  select  |      0|  0|  15|           1|          15|
    |select_ln81_27_fu_884_p3  |  select  |      0|  0|  15|           1|          15|
    |select_ln81_28_fu_906_p3  |  select  |      0|  0|  15|           1|          15|
    |select_ln81_29_fu_928_p3  |  select  |      0|  0|  15|           1|          15|
    |select_ln81_2_fu_334_p3   |  select  |      0|  0|  15|           1|          15|
    |select_ln81_30_fu_950_p3  |  select  |      0|  0|  15|           1|          15|
    |select_ln81_31_fu_972_p3  |  select  |      0|  0|  15|           1|          15|
    |select_ln81_3_fu_356_p3   |  select  |      0|  0|  15|           1|          15|
    |select_ln81_4_fu_378_p3   |  select  |      0|  0|  15|           1|          15|
    |select_ln81_5_fu_400_p3   |  select  |      0|  0|  15|           1|          15|
    |select_ln81_6_fu_422_p3   |  select  |      0|  0|  15|           1|          15|
    |select_ln81_7_fu_444_p3   |  select  |      0|  0|  15|           1|          15|
    |select_ln81_8_fu_466_p3   |  select  |      0|  0|  15|           1|          15|
    |select_ln81_9_fu_488_p3   |  select  |      0|  0|  15|           1|          15|
    |select_ln81_fu_290_p3     |  select  |      0|  0|  15|           1|          15|
    +--------------------------+----------+-------+---+----+------------+------------+
    |Total                     |          |      0|  0| 896|         544|         512|
    +--------------------------+----------+-------+---+----+------------+------------+

    * Multiplexer: 
    N/A

    * Register: 
    N/A



================================================================
== Interface
================================================================
* Summary: 
+----------------+-----+-----+------------+--------------------------------------------------+--------------+
|    RTL Ports   | Dir | Bits|  Protocol  |                   Source Object                  |    C Type    |
+----------------+-----+-----+------------+--------------------------------------------------+--------------+
|ap_ready        | out |    1| ap_ctrl_hs | relu<ap_fixed,ap_fixed<16,6,5,3,0>,relu_config7> | return value |
|ap_return_0     | out |   16| ap_ctrl_hs | relu<ap_fixed,ap_fixed<16,6,5,3,0>,relu_config7> | return value |
|ap_return_1     | out |   16| ap_ctrl_hs | relu<ap_fixed,ap_fixed<16,6,5,3,0>,relu_config7> | return value |
|ap_return_2     | out |   16| ap_ctrl_hs | relu<ap_fixed,ap_fixed<16,6,5,3,0>,relu_config7> | return value |
|ap_return_3     | out |   16| ap_ctrl_hs | relu<ap_fixed,ap_fixed<16,6,5,3,0>,relu_config7> | return value |
|ap_return_4     | out |   16| ap_ctrl_hs | relu<ap_fixed,ap_fixed<16,6,5,3,0>,relu_config7> | return value |
|ap_return_5     | out |   16| ap_ctrl_hs | relu<ap_fixed,ap_fixed<16,6,5,3,0>,relu_config7> | return value |
|ap_return_6     | out |   16| ap_ctrl_hs | relu<ap_fixed,ap_fixed<16,6,5,3,0>,relu_config7> | return value |
|ap_return_7     | out |   16| ap_ctrl_hs | relu<ap_fixed,ap_fixed<16,6,5,3,0>,relu_config7> | return value |
|ap_return_8     | out |   16| ap_ctrl_hs | relu<ap_fixed,ap_fixed<16,6,5,3,0>,relu_config7> | return value |
|ap_return_9     | out |   16| ap_ctrl_hs | relu<ap_fixed,ap_fixed<16,6,5,3,0>,relu_config7> | return value |
|ap_return_10    | out |   16| ap_ctrl_hs | relu<ap_fixed,ap_fixed<16,6,5,3,0>,relu_config7> | return value |
|ap_return_11    | out |   16| ap_ctrl_hs | relu<ap_fixed,ap_fixed<16,6,5,3,0>,relu_config7> | return value |
|ap_return_12    | out |   16| ap_ctrl_hs | relu<ap_fixed,ap_fixed<16,6,5,3,0>,relu_config7> | return value |
|ap_return_13    | out |   16| ap_ctrl_hs | relu<ap_fixed,ap_fixed<16,6,5,3,0>,relu_config7> | return value |
|ap_return_14    | out |   16| ap_ctrl_hs | relu<ap_fixed,ap_fixed<16,6,5,3,0>,relu_config7> | return value |
|ap_return_15    | out |   16| ap_ctrl_hs | relu<ap_fixed,ap_fixed<16,6,5,3,0>,relu_config7> | return value |
|ap_return_16    | out |   16| ap_ctrl_hs | relu<ap_fixed,ap_fixed<16,6,5,3,0>,relu_config7> | return value |
|ap_return_17    | out |   16| ap_ctrl_hs | relu<ap_fixed,ap_fixed<16,6,5,3,0>,relu_config7> | return value |
|ap_return_18    | out |   16| ap_ctrl_hs | relu<ap_fixed,ap_fixed<16,6,5,3,0>,relu_config7> | return value |
|ap_return_19    | out |   16| ap_ctrl_hs | relu<ap_fixed,ap_fixed<16,6,5,3,0>,relu_config7> | return value |
|ap_return_20    | out |   16| ap_ctrl_hs | relu<ap_fixed,ap_fixed<16,6,5,3,0>,relu_config7> | return value |
|ap_return_21    | out |   16| ap_ctrl_hs | relu<ap_fixed,ap_fixed<16,6,5,3,0>,relu_config7> | return value |
|ap_return_22    | out |   16| ap_ctrl_hs | relu<ap_fixed,ap_fixed<16,6,5,3,0>,relu_config7> | return value |
|ap_return_23    | out |   16| ap_ctrl_hs | relu<ap_fixed,ap_fixed<16,6,5,3,0>,relu_config7> | return value |
|ap_return_24    | out |   16| ap_ctrl_hs | relu<ap_fixed,ap_fixed<16,6,5,3,0>,relu_config7> | return value |
|ap_return_25    | out |   16| ap_ctrl_hs | relu<ap_fixed,ap_fixed<16,6,5,3,0>,relu_config7> | return value |
|ap_return_26    | out |   16| ap_ctrl_hs | relu<ap_fixed,ap_fixed<16,6,5,3,0>,relu_config7> | return value |
|ap_return_27    | out |   16| ap_ctrl_hs | relu<ap_fixed,ap_fixed<16,6,5,3,0>,relu_config7> | return value |
|ap_return_28    | out |   16| ap_ctrl_hs | relu<ap_fixed,ap_fixed<16,6,5,3,0>,relu_config7> | return value |
|ap_return_29    | out |   16| ap_ctrl_hs | relu<ap_fixed,ap_fixed<16,6,5,3,0>,relu_config7> | return value |
|ap_return_30    | out |   16| ap_ctrl_hs | relu<ap_fixed,ap_fixed<16,6,5,3,0>,relu_config7> | return value |
|ap_return_31    | out |   16| ap_ctrl_hs | relu<ap_fixed,ap_fixed<16,6,5,3,0>,relu_config7> | return value |
|data_0_V_read   |  in |   16|   ap_none  |                   data_0_V_read                  |    scalar    |
|data_1_V_read   |  in |   16|   ap_none  |                   data_1_V_read                  |    scalar    |
|data_2_V_read   |  in |   16|   ap_none  |                   data_2_V_read                  |    scalar    |
|data_3_V_read   |  in |   16|   ap_none  |                   data_3_V_read                  |    scalar    |
|data_4_V_read   |  in |   16|   ap_none  |                   data_4_V_read                  |    scalar    |
|data_5_V_read   |  in |   16|   ap_none  |                   data_5_V_read                  |    scalar    |
|data_6_V_read   |  in |   16|   ap_none  |                   data_6_V_read                  |    scalar    |
|data_7_V_read   |  in |   16|   ap_none  |                   data_7_V_read                  |    scalar    |
|data_8_V_read   |  in |   16|   ap_none  |                   data_8_V_read                  |    scalar    |
|data_9_V_read   |  in |   16|   ap_none  |                   data_9_V_read                  |    scalar    |
|data_10_V_read  |  in |   16|   ap_none  |                  data_10_V_read                  |    scalar    |
|data_11_V_read  |  in |   16|   ap_none  |                  data_11_V_read                  |    scalar    |
|data_12_V_read  |  in |   16|   ap_none  |                  data_12_V_read                  |    scalar    |
|data_13_V_read  |  in |   16|   ap_none  |                  data_13_V_read                  |    scalar    |
|data_14_V_read  |  in |   16|   ap_none  |                  data_14_V_read                  |    scalar    |
|data_15_V_read  |  in |   16|   ap_none  |                  data_15_V_read                  |    scalar    |
|data_16_V_read  |  in |   16|   ap_none  |                  data_16_V_read                  |    scalar    |
|data_17_V_read  |  in |   16|   ap_none  |                  data_17_V_read                  |    scalar    |
|data_18_V_read  |  in |   16|   ap_none  |                  data_18_V_read                  |    scalar    |
|data_19_V_read  |  in |   16|   ap_none  |                  data_19_V_read                  |    scalar    |
|data_20_V_read  |  in |   16|   ap_none  |                  data_20_V_read                  |    scalar    |
|data_21_V_read  |  in |   16|   ap_none  |                  data_21_V_read                  |    scalar    |
|data_22_V_read  |  in |   16|   ap_none  |                  data_22_V_read                  |    scalar    |
|data_23_V_read  |  in |   16|   ap_none  |                  data_23_V_read                  |    scalar    |
|data_24_V_read  |  in |   16|   ap_none  |                  data_24_V_read                  |    scalar    |
|data_25_V_read  |  in |   16|   ap_none  |                  data_25_V_read                  |    scalar    |
|data_26_V_read  |  in |   16|   ap_none  |                  data_26_V_read                  |    scalar    |
|data_27_V_read  |  in |   16|   ap_none  |                  data_27_V_read                  |    scalar    |
|data_28_V_read  |  in |   16|   ap_none  |                  data_28_V_read                  |    scalar    |
|data_29_V_read  |  in |   16|   ap_none  |                  data_29_V_read                  |    scalar    |
|data_30_V_read  |  in |   16|   ap_none  |                  data_30_V_read                  |    scalar    |
|data_31_V_read  |  in |   16|   ap_none  |                  data_31_V_read                  |    scalar    |
+----------------+-----+-----+------------+--------------------------------------------------+--------------+

