

================================================================
== Vivado HLS Report for 'dense_latency_ap_fixed_ap_fixed_mlp_config_0_0_0_0_0_0'
================================================================
* Date:           Fri Apr 29 03:14:38 2022

* Version:        2019.2 (Build 2704478 on Wed Nov 06 22:10:23 MST 2019)
* Project:        myproject_prj
* Solution:       solution1
* Product family: virtexuplus
* Target device:  xcu250-figd2104-2L-e


================================================================
== Performance Estimates
================================================================
+ Timing: 
    * Summary: 
    +--------+---------+----------+------------+
    |  Clock |  Target | Estimated| Uncertainty|
    +--------+---------+----------+------------+
    |ap_clk  | 5.00 ns | 4.358 ns |   0.62 ns  |
    +--------+---------+----------+------------+

+ Latency: 
    * Summary: 
    +---------+---------+-----------+-----------+-----+-----+----------+
    |  Latency (cycles) |   Latency (absolute)  |  Interval | Pipeline |
    |   min   |   max   |    min    |    max    | min | max |   Type   |
    +---------+---------+-----------+-----------+-----+-----+----------+
    |        9|        9| 45.000 ns | 45.000 ns |    8|    8| function |
    +---------+---------+-----------+-----------+-----+-----+----------+

    + Detail: 
        * Instance: 
        N/A

        * Loop: 
        N/A



================================================================
== Utilization Estimates
================================================================
* Summary: 
+---------------------+---------+-------+---------+---------+------+
|         Name        | BRAM_18K| DSP48E|    FF   |   LUT   | URAM |
+---------------------+---------+-------+---------+---------+------+
|DSP                  |        -|      -|        -|        -|     -|
|Expression           |        -|    160|        0|     3674|     -|
|FIFO                 |        -|      -|        -|        -|     -|
|Instance             |        -|      -|        -|        -|     -|
|Memory               |        -|      -|        -|        -|     -|
|Multiplexer          |        -|      -|        -|      150|     -|
|Register             |        -|      -|     2375|        -|     -|
+---------------------+---------+-------+---------+---------+------+
|Total                |        0|    160|     2375|     3824|     0|
+---------------------+---------+-------+---------+---------+------+
|Available SLR        |     1344|   3072|   864000|   432000|   320|
+---------------------+---------+-------+---------+---------+------+
|Utilization SLR (%)  |        0|      5|    ~0   |    ~0   |     0|
+---------------------+---------+-------+---------+---------+------+
|Available            |     5376|  12288|  3456000|  1728000|  1280|
+---------------------+---------+-------+---------+---------+------+
|Utilization (%)      |        0|      1|    ~0   |    ~0   |     0|
+---------------------+---------+-------+---------+---------+------+

+ Detail: 
    * Instance: 
    N/A

    * DSP48E: 
    N/A

    * Memory: 
    N/A

    * FIFO: 
    N/A

    * Expression: 
    +-----------------------------+----------+-------+---+----+------------+------------+
    |        Variable Name        | Operation| DSP48E| FF| LUT| Bitwidth P0| Bitwidth P1|
    +-----------------------------+----------+-------+---+----+------------+------------+
    |mul_ln1118_1076_fu_422_p2    |     *    |      2|  0|  23|          35|          18|
    |mul_ln1118_1077_fu_481_p2    |     *    |      2|  0|  23|          35|          15|
    |mul_ln1118_1078_fu_408_p2    |     *    |      2|  0|  23|          35|          17|
    |mul_ln1118_1079_fu_474_p2    |     *    |      2|  0|  23|          35|          19|
    |mul_ln1118_1080_fu_405_p2    |     *    |      2|  0|  23|          35|          20|
    |mul_ln1118_1081_fu_412_p2    |     *    |      2|  0|  23|          35|          20|
    |mul_ln1118_1082_fu_473_p2    |     *    |      2|  0|  23|          35|          20|
    |mul_ln1118_1083_fu_418_p2    |     *    |      2|  0|  23|          35|          19|
    |mul_ln1118_1084_fu_456_p2    |     *    |      2|  0|  23|          35|          19|
    |mul_ln1118_1085_fu_444_p2    |     *    |      2|  0|  23|          35|          18|
    |mul_ln1118_1086_fu_483_p2    |     *    |      2|  0|  23|          35|          19|
    |mul_ln1118_1087_fu_425_p2    |     *    |      2|  0|  23|          35|          18|
    |mul_ln1118_1088_fu_443_p2    |     *    |      2|  0|  23|          35|          18|
    |mul_ln1118_1089_fu_441_p2    |     *    |      2|  0|  23|          35|          14|
    |mul_ln1118_1090_fu_414_p2    |     *    |      2|  0|  23|          35|          14|
    |mul_ln1118_1091_fu_407_p2    |     *    |      2|  0|  23|          35|          15|
    |mul_ln1118_1092_fu_435_p2    |     *    |      2|  0|  23|          35|          15|
    |mul_ln1118_1093_fu_482_p2    |     *    |      2|  0|  23|          35|          20|
    |mul_ln1118_1094_fu_436_p2    |     *    |      2|  0|  23|          35|          19|
    |mul_ln1118_1095_fu_410_p2    |     *    |      2|  0|  23|          35|          20|
    |mul_ln1118_1096_fu_428_p2    |     *    |      2|  0|  23|          35|          17|
    |mul_ln1118_1097_fu_413_p2    |     *    |      2|  0|  23|          35|          18|
    |mul_ln1118_1098_fu_433_p2    |     *    |      2|  0|  23|          35|          19|
    |mul_ln1118_1099_fu_484_p2    |     *    |      2|  0|  23|          35|          19|
    |mul_ln1118_1100_fu_467_p2    |     *    |      2|  0|  23|          35|          19|
    |mul_ln1118_1101_fu_478_p2    |     *    |      2|  0|  23|          35|          18|
    |mul_ln1118_1102_fu_430_p2    |     *    |      2|  0|  23|          35|          18|
    |mul_ln1118_1103_fu_437_p2    |     *    |      2|  0|  23|          35|          16|
    |mul_ln1118_1104_fu_431_p2    |     *    |      2|  0|  23|          35|          20|
    |mul_ln1118_1105_fu_439_p2    |     *    |      2|  0|  23|          35|          19|
    |mul_ln1118_1106_fu_440_p2    |     *    |      2|  0|  23|          35|          15|
    |mul_ln1118_1107_fu_470_p2    |     *    |      2|  0|  23|          35|          18|
    |mul_ln1118_1108_fu_461_p2    |     *    |      2|  0|  23|          35|          20|
    |mul_ln1118_1109_fu_417_p2    |     *    |      2|  0|  23|          35|          20|
    |mul_ln1118_1110_fu_448_p2    |     *    |      2|  0|  23|          35|          19|
    |mul_ln1118_1111_fu_465_p2    |     *    |      2|  0|  23|          35|          18|
    |mul_ln1118_1112_fu_452_p2    |     *    |      2|  0|  23|          35|          19|
    |mul_ln1118_1113_fu_446_p2    |     *    |      2|  0|  23|          35|          19|
    |mul_ln1118_1114_fu_421_p2    |     *    |      2|  0|  23|          35|          19|
    |mul_ln1118_1115_fu_434_p2    |     *    |      2|  0|  23|          35|          19|
    |mul_ln1118_1116_fu_455_p2    |     *    |      2|  0|  23|          35|          19|
    |mul_ln1118_1117_fu_468_p2    |     *    |      2|  0|  23|          35|          19|
    |mul_ln1118_1118_fu_423_p2    |     *    |      2|  0|  23|          35|          16|
    |mul_ln1118_1119_fu_406_p2    |     *    |      2|  0|  23|          35|          20|
    |mul_ln1118_1120_fu_429_p2    |     *    |      2|  0|  23|          35|          19|
    |mul_ln1118_1121_fu_477_p2    |     *    |      2|  0|  23|          35|          18|
    |mul_ln1118_1122_fu_463_p2    |     *    |      2|  0|  23|          35|          16|
    |mul_ln1118_1123_fu_447_p2    |     *    |      2|  0|  23|          35|          18|
    |mul_ln1118_1124_fu_411_p2    |     *    |      2|  0|  23|          35|          17|
    |mul_ln1118_1125_fu_420_p2    |     *    |      2|  0|  23|          35|          17|
    |mul_ln1118_1126_fu_480_p2    |     *    |      2|  0|  23|          35|          16|
    |mul_ln1118_1127_fu_458_p2    |     *    |      2|  0|  23|          35|          20|
    |mul_ln1118_1128_fu_454_p2    |     *    |      2|  0|  23|          35|          20|
    |mul_ln1118_1129_fu_426_p2    |     *    |      2|  0|  23|          35|          19|
    |mul_ln1118_1130_fu_419_p2    |     *    |      2|  0|  23|          35|          18|
    |mul_ln1118_1131_fu_476_p2    |     *    |      2|  0|  23|          35|          17|
    |mul_ln1118_1132_fu_409_p2    |     *    |      2|  0|  23|          35|          19|
    |mul_ln1118_1133_fu_471_p2    |     *    |      2|  0|  23|          35|          19|
    |mul_ln1118_1134_fu_424_p2    |     *    |      2|  0|  23|          35|          18|
    |mul_ln1118_1135_fu_427_p2    |     *    |      2|  0|  23|          35|          17|
    |mul_ln1118_1136_fu_475_p2    |     *    |      2|  0|  23|          35|          19|
    |mul_ln1118_1137_fu_479_p2    |     *    |      2|  0|  23|          35|          18|
    |mul_ln1118_1138_fu_442_p2    |     *    |      2|  0|  23|          35|          19|
    |mul_ln1118_1139_fu_459_p2    |     *    |      2|  0|  23|          35|          19|
    |mul_ln1118_1140_fu_472_p2    |     *    |      2|  0|  23|          35|          19|
    |mul_ln1118_1141_fu_445_p2    |     *    |      2|  0|  23|          35|          18|
    |mul_ln1118_1142_fu_451_p2    |     *    |      2|  0|  23|          35|          19|
    |mul_ln1118_1143_fu_416_p2    |     *    |      2|  0|  23|          35|          17|
    |mul_ln1118_1144_fu_449_p2    |     *    |      2|  0|  23|          35|          19|
    |mul_ln1118_1145_fu_464_p2    |     *    |      2|  0|  23|          35|          19|
    |mul_ln1118_1146_fu_460_p2    |     *    |      2|  0|  23|          35|          16|
    |mul_ln1118_1147_fu_438_p2    |     *    |      2|  0|  23|          35|          20|
    |mul_ln1118_1148_fu_450_p2    |     *    |      2|  0|  23|          35|          17|
    |mul_ln1118_1149_fu_457_p2    |     *    |      2|  0|  23|          35|          18|
    |mul_ln1118_1150_fu_432_p2    |     *    |      2|  0|  23|          35|          18|
    |mul_ln1118_1151_fu_415_p2    |     *    |      2|  0|  23|          35|          17|
    |mul_ln1118_1152_fu_462_p2    |     *    |      2|  0|  23|          35|          18|
    |mul_ln1118_1153_fu_469_p2    |     *    |      2|  0|  23|          35|          19|
    |mul_ln1118_1154_fu_453_p2    |     *    |      2|  0|  23|          35|          19|
    |mul_ln1118_fu_466_p2         |     *    |      2|  0|  23|          35|          18|
    |acc_1_V_fu_20006_p2          |     +    |      0|  0|  16|          35|          35|
    |acc_2_V_fu_20041_p2          |     +    |      0|  0|  16|          35|          35|
    |acc_3_V_fu_20076_p2          |     +    |      0|  0|  16|          35|          35|
    |acc_4_V_fu_20107_p2          |     +    |      0|  0|  16|          35|          35|
    |add_ln703_1069_fu_18580_p2   |     +    |      0|  0|  33|          33|          33|
    |add_ln703_1070_fu_18797_p2   |     +    |      0|  0|  16|          35|          35|
    |add_ln703_1071_fu_18803_p2   |     +    |      0|  0|  35|          35|          35|
    |add_ln703_1072_fu_19038_p2   |     +    |      0|  0|  35|          35|          35|
    |add_ln703_1073_fu_19232_p2   |     +    |      0|  0|  16|          35|          35|
    |add_ln703_1074_fu_19236_p2   |     +    |      0|  0|  16|          35|          35|
    |add_ln703_1075_fu_19673_p2   |     +    |      0|  0|  16|          35|          35|
    |add_ln703_1076_fu_19469_p2   |     +    |      0|  0|  34|          34|          34|
    |add_ln703_1077_fu_19682_p2   |     +    |      0|  0|  16|          35|          35|
    |add_ln703_1078_fu_19688_p2   |     +    |      0|  0|  34|          34|          34|
    |add_ln703_1079_fu_19937_p2   |     +    |      0|  0|  33|          33|          16|
    |add_ln703_1080_fu_19947_p2   |     +    |      0|  0|  34|          34|          34|
    |add_ln703_1081_fu_19957_p2   |     +    |      0|  0|  35|          35|          35|
    |add_ln703_1082_fu_19963_p2   |     +    |      0|  0|  16|          35|          35|
    |add_ln703_1083_fu_19968_p2   |     +    |      0|  0|  16|          35|          35|
    |add_ln703_1084_fu_18400_p2   |     +    |      0|  0|  35|          35|          35|
    |add_ln703_1085_fu_18586_p2   |     +    |      0|  0|  35|          35|          35|
    |add_ln703_1086_fu_19241_p2   |     +    |      0|  0|  16|          35|          35|
    |add_ln703_1087_fu_19245_p2   |     +    |      0|  0|  16|          34|          34|
    |add_ln703_1088_fu_19044_p2   |     +    |      0|  0|  33|          33|          33|
    |add_ln703_1089_fu_19254_p2   |     +    |      0|  0|  16|          34|          34|
    |add_ln703_1090_fu_19264_p2   |     +    |      0|  0|  16|          35|          35|
    |add_ln703_1091_fu_19694_p2   |     +    |      0|  0|  16|          35|          35|
    |add_ln703_1092_fu_19475_p2   |     +    |      0|  0|  33|          33|          33|
    |add_ln703_1093_fu_19703_p2   |     +    |      0|  0|  16|          35|          35|
    |add_ln703_1094_fu_19973_p2   |     +    |      0|  0|  16|          35|          35|
    |add_ln703_1095_fu_19979_p2   |     +    |      0|  0|  16|          33|          18|
    |add_ln703_1096_fu_19985_p2   |     +    |      0|  0|  16|          33|          33|
    |add_ln703_1097_fu_19995_p2   |     +    |      0|  0|  16|          35|          35|
    |add_ln703_1098_fu_20001_p2   |     +    |      0|  0|  16|          35|          35|
    |add_ln703_1100_fu_18809_p2   |     +    |      0|  0|  16|          35|          35|
    |add_ln703_1101_fu_18592_p2   |     +    |      0|  0|  33|          33|          33|
    |add_ln703_1102_fu_18818_p2   |     +    |      0|  0|  16|          35|          35|
    |add_ln703_1103_fu_18824_p2   |     +    |      0|  0|  34|          34|          34|
    |add_ln703_1104_fu_19050_p2   |     +    |      0|  0|  35|          35|          35|
    |add_ln703_1105_fu_19273_p2   |     +    |      0|  0|  16|          35|          35|
    |add_ln703_1106_fu_19278_p2   |     +    |      0|  0|  16|          35|          35|
    |add_ln703_1107_fu_19283_p2   |     +    |      0|  0|  34|          34|          34|
    |add_ln703_1108_fu_19712_p2   |     +    |      0|  0|  16|          35|          35|
    |add_ln703_1109_fu_19718_p2   |     +    |      0|  0|  16|          35|          35|
    |add_ln703_1110_fu_19724_p2   |     +    |      0|  0|  34|          34|          34|
    |add_ln703_1111_fu_20014_p2   |     +    |      0|  0|  33|          33|          19|
    |add_ln703_1112_fu_20024_p2   |     +    |      0|  0|  16|          35|          35|
    |add_ln703_1113_fu_20030_p2   |     +    |      0|  0|  16|          35|          35|
    |add_ln703_1114_fu_20036_p2   |     +    |      0|  0|  16|          35|          35|
    |add_ln703_1116_fu_18406_p2   |     +    |      0|  0|  35|          35|          35|
    |add_ln703_1117_fu_18830_p2   |     +    |      0|  0|  16|          35|          35|
    |add_ln703_1118_fu_18836_p2   |     +    |      0|  0|  16|          35|          35|
    |add_ln703_1119_fu_18841_p2   |     +    |      0|  0|  35|          35|          35|
    |add_ln703_1120_fu_19056_p2   |     +    |      0|  0|  35|          35|          35|
    |add_ln703_1121_fu_19289_p2   |     +    |      0|  0|  16|          35|          35|
    |add_ln703_1122_fu_19293_p2   |     +    |      0|  0|  16|          35|          35|
    |add_ln703_1123_fu_19298_p2   |     +    |      0|  0|  33|          33|          33|
    |add_ln703_1124_fu_19733_p2   |     +    |      0|  0|  16|          35|          35|
    |add_ln703_1125_fu_19739_p2   |     +    |      0|  0|  16|          35|          35|
    |add_ln703_1126_fu_19745_p2   |     +    |      0|  0|  34|          34|          34|
    |add_ln703_1127_fu_20049_p2   |     +    |      0|  0|  16|          34|          18|
    |add_ln703_1128_fu_20055_p2   |     +    |      0|  0|  16|          34|          34|
    |add_ln703_1129_fu_20065_p2   |     +    |      0|  0|  35|          35|          35|
    |add_ln703_1130_fu_20071_p2   |     +    |      0|  0|  16|          35|          35|
    |add_ln703_1132_fu_18412_p2   |     +    |      0|  0|  35|          35|          35|
    |add_ln703_1133_fu_18847_p2   |     +    |      0|  0|  16|          35|          35|
    |add_ln703_1134_fu_18853_p2   |     +    |      0|  0|  16|          35|          35|
    |add_ln703_1135_fu_18858_p2   |     +    |      0|  0|  35|          35|          35|
    |add_ln703_1136_fu_19062_p2   |     +    |      0|  0|  35|          35|          35|
    |add_ln703_1137_fu_19304_p2   |     +    |      0|  0|  16|          35|          35|
    |add_ln703_1138_fu_19308_p2   |     +    |      0|  0|  16|          35|          35|
    |add_ln703_1139_fu_19313_p2   |     +    |      0|  0|  35|          35|          35|
    |add_ln703_1140_fu_19751_p2   |     +    |      0|  0|  16|          35|          35|
    |add_ln703_1141_fu_19757_p2   |     +    |      0|  0|  16|          35|          35|
    |add_ln703_1142_fu_19762_p2   |     +    |      0|  0|  35|          35|          35|
    |add_ln703_1143_fu_20081_p2   |     +    |      0|  0|  34|          34|          18|
    |add_ln703_1144_fu_20091_p2   |     +    |      0|  0|  16|          35|          35|
    |add_ln703_1145_fu_20097_p2   |     +    |      0|  0|  16|          35|          35|
    |add_ln703_1146_fu_20102_p2   |     +    |      0|  0|  16|          35|          35|
    |add_ln703_fu_18788_p2        |     +    |      0|  0|  16|          35|          35|
    |ap_block_pp0_stage0_11001    |    and   |      0|  0|   2|           1|           1|
    |ap_block_pp0_stage0_subdone  |    or    |      0|  0|   2|           1|           1|
    |ap_enable_pp0                |    xor   |      0|  0|   2|           1|           2|
    +-----------------------------+----------+-------+---+----+------------+------------+
    |Total                        |          |    160|  0|3674|        5573|        4150|
    +-----------------------------+----------+-------+---+----+------------+------------+

    * Multiplexer: 
    +-------------------------+----+-----------+-----+-----------+
    |           Name          | LUT| Input Size| Bits| Total Bits|
    +-------------------------+----+-----------+-----+-----------+
    |ap_NS_fsm                |  44|          9|    1|          9|
    |ap_enable_reg_pp0_iter0  |   9|          2|    1|          2|
    |ap_enable_reg_pp0_iter1  |   9|          2|    1|          2|
    |data_V_address0          |  44|          9|    4|         36|
    |data_V_address1          |  44|          9|    4|         36|
    +-------------------------+----+-----------+-----+-----------+
    |Total                    | 150|         31|   11|         85|
    +-------------------------+----+-----------+-----+-----------+

    * Register: 
    +-----------------------------+----+----+-----+-----------+
    |             Name            | FF | LUT| Bits| Const Bits|
    +-----------------------------+----+----+-----+-----------+
    |add_ln703_1069_reg_20227     |  33|   0|   33|          0|
    |add_ln703_1070_reg_20262     |  35|   0|   35|          0|
    |add_ln703_1071_reg_20267     |  35|   0|   35|          0|
    |add_ln703_1072_reg_20312     |  35|   0|   35|          0|
    |add_ln703_1074_reg_20367     |  35|   0|   35|          0|
    |add_ln703_1076_reg_20447     |  34|   0|   34|          0|
    |add_ln703_1077_reg_20477     |  35|   0|   35|          0|
    |add_ln703_1078_reg_20482     |  34|   0|   34|          0|
    |add_ln703_1084_reg_20182     |  35|   0|   35|          0|
    |add_ln703_1085_reg_20232     |  35|   0|   35|          0|
    |add_ln703_1088_reg_20317     |  33|   0|   33|          0|
    |add_ln703_1090_reg_20372     |  35|   0|   35|          0|
    |add_ln703_1092_reg_20452     |  33|   0|   33|          0|
    |add_ln703_1093_reg_20487     |  35|   0|   35|          0|
    |add_ln703_1101_reg_20237     |  33|   0|   33|          0|
    |add_ln703_1102_reg_20272     |  35|   0|   35|          0|
    |add_ln703_1103_reg_20277     |  34|   0|   34|          0|
    |add_ln703_1104_reg_20322     |  35|   0|   35|          0|
    |add_ln703_1106_reg_20377     |  35|   0|   35|          0|
    |add_ln703_1107_reg_20382     |  34|   0|   34|          0|
    |add_ln703_1109_reg_20492     |  35|   0|   35|          0|
    |add_ln703_1110_reg_20497     |  34|   0|   34|          0|
    |add_ln703_1116_reg_20187     |  35|   0|   35|          0|
    |add_ln703_1118_reg_20282     |  35|   0|   35|          0|
    |add_ln703_1119_reg_20287     |  35|   0|   35|          0|
    |add_ln703_1120_reg_20327     |  35|   0|   35|          0|
    |add_ln703_1122_reg_20387     |  35|   0|   35|          0|
    |add_ln703_1123_reg_20392     |  33|   0|   33|          0|
    |add_ln703_1125_reg_20502     |  35|   0|   35|          0|
    |add_ln703_1126_reg_20507     |  34|   0|   34|          0|
    |add_ln703_1132_reg_20192     |  35|   0|   35|          0|
    |add_ln703_1134_reg_20292     |  35|   0|   35|          0|
    |add_ln703_1135_reg_20297     |  35|   0|   35|          0|
    |add_ln703_1136_reg_20332     |  35|   0|   35|          0|
    |add_ln703_1138_reg_20397     |  35|   0|   35|          0|
    |add_ln703_1139_reg_20402     |  35|   0|   35|          0|
    |add_ln703_1141_reg_20512     |  35|   0|   35|          0|
    |add_ln703_1142_reg_20517     |  35|   0|   35|          0|
    |ap_CS_fsm                    |   8|   0|    8|          0|
    |ap_enable_reg_pp0_iter0_reg  |   1|   0|    1|          0|
    |ap_enable_reg_pp0_iter1      |   1|   0|    1|          0|
    |tmp_885_reg_20242            |  31|   0|   31|          0|
    |tmp_887_reg_20247            |  33|   0|   33|          0|
    |tmp_905_reg_20522            |  33|   0|   33|          0|
    |tmp_906_reg_20527            |  31|   0|   31|          0|
    |tmp_907_reg_20537            |  31|   0|   31|          0|
    |tmp_908_reg_20547            |  32|   0|   32|          0|
    |tmp_909_reg_20552            |  32|   0|   32|          0|
    |tmp_910_reg_20557            |  32|   0|   32|          0|
    |tmp_911_reg_20562            |  33|   0|   33|          0|
    |tmp_912_reg_20567            |  33|   0|   33|          0|
    |trunc_ln708_590_reg_20157    |  31|   0|   31|          0|
    |trunc_ln708_593_reg_20162    |  34|   0|   34|          0|
    |trunc_ln708_595_reg_20167    |  34|   0|   34|          0|
    |trunc_ln708_599_reg_20197    |  33|   0|   33|          0|
    |trunc_ln708_600_reg_20202    |  29|   0|   29|          0|
    |trunc_ln708_602_reg_20207    |  34|   0|   34|          0|
    |trunc_ln708_603_reg_20212    |  34|   0|   34|          0|
    |trunc_ln708_618_reg_20337    |  34|   0|   34|          0|
    |trunc_ln708_619_reg_20342    |  34|   0|   34|          0|
    |trunc_ln708_621_reg_20347    |  33|   0|   33|          0|
    |trunc_ln708_622_reg_20352    |  33|   0|   33|          0|
    |trunc_ln708_624_reg_20407    |  34|   0|   34|          0|
    |trunc_ln708_625_reg_20412    |  34|   0|   34|          0|
    |trunc_ln708_626_reg_20417    |  34|   0|   34|          0|
    |trunc_ln708_627_reg_20422    |  33|   0|   33|          0|
    |trunc_ln708_628_reg_20427    |  34|   0|   34|          0|
    |trunc_ln708_629_reg_20432    |  32|   0|   32|          0|
    |trunc_ln708_630_reg_20457    |  34|   0|   34|          0|
    |trunc_ln708_632_reg_20462    |  33|   0|   33|          0|
    |trunc_ln708_634_reg_20532    |  34|   0|   34|          0|
    |trunc_ln708_635_reg_20542    |  33|   0|   33|          0|
    |trunc_ln_reg_20152           |  32|   0|   32|          0|
    +-----------------------------+----+----+-----+-----------+
    |Total                        |2375|   0| 2375|          0|
    +-----------------------------+----+----+-----+-----------+



================================================================
== Interface
================================================================
* Summary: 
+-----------------+-----+-----+------------+---------------------------------------------------------+--------------+
|    RTL Ports    | Dir | Bits|  Protocol  |                      Source Object                      |    C Type    |
+-----------------+-----+-----+------------+---------------------------------------------------------+--------------+
|ap_clk           |  in |    1| ap_ctrl_hs | dense_latency<ap_fixed,ap_fixed,mlp_config>.0.0.0.0.0.0 | return value |
|ap_rst           |  in |    1| ap_ctrl_hs | dense_latency<ap_fixed,ap_fixed,mlp_config>.0.0.0.0.0.0 | return value |
|ap_start         |  in |    1| ap_ctrl_hs | dense_latency<ap_fixed,ap_fixed,mlp_config>.0.0.0.0.0.0 | return value |
|ap_done          | out |    1| ap_ctrl_hs | dense_latency<ap_fixed,ap_fixed,mlp_config>.0.0.0.0.0.0 | return value |
|ap_idle          | out |    1| ap_ctrl_hs | dense_latency<ap_fixed,ap_fixed,mlp_config>.0.0.0.0.0.0 | return value |
|ap_ready         | out |    1| ap_ctrl_hs | dense_latency<ap_fixed,ap_fixed,mlp_config>.0.0.0.0.0.0 | return value |
|ap_ce            |  in |    1| ap_ctrl_hs | dense_latency<ap_fixed,ap_fixed,mlp_config>.0.0.0.0.0.0 | return value |
|ap_return_0      | out |   35| ap_ctrl_hs | dense_latency<ap_fixed,ap_fixed,mlp_config>.0.0.0.0.0.0 | return value |
|ap_return_1      | out |   35| ap_ctrl_hs | dense_latency<ap_fixed,ap_fixed,mlp_config>.0.0.0.0.0.0 | return value |
|ap_return_2      | out |   35| ap_ctrl_hs | dense_latency<ap_fixed,ap_fixed,mlp_config>.0.0.0.0.0.0 | return value |
|ap_return_3      | out |   35| ap_ctrl_hs | dense_latency<ap_fixed,ap_fixed,mlp_config>.0.0.0.0.0.0 | return value |
|ap_return_4      | out |   35| ap_ctrl_hs | dense_latency<ap_fixed,ap_fixed,mlp_config>.0.0.0.0.0.0 | return value |
|data_V_address0  | out |    4|  ap_memory |                          data_V                         |     array    |
|data_V_ce0       | out |    1|  ap_memory |                          data_V                         |     array    |
|data_V_q0        |  in |   35|  ap_memory |                          data_V                         |     array    |
|data_V_address1  | out |    4|  ap_memory |                          data_V                         |     array    |
|data_V_ce1       | out |    1|  ap_memory |                          data_V                         |     array    |
|data_V_q1        |  in |   35|  ap_memory |                          data_V                         |     array    |
+-----------------+-----+-----+------------+---------------------------------------------------------+--------------+

