

================================================================
== Vivado HLS Report for 'matmul_ap_fixed_ap_fixed_2ul_8ul_8ul_2ul_s'
================================================================
* Date:           Mon May  2 07:15:58 2022

* Version:        2019.2 (Build 2704478 on Wed Nov 06 22:10:23 MST 2019)
* Project:        myproject_prj
* Solution:       solution1
* Product family: virtexuplus
* Target device:  xcu250-figd2104-2L-e


================================================================
== Performance Estimates
================================================================
+ Timing: 
    * Summary: 
    +--------+---------+----------+------------+
    |  Clock |  Target | Estimated| Uncertainty|
    +--------+---------+----------+------------+
    |ap_clk  | 5.00 ns | 3.856 ns |   0.62 ns  |
    +--------+---------+----------+------------+

+ Latency: 
    * Summary: 
    +---------+---------+-----------+-----------+-----+-----+----------+
    |  Latency (cycles) |   Latency (absolute)  |  Interval | Pipeline |
    |   min   |   max   |    min    |    max    | min | max |   Type   |
    +---------+---------+-----------+-----------+-----+-----+----------+
    |        2|        2| 10.000 ns | 10.000 ns |    1|    1| function |
    +---------+---------+-----------+-----------+-----+-----+----------+

    + Detail: 
        * Instance: 
        N/A

        * Loop: 
        N/A



================================================================
== Utilization Estimates
================================================================
* Summary: 
+---------------------+---------+-------+---------+---------+------+
|         Name        | BRAM_18K| DSP48E|    FF   |   LUT   | URAM |
+---------------------+---------+-------+---------+---------+------+
|DSP                  |        -|      -|        -|        -|     -|
|Expression           |        -|    128|        0|     3762|     -|
|FIFO                 |        -|      -|        -|        -|     -|
|Instance             |        -|      -|        -|        -|     -|
|Memory               |        -|      -|        -|        -|     -|
|Multiplexer          |        -|      -|        -|       72|     -|
|Register             |        -|      -|     2165|        -|     -|
+---------------------+---------+-------+---------+---------+------+
|Total                |        0|    128|     2165|     3834|     0|
+---------------------+---------+-------+---------+---------+------+
|Available SLR        |     1344|   3072|   864000|   432000|   320|
+---------------------+---------+-------+---------+---------+------+
|Utilization SLR (%)  |        0|      4|    ~0   |    ~0   |     0|
+---------------------+---------+-------+---------+---------+------+
|Available            |     5376|  12288|  3456000|  1728000|  1280|
+---------------------+---------+-------+---------+---------+------+
|Utilization (%)      |        0|      1|    ~0   |    ~0   |     0|
+---------------------+---------+-------+---------+---------+------+

+ Detail: 
    * Instance: 
    N/A

    * DSP48E: 
    N/A

    * Memory: 
    N/A

    * FIFO: 
    N/A

    * Expression: 
    +-----------------------------+----------+-------+---+----+------------+------------+
    |        Variable Name        | Operation| DSP48E| FF| LUT| Bitwidth P0| Bitwidth P1|
    +-----------------------------+----------+-------+---+----+------------+------------+
    |mul_ln1192_10_fu_770_p2      |     *    |      4|  0|  23|          35|          35|
    |mul_ln1192_11_fu_776_p2      |     *    |      4|  0|  23|          35|          35|
    |mul_ln1192_12_fu_806_p2      |     *    |      4|  0|  23|          35|          35|
    |mul_ln1192_13_fu_824_p2      |     *    |      4|  0|  23|          35|          35|
    |mul_ln1192_14_fu_842_p2      |     *    |      4|  0|  23|          35|          35|
    |mul_ln1192_15_fu_848_p2      |     *    |      4|  0|  23|          35|          35|
    |mul_ln1192_16_fu_1394_p2     |     *    |      4|  0|  23|          35|          35|
    |mul_ln1192_17_fu_1427_p2     |     *    |      4|  0|  23|          35|          35|
    |mul_ln1192_18_fu_1460_p2     |     *    |      4|  0|  23|          35|          35|
    |mul_ln1192_19_fu_1490_p2     |     *    |      4|  0|  23|          35|          35|
    |mul_ln1192_1_fu_608_p2       |     *    |      4|  0|  23|          35|          35|
    |mul_ln1192_20_fu_1518_p2     |     *    |      4|  0|  23|          35|          35|
    |mul_ln1192_21_fu_1537_p2     |     *    |      4|  0|  23|          35|          35|
    |mul_ln1192_22_fu_1556_p2     |     *    |      4|  0|  23|          35|          35|
    |mul_ln1192_23_fu_1572_p2     |     *    |      4|  0|  23|          35|          35|
    |mul_ln1192_24_fu_1584_p2     |     *    |      4|  0|  23|          35|          35|
    |mul_ln1192_25_fu_1593_p2     |     *    |      4|  0|  23|          35|          35|
    |mul_ln1192_26_fu_1602_p2     |     *    |      4|  0|  23|          35|          35|
    |mul_ln1192_27_fu_1608_p2     |     *    |      4|  0|  23|          35|          35|
    |mul_ln1192_28_fu_1778_p2     |     *    |      4|  0|  23|          35|          35|
    |mul_ln1192_29_fu_1833_p2     |     *    |      4|  0|  23|          35|          35|
    |mul_ln1192_2_fu_626_p2       |     *    |      4|  0|  23|          35|          35|
    |mul_ln1192_30_fu_1888_p2     |     *    |      4|  0|  23|          35|          35|
    |mul_ln1192_31_fu_1940_p2     |     *    |      4|  0|  23|          35|          35|
    |mul_ln1192_3_fu_632_p2       |     *    |      4|  0|  23|          35|          35|
    |mul_ln1192_4_fu_662_p2       |     *    |      4|  0|  23|          35|          35|
    |mul_ln1192_5_fu_680_p2       |     *    |      4|  0|  23|          35|          35|
    |mul_ln1192_6_fu_698_p2       |     *    |      4|  0|  23|          35|          35|
    |mul_ln1192_7_fu_704_p2       |     *    |      4|  0|  23|          35|          35|
    |mul_ln1192_8_fu_734_p2       |     *    |      4|  0|  23|          35|          35|
    |mul_ln1192_9_fu_752_p2       |     *    |      4|  0|  23|          35|          35|
    |mul_ln1192_fu_590_p2         |     *    |      4|  0|  23|          35|          35|
    |add_ln1192_10_fu_1250_p2     |     +    |      0|  0|  55|          55|          55|
    |add_ln1192_11_fu_1273_p2     |     +    |      0|  0|  55|          55|          55|
    |add_ln1192_12_fu_1296_p2     |     +    |      0|  0|  55|          55|          55|
    |add_ln1192_13_fu_1319_p2     |     +    |      0|  0|  55|          55|          55|
    |add_ln1192_14_fu_1342_p2     |     +    |      0|  0|  55|          55|          55|
    |add_ln1192_15_fu_1365_p2     |     +    |      0|  0|  55|          55|          55|
    |add_ln1192_16_fu_1400_p2     |     +    |      0|  0|  55|          55|          55|
    |add_ln1192_17_fu_1433_p2     |     +    |      0|  0|  55|          55|          55|
    |add_ln1192_18_fu_1466_p2     |     +    |      0|  0|  55|          55|          55|
    |add_ln1192_19_fu_1496_p2     |     +    |      0|  0|  55|          55|          55|
    |add_ln1192_1_fu_1033_p2      |     +    |      0|  0|  55|          55|          55|
    |add_ln1192_20_fu_1621_p2     |     +    |      0|  0|  55|          55|          55|
    |add_ln1192_21_fu_1633_p2     |     +    |      0|  0|  55|          55|          55|
    |add_ln1192_22_fu_1645_p2     |     +    |      0|  0|  55|          55|          55|
    |add_ln1192_23_fu_1657_p2     |     +    |      0|  0|  55|          55|          55|
    |add_ln1192_24_fu_1680_p2     |     +    |      0|  0|  55|          55|          55|
    |add_ln1192_25_fu_1703_p2     |     +    |      0|  0|  55|          55|          55|
    |add_ln1192_26_fu_1726_p2     |     +    |      0|  0|  55|          55|          55|
    |add_ln1192_27_fu_1749_p2     |     +    |      0|  0|  55|          55|          55|
    |add_ln1192_28_fu_1784_p2     |     +    |      0|  0|  55|          55|          55|
    |add_ln1192_29_fu_1839_p2     |     +    |      0|  0|  55|          55|          55|
    |add_ln1192_2_fu_1061_p2      |     +    |      0|  0|  55|          55|          55|
    |add_ln1192_30_fu_1894_p2     |     +    |      0|  0|  55|          55|          55|
    |add_ln1192_31_fu_1946_p2     |     +    |      0|  0|  55|          55|          55|
    |add_ln1192_3_fu_1089_p2      |     +    |      0|  0|  55|          55|          55|
    |add_ln1192_4_fu_1112_p2      |     +    |      0|  0|  55|          55|          55|
    |add_ln1192_5_fu_1135_p2      |     +    |      0|  0|  55|          55|          55|
    |add_ln1192_6_fu_1158_p2      |     +    |      0|  0|  55|          55|          55|
    |add_ln1192_7_fu_1181_p2      |     +    |      0|  0|  55|          55|          55|
    |add_ln1192_8_fu_1204_p2      |     +    |      0|  0|  55|          55|          55|
    |add_ln1192_9_fu_1227_p2      |     +    |      0|  0|  55|          55|          55|
    |add_ln1192_fu_1005_p2        |     +    |      0|  0|  55|          55|          55|
    |ap_block_pp0_stage0_01001    |    and   |      0|  0|   2|           1|           1|
    |ap_block_pp0_stage0_subdone  |    or    |      0|  0|   2|           1|           1|
    |select_ln1116_10_fu_886_p3   |  select  |      0|  0|  35|           1|          35|
    |select_ln1116_11_fu_902_p3   |  select  |      0|  0|  35|           1|          35|
    |select_ln1116_12_fu_918_p3   |  select  |      0|  0|  35|           1|          35|
    |select_ln1116_13_fu_934_p3   |  select  |      0|  0|  35|           1|          35|
    |select_ln1116_14_fu_950_p3   |  select  |      0|  0|  35|           1|          35|
    |select_ln1116_15_fu_966_p3   |  select  |      0|  0|  35|           1|          35|
    |select_ln1116_1_fu_596_p3    |  select  |      0|  0|  35|           1|          35|
    |select_ln1116_2_fu_638_p3    |  select  |      0|  0|  35|           1|          35|
    |select_ln1116_3_fu_668_p3    |  select  |      0|  0|  35|           1|          35|
    |select_ln1116_4_fu_710_p3    |  select  |      0|  0|  35|           1|          35|
    |select_ln1116_5_fu_740_p3    |  select  |      0|  0|  35|           1|          35|
    |select_ln1116_6_fu_782_p3    |  select  |      0|  0|  35|           1|          35|
    |select_ln1116_7_fu_812_p3    |  select  |      0|  0|  35|           1|          35|
    |select_ln1116_8_fu_854_p3    |  select  |      0|  0|  35|           1|          35|
    |select_ln1116_9_fu_870_p3    |  select  |      0|  0|  35|           1|          35|
    |select_ln1116_fu_566_p3      |  select  |      0|  0|  35|           1|          35|
    |select_ln1117_10_fu_894_p3   |  select  |      0|  0|  35|           1|          35|
    |select_ln1117_11_fu_910_p3   |  select  |      0|  0|  35|           1|          35|
    |select_ln1117_12_fu_926_p3   |  select  |      0|  0|  35|           1|          35|
    |select_ln1117_13_fu_942_p3   |  select  |      0|  0|  35|           1|          35|
    |select_ln1117_14_fu_958_p3   |  select  |      0|  0|  35|           1|          35|
    |select_ln1117_15_fu_974_p3   |  select  |      0|  0|  35|           1|          35|
    |select_ln1117_1_fu_614_p3    |  select  |      0|  0|  35|           1|          35|
    |select_ln1117_2_fu_646_p3    |  select  |      0|  0|  35|           1|          35|
    |select_ln1117_3_fu_686_p3    |  select  |      0|  0|  35|           1|          35|
    |select_ln1117_4_fu_718_p3    |  select  |      0|  0|  35|           1|          35|
    |select_ln1117_5_fu_758_p3    |  select  |      0|  0|  35|           1|          35|
    |select_ln1117_6_fu_790_p3    |  select  |      0|  0|  35|           1|          35|
    |select_ln1117_7_fu_830_p3    |  select  |      0|  0|  35|           1|          35|
    |select_ln1117_8_fu_862_p3    |  select  |      0|  0|  35|           1|          35|
    |select_ln1117_9_fu_878_p3    |  select  |      0|  0|  35|           1|          35|
    |select_ln1117_fu_574_p3      |  select  |      0|  0|  35|           1|          35|
    |select_ln1265_1_fu_1018_p3   |  select  |      0|  0|  35|           1|          35|
    |select_ln1265_2_fu_1046_p3   |  select  |      0|  0|  35|           1|          35|
    |select_ln1265_3_fu_1074_p3   |  select  |      0|  0|  35|           1|          35|
    |select_ln1265_fu_990_p3      |  select  |      0|  0|  35|           1|          35|
    |ap_enable_pp0                |    xor   |      0|  0|   2|           1|           2|
    +-----------------------------+----------+-------+---+----+------------+------------+
    |Total                        |          |    128|  0|3762|        2919|        4144|
    +-----------------------------+----------+-------+---+----+------------+------------+

    * Multiplexer: 
    +----------------+----+-----------+-----+-----------+
    |      Name      | LUT| Input Size| Bits| Total Bits|
    +----------------+----+-----------+-----+-----------+
    |energy_V_0_0_o  |   9|          2|   35|         70|
    |energy_V_0_1_o  |   9|          2|   35|         70|
    |energy_V_1_0_o  |   9|          2|   35|         70|
    |energy_V_1_1_o  |   9|          2|   35|         70|
    |energy_V_2_0_o  |   9|          2|   35|         70|
    |energy_V_2_1_o  |   9|          2|   35|         70|
    |energy_V_3_0_o  |   9|          2|   35|         70|
    |energy_V_3_1_o  |   9|          2|   35|         70|
    +----------------+----+-----------+-----+-----------+
    |Total           |  72|         16|  280|        560|
    +----------------+----+-----------+-----+-----------+

    * Register: 
    +------------------------------------------+----+----+-----+-----------+
    |                   Name                   | FF | LUT| Bits| Const Bits|
    +------------------------------------------+----+----+-----+-----------+
    |ap_CS_fsm                                 |   1|   0|    1|          0|
    |ap_enable_reg_pp0_iter1                   |   1|   0|    1|          0|
    |ap_enable_reg_pp0_iter2                   |   1|   0|    1|          0|
    |mul_ln1192_10_reg_2032                    |  55|   0|   55|          0|
    |mul_ln1192_11_reg_2037                    |  55|   0|   55|          0|
    |mul_ln1192_12_reg_2042                    |  55|   0|   55|          0|
    |mul_ln1192_13_reg_2047                    |  55|   0|   55|          0|
    |mul_ln1192_14_reg_2052                    |  55|   0|   55|          0|
    |mul_ln1192_15_reg_2057                    |  55|   0|   55|          0|
    |mul_ln1192_1_reg_1987                     |  55|   0|   55|          0|
    |mul_ln1192_20_reg_2147                    |  55|   0|   55|          0|
    |mul_ln1192_21_reg_2157                    |  55|   0|   55|          0|
    |mul_ln1192_22_reg_2167                    |  55|   0|   55|          0|
    |mul_ln1192_23_reg_2177                    |  55|   0|   55|          0|
    |mul_ln1192_24_reg_2182                    |  55|   0|   55|          0|
    |mul_ln1192_25_reg_2187                    |  55|   0|   55|          0|
    |mul_ln1192_26_reg_2192                    |  55|   0|   55|          0|
    |mul_ln1192_27_reg_2197                    |  55|   0|   55|          0|
    |mul_ln1192_2_reg_1992                     |  55|   0|   55|          0|
    |mul_ln1192_3_reg_1997                     |  55|   0|   55|          0|
    |mul_ln1192_4_reg_2002                     |  55|   0|   55|          0|
    |mul_ln1192_5_reg_2007                     |  55|   0|   55|          0|
    |mul_ln1192_6_reg_2012                     |  55|   0|   55|          0|
    |mul_ln1192_7_reg_2017                     |  55|   0|   55|          0|
    |mul_ln1192_8_reg_2022                     |  55|   0|   55|          0|
    |mul_ln1192_9_reg_2027                     |  55|   0|   55|          0|
    |mul_ln1192_reg_1982                       |  55|   0|   55|          0|
    |res_V_offset_read_reg_1974                |   1|   0|    1|          0|
    |res_V_offset_read_reg_1974_pp0_iter1_reg  |   1|   0|    1|          0|
    |select_ln1116_10_reg_2082                 |  35|   0|   35|          0|
    |select_ln1116_11_reg_2092                 |  35|   0|   35|          0|
    |select_ln1116_12_reg_2102                 |  35|   0|   35|          0|
    |select_ln1116_13_reg_2112                 |  35|   0|   35|          0|
    |select_ln1116_14_reg_2122                 |  35|   0|   35|          0|
    |select_ln1116_14_reg_2122_pp0_iter1_reg   |  35|   0|   35|          0|
    |select_ln1116_15_reg_2132                 |  35|   0|   35|          0|
    |select_ln1116_15_reg_2132_pp0_iter1_reg   |  35|   0|   35|          0|
    |select_ln1116_8_reg_2062                  |  35|   0|   35|          0|
    |select_ln1116_9_reg_2072                  |  35|   0|   35|          0|
    |select_ln1117_10_reg_2087                 |  35|   0|   35|          0|
    |select_ln1117_11_reg_2097                 |  35|   0|   35|          0|
    |select_ln1117_12_reg_2107                 |  35|   0|   35|          0|
    |select_ln1117_13_reg_2117                 |  35|   0|   35|          0|
    |select_ln1117_14_reg_2127                 |  35|   0|   35|          0|
    |select_ln1117_14_reg_2127_pp0_iter1_reg   |  35|   0|   35|          0|
    |select_ln1117_15_reg_2137                 |  35|   0|   35|          0|
    |select_ln1117_15_reg_2137_pp0_iter1_reg   |  35|   0|   35|          0|
    |select_ln1117_8_reg_2067                  |  35|   0|   35|          0|
    |select_ln1117_9_reg_2077                  |  35|   0|   35|          0|
    |tmp_15_reg_2142                           |  35|   0|   35|          0|
    |tmp_16_reg_2152                           |  35|   0|   35|          0|
    |tmp_17_reg_2162                           |  35|   0|   35|          0|
    |tmp_18_reg_2172                           |  35|   0|   35|          0|
    +------------------------------------------+----+----+-----+-----------+
    |Total                                     |2165|   0| 2165|          0|
    +------------------------------------------+----+----+-----+-----------+



================================================================
== Interface
================================================================
* Summary: 
+-----------------------+-----+-----+------------+-------------------------------------------+--------------+
|       RTL Ports       | Dir | Bits|  Protocol  |               Source Object               |    C Type    |
+-----------------------+-----+-----+------------+-------------------------------------------+--------------+
|ap_clk                 |  in |    1| ap_ctrl_hs | matmul<ap_fixed,ap_fixed,2ul,8ul,8ul,2ul> | return value |
|ap_rst                 |  in |    1| ap_ctrl_hs | matmul<ap_fixed,ap_fixed,2ul,8ul,8ul,2ul> | return value |
|ap_start               |  in |    1| ap_ctrl_hs | matmul<ap_fixed,ap_fixed,2ul,8ul,8ul,2ul> | return value |
|ap_done                | out |    1| ap_ctrl_hs | matmul<ap_fixed,ap_fixed,2ul,8ul,8ul,2ul> | return value |
|ap_idle                | out |    1| ap_ctrl_hs | matmul<ap_fixed,ap_fixed,2ul,8ul,8ul,2ul> | return value |
|ap_ready               | out |    1| ap_ctrl_hs | matmul<ap_fixed,ap_fixed,2ul,8ul,8ul,2ul> | return value |
|ap_ce                  |  in |    1| ap_ctrl_hs | matmul<ap_fixed,ap_fixed,2ul,8ul,8ul,2ul> | return value |
|a_0_0_V_read           |  in |   35|   ap_none  |                a_0_0_V_read               |    scalar    |
|a_0_1_V_read           |  in |   35|   ap_none  |                a_0_1_V_read               |    scalar    |
|a_1_0_V_read           |  in |   35|   ap_none  |                a_1_0_V_read               |    scalar    |
|a_1_1_V_read           |  in |   35|   ap_none  |                a_1_1_V_read               |    scalar    |
|a_2_0_V_read           |  in |   35|   ap_none  |                a_2_0_V_read               |    scalar    |
|a_2_1_V_read           |  in |   35|   ap_none  |                a_2_1_V_read               |    scalar    |
|a_3_0_V_read           |  in |   35|   ap_none  |                a_3_0_V_read               |    scalar    |
|a_3_1_V_read           |  in |   35|   ap_none  |                a_3_1_V_read               |    scalar    |
|a_4_0_V_read           |  in |   35|   ap_none  |                a_4_0_V_read               |    scalar    |
|a_4_1_V_read           |  in |   35|   ap_none  |                a_4_1_V_read               |    scalar    |
|a_5_0_V_read           |  in |   35|   ap_none  |                a_5_0_V_read               |    scalar    |
|a_5_1_V_read           |  in |   35|   ap_none  |                a_5_1_V_read               |    scalar    |
|a_6_0_V_read           |  in |   35|   ap_none  |                a_6_0_V_read               |    scalar    |
|a_6_1_V_read           |  in |   35|   ap_none  |                a_6_1_V_read               |    scalar    |
|a_7_0_V_read           |  in |   35|   ap_none  |                a_7_0_V_read               |    scalar    |
|a_7_1_V_read           |  in |   35|   ap_none  |                a_7_1_V_read               |    scalar    |
|a_8_0_V_read           |  in |   35|   ap_none  |                a_8_0_V_read               |    scalar    |
|a_8_1_V_read           |  in |   35|   ap_none  |                a_8_1_V_read               |    scalar    |
|a_9_0_V_read           |  in |   35|   ap_none  |                a_9_0_V_read               |    scalar    |
|a_9_1_V_read           |  in |   35|   ap_none  |                a_9_1_V_read               |    scalar    |
|a_10_0_V_read          |  in |   35|   ap_none  |               a_10_0_V_read               |    scalar    |
|a_10_1_V_read          |  in |   35|   ap_none  |               a_10_1_V_read               |    scalar    |
|a_11_0_V_read          |  in |   35|   ap_none  |               a_11_0_V_read               |    scalar    |
|a_11_1_V_read          |  in |   35|   ap_none  |               a_11_1_V_read               |    scalar    |
|a_12_0_V_read          |  in |   35|   ap_none  |               a_12_0_V_read               |    scalar    |
|a_12_1_V_read          |  in |   35|   ap_none  |               a_12_1_V_read               |    scalar    |
|a_13_0_V_read          |  in |   35|   ap_none  |               a_13_0_V_read               |    scalar    |
|a_13_1_V_read          |  in |   35|   ap_none  |               a_13_1_V_read               |    scalar    |
|a_14_0_V_read          |  in |   35|   ap_none  |               a_14_0_V_read               |    scalar    |
|a_14_1_V_read          |  in |   35|   ap_none  |               a_14_1_V_read               |    scalar    |
|a_15_0_V_read          |  in |   35|   ap_none  |               a_15_0_V_read               |    scalar    |
|a_15_1_V_read          |  in |   35|   ap_none  |               a_15_1_V_read               |    scalar    |
|a_V_offset             |  in |    1|   ap_none  |                 a_V_offset                |    scalar    |
|b_0_0_V_read           |  in |   35|   ap_none  |                b_0_0_V_read               |    scalar    |
|b_0_1_V_read           |  in |   35|   ap_none  |                b_0_1_V_read               |    scalar    |
|b_1_0_V_read           |  in |   35|   ap_none  |                b_1_0_V_read               |    scalar    |
|b_1_1_V_read           |  in |   35|   ap_none  |                b_1_1_V_read               |    scalar    |
|b_2_0_V_read           |  in |   35|   ap_none  |                b_2_0_V_read               |    scalar    |
|b_2_1_V_read           |  in |   35|   ap_none  |                b_2_1_V_read               |    scalar    |
|b_3_0_V_read           |  in |   35|   ap_none  |                b_3_0_V_read               |    scalar    |
|b_3_1_V_read           |  in |   35|   ap_none  |                b_3_1_V_read               |    scalar    |
|b_4_0_V_read           |  in |   35|   ap_none  |                b_4_0_V_read               |    scalar    |
|b_4_1_V_read           |  in |   35|   ap_none  |                b_4_1_V_read               |    scalar    |
|b_5_0_V_read           |  in |   35|   ap_none  |                b_5_0_V_read               |    scalar    |
|b_5_1_V_read           |  in |   35|   ap_none  |                b_5_1_V_read               |    scalar    |
|b_6_0_V_read           |  in |   35|   ap_none  |                b_6_0_V_read               |    scalar    |
|b_6_1_V_read           |  in |   35|   ap_none  |                b_6_1_V_read               |    scalar    |
|b_7_0_V_read           |  in |   35|   ap_none  |                b_7_0_V_read               |    scalar    |
|b_7_1_V_read           |  in |   35|   ap_none  |                b_7_1_V_read               |    scalar    |
|b_8_0_V_read           |  in |   35|   ap_none  |                b_8_0_V_read               |    scalar    |
|b_8_1_V_read           |  in |   35|   ap_none  |                b_8_1_V_read               |    scalar    |
|b_9_0_V_read           |  in |   35|   ap_none  |                b_9_0_V_read               |    scalar    |
|b_9_1_V_read           |  in |   35|   ap_none  |                b_9_1_V_read               |    scalar    |
|b_10_0_V_read          |  in |   35|   ap_none  |               b_10_0_V_read               |    scalar    |
|b_10_1_V_read          |  in |   35|   ap_none  |               b_10_1_V_read               |    scalar    |
|b_11_0_V_read          |  in |   35|   ap_none  |               b_11_0_V_read               |    scalar    |
|b_11_1_V_read          |  in |   35|   ap_none  |               b_11_1_V_read               |    scalar    |
|b_12_0_V_read          |  in |   35|   ap_none  |               b_12_0_V_read               |    scalar    |
|b_12_1_V_read          |  in |   35|   ap_none  |               b_12_1_V_read               |    scalar    |
|b_13_0_V_read          |  in |   35|   ap_none  |               b_13_0_V_read               |    scalar    |
|b_13_1_V_read          |  in |   35|   ap_none  |               b_13_1_V_read               |    scalar    |
|b_14_0_V_read          |  in |   35|   ap_none  |               b_14_0_V_read               |    scalar    |
|b_14_1_V_read          |  in |   35|   ap_none  |               b_14_1_V_read               |    scalar    |
|b_15_0_V_read          |  in |   35|   ap_none  |               b_15_0_V_read               |    scalar    |
|b_15_1_V_read          |  in |   35|   ap_none  |               b_15_1_V_read               |    scalar    |
|b_V_offset             |  in |    1|   ap_none  |                 b_V_offset                |    scalar    |
|res_V_offset           |  in |    1|   ap_none  |                res_V_offset               |    scalar    |
|energy_V_0_1_i         |  in |   35|   ap_ovld  |                energy_V_0_1               |    pointer   |
|energy_V_0_1_o         | out |   35|   ap_ovld  |                energy_V_0_1               |    pointer   |
|energy_V_0_1_o_ap_vld  | out |    1|   ap_ovld  |                energy_V_0_1               |    pointer   |
|energy_V_0_0_i         |  in |   35|   ap_ovld  |                energy_V_0_0               |    pointer   |
|energy_V_0_0_o         | out |   35|   ap_ovld  |                energy_V_0_0               |    pointer   |
|energy_V_0_0_o_ap_vld  | out |    1|   ap_ovld  |                energy_V_0_0               |    pointer   |
|energy_V_1_1_i         |  in |   35|   ap_ovld  |                energy_V_1_1               |    pointer   |
|energy_V_1_1_o         | out |   35|   ap_ovld  |                energy_V_1_1               |    pointer   |
|energy_V_1_1_o_ap_vld  | out |    1|   ap_ovld  |                energy_V_1_1               |    pointer   |
|energy_V_1_0_i         |  in |   35|   ap_ovld  |                energy_V_1_0               |    pointer   |
|energy_V_1_0_o         | out |   35|   ap_ovld  |                energy_V_1_0               |    pointer   |
|energy_V_1_0_o_ap_vld  | out |    1|   ap_ovld  |                energy_V_1_0               |    pointer   |
|energy_V_2_1_i         |  in |   35|   ap_ovld  |                energy_V_2_1               |    pointer   |
|energy_V_2_1_o         | out |   35|   ap_ovld  |                energy_V_2_1               |    pointer   |
|energy_V_2_1_o_ap_vld  | out |    1|   ap_ovld  |                energy_V_2_1               |    pointer   |
|energy_V_2_0_i         |  in |   35|   ap_ovld  |                energy_V_2_0               |    pointer   |
|energy_V_2_0_o         | out |   35|   ap_ovld  |                energy_V_2_0               |    pointer   |
|energy_V_2_0_o_ap_vld  | out |    1|   ap_ovld  |                energy_V_2_0               |    pointer   |
|energy_V_3_1_i         |  in |   35|   ap_ovld  |                energy_V_3_1               |    pointer   |
|energy_V_3_1_o         | out |   35|   ap_ovld  |                energy_V_3_1               |    pointer   |
|energy_V_3_1_o_ap_vld  | out |    1|   ap_ovld  |                energy_V_3_1               |    pointer   |
|energy_V_3_0_i         |  in |   35|   ap_ovld  |                energy_V_3_0               |    pointer   |
|energy_V_3_0_o         | out |   35|   ap_ovld  |                energy_V_3_0               |    pointer   |
|energy_V_3_0_o_ap_vld  | out |    1|   ap_ovld  |                energy_V_3_0               |    pointer   |
+-----------------------+-----+-----+------------+-------------------------------------------+--------------+

