==============================================================
Vivado(TM) HLS - High-Level Synthesis from C, C++ and SystemC v2019.2 (64-bit)
Copyright 1986-2019 Xilinx, Inc. All Rights Reserved.
==============================================================
==============================================================
Vivado(TM) HLS - High-Level Synthesis from C, C++ and SystemC v2019.2 (64-bit)
Copyright 1986-2019 Xilinx, Inc. All Rights Reserved.
==============================================================
==============================================================
Vivado(TM) HLS - High-Level Synthesis from C, C++ and SystemC v2019.2 (64-bit)
Copyright 1986-2019 Xilinx, Inc. All Rights Reserved.
==============================================================
==============================================================
Vivado(TM) HLS - High-Level Synthesis from C, C++ and SystemC v2019.2 (64-bit)
Copyright 1986-2019 Xilinx, Inc. All Rights Reserved.
==============================================================
==============================================================
Vivado(TM) HLS - High-Level Synthesis from C, C++ and SystemC v2019.2 (64-bit)
Copyright 1986-2019 Xilinx, Inc. All Rights Reserved.
==============================================================
==============================================================
Vivado(TM) HLS - High-Level Synthesis from C, C++ and SystemC v2019.2 (64-bit)
Copyright 1986-2019 Xilinx, Inc. All Rights Reserved.
==============================================================
==============================================================
Vivado(TM) HLS - High-Level Synthesis from C, C++ and SystemC v2019.2 (64-bit)
Copyright 1986-2019 Xilinx, Inc. All Rights Reserved.
==============================================================
==============================================================
Vivado(TM) HLS - High-Level Synthesis from C, C++ and SystemC v2019.2 (64-bit)
Copyright 1986-2019 Xilinx, Inc. All Rights Reserved.
==============================================================
==============================================================
Vivado(TM) HLS - High-Level Synthesis from C, C++ and SystemC v2019.2 (64-bit)
Copyright 1986-2019 Xilinx, Inc. All Rights Reserved.
==============================================================
==============================================================
Vivado(TM) HLS - High-Level Synthesis from C, C++ and SystemC v2019.2 (64-bit)
Copyright 1986-2019 Xilinx, Inc. All Rights Reserved.
==============================================================
==============================================================
Vivado(TM) HLS - High-Level Synthesis from C, C++ and SystemC v2019.2 (64-bit)
Copyright 1986-2019 Xilinx, Inc. All Rights Reserved.
==============================================================
==============================================================
Vivado(TM) HLS - High-Level Synthesis from C, C++ and SystemC v2019.2 (64-bit)
Copyright 1986-2019 Xilinx, Inc. All Rights Reserved.
==============================================================
==============================================================
Vivado(TM) HLS - High-Level Synthesis from C, C++ and SystemC v2019.2 (64-bit)
Copyright 1986-2019 Xilinx, Inc. All Rights Reserved.
==============================================================
==============================================================
Vivado(TM) HLS - High-Level Synthesis from C, C++ and SystemC v2019.2 (64-bit)
Copyright 1986-2019 Xilinx, Inc. All Rights Reserved.
==============================================================
==============================================================
Vivado(TM) HLS - High-Level Synthesis from C, C++ and SystemC v2019.2 (64-bit)
Copyright 1986-2019 Xilinx, Inc. All Rights Reserved.
==============================================================
==============================================================
Vivado(TM) HLS - High-Level Synthesis from C, C++ and SystemC v2019.2 (64-bit)
Copyright 1986-2019 Xilinx, Inc. All Rights Reserved.
==============================================================
==============================================================
Vivado(TM) HLS - High-Level Synthesis from C, C++ and SystemC v2019.2 (64-bit)
Copyright 1986-2019 Xilinx, Inc. All Rights Reserved.
==============================================================
==============================================================
Vivado(TM) HLS - High-Level Synthesis from C, C++ and SystemC v2019.2 (64-bit)
Copyright 1986-2019 Xilinx, Inc. All Rights Reserved.
==============================================================
INFO: [SYN 201-201] Setting up clock 'default' with a period of 5ns.
INFO: [HLS 200-10] Setting target device to 'xcu250-figd2104-2L-e'
INFO: [XFORM 203-101] Allowed max sub elements number after partition is 8192.
INFO: [XFORM 203-1161] The maximum of name length is set into 60.
INFO: [XFORM 203-101] Allowed max sub elements number after partition is 8192.
INFO: [XFORM 203-1161] The maximum of name length is set into 60.
INFO: [SCHED 204-61] Option 'relax_ii_for_timing' is enabled, will increase II to preserve clock frequency constraints.
INFO: [HLS 200-10] Analyzing design file 'myproject.cpp' ... 
INFO: [HLS 200-111] Finished Linking Time (s): cpu = 00:00:20 ; elapsed = 00:00:27 . Memory (MB): peak = 1049.250 ; gain = 527.164 ; free physical = 104320 ; free virtual = 185399
INFO: [HLS 200-111] Finished Checking Pragmas Time (s): cpu = 00:00:20 ; elapsed = 00:00:27 . Memory (MB): peak = 1049.250 ; gain = 527.164 ; free physical = 104320 ; free virtual = 185399
INFO: [HLS 200-10] Starting code transformations ...
INFO: [HLS 200-111] Finished Standard Transforms Time (s): cpu = 00:00:21 ; elapsed = 00:00:29 . Memory (MB): peak = 1049.250 ; gain = 527.164 ; free physical = 104312 ; free virtual = 185391
INFO: [HLS 200-10] Checking synthesizability ...
INFO: [HLS 200-111] Finished Checking Synthesizability Time (s): cpu = 00:00:21 ; elapsed = 00:00:29 . Memory (MB): peak = 1049.250 ; gain = 527.164 ; free physical = 104306 ; free virtual = 185385
INFO: [XFORM 203-502] Unrolling all sub-loops inside loop 'Main_1' (myproject.cpp:36) in function 'myproject' for pipelining.
INFO: [HLS 200-489] Unrolling loop 'Main_0' (myproject.cpp:34) in function 'myproject' completely with a factor of 5.
INFO: [HLS 200-489] Unrolling loop 'Main_2' (myproject.cpp:38) in function 'myproject' completely with a factor of 30.
INFO: [HLS 200-489] Unrolling loop 'Main_3' (myproject.cpp:39) in function 'myproject' completely with a factor of 30.
INFO: [HLS 200-111] Finished Pre-synthesis Time (s): cpu = 00:03:03 ; elapsed = 00:03:11 . Memory (MB): peak = 1050.262 ; gain = 528.176 ; free physical = 104181 ; free virtual = 185261
INFO: [HLS 200-472] Inferring partial write operation for 'accum.V' (myproject.cpp:15:44)
INFO: [HLS 200-472] Inferring partial write operation for 'accum.V' (myproject.cpp:40:55)
INFO: [HLS 200-111] Finished Architecture Synthesis Time (s): cpu = 00:04:22 ; elapsed = 00:04:30 . Memory (MB): peak = 1177.250 ; gain = 655.164 ; free physical = 104150 ; free virtual = 185229
INFO: [HLS 200-10] Starting hardware synthesis ...
INFO: [HLS 200-10] Synthesizing 'myproject' ...
INFO: [HLS 200-10] ----------------------------------------------------------------
INFO: [HLS 200-42] -- Implementing module 'myproject' 
INFO: [HLS 200-10] ----------------------------------------------------------------
INFO: [SCHED 204-11] Starting scheduling ...
INFO: [SCHED 204-61] Pipelining loop 'Main_1'.
WARNING: [SCHED 204-68] The II Violation in module 'myproject' (Loop: Main_1): Unable to enforce a carried dependence constraint (II = 1, distance = 1, offset = 1)
   between 'store' operation ('accum_V_addr_write_ln40', myproject.cpp:40) of variable 'trunc_ln708_s', myproject.cpp:40 on array 'accum.V', myproject.cpp:15 and 'load' operation ('accum_V_load_1', myproject.cpp:40) on array 'accum.V', myproject.cpp:15.
INFO: [SCHED 204-61] Pipelining result : Target II = 1, Final II = 2, Depth = 2.
INFO: [SCHED 204-61] Pipelining loop 'Main_1'.
WARNING: [SCHED 204-68] The II Violation in module 'myproject' (Loop: Main_1): Unable to enforce a carried dependence constraint (II = 1, distance = 1, offset = 1)
   between 'store' operation ('accum_V_addr_1_write_ln40', myproject.cpp:40) of variable 'trunc_ln708_1', myproject.cpp:40 on array 'accum.V', myproject.cpp:15 and 'load' operation ('accum_V_load_2', myproject.cpp:40) on array 'accum.V', myproject.cpp:15.
INFO: [SCHED 204-61] Pipelining result : Target II = 1, Final II = 2, Depth = 2.
INFO: [SCHED 204-61] Pipelining loop 'Main_1'.
WARNING: [SCHED 204-68] The II Violation in module 'myproject' (Loop: Main_1): Unable to enforce a carried dependence constraint (II = 1, distance = 1, offset = 1)
   between 'store' operation ('accum_V_addr_2_write_ln40', myproject.cpp:40) of variable 'trunc_ln708_2', myproject.cpp:40 on array 'accum.V', myproject.cpp:15 and 'load' operation ('accum_V_load_3', myproject.cpp:40) on array 'accum.V', myproject.cpp:15.
INFO: [SCHED 204-61] Pipelining result : Target II = 1, Final II = 2, Depth = 2.
INFO: [SCHED 204-61] Pipelining loop 'Main_1'.
WARNING: [SCHED 204-68] The II Violation in module 'myproject' (Loop: Main_1): Unable to enforce a carried dependence constraint (II = 1, distance = 1, offset = 1)
   between 'store' operation ('accum_V_addr_3_write_ln40', myproject.cpp:40) of variable 'trunc_ln708_3', myproject.cpp:40 on array 'accum.V', myproject.cpp:15 and 'load' operation ('accum_V_load_4', myproject.cpp:40) on array 'accum.V', myproject.cpp:15.
INFO: [SCHED 204-61] Pipelining result : Target II = 1, Final II = 2, Depth = 2.
INFO: [SCHED 204-61] Pipelining loop 'Main_1'.
WARNING: [SCHED 204-68] The II Violation in module 'myproject' (Loop: Main_1): Unable to enforce a carried dependence constraint (II = 1, distance = 1, offset = 1)
   between 'store' operation ('accum_V_addr_4_write_ln40', myproject.cpp:40) of variable 'trunc_ln708_4', myproject.cpp:40 on array 'accum.V', myproject.cpp:15 and 'load' operation ('accum_V_load_5', myproject.cpp:40) on array 'accum.V', myproject.cpp:15.
INFO: [SCHED 204-61] Pipelining result : Target II = 1, Final II = 2, Depth = 2.
INFO: [SCHED 204-61] Pipelining loop 'Result'.
INFO: [SCHED 204-61] Pipelining result : Target II = 1, Final II = 1, Depth = 2.
WARNING: [SCHED 204-21] Estimated clock period (629.95ns) exceeds the target (target clock period: 5ns, clock uncertainty: 0.625ns, effective delay budget: 4.375ns).
WARNING: [SCHED 204-21] The critical path in module 'myproject' consists of the following:
	'load' operation ('accum_V_load_1', myproject.cpp:40) on array 'accum.V', myproject.cpp:15 [50]  (0.594 ns)
	'add' operation ('add_ln1192_1', myproject.cpp:40) [52]  (0.699 ns)
	'add' operation ('add_ln1192_3', myproject.cpp:40) [55]  (0.699 ns)
	'add' operation ('add_ln1192_5', myproject.cpp:40) [58]  (0.699 ns)
	'add' operation ('add_ln1192_7', myproject.cpp:40) [61]  (0.699 ns)
	'add' operation ('add_ln1192_9', myproject.cpp:40) [64]  (0.699 ns)
	'add' operation ('add_ln1192_10', myproject.cpp:40) [67]  (0.699 ns)
	'add' operation ('add_ln1192_11', myproject.cpp:40) [70]  (0.699 ns)
	'add' operation ('add_ln1192_12', myproject.cpp:40) [73]  (0.699 ns)
	'add' operation ('add_ln1192_13', myproject.cpp:40) [76]  (0.699 ns)
	'add' operation ('add_ln1192_14', myproject.cpp:40) [79]  (0.699 ns)
	'add' operation ('add_ln1192_15', myproject.cpp:40) [82]  (0.699 ns)
	'add' operation ('add_ln1192_16', myproject.cpp:40) [85]  (0.699 ns)
	'add' operation ('add_ln1192_17', myproject.cpp:40) [88]  (0.699 ns)
	'add' operation ('add_ln1192_18', myproject.cpp:40) [91]  (0.699 ns)
	'add' operation ('add_ln1192_19', myproject.cpp:40) [94]  (0.699 ns)
	'add' operation ('add_ln1192_20', myproject.cpp:40) [97]  (0.699 ns)
	'add' operation ('add_ln1192_21', myproject.cpp:40) [100]  (0.699 ns)
	'add' operation ('add_ln1192_22', myproject.cpp:40) [103]  (0.699 ns)
	'add' operation ('add_ln1192_23', myproject.cpp:40) [106]  (0.699 ns)
	'add' operation ('add_ln1192_24', myproject.cpp:40) [109]  (0.699 ns)
	'add' operation ('add_ln1192_25', myproject.cpp:40) [112]  (0.699 ns)
	'add' operation ('add_ln1192_26', myproject.cpp:40) [115]  (0.699 ns)
	'add' operation ('add_ln1192_27', myproject.cpp:40) [118]  (0.699 ns)
	'add' operation ('add_ln1192_28', myproject.cpp:40) [121]  (0.699 ns)
	'add' operation ('add_ln1192_29', myproject.cpp:40) [124]  (0.699 ns)
	'add' operation ('add_ln1192_30', myproject.cpp:40) [127]  (0.699 ns)
	'add' operation ('add_ln1192_31', myproject.cpp:40) [130]  (0.699 ns)
	'add' operation ('add_ln1192_32', myproject.cpp:40) [133]  (0.699 ns)
	'add' operation ('add_ln1192_33', myproject.cpp:40) [136]  (0.699 ns)
	'add' operation ('add_ln1192_34', myproject.cpp:40) [139]  (0.699 ns)
	'add' operation ('add_ln1192_35', myproject.cpp:40) [142]  (0.699 ns)
	'add' operation ('add_ln1192_36', myproject.cpp:40) [145]  (0.699 ns)
	'add' operation ('add_ln1192_38', myproject.cpp:40) [148]  (0.699 ns)
	'add' operation ('add_ln1192_40', myproject.cpp:40) [151]  (0.699 ns)
	'add' operation ('add_ln1192_42', myproject.cpp:40) [154]  (0.699 ns)
	'add' operation ('add_ln1192_43', myproject.cpp:40) [157]  (0.699 ns)
	'add' operation ('add_ln1192_44', myproject.cpp:40) [160]  (0.699 ns)
	'add' operation ('add_ln1192_45', myproject.cpp:40) [163]  (0.699 ns)
	'add' operation ('add_ln1192_46', myproject.cpp:40) [166]  (0.699 ns)
	'add' operation ('add_ln1192_47', myproject.cpp:40) [169]  (0.699 ns)
	'add' operation ('add_ln1192_48', myproject.cpp:40) [172]  (0.699 ns)
	'add' operation ('add_ln1192_49', myproject.cpp:40) [175]  (0.699 ns)
	'add' operation ('add_ln1192_50', myproject.cpp:40) [178]  (0.699 ns)
	'add' operation ('add_ln1192_51', myproject.cpp:40) [181]  (0.699 ns)
	'add' operation ('add_ln1192_52', myproject.cpp:40) [184]  (0.699 ns)
	'add' operation ('add_ln1192_53', myproject.cpp:40) [187]  (0.699 ns)
	'add' operation ('add_ln1192_54', myproject.cpp:40) [190]  (0.699 ns)
	'add' operation ('add_ln1192_55', myproject.cpp:40) [193]  (0.699 ns)
	'add' operation ('add_ln1192_56', myproject.cpp:40) [196]  (0.699 ns)
	'add' operation ('add_ln1192_57', myproject.cpp:40) [199]  (0.699 ns)
	'add' operation ('add_ln1192_58', myproject.cpp:40) [202]  (0.699 ns)
	'add' operation ('add_ln1192_59', myproject.cpp:40) [205]  (0.699 ns)
	'add' operation ('add_ln1192_60', myproject.cpp:40) [208]  (0.699 ns)
	'add' operation ('add_ln1192_61', myproject.cpp:40) [211]  (0.699 ns)
	'add' operation ('add_ln1192_62', myproject.cpp:40) [214]  (0.699 ns)
	'add' operation ('add_ln1192_63', myproject.cpp:40) [217]  (0.699 ns)
	'add' operation ('add_ln1192_64', myproject.cpp:40) [220]  (0.699 ns)
	'add' operation ('add_ln1192_65', myproject.cpp:40) [223]  (0.699 ns)
	'add' operation ('add_ln1192_66', myproject.cpp:40) [226]  (0.699 ns)
	'add' operation ('add_ln1192_67', myproject.cpp:40) [229]  (0.699 ns)
	'add' operation ('add_ln1192_68', myproject.cpp:40) [232]  (0.699 ns)
	'add' operation ('add_ln1192_69', myproject.cpp:40) [235]  (0.699 ns)
	'add' operation ('add_ln1192_71', myproject.cpp:40) [238]  (0.699 ns)
	'add' operation ('add_ln1192_73', myproject.cpp:40) [241]  (0.699 ns)
	'add' operation ('add_ln1192_75', myproject.cpp:40) [244]  (0.699 ns)
	'add' operation ('add_ln1192_76', myproject.cpp:40) [247]  (0.699 ns)
	'add' operation ('add_ln1192_77', myproject.cpp:40) [250]  (0.699 ns)
	'add' operation ('add_ln1192_78', myproject.cpp:40) [253]  (0.699 ns)
	'add' operation ('add_ln1192_79', myproject.cpp:40) [256]  (0.699 ns)
	'add' operation ('add_ln1192_80', myproject.cpp:40) [259]  (0.699 ns)
	'add' operation ('add_ln1192_81', myproject.cpp:40) [262]  (0.699 ns)
	'add' operation ('add_ln1192_82', myproject.cpp:40) [265]  (0.699 ns)
	'add' operation ('add_ln1192_83', myproject.cpp:40) [268]  (0.699 ns)
	'add' operation ('add_ln1192_84', myproject.cpp:40) [271]  (0.699 ns)
	'add' operation ('add_ln1192_85', myproject.cpp:40) [274]  (0.699 ns)
	'add' operation ('add_ln1192_86', myproject.cpp:40) [277]  (0.699 ns)
	'add' operation ('add_ln1192_87', myproject.cpp:40) [280]  (0.699 ns)
	'add' operation ('add_ln1192_88', myproject.cpp:40) [283]  (0.699 ns)
	'add' operation ('add_ln1192_89', myproject.cpp:40) [286]  (0.699 ns)
	'add' operation ('add_ln1192_90', myproject.cpp:40) [289]  (0.699 ns)
	'add' operation ('add_ln1192_91', myproject.cpp:40) [292]  (0.699 ns)
	'add' operation ('add_ln1192_92', myproject.cpp:40) [295]  (0.699 ns)
	'add' operation ('add_ln1192_93', myproject.cpp:40) [298]  (0.699 ns)
	'add' operation ('add_ln1192_94', myproject.cpp:40) [301]  (0.699 ns)
	'add' operation ('add_ln1192_95', myproject.cpp:40) [304]  (0.699 ns)
	'add' operation ('add_ln1192_96', myproject.cpp:40) [307]  (0.699 ns)
	'add' operation ('add_ln1192_97', myproject.cpp:40) [310]  (0.699 ns)
	'add' operation ('add_ln1192_98', myproject.cpp:40) [313]  (0.699 ns)
	'add' operation ('add_ln1192_99', myproject.cpp:40) [316]  (0.699 ns)
	'add' operation ('add_ln1192_100', myproject.cpp:40) [319]  (0.699 ns)
	'add' operation ('add_ln1192_101', myproject.cpp:40) [322]  (0.699 ns)
	'add' operation ('add_ln1192_102', myproject.cpp:40) [325]  (0.699 ns)
	'add' operation ('add_ln1192_103', myproject.cpp:40) [328]  (0.699 ns)
	'add' operation ('add_ln1192_105', myproject.cpp:40) [331]  (0.699 ns)
	'add' operation ('add_ln1192_107', myproject.cpp:40) [334]  (0.699 ns)
	'add' operation ('add_ln1192_108', myproject.cpp:40) [337]  (0.699 ns)
	'add' operation ('add_ln1192_109', myproject.cpp:40) [340]  (0.699 ns)
	'add' operation ('add_ln1192_110', myproject.cpp:40) [343]  (0.699 ns)
	'add' operation ('add_ln1192_111', myproject.cpp:40) [346]  (0.699 ns)
	'add' operation ('add_ln1192_112', myproject.cpp:40) [349]  (0.699 ns)
	'add' operation ('add_ln1192_113', myproject.cpp:40) [352]  (0.699 ns)
	'add' operation ('add_ln1192_114', myproject.cpp:40) [355]  (0.699 ns)
	'add' operation ('add_ln1192_115', myproject.cpp:40) [358]  (0.699 ns)
	'add' operation ('add_ln1192_116', myproject.cpp:40) [361]  (0.699 ns)
	'add' operation ('add_ln1192_117', myproject.cpp:40) [364]  (0.699 ns)
	'add' operation ('add_ln1192_118', myproject.cpp:40) [367]  (0.699 ns)
	'add' operation ('add_ln1192_119', myproject.cpp:40) [370]  (0.699 ns)
	'add' operation ('add_ln1192_120', myproject.cpp:40) [373]  (0.699 ns)
	'add' operation ('add_ln1192_121', myproject.cpp:40) [376]  (0.699 ns)
	'add' operation ('add_ln1192_122', myproject.cpp:40) [379]  (0.699 ns)
	'add' operation ('add_ln1192_123', myproject.cpp:40) [382]  (0.699 ns)
	'add' operation ('add_ln1192_124', myproject.cpp:40) [385]  (0.699 ns)
	'add' operation ('add_ln1192_125', myproject.cpp:40) [388]  (0.699 ns)
	'add' operation ('add_ln1192_126', myproject.cpp:40) [391]  (0.699 ns)
	'add' operation ('add_ln1192_127', myproject.cpp:40) [394]  (0.699 ns)
	'add' operation ('add_ln1192_128', myproject.cpp:40) [397]  (0.699 ns)
	'add' operation ('add_ln1192_129', myproject.cpp:40) [400]  (0.699 ns)
	'add' operation ('add_ln1192_130', myproject.cpp:40) [403]  (0.699 ns)
	'add' operation ('add_ln1192_131', myproject.cpp:40) [406]  (0.699 ns)
	'add' operation ('add_ln1192_132', myproject.cpp:40) [409]  (0.699 ns)
	'add' operation ('add_ln1192_133', myproject.cpp:40) [412]  (0.699 ns)
	'add' operation ('add_ln1192_134', myproject.cpp:40) [415]  (0.699 ns)
	'add' operation ('add_ln1192_135', myproject.cpp:40) [418]  (0.699 ns)
	'add' operation ('add_ln1192_136', myproject.cpp:40) [421]  (0.699 ns)
	'add' operation ('add_ln1192_138', myproject.cpp:40) [424]  (0.699 ns)
	'add' operation ('add_ln1192_139', myproject.cpp:40) [427]  (0.699 ns)
	'add' operation ('add_ln1192_140', myproject.cpp:40) [430]  (0.699 ns)
	'add' operation ('add_ln1192_141', myproject.cpp:40) [433]  (0.699 ns)
	'add' operation ('add_ln1192_142', myproject.cpp:40) [436]  (0.699 ns)
	'add' operation ('add_ln1192_143', myproject.cpp:40) [439]  (0.699 ns)
	'add' operation ('add_ln1192_144', myproject.cpp:40) [442]  (0.699 ns)
	'add' operation ('add_ln1192_145', myproject.cpp:40) [445]  (0.699 ns)
	'add' operation ('add_ln1192_146', myproject.cpp:40) [448]  (0.699 ns)
	'add' operation ('add_ln1192_147', myproject.cpp:40) [451]  (0.699 ns)
	'add' operation ('add_ln1192_148', myproject.cpp:40) [454]  (0.699 ns)
	'add' operation ('add_ln1192_149', myproject.cpp:40) [457]  (0.699 ns)
	'add' operation ('add_ln1192_150', myproject.cpp:40) [460]  (0.699 ns)
	'add' operation ('add_ln1192_151', myproject.cpp:40) [463]  (0.699 ns)
	'add' operation ('add_ln1192_152', myproject.cpp:40) [466]  (0.699 ns)
	'add' operation ('add_ln1192_153', myproject.cpp:40) [469]  (0.699 ns)
	'add' operation ('add_ln1192_154', myproject.cpp:40) [472]  (0.699 ns)
	'add' operation ('add_ln1192_155', myproject.cpp:40) [475]  (0.699 ns)
	'add' operation ('add_ln1192_156', myproject.cpp:40) [478]  (0.699 ns)
	'add' operation ('add_ln1192_157', myproject.cpp:40) [481]  (0.699 ns)
	'add' operation ('add_ln1192_158', myproject.cpp:40) [484]  (0.699 ns)
	'add' operation ('add_ln1192_159', myproject.cpp:40) [487]  (0.699 ns)
	'add' operation ('add_ln1192_160', myproject.cpp:40) [490]  (0.699 ns)
	'add' operation ('add_ln1192_161', myproject.cpp:40) [493]  (0.699 ns)
	'add' operation ('add_ln1192_162', myproject.cpp:40) [496]  (0.699 ns)
	'add' operation ('add_ln1192_163', myproject.cpp:40) [499]  (0.699 ns)
	'add' operation ('add_ln1192_164', myproject.cpp:40) [502]  (0.699 ns)
	'add' operation ('add_ln1192_165', myproject.cpp:40) [505]  (0.699 ns)
	'add' operation ('add_ln1192_166', myproject.cpp:40) [508]  (0.699 ns)
	'add' operation ('add_ln1192_167', myproject.cpp:40) [511]  (0.699 ns)
	'add' operation ('add_ln1192_168', myproject.cpp:40) [514]  (0.699 ns)
	'add' operation ('add_ln1192_169', myproject.cpp:40) [517]  (0.699 ns)
	'add' operation ('add_ln1192_170', myproject.cpp:40) [520]  (0.699 ns)
	'add' operation ('add_ln1192_171', myproject.cpp:40) [523]  (0.699 ns)
	'add' operation ('add_ln1192_172', myproject.cpp:40) [526]  (0.699 ns)
	'add' operation ('add_ln1192_173', myproject.cpp:40) [529]  (0.699 ns)
	'add' operation ('add_ln1192_174', myproject.cpp:40) [532]  (0.699 ns)
	'add' operation ('add_ln1192_175', myproject.cpp:40) [535]  (0.699 ns)
	'add' operation ('add_ln1192_176', myproject.cpp:40) [538]  (0.699 ns)
	'add' operation ('add_ln1192_177', myproject.cpp:40) [541]  (0.699 ns)
	'add' operation ('add_ln1192_178', myproject.cpp:40) [544]  (0.699 ns)
	'add' operation ('add_ln1192_179', myproject.cpp:40) [547]  (0.699 ns)
	'add' operation ('add_ln1192_180', myproject.cpp:40) [550]  (0.699 ns)
	'add' operation ('add_ln1192_181', myproject.cpp:40) [553]  (0.699 ns)
	'add' operation ('add_ln1192_182', myproject.cpp:40) [556]  (0.699 ns)
	'add' operation ('add_ln1192_183', myproject.cpp:40) [559]  (0.699 ns)
	'add' operation ('add_ln1192_184', myproject.cpp:40) [562]  (0.699 ns)
	'add' operation ('add_ln1192_185', myproject.cpp:40) [565]  (0.699 ns)
	'add' operation ('add_ln1192_186', myproject.cpp:40) [568]  (0.699 ns)
	'add' operation ('add_ln1192_187', myproject.cpp:40) [571]  (0.699 ns)
	'add' operation ('add_ln1192_188', myproject.cpp:40) [574]  (0.699 ns)
	'add' operation ('add_ln1192_189', myproject.cpp:40) [577]  (0.699 ns)
	'add' operation ('add_ln1192_190', myproject.cpp:40) [580]  (0.699 ns)
	'add' operation ('add_ln1192_191', myproject.cpp:40) [583]  (0.699 ns)
	'add' operation ('add_ln1192_192', myproject.cpp:40) [586]  (0.699 ns)
	'add' operation ('add_ln1192_193', myproject.cpp:40) [589]  (0.699 ns)
	'add' operation ('add_ln1192_194', myproject.cpp:40) [592]  (0.699 ns)
	'add' operation ('add_ln1192_195', myproject.cpp:40) [595]  (0.699 ns)
	'add' operation ('add_ln1192_196', myproject.cpp:40) [598]  (0.699 ns)
	'add' operation ('add_ln1192_197', myproject.cpp:40) [601]  (0.699 ns)
	'add' operation ('add_ln1192_198', myproject.cpp:40) [604]  (0.699 ns)
	'add' operation ('add_ln1192_199', myproject.cpp:40) [607]  (0.699 ns)
	'add' operation ('add_ln1192_200', myproject.cpp:40) [610]  (0.699 ns)
	'add' operation ('add_ln1192_201', myproject.cpp:40) [613]  (0.699 ns)
	'add' operation ('add_ln1192_202', myproject.cpp:40) [616]  (0.699 ns)
	'add' operation ('add_ln1192_203', myproject.cpp:40) [619]  (0.699 ns)
	'add' operation ('add_ln1192_204', myproject.cpp:40) [622]  (0.699 ns)
	'add' operation ('add_ln1192_205', myproject.cpp:40) [625]  (0.699 ns)
	'add' operation ('add_ln1192_206', myproject.cpp:40) [628]  (0.699 ns)
	'add' operation ('add_ln1192_207', myproject.cpp:40) [631]  (0.699 ns)
	'add' operation ('add_ln1192_208', myproject.cpp:40) [634]  (0.699 ns)
	'add' operation ('add_ln1192_209', myproject.cpp:40) [637]  (0.699 ns)
	'add' operation ('add_ln1192_210', myproject.cpp:40) [640]  (0.699 ns)
	'add' operation ('add_ln1192_211', myproject.cpp:40) [643]  (0.699 ns)
	'add' operation ('add_ln1192_212', myproject.cpp:40) [646]  (0.699 ns)
	'add' operation ('add_ln1192_213', myproject.cpp:40) [649]  (0.699 ns)
	'add' operation ('add_ln1192_214', myproject.cpp:40) [652]  (0.699 ns)
	'add' operation ('add_ln1192_215', myproject.cpp:40) [655]  (0.699 ns)
	'add' operation ('add_ln1192_216', myproject.cpp:40) [658]  (0.699 ns)
	'add' operation ('add_ln1192_217', myproject.cpp:40) [661]  (0.699 ns)
	'add' operation ('add_ln1192_218', myproject.cpp:40) [664]  (0.699 ns)
	'add' operation ('add_ln1192_219', myproject.cpp:40) [667]  (0.699 ns)
	'add' operation ('add_ln1192_220', myproject.cpp:40) [670]  (0.699 ns)
	'add' operation ('add_ln1192_221', myproject.cpp:40) [673]  (0.699 ns)
	'add' operation ('add_ln1192_222', myproject.cpp:40) [676]  (0.699 ns)
	'add' operation ('add_ln1192_223', myproject.cpp:40) [679]  (0.699 ns)
	'add' operation ('add_ln1192_224', myproject.cpp:40) [682]  (0.699 ns)
	'add' operation ('add_ln1192_225', myproject.cpp:40) [685]  (0.699 ns)
	'add' operation ('add_ln1192_226', myproject.cpp:40) [688]  (0.699 ns)
	'add' operation ('add_ln1192_227', myproject.cpp:40) [691]  (0.699 ns)
	'add' operation ('add_ln1192_228', myproject.cpp:40) [694]  (0.699 ns)
	'add' operation ('add_ln1192_229', myproject.cpp:40) [697]  (0.699 ns)
	'add' operation ('add_ln1192_230', myproject.cpp:40) [700]  (0.699 ns)
	'add' operation ('add_ln1192_231', myproject.cpp:40) [703]  (0.699 ns)
	'add' operation ('add_ln1192_232', myproject.cpp:40) [706]  (0.699 ns)
	'add' operation ('add_ln1192_233', myproject.cpp:40) [709]  (0.699 ns)
	'add' operation ('add_ln1192_234', myproject.cpp:40) [712]  (0.699 ns)
	'add' operation ('add_ln1192_235', myproject.cpp:40) [715]  (0.699 ns)
	'add' operation ('add_ln1192_236', myproject.cpp:40) [718]  (0.699 ns)
	'add' operation ('add_ln1192_237', myproject.cpp:40) [721]  (0.699 ns)
	'add' operation ('add_ln1192_238', myproject.cpp:40) [724]  (0.699 ns)
	'add' operation ('add_ln1192_239', myproject.cpp:40) [727]  (0.699 ns)
	'add' operation ('add_ln1192_240', myproject.cpp:40) [730]  (0.699 ns)
	'add' operation ('add_ln1192_241', myproject.cpp:40) [733]  (0.699 ns)
	'add' operation ('add_ln1192_242', myproject.cpp:40) [736]  (0.699 ns)
	'add' operation ('add_ln1192_243', myproject.cpp:40) [739]  (0.699 ns)
	'add' operation ('add_ln1192_244', myproject.cpp:40) [742]  (0.699 ns)
	'add' operation ('add_ln1192_245', myproject.cpp:40) [745]  (0.699 ns)
	'add' operation ('add_ln1192_246', myproject.cpp:40) [748]  (0.699 ns)
	'add' operation ('add_ln1192_247', myproject.cpp:40) [751]  (0.699 ns)
	'add' operation ('add_ln1192_248', myproject.cpp:40) [754]  (0.699 ns)
	'add' operation ('add_ln1192_249', myproject.cpp:40) [757]  (0.699 ns)
	'add' operation ('add_ln1192_250', myproject.cpp:40) [760]  (0.699 ns)
	'add' operation ('add_ln1192_251', myproject.cpp:40) [763]  (0.699 ns)
	'add' operation ('add_ln1192_252', myproject.cpp:40) [766]  (0.699 ns)
	'add' operation ('add_ln1192_253', myproject.cpp:40) [769]  (0.699 ns)
	'add' operation ('add_ln1192_254', myproject.cpp:40) [772]  (0.699 ns)
	'add' operation ('add_ln1192_255', myproject.cpp:40) [775]  (0.699 ns)
	'add' operation ('add_ln1192_256', myproject.cpp:40) [778]  (0.699 ns)
	'add' operation ('add_ln1192_257', myproject.cpp:40) [781]  (0.699 ns)
	'add' operation ('add_ln1192_258', myproject.cpp:40) [784]  (0.699 ns)
	'add' operation ('add_ln1192_259', myproject.cpp:40) [787]  (0.699 ns)
	'add' operation ('add_ln1192_260', myproject.cpp:40) [790]  (0.699 ns)
	'add' operation ('add_ln1192_261', myproject.cpp:40) [793]  (0.699 ns)
	'add' operation ('add_ln1192_262', myproject.cpp:40) [796]  (0.699 ns)
	'add' operation ('add_ln1192_263', myproject.cpp:40) [799]  (0.699 ns)
	'add' operation ('add_ln1192_264', myproject.cpp:40) [802]  (0.699 ns)
	'add' operation ('add_ln1192_265', myproject.cpp:40) [805]  (0.699 ns)
	'add' operation ('add_ln1192_266', myproject.cpp:40) [808]  (0.699 ns)
	'add' operation ('add_ln1192_267', myproject.cpp:40) [811]  (0.699 ns)
	'add' operation ('add_ln1192_268', myproject.cpp:40) [814]  (0.699 ns)
	'add' operation ('add_ln1192_269', myproject.cpp:40) [817]  (0.699 ns)
	'add' operation ('add_ln1192_270', myproject.cpp:40) [820]  (0.699 ns)
	'add' operation ('add_ln1192_271', myproject.cpp:40) [823]  (0.699 ns)
	'add' operation ('add_ln1192_272', myproject.cpp:40) [826]  (0.699 ns)
	'add' operation ('add_ln1192_273', myproject.cpp:40) [829]  (0.699 ns)
	'add' operation ('add_ln1192_274', myproject.cpp:40) [832]  (0.699 ns)
	'add' operation ('add_ln1192_275', myproject.cpp:40) [835]  (0.699 ns)
	'add' operation ('add_ln1192_276', myproject.cpp:40) [838]  (0.699 ns)
	'add' operation ('add_ln1192_277', myproject.cpp:40) [841]  (0.699 ns)
	'add' operation ('add_ln1192_278', myproject.cpp:40) [844]  (0.699 ns)
	'add' operation ('add_ln1192_279', myproject.cpp:40) [847]  (0.699 ns)
	'add' operation ('add_ln1192_280', myproject.cpp:40) [850]  (0.699 ns)
	'add' operation ('add_ln1192_281', myproject.cpp:40) [853]  (0.699 ns)
	'add' operation ('add_ln1192_282', myproject.cpp:40) [856]  (0.699 ns)
	'add' operation ('add_ln1192_283', myproject.cpp:40) [859]  (0.699 ns)
	'add' operation ('add_ln1192_284', myproject.cpp:40) [862]  (0.699 ns)
	'add' operation ('add_ln1192_285', myproject.cpp:40) [865]  (0.699 ns)
	'add' operation ('add_ln1192_286', myproject.cpp:40) [868]  (0.699 ns)
	'add' operation ('add_ln1192_287', myproject.cpp:40) [871]  (0.699 ns)
	'add' operation ('add_ln1192_288', myproject.cpp:40) [874]  (0.699 ns)
	'add' operation ('add_ln1192_289', myproject.cpp:40) [877]  (0.699 ns)
	'add' operation ('add_ln1192_290', myproject.cpp:40) [880]  (0.699 ns)
	'add' operation ('add_ln1192_291', myproject.cpp:40) [883]  (0.699 ns)
	'add' operation ('add_ln1192_292', myproject.cpp:40) [886]  (0.699 ns)
	'add' operation ('add_ln1192_293', myproject.cpp:40) [889]  (0.699 ns)
	'add' operation ('add_ln1192_294', myproject.cpp:40) [892]  (0.699 ns)
	'add' operation ('add_ln1192_295', myproject.cpp:40) [895]  (0.699 ns)
	'add' operation ('add_ln1192_296', myproject.cpp:40) [898]  (0.699 ns)
	'add' operation ('add_ln1192_297', myproject.cpp:40) [901]  (0.699 ns)
	'add' operation ('add_ln1192_298', myproject.cpp:40) [904]  (0.699 ns)
	'add' operation ('add_ln1192_299', myproject.cpp:40) [907]  (0.699 ns)
	'add' operation ('add_ln1192_300', myproject.cpp:40) [910]  (0.699 ns)
	'add' operation ('add_ln1192_301', myproject.cpp:40) [913]  (0.699 ns)
	'add' operation ('add_ln1192_302', myproject.cpp:40) [916]  (0.699 ns)
	'add' operation ('add_ln1192_303', myproject.cpp:40) [919]  (0.699 ns)
	'add' operation ('add_ln1192_304', myproject.cpp:40) [922]  (0.699 ns)
	'add' operation ('add_ln1192_305', myproject.cpp:40) [925]  (0.699 ns)
	'add' operation ('add_ln1192_306', myproject.cpp:40) [928]  (0.699 ns)
	'add' operation ('add_ln1192_307', myproject.cpp:40) [931]  (0.699 ns)
	'add' operation ('add_ln1192_308', myproject.cpp:40) [934]  (0.699 ns)
	'add' operation ('add_ln1192_309', myproject.cpp:40) [937]  (0.699 ns)
	'add' operation ('add_ln1192_310', myproject.cpp:40) [940]  (0.699 ns)
	'add' operation ('add_ln1192_311', myproject.cpp:40) [943]  (0.699 ns)
	'add' operation ('add_ln1192_312', myproject.cpp:40) [946]  (0.699 ns)
	'add' operation ('add_ln1192_313', myproject.cpp:40) [949]  (0.699 ns)
	'add' operation ('add_ln1192_314', myproject.cpp:40) [952]  (0.699 ns)
	'add' operation ('add_ln1192_315', myproject.cpp:40) [955]  (0.699 ns)
	'add' operation ('add_ln1192_316', myproject.cpp:40) [958]  (0.699 ns)
	'add' operation ('add_ln1192_317', myproject.cpp:40) [961]  (0.699 ns)
	'add' operation ('add_ln1192_318', myproject.cpp:40) [964]  (0.699 ns)
	'add' operation ('add_ln1192_319', myproject.cpp:40) [967]  (0.699 ns)
	'add' operation ('add_ln1192_320', myproject.cpp:40) [970]  (0.699 ns)
	'add' operation ('add_ln1192_321', myproject.cpp:40) [973]  (0.699 ns)
	'add' operation ('add_ln1192_322', myproject.cpp:40) [976]  (0.699 ns)
	'add' operation ('add_ln1192_323', myproject.cpp:40) [979]  (0.699 ns)
	'add' operation ('add_ln1192_324', myproject.cpp:40) [982]  (0.699 ns)
	'add' operation ('add_ln1192_325', myproject.cpp:40) [985]  (0.699 ns)
	'add' operation ('add_ln1192_326', myproject.cpp:40) [988]  (0.699 ns)
	'add' operation ('add_ln1192_327', myproject.cpp:40) [991]  (0.699 ns)
	'add' operation ('add_ln1192_328', myproject.cpp:40) [994]  (0.699 ns)
	'add' operation ('add_ln1192_329', myproject.cpp:40) [997]  (0.699 ns)
	'add' operation ('add_ln1192_330', myproject.cpp:40) [1000]  (0.699 ns)
	'add' operation ('add_ln1192_331', myproject.cpp:40) [1003]  (0.699 ns)
	'add' operation ('add_ln1192_332', myproject.cpp:40) [1006]  (0.699 ns)
	'add' operation ('add_ln1192_333', myproject.cpp:40) [1009]  (0.699 ns)
	'add' operation ('add_ln1192_334', myproject.cpp:40) [1012]  (0.699 ns)
	'add' operation ('add_ln1192_335', myproject.cpp:40) [1015]  (0.699 ns)
	'add' operation ('add_ln1192_337', myproject.cpp:40) [1018]  (0.699 ns)
	'add' operation ('add_ln1192_339', myproject.cpp:40) [1021]  (0.699 ns)
	'add' operation ('add_ln1192_341', myproject.cpp:40) [1024]  (0.699 ns)
	'add' operation ('add_ln1192_343', myproject.cpp:40) [1027]  (0.699 ns)
	'add' operation ('add_ln1192_345', myproject.cpp:40) [1030]  (0.699 ns)
	'add' operation ('add_ln1192_346', myproject.cpp:40) [1033]  (0.699 ns)
	'add' operation ('add_ln1192_347', myproject.cpp:40) [1036]  (0.699 ns)
	'add' operation ('add_ln1192_348', myproject.cpp:40) [1039]  (0.699 ns)
	'add' operation ('add_ln1192_349', myproject.cpp:40) [1042]  (0.699 ns)
	'add' operation ('add_ln1192_350', myproject.cpp:40) [1045]  (0.699 ns)
	'add' operation ('add_ln1192_352', myproject.cpp:40) [1048]  (0.699 ns)
	'add' operation ('add_ln1192_354', myproject.cpp:40) [1051]  (0.699 ns)
	'add' operation ('add_ln1192_356', myproject.cpp:40) [1054]  (0.699 ns)
	'add' operation ('add_ln1192_357', myproject.cpp:40) [1057]  (0.699 ns)
	'add' operation ('add_ln1192_358', myproject.cpp:40) [1060]  (0.699 ns)
	'add' operation ('add_ln1192_359', myproject.cpp:40) [1063]  (0.699 ns)
	'add' operation ('add_ln1192_360', myproject.cpp:40) [1066]  (0.699 ns)
	'add' operation ('add_ln1192_361', myproject.cpp:40) [1069]  (0.699 ns)
	'add' operation ('add_ln1192_362', myproject.cpp:40) [1072]  (0.699 ns)
	'add' operation ('add_ln1192_363', myproject.cpp:40) [1075]  (0.699 ns)
	'add' operation ('add_ln1192_364', myproject.cpp:40) [1078]  (0.699 ns)
	'add' operation ('add_ln1192_365', myproject.cpp:40) [1081]  (0.699 ns)
	'add' operation ('add_ln1192_366', myproject.cpp:40) [1084]  (0.699 ns)
	'add' operation ('add_ln1192_367', myproject.cpp:40) [1087]  (0.699 ns)
	'add' operation ('add_ln1192_368', myproject.cpp:40) [1090]  (0.699 ns)
	'add' operation ('add_ln1192_369', myproject.cpp:40) [1093]  (0.699 ns)
	'add' operation ('add_ln1192_370', myproject.cpp:40) [1096]  (0.699 ns)
	'add' operation ('add_ln1192_371', myproject.cpp:40) [1099]  (0.699 ns)
	'add' operation ('add_ln1192_372', myproject.cpp:40) [1102]  (0.699 ns)
	'add' operation ('add_ln1192_373', myproject.cpp:40) [1105]  (0.699 ns)
	'add' operation ('add_ln1192_374', myproject.cpp:40) [1108]  (0.699 ns)
	'add' operation ('add_ln1192_375', myproject.cpp:40) [1111]  (0.699 ns)
	'add' operation ('add_ln1192_376', myproject.cpp:40) [1114]  (0.699 ns)
	'add' operation ('add_ln1192_377', myproject.cpp:40) [1117]  (0.699 ns)
	'add' operation ('add_ln1192_378', myproject.cpp:40) [1120]  (0.699 ns)
	'add' operation ('add_ln1192_379', myproject.cpp:40) [1123]  (0.699 ns)
	'add' operation ('add_ln1192_380', myproject.cpp:40) [1126]  (0.699 ns)
	'add' operation ('add_ln1192_381', myproject.cpp:40) [1129]  (0.699 ns)
	'add' operation ('add_ln1192_382', myproject.cpp:40) [1132]  (0.699 ns)
	'add' operation ('add_ln1192_383', myproject.cpp:40) [1135]  (0.699 ns)
	'add' operation ('add_ln1192_385', myproject.cpp:40) [1138]  (0.699 ns)
	'add' operation ('add_ln1192_387', myproject.cpp:40) [1141]  (0.699 ns)
	'add' operation ('add_ln1192_389', myproject.cpp:40) [1144]  (0.699 ns)
	'add' operation ('add_ln1192_390', myproject.cpp:40) [1147]  (0.699 ns)
	'add' operation ('add_ln1192_391', myproject.cpp:40) [1150]  (0.699 ns)
	'add' operation ('add_ln1192_392', myproject.cpp:40) [1153]  (0.699 ns)
	'add' operation ('add_ln1192_393', myproject.cpp:40) [1156]  (0.699 ns)
	'add' operation ('add_ln1192_394', myproject.cpp:40) [1159]  (0.699 ns)
	'add' operation ('add_ln1192_395', myproject.cpp:40) [1162]  (0.699 ns)
	'add' operation ('add_ln1192_396', myproject.cpp:40) [1165]  (0.699 ns)
	'add' operation ('add_ln1192_397', myproject.cpp:40) [1168]  (0.699 ns)
	'add' operation ('add_ln1192_398', myproject.cpp:40) [1171]  (0.699 ns)
	'add' operation ('add_ln1192_399', myproject.cpp:40) [1174]  (0.699 ns)
	'add' operation ('add_ln1192_400', myproject.cpp:40) [1177]  (0.699 ns)
	'add' operation ('add_ln1192_401', myproject.cpp:40) [1180]  (0.699 ns)
	'add' operation ('add_ln1192_402', myproject.cpp:40) [1183]  (0.699 ns)
	'add' operation ('add_ln1192_403', myproject.cpp:40) [1186]  (0.699 ns)
	'add' operation ('add_ln1192_404', myproject.cpp:40) [1189]  (0.699 ns)
	'add' operation ('add_ln1192_405', myproject.cpp:40) [1192]  (0.699 ns)
	'add' operation ('add_ln1192_406', myproject.cpp:40) [1195]  (0.699 ns)
	'add' operation ('add_ln1192_407', myproject.cpp:40) [1198]  (0.699 ns)
	'add' operation ('add_ln1192_408', myproject.cpp:40) [1201]  (0.699 ns)
	'add' operation ('add_ln1192_409', myproject.cpp:40) [1204]  (0.699 ns)
	'add' operation ('add_ln1192_410', myproject.cpp:40) [1207]  (0.699 ns)
	'add' operation ('add_ln1192_411', myproject.cpp:40) [1210]  (0.699 ns)
	'add' operation ('add_ln1192_412', myproject.cpp:40) [1213]  (0.699 ns)
	'add' operation ('add_ln1192_413', myproject.cpp:40) [1216]  (0.699 ns)
	'add' operation ('add_ln1192_414', myproject.cpp:40) [1219]  (0.699 ns)
	'add' operation ('add_ln1192_415', myproject.cpp:40) [1222]  (0.699 ns)
	'add' operation ('add_ln1192_416', myproject.cpp:40) [1225]  (0.699 ns)
	'add' operation ('add_ln1192_417', myproject.cpp:40) [1228]  (0.699 ns)
	'add' operation ('add_ln1192_419', myproject.cpp:40) [1231]  (0.699 ns)
	'add' operation ('add_ln1192_421', myproject.cpp:40) [1234]  (0.699 ns)
	'add' operation ('add_ln1192_422', myproject.cpp:40) [1237]  (0.699 ns)
	'add' operation ('add_ln1192_423', myproject.cpp:40) [1240]  (0.699 ns)
	'add' operation ('add_ln1192_424', myproject.cpp:40) [1243]  (0.699 ns)
	'add' operation ('add_ln1192_425', myproject.cpp:40) [1246]  (0.699 ns)
	'add' operation ('add_ln1192_426', myproject.cpp:40) [1249]  (0.699 ns)
	'add' operation ('add_ln1192_427', myproject.cpp:40) [1252]  (0.699 ns)
	'add' operation ('add_ln1192_428', myproject.cpp:40) [1255]  (0.699 ns)
	'add' operation ('add_ln1192_429', myproject.cpp:40) [1258]  (0.699 ns)
	'add' operation ('add_ln1192_430', myproject.cpp:40) [1261]  (0.699 ns)
	'add' operation ('add_ln1192_431', myproject.cpp:40) [1264]  (0.699 ns)
	'add' operation ('add_ln1192_432', myproject.cpp:40) [1267]  (0.699 ns)
	'add' operation ('add_ln1192_433', myproject.cpp:40) [1270]  (0.699 ns)
	'add' operation ('add_ln1192_434', myproject.cpp:40) [1273]  (0.699 ns)
	'add' operation ('add_ln1192_435', myproject.cpp:40) [1276]  (0.699 ns)
	'add' operation ('add_ln1192_436', myproject.cpp:40) [1279]  (0.699 ns)
	'add' operation ('add_ln1192_437', myproject.cpp:40) [1282]  (0.699 ns)
	'add' operation ('add_ln1192_438', myproject.cpp:40) [1285]  (0.699 ns)
	'add' operation ('add_ln1192_439', myproject.cpp:40) [1288]  (0.699 ns)
	'add' operation ('add_ln1192_440', myproject.cpp:40) [1291]  (0.699 ns)
	'add' operation ('add_ln1192_441', myproject.cpp:40) [1294]  (0.699 ns)
	'add' operation ('add_ln1192_442', myproject.cpp:40) [1297]  (0.699 ns)
	'add' operation ('add_ln1192_443', myproject.cpp:40) [1300]  (0.699 ns)
	'add' operation ('add_ln1192_444', myproject.cpp:40) [1303]  (0.699 ns)
	'add' operation ('add_ln1192_445', myproject.cpp:40) [1306]  (0.699 ns)
	'add' operation ('add_ln1192_446', myproject.cpp:40) [1309]  (0.699 ns)
	'add' operation ('add_ln1192_447', myproject.cpp:40) [1312]  (0.699 ns)
	'add' operation ('add_ln1192_448', myproject.cpp:40) [1315]  (0.699 ns)
	'add' operation ('add_ln1192_449', myproject.cpp:40) [1318]  (0.699 ns)
	'add' operation ('add_ln1192_450', myproject.cpp:40) [1321]  (0.699 ns)
	'add' operation ('add_ln1192_452', myproject.cpp:40) [1324]  (0.699 ns)
	'add' operation ('add_ln1192_453', myproject.cpp:40) [1327]  (0.699 ns)
	'add' operation ('add_ln1192_454', myproject.cpp:40) [1330]  (0.699 ns)
	'add' operation ('add_ln1192_455', myproject.cpp:40) [1333]  (0.699 ns)
	'add' operation ('add_ln1192_456', myproject.cpp:40) [1336]  (0.699 ns)
	'add' operation ('add_ln1192_457', myproject.cpp:40) [1339]  (0.699 ns)
	'add' operation ('add_ln1192_458', myproject.cpp:40) [1342]  (0.699 ns)
	'add' operation ('add_ln1192_459', myproject.cpp:40) [1345]  (0.699 ns)
	'add' operation ('add_ln1192_460', myproject.cpp:40) [1348]  (0.699 ns)
	'add' operation ('add_ln1192_461', myproject.cpp:40) [1351]  (0.699 ns)
	'add' operation ('add_ln1192_462', myproject.cpp:40) [1354]  (0.699 ns)
	'add' operation ('add_ln1192_463', myproject.cpp:40) [1357]  (0.699 ns)
	'add' operation ('add_ln1192_464', myproject.cpp:40) [1360]  (0.699 ns)
	'add' operation ('add_ln1192_465', myproject.cpp:40) [1363]  (0.699 ns)
	'add' operation ('add_ln1192_466', myproject.cpp:40) [1366]  (0.699 ns)
	'add' operation ('add_ln1192_467', myproject.cpp:40) [1369]  (0.699 ns)
	'add' operation ('add_ln1192_468', myproject.cpp:40) [1372]  (0.699 ns)
	'add' operation ('add_ln1192_469', myproject.cpp:40) [1375]  (0.699 ns)
	'add' operation ('add_ln1192_470', myproject.cpp:40) [1378]  (0.699 ns)
	'add' operation ('add_ln1192_471', myproject.cpp:40) [1381]  (0.699 ns)
	'add' operation ('add_ln1192_472', myproject.cpp:40) [1384]  (0.699 ns)
	'add' operation ('add_ln1192_473', myproject.cpp:40) [1387]  (0.699 ns)
	'add' operation ('add_ln1192_474', myproject.cpp:40) [1390]  (0.699 ns)
	'add' operation ('add_ln1192_475', myproject.cpp:40) [1393]  (0.699 ns)
	'add' operation ('add_ln1192_476', myproject.cpp:40) [1396]  (0.699 ns)
	'add' operation ('add_ln1192_477', myproject.cpp:40) [1399]  (0.699 ns)
	'add' operation ('add_ln1192_478', myproject.cpp:40) [1402]  (0.699 ns)
	'add' operation ('add_ln1192_479', myproject.cpp:40) [1405]  (0.699 ns)
	'add' operation ('add_ln1192_480', myproject.cpp:40) [1408]  (0.699 ns)
	'add' operation ('add_ln1192_481', myproject.cpp:40) [1411]  (0.699 ns)
	'add' operation ('add_ln1192_482', myproject.cpp:40) [1414]  (0.699 ns)
	'add' operation ('add_ln1192_483', myproject.cpp:40) [1417]  (0.699 ns)
	'add' operation ('add_ln1192_484', myproject.cpp:40) [1420]  (0.699 ns)
	'add' operation ('add_ln1192_485', myproject.cpp:40) [1423]  (0.699 ns)
	'add' operation ('add_ln1192_486', myproject.cpp:40) [1426]  (0.699 ns)
	'add' operation ('add_ln1192_487', myproject.cpp:40) [1429]  (0.699 ns)
	'add' operation ('add_ln1192_488', myproject.cpp:40) [1432]  (0.699 ns)
	'add' operation ('add_ln1192_489', myproject.cpp:40) [1435]  (0.699 ns)
	'add' operation ('add_ln1192_490', myproject.cpp:40) [1438]  (0.699 ns)
	'add' operation ('add_ln1192_491', myproject.cpp:40) [1441]  (0.699 ns)
	'add' operation ('add_ln1192_492', myproject.cpp:40) [1444]  (0.699 ns)
	'add' operation ('add_ln1192_493', myproject.cpp:40) [1447]  (0.699 ns)
	'add' operation ('add_ln1192_494', myproject.cpp:40) [1450]  (0.699 ns)
	'add' operation ('add_ln1192_495', myproject.cpp:40) [1453]  (0.699 ns)
	'add' operation ('add_ln1192_496', myproject.cpp:40) [1456]  (0.699 ns)
	'add' operation ('add_ln1192_497', myproject.cpp:40) [1459]  (0.699 ns)
	'add' operation ('add_ln1192_498', myproject.cpp:40) [1462]  (0.699 ns)
	'add' operation ('add_ln1192_499', myproject.cpp:40) [1465]  (0.699 ns)
	'add' operation ('add_ln1192_500', myproject.cpp:40) [1468]  (0.699 ns)
	'add' operation ('add_ln1192_501', myproject.cpp:40) [1471]  (0.699 ns)
	'add' operation ('add_ln1192_502', myproject.cpp:40) [1474]  (0.699 ns)
	'add' operation ('add_ln1192_503', myproject.cpp:40) [1477]  (0.699 ns)
	'add' operation ('add_ln1192_504', myproject.cpp:40) [1480]  (0.699 ns)
	'add' operation ('add_ln1192_505', myproject.cpp:40) [1483]  (0.699 ns)
	'add' operation ('add_ln1192_506', myproject.cpp:40) [1486]  (0.699 ns)
	'add' operation ('add_ln1192_507', myproject.cpp:40) [1489]  (0.699 ns)
	'add' operation ('add_ln1192_508', myproject.cpp:40) [1492]  (0.699 ns)
	'add' operation ('add_ln1192_509', myproject.cpp:40) [1495]  (0.699 ns)
	'add' operation ('add_ln1192_510', myproject.cpp:40) [1498]  (0.699 ns)
	'add' operation ('add_ln1192_511', myproject.cpp:40) [1501]  (0.699 ns)
	'add' operation ('add_ln1192_512', myproject.cpp:40) [1504]  (0.699 ns)
	'add' operation ('add_ln1192_513', myproject.cpp:40) [1507]  (0.699 ns)
	'add' operation ('add_ln1192_514', myproject.cpp:40) [1510]  (0.699 ns)
	'add' operation ('add_ln1192_515', myproject.cpp:40) [1513]  (0.699 ns)
	'add' operation ('add_ln1192_516', myproject.cpp:40) [1516]  (0.699 ns)
	'add' operation ('add_ln1192_517', myproject.cpp:40) [1519]  (0.699 ns)
	'add' operation ('add_ln1192_518', myproject.cpp:40) [1522]  (0.699 ns)
	'add' operation ('add_ln1192_519', myproject.cpp:40) [1525]  (0.699 ns)
	'add' operation ('add_ln1192_520', myproject.cpp:40) [1528]  (0.699 ns)
	'add' operation ('add_ln1192_521', myproject.cpp:40) [1531]  (0.699 ns)
	'add' operation ('add_ln1192_522', myproject.cpp:40) [1534]  (0.699 ns)
	'add' operation ('add_ln1192_523', myproject.cpp:40) [1537]  (0.699 ns)
	'add' operation ('add_ln1192_524', myproject.cpp:40) [1540]  (0.699 ns)
	'add' operation ('add_ln1192_525', myproject.cpp:40) [1543]  (0.699 ns)
	'add' operation ('add_ln1192_526', myproject.cpp:40) [1546]  (0.699 ns)
	'add' operation ('add_ln1192_527', myproject.cpp:40) [1549]  (0.699 ns)
	'add' operation ('add_ln1192_528', myproject.cpp:40) [1552]  (0.699 ns)
	'add' operation ('add_ln1192_529', myproject.cpp:40) [1555]  (0.699 ns)
	'add' operation ('add_ln1192_530', myproject.cpp:40) [1558]  (0.699 ns)
	'add' operation ('add_ln1192_531', myproject.cpp:40) [1561]  (0.699 ns)
	'add' operation ('add_ln1192_532', myproject.cpp:40) [1564]  (0.699 ns)
	'add' operation ('add_ln1192_533', myproject.cpp:40) [1567]  (0.699 ns)
	'add' operation ('add_ln1192_534', myproject.cpp:40) [1570]  (0.699 ns)
	'add' operation ('add_ln1192_535', myproject.cpp:40) [1573]  (0.699 ns)
	'add' operation ('add_ln1192_536', myproject.cpp:40) [1576]  (0.699 ns)
	'add' operation ('add_ln1192_537', myproject.cpp:40) [1579]  (0.699 ns)
	'add' operation ('add_ln1192_538', myproject.cpp:40) [1582]  (0.699 ns)
	'add' operation ('add_ln1192_539', myproject.cpp:40) [1585]  (0.699 ns)
	'add' operation ('add_ln1192_540', myproject.cpp:40) [1588]  (0.699 ns)
	'add' operation ('add_ln1192_541', myproject.cpp:40) [1591]  (0.699 ns)
	'add' operation ('add_ln1192_542', myproject.cpp:40) [1594]  (0.699 ns)
	'add' operation ('add_ln1192_543', myproject.cpp:40) [1597]  (0.699 ns)
	'add' operation ('add_ln1192_544', myproject.cpp:40) [1600]  (0.699 ns)
	'add' operation ('add_ln1192_545', myproject.cpp:40) [1603]  (0.699 ns)
	'add' operation ('add_ln1192_546', myproject.cpp:40) [1606]  (0.699 ns)
	'add' operation ('add_ln1192_547', myproject.cpp:40) [1609]  (0.699 ns)
	'add' operation ('add_ln1192_548', myproject.cpp:40) [1612]  (0.699 ns)
	'add' operation ('add_ln1192_549', myproject.cpp:40) [1615]  (0.699 ns)
	'add' operation ('add_ln1192_550', myproject.cpp:40) [1618]  (0.699 ns)
	'add' operation ('add_ln1192_551', myproject.cpp:40) [1621]  (0.699 ns)
	'add' operation ('add_ln1192_552', myproject.cpp:40) [1624]  (0.699 ns)
	'add' operation ('add_ln1192_553', myproject.cpp:40) [1627]  (0.699 ns)
	'add' operation ('add_ln1192_554', myproject.cpp:40) [1630]  (0.699 ns)
	'add' operation ('add_ln1192_555', myproject.cpp:40) [1633]  (0.699 ns)
	'add' operation ('add_ln1192_556', myproject.cpp:40) [1636]  (0.699 ns)
	'add' operation ('add_ln1192_557', myproject.cpp:40) [1639]  (0.699 ns)
	'add' operation ('add_ln1192_558', myproject.cpp:40) [1642]  (0.699 ns)
	'add' operation ('add_ln1192_559', myproject.cpp:40) [1645]  (0.699 ns)
	'add' operation ('add_ln1192_560', myproject.cpp:40) [1648]  (0.699 ns)
	'add' operation ('add_ln1192_561', myproject.cpp:40) [1651]  (0.699 ns)
	'add' operation ('add_ln1192_562', myproject.cpp:40) [1654]  (0.699 ns)
	'add' operation ('add_ln1192_563', myproject.cpp:40) [1657]  (0.699 ns)
	'add' operation ('add_ln1192_564', myproject.cpp:40) [1660]  (0.699 ns)
	'add' operation ('add_ln1192_565', myproject.cpp:40) [1663]  (0.699 ns)
	'add' operation ('add_ln1192_566', myproject.cpp:40) [1666]  (0.699 ns)
	'add' operation ('add_ln1192_567', myproject.cpp:40) [1669]  (0.699 ns)
	'add' operation ('add_ln1192_568', myproject.cpp:40) [1672]  (0.699 ns)
	'add' operation ('add_ln1192_569', myproject.cpp:40) [1675]  (0.699 ns)
	'add' operation ('add_ln1192_570', myproject.cpp:40) [1678]  (0.699 ns)
	'add' operation ('add_ln1192_571', myproject.cpp:40) [1681]  (0.699 ns)
	'add' operation ('add_ln1192_572', myproject.cpp:40) [1684]  (0.699 ns)
	'add' operation ('add_ln1192_573', myproject.cpp:40) [1687]  (0.699 ns)
	'add' operation ('add_ln1192_574', myproject.cpp:40) [1690]  (0.699 ns)
	'add' operation ('add_ln1192_575', myproject.cpp:40) [1693]  (0.699 ns)
	'add' operation ('add_ln1192_576', myproject.cpp:40) [1696]  (0.699 ns)
	'add' operation ('add_ln1192_577', myproject.cpp:40) [1699]  (0.699 ns)
	'add' operation ('add_ln1192_578', myproject.cpp:40) [1702]  (0.699 ns)
	'add' operation ('add_ln1192_579', myproject.cpp:40) [1705]  (0.699 ns)
	'add' operation ('add_ln1192_580', myproject.cpp:40) [1708]  (0.699 ns)
	'add' operation ('add_ln1192_581', myproject.cpp:40) [1711]  (0.699 ns)
	'add' operation ('add_ln1192_582', myproject.cpp:40) [1714]  (0.699 ns)
	'add' operation ('add_ln1192_583', myproject.cpp:40) [1717]  (0.699 ns)
	'add' operation ('add_ln1192_584', myproject.cpp:40) [1720]  (0.699 ns)
	'add' operation ('add_ln1192_585', myproject.cpp:40) [1723]  (0.699 ns)
	'add' operation ('add_ln1192_586', myproject.cpp:40) [1726]  (0.699 ns)
	'add' operation ('add_ln1192_587', myproject.cpp:40) [1729]  (0.699 ns)
	'add' operation ('add_ln1192_588', myproject.cpp:40) [1732]  (0.699 ns)
	'add' operation ('add_ln1192_589', myproject.cpp:40) [1735]  (0.699 ns)
	'add' operation ('add_ln1192_590', myproject.cpp:40) [1738]  (0.699 ns)
	'add' operation ('add_ln1192_591', myproject.cpp:40) [1741]  (0.699 ns)
	'add' operation ('add_ln1192_592', myproject.cpp:40) [1744]  (0.699 ns)
	'add' operation ('add_ln1192_593', myproject.cpp:40) [1747]  (0.699 ns)
	'add' operation ('add_ln1192_594', myproject.cpp:40) [1750]  (0.699 ns)
	'add' operation ('add_ln1192_595', myproject.cpp:40) [1753]  (0.699 ns)
	'add' operation ('add_ln1192_596', myproject.cpp:40) [1756]  (0.699 ns)
	'add' operation ('add_ln1192_597', myproject.cpp:40) [1759]  (0.699 ns)
	'add' operation ('add_ln1192_598', myproject.cpp:40) [1762]  (0.699 ns)
	'add' operation ('add_ln1192_599', myproject.cpp:40) [1765]  (0.699 ns)
	'add' operation ('add_ln1192_600', myproject.cpp:40) [1768]  (0.699 ns)
	'add' operation ('add_ln1192_601', myproject.cpp:40) [1771]  (0.699 ns)
	'add' operation ('add_ln1192_602', myproject.cpp:40) [1774]  (0.699 ns)
	'add' operation ('add_ln1192_603', myproject.cpp:40) [1777]  (0.699 ns)
	'add' operation ('add_ln1192_604', myproject.cpp:40) [1780]  (0.699 ns)
	'add' operation ('add_ln1192_605', myproject.cpp:40) [1783]  (0.699 ns)
	'add' operation ('add_ln1192_606', myproject.cpp:40) [1786]  (0.699 ns)
	'add' operation ('add_ln1192_607', myproject.cpp:40) [1789]  (0.699 ns)
	'add' operation ('add_ln1192_608', myproject.cpp:40) [1792]  (0.699 ns)
	'add' operation ('add_ln1192_609', myproject.cpp:40) [1795]  (0.699 ns)
	'add' operation ('add_ln1192_610', myproject.cpp:40) [1798]  (0.699 ns)
	'add' operation ('add_ln1192_611', myproject.cpp:40) [1801]  (0.699 ns)
	'add' operation ('add_ln1192_612', myproject.cpp:40) [1804]  (0.699 ns)
	'add' operation ('add_ln1192_613', myproject.cpp:40) [1807]  (0.699 ns)
	'add' operation ('add_ln1192_614', myproject.cpp:40) [1810]  (0.699 ns)
	'add' operation ('add_ln1192_615', myproject.cpp:40) [1813]  (0.699 ns)
	'add' operation ('add_ln1192_616', myproject.cpp:40) [1816]  (0.699 ns)
	'add' operation ('add_ln1192_617', myproject.cpp:40) [1819]  (0.699 ns)
	'add' operation ('add_ln1192_618', myproject.cpp:40) [1822]  (0.699 ns)
	'add' operation ('add_ln1192_619', myproject.cpp:40) [1825]  (0.699 ns)
	'add' operation ('add_ln1192_620', myproject.cpp:40) [1828]  (0.699 ns)
	'add' operation ('add_ln1192_621', myproject.cpp:40) [1831]  (0.699 ns)
	'add' operation ('add_ln1192_622', myproject.cpp:40) [1834]  (0.699 ns)
	'add' operation ('add_ln1192_623', myproject.cpp:40) [1837]  (0.699 ns)
	'add' operation ('add_ln1192_624', myproject.cpp:40) [1840]  (0.699 ns)
	'add' operation ('add_ln1192_625', myproject.cpp:40) [1843]  (0.699 ns)
	'add' operation ('add_ln1192_626', myproject.cpp:40) [1846]  (0.699 ns)
	'add' operation ('add_ln1192_627', myproject.cpp:40) [1849]  (0.699 ns)
	'add' operation ('add_ln1192_628', myproject.cpp:40) [1852]  (0.699 ns)
	'add' operation ('add_ln1192_629', myproject.cpp:40) [1855]  (0.699 ns)
	'add' operation ('add_ln1192_630', myproject.cpp:40) [1858]  (0.699 ns)
	'add' operation ('add_ln1192_631', myproject.cpp:40) [1861]  (0.699 ns)
	'add' operation ('add_ln1192_632', myproject.cpp:40) [1864]  (0.699 ns)
	'add' operation ('add_ln1192_633', myproject.cpp:40) [1867]  (0.699 ns)
	'add' operation ('add_ln1192_634', myproject.cpp:40) [1870]  (0.699 ns)
	'add' operation ('add_ln1192_635', myproject.cpp:40) [1873]  (0.699 ns)
	'add' operation ('add_ln1192_636', myproject.cpp:40) [1876]  (0.699 ns)
	'add' operation ('add_ln1192_637', myproject.cpp:40) [1879]  (0.699 ns)
	'add' operation ('add_ln1192_638', myproject.cpp:40) [1882]  (0.699 ns)
	'add' operation ('add_ln1192_639', myproject.cpp:40) [1885]  (0.699 ns)
	'add' operation ('add_ln1192_640', myproject.cpp:40) [1888]  (0.699 ns)
	'add' operation ('add_ln1192_641', myproject.cpp:40) [1891]  (0.699 ns)
	'add' operation ('add_ln1192_642', myproject.cpp:40) [1894]  (0.699 ns)
	'add' operation ('add_ln1192_643', myproject.cpp:40) [1897]  (0.699 ns)
	'add' operation ('add_ln1192_644', myproject.cpp:40) [1900]  (0.699 ns)
	'add' operation ('add_ln1192_645', myproject.cpp:40) [1903]  (0.699 ns)
	'add' operation ('add_ln1192_646', myproject.cpp:40) [1906]  (0.699 ns)
	'add' operation ('add_ln1192_647', myproject.cpp:40) [1909]  (0.699 ns)
	'add' operation ('add_ln1192_648', myproject.cpp:40) [1912]  (0.699 ns)
	'add' operation ('add_ln1192_649', myproject.cpp:40) [1915]  (0.699 ns)
	'add' operation ('add_ln1192_650', myproject.cpp:40) [1918]  (0.699 ns)
	'add' operation ('add_ln1192_651', myproject.cpp:40) [1921]  (0.699 ns)
	'add' operation ('add_ln1192_652', myproject.cpp:40) [1924]  (0.699 ns)
	'add' operation ('add_ln1192_653', myproject.cpp:40) [1927]  (0.699 ns)
	'add' operation ('add_ln1192_654', myproject.cpp:40) [1930]  (0.699 ns)
	'add' operation ('add_ln1192_655', myproject.cpp:40) [1933]  (0.699 ns)
	'add' operation ('add_ln1192_656', myproject.cpp:40) [1936]  (0.699 ns)
	'add' operation ('add_ln1192_657', myproject.cpp:40) [1939]  (0.699 ns)
	'add' operation ('add_ln1192_658', myproject.cpp:40) [1942]  (0.699 ns)
	'add' operation ('add_ln1192_659', myproject.cpp:40) [1945]  (0.699 ns)
	'add' operation ('add_ln1192_660', myproject.cpp:40) [1948]  (0.699 ns)
	'add' operation ('add_ln1192_661', myproject.cpp:40) [1951]  (0.699 ns)
	'add' operation ('add_ln1192_662', myproject.cpp:40) [1954]  (0.699 ns)
	'add' operation ('add_ln1192_663', myproject.cpp:40) [1957]  (0.699 ns)
	'add' operation ('add_ln1192_664', myproject.cpp:40) [1960]  (0.699 ns)
	'add' operation ('add_ln1192_665', myproject.cpp:40) [1963]  (0.699 ns)
	'add' operation ('add_ln1192_666', myproject.cpp:40) [1966]  (0.699 ns)
	'add' operation ('add_ln1192_667', myproject.cpp:40) [1969]  (0.699 ns)
	'add' operation ('add_ln1192_668', myproject.cpp:40) [1972]  (0.699 ns)
	'add' operation ('add_ln1192_669', myproject.cpp:40) [1975]  (0.699 ns)
	'add' operation ('add_ln1192_670', myproject.cpp:40) [1978]  (0.699 ns)
	'add' operation ('add_ln1192_671', myproject.cpp:40) [1981]  (0.699 ns)
	'add' operation ('add_ln1192_672', myproject.cpp:40) [1984]  (0.699 ns)
	'add' operation ('add_ln1192_673', myproject.cpp:40) [1987]  (0.699 ns)
	'add' operation ('add_ln1192_674', myproject.cpp:40) [1990]  (0.699 ns)
	'add' operation ('add_ln1192_675', myproject.cpp:40) [1993]  (0.699 ns)
	'add' operation ('add_ln1192_676', myproject.cpp:40) [1996]  (0.699 ns)
	'add' operation ('add_ln1192_677', myproject.cpp:40) [1999]  (0.699 ns)
	'add' operation ('add_ln1192_678', myproject.cpp:40) [2002]  (0.699 ns)
	'add' operation ('add_ln1192_679', myproject.cpp:40) [2005]  (0.699 ns)
	'add' operation ('add_ln1192_680', myproject.cpp:40) [2008]  (0.699 ns)
	'add' operation ('add_ln1192_681', myproject.cpp:40) [2011]  (0.699 ns)
	'add' operation ('add_ln1192_682', myproject.cpp:40) [2014]  (0.699 ns)
	'add' operation ('add_ln1192_683', myproject.cpp:40) [2017]  (0.699 ns)
	'add' operation ('add_ln1192_684', myproject.cpp:40) [2020]  (0.699 ns)
	'add' operation ('add_ln1192_685', myproject.cpp:40) [2023]  (0.699 ns)
	'add' operation ('add_ln1192_686', myproject.cpp:40) [2026]  (0.699 ns)
	'add' operation ('add_ln1192_687', myproject.cpp:40) [2029]  (0.699 ns)
	'add' operation ('add_ln1192_688', myproject.cpp:40) [2032]  (0.699 ns)
	'add' operation ('add_ln1192_689', myproject.cpp:40) [2035]  (0.699 ns)
	'add' operation ('add_ln1192_690', myproject.cpp:40) [2038]  (0.699 ns)
	'add' operation ('add_ln1192_691', myproject.cpp:40) [2041]  (0.699 ns)
	'add' operation ('add_ln1192_692', myproject.cpp:40) [2044]  (0.699 ns)
	'add' operation ('add_ln1192_693', myproject.cpp:40) [2047]  (0.699 ns)
	'add' operation ('add_ln1192_694', myproject.cpp:40) [2050]  (0.699 ns)
	'add' operation ('add_ln1192_695', myproject.cpp:40) [2053]  (0.699 ns)
	'add' operation ('add_ln1192_696', myproject.cpp:40) [2056]  (0.699 ns)
	'add' operation ('add_ln1192_697', myproject.cpp:40) [2059]  (0.699 ns)
	'add' operation ('add_ln1192_698', myproject.cpp:40) [2062]  (0.699 ns)
	'add' operation ('add_ln1192_699', myproject.cpp:40) [2065]  (0.699 ns)
	'add' operation ('add_ln1192_700', myproject.cpp:40) [2068]  (0.699 ns)
	'add' operation ('add_ln1192_701', myproject.cpp:40) [2071]  (0.699 ns)
	'add' operation ('add_ln1192_702', myproject.cpp:40) [2074]  (0.699 ns)
	'add' operation ('add_ln1192_703', myproject.cpp:40) [2077]  (0.699 ns)
	'add' operation ('add_ln1192_704', myproject.cpp:40) [2080]  (0.699 ns)
	'add' operation ('add_ln1192_705', myproject.cpp:40) [2083]  (0.699 ns)
	'add' operation ('add_ln1192_706', myproject.cpp:40) [2086]  (0.699 ns)
	'add' operation ('add_ln1192_707', myproject.cpp:40) [2089]  (0.699 ns)
	'add' operation ('add_ln1192_708', myproject.cpp:40) [2092]  (0.699 ns)
	'add' operation ('add_ln1192_709', myproject.cpp:40) [2095]  (0.699 ns)
	'add' operation ('add_ln1192_710', myproject.cpp:40) [2098]  (0.699 ns)
	'add' operation ('add_ln1192_711', myproject.cpp:40) [2101]  (0.699 ns)
	'add' operation ('add_ln1192_712', myproject.cpp:40) [2104]  (0.699 ns)
	'add' operation ('add_ln1192_713', myproject.cpp:40) [2107]  (0.699 ns)
	'add' operation ('add_ln1192_714', myproject.cpp:40) [2110]  (0.699 ns)
	'add' operation ('add_ln1192_715', myproject.cpp:40) [2113]  (0.699 ns)
	'add' operation ('add_ln1192_716', myproject.cpp:40) [2116]  (0.699 ns)
	'add' operation ('add_ln1192_717', myproject.cpp:40) [2119]  (0.699 ns)
	'add' operation ('add_ln1192_718', myproject.cpp:40) [2122]  (0.699 ns)
	'add' operation ('add_ln1192_719', myproject.cpp:40) [2125]  (0.699 ns)
	'add' operation ('add_ln1192_720', myproject.cpp:40) [2128]  (0.699 ns)
	'add' operation ('add_ln1192_721', myproject.cpp:40) [2131]  (0.699 ns)
	'add' operation ('add_ln1192_722', myproject.cpp:40) [2134]  (0.699 ns)
	'add' operation ('add_ln1192_723', myproject.cpp:40) [2137]  (0.699 ns)
	'add' operation ('add_ln1192_724', myproject.cpp:40) [2140]  (0.699 ns)
	'add' operation ('add_ln1192_725', myproject.cpp:40) [2143]  (0.699 ns)
	'add' operation ('add_ln1192_726', myproject.cpp:40) [2146]  (0.699 ns)
	'add' operation ('add_ln1192_727', myproject.cpp:40) [2149]  (0.699 ns)
	'add' operation ('add_ln1192_728', myproject.cpp:40) [2152]  (0.699 ns)
	'add' operation ('add_ln1192_729', myproject.cpp:40) [2155]  (0.699 ns)
	'add' operation ('add_ln1192_730', myproject.cpp:40) [2158]  (0.699 ns)
	'add' operation ('add_ln1192_731', myproject.cpp:40) [2161]  (0.699 ns)
	'add' operation ('add_ln1192_732', myproject.cpp:40) [2164]  (0.699 ns)
	'add' operation ('add_ln1192_733', myproject.cpp:40) [2167]  (0.699 ns)
	'add' operation ('add_ln1192_734', myproject.cpp:40) [2170]  (0.699 ns)
	'add' operation ('add_ln1192_735', myproject.cpp:40) [2173]  (0.699 ns)
	'add' operation ('add_ln1192_736', myproject.cpp:40) [2176]  (0.699 ns)
	'add' operation ('add_ln1192_737', myproject.cpp:40) [2179]  (0.699 ns)
	'add' operation ('add_ln1192_738', myproject.cpp:40) [2182]  (0.699 ns)
	'add' operation ('add_ln1192_739', myproject.cpp:40) [2185]  (0.699 ns)
	'add' operation ('add_ln1192_740', myproject.cpp:40) [2188]  (0.699 ns)
	'add' operation ('add_ln1192_741', myproject.cpp:40) [2191]  (0.699 ns)
	'add' operation ('add_ln1192_742', myproject.cpp:40) [2194]  (0.699 ns)
	'add' operation ('add_ln1192_743', myproject.cpp:40) [2197]  (0.699 ns)
	'add' operation ('add_ln1192_744', myproject.cpp:40) [2200]  (0.699 ns)
	'add' operation ('add_ln1192_745', myproject.cpp:40) [2203]  (0.699 ns)
	'add' operation ('add_ln1192_746', myproject.cpp:40) [2206]  (0.699 ns)
	'add' operation ('add_ln1192_747', myproject.cpp:40) [2209]  (0.699 ns)
	'add' operation ('add_ln1192_748', myproject.cpp:40) [2212]  (0.699 ns)
	'add' operation ('add_ln1192_749', myproject.cpp:40) [2215]  (0.699 ns)
	'add' operation ('add_ln1192_750', myproject.cpp:40) [2218]  (0.699 ns)
	'add' operation ('add_ln1192_751', myproject.cpp:40) [2221]  (0.699 ns)
	'add' operation ('add_ln1192_752', myproject.cpp:40) [2224]  (0.699 ns)
	'add' operation ('add_ln1192_753', myproject.cpp:40) [2227]  (0.699 ns)
	'add' operation ('add_ln1192_754', myproject.cpp:40) [2230]  (0.699 ns)
	'add' operation ('add_ln1192_755', myproject.cpp:40) [2233]  (0.699 ns)
	'add' operation ('add_ln1192_756', myproject.cpp:40) [2236]  (0.699 ns)
	'add' operation ('add_ln1192_757', myproject.cpp:40) [2239]  (0.699 ns)
	'add' operation ('add_ln1192_758', myproject.cpp:40) [2242]  (0.699 ns)
	'add' operation ('add_ln1192_759', myproject.cpp:40) [2245]  (0.699 ns)
	'add' operation ('add_ln1192_760', myproject.cpp:40) [2248]  (0.699 ns)
	'add' operation ('add_ln1192_761', myproject.cpp:40) [2251]  (0.699 ns)
	'add' operation ('add_ln1192_762', myproject.cpp:40) [2254]  (0.699 ns)
	'add' operation ('add_ln1192_763', myproject.cpp:40) [2257]  (0.699 ns)
	'add' operation ('add_ln1192_764', myproject.cpp:40) [2260]  (0.699 ns)
	'add' operation ('add_ln1192_765', myproject.cpp:40) [2263]  (0.699 ns)
	'add' operation ('add_ln1192_766', myproject.cpp:40) [2266]  (0.699 ns)
	'add' operation ('add_ln1192_767', myproject.cpp:40) [2269]  (0.699 ns)
	'add' operation ('add_ln1192_768', myproject.cpp:40) [2272]  (0.699 ns)
	'add' operation ('add_ln1192_769', myproject.cpp:40) [2275]  (0.699 ns)
	'add' operation ('add_ln1192_770', myproject.cpp:40) [2278]  (0.699 ns)
	'add' operation ('add_ln1192_771', myproject.cpp:40) [2281]  (0.699 ns)
	'add' operation ('add_ln1192_772', myproject.cpp:40) [2284]  (0.699 ns)
	'add' operation ('add_ln1192_773', myproject.cpp:40) [2287]  (0.699 ns)
	'add' operation ('add_ln1192_774', myproject.cpp:40) [2290]  (0.699 ns)
	'add' operation ('add_ln1192_775', myproject.cpp:40) [2293]  (0.699 ns)
	'add' operation ('add_ln1192_776', myproject.cpp:40) [2296]  (0.699 ns)
	'add' operation ('add_ln1192_777', myproject.cpp:40) [2299]  (0.699 ns)
	'add' operation ('add_ln1192_778', myproject.cpp:40) [2302]  (0.699 ns)
	'add' operation ('add_ln1192_779', myproject.cpp:40) [2305]  (0.699 ns)
	'add' operation ('add_ln1192_780', myproject.cpp:40) [2308]  (0.699 ns)
	'add' operation ('add_ln1192_781', myproject.cpp:40) [2311]  (0.699 ns)
	'add' operation ('add_ln1192_782', myproject.cpp:40) [2314]  (0.699 ns)
	'add' operation ('add_ln1192_783', myproject.cpp:40) [2317]  (0.699 ns)
	'add' operation ('add_ln1192_784', myproject.cpp:40) [2320]  (0.699 ns)
	'add' operation ('add_ln1192_785', myproject.cpp:40) [2323]  (0.699 ns)
	'add' operation ('add_ln1192_786', myproject.cpp:40) [2326]  (0.699 ns)
	'add' operation ('add_ln1192_787', myproject.cpp:40) [2329]  (0.699 ns)
	'add' operation ('add_ln1192_788', myproject.cpp:40) [2332]  (0.699 ns)
	'add' operation ('add_ln1192_789', myproject.cpp:40) [2335]  (0.699 ns)
	'add' operation ('add_ln1192_790', myproject.cpp:40) [2338]  (0.699 ns)
	'add' operation ('add_ln1192_791', myproject.cpp:40) [2341]  (0.699 ns)
	'add' operation ('add_ln1192_792', myproject.cpp:40) [2344]  (0.699 ns)
	'add' operation ('add_ln1192_793', myproject.cpp:40) [2347]  (0.699 ns)
	'add' operation ('add_ln1192_794', myproject.cpp:40) [2350]  (0.699 ns)
	'add' operation ('add_ln1192_795', myproject.cpp:40) [2353]  (0.699 ns)
	'add' operation ('add_ln1192_796', myproject.cpp:40) [2356]  (0.699 ns)
	'add' operation ('add_ln1192_797', myproject.cpp:40) [2359]  (0.699 ns)
	'add' operation ('add_ln1192_798', myproject.cpp:40) [2362]  (0.699 ns)
	'add' operation ('add_ln1192_799', myproject.cpp:40) [2365]  (0.699 ns)
	'add' operation ('add_ln1192_800', myproject.cpp:40) [2368]  (0.699 ns)
	'add' operation ('add_ln1192_801', myproject.cpp:40) [2371]  (0.699 ns)
	'add' operation ('add_ln1192_802', myproject.cpp:40) [2374]  (0.699 ns)
	'add' operation ('add_ln1192_803', myproject.cpp:40) [2377]  (0.699 ns)
	'add' operation ('add_ln1192_804', myproject.cpp:40) [2380]  (0.699 ns)
	'add' operation ('add_ln1192_805', myproject.cpp:40) [2383]  (0.699 ns)
	'add' operation ('add_ln1192_806', myproject.cpp:40) [2386]  (0.699 ns)
	'add' operation ('add_ln1192_807', myproject.cpp:40) [2389]  (0.699 ns)
	'add' operation ('add_ln1192_808', myproject.cpp:40) [2392]  (0.699 ns)
	'add' operation ('add_ln1192_809', myproject.cpp:40) [2395]  (0.699 ns)
	'add' operation ('add_ln1192_810', myproject.cpp:40) [2398]  (0.699 ns)
	'add' operation ('add_ln1192_811', myproject.cpp:40) [2401]  (0.699 ns)
	'add' operation ('add_ln1192_812', myproject.cpp:40) [2404]  (0.699 ns)
	'add' operation ('add_ln1192_813', myproject.cpp:40) [2407]  (0.699 ns)
	'add' operation ('add_ln1192_814', myproject.cpp:40) [2410]  (0.699 ns)
	'add' operation ('add_ln1192_815', myproject.cpp:40) [2413]  (0.699 ns)
	'add' operation ('add_ln1192_816', myproject.cpp:40) [2416]  (0.699 ns)
	'add' operation ('add_ln1192_817', myproject.cpp:40) [2419]  (0.699 ns)
	'add' operation ('add_ln1192_818', myproject.cpp:40) [2422]  (0.699 ns)
	'add' operation ('add_ln1192_819', myproject.cpp:40) [2425]  (0.699 ns)
	'add' operation ('add_ln1192_820', myproject.cpp:40) [2428]  (0.699 ns)
	'add' operation ('add_ln1192_821', myproject.cpp:40) [2431]  (0.699 ns)
	'add' operation ('add_ln1192_822', myproject.cpp:40) [2434]  (0.699 ns)
	'add' operation ('add_ln1192_823', myproject.cpp:40) [2437]  (0.699 ns)
	'add' operation ('add_ln1192_824', myproject.cpp:40) [2440]  (0.699 ns)
	'add' operation ('add_ln1192_825', myproject.cpp:40) [2443]  (0.699 ns)
	'add' operation ('add_ln1192_826', myproject.cpp:40) [2446]  (0.699 ns)
	'add' operation ('add_ln1192_827', myproject.cpp:40) [2449]  (0.699 ns)
	'add' operation ('add_ln1192_828', myproject.cpp:40) [2452]  (0.699 ns)
	'add' operation ('add_ln1192_829', myproject.cpp:40) [2455]  (0.699 ns)
	'add' operation ('add_ln1192_830', myproject.cpp:40) [2458]  (0.699 ns)
	'add' operation ('add_ln1192_831', myproject.cpp:40) [2461]  (0.699 ns)
	'add' operation ('add_ln1192_832', myproject.cpp:40) [2464]  (0.699 ns)
	'add' operation ('add_ln1192_833', myproject.cpp:40) [2467]  (0.699 ns)
	'add' operation ('add_ln1192_834', myproject.cpp:40) [2470]  (0.699 ns)
	'add' operation ('add_ln1192_835', myproject.cpp:40) [2473]  (0.699 ns)
	'add' operation ('add_ln1192_836', myproject.cpp:40) [2476]  (0.699 ns)
	'add' operation ('add_ln1192_837', myproject.cpp:40) [2479]  (0.699 ns)
	'add' operation ('add_ln1192_838', myproject.cpp:40) [2482]  (0.699 ns)
	'add' operation ('add_ln1192_839', myproject.cpp:40) [2485]  (0.699 ns)
	'add' operation ('add_ln1192_840', myproject.cpp:40) [2488]  (0.699 ns)
	'add' operation ('add_ln1192_841', myproject.cpp:40) [2491]  (0.699 ns)
	'add' operation ('add_ln1192_842', myproject.cpp:40) [2494]  (0.699 ns)
	'add' operation ('add_ln1192_843', myproject.cpp:40) [2497]  (0.699 ns)
	'add' operation ('add_ln1192_844', myproject.cpp:40) [2500]  (0.699 ns)
	'add' operation ('add_ln1192_845', myproject.cpp:40) [2503]  (0.699 ns)
	'add' operation ('add_ln1192_846', myproject.cpp:40) [2506]  (0.699 ns)
	'add' operation ('add_ln1192_847', myproject.cpp:40) [2509]  (0.699 ns)
	'add' operation ('add_ln1192_848', myproject.cpp:40) [2512]  (0.699 ns)
	'add' operation ('add_ln1192_849', myproject.cpp:40) [2515]  (0.699 ns)
	'add' operation ('add_ln1192_850', myproject.cpp:40) [2518]  (0.699 ns)
	'add' operation ('add_ln1192_851', myproject.cpp:40) [2521]  (0.699 ns)
	'add' operation ('add_ln1192_852', myproject.cpp:40) [2524]  (0.699 ns)
	'add' operation ('add_ln1192_853', myproject.cpp:40) [2527]  (0.699 ns)
	'add' operation ('add_ln1192_854', myproject.cpp:40) [2530]  (0.699 ns)
	'add' operation ('add_ln1192_855', myproject.cpp:40) [2533]  (0.699 ns)
	'add' operation ('add_ln1192_856', myproject.cpp:40) [2536]  (0.699 ns)
	'add' operation ('add_ln1192_857', myproject.cpp:40) [2539]  (0.699 ns)
	'add' operation ('add_ln1192_858', myproject.cpp:40) [2542]  (0.699 ns)
	'add' operation ('add_ln1192_859', myproject.cpp:40) [2545]  (0.699 ns)
	'add' operation ('add_ln1192_860', myproject.cpp:40) [2548]  (0.699 ns)
	'add' operation ('add_ln1192_861', myproject.cpp:40) [2551]  (0.699 ns)
	'add' operation ('add_ln1192_862', myproject.cpp:40) [2554]  (0.699 ns)
	'add' operation ('add_ln1192_863', myproject.cpp:40) [2557]  (0.699 ns)
	'add' operation ('add_ln1192_864', myproject.cpp:40) [2560]  (0.699 ns)
	'add' operation ('add_ln1192_865', myproject.cpp:40) [2563]  (0.699 ns)
	'add' operation ('add_ln1192_866', myproject.cpp:40) [2566]  (0.699 ns)
	'add' operation ('add_ln1192_867', myproject.cpp:40) [2569]  (0.699 ns)
	'add' operation ('add_ln1192_868', myproject.cpp:40) [2572]  (0.699 ns)
	'add' operation ('add_ln1192_869', myproject.cpp:40) [2575]  (0.699 ns)
	'add' operation ('add_ln1192_870', myproject.cpp:40) [2578]  (0.699 ns)
	'add' operation ('add_ln1192_871', myproject.cpp:40) [2581]  (0.699 ns)
	'add' operation ('add_ln1192_872', myproject.cpp:40) [2584]  (0.699 ns)
	'add' operation ('add_ln1192_873', myproject.cpp:40) [2587]  (0.699 ns)
	'add' operation ('add_ln1192_874', myproject.cpp:40) [2590]  (0.699 ns)
	'add' operation ('add_ln1192_875', myproject.cpp:40) [2593]  (0.699 ns)
	'add' operation ('add_ln1192_876', myproject.cpp:40) [2596]  (0.699 ns)
	'add' operation ('add_ln1192_877', myproject.cpp:40) [2599]  (0.699 ns)
	'add' operation ('add_ln1192_878', myproject.cpp:40) [2602]  (0.699 ns)
	'add' operation ('add_ln1192_879', myproject.cpp:40) [2605]  (0.699 ns)
	'add' operation ('add_ln1192_880', myproject.cpp:40) [2608]  (0.699 ns)
	'add' operation ('add_ln1192_881', myproject.cpp:40) [2611]  (0.699 ns)
	'add' operation ('add_ln1192_882', myproject.cpp:40) [2614]  (0.699 ns)
	'add' operation ('add_ln1192_883', myproject.cpp:40) [2617]  (0.699 ns)
	'add' operation ('add_ln1192_884', myproject.cpp:40) [2620]  (0.699 ns)
	'add' operation ('add_ln1192_885', myproject.cpp:40) [2623]  (0.699 ns)
	'add' operation ('add_ln1192_886', myproject.cpp:40) [2626]  (0.699 ns)
	'add' operation ('add_ln1192_887', myproject.cpp:40) [2629]  (0.699 ns)
	'add' operation ('add_ln1192_888', myproject.cpp:40) [2632]  (0.699 ns)
	'add' operation ('add_ln1192_889', myproject.cpp:40) [2635]  (0.699 ns)
	'add' operation ('add_ln1192_890', myproject.cpp:40) [2638]  (0.699 ns)
	'add' operation ('add_ln1192_891', myproject.cpp:40) [2641]  (0.699 ns)
	'add' operation ('add_ln1192_892', myproject.cpp:40) [2644]  (0.699 ns)
	'add' operation ('add_ln1192_893', myproject.cpp:40) [2647]  (0.699 ns)
	'add' operation ('add_ln1192_894', myproject.cpp:40) [2650]  (0.699 ns)
	'add' operation ('add_ln1192_895', myproject.cpp:40) [2653]  (0.699 ns)
	'add' operation ('add_ln1192_896', myproject.cpp:40) [2656]  (0.699 ns)
	'add' operation ('add_ln1192_897', myproject.cpp:40) [2659]  (0.699 ns)
	'add' operation ('add_ln1192_898', myproject.cpp:40) [2662]  (0.699 ns)
	'add' operation ('add_ln1192_899', myproject.cpp:40) [2665]  (0.699 ns)
	'add' operation ('add_ln1192_900', myproject.cpp:40) [2668]  (0.699 ns)
	'add' operation ('add_ln1192_901', myproject.cpp:40) [2671]  (0.699 ns)
	'add' operation ('add_ln1192_902', myproject.cpp:40) [2674]  (0.699 ns)
	'add' operation ('add_ln1192_903', myproject.cpp:40) [2677]  (0.699 ns)
	'add' operation ('add_ln1192_904', myproject.cpp:40) [2680]  (0.699 ns)
	'add' operation ('add_ln1192_905', myproject.cpp:40) [2683]  (0.699 ns)
	'add' operation ('add_ln1192_906', myproject.cpp:40) [2686]  (0.699 ns)
	'add' operation ('add_ln1192_907', myproject.cpp:40) [2689]  (0.699 ns)
	'add' operation ('add_ln1192_908', myproject.cpp:40) [2692]  (0.699 ns)
	'add' operation ('add_ln1192_909', myproject.cpp:40) [2695]  (0.699 ns)
	'add' operation ('add_ln1192_910', myproject.cpp:40) [2698]  (0.699 ns)
	'add' operation ('add_ln1192_911', myproject.cpp:40) [2701]  (0.699 ns)
	'add' operation ('add_ln1192_912', myproject.cpp:40) [2704]  (0.699 ns)
	'add' operation ('add_ln1192_913', myproject.cpp:40) [2707]  (0.699 ns)
	'add' operation ('add_ln1192_914', myproject.cpp:40) [2710]  (0.699 ns)
	'add' operation ('add_ln1192_915', myproject.cpp:40) [2713]  (0.699 ns)
	'add' operation ('add_ln1192_916', myproject.cpp:40) [2716]  (0.699 ns)
	'add' operation ('add_ln1192_917', myproject.cpp:40) [2719]  (0.699 ns)
	'add' operation ('add_ln1192_918', myproject.cpp:40) [2722]  (0.699 ns)
	'add' operation ('add_ln1192_919', myproject.cpp:40) [2725]  (0.699 ns)
	'add' operation ('add_ln1192_920', myproject.cpp:40) [2728]  (0.699 ns)
	'add' operation ('add_ln1192_921', myproject.cpp:40) [2731]  (0.699 ns)
	'add' operation ('add_ln1192_922', myproject.cpp:40) [2734]  (0.699 ns)
	'add' operation ('add_ln1192_923', myproject.cpp:40) [2737]  (0.699 ns)
	'add' operation ('add_ln1192_924', myproject.cpp:40) [2740]  (0.699 ns)
	'add' operation ('add_ln1192_925', myproject.cpp:40) [2743]  (0.699 ns)
	'add' operation ('add_ln1192_926', myproject.cpp:40) [2746]  (0.699 ns)
	'add' operation ('add_ln1192_927', myproject.cpp:40) [2749]  (0.699 ns)
	'store' operation ('accum_V_addr_write_ln40', myproject.cpp:40) of variable 'trunc_ln708_s', myproject.cpp:40 on array 'accum.V', myproject.cpp:15 [2751]  (0.594 ns)
