

================================================================
== Vivado HLS Report for 'dense_latency_0_0_0_0_0_0_0_0_0_0_0_0_0_0_0_0_0_1'
================================================================
* Date:           Mon May  2 07:15:28 2022

* Version:        2019.2 (Build 2704478 on Wed Nov 06 22:10:23 MST 2019)
* Project:        myproject_prj
* Solution:       solution1
* Product family: virtexuplus
* Target device:  xcu250-figd2104-2L-e


================================================================
== Performance Estimates
================================================================
+ Timing: 
    * Summary: 
    +--------+---------+----------+------------+
    |  Clock |  Target | Estimated| Uncertainty|
    +--------+---------+----------+------------+
    |ap_clk  | 5.00 ns | 3.837 ns |   0.62 ns  |
    +--------+---------+----------+------------+

+ Latency: 
    * Summary: 
    +---------+---------+----------+----------+-----+-----+----------+
    |  Latency (cycles) |  Latency (absolute) |  Interval | Pipeline |
    |   min   |   max   |    min   |    max   | min | max |   Type   |
    +---------+---------+----------+----------+-----+-----+----------+
    |        1|        1| 5.000 ns | 5.000 ns |    1|    1| function |
    +---------+---------+----------+----------+-----+-----+----------+

    + Detail: 
        * Instance: 
        N/A

        * Loop: 
        N/A



================================================================
== Utilization Estimates
================================================================
* Summary: 
+---------------------+---------+-------+---------+---------+------+
|         Name        | BRAM_18K| DSP48E|    FF   |   LUT   | URAM |
+---------------------+---------+-------+---------+---------+------+
|DSP                  |        -|      -|        -|        -|     -|
|Expression           |        -|    512|        0|    11982|     -|
|FIFO                 |        -|      -|        -|        -|     -|
|Instance             |        -|      -|        -|        -|     -|
|Memory               |        -|      -|        -|        -|     -|
|Multiplexer          |        -|      -|        -|      144|     -|
|Register             |        -|      -|     6247|        -|     -|
+---------------------+---------+-------+---------+---------+------+
|Total                |        0|    512|     6247|    12126|     0|
+---------------------+---------+-------+---------+---------+------+
|Available SLR        |     1344|   3072|   864000|   432000|   320|
+---------------------+---------+-------+---------+---------+------+
|Utilization SLR (%)  |        0|     16|    ~0   |        2|     0|
+---------------------+---------+-------+---------+---------+------+
|Available            |     5376|  12288|  3456000|  1728000|  1280|
+---------------------+---------+-------+---------+---------+------+
|Utilization (%)      |        0|      4|    ~0   |    ~0   |     0|
+---------------------+---------+-------+---------+---------+------+

+ Detail: 
    * Instance: 
    N/A

    * DSP48E: 
    N/A

    * Memory: 
    N/A

    * FIFO: 
    N/A

    * Expression: 
    +-----------------------------+----------+-------+---+-----+------------+------------+
    |        Variable Name        | Operation| DSP48E| FF| LUT | Bitwidth P0| Bitwidth P1|
    +-----------------------------+----------+-------+---+-----+------------+------------+
    |mul_ln1118_1103_fu_884_p2    |     *    |      2|  0|   23|          20|          35|
    |mul_ln1118_1104_fu_865_p2    |     *    |      2|  0|   23|          18|          35|
    |mul_ln1118_1105_fu_697_p2    |     *    |      2|  0|   23|          19|          35|
    |mul_ln1118_1106_fu_772_p2    |     *    |      2|  0|   23|          18|          35|
    |mul_ln1118_1107_fu_861_p2    |     *    |      2|  0|   23|          17|          35|
    |mul_ln1118_1108_fu_808_p2    |     *    |      2|  0|   23|          18|          35|
    |mul_ln1118_1109_fu_810_p2    |     *    |      2|  0|   23|          18|          35|
    |mul_ln1118_1110_fu_704_p2    |     *    |      2|  0|   23|          19|          35|
    |mul_ln1118_1111_fu_848_p2    |     *    |      2|  0|   23|          19|          35|
    |mul_ln1118_1112_fu_913_p2    |     *    |      2|  0|   23|          21|          35|
    |mul_ln1118_1113_fu_707_p2    |     *    |      2|  0|   23|          17|          35|
    |mul_ln1118_1114_fu_738_p2    |     *    |      2|  0|   23|          19|          35|
    |mul_ln1118_1115_fu_881_p2    |     *    |      2|  0|   23|          20|          35|
    |mul_ln1118_1116_fu_909_p2    |     *    |      2|  0|   23|          20|          35|
    |mul_ln1118_1117_fu_856_p2    |     *    |      2|  0|   23|          17|          35|
    |mul_ln1118_1118_fu_742_p2    |     *    |      2|  0|   23|          19|          35|
    |mul_ln1118_1119_fu_743_p2    |     *    |      2|  0|   23|          16|          35|
    |mul_ln1118_1120_fu_744_p2    |     *    |      2|  0|   23|          16|          35|
    |mul_ln1118_1121_fu_759_p2    |     *    |      2|  0|   23|          18|          35|
    |mul_ln1118_1122_fu_692_p2    |     *    |      2|  0|   23|          17|          35|
    |mul_ln1118_1123_fu_733_p2    |     *    |      2|  0|   23|          12|          35|
    |mul_ln1118_1124_fu_741_p2    |     *    |      2|  0|   23|          19|          35|
    |mul_ln1118_1125_fu_899_p2    |     *    |      2|  0|   23|          17|          35|
    |mul_ln1118_1126_fu_736_p2    |     *    |      2|  0|   23|          15|          35|
    |mul_ln1118_1127_fu_694_p2    |     *    |      2|  0|   23|          16|          35|
    |mul_ln1118_1128_fu_710_p2    |     *    |      2|  0|   23|          17|          35|
    |mul_ln1118_1129_fu_725_p2    |     *    |      2|  0|   23|          17|          35|
    |mul_ln1118_1130_fu_712_p2    |     *    |      2|  0|   23|          19|          35|
    |mul_ln1118_1131_fu_713_p2    |     *    |      2|  0|   23|          19|          35|
    |mul_ln1118_1132_fu_755_p2    |     *    |      2|  0|   23|          20|          35|
    |mul_ln1118_1133_fu_830_p2    |     *    |      2|  0|   23|          18|          35|
    |mul_ln1118_1134_fu_838_p2    |     *    |      2|  0|   23|          21|          35|
    |mul_ln1118_1135_fu_839_p2    |     *    |      2|  0|   23|          14|          35|
    |mul_ln1118_1136_fu_933_p2    |     *    |      2|  0|   23|          20|          35|
    |mul_ln1118_1137_fu_870_p2    |     *    |      2|  0|   23|          17|          35|
    |mul_ln1118_1138_fu_821_p2    |     *    |      2|  0|   23|          14|          35|
    |mul_ln1118_1139_fu_779_p2    |     *    |      2|  0|   23|          20|          35|
    |mul_ln1118_1140_fu_730_p2    |     *    |      2|  0|   23|          17|          35|
    |mul_ln1118_1141_fu_724_p2    |     *    |      2|  0|   23|          20|          35|
    |mul_ln1118_1142_fu_797_p2    |     *    |      2|  0|   23|          17|          35|
    |mul_ln1118_1143_fu_683_p2    |     *    |      2|  0|   23|          21|          35|
    |mul_ln1118_1144_fu_684_p2    |     *    |      2|  0|   23|          19|          35|
    |mul_ln1118_1145_fu_922_p2    |     *    |      2|  0|   23|          18|          35|
    |mul_ln1118_1146_fu_896_p2    |     *    |      2|  0|   23|          19|          35|
    |mul_ln1118_1147_fu_728_p2    |     *    |      2|  0|   23|          17|          35|
    |mul_ln1118_1148_fu_688_p2    |     *    |      2|  0|   23|          16|          35|
    |mul_ln1118_1149_fu_750_p2    |     *    |      2|  0|   23|          19|          35|
    |mul_ln1118_1150_fu_690_p2    |     *    |      2|  0|   23|          18|          35|
    |mul_ln1118_1151_fu_850_p2    |     *    |      2|  0|   23|          17|          35|
    |mul_ln1118_1152_fu_815_p2    |     *    |      2|  0|   23|          19|          35|
    |mul_ln1118_1153_fu_766_p2    |     *    |      2|  0|   23|          19|          35|
    |mul_ln1118_1154_fu_867_p2    |     *    |      2|  0|   23|          19|          35|
    |mul_ln1118_1155_fu_917_p2    |     *    |      2|  0|   23|          19|          35|
    |mul_ln1118_1156_fu_911_p2    |     *    |      2|  0|   23|          21|          35|
    |mul_ln1118_1157_fu_770_p2    |     *    |      2|  0|   23|          18|          35|
    |mul_ln1118_1158_fu_771_p2    |     *    |      2|  0|   23|          21|          35|
    |mul_ln1118_1159_fu_914_p2    |     *    |      2|  0|   23|          21|          35|
    |mul_ln1118_1160_fu_760_p2    |     *    |      2|  0|   23|          19|          35|
    |mul_ln1118_1161_fu_700_p2    |     *    |      2|  0|   23|          13|          35|
    |mul_ln1118_1162_fu_816_p2    |     *    |      2|  0|   23|          16|          35|
    |mul_ln1118_1163_fu_729_p2    |     *    |      2|  0|   23|          21|          35|
    |mul_ln1118_1164_fu_800_p2    |     *    |      2|  0|   23|          20|          35|
    |mul_ln1118_1165_fu_908_p2    |     *    |      2|  0|   23|          19|          35|
    |mul_ln1118_1166_fu_702_p2    |     *    |      2|  0|   23|          20|          35|
    |mul_ln1118_1167_fu_910_p2    |     *    |      2|  0|   23|          18|          35|
    |mul_ln1118_1168_fu_854_p2    |     *    |      2|  0|   23|          20|          35|
    |mul_ln1118_1169_fu_740_p2    |     *    |      2|  0|   23|          16|          35|
    |mul_ln1118_1170_fu_883_p2    |     *    |      2|  0|   23|          19|          35|
    |mul_ln1118_1171_fu_749_p2    |     *    |      2|  0|   23|          20|          35|
    |mul_ln1118_1172_fu_885_p2    |     *    |      2|  0|   23|          14|          35|
    |mul_ln1118_1173_fu_846_p2    |     *    |      2|  0|   23|          18|          35|
    |mul_ln1118_1174_fu_851_p2    |     *    |      2|  0|   23|          18|          35|
    |mul_ln1118_1175_fu_907_p2    |     *    |      2|  0|   23|          20|          35|
    |mul_ln1118_1176_fu_930_p2    |     *    |      2|  0|   23|          19|          35|
    |mul_ln1118_1177_fu_748_p2    |     *    |      2|  0|   23|          18|          35|
    |mul_ln1118_1178_fu_787_p2    |     *    |      2|  0|   23|          17|          35|
    |mul_ln1118_1179_fu_731_p2    |     *    |      2|  0|   23|          16|          35|
    |mul_ln1118_1180_fu_789_p2    |     *    |      2|  0|   23|          18|          35|
    |mul_ln1118_1181_fu_833_p2    |     *    |      2|  0|   23|          20|          35|
    |mul_ln1118_1182_fu_791_p2    |     *    |      2|  0|   23|          18|          35|
    |mul_ln1118_1183_fu_739_p2    |     *    |      2|  0|   23|          18|          35|
    |mul_ln1118_1184_fu_855_p2    |     *    |      2|  0|   23|          17|          35|
    |mul_ln1118_1185_fu_714_p2    |     *    |      2|  0|   23|          20|          35|
    |mul_ln1118_1186_fu_722_p2    |     *    |      2|  0|   23|          17|          35|
    |mul_ln1118_1187_fu_823_p2    |     *    |      2|  0|   23|          19|          35|
    |mul_ln1118_1188_fu_876_p2    |     *    |      2|  0|   23|          19|          35|
    |mul_ln1118_1189_fu_860_p2    |     *    |      2|  0|   23|          18|          35|
    |mul_ln1118_1190_fu_706_p2    |     *    |      2|  0|   23|          16|          35|
    |mul_ln1118_1191_fu_720_p2    |     *    |      2|  0|   23|          12|          35|
    |mul_ln1118_1192_fu_767_p2    |     *    |      2|  0|   23|          18|          35|
    |mul_ln1118_1193_fu_875_p2    |     *    |      2|  0|   23|          19|          35|
    |mul_ln1118_1194_fu_726_p2    |     *    |      2|  0|   23|          17|          35|
    |mul_ln1118_1195_fu_820_p2    |     *    |      2|  0|   23|          15|          35|
    |mul_ln1118_1196_fu_871_p2    |     *    |      2|  0|   23|          16|          35|
    |mul_ln1118_1197_fu_711_p2    |     *    |      2|  0|   23|          19|          35|
    |mul_ln1118_1198_fu_685_p2    |     *    |      2|  0|   23|          18|          35|
    |mul_ln1118_1199_fu_835_p2    |     *    |      2|  0|   23|          18|          35|
    |mul_ln1118_1200_fu_809_p2    |     *    |      2|  0|   23|          18|          35|
    |mul_ln1118_1201_fu_783_p2    |     *    |      2|  0|   23|          16|          35|
    |mul_ln1118_1202_fu_831_p2    |     *    |      2|  0|   23|          18|          35|
    |mul_ln1118_1203_fu_762_p2    |     *    |      2|  0|   23|          18|          35|
    |mul_ln1118_1204_fu_806_p2    |     *    |      2|  0|   23|          18|          35|
    |mul_ln1118_1205_fu_780_p2    |     *    |      2|  0|   23|          19|          35|
    |mul_ln1118_1206_fu_904_p2    |     *    |      2|  0|   23|          16|          35|
    |mul_ln1118_1207_fu_905_p2    |     *    |      2|  0|   23|           8|          35|
    |mul_ln1118_1208_fu_906_p2    |     *    |      2|  0|   23|          16|          35|
    |mul_ln1118_1209_fu_864_p2    |     *    |      2|  0|   23|          19|          35|
    |mul_ln1118_1210_fu_758_p2    |     *    |      2|  0|   23|          18|          35|
    |mul_ln1118_1211_fu_798_p2    |     *    |      2|  0|   23|          18|          35|
    |mul_ln1118_1212_fu_799_p2    |     *    |      2|  0|   23|          19|          35|
    |mul_ln1118_1213_fu_819_p2    |     *    |      2|  0|   23|          18|          35|
    |mul_ln1118_1214_fu_761_p2    |     *    |      2|  0|   23|          18|          35|
    |mul_ln1118_1215_fu_687_p2    |     *    |      2|  0|   23|          17|          35|
    |mul_ln1118_1216_fu_932_p2    |     *    |      2|  0|   23|          19|          35|
    |mul_ln1118_1217_fu_804_p2    |     *    |      2|  0|   23|          18|          35|
    |mul_ln1118_1218_fu_778_p2    |     *    |      2|  0|   23|          19|          35|
    |mul_ln1118_1219_fu_897_p2    |     *    |      2|  0|   23|          16|          35|
    |mul_ln1118_1220_fu_898_p2    |     *    |      2|  0|   23|          17|          35|
    |mul_ln1118_1221_fu_849_p2    |     *    |      2|  0|   23|          15|          35|
    |mul_ln1118_1222_fu_900_p2    |     *    |      2|  0|   23|          17|          35|
    |mul_ln1118_1223_fu_737_p2    |     *    |      2|  0|   23|          17|          35|
    |mul_ln1118_1224_fu_802_p2    |     *    |      2|  0|   23|          17|          35|
    |mul_ln1118_1225_fu_912_p2    |     *    |      2|  0|   23|          17|          35|
    |mul_ln1118_1226_fu_893_p2    |     *    |      2|  0|   23|          19|          35|
    |mul_ln1118_1227_fu_786_p2    |     *    |      2|  0|   23|          18|          35|
    |mul_ln1118_1228_fu_880_p2    |     *    |      2|  0|   23|          18|          35|
    |mul_ln1118_1229_fu_727_p2    |     *    |      2|  0|   23|          17|          35|
    |mul_ln1118_1230_fu_890_p2    |     *    |      2|  0|   23|          16|          35|
    |mul_ln1118_1231_fu_776_p2    |     *    |      2|  0|   23|          18|          35|
    |mul_ln1118_1232_fu_757_p2    |     *    |      2|  0|   23|          17|          35|
    |mul_ln1118_1233_fu_934_p2    |     *    |      2|  0|   23|          18|          35|
    |mul_ln1118_1234_fu_935_p2    |     *    |      2|  0|   23|          18|          35|
    |mul_ln1118_1235_fu_822_p2    |     *    |      2|  0|   23|          19|          35|
    |mul_ln1118_1236_fu_887_p2    |     *    |      2|  0|   23|          14|          35|
    |mul_ln1118_1237_fu_931_p2    |     *    |      2|  0|   23|          18|          35|
    |mul_ln1118_1238_fu_682_p2    |     *    |      2|  0|   23|          17|          35|
    |mul_ln1118_1239_fu_857_p2    |     *    |      2|  0|   23|          17|          35|
    |mul_ln1118_1240_fu_892_p2    |     *    |      2|  0|   23|          19|          35|
    |mul_ln1118_1241_fu_785_p2    |     *    |      2|  0|   23|          18|          35|
    |mul_ln1118_1242_fu_745_p2    |     *    |      2|  0|   23|          17|          35|
    |mul_ln1118_1243_fu_888_p2    |     *    |      2|  0|   23|          17|          35|
    |mul_ln1118_1244_fu_747_p2    |     *    |      2|  0|   23|          14|          35|
    |mul_ln1118_1245_fu_782_p2    |     *    |      2|  0|   23|          18|          35|
    |mul_ln1118_1246_fu_735_p2    |     *    |      2|  0|   23|          16|          35|
    |mul_ln1118_1247_fu_764_p2    |     *    |      2|  0|   23|          17|          35|
    |mul_ln1118_1248_fu_872_p2    |     *    |      2|  0|   23|          18|          35|
    |mul_ln1118_1249_fu_873_p2    |     *    |      2|  0|   23|          19|          35|
    |mul_ln1118_1250_fu_796_p2    |     *    |      2|  0|   23|          17|          35|
    |mul_ln1118_1251_fu_818_p2    |     *    |      2|  0|   23|          17|          35|
    |mul_ln1118_1252_fu_828_p2    |     *    |      2|  0|   23|          18|          35|
    |mul_ln1118_1253_fu_829_p2    |     *    |      2|  0|   23|          18|          35|
    |mul_ln1118_1254_fu_715_p2    |     *    |      2|  0|   23|          19|          35|
    |mul_ln1118_1255_fu_926_p2    |     *    |      2|  0|   23|          17|          35|
    |mul_ln1118_1256_fu_717_p2    |     *    |      2|  0|   23|          17|          35|
    |mul_ln1118_1257_fu_691_p2    |     *    |      2|  0|   23|          17|          35|
    |mul_ln1118_1258_fu_853_p2    |     *    |      2|  0|   23|          18|          35|
    |mul_ln1118_1259_fu_923_p2    |     *    |      2|  0|   23|          14|          35|
    |mul_ln1118_1260_fu_721_p2    |     *    |      2|  0|   23|          18|          35|
    |mul_ln1118_1261_fu_801_p2    |     *    |      2|  0|   23|          18|          35|
    |mul_ln1118_1262_fu_852_p2    |     *    |      2|  0|   23|          19|          35|
    |mul_ln1118_1263_fu_753_p2    |     *    |      2|  0|   23|          16|          35|
    |mul_ln1118_1264_fu_847_p2    |     *    |      2|  0|   23|          18|          35|
    |mul_ln1118_1265_fu_705_p2    |     *    |      2|  0|   23|          18|          35|
    |mul_ln1118_1266_fu_915_p2    |     *    |      2|  0|   23|          14|          35|
    |mul_ln1118_1267_fu_686_p2    |     *    |      2|  0|   23|          17|          35|
    |mul_ln1118_1268_fu_734_p2    |     *    |      2|  0|   23|          19|          35|
    |mul_ln1118_1269_fu_803_p2    |     *    |      2|  0|   23|          19|          35|
    |mul_ln1118_1270_fu_689_p2    |     *    |      2|  0|   23|          13|          35|
    |mul_ln1118_1271_fu_805_p2    |     *    |      2|  0|   23|          17|          35|
    |mul_ln1118_1272_fu_824_p2    |     *    |      2|  0|   23|          18|          35|
    |mul_ln1118_1273_fu_699_p2    |     *    |      2|  0|   23|          17|          35|
    |mul_ln1118_1274_fu_781_p2    |     *    |      2|  0|   23|          13|          35|
    |mul_ln1118_1275_fu_788_p2    |     *    |      2|  0|   23|          16|          35|
    |mul_ln1118_1276_fu_732_p2    |     *    |      2|  0|   23|          18|          35|
    |mul_ln1118_1277_fu_790_p2    |     *    |      2|  0|   23|          19|          35|
    |mul_ln1118_1278_fu_825_p2    |     *    |      2|  0|   23|          20|          35|
    |mul_ln1118_1279_fu_792_p2    |     *    |      2|  0|   23|          19|          35|
    |mul_ln1118_1280_fu_698_p2    |     *    |      2|  0|   23|          16|          35|
    |mul_ln1118_1281_fu_929_p2    |     *    |      2|  0|   23|          17|          35|
    |mul_ln1118_1282_fu_916_p2    |     *    |      2|  0|   23|          18|          35|
    |mul_ln1118_1283_fu_775_p2    |     *    |      2|  0|   23|          17|          35|
    |mul_ln1118_1284_fu_918_p2    |     *    |      2|  0|   23|          18|          35|
    |mul_ln1118_1285_fu_919_p2    |     *    |      2|  0|   23|          18|          35|
    |mul_ln1118_1286_fu_920_p2    |     *    |      2|  0|   23|          18|          35|
    |mul_ln1118_1287_fu_840_p2    |     *    |      2|  0|   23|          18|          35|
    |mul_ln1118_1288_fu_841_p2    |     *    |      2|  0|   23|          19|          35|
    |mul_ln1118_1289_fu_925_p2    |     *    |      2|  0|   23|          19|          35|
    |mul_ln1118_1290_fu_826_p2    |     *    |      2|  0|   23|          19|          35|
    |mul_ln1118_1291_fu_777_p2    |     *    |      2|  0|   23|          18|          35|
    |mul_ln1118_1292_fu_928_p2    |     *    |      2|  0|   23|          17|          35|
    |mul_ln1118_1293_fu_794_p2    |     *    |      2|  0|   23|          18|          35|
    |mul_ln1118_1294_fu_886_p2    |     *    |      2|  0|   23|          17|          35|
    |mul_ln1118_1295_fu_874_p2    |     *    |      2|  0|   23|          18|          35|
    |mul_ln1118_1296_fu_746_p2    |     *    |      2|  0|   23|          17|          35|
    |mul_ln1118_1297_fu_903_p2    |     *    |      2|  0|   23|          19|          35|
    |mul_ln1118_1298_fu_795_p2    |     *    |      2|  0|   23|          15|          35|
    |mul_ln1118_1299_fu_891_p2    |     *    |      2|  0|   23|          19|          35|
    |mul_ln1118_1300_fu_763_p2    |     *    |      2|  0|   23|          19|          35|
    |mul_ln1118_1301_fu_866_p2    |     *    |      2|  0|   23|          18|          35|
    |mul_ln1118_1302_fu_752_p2    |     *    |      2|  0|   23|          15|          35|
    |mul_ln1118_1303_fu_812_p2    |     *    |      2|  0|   23|          19|          35|
    |mul_ln1118_1304_fu_813_p2    |     *    |      2|  0|   23|          20|          35|
    |mul_ln1118_1305_fu_814_p2    |     *    |      2|  0|   23|          20|          35|
    |mul_ln1118_1306_fu_708_p2    |     *    |      2|  0|   23|          16|          35|
    |mul_ln1118_1307_fu_709_p2    |     *    |      2|  0|   23|          18|          35|
    |mul_ln1118_1308_fu_858_p2    |     *    |      2|  0|   23|          19|          35|
    |mul_ln1118_1309_fu_859_p2    |     *    |      2|  0|   23|          17|          35|
    |mul_ln1118_1310_fu_718_p2    |     *    |      2|  0|   23|          18|          35|
    |mul_ln1118_1311_fu_719_p2    |     *    |      2|  0|   23|          16|          35|
    |mul_ln1118_1312_fu_862_p2    |     *    |      2|  0|   23|          15|          35|
    |mul_ln1118_1313_fu_863_p2    |     *    |      2|  0|   23|          19|          35|
    |mul_ln1118_1314_fu_844_p2    |     *    |      2|  0|   23|          19|          35|
    |mul_ln1118_1315_fu_723_p2    |     *    |      2|  0|   23|          16|          35|
    |mul_ln1118_1316_fu_827_p2    |     *    |      2|  0|   23|          19|          35|
    |mul_ln1118_1317_fu_842_p2    |     *    |      2|  0|   23|          17|          35|
    |mul_ln1118_1318_fu_793_p2    |     *    |      2|  0|   23|          18|          35|
    |mul_ln1118_1319_fu_901_p2    |     *    |      2|  0|   23|          15|          35|
    |mul_ln1118_1320_fu_902_p2    |     *    |      2|  0|   23|          16|          35|
    |mul_ln1118_1321_fu_696_p2    |     *    |      2|  0|   23|          19|          35|
    |mul_ln1118_1322_fu_756_p2    |     *    |      2|  0|   23|          18|          35|
    |mul_ln1118_1323_fu_811_p2    |     *    |      2|  0|   23|          18|          35|
    |mul_ln1118_1324_fu_832_p2    |     *    |      2|  0|   23|          18|          35|
    |mul_ln1118_1325_fu_845_p2    |     *    |      2|  0|   23|          16|          35|
    |mul_ln1118_1326_fu_834_p2    |     *    |      2|  0|   23|          20|          35|
    |mul_ln1118_1327_fu_693_p2    |     *    |      2|  0|   23|          21|          35|
    |mul_ln1118_1328_fu_836_p2    |     *    |      2|  0|   23|          21|          35|
    |mul_ln1118_1329_fu_695_p2    |     *    |      2|  0|   23|          19|          35|
    |mul_ln1118_1330_fu_878_p2    |     *    |      2|  0|   23|          20|          35|
    |mul_ln1118_1331_fu_879_p2    |     *    |      2|  0|   23|          21|          35|
    |mul_ln1118_1332_fu_837_p2    |     *    |      2|  0|   23|          18|          35|
    |mul_ln1118_1333_fu_681_p2    |     *    |      2|  0|   23|          19|          35|
    |mul_ln1118_1334_fu_882_p2    |     *    |      2|  0|   23|          18|          35|
    |mul_ln1118_1335_fu_774_p2    |     *    |      2|  0|   23|          15|          35|
    |mul_ln1118_1336_fu_680_p2    |     *    |      2|  0|   23|          19|          35|
    |mul_ln1118_1337_fu_843_p2    |     *    |      2|  0|   23|          20|          35|
    |mul_ln1118_1338_fu_784_p2    |     *    |      2|  0|   23|          20|          35|
    |mul_ln1118_1339_fu_927_p2    |     *    |      2|  0|   23|          19|          35|
    |mul_ln1118_1340_fu_921_p2    |     *    |      2|  0|   23|          20|          35|
    |mul_ln1118_1341_fu_807_p2    |     *    |      2|  0|   23|          20|          35|
    |mul_ln1118_1342_fu_754_p2    |     *    |      2|  0|   23|          20|          35|
    |mul_ln1118_1343_fu_924_p2    |     *    |      2|  0|   23|          17|          35|
    |mul_ln1118_1344_fu_765_p2    |     *    |      2|  0|   23|          19|          35|
    |mul_ln1118_1345_fu_716_p2    |     *    |      2|  0|   23|          17|          35|
    |mul_ln1118_1346_fu_703_p2    |     *    |      2|  0|   23|          17|          35|
    |mul_ln1118_1347_fu_868_p2    |     *    |      2|  0|   23|          19|          35|
    |mul_ln1118_1348_fu_769_p2    |     *    |      2|  0|   23|          19|          35|
    |mul_ln1118_1349_fu_773_p2    |     *    |      2|  0|   23|          19|          35|
    |mul_ln1118_1350_fu_889_p2    |     *    |      2|  0|   23|          20|          35|
    |mul_ln1118_1351_fu_701_p2    |     *    |      2|  0|   23|          19|          35|
    |mul_ln1118_1352_fu_817_p2    |     *    |      2|  0|   23|          19|          35|
    |mul_ln1118_1353_fu_877_p2    |     *    |      2|  0|   23|          17|          35|
    |mul_ln1118_1354_fu_751_p2    |     *    |      2|  0|   23|          19|          35|
    |mul_ln1118_1355_fu_894_p2    |     *    |      2|  0|   23|          21|          35|
    |mul_ln1118_1356_fu_895_p2    |     *    |      2|  0|   23|          17|          35|
    |mul_ln1118_1357_fu_869_p2    |     *    |      2|  0|   23|          17|          35|
    |mul_ln1118_fu_768_p2         |     *    |      2|  0|   23|          18|          35|
    |acc_10_V_fu_270449_p2        |     +    |      0|  0|   16|          35|          35|
    |acc_11_V_fu_270530_p2        |     +    |      0|  0|   16|          35|          35|
    |acc_12_V_fu_270605_p2        |     +    |      0|  0|   16|          35|          35|
    |acc_13_V_fu_270677_p2        |     +    |      0|  0|   16|          35|          35|
    |acc_14_V_fu_270755_p2        |     +    |      0|  0|   16|          35|          35|
    |acc_15_V_fu_270835_p2        |     +    |      0|  0|   16|          35|          35|
    |acc_1_V_fu_269727_p2         |     +    |      0|  0|   16|          35|          35|
    |acc_2_V_fu_269818_p2         |     +    |      0|  0|   16|          35|          35|
    |acc_3_V_fu_269903_p2         |     +    |      0|  0|   16|          35|          35|
    |acc_4_V_fu_269990_p2         |     +    |      0|  0|   16|          35|          35|
    |acc_5_V_fu_270070_p2         |     +    |      0|  0|   16|          35|          35|
    |acc_6_V_fu_270154_p2         |     +    |      0|  0|   16|          35|          35|
    |acc_7_V_fu_270228_p2         |     +    |      0|  0|   16|          35|          35|
    |acc_8_V_fu_270303_p2         |     +    |      0|  0|   16|          35|          35|
    |acc_9_V_fu_270373_p2         |     +    |      0|  0|   16|          35|          35|
    |add_ln703_1117_fu_268827_p2  |     +    |      0|  0|   35|          35|          35|
    |add_ln703_1118_fu_269586_p2  |     +    |      0|  0|   16|          35|          35|
    |add_ln703_1119_fu_269591_p2  |     +    |      0|  0|   16|          35|          35|
    |add_ln703_1120_fu_268833_p2  |     +    |      0|  0|   34|          34|          34|
    |add_ln703_1121_fu_269600_p2  |     +    |      0|  0|   16|          35|          35|
    |add_ln703_1122_fu_269606_p2  |     +    |      0|  0|   16|          35|          35|
    |add_ln703_1123_fu_268839_p2  |     +    |      0|  0|   32|          32|          32|
    |add_ln703_1124_fu_268845_p2  |     +    |      0|  0|   35|          35|          35|
    |add_ln703_1125_fu_269615_p2  |     +    |      0|  0|   16|          35|          35|
    |add_ln703_1126_fu_268851_p2  |     +    |      0|  0|   33|          33|          33|
    |add_ln703_1127_fu_269623_p2  |     +    |      0|  0|   35|          17|          35|
    |add_ln703_1128_fu_269628_p2  |     +    |      0|  0|   16|          35|          35|
    |add_ln703_1129_fu_269634_p2  |     +    |      0|  0|   16|          35|          35|
    |add_ln703_1130_fu_269640_p2  |     +    |      0|  0|   16|          35|          35|
    |add_ln703_1131_fu_269646_p2  |     +    |      0|  0|   16|          35|          35|
    |add_ln703_1132_fu_269652_p2  |     +    |      0|  0|   16|          35|          35|
    |add_ln703_1133_fu_268857_p2  |     +    |      0|  0|   32|          32|          32|
    |add_ln703_1134_fu_269661_p2  |     +    |      0|  0|   16|          35|          35|
    |add_ln703_1135_fu_268863_p2  |     +    |      0|  0|   34|          34|          34|
    |add_ln703_1136_fu_268869_p2  |     +    |      0|  0|   33|          33|          33|
    |add_ln703_1137_fu_269673_p2  |     +    |      0|  0|   35|          35|          35|
    |add_ln703_1138_fu_269679_p2  |     +    |      0|  0|   16|          35|          35|
    |add_ln703_1139_fu_268875_p2  |     +    |      0|  0|   33|          33|          33|
    |add_ln703_1140_fu_268881_p2  |     +    |      0|  0|   34|          34|          34|
    |add_ln703_1141_fu_269691_p2  |     +    |      0|  0|   16|          35|          35|
    |add_ln703_1142_fu_268887_p2  |     +    |      0|  0|   34|          34|          34|
    |add_ln703_1143_fu_269700_p2  |     +    |      0|  0|   33|          18|          33|
    |add_ln703_1144_fu_269710_p2  |     +    |      0|  0|   16|          35|          35|
    |add_ln703_1145_fu_269715_p2  |     +    |      0|  0|   16|          35|          35|
    |add_ln703_1146_fu_269721_p2  |     +    |      0|  0|   16|          35|          35|
    |add_ln703_1148_fu_268893_p2  |     +    |      0|  0|   34|          34|          34|
    |add_ln703_1149_fu_269736_p2  |     +    |      0|  0|   16|          35|          35|
    |add_ln703_1150_fu_269742_p2  |     +    |      0|  0|   16|          35|          35|
    |add_ln703_1151_fu_269748_p2  |     +    |      0|  0|   16|          35|          35|
    |add_ln703_1152_fu_268899_p2  |     +    |      0|  0|   34|          34|          34|
    |add_ln703_1153_fu_269757_p2  |     +    |      0|  0|   16|          35|          35|
    |add_ln703_1154_fu_269763_p2  |     +    |      0|  0|   16|          35|          35|
    |add_ln703_1155_fu_269769_p2  |     +    |      0|  0|   16|          34|          34|
    |add_ln703_1156_fu_268905_p2  |     +    |      0|  0|   33|          33|          33|
    |add_ln703_1157_fu_269778_p2  |     +    |      0|  0|   16|          34|          34|
    |add_ln703_1158_fu_268911_p2  |     +    |      0|  0|   32|          32|          32|
    |add_ln703_1159_fu_269791_p2  |     +    |      0|  0|   34|          20|          34|
    |add_ln703_1160_fu_269801_p2  |     +    |      0|  0|   35|          35|          35|
    |add_ln703_1161_fu_269806_p2  |     +    |      0|  0|   16|          35|          35|
    |add_ln703_1162_fu_269812_p2  |     +    |      0|  0|   16|          35|          35|
    |add_ln703_1164_fu_268917_p2  |     +    |      0|  0|   34|          34|          34|
    |add_ln703_1165_fu_269827_p2  |     +    |      0|  0|   16|          35|          35|
    |add_ln703_1166_fu_269833_p2  |     +    |      0|  0|   16|          35|          35|
    |add_ln703_1167_fu_269839_p2  |     +    |      0|  0|   16|          35|          35|
    |add_ln703_1168_fu_268923_p2  |     +    |      0|  0|   34|          34|          34|
    |add_ln703_1169_fu_269848_p2  |     +    |      0|  0|   16|          35|          35|
    |add_ln703_1170_fu_269854_p2  |     +    |      0|  0|   16|          35|          35|
    |add_ln703_1171_fu_268929_p2  |     +    |      0|  0|   34|          34|          34|
    |add_ln703_1172_fu_268935_p2  |     +    |      0|  0|   33|          33|          33|
    |add_ln703_1173_fu_269866_p2  |     +    |      0|  0|   16|          35|          35|
    |add_ln703_1174_fu_268941_p2  |     +    |      0|  0|   34|          34|          34|
    |add_ln703_1175_fu_269875_p2  |     +    |      0|  0|   33|          16|          33|
    |add_ln703_1176_fu_269885_p2  |     +    |      0|  0|   16|          35|          35|
    |add_ln703_1177_fu_269891_p2  |     +    |      0|  0|   16|          35|          35|
    |add_ln703_1178_fu_269897_p2  |     +    |      0|  0|   16|          35|          35|
    |add_ln703_1180_fu_268947_p2  |     +    |      0|  0|   33|          33|          33|
    |add_ln703_1181_fu_269912_p2  |     +    |      0|  0|   16|          35|          35|
    |add_ln703_1182_fu_269918_p2  |     +    |      0|  0|   16|          35|          35|
    |add_ln703_1183_fu_269924_p2  |     +    |      0|  0|   16|          35|          35|
    |add_ln703_1184_fu_268953_p2  |     +    |      0|  0|   34|          34|          34|
    |add_ln703_1185_fu_269933_p2  |     +    |      0|  0|   16|          35|          35|
    |add_ln703_1186_fu_269939_p2  |     +    |      0|  0|   16|          35|          35|
    |add_ln703_1187_fu_268959_p2  |     +    |      0|  0|   34|          34|          34|
    |add_ln703_1188_fu_268965_p2  |     +    |      0|  0|   33|          33|          33|
    |add_ln703_1189_fu_269951_p2  |     +    |      0|  0|   16|          35|          35|
    |add_ln703_1190_fu_269957_p2  |     +    |      0|  0|   16|          35|          35|
    |add_ln703_1191_fu_269963_p2  |     +    |      0|  0|   33|          18|          33|
    |add_ln703_1192_fu_269973_p2  |     +    |      0|  0|   35|          35|          35|
    |add_ln703_1193_fu_269978_p2  |     +    |      0|  0|   16|          35|          35|
    |add_ln703_1194_fu_269984_p2  |     +    |      0|  0|   16|          35|          35|
    |add_ln703_1196_fu_268971_p2  |     +    |      0|  0|   33|          33|          33|
    |add_ln703_1197_fu_269999_p2  |     +    |      0|  0|   16|          35|          35|
    |add_ln703_1198_fu_270005_p2  |     +    |      0|  0|   16|          35|          35|
    |add_ln703_1199_fu_270011_p2  |     +    |      0|  0|   16|          35|          35|
    |add_ln703_1200_fu_268977_p2  |     +    |      0|  0|   34|          34|          34|
    |add_ln703_1201_fu_270020_p2  |     +    |      0|  0|   16|          35|          35|
    |add_ln703_1202_fu_270026_p2  |     +    |      0|  0|   16|          35|          35|
    |add_ln703_1203_fu_268983_p2  |     +    |      0|  0|   34|          34|          34|
    |add_ln703_1204_fu_268989_p2  |     +    |      0|  0|   33|          33|          33|
    |add_ln703_1205_fu_270038_p2  |     +    |      0|  0|   16|          35|          35|
    |add_ln703_1206_fu_268995_p2  |     +    |      0|  0|   34|          34|          34|
    |add_ln703_1207_fu_270047_p2  |     +    |      0|  0|   35|          16|          35|
    |add_ln703_1208_fu_270053_p2  |     +    |      0|  0|   16|          35|          35|
    |add_ln703_1209_fu_270058_p2  |     +    |      0|  0|   16|          35|          35|
    |add_ln703_1210_fu_270064_p2  |     +    |      0|  0|   16|          35|          35|
    |add_ln703_1212_fu_270076_p2  |     +    |      0|  0|   16|          35|          35|
    |add_ln703_1213_fu_269001_p2  |     +    |      0|  0|   35|          35|          35|
    |add_ln703_1214_fu_270082_p2  |     +    |      0|  0|   16|          35|          35|
    |add_ln703_1215_fu_270087_p2  |     +    |      0|  0|   16|          34|          34|
    |add_ln703_1216_fu_269007_p2  |     +    |      0|  0|   33|          33|          33|
    |add_ln703_1217_fu_270096_p2  |     +    |      0|  0|   16|          34|          34|
    |add_ln703_1218_fu_270106_p2  |     +    |      0|  0|   16|          35|          35|
    |add_ln703_1219_fu_269013_p2  |     +    |      0|  0|   34|          34|          34|
    |add_ln703_1220_fu_269019_p2  |     +    |      0|  0|   35|          35|          35|
    |add_ln703_1221_fu_270115_p2  |     +    |      0|  0|   16|          35|          35|
    |add_ln703_1222_fu_270120_p2  |     +    |      0|  0|   16|          35|          35|
    |add_ln703_1223_fu_270126_p2  |     +    |      0|  0|   34|          17|          34|
    |add_ln703_1224_fu_270136_p2  |     +    |      0|  0|   35|          35|          35|
    |add_ln703_1225_fu_270142_p2  |     +    |      0|  0|   16|          35|          35|
    |add_ln703_1226_fu_270148_p2  |     +    |      0|  0|   16|          35|          35|
    |add_ln703_1228_fu_269025_p2  |     +    |      0|  0|   34|          34|          34|
    |add_ln703_1229_fu_270163_p2  |     +    |      0|  0|   16|          35|          35|
    |add_ln703_1230_fu_270169_p2  |     +    |      0|  0|   16|          35|          35|
    |add_ln703_1231_fu_269031_p2  |     +    |      0|  0|   34|          34|          34|
    |add_ln703_1232_fu_269037_p2  |     +    |      0|  0|   34|          34|          34|
    |add_ln703_1233_fu_270181_p2  |     +    |      0|  0|   35|          35|          35|
    |add_ln703_1234_fu_270187_p2  |     +    |      0|  0|   16|          35|          35|
    |add_ln703_1235_fu_269043_p2  |     +    |      0|  0|   34|          34|          34|
    |add_ln703_1236_fu_269049_p2  |     +    |      0|  0|   35|          35|          35|
    |add_ln703_1237_fu_270196_p2  |     +    |      0|  0|   16|          35|          35|
    |add_ln703_1238_fu_269055_p2  |     +    |      0|  0|   34|          34|          34|
    |add_ln703_1239_fu_270204_p2  |     +    |      0|  0|   35|          15|          35|
    |add_ln703_1240_fu_270210_p2  |     +    |      0|  0|   16|          35|          35|
    |add_ln703_1241_fu_270216_p2  |     +    |      0|  0|   16|          35|          35|
    |add_ln703_1242_fu_270222_p2  |     +    |      0|  0|   16|          35|          35|
    |add_ln703_1244_fu_269061_p2  |     +    |      0|  0|   34|          34|          34|
    |add_ln703_1245_fu_270237_p2  |     +    |      0|  0|   16|          35|          35|
    |add_ln703_1246_fu_270242_p2  |     +    |      0|  0|   16|          35|          35|
    |add_ln703_1247_fu_269067_p2  |     +    |      0|  0|   33|          33|          33|
    |add_ln703_1248_fu_269073_p2  |     +    |      0|  0|   33|          33|          33|
    |add_ln703_1249_fu_270254_p2  |     +    |      0|  0|   34|          34|          34|
    |add_ln703_1250_fu_270264_p2  |     +    |      0|  0|   16|          35|          35|
    |add_ln703_1251_fu_270270_p2  |     +    |      0|  0|   16|          34|          34|
    |add_ln703_1252_fu_269079_p2  |     +    |      0|  0|   33|          33|          33|
    |add_ln703_1253_fu_270279_p2  |     +    |      0|  0|   16|          34|          34|
    |add_ln703_1254_fu_269085_p2  |     +    |      0|  0|   34|          34|          34|
    |add_ln703_1255_fu_269091_p2  |     +    |      0|  0|   16|          17|          35|
    |add_ln703_1256_fu_269097_p2  |     +    |      0|  0|   16|          35|          35|
    |add_ln703_1257_fu_270292_p2  |     +    |      0|  0|   16|          35|          35|
    |add_ln703_1258_fu_270297_p2  |     +    |      0|  0|   16|          35|          35|
    |add_ln703_1260_fu_269103_p2  |     +    |      0|  0|   34|          34|          34|
    |add_ln703_1261_fu_270312_p2  |     +    |      0|  0|   16|          35|          35|
    |add_ln703_1262_fu_270316_p2  |     +    |      0|  0|   16|          35|          35|
    |add_ln703_1263_fu_270322_p2  |     +    |      0|  0|   16|          35|          35|
    |add_ln703_1264_fu_269109_p2  |     +    |      0|  0|   33|          33|          33|
    |add_ln703_1265_fu_270331_p2  |     +    |      0|  0|   16|          35|          35|
    |add_ln703_1266_fu_270337_p2  |     +    |      0|  0|   16|          35|          35|
    |add_ln703_1267_fu_269115_p2  |     +    |      0|  0|   33|          33|          33|
    |add_ln703_1268_fu_269121_p2  |     +    |      0|  0|   33|          33|          33|
    |add_ln703_1269_fu_270349_p2  |     +    |      0|  0|   34|          34|          34|
    |add_ln703_1270_fu_269127_p2  |     +    |      0|  0|   34|          34|          34|
    |add_ln703_1271_fu_269133_p2  |     +    |      0|  0|   16|          17|          35|
    |add_ln703_1272_fu_269139_p2  |     +    |      0|  0|   16|          35|          35|
    |add_ln703_1273_fu_270362_p2  |     +    |      0|  0|   16|          35|          35|
    |add_ln703_1274_fu_270367_p2  |     +    |      0|  0|   16|          35|          35|
    |add_ln703_1276_fu_270379_p2  |     +    |      0|  0|   16|          35|          35|
    |add_ln703_1277_fu_269145_p2  |     +    |      0|  0|   35|          35|          35|
    |add_ln703_1278_fu_270384_p2  |     +    |      0|  0|   16|          35|          35|
    |add_ln703_1279_fu_269151_p2  |     +    |      0|  0|   34|          34|          34|
    |add_ln703_1280_fu_269157_p2  |     +    |      0|  0|   33|          33|          33|
    |add_ln703_1281_fu_270395_p2  |     +    |      0|  0|   35|          35|          35|
    |add_ln703_1282_fu_270401_p2  |     +    |      0|  0|   16|          35|          35|
    |add_ln703_1283_fu_269163_p2  |     +    |      0|  0|   34|          34|          34|
    |add_ln703_1284_fu_269169_p2  |     +    |      0|  0|   35|          35|          35|
    |add_ln703_1285_fu_270410_p2  |     +    |      0|  0|   16|          35|          35|
    |add_ln703_1286_fu_270415_p2  |     +    |      0|  0|   16|          35|          35|
    |add_ln703_1287_fu_270421_p2  |     +    |      0|  0|   34|          16|          34|
    |add_ln703_1288_fu_270431_p2  |     +    |      0|  0|   35|          35|          35|
    |add_ln703_1289_fu_270437_p2  |     +    |      0|  0|   16|          35|          35|
    |add_ln703_1290_fu_270443_p2  |     +    |      0|  0|   16|          35|          35|
    |add_ln703_1292_fu_269175_p2  |     +    |      0|  0|   33|          33|          33|
    |add_ln703_1293_fu_269181_p2  |     +    |      0|  0|   34|          34|          34|
    |add_ln703_1294_fu_270461_p2  |     +    |      0|  0|   35|          35|          35|
    |add_ln703_1295_fu_269187_p2  |     +    |      0|  0|   34|          34|          34|
    |add_ln703_1296_fu_269193_p2  |     +    |      0|  0|   34|          34|          34|
    |add_ln703_1297_fu_270473_p2  |     +    |      0|  0|   35|          35|          35|
    |add_ln703_1298_fu_270479_p2  |     +    |      0|  0|   16|          35|          35|
    |add_ln703_1299_fu_269199_p2  |     +    |      0|  0|   33|          33|          33|
    |add_ln703_1300_fu_269205_p2  |     +    |      0|  0|   34|          34|          34|
    |add_ln703_1301_fu_270491_p2  |     +    |      0|  0|   16|          35|          35|
    |add_ln703_1302_fu_270497_p2  |     +    |      0|  0|   16|          35|          35|
    |add_ln703_1303_fu_270503_p2  |     +    |      0|  0|   32|          17|          32|
    |add_ln703_1304_fu_270513_p2  |     +    |      0|  0|   35|          35|          35|
    |add_ln703_1305_fu_270518_p2  |     +    |      0|  0|   16|          35|          35|
    |add_ln703_1306_fu_270524_p2  |     +    |      0|  0|   16|          35|          35|
    |add_ln703_1308_fu_269211_p2  |     +    |      0|  0|   34|          34|          34|
    |add_ln703_1309_fu_269217_p2  |     +    |      0|  0|   34|          34|          34|
    |add_ln703_1310_fu_270542_p2  |     +    |      0|  0|   35|          35|          35|
    |add_ln703_1311_fu_269223_p2  |     +    |      0|  0|   33|          33|          33|
    |add_ln703_1312_fu_269229_p2  |     +    |      0|  0|   34|          34|          34|
    |add_ln703_1313_fu_270554_p2  |     +    |      0|  0|   35|          35|          35|
    |add_ln703_1314_fu_270560_p2  |     +    |      0|  0|   16|          35|          35|
    |add_ln703_1315_fu_269235_p2  |     +    |      0|  0|   33|          33|          33|
    |add_ln703_1316_fu_269241_p2  |     +    |      0|  0|   34|          34|          34|
    |add_ln703_1317_fu_270572_p2  |     +    |      0|  0|   16|          35|          35|
    |add_ln703_1318_fu_269247_p2  |     +    |      0|  0|   33|          33|          33|
    |add_ln703_1319_fu_270581_p2  |     +    |      0|  0|   35|          19|          35|
    |add_ln703_1320_fu_270587_p2  |     +    |      0|  0|   16|          35|          35|
    |add_ln703_1321_fu_270593_p2  |     +    |      0|  0|   16|          35|          35|
    |add_ln703_1322_fu_270599_p2  |     +    |      0|  0|   16|          35|          35|
    |add_ln703_1324_fu_270611_p2  |     +    |      0|  0|   16|          35|          35|
    |add_ln703_1325_fu_269253_p2  |     +    |      0|  0|   35|          35|          35|
    |add_ln703_1326_fu_270617_p2  |     +    |      0|  0|   16|          35|          35|
    |add_ln703_1327_fu_269259_p2  |     +    |      0|  0|   32|          32|          32|
    |add_ln703_1328_fu_270625_p2  |     +    |      0|  0|   16|          34|          34|
    |add_ln703_1329_fu_270631_p2  |     +    |      0|  0|   16|          34|          34|
    |add_ln703_1330_fu_270641_p2  |     +    |      0|  0|   16|          35|          35|
    |add_ln703_1331_fu_269265_p2  |     +    |      0|  0|   33|          33|          33|
    |add_ln703_1332_fu_269271_p2  |     +    |      0|  0|   33|          33|          33|
    |add_ln703_1333_fu_270653_p2  |     +    |      0|  0|   34|          34|          34|
    |add_ln703_1334_fu_269277_p2  |     +    |      0|  0|   34|          34|          34|
    |add_ln703_1335_fu_269283_p2  |     +    |      0|  0|   16|          18|          35|
    |add_ln703_1336_fu_269289_p2  |     +    |      0|  0|   16|          35|          35|
    |add_ln703_1337_fu_270666_p2  |     +    |      0|  0|   16|          35|          35|
    |add_ln703_1338_fu_270671_p2  |     +    |      0|  0|   16|          35|          35|
    |add_ln703_1340_fu_270683_p2  |     +    |      0|  0|   16|          35|          35|
    |add_ln703_1341_fu_269295_p2  |     +    |      0|  0|   35|          35|          35|
    |add_ln703_1342_fu_270689_p2  |     +    |      0|  0|   16|          35|          35|
    |add_ln703_1343_fu_269301_p2  |     +    |      0|  0|   33|          33|          33|
    |add_ln703_1344_fu_269307_p2  |     +    |      0|  0|   34|          34|          34|
    |add_ln703_1345_fu_270700_p2  |     +    |      0|  0|   35|          35|          35|
    |add_ln703_1346_fu_270706_p2  |     +    |      0|  0|   16|          35|          35|
    |add_ln703_1347_fu_269313_p2  |     +    |      0|  0|   33|          33|          33|
    |add_ln703_1348_fu_269319_p2  |     +    |      0|  0|   34|          34|          34|
    |add_ln703_1349_fu_270718_p2  |     +    |      0|  0|   16|          35|          35|
    |add_ln703_1350_fu_269325_p2  |     +    |      0|  0|   34|          34|          34|
    |add_ln703_1351_fu_270727_p2  |     +    |      0|  0|   32|          18|          32|
    |add_ln703_1352_fu_270737_p2  |     +    |      0|  0|   16|          35|          35|
    |add_ln703_1353_fu_270743_p2  |     +    |      0|  0|   16|          35|          35|
    |add_ln703_1354_fu_270749_p2  |     +    |      0|  0|   16|          35|          35|
    |add_ln703_1356_fu_269331_p2  |     +    |      0|  0|   33|          33|          33|
    |add_ln703_1357_fu_270764_p2  |     +    |      0|  0|   16|          35|          35|
    |add_ln703_1358_fu_270770_p2  |     +    |      0|  0|   16|          35|          35|
    |add_ln703_1359_fu_270776_p2  |     +    |      0|  0|   16|          35|          35|
    |add_ln703_1360_fu_269337_p2  |     +    |      0|  0|   34|          34|          34|
    |add_ln703_1361_fu_270785_p2  |     +    |      0|  0|   16|          35|          35|
    |add_ln703_1362_fu_270791_p2  |     +    |      0|  0|   16|          35|          35|
    |add_ln703_1363_fu_269343_p2  |     +    |      0|  0|   34|          34|          34|
    |add_ln703_1364_fu_269349_p2  |     +    |      0|  0|   35|          35|          35|
    |add_ln703_1365_fu_270800_p2  |     +    |      0|  0|   16|          35|          35|
    |add_ln703_1366_fu_269355_p2  |     +    |      0|  0|   33|          33|          33|
    |add_ln703_1367_fu_270808_p2  |     +    |      0|  0|   32|          20|          32|
    |add_ln703_1368_fu_270818_p2  |     +    |      0|  0|   16|          35|          35|
    |add_ln703_1369_fu_270823_p2  |     +    |      0|  0|   16|          35|          35|
    |add_ln703_1370_fu_270829_p2  |     +    |      0|  0|   16|          35|          35|
    |add_ln703_fu_269580_p2       |     +    |      0|  0|   16|          35|          35|
    +-----------------------------+----------+-------+---+-----+------------+------------+
    |Total                        |          |    512|  0|11982|       13126|       17782|
    +-----------------------------+----------+-------+---+-----+------------+------------+

    * Multiplexer: 
    +--------------+----+-----------+-----+-----------+
    |     Name     | LUT| Input Size| Bits| Total Bits|
    +--------------+----+-----------+-----+-----------+
    |ap_return_0   |   9|          2|   35|         70|
    |ap_return_1   |   9|          2|   35|         70|
    |ap_return_10  |   9|          2|   35|         70|
    |ap_return_11  |   9|          2|   35|         70|
    |ap_return_12  |   9|          2|   35|         70|
    |ap_return_13  |   9|          2|   35|         70|
    |ap_return_14  |   9|          2|   35|         70|
    |ap_return_15  |   9|          2|   35|         70|
    |ap_return_2   |   9|          2|   35|         70|
    |ap_return_3   |   9|          2|   35|         70|
    |ap_return_4   |   9|          2|   35|         70|
    |ap_return_5   |   9|          2|   35|         70|
    |ap_return_6   |   9|          2|   35|         70|
    |ap_return_7   |   9|          2|   35|         70|
    |ap_return_8   |   9|          2|   35|         70|
    |ap_return_9   |   9|          2|   35|         70|
    +--------------+----+-----------+-----+-----------+
    |Total         | 144|         32|  560|       1120|
    +--------------+----+-----------+-----+-----------+

    * Register: 
    +----------------------------+----+----+-----+-----------+
    |            Name            | FF | LUT| Bits| Const Bits|
    +----------------------------+----+----+-----+-----------+
    |add_ln703_1117_reg_271357   |  35|   0|   35|          0|
    |add_ln703_1120_reg_271362   |  34|   0|   34|          0|
    |add_ln703_1123_reg_271367   |  32|   0|   32|          0|
    |add_ln703_1124_reg_271372   |  35|   0|   35|          0|
    |add_ln703_1126_reg_271377   |  33|   0|   33|          0|
    |add_ln703_1133_reg_271382   |  32|   0|   32|          0|
    |add_ln703_1135_reg_271387   |  34|   0|   34|          0|
    |add_ln703_1136_reg_271392   |  33|   0|   33|          0|
    |add_ln703_1139_reg_271397   |  33|   0|   33|          0|
    |add_ln703_1140_reg_271402   |  34|   0|   34|          0|
    |add_ln703_1142_reg_271407   |  34|   0|   34|          0|
    |add_ln703_1148_reg_271412   |  34|   0|   34|          0|
    |add_ln703_1152_reg_271417   |  34|   0|   34|          0|
    |add_ln703_1156_reg_271422   |  33|   0|   33|          0|
    |add_ln703_1158_reg_271427   |  32|   0|   32|          0|
    |add_ln703_1164_reg_271432   |  34|   0|   34|          0|
    |add_ln703_1168_reg_271437   |  34|   0|   34|          0|
    |add_ln703_1171_reg_271442   |  34|   0|   34|          0|
    |add_ln703_1172_reg_271447   |  33|   0|   33|          0|
    |add_ln703_1174_reg_271452   |  34|   0|   34|          0|
    |add_ln703_1180_reg_271457   |  33|   0|   33|          0|
    |add_ln703_1184_reg_271462   |  34|   0|   34|          0|
    |add_ln703_1187_reg_271467   |  34|   0|   34|          0|
    |add_ln703_1188_reg_271472   |  33|   0|   33|          0|
    |add_ln703_1196_reg_271477   |  33|   0|   33|          0|
    |add_ln703_1200_reg_271482   |  34|   0|   34|          0|
    |add_ln703_1203_reg_271487   |  34|   0|   34|          0|
    |add_ln703_1204_reg_271492   |  33|   0|   33|          0|
    |add_ln703_1206_reg_271497   |  34|   0|   34|          0|
    |add_ln703_1213_reg_271502   |  35|   0|   35|          0|
    |add_ln703_1216_reg_271507   |  33|   0|   33|          0|
    |add_ln703_1219_reg_271512   |  34|   0|   34|          0|
    |add_ln703_1220_reg_271517   |  35|   0|   35|          0|
    |add_ln703_1228_reg_271522   |  34|   0|   34|          0|
    |add_ln703_1231_reg_271527   |  34|   0|   34|          0|
    |add_ln703_1232_reg_271532   |  34|   0|   34|          0|
    |add_ln703_1235_reg_271537   |  34|   0|   34|          0|
    |add_ln703_1236_reg_271542   |  35|   0|   35|          0|
    |add_ln703_1238_reg_271547   |  34|   0|   34|          0|
    |add_ln703_1244_reg_271552   |  34|   0|   34|          0|
    |add_ln703_1247_reg_271557   |  33|   0|   33|          0|
    |add_ln703_1248_reg_271562   |  33|   0|   33|          0|
    |add_ln703_1252_reg_271567   |  33|   0|   33|          0|
    |add_ln703_1254_reg_271572   |  34|   0|   34|          0|
    |add_ln703_1256_reg_271577   |  35|   0|   35|          0|
    |add_ln703_1260_reg_271582   |  34|   0|   34|          0|
    |add_ln703_1264_reg_271587   |  33|   0|   33|          0|
    |add_ln703_1267_reg_271592   |  33|   0|   33|          0|
    |add_ln703_1268_reg_271597   |  33|   0|   33|          0|
    |add_ln703_1270_reg_271602   |  34|   0|   34|          0|
    |add_ln703_1272_reg_271607   |  35|   0|   35|          0|
    |add_ln703_1277_reg_271612   |  35|   0|   35|          0|
    |add_ln703_1279_reg_271617   |  34|   0|   34|          0|
    |add_ln703_1280_reg_271622   |  33|   0|   33|          0|
    |add_ln703_1283_reg_271627   |  34|   0|   34|          0|
    |add_ln703_1284_reg_271632   |  35|   0|   35|          0|
    |add_ln703_1292_reg_271637   |  33|   0|   33|          0|
    |add_ln703_1293_reg_271642   |  34|   0|   34|          0|
    |add_ln703_1295_reg_271647   |  34|   0|   34|          0|
    |add_ln703_1296_reg_271652   |  34|   0|   34|          0|
    |add_ln703_1299_reg_271657   |  33|   0|   33|          0|
    |add_ln703_1300_reg_271662   |  34|   0|   34|          0|
    |add_ln703_1308_reg_271667   |  34|   0|   34|          0|
    |add_ln703_1309_reg_271672   |  34|   0|   34|          0|
    |add_ln703_1311_reg_271677   |  33|   0|   33|          0|
    |add_ln703_1312_reg_271682   |  34|   0|   34|          0|
    |add_ln703_1315_reg_271687   |  33|   0|   33|          0|
    |add_ln703_1316_reg_271692   |  34|   0|   34|          0|
    |add_ln703_1318_reg_271697   |  33|   0|   33|          0|
    |add_ln703_1325_reg_271702   |  35|   0|   35|          0|
    |add_ln703_1327_reg_271707   |  32|   0|   32|          0|
    |add_ln703_1331_reg_271712   |  33|   0|   33|          0|
    |add_ln703_1332_reg_271717   |  33|   0|   33|          0|
    |add_ln703_1334_reg_271722   |  34|   0|   34|          0|
    |add_ln703_1336_reg_271727   |  35|   0|   35|          0|
    |add_ln703_1341_reg_271732   |  35|   0|   35|          0|
    |add_ln703_1343_reg_271737   |  33|   0|   33|          0|
    |add_ln703_1344_reg_271742   |  34|   0|   34|          0|
    |add_ln703_1347_reg_271747   |  33|   0|   33|          0|
    |add_ln703_1348_reg_271752   |  34|   0|   34|          0|
    |add_ln703_1350_reg_271757   |  34|   0|   34|          0|
    |add_ln703_1356_reg_271762   |  33|   0|   33|          0|
    |add_ln703_1360_reg_271767   |  34|   0|   34|          0|
    |add_ln703_1363_reg_271772   |  34|   0|   34|          0|
    |add_ln703_1364_reg_271777   |  35|   0|   35|          0|
    |add_ln703_1366_reg_271782   |  33|   0|   33|          0|
    |ap_ce_reg                   |   1|   0|    1|          0|
    |ap_return_0_int_reg         |  35|   0|   35|          0|
    |ap_return_10_int_reg        |  35|   0|   35|          0|
    |ap_return_11_int_reg        |  35|   0|   35|          0|
    |ap_return_12_int_reg        |  35|   0|   35|          0|
    |ap_return_13_int_reg        |  35|   0|   35|          0|
    |ap_return_14_int_reg        |  35|   0|   35|          0|
    |ap_return_15_int_reg        |  35|   0|   35|          0|
    |ap_return_1_int_reg         |  35|   0|   35|          0|
    |ap_return_2_int_reg         |  35|   0|   35|          0|
    |ap_return_3_int_reg         |  35|   0|   35|          0|
    |ap_return_4_int_reg         |  35|   0|   35|          0|
    |ap_return_5_int_reg         |  35|   0|   35|          0|
    |ap_return_6_int_reg         |  35|   0|   35|          0|
    |ap_return_7_int_reg         |  35|   0|   35|          0|
    |ap_return_8_int_reg         |  35|   0|   35|          0|
    |ap_return_9_int_reg         |  35|   0|   35|          0|
    |mult_10_V_reg_270952        |  35|   0|   35|          0|
    |mult_41_V_reg_271027        |  35|   0|   35|          0|
    |mult_56_V_reg_271062        |  35|   0|   35|          0|
    |mult_57_V_reg_271067        |  35|   0|   35|          0|
    |tmp_1007_reg_271177         |  33|   0|   33|          0|
    |tmp_1013_reg_271182         |  33|   0|   33|          0|
    |tmp_1067_reg_271297         |  32|   0|   32|          0|
    |tmp_1068_reg_271302         |  33|   0|   33|          0|
    |tmp_1069_reg_271307         |  32|   0|   32|          0|
    |tmp_1070_reg_271312         |  32|   0|   32|          0|
    |tmp_1071_reg_271322         |  33|   0|   33|          0|
    |tmp_1072_reg_271332         |  33|   0|   33|          0|
    |tmp_1073_reg_271337         |  31|   0|   31|          0|
    |tmp_1074_reg_271347         |  31|   0|   31|          0|
    |tmp_1075_reg_271352         |  31|   0|   31|          0|
    |tmp_940_reg_271102          |  30|   0|   30|          0|
    |tmp_949_reg_271142          |  33|   0|   33|          0|
    |tmp_970_reg_271157          |  33|   0|   33|          0|
    |tmp_986_reg_271162          |  32|   0|   32|          0|
    |tmp_991_reg_271167          |  31|   0|   31|          0|
    |tmp_997_reg_271172          |  31|   0|   31|          0|
    |trunc_ln708_175_reg_271232  |  35|   0|   35|          0|
    |trunc_ln708_176_reg_271237  |  35|   0|   35|          0|
    |trunc_ln708_178_reg_271247  |  35|   0|   35|          0|
    |trunc_ln708_179_reg_271252  |  35|   0|   35|          0|
    |trunc_ln708_185_reg_271272  |  35|   0|   35|          0|
    |trunc_ln708_189_reg_271287  |  35|   0|   35|          0|
    |trunc_ln708_190_reg_271292  |  35|   0|   35|          0|
    |trunc_ln708_636_reg_270947  |  33|   0|   33|          0|
    |trunc_ln708_637_reg_270957  |  34|   0|   34|          0|
    |trunc_ln708_638_reg_270962  |  34|   0|   34|          0|
    |trunc_ln708_639_reg_270967  |  34|   0|   34|          0|
    |trunc_ln708_640_reg_270972  |  31|   0|   31|          0|
    |trunc_ln708_641_reg_270977  |  34|   0|   34|          0|
    |trunc_ln708_642_reg_270982  |  32|   0|   32|          0|
    |trunc_ln708_643_reg_270987  |  33|   0|   33|          0|
    |trunc_ln708_644_reg_270992  |  34|   0|   34|          0|
    |trunc_ln708_645_reg_270997  |  34|   0|   34|          0|
    |trunc_ln708_646_reg_271002  |  32|   0|   32|          0|
    |trunc_ln708_647_reg_271007  |  29|   0|   29|          0|
    |trunc_ln708_648_reg_271012  |  34|   0|   34|          0|
    |trunc_ln708_650_reg_271017  |  34|   0|   34|          0|
    |trunc_ln708_651_reg_271022  |  32|   0|   32|          0|
    |trunc_ln708_655_reg_271032  |  33|   0|   33|          0|
    |trunc_ln708_657_reg_271037  |  33|   0|   33|          0|
    |trunc_ln708_658_reg_271042  |  34|   0|   34|          0|
    |trunc_ln708_659_reg_271047  |  34|   0|   34|          0|
    |trunc_ln708_660_reg_271052  |  33|   0|   33|          0|
    |trunc_ln708_661_reg_271057  |  33|   0|   33|          0|
    |trunc_ln708_664_reg_271072  |  34|   0|   34|          0|
    |trunc_ln708_665_reg_271077  |  34|   0|   34|          0|
    |trunc_ln708_666_reg_271082  |  34|   0|   34|          0|
    |trunc_ln708_667_reg_271087  |  31|   0|   31|          0|
    |trunc_ln708_668_reg_271092  |  34|   0|   34|          0|
    |trunc_ln708_669_reg_271097  |  34|   0|   34|          0|
    |trunc_ln708_670_reg_271107  |  34|   0|   34|          0|
    |trunc_ln708_671_reg_271112  |  34|   0|   34|          0|
    |trunc_ln708_672_reg_271117  |  32|   0|   32|          0|
    |trunc_ln708_673_reg_271122  |  32|   0|   32|          0|
    |trunc_ln708_674_reg_271127  |  34|   0|   34|          0|
    |trunc_ln708_675_reg_271132  |  32|   0|   32|          0|
    |trunc_ln708_676_reg_271137  |  34|   0|   34|          0|
    |trunc_ln708_677_reg_271147  |  28|   0|   28|          0|
    |trunc_ln708_678_reg_271152  |  33|   0|   33|          0|
    |trunc_ln708_689_reg_271187  |  31|   0|   31|          0|
    |trunc_ln708_690_reg_271192  |  34|   0|   34|          0|
    |trunc_ln708_691_reg_271197  |  34|   0|   34|          0|
    |trunc_ln708_692_reg_271202  |  34|   0|   34|          0|
    |trunc_ln708_693_reg_271207  |  34|   0|   34|          0|
    |trunc_ln708_694_reg_271212  |  33|   0|   33|          0|
    |trunc_ln708_695_reg_271217  |  31|   0|   31|          0|
    |trunc_ln708_696_reg_271222  |  33|   0|   33|          0|
    |trunc_ln708_697_reg_271227  |  34|   0|   34|          0|
    |trunc_ln708_698_reg_271242  |  34|   0|   34|          0|
    |trunc_ln708_699_reg_271257  |  33|   0|   33|          0|
    |trunc_ln708_700_reg_271262  |  34|   0|   34|          0|
    |trunc_ln708_703_reg_271267  |  33|   0|   33|          0|
    |trunc_ln708_704_reg_271277  |  34|   0|   34|          0|
    |trunc_ln708_706_reg_271282  |  34|   0|   34|          0|
    |trunc_ln708_707_reg_271317  |  34|   0|   34|          0|
    |trunc_ln708_708_reg_271327  |  34|   0|   34|          0|
    |trunc_ln708_711_reg_271342  |  34|   0|   34|          0|
    |trunc_ln708_s_reg_270942    |  34|   0|   34|          0|
    |trunc_ln_reg_270937         |  32|   0|   32|          0|
    +----------------------------+----+----+-----+-----------+
    |Total                       |6247|   0| 6247|          0|
    +----------------------------+----+----+-----+-----------+



================================================================
== Interface
================================================================
* Summary: 
+--------------+-----+-----+------------+---------------------------------------------------+--------------+
|   RTL Ports  | Dir | Bits|  Protocol  |                   Source Object                   |    C Type    |
+--------------+-----+-----+------------+---------------------------------------------------+--------------+
|ap_clk        |  in |    1| ap_ctrl_hs | dense_latency.0.0.0.0.0.0.0.0.0.0.0.0.0.0.0.0.0.1 | return value |
|ap_rst        |  in |    1| ap_ctrl_hs | dense_latency.0.0.0.0.0.0.0.0.0.0.0.0.0.0.0.0.0.1 | return value |
|ap_return_0   | out |   35| ap_ctrl_hs | dense_latency.0.0.0.0.0.0.0.0.0.0.0.0.0.0.0.0.0.1 | return value |
|ap_return_1   | out |   35| ap_ctrl_hs | dense_latency.0.0.0.0.0.0.0.0.0.0.0.0.0.0.0.0.0.1 | return value |
|ap_return_2   | out |   35| ap_ctrl_hs | dense_latency.0.0.0.0.0.0.0.0.0.0.0.0.0.0.0.0.0.1 | return value |
|ap_return_3   | out |   35| ap_ctrl_hs | dense_latency.0.0.0.0.0.0.0.0.0.0.0.0.0.0.0.0.0.1 | return value |
|ap_return_4   | out |   35| ap_ctrl_hs | dense_latency.0.0.0.0.0.0.0.0.0.0.0.0.0.0.0.0.0.1 | return value |
|ap_return_5   | out |   35| ap_ctrl_hs | dense_latency.0.0.0.0.0.0.0.0.0.0.0.0.0.0.0.0.0.1 | return value |
|ap_return_6   | out |   35| ap_ctrl_hs | dense_latency.0.0.0.0.0.0.0.0.0.0.0.0.0.0.0.0.0.1 | return value |
|ap_return_7   | out |   35| ap_ctrl_hs | dense_latency.0.0.0.0.0.0.0.0.0.0.0.0.0.0.0.0.0.1 | return value |
|ap_return_8   | out |   35| ap_ctrl_hs | dense_latency.0.0.0.0.0.0.0.0.0.0.0.0.0.0.0.0.0.1 | return value |
|ap_return_9   | out |   35| ap_ctrl_hs | dense_latency.0.0.0.0.0.0.0.0.0.0.0.0.0.0.0.0.0.1 | return value |
|ap_return_10  | out |   35| ap_ctrl_hs | dense_latency.0.0.0.0.0.0.0.0.0.0.0.0.0.0.0.0.0.1 | return value |
|ap_return_11  | out |   35| ap_ctrl_hs | dense_latency.0.0.0.0.0.0.0.0.0.0.0.0.0.0.0.0.0.1 | return value |
|ap_return_12  | out |   35| ap_ctrl_hs | dense_latency.0.0.0.0.0.0.0.0.0.0.0.0.0.0.0.0.0.1 | return value |
|ap_return_13  | out |   35| ap_ctrl_hs | dense_latency.0.0.0.0.0.0.0.0.0.0.0.0.0.0.0.0.0.1 | return value |
|ap_return_14  | out |   35| ap_ctrl_hs | dense_latency.0.0.0.0.0.0.0.0.0.0.0.0.0.0.0.0.0.1 | return value |
|ap_return_15  | out |   35| ap_ctrl_hs | dense_latency.0.0.0.0.0.0.0.0.0.0.0.0.0.0.0.0.0.1 | return value |
|ap_ce         |  in |    1| ap_ctrl_hs | dense_latency.0.0.0.0.0.0.0.0.0.0.0.0.0.0.0.0.0.1 | return value |
|data_V_read   |  in |  560|   ap_none  |                    data_V_read                    |    scalar    |
+--------------+-----+-----+------------+---------------------------------------------------+--------------+

