

================================================================
== Vivado HLS Report for 'relu_ap_fixed_ap_fixed_35_15_5_3_0_sigmoid_config1_s'
================================================================
* Date:           Mon May  2 07:16:43 2022

* Version:        2019.2 (Build 2704478 on Wed Nov 06 22:10:23 MST 2019)
* Project:        myproject_prj
* Solution:       solution1
* Product family: virtexuplus
* Target device:  xcu250-figd2104-2L-e


================================================================
== Performance Estimates
================================================================
+ Timing: 
    * Summary: 
    +--------+---------+----------+------------+
    |  Clock |  Target | Estimated| Uncertainty|
    +--------+---------+----------+------------+
    |ap_clk  | 5.00 ns | 1.618 ns |   0.62 ns  |
    +--------+---------+----------+------------+

+ Latency: 
    * Summary: 
    +---------+---------+----------+----------+-----+-----+----------+
    |  Latency (cycles) |  Latency (absolute) |  Interval | Pipeline |
    |   min   |   max   |    min   |    max   | min | max |   Type   |
    +---------+---------+----------+----------+-----+-----+----------+
    |        0|        0|   0 ns   |   0 ns   |    1|    1| function |
    +---------+---------+----------+----------+-----+-----+----------+

    + Detail: 
        * Instance: 
        N/A

        * Loop: 
        N/A



================================================================
== Utilization Estimates
================================================================
* Summary: 
+---------------------+---------+-------+---------+---------+------+
|         Name        | BRAM_18K| DSP48E|    FF   |   LUT   | URAM |
+---------------------+---------+-------+---------+---------+------+
|DSP                  |        -|      -|        -|        -|     -|
|Expression           |        -|      -|        0|     5120|     -|
|FIFO                 |        -|      -|        -|        -|     -|
|Instance             |        -|      -|        -|        -|     -|
|Memory               |        -|      -|        -|        -|     -|
|Multiplexer          |        -|      -|        -|        -|     -|
|Register             |        -|      -|        -|        -|     -|
+---------------------+---------+-------+---------+---------+------+
|Total                |        0|      0|        0|     5120|     0|
+---------------------+---------+-------+---------+---------+------+
|Available SLR        |     1344|   3072|   864000|   432000|   320|
+---------------------+---------+-------+---------+---------+------+
|Utilization SLR (%)  |        0|      0|        0|        1|     0|
+---------------------+---------+-------+---------+---------+------+
|Available            |     5376|  12288|  3456000|  1728000|  1280|
+---------------------+---------+-------+---------+---------+------+
|Utilization (%)      |        0|      0|        0|    ~0   |     0|
+---------------------+---------+-------+---------+---------+------+

+ Detail: 
    * Instance: 
    N/A

    * DSP48E: 
    N/A

    * Memory: 
    N/A

    * FIFO: 
    N/A

    * Expression: 
    +----------------------------+----------+-------+---+----+------------+------------+
    |        Variable Name       | Operation| DSP48E| FF| LUT| Bitwidth P0| Bitwidth P1|
    +----------------------------+----------+-------+---+----+------------+------------+
    |icmp_ln1494_10_fu_1378_p2   |   icmp   |      0|  0|  21|          35|           1|
    |icmp_ln1494_11_fu_1408_p2   |   icmp   |      0|  0|  21|          35|           1|
    |icmp_ln1494_12_fu_1438_p2   |   icmp   |      0|  0|  21|          35|           1|
    |icmp_ln1494_13_fu_1468_p2   |   icmp   |      0|  0|  21|          35|           1|
    |icmp_ln1494_14_fu_1498_p2   |   icmp   |      0|  0|  21|          35|           1|
    |icmp_ln1494_15_fu_1528_p2   |   icmp   |      0|  0|  21|          35|           1|
    |icmp_ln1494_16_fu_1558_p2   |   icmp   |      0|  0|  21|          35|           1|
    |icmp_ln1494_17_fu_1588_p2   |   icmp   |      0|  0|  21|          35|           1|
    |icmp_ln1494_18_fu_1618_p2   |   icmp   |      0|  0|  21|          35|           1|
    |icmp_ln1494_19_fu_1648_p2   |   icmp   |      0|  0|  21|          35|           1|
    |icmp_ln1494_1_fu_1108_p2    |   icmp   |      0|  0|  21|          35|           1|
    |icmp_ln1494_20_fu_1678_p2   |   icmp   |      0|  0|  21|          35|           1|
    |icmp_ln1494_21_fu_1708_p2   |   icmp   |      0|  0|  21|          35|           1|
    |icmp_ln1494_22_fu_1738_p2   |   icmp   |      0|  0|  21|          35|           1|
    |icmp_ln1494_23_fu_1768_p2   |   icmp   |      0|  0|  21|          35|           1|
    |icmp_ln1494_24_fu_1798_p2   |   icmp   |      0|  0|  21|          35|           1|
    |icmp_ln1494_25_fu_1828_p2   |   icmp   |      0|  0|  21|          35|           1|
    |icmp_ln1494_26_fu_1858_p2   |   icmp   |      0|  0|  21|          35|           1|
    |icmp_ln1494_27_fu_1888_p2   |   icmp   |      0|  0|  21|          35|           1|
    |icmp_ln1494_28_fu_1918_p2   |   icmp   |      0|  0|  21|          35|           1|
    |icmp_ln1494_29_fu_1948_p2   |   icmp   |      0|  0|  21|          35|           1|
    |icmp_ln1494_2_fu_1138_p2    |   icmp   |      0|  0|  21|          35|           1|
    |icmp_ln1494_30_fu_1978_p2   |   icmp   |      0|  0|  21|          35|           1|
    |icmp_ln1494_31_fu_2008_p2   |   icmp   |      0|  0|  21|          35|           1|
    |icmp_ln1494_3_fu_1168_p2    |   icmp   |      0|  0|  21|          35|           1|
    |icmp_ln1494_4_fu_1198_p2    |   icmp   |      0|  0|  21|          35|           1|
    |icmp_ln1494_5_fu_1228_p2    |   icmp   |      0|  0|  21|          35|           1|
    |icmp_ln1494_6_fu_1258_p2    |   icmp   |      0|  0|  21|          35|           1|
    |icmp_ln1494_7_fu_1288_p2    |   icmp   |      0|  0|  21|          35|           1|
    |icmp_ln1494_8_fu_1318_p2    |   icmp   |      0|  0|  21|          35|           1|
    |icmp_ln1494_9_fu_1348_p2    |   icmp   |      0|  0|  21|          35|           1|
    |icmp_ln1494_fu_1078_p2      |   icmp   |      0|  0|  21|          35|           1|
    |select_ln203_18_fu_1096_p3  |  select  |      0|  0|  35|           1|          35|
    |select_ln203_19_fu_1126_p3  |  select  |      0|  0|  35|           1|          35|
    |select_ln203_20_fu_1156_p3  |  select  |      0|  0|  35|           1|          35|
    |select_ln203_21_fu_1186_p3  |  select  |      0|  0|  35|           1|          35|
    |select_ln203_22_fu_1216_p3  |  select  |      0|  0|  35|           1|          35|
    |select_ln203_23_fu_1246_p3  |  select  |      0|  0|  35|           1|          35|
    |select_ln203_24_fu_1276_p3  |  select  |      0|  0|  35|           1|          35|
    |select_ln203_25_fu_1306_p3  |  select  |      0|  0|  35|           1|          35|
    |select_ln203_26_fu_1336_p3  |  select  |      0|  0|  35|           1|          35|
    |select_ln203_27_fu_1366_p3  |  select  |      0|  0|  35|           1|          35|
    |select_ln203_28_fu_1396_p3  |  select  |      0|  0|  35|           1|          35|
    |select_ln203_29_fu_1426_p3  |  select  |      0|  0|  35|           1|          35|
    |select_ln203_30_fu_1456_p3  |  select  |      0|  0|  35|           1|          35|
    |select_ln203_31_fu_1486_p3  |  select  |      0|  0|  35|           1|          35|
    |select_ln203_32_fu_1516_p3  |  select  |      0|  0|  35|           1|          35|
    |select_ln203_33_fu_1546_p3  |  select  |      0|  0|  35|           1|          35|
    |select_ln203_34_fu_1576_p3  |  select  |      0|  0|  35|           1|          35|
    |select_ln203_35_fu_1606_p3  |  select  |      0|  0|  35|           1|          35|
    |select_ln203_36_fu_1636_p3  |  select  |      0|  0|  35|           1|          35|
    |select_ln203_37_fu_1666_p3  |  select  |      0|  0|  35|           1|          35|
    |select_ln203_38_fu_1696_p3  |  select  |      0|  0|  35|           1|          35|
    |select_ln203_39_fu_1726_p3  |  select  |      0|  0|  35|           1|          35|
    |select_ln203_40_fu_1756_p3  |  select  |      0|  0|  35|           1|          35|
    |select_ln203_41_fu_1786_p3  |  select  |      0|  0|  35|           1|          35|
    |select_ln203_42_fu_1816_p3  |  select  |      0|  0|  35|           1|          35|
    |select_ln203_43_fu_1846_p3  |  select  |      0|  0|  35|           1|          35|
    |select_ln203_44_fu_1876_p3  |  select  |      0|  0|  35|           1|          35|
    |select_ln203_45_fu_1906_p3  |  select  |      0|  0|  35|           1|          35|
    |select_ln203_46_fu_1936_p3  |  select  |      0|  0|  35|           1|          35|
    |select_ln203_47_fu_1966_p3  |  select  |      0|  0|  35|           1|          35|
    |select_ln203_48_fu_1996_p3  |  select  |      0|  0|  35|           1|          35|
    |select_ln203_49_fu_2026_p3  |  select  |      0|  0|  35|           1|          35|
    |select_ln203_50_fu_2034_p3  |  select  |      0|  0|  35|           1|          35|
    |select_ln203_fu_1066_p3     |  select  |      0|  0|  35|           1|          35|
    |select_ln85_10_fu_1384_p3   |  select  |      0|  0|  34|           1|          34|
    |select_ln85_11_fu_1414_p3   |  select  |      0|  0|  34|           1|          34|
    |select_ln85_12_fu_1444_p3   |  select  |      0|  0|  34|           1|          34|
    |select_ln85_13_fu_1474_p3   |  select  |      0|  0|  34|           1|          34|
    |select_ln85_14_fu_1504_p3   |  select  |      0|  0|  34|           1|          34|
    |select_ln85_15_fu_1534_p3   |  select  |      0|  0|  34|           1|          34|
    |select_ln85_16_fu_1564_p3   |  select  |      0|  0|  34|           1|          34|
    |select_ln85_17_fu_1594_p3   |  select  |      0|  0|  34|           1|          34|
    |select_ln85_18_fu_1624_p3   |  select  |      0|  0|  34|           1|          34|
    |select_ln85_19_fu_1654_p3   |  select  |      0|  0|  34|           1|          34|
    |select_ln85_1_fu_1114_p3    |  select  |      0|  0|  34|           1|          34|
    |select_ln85_20_fu_1684_p3   |  select  |      0|  0|  34|           1|          34|
    |select_ln85_21_fu_1714_p3   |  select  |      0|  0|  34|           1|          34|
    |select_ln85_22_fu_1744_p3   |  select  |      0|  0|  34|           1|          34|
    |select_ln85_23_fu_1774_p3   |  select  |      0|  0|  34|           1|          34|
    |select_ln85_24_fu_1804_p3   |  select  |      0|  0|  34|           1|          34|
    |select_ln85_25_fu_1834_p3   |  select  |      0|  0|  34|           1|          34|
    |select_ln85_26_fu_1864_p3   |  select  |      0|  0|  34|           1|          34|
    |select_ln85_27_fu_1894_p3   |  select  |      0|  0|  34|           1|          34|
    |select_ln85_28_fu_1924_p3   |  select  |      0|  0|  34|           1|          34|
    |select_ln85_29_fu_1954_p3   |  select  |      0|  0|  34|           1|          34|
    |select_ln85_2_fu_1144_p3    |  select  |      0|  0|  34|           1|          34|
    |select_ln85_30_fu_1984_p3   |  select  |      0|  0|  34|           1|          34|
    |select_ln85_31_fu_2014_p3   |  select  |      0|  0|  34|           1|          34|
    |select_ln85_3_fu_1174_p3    |  select  |      0|  0|  34|           1|          34|
    |select_ln85_4_fu_1204_p3    |  select  |      0|  0|  34|           1|          34|
    |select_ln85_5_fu_1234_p3    |  select  |      0|  0|  34|           1|          34|
    |select_ln85_6_fu_1264_p3    |  select  |      0|  0|  34|           1|          34|
    |select_ln85_7_fu_1294_p3    |  select  |      0|  0|  34|           1|          34|
    |select_ln85_8_fu_1324_p3    |  select  |      0|  0|  34|           1|          34|
    |select_ln85_9_fu_1354_p3    |  select  |      0|  0|  34|           1|          34|
    |select_ln85_fu_1084_p3      |  select  |      0|  0|  34|           1|          34|
    |select_ln88_10_fu_2122_p3   |  select  |      0|  0|  35|           1|          35|
    |select_ln88_11_fu_2130_p3   |  select  |      0|  0|  35|           1|          35|
    |select_ln88_12_fu_2138_p3   |  select  |      0|  0|  35|           1|          35|
    |select_ln88_13_fu_2146_p3   |  select  |      0|  0|  35|           1|          35|
    |select_ln88_14_fu_2154_p3   |  select  |      0|  0|  35|           1|          35|
    |select_ln88_15_fu_2162_p3   |  select  |      0|  0|  35|           1|          35|
    |select_ln88_16_fu_2170_p3   |  select  |      0|  0|  35|           1|          35|
    |select_ln88_17_fu_2178_p3   |  select  |      0|  0|  35|           1|          35|
    |select_ln88_18_fu_2186_p3   |  select  |      0|  0|  35|           1|          35|
    |select_ln88_19_fu_2194_p3   |  select  |      0|  0|  35|           1|          35|
    |select_ln88_1_fu_2050_p3    |  select  |      0|  0|  35|           1|          35|
    |select_ln88_20_fu_2202_p3   |  select  |      0|  0|  35|           1|          35|
    |select_ln88_21_fu_2210_p3   |  select  |      0|  0|  35|           1|          35|
    |select_ln88_22_fu_2218_p3   |  select  |      0|  0|  35|           1|          35|
    |select_ln88_23_fu_2226_p3   |  select  |      0|  0|  35|           1|          35|
    |select_ln88_24_fu_2234_p3   |  select  |      0|  0|  35|           1|          35|
    |select_ln88_25_fu_2242_p3   |  select  |      0|  0|  35|           1|          35|
    |select_ln88_26_fu_2250_p3   |  select  |      0|  0|  35|           1|          35|
    |select_ln88_27_fu_2258_p3   |  select  |      0|  0|  35|           1|          35|
    |select_ln88_28_fu_2266_p3   |  select  |      0|  0|  35|           1|          35|
    |select_ln88_29_fu_2274_p3   |  select  |      0|  0|  35|           1|          35|
    |select_ln88_2_fu_2058_p3    |  select  |      0|  0|  35|           1|          35|
    |select_ln88_30_fu_2282_p3   |  select  |      0|  0|  35|           1|          35|
    |select_ln88_31_fu_2290_p3   |  select  |      0|  0|  35|           1|          35|
    |select_ln88_32_fu_2298_p3   |  select  |      0|  0|  35|           1|          35|
    |select_ln88_33_fu_2306_p3   |  select  |      0|  0|  35|           1|          35|
    |select_ln88_34_fu_2314_p3   |  select  |      0|  0|  35|           1|          35|
    |select_ln88_35_fu_2322_p3   |  select  |      0|  0|  35|           1|          35|
    |select_ln88_36_fu_2330_p3   |  select  |      0|  0|  35|           1|          35|
    |select_ln88_37_fu_2338_p3   |  select  |      0|  0|  35|           1|          35|
    |select_ln88_38_fu_2346_p3   |  select  |      0|  0|  35|           1|          35|
    |select_ln88_39_fu_2354_p3   |  select  |      0|  0|  35|           1|          35|
    |select_ln88_3_fu_2066_p3    |  select  |      0|  0|  35|           1|          35|
    |select_ln88_40_fu_2362_p3   |  select  |      0|  0|  35|           1|          35|
    |select_ln88_41_fu_2370_p3   |  select  |      0|  0|  35|           1|          35|
    |select_ln88_42_fu_2378_p3   |  select  |      0|  0|  35|           1|          35|
    |select_ln88_43_fu_2386_p3   |  select  |      0|  0|  35|           1|          35|
    |select_ln88_44_fu_2394_p3   |  select  |      0|  0|  35|           1|          35|
    |select_ln88_45_fu_2402_p3   |  select  |      0|  0|  35|           1|          35|
    |select_ln88_46_fu_2410_p3   |  select  |      0|  0|  35|           1|          35|
    |select_ln88_47_fu_2418_p3   |  select  |      0|  0|  35|           1|          35|
    |select_ln88_48_fu_2426_p3   |  select  |      0|  0|  35|           1|          35|
    |select_ln88_49_fu_2434_p3   |  select  |      0|  0|  35|           1|          35|
    |select_ln88_4_fu_2074_p3    |  select  |      0|  0|  35|           1|          35|
    |select_ln88_50_fu_2442_p3   |  select  |      0|  0|  35|           1|          35|
    |select_ln88_51_fu_2450_p3   |  select  |      0|  0|  35|           1|          35|
    |select_ln88_52_fu_2458_p3   |  select  |      0|  0|  35|           1|          35|
    |select_ln88_53_fu_2466_p3   |  select  |      0|  0|  35|           1|          35|
    |select_ln88_54_fu_2474_p3   |  select  |      0|  0|  35|           1|          35|
    |select_ln88_55_fu_2482_p3   |  select  |      0|  0|  35|           1|          35|
    |select_ln88_56_fu_2490_p3   |  select  |      0|  0|  35|           1|          35|
    |select_ln88_57_fu_2498_p3   |  select  |      0|  0|  35|           1|          35|
    |select_ln88_58_fu_2506_p3   |  select  |      0|  0|  35|           1|          35|
    |select_ln88_59_fu_2514_p3   |  select  |      0|  0|  35|           1|          35|
    |select_ln88_5_fu_2082_p3    |  select  |      0|  0|  35|           1|          35|
    |select_ln88_60_fu_2522_p3   |  select  |      0|  0|  35|           1|          35|
    |select_ln88_61_fu_2530_p3   |  select  |      0|  0|  35|           1|          35|
    |select_ln88_6_fu_2090_p3    |  select  |      0|  0|  35|           1|          35|
    |select_ln88_7_fu_2098_p3    |  select  |      0|  0|  35|           1|          35|
    |select_ln88_8_fu_2106_p3    |  select  |      0|  0|  35|           1|          35|
    |select_ln88_9_fu_2114_p3    |  select  |      0|  0|  35|           1|          35|
    |select_ln88_fu_2042_p3      |  select  |      0|  0|  35|           1|          35|
    +----------------------------+----------+-------+---+----+------------+------------+
    |Total                       |          |      0|  0|5120|        1248|        4480|
    +----------------------------+----------+-------+---+----+------------+------------+

    * Multiplexer: 
    N/A

    * Register: 
    N/A



================================================================
== Interface
================================================================
* Summary: 
+------------------+-----+-----+------------+------------------------------------------------------+--------------+
|     RTL Ports    | Dir | Bits|  Protocol  |                     Source Object                    |    C Type    |
+------------------+-----+-----+------------+------------------------------------------------------+--------------+
|ap_ready          | out |    1| ap_ctrl_hs | relu<ap_fixed,ap_fixed<35,15,5,3,0>,sigmoid_config1> | return value |
|ap_return_0       | out |   35| ap_ctrl_hs | relu<ap_fixed,ap_fixed<35,15,5,3,0>,sigmoid_config1> | return value |
|ap_return_1       | out |   35| ap_ctrl_hs | relu<ap_fixed,ap_fixed<35,15,5,3,0>,sigmoid_config1> | return value |
|ap_return_2       | out |   35| ap_ctrl_hs | relu<ap_fixed,ap_fixed<35,15,5,3,0>,sigmoid_config1> | return value |
|ap_return_3       | out |   35| ap_ctrl_hs | relu<ap_fixed,ap_fixed<35,15,5,3,0>,sigmoid_config1> | return value |
|ap_return_4       | out |   35| ap_ctrl_hs | relu<ap_fixed,ap_fixed<35,15,5,3,0>,sigmoid_config1> | return value |
|ap_return_5       | out |   35| ap_ctrl_hs | relu<ap_fixed,ap_fixed<35,15,5,3,0>,sigmoid_config1> | return value |
|ap_return_6       | out |   35| ap_ctrl_hs | relu<ap_fixed,ap_fixed<35,15,5,3,0>,sigmoid_config1> | return value |
|ap_return_7       | out |   35| ap_ctrl_hs | relu<ap_fixed,ap_fixed<35,15,5,3,0>,sigmoid_config1> | return value |
|ap_return_8       | out |   35| ap_ctrl_hs | relu<ap_fixed,ap_fixed<35,15,5,3,0>,sigmoid_config1> | return value |
|ap_return_9       | out |   35| ap_ctrl_hs | relu<ap_fixed,ap_fixed<35,15,5,3,0>,sigmoid_config1> | return value |
|ap_return_10      | out |   35| ap_ctrl_hs | relu<ap_fixed,ap_fixed<35,15,5,3,0>,sigmoid_config1> | return value |
|ap_return_11      | out |   35| ap_ctrl_hs | relu<ap_fixed,ap_fixed<35,15,5,3,0>,sigmoid_config1> | return value |
|ap_return_12      | out |   35| ap_ctrl_hs | relu<ap_fixed,ap_fixed<35,15,5,3,0>,sigmoid_config1> | return value |
|ap_return_13      | out |   35| ap_ctrl_hs | relu<ap_fixed,ap_fixed<35,15,5,3,0>,sigmoid_config1> | return value |
|ap_return_14      | out |   35| ap_ctrl_hs | relu<ap_fixed,ap_fixed<35,15,5,3,0>,sigmoid_config1> | return value |
|ap_return_15      | out |   35| ap_ctrl_hs | relu<ap_fixed,ap_fixed<35,15,5,3,0>,sigmoid_config1> | return value |
|ap_return_16      | out |   35| ap_ctrl_hs | relu<ap_fixed,ap_fixed<35,15,5,3,0>,sigmoid_config1> | return value |
|ap_return_17      | out |   35| ap_ctrl_hs | relu<ap_fixed,ap_fixed<35,15,5,3,0>,sigmoid_config1> | return value |
|ap_return_18      | out |   35| ap_ctrl_hs | relu<ap_fixed,ap_fixed<35,15,5,3,0>,sigmoid_config1> | return value |
|ap_return_19      | out |   35| ap_ctrl_hs | relu<ap_fixed,ap_fixed<35,15,5,3,0>,sigmoid_config1> | return value |
|ap_return_20      | out |   35| ap_ctrl_hs | relu<ap_fixed,ap_fixed<35,15,5,3,0>,sigmoid_config1> | return value |
|ap_return_21      | out |   35| ap_ctrl_hs | relu<ap_fixed,ap_fixed<35,15,5,3,0>,sigmoid_config1> | return value |
|ap_return_22      | out |   35| ap_ctrl_hs | relu<ap_fixed,ap_fixed<35,15,5,3,0>,sigmoid_config1> | return value |
|ap_return_23      | out |   35| ap_ctrl_hs | relu<ap_fixed,ap_fixed<35,15,5,3,0>,sigmoid_config1> | return value |
|ap_return_24      | out |   35| ap_ctrl_hs | relu<ap_fixed,ap_fixed<35,15,5,3,0>,sigmoid_config1> | return value |
|ap_return_25      | out |   35| ap_ctrl_hs | relu<ap_fixed,ap_fixed<35,15,5,3,0>,sigmoid_config1> | return value |
|ap_return_26      | out |   35| ap_ctrl_hs | relu<ap_fixed,ap_fixed<35,15,5,3,0>,sigmoid_config1> | return value |
|ap_return_27      | out |   35| ap_ctrl_hs | relu<ap_fixed,ap_fixed<35,15,5,3,0>,sigmoid_config1> | return value |
|ap_return_28      | out |   35| ap_ctrl_hs | relu<ap_fixed,ap_fixed<35,15,5,3,0>,sigmoid_config1> | return value |
|ap_return_29      | out |   35| ap_ctrl_hs | relu<ap_fixed,ap_fixed<35,15,5,3,0>,sigmoid_config1> | return value |
|ap_return_30      | out |   35| ap_ctrl_hs | relu<ap_fixed,ap_fixed<35,15,5,3,0>,sigmoid_config1> | return value |
|ap_return_31      | out |   35| ap_ctrl_hs | relu<ap_fixed,ap_fixed<35,15,5,3,0>,sigmoid_config1> | return value |
|ap_return_32      | out |   35| ap_ctrl_hs | relu<ap_fixed,ap_fixed<35,15,5,3,0>,sigmoid_config1> | return value |
|ap_return_33      | out |   35| ap_ctrl_hs | relu<ap_fixed,ap_fixed<35,15,5,3,0>,sigmoid_config1> | return value |
|ap_return_34      | out |   35| ap_ctrl_hs | relu<ap_fixed,ap_fixed<35,15,5,3,0>,sigmoid_config1> | return value |
|ap_return_35      | out |   35| ap_ctrl_hs | relu<ap_fixed,ap_fixed<35,15,5,3,0>,sigmoid_config1> | return value |
|ap_return_36      | out |   35| ap_ctrl_hs | relu<ap_fixed,ap_fixed<35,15,5,3,0>,sigmoid_config1> | return value |
|ap_return_37      | out |   35| ap_ctrl_hs | relu<ap_fixed,ap_fixed<35,15,5,3,0>,sigmoid_config1> | return value |
|ap_return_38      | out |   35| ap_ctrl_hs | relu<ap_fixed,ap_fixed<35,15,5,3,0>,sigmoid_config1> | return value |
|ap_return_39      | out |   35| ap_ctrl_hs | relu<ap_fixed,ap_fixed<35,15,5,3,0>,sigmoid_config1> | return value |
|ap_return_40      | out |   35| ap_ctrl_hs | relu<ap_fixed,ap_fixed<35,15,5,3,0>,sigmoid_config1> | return value |
|ap_return_41      | out |   35| ap_ctrl_hs | relu<ap_fixed,ap_fixed<35,15,5,3,0>,sigmoid_config1> | return value |
|ap_return_42      | out |   35| ap_ctrl_hs | relu<ap_fixed,ap_fixed<35,15,5,3,0>,sigmoid_config1> | return value |
|ap_return_43      | out |   35| ap_ctrl_hs | relu<ap_fixed,ap_fixed<35,15,5,3,0>,sigmoid_config1> | return value |
|ap_return_44      | out |   35| ap_ctrl_hs | relu<ap_fixed,ap_fixed<35,15,5,3,0>,sigmoid_config1> | return value |
|ap_return_45      | out |   35| ap_ctrl_hs | relu<ap_fixed,ap_fixed<35,15,5,3,0>,sigmoid_config1> | return value |
|ap_return_46      | out |   35| ap_ctrl_hs | relu<ap_fixed,ap_fixed<35,15,5,3,0>,sigmoid_config1> | return value |
|ap_return_47      | out |   35| ap_ctrl_hs | relu<ap_fixed,ap_fixed<35,15,5,3,0>,sigmoid_config1> | return value |
|ap_return_48      | out |   35| ap_ctrl_hs | relu<ap_fixed,ap_fixed<35,15,5,3,0>,sigmoid_config1> | return value |
|ap_return_49      | out |   35| ap_ctrl_hs | relu<ap_fixed,ap_fixed<35,15,5,3,0>,sigmoid_config1> | return value |
|ap_return_50      | out |   35| ap_ctrl_hs | relu<ap_fixed,ap_fixed<35,15,5,3,0>,sigmoid_config1> | return value |
|ap_return_51      | out |   35| ap_ctrl_hs | relu<ap_fixed,ap_fixed<35,15,5,3,0>,sigmoid_config1> | return value |
|ap_return_52      | out |   35| ap_ctrl_hs | relu<ap_fixed,ap_fixed<35,15,5,3,0>,sigmoid_config1> | return value |
|ap_return_53      | out |   35| ap_ctrl_hs | relu<ap_fixed,ap_fixed<35,15,5,3,0>,sigmoid_config1> | return value |
|ap_return_54      | out |   35| ap_ctrl_hs | relu<ap_fixed,ap_fixed<35,15,5,3,0>,sigmoid_config1> | return value |
|ap_return_55      | out |   35| ap_ctrl_hs | relu<ap_fixed,ap_fixed<35,15,5,3,0>,sigmoid_config1> | return value |
|ap_return_56      | out |   35| ap_ctrl_hs | relu<ap_fixed,ap_fixed<35,15,5,3,0>,sigmoid_config1> | return value |
|ap_return_57      | out |   35| ap_ctrl_hs | relu<ap_fixed,ap_fixed<35,15,5,3,0>,sigmoid_config1> | return value |
|ap_return_58      | out |   35| ap_ctrl_hs | relu<ap_fixed,ap_fixed<35,15,5,3,0>,sigmoid_config1> | return value |
|ap_return_59      | out |   35| ap_ctrl_hs | relu<ap_fixed,ap_fixed<35,15,5,3,0>,sigmoid_config1> | return value |
|ap_return_60      | out |   35| ap_ctrl_hs | relu<ap_fixed,ap_fixed<35,15,5,3,0>,sigmoid_config1> | return value |
|ap_return_61      | out |   35| ap_ctrl_hs | relu<ap_fixed,ap_fixed<35,15,5,3,0>,sigmoid_config1> | return value |
|ap_return_62      | out |   35| ap_ctrl_hs | relu<ap_fixed,ap_fixed<35,15,5,3,0>,sigmoid_config1> | return value |
|ap_return_63      | out |   35| ap_ctrl_hs | relu<ap_fixed,ap_fixed<35,15,5,3,0>,sigmoid_config1> | return value |
|data_0_0_V_read   |  in |   35|   ap_none  |                    data_0_0_V_read                   |    scalar    |
|data_0_1_V_read   |  in |   35|   ap_none  |                    data_0_1_V_read                   |    scalar    |
|data_1_0_V_read   |  in |   35|   ap_none  |                    data_1_0_V_read                   |    scalar    |
|data_1_1_V_read   |  in |   35|   ap_none  |                    data_1_1_V_read                   |    scalar    |
|data_2_0_V_read   |  in |   35|   ap_none  |                    data_2_0_V_read                   |    scalar    |
|data_2_1_V_read   |  in |   35|   ap_none  |                    data_2_1_V_read                   |    scalar    |
|data_3_0_V_read   |  in |   35|   ap_none  |                    data_3_0_V_read                   |    scalar    |
|data_3_1_V_read   |  in |   35|   ap_none  |                    data_3_1_V_read                   |    scalar    |
|data_4_0_V_read   |  in |   35|   ap_none  |                    data_4_0_V_read                   |    scalar    |
|data_4_1_V_read   |  in |   35|   ap_none  |                    data_4_1_V_read                   |    scalar    |
|data_5_0_V_read   |  in |   35|   ap_none  |                    data_5_0_V_read                   |    scalar    |
|data_5_1_V_read   |  in |   35|   ap_none  |                    data_5_1_V_read                   |    scalar    |
|data_6_0_V_read   |  in |   35|   ap_none  |                    data_6_0_V_read                   |    scalar    |
|data_6_1_V_read   |  in |   35|   ap_none  |                    data_6_1_V_read                   |    scalar    |
|data_7_0_V_read   |  in |   35|   ap_none  |                    data_7_0_V_read                   |    scalar    |
|data_7_1_V_read   |  in |   35|   ap_none  |                    data_7_1_V_read                   |    scalar    |
|data_8_0_V_read   |  in |   35|   ap_none  |                    data_8_0_V_read                   |    scalar    |
|data_8_1_V_read   |  in |   35|   ap_none  |                    data_8_1_V_read                   |    scalar    |
|data_9_0_V_read   |  in |   35|   ap_none  |                    data_9_0_V_read                   |    scalar    |
|data_9_1_V_read   |  in |   35|   ap_none  |                    data_9_1_V_read                   |    scalar    |
|data_10_0_V_read  |  in |   35|   ap_none  |                   data_10_0_V_read                   |    scalar    |
|data_10_1_V_read  |  in |   35|   ap_none  |                   data_10_1_V_read                   |    scalar    |
|data_11_0_V_read  |  in |   35|   ap_none  |                   data_11_0_V_read                   |    scalar    |
|data_11_1_V_read  |  in |   35|   ap_none  |                   data_11_1_V_read                   |    scalar    |
|data_12_0_V_read  |  in |   35|   ap_none  |                   data_12_0_V_read                   |    scalar    |
|data_12_1_V_read  |  in |   35|   ap_none  |                   data_12_1_V_read                   |    scalar    |
|data_13_0_V_read  |  in |   35|   ap_none  |                   data_13_0_V_read                   |    scalar    |
|data_13_1_V_read  |  in |   35|   ap_none  |                   data_13_1_V_read                   |    scalar    |
|data_14_0_V_read  |  in |   35|   ap_none  |                   data_14_0_V_read                   |    scalar    |
|data_14_1_V_read  |  in |   35|   ap_none  |                   data_14_1_V_read                   |    scalar    |
|data_15_0_V_read  |  in |   35|   ap_none  |                   data_15_0_V_read                   |    scalar    |
|data_15_1_V_read  |  in |   35|   ap_none  |                   data_15_1_V_read                   |    scalar    |
|data_16_0_V_read  |  in |   35|   ap_none  |                   data_16_0_V_read                   |    scalar    |
|data_16_1_V_read  |  in |   35|   ap_none  |                   data_16_1_V_read                   |    scalar    |
|data_17_0_V_read  |  in |   35|   ap_none  |                   data_17_0_V_read                   |    scalar    |
|data_17_1_V_read  |  in |   35|   ap_none  |                   data_17_1_V_read                   |    scalar    |
|data_18_0_V_read  |  in |   35|   ap_none  |                   data_18_0_V_read                   |    scalar    |
|data_18_1_V_read  |  in |   35|   ap_none  |                   data_18_1_V_read                   |    scalar    |
|data_19_0_V_read  |  in |   35|   ap_none  |                   data_19_0_V_read                   |    scalar    |
|data_19_1_V_read  |  in |   35|   ap_none  |                   data_19_1_V_read                   |    scalar    |
|data_20_0_V_read  |  in |   35|   ap_none  |                   data_20_0_V_read                   |    scalar    |
|data_20_1_V_read  |  in |   35|   ap_none  |                   data_20_1_V_read                   |    scalar    |
|data_21_0_V_read  |  in |   35|   ap_none  |                   data_21_0_V_read                   |    scalar    |
|data_21_1_V_read  |  in |   35|   ap_none  |                   data_21_1_V_read                   |    scalar    |
|data_22_0_V_read  |  in |   35|   ap_none  |                   data_22_0_V_read                   |    scalar    |
|data_22_1_V_read  |  in |   35|   ap_none  |                   data_22_1_V_read                   |    scalar    |
|data_23_0_V_read  |  in |   35|   ap_none  |                   data_23_0_V_read                   |    scalar    |
|data_23_1_V_read  |  in |   35|   ap_none  |                   data_23_1_V_read                   |    scalar    |
|data_24_0_V_read  |  in |   35|   ap_none  |                   data_24_0_V_read                   |    scalar    |
|data_24_1_V_read  |  in |   35|   ap_none  |                   data_24_1_V_read                   |    scalar    |
|data_25_0_V_read  |  in |   35|   ap_none  |                   data_25_0_V_read                   |    scalar    |
|data_25_1_V_read  |  in |   35|   ap_none  |                   data_25_1_V_read                   |    scalar    |
|data_26_0_V_read  |  in |   35|   ap_none  |                   data_26_0_V_read                   |    scalar    |
|data_26_1_V_read  |  in |   35|   ap_none  |                   data_26_1_V_read                   |    scalar    |
|data_27_0_V_read  |  in |   35|   ap_none  |                   data_27_0_V_read                   |    scalar    |
|data_27_1_V_read  |  in |   35|   ap_none  |                   data_27_1_V_read                   |    scalar    |
|data_28_0_V_read  |  in |   35|   ap_none  |                   data_28_0_V_read                   |    scalar    |
|data_28_1_V_read  |  in |   35|   ap_none  |                   data_28_1_V_read                   |    scalar    |
|data_29_0_V_read  |  in |   35|   ap_none  |                   data_29_0_V_read                   |    scalar    |
|data_29_1_V_read  |  in |   35|   ap_none  |                   data_29_1_V_read                   |    scalar    |
|data_30_0_V_read  |  in |   35|   ap_none  |                   data_30_0_V_read                   |    scalar    |
|data_30_1_V_read  |  in |   35|   ap_none  |                   data_30_1_V_read                   |    scalar    |
|data_31_0_V_read  |  in |   35|   ap_none  |                   data_31_0_V_read                   |    scalar    |
|data_31_1_V_read  |  in |   35|   ap_none  |                   data_31_1_V_read                   |    scalar    |
|data_V_offset     |  in |    1|   ap_none  |                     data_V_offset                    |    scalar    |
|res_0_0_V_read    |  in |   35|   ap_none  |                    res_0_0_V_read                    |    scalar    |
|res_0_1_V_read    |  in |   35|   ap_none  |                    res_0_1_V_read                    |    scalar    |
|res_1_0_V_read    |  in |   35|   ap_none  |                    res_1_0_V_read                    |    scalar    |
|res_1_1_V_read    |  in |   35|   ap_none  |                    res_1_1_V_read                    |    scalar    |
|res_2_0_V_read    |  in |   35|   ap_none  |                    res_2_0_V_read                    |    scalar    |
|res_2_1_V_read    |  in |   35|   ap_none  |                    res_2_1_V_read                    |    scalar    |
|res_3_0_V_read    |  in |   35|   ap_none  |                    res_3_0_V_read                    |    scalar    |
|res_3_1_V_read    |  in |   35|   ap_none  |                    res_3_1_V_read                    |    scalar    |
|res_4_0_V_read    |  in |   35|   ap_none  |                    res_4_0_V_read                    |    scalar    |
|res_4_1_V_read    |  in |   35|   ap_none  |                    res_4_1_V_read                    |    scalar    |
|res_5_0_V_read    |  in |   35|   ap_none  |                    res_5_0_V_read                    |    scalar    |
|res_5_1_V_read    |  in |   35|   ap_none  |                    res_5_1_V_read                    |    scalar    |
|res_6_0_V_read    |  in |   35|   ap_none  |                    res_6_0_V_read                    |    scalar    |
|res_6_1_V_read    |  in |   35|   ap_none  |                    res_6_1_V_read                    |    scalar    |
|res_7_0_V_read    |  in |   35|   ap_none  |                    res_7_0_V_read                    |    scalar    |
|res_7_1_V_read    |  in |   35|   ap_none  |                    res_7_1_V_read                    |    scalar    |
|res_8_0_V_read    |  in |   35|   ap_none  |                    res_8_0_V_read                    |    scalar    |
|res_8_1_V_read    |  in |   35|   ap_none  |                    res_8_1_V_read                    |    scalar    |
|res_9_0_V_read    |  in |   35|   ap_none  |                    res_9_0_V_read                    |    scalar    |
|res_9_1_V_read    |  in |   35|   ap_none  |                    res_9_1_V_read                    |    scalar    |
|res_10_0_V_read   |  in |   35|   ap_none  |                    res_10_0_V_read                   |    scalar    |
|res_10_1_V_read   |  in |   35|   ap_none  |                    res_10_1_V_read                   |    scalar    |
|res_11_0_V_read   |  in |   35|   ap_none  |                    res_11_0_V_read                   |    scalar    |
|res_11_1_V_read   |  in |   35|   ap_none  |                    res_11_1_V_read                   |    scalar    |
|res_12_0_V_read   |  in |   35|   ap_none  |                    res_12_0_V_read                   |    scalar    |
|res_12_1_V_read   |  in |   35|   ap_none  |                    res_12_1_V_read                   |    scalar    |
|res_13_0_V_read   |  in |   35|   ap_none  |                    res_13_0_V_read                   |    scalar    |
|res_13_1_V_read   |  in |   35|   ap_none  |                    res_13_1_V_read                   |    scalar    |
|res_14_0_V_read   |  in |   35|   ap_none  |                    res_14_0_V_read                   |    scalar    |
|res_14_1_V_read   |  in |   35|   ap_none  |                    res_14_1_V_read                   |    scalar    |
|res_15_0_V_read   |  in |   35|   ap_none  |                    res_15_0_V_read                   |    scalar    |
|res_15_1_V_read   |  in |   35|   ap_none  |                    res_15_1_V_read                   |    scalar    |
|res_16_0_V_read   |  in |   35|   ap_none  |                    res_16_0_V_read                   |    scalar    |
|res_16_1_V_read   |  in |   35|   ap_none  |                    res_16_1_V_read                   |    scalar    |
|res_17_0_V_read   |  in |   35|   ap_none  |                    res_17_0_V_read                   |    scalar    |
|res_17_1_V_read   |  in |   35|   ap_none  |                    res_17_1_V_read                   |    scalar    |
|res_18_0_V_read   |  in |   35|   ap_none  |                    res_18_0_V_read                   |    scalar    |
|res_18_1_V_read   |  in |   35|   ap_none  |                    res_18_1_V_read                   |    scalar    |
|res_19_0_V_read   |  in |   35|   ap_none  |                    res_19_0_V_read                   |    scalar    |
|res_19_1_V_read   |  in |   35|   ap_none  |                    res_19_1_V_read                   |    scalar    |
|res_20_0_V_read   |  in |   35|   ap_none  |                    res_20_0_V_read                   |    scalar    |
|res_20_1_V_read   |  in |   35|   ap_none  |                    res_20_1_V_read                   |    scalar    |
|res_21_0_V_read   |  in |   35|   ap_none  |                    res_21_0_V_read                   |    scalar    |
|res_21_1_V_read   |  in |   35|   ap_none  |                    res_21_1_V_read                   |    scalar    |
|res_22_0_V_read   |  in |   35|   ap_none  |                    res_22_0_V_read                   |    scalar    |
|res_22_1_V_read   |  in |   35|   ap_none  |                    res_22_1_V_read                   |    scalar    |
|res_23_0_V_read   |  in |   35|   ap_none  |                    res_23_0_V_read                   |    scalar    |
|res_23_1_V_read   |  in |   35|   ap_none  |                    res_23_1_V_read                   |    scalar    |
|res_24_0_V_read   |  in |   35|   ap_none  |                    res_24_0_V_read                   |    scalar    |
|res_24_1_V_read   |  in |   35|   ap_none  |                    res_24_1_V_read                   |    scalar    |
|res_25_0_V_read   |  in |   35|   ap_none  |                    res_25_0_V_read                   |    scalar    |
|res_25_1_V_read   |  in |   35|   ap_none  |                    res_25_1_V_read                   |    scalar    |
|res_26_0_V_read   |  in |   35|   ap_none  |                    res_26_0_V_read                   |    scalar    |
|res_26_1_V_read   |  in |   35|   ap_none  |                    res_26_1_V_read                   |    scalar    |
|res_27_0_V_read   |  in |   35|   ap_none  |                    res_27_0_V_read                   |    scalar    |
|res_27_1_V_read   |  in |   35|   ap_none  |                    res_27_1_V_read                   |    scalar    |
|res_28_0_V_read   |  in |   35|   ap_none  |                    res_28_0_V_read                   |    scalar    |
|res_28_1_V_read   |  in |   35|   ap_none  |                    res_28_1_V_read                   |    scalar    |
|res_29_0_V_read   |  in |   35|   ap_none  |                    res_29_0_V_read                   |    scalar    |
|res_29_1_V_read   |  in |   35|   ap_none  |                    res_29_1_V_read                   |    scalar    |
|res_30_0_V_read   |  in |   35|   ap_none  |                    res_30_0_V_read                   |    scalar    |
|res_30_1_V_read   |  in |   35|   ap_none  |                    res_30_1_V_read                   |    scalar    |
|res_31_0_V_read   |  in |   35|   ap_none  |                    res_31_0_V_read                   |    scalar    |
|res_31_1_V_read   |  in |   35|   ap_none  |                    res_31_1_V_read                   |    scalar    |
|res_V_offset      |  in |    1|   ap_none  |                     res_V_offset                     |    scalar    |
+------------------+-----+-----+------------+------------------------------------------------------+--------------+

